17:04:55 HUB
17:05:40 NONE
17:05:41 PRIVATE_ISLAND
17:07:34 NONE
17:07:35 DUNGEON_HUB
17:08:57 NONE
17:08:58 CATACOMBS
17:15:15 NONE
17:15:15 CATACOMBS
17:22:00 NONE
17:22:01 DUNGEON_HUB
17:25:40 NONE
17:25:41 HUB
17:26:32 NONE
17:26:41 HUB
17:30:51 NONE
17:30:52 PRIVATE_ISLAND
17:44:28 NONE
17:44:29 DUNGEON_HUB
17:46:09 NONE
17:46:10 PRIVATE_ISLAND
17:52:16 NONE
17:52:21 PRIVATE_ISLAND
17:55:37 NONE
17:55:38 CRYSTAL_HOLLOWS
18:00:02 NONE
18:00:02 PRIVATE_ISLAND
18:00:06 NONE
18:00:06 CRYSTAL_HOLLOWS
18:00:23 NONE
18:00:24 PRIVATE_ISLAND
18:00:27 NONE
18:00:27 CRYSTAL_HOLLOWS
18:01:59 NONE
18:02:00 PRIVATE_ISLAND
18:02:04 NONE
18:02:05 CRYSTAL_HOLLOWS
18:03:31 NONE
18:03:35 DWARVEN_MINES
18:04:04 CRYSTAL_HOLLOWS
18:06:21 NONE
18:06:21 PRIVATE_ISLAND
