18:52:37 §f                                  §6§lBESTIARY
18:52:37 §f                            §b§lCatfish §7§8VII §8➡§b §bVIII
18:52:37 
18:52:37 §f                                  §r§6§lREWARDS
18:52:37 §f                          §r§8+§r§a3 Catfish §r§b✯ Magic Find
18:52:37 §f                          §r§8+§r§a3 Catfish §r§c❁ Strength
18:52:37 §f                              §r§8+§r§62% §r§aCatfish §r§7coins
18:52:37 §f                    §r§8+§r§a50% §r§7chance for extra XP orbs
18:52:37 §f                               §r§8+§r§b1 SkyBlock XP
18:52:37 
18:52:37 §3§l▬▬▬▬▬▬▬▬▬▬▬▬▬▬▬▬▬▬▬▬▬▬▬▬▬▬▬▬▬▬▬▬▬▬▬▬▬▬▬▬▬▬▬▬▬▬▬▬▬▬▬▬▬▬▬▬▬▬▬▬▬▬▬▬
18:53:05 §f                                  §6§lBESTIARY
18:53:05 §f                            §b§lSea Leech §7§8IV §8➡§b §bV
18:53:05 
18:53:05 §f                                  §r§6§lREWARDS
18:53:05 §f                       §r§8+§r§a2 Sea Leech §r§b✯ Magic Find
18:53:05 §f                        §r§8+§r§a2 Sea Leech §r§c❁ Strength
18:53:05 §f                           §r§8+§r§62% §r§aSea Leech §r§7coins
18:53:05 §f                    §r§8+§r§a50% §r§7chance for extra XP orbs
18:53:05 §f                               §r§8+§r§b1 SkyBlock XP
18:53:05 
18:53:05   §r§f                         §6§lBESTIARY MILESTONE
18:53:05   §r§f                                    §8CV➡§eCVI
18:53:05 
18:53:05 §3§l▬▬▬▬▬▬▬▬▬▬▬▬▬▬▬▬▬▬▬▬▬▬▬▬▬▬▬▬▬▬▬▬▬▬▬▬▬▬▬▬▬▬▬▬▬▬▬▬▬▬▬▬▬▬▬▬▬▬▬▬▬▬▬▬
18:53:10 §f                                  §6§lBESTIARY
18:53:10 §f                            §b§lSea Witch §7§8VI §8➡§b §bVII
18:53:10 
18:53:10 §f                                  §r§6§lREWARDS
18:53:10 §f                        §r§8+§r§a3 Sea Witch §r§b✯ Magic Find
18:53:10 §f                         §r§8+§r§a3 Sea Witch §r§c❁ Strength
18:53:10 §f                            §r§8+§r§62% §r§aSea Witch §r§7coins
18:53:10 §f                    §r§8+§r§a50% §r§7chance for extra XP orbs
18:53:10 §f                               §r§8+§r§b1 SkyBlock XP
18:53:10 
18:53:10 §3§l▬▬▬▬▬▬▬▬▬▬▬▬▬▬▬▬▬▬▬▬▬▬▬▬▬▬▬▬▬▬▬▬▬▬▬▬▬▬▬▬▬▬▬▬▬▬▬▬▬▬▬▬▬▬▬▬▬▬▬▬▬▬▬▬
18:54:31 §f                                  §6§lBESTIARY
18:54:31 §f                     §b§lGuardian Defender §7§8III §8➡§b §bIV
18:54:31 
18:54:31 §f                                  §r§6§lREWARDS
18:54:31 §f                  §r§8+§r§a2 Guardian Defender §r§b✯ Magic Find
18:54:31 §f                   §r§8+§r§a2 Guardian Defender §r§c❁ Strength
18:54:31 §f                      §r§8+§r§62% §r§aGuardian Defender §r§7coins
18:54:31 §f                    §r§8+§r§a50% §r§7chance for extra XP orbs
18:54:31 §f                               §r§8+§r§b1 SkyBlock XP
18:54:31 
18:54:31 §3§l▬▬▬▬▬▬▬▬▬▬▬▬▬▬▬▬▬▬▬▬▬▬▬▬▬▬▬▬▬▬▬▬▬▬▬▬▬▬▬▬▬▬▬▬▬▬▬▬▬▬▬▬▬▬▬▬▬▬▬▬▬▬▬▬
18:54:31 §f                                  §6§lBESTIARY
18:54:31 §f                    §b§lDeep Sea Protector §7§8III §8➡§b §bIV
18:54:31 
18:54:31 §f                                  §r§6§lREWARDS
18:54:31 §f                 §r§8+§r§a2 Deep Sea Protector §r§b✯ Magic Find
18:54:31 §f                  §r§8+§r§a2 Deep Sea Protector §r§c❁ Strength
18:54:31 §f                     §r§8+§r§62% §r§aDeep Sea Protector §r§7coins
18:54:31 §f                    §r§8+§r§a50% §r§7chance for extra XP orbs
18:54:31 §f                               §r§8+§r§b1 SkyBlock XP
18:54:31 
18:54:31 §3§l▬▬▬▬▬▬▬▬▬▬▬▬▬▬▬▬▬▬▬▬▬▬▬▬▬▬▬▬▬▬▬▬▬▬▬▬▬▬▬▬▬▬▬▬▬▬▬▬▬▬▬▬▬▬▬▬▬▬▬▬▬▬▬▬
18:54:45 §f                                  §6§lBESTIARY
18:54:45 §f                            §b§lSea Leech §7§8V §8➡§b §bVI
18:54:45 
18:54:45 §f                                  §r§6§lREWARDS
18:54:45 §f                       §r§8+§r§a3 Sea Leech §r§b✯ Magic Find
18:54:45 §f                        §r§8+§r§a3 Sea Leech §r§c❁ Strength
18:54:45 §f                           §r§8+§r§62% §r§aSea Leech §r§7coins
18:54:45 §f                    §r§8+§r§a50% §r§7chance for extra XP orbs
18:54:45 §f                               §r§8+§r§b1 SkyBlock XP
18:54:45 
18:54:45 §3§l▬▬▬▬▬▬▬▬▬▬▬▬▬▬▬▬▬▬▬▬▬▬▬▬▬▬▬▬▬▬▬▬▬▬▬▬▬▬▬▬▬▬▬▬▬▬▬▬▬▬▬▬▬▬▬▬▬▬▬▬▬▬▬▬
18:55:05 §f                                  §6§lBESTIARY
18:55:05 §f                             §b§lGrinch §7§8VII §8➡§b §bVIII
18:55:05 
18:55:05 §f                                  §r§6§lREWARDS
18:55:05 §f                          §r§8+§r§a3 Grinch §r§b✯ Magic Find
18:55:05 §f                           §r§8+§r§a3 Grinch §r§c❁ Strength
18:55:05 §f                              §r§8+§r§62% §r§aGrinch §r§7coins
18:55:05 §f                    §r§8+§r§a50% §r§7chance for extra XP orbs
18:55:05 §f                               §r§8+§r§b1 SkyBlock XP
18:55:05 
18:55:05 §3§l▬▬▬▬▬▬▬▬▬▬▬▬▬▬▬▬▬▬▬▬▬▬▬▬▬▬▬▬▬▬▬▬▬▬▬▬▬▬▬▬▬▬▬▬▬▬▬▬▬▬▬▬▬▬▬▬▬▬▬▬▬▬▬▬
18:55:25 §f                                  §6§lBESTIARY
18:55:25 §f                          §b§lNutcracker §7§8VI §8➡§b §bVII
18:55:25 
18:55:25 §f                                  §r§6§lREWARDS
18:55:25 §f                       §r§8+§r§a3 Nutcracker §r§b✯ Magic Find
18:55:25 §f                        §r§8+§r§a3 Nutcracker §r§c❁ Strength
18:55:25 §f                           §r§8+§r§62% §r§aNutcracker §r§7coins
18:55:25 §f                    §r§8+§r§a50% §r§7chance for extra XP orbs
18:55:25 §f                               §r§8+§r§b1 SkyBlock XP
18:55:25 
18:55:25 §3§l▬▬▬▬▬▬▬▬▬▬▬▬▬▬▬▬▬▬▬▬▬▬▬▬▬▬▬▬▬▬▬▬▬▬▬▬▬▬▬▬▬▬▬▬▬▬▬▬▬▬▬▬▬▬▬▬▬▬▬▬▬▬▬▬
18:55:39 §f                                  §6§lBESTIARY
18:55:39 §f                           §b§lSea Walker §7§8VI §8➡§b §bVII
18:55:39 
18:55:39 §f                                  §r§6§lREWARDS
18:55:39 §f                       §r§8+§r§a3 Sea Walker §r§b✯ Magic Find
18:55:39 §f                        §r§8+§r§a3 Sea Walker §r§c❁ Strength
18:55:39 §f                           §r§8+§r§62% §r§aSea Walker §r§7coins
18:55:39 §f                    §r§8+§r§a50% §r§7chance for extra XP orbs
18:55:39 §f                               §r§8+§r§b1 SkyBlock XP
18:55:39 
18:55:39 §3§l▬▬▬▬▬▬▬▬▬▬▬▬▬▬▬▬▬▬▬▬▬▬▬▬▬▬▬▬▬▬▬▬▬▬▬▬▬▬▬▬▬▬▬▬▬▬▬▬▬▬▬▬▬▬▬▬▬▬▬▬▬▬▬▬
18:56:38 §f                                  §6§lBESTIARY
18:56:38 §f                                 §b§lYeti §7§8V §8➡§b §bVI
18:56:38 
18:56:38 §f                                  §r§6§lREWARDS
18:56:38 §f                            §r§8+§r§a3 Yeti §r§b✯ Magic Find
18:56:38 §f                            §r§8+§r§a3 Yeti §r§c❁ Strength
18:56:38 §f                                §r§8+§r§62% §r§aYeti §r§7coins
18:56:38 §f                    §r§8+§r§a50% §r§7chance for extra XP orbs
18:56:38 §f                               §r§8+§r§b1 SkyBlock XP
18:56:38 
18:56:38 §3§l▬▬▬▬▬▬▬▬▬▬▬▬▬▬▬▬▬▬▬▬▬▬▬▬▬▬▬▬▬▬▬▬▬▬▬▬▬▬▬▬▬▬▬▬▬▬▬▬▬▬▬▬▬▬▬▬▬▬▬▬▬▬▬▬
18:56:51 §f                                  §6§lBESTIARY
18:56:51 §f                        §b§lFrozen Steve §7§8VII §8➡§b §bVIII
18:56:51 
18:56:51 §f                                  §r§6§lREWARDS
18:56:51 §f                     §r§8+§r§a3 Frozen Steve §r§b✯ Magic Find
18:56:51 §f                      §r§8+§r§a3 Frozen Steve §r§c❁ Strength
18:56:51 §f                         §r§8+§r§62% §r§aFrozen Steve §r§7coins
18:56:51 §f                    §r§8+§r§a50% §r§7chance for extra XP orbs
18:56:51 §f                               §r§8+§r§b1 SkyBlock XP
18:56:51 
18:56:51 §3§l▬▬▬▬▬▬▬▬▬▬▬▬▬▬▬▬▬▬▬▬▬▬▬▬▬▬▬▬▬▬▬▬▬▬▬▬▬▬▬▬▬▬▬▬▬▬▬▬▬▬▬▬▬▬▬▬▬▬▬▬▬▬▬▬
18:58:34 §f                                  §6§lBESTIARY
18:58:34 §f                      §b§lGuardian Defender §7§8IV §8➡§b §bV
18:58:34 
18:58:34 §f                                  §r§6§lREWARDS
18:58:34 §f                  §r§8+§r§a2 Guardian Defender §r§b✯ Magic Find
18:58:34 §f                   §r§8+§r§a2 Guardian Defender §r§c❁ Strength
18:58:34 §f                      §r§8+§r§62% §r§aGuardian Defender §r§7coins
18:58:34 §f                    §r§8+§r§a50% §r§7chance for extra XP orbs
18:58:34 §f                               §r§8+§r§b1 SkyBlock XP
18:58:34 
18:58:34   §r§f                         §6§lBESTIARY MILESTONE
18:58:34   §r§f                                   §8CVI➡§eCVII
18:58:34 
18:58:34 §3§l▬▬▬▬▬▬▬▬▬▬▬▬▬▬▬▬▬▬▬▬▬▬▬▬▬▬▬▬▬▬▬▬▬▬▬▬▬▬▬▬▬▬▬▬▬▬▬▬▬▬▬▬▬▬▬▬▬▬▬▬▬▬▬▬
18:59:55 §f                                  §6§lBESTIARY
18:59:55 §f                          §b§lSea Archer §7§8VI §8➡§b §bVII
18:59:55 
18:59:55 §f                                  §r§6§lREWARDS
18:59:55 §f                       §r§8+§r§a3 Sea Archer §r§b✯ Magic Find
18:59:55 §f                       §r§8+§r§a3 Sea Archer §r§c❁ Strength
18:59:55 §f                           §r§8+§r§62% §r§aSea Archer §r§7coins
18:59:55 §f                    §r§8+§r§a50% §r§7chance for extra XP orbs
18:59:55 §f                               §r§8+§r§b1 SkyBlock XP
18:59:55 
18:59:55 §3§l▬▬▬▬▬▬▬▬▬▬▬▬▬▬▬▬▬▬▬▬▬▬▬▬▬▬▬▬▬▬▬▬▬▬▬▬▬▬▬▬▬▬▬▬▬▬▬▬▬▬▬▬▬▬▬▬▬▬▬▬▬▬▬▬
19:00:03 §f                                  §6§lBESTIARY
19:00:03 §f                             §b§lGrinch §7§8VIII §8➡§b §bIX
19:00:03 
19:00:03 §f                                  §r§6§lREWARDS
19:00:03 §f                          §r§8+§r§a3 Grinch §r§b✯ Magic Find
19:00:03 §f                           §r§8+§r§a3 Grinch §r§c❁ Strength
19:00:03 §f                              §r§8+§r§62% §r§aGrinch §r§7coins
19:00:03 §f                    §r§8+§r§a50% §r§7chance for extra XP orbs
19:00:03 §f                               §r§8+§r§b1 SkyBlock XP
19:00:03 
19:00:03 §3§l▬▬▬▬▬▬▬▬▬▬▬▬▬▬▬▬▬▬▬▬▬▬▬▬▬▬▬▬▬▬▬▬▬▬▬▬▬▬▬▬▬▬▬▬▬▬▬▬▬▬▬▬▬▬▬▬▬▬▬▬▬▬▬▬
19:00:09 §f                                  §6§lBESTIARY
19:00:09 §f                                §b§lSquid §7§8V §8➡§b §bVI
19:00:09 
19:00:09 §f                                  §r§6§lREWARDS
19:00:09 §f                           §r§8+§r§a3 Squid §r§b✯ Magic Find
19:00:09 §f                           §r§8+§r§a3 Squid §r§c❁ Strength
19:00:09 §f                               §r§8+§r§62% §r§aSquid §r§7coins
19:00:09 §f                    §r§8+§r§a50% §r§7chance for extra XP orbs
19:00:09 §f                               §r§8+§r§b1 SkyBlock XP
19:00:09 
19:00:09 §3§l▬▬▬▬▬▬▬▬▬▬▬▬▬▬▬▬▬▬▬▬▬▬▬▬▬▬▬▬▬▬▬▬▬▬▬▬▬▬▬▬▬▬▬▬▬▬▬▬▬▬▬▬▬▬▬▬▬▬▬▬▬▬▬▬
19:02:21 §f                                  §6§lBESTIARY
19:02:21 §f                         §b§lSea Guardian §7§8VI §8➡§b §bVII
19:02:21 
19:02:21 §f                                  §r§6§lREWARDS
19:02:21 §f                      §r§8+§r§a3 Sea Guardian §r§b✯ Magic Find
19:02:21 §f                      §r§8+§r§a3 Sea Guardian §r§c❁ Strength
19:02:21 §f                          §r§8+§r§62% §r§aSea Guardian §r§7coins
19:02:21 §f                    §r§8+§r§a50% §r§7chance for extra XP orbs
19:02:21 §f                               §r§8+§r§b1 SkyBlock XP
19:02:21 
19:02:21 §3§l▬▬▬▬▬▬▬▬▬▬▬▬▬▬▬▬▬▬▬▬▬▬▬▬▬▬▬▬▬▬▬▬▬▬▬▬▬▬▬▬▬▬▬▬▬▬▬▬▬▬▬▬▬▬▬▬▬▬▬▬▬▬▬▬
19:02:25 §f                                  §6§lBESTIARY
19:02:25 §f                           §b§lSea Leech §7§8VI §8➡§b §bVII
19:02:25 
19:02:25 §f                                  §r§6§lREWARDS
19:02:25 §f                       §r§8+§r§a3 Sea Leech §r§b✯ Magic Find
19:02:25 §f                        §r§8+§r§a3 Sea Leech §r§c❁ Strength
19:02:25 §f                           §r§8+§r§62% §r§aSea Leech §r§7coins
19:02:25 §f                    §r§8+§r§a50% §r§7chance for extra XP orbs
19:02:25 §f                               §r§8+§r§b1 SkyBlock XP
19:02:25 
19:02:25 §3§l▬▬▬▬▬▬▬▬▬▬▬▬▬▬▬▬▬▬▬▬▬▬▬▬▬▬▬▬▬▬▬▬▬▬▬▬▬▬▬▬▬▬▬▬▬▬▬▬▬▬▬▬▬▬▬▬▬▬▬▬▬▬▬▬
19:03:51 §f                                  §6§lBESTIARY
19:03:51 §f                        §b§lFrozen Steve §7§8VIII §8➡§b §bIX
19:03:51 
19:03:51 §f                                  §r§6§lREWARDS
19:03:51 §f                     §r§8+§r§a3 Frozen Steve §r§b✯ Magic Find
19:03:51 §f                      §r§8+§r§a3 Frozen Steve §r§c❁ Strength
19:03:51 §f                         §r§8+§r§62% §r§aFrozen Steve §r§7coins
19:03:51 §f                    §r§8+§r§a50% §r§7chance for extra XP orbs
19:03:51 §f                               §r§8+§r§b1 SkyBlock XP
19:03:51 
19:03:51 §3§l▬▬▬▬▬▬▬▬▬▬▬▬▬▬▬▬▬▬▬▬▬▬▬▬▬▬▬▬▬▬▬▬▬▬▬▬▬▬▬▬▬▬▬▬▬▬▬▬▬▬▬▬▬▬▬▬▬▬▬▬▬▬▬▬
19:03:52 §f                                  §6§lBESTIARY
19:03:52 §f                               §b§lCarrot King §7§bI
19:03:52 
19:03:52 §f                                  §r§6§lREWARDS
19:03:52 §f                       §r§8+§r§a2 Carrot King §r§b✯ Magic Find
19:03:52 §f                       §r§8+§r§a2 Carrot King §r§c❁ Strength
19:03:52 §f                           §r§8+§r§62% §r§aCarrot King §r§7coins
19:03:52 §f                    §r§8+§r§a50% §r§7chance for extra XP orbs
19:03:52 §f                               §r§8+§r§b1 SkyBlock XP
19:03:52 
19:03:52 §3§l▬▬▬▬▬▬▬▬▬▬▬▬▬▬▬▬▬▬▬▬▬▬▬▬▬▬▬▬▬▬▬▬▬▬▬▬▬▬▬▬▬▬▬▬▬▬▬▬▬▬▬▬▬▬▬▬▬▬▬▬▬▬▬▬
19:04:01 §f                                  §6§lBESTIARY
19:04:01 §f                      §b§lGuardian Defender §7§8V §8➡§b §bVI
19:04:01 
19:04:01 §f                                  §r§6§lREWARDS
19:04:01 §f                  §r§8+§r§a3 Guardian Defender §r§b✯ Magic Find
19:04:01 §f                   §r§8+§r§a3 Guardian Defender §r§c❁ Strength
19:04:01 §f                      §r§8+§r§62% §r§aGuardian Defender §r§7coins
19:04:01 §f                    §r§8+§r§a50% §r§7chance for extra XP orbs
19:04:01 §f                               §r§8+§r§b1 SkyBlock XP
19:04:01 
19:04:01 §3§l▬▬▬▬▬▬▬▬▬▬▬▬▬▬▬▬▬▬▬▬▬▬▬▬▬▬▬▬▬▬▬▬▬▬▬▬▬▬▬▬▬▬▬▬▬▬▬▬▬▬▬▬▬▬▬▬▬▬▬▬▬▬▬▬
19:04:55 §f                                  §6§lBESTIARY
19:04:55 §f                                §b§lYeti §7§8VI §8➡§b §bVII
19:04:55 
19:04:55 §f                                  §r§6§lREWARDS
19:04:55 §f                            §r§8+§r§a3 Yeti §r§b✯ Magic Find
19:04:55 §f                            §r§8+§r§a3 Yeti §r§c❁ Strength
19:04:55 §f                                §r§8+§r§62% §r§aYeti §r§7coins
19:04:55 §f                    §r§8+§r§a50% §r§7chance for extra XP orbs
19:04:55 §f                               §r§8+§r§b1 SkyBlock XP
19:04:55 
19:04:55 §3§l▬▬▬▬▬▬▬▬▬▬▬▬▬▬▬▬▬▬▬▬▬▬▬▬▬▬▬▬▬▬▬▬▬▬▬▬▬▬▬▬▬▬▬▬▬▬▬▬▬▬▬▬▬▬▬▬▬▬▬▬▬▬▬▬
19:05:38 §f                                  §6§lBESTIARY
19:05:38 §f                             §b§lFrosty §7§8VII §8➡§b §bVIII
19:05:38 
19:05:38 §f                                  §r§6§lREWARDS
19:05:38 §f                          §r§8+§r§a3 Frosty §r§b✯ Magic Find
19:05:38 §f                          §r§8+§r§a3 Frosty §r§c❁ Strength
19:05:38 §f                              §r§8+§r§62% §r§aFrosty §r§7coins
19:05:38 §f                    §r§8+§r§a50% §r§7chance for extra XP orbs
19:05:38 §f                               §r§8+§r§b1 SkyBlock XP
19:05:38 
19:05:38   §r§f                         §6§lBESTIARY MILESTONE
19:05:38   §r§f                                  §8CVII➡§eCVIII
19:05:38 
19:05:38 §3§l▬▬▬▬▬▬▬▬▬▬▬▬▬▬▬▬▬▬▬▬▬▬▬▬▬▬▬▬▬▬▬▬▬▬▬▬▬▬▬▬▬▬▬▬▬▬▬▬▬▬▬▬▬▬▬▬▬▬▬▬▬▬▬▬
19:06:37 §f                                  §6§lBESTIARY
19:06:37 §f                             §b§lCatfish §7§8VIII §8➡§b §bIX
19:06:37 
19:06:37 §f                                  §r§6§lREWARDS
19:06:37 §f                          §r§8+§r§a3 Catfish §r§b✯ Magic Find
19:06:37 §f                          §r§8+§r§a3 Catfish §r§c❁ Strength
19:06:37 §f                              §r§8+§r§62% §r§aCatfish §r§7coins
19:06:37 §f                    §r§8+§r§a50% §r§7chance for extra XP orbs
19:06:37 §f                               §r§8+§r§b1 SkyBlock XP
19:06:37 
19:06:37 §3§l▬▬▬▬▬▬▬▬▬▬▬▬▬▬▬▬▬▬▬▬▬▬▬▬▬▬▬▬▬▬▬▬▬▬▬▬▬▬▬▬▬▬▬▬▬▬▬▬▬▬▬▬▬▬▬▬▬▬▬▬▬▬▬▬
19:06:44 §f                                  §6§lBESTIARY
19:06:44 §f                               §b§lGrinch §7§8IX §8➡§b §bX
19:06:44 
19:06:44 §f                                  §r§6§lREWARDS
19:06:44 §f                          §r§8+§r§a3 Grinch §r§b✯ Magic Find
19:06:44 §f                           §r§8+§r§a3 Grinch §r§c❁ Strength
19:06:44 §f                              §r§8+§r§62% §r§aGrinch §r§7coins
19:06:44 §f                    §r§8+§r§a50% §r§7chance for extra XP orbs
19:06:44 §f                               §r§8+§r§b1 SkyBlock XP
19:06:44 
19:06:44 §3§l▬▬▬▬▬▬▬▬▬▬▬▬▬▬▬▬▬▬▬▬▬▬▬▬▬▬▬▬▬▬▬▬▬▬▬▬▬▬▬▬▬▬▬▬▬▬▬▬▬▬▬▬▬▬▬▬▬▬▬▬▬▬▬▬
19:06:53 §f                                  §6§lBESTIARY
19:06:53 §f                         §b§lNutcracker §7§8VII §8➡§b §bVIII
19:06:53 
19:06:53 §f                                  §r§6§lREWARDS
19:06:53 §f                       §r§8+§r§a3 Nutcracker §r§b✯ Magic Find
19:06:53 §f                        §r§8+§r§a3 Nutcracker §r§c❁ Strength
19:06:53 §f                           §r§8+§r§62% §r§aNutcracker §r§7coins
19:06:53 §f                    §r§8+§r§a50% §r§7chance for extra XP orbs
19:06:53 §f                               §r§8+§r§b1 SkyBlock XP
19:06:53 
19:06:53 §3§l▬▬▬▬▬▬▬▬▬▬▬▬▬▬▬▬▬▬▬▬▬▬▬▬▬▬▬▬▬▬▬▬▬▬▬▬▬▬▬▬▬▬▬▬▬▬▬▬▬▬▬▬▬▬▬▬▬▬▬▬▬▬▬▬
19:06:58 §f                                  §6§lBESTIARY
19:06:58 §f                           §b§lThe Sea Emperor §7§bI
19:06:58 
19:06:58 §f                                  §r§6§lREWARDS
19:06:58 §f                   §r§8+§r§a2 The Sea Emperor §r§b✯ Magic Find
19:06:58 §f                    §r§8+§r§a2 The Sea Emperor §r§c❁ Strength
19:06:58 §f                       §r§8+§r§62% §r§aThe Sea Emperor §r§7coins
19:06:58 §f                    §r§8+§r§a50% §r§7chance for extra XP orbs
19:06:58 §f                               §r§8+§r§b1 SkyBlock XP
19:06:58 
19:06:58 §3§l▬▬▬▬▬▬▬▬▬▬▬▬▬▬▬▬▬▬▬▬▬▬▬▬▬▬▬▬▬▬▬▬▬▬▬▬▬▬▬▬▬▬▬▬▬▬▬▬▬▬▬▬▬▬▬▬▬▬▬▬▬▬▬▬
19:08:15 §f                                  §6§lBESTIARY
19:08:15 §f                           §b§lCarrot King §7§8I §8➡§b §bII
19:08:15 
19:08:15 §f                                  §r§6§lREWARDS
19:08:15 §f                       §r§8+§r§a2 Carrot King §r§b✯ Magic Find
19:08:15 §f                       §r§8+§r§a2 Carrot King §r§c❁ Strength
19:08:15 §f                           §r§8+§r§62% §r§aCarrot King §r§7coins
19:08:15 §f                    §r§8+§r§a50% §r§7chance for extra XP orbs
19:08:15 §f                               §r§8+§r§b1 SkyBlock XP
19:08:15 
19:08:15 §3§l▬▬▬▬▬▬▬▬▬▬▬▬▬▬▬▬▬▬▬▬▬▬▬▬▬▬▬▬▬▬▬▬▬▬▬▬▬▬▬▬▬▬▬▬▬▬▬▬▬▬▬▬▬▬▬▬▬▬▬▬▬▬▬▬
19:08:23 §f                                  §6§lBESTIARY
19:08:23 §f                          §b§lCarrot King §7§8II §8➡§b §bIII
19:08:23 
19:08:23 §f                                  §r§6§lREWARDS
19:08:23 §f                       §r§8+§r§a2 Carrot King §r§b✯ Magic Find
19:08:23 §f                       §r§8+§r§a2 Carrot King §r§c❁ Strength
19:08:23 §f                           §r§8+§r§62% §r§aCarrot King §r§7coins
19:08:23 §f                    §r§8+§r§a50% §r§7chance for extra XP orbs
19:08:23 §f                               §r§8+§r§b1 SkyBlock XP
19:08:23 
19:08:23 §3§l▬▬▬▬▬▬▬▬▬▬▬▬▬▬▬▬▬▬▬▬▬▬▬▬▬▬▬▬▬▬▬▬▬▬▬▬▬▬▬▬▬▬▬▬▬▬▬▬▬▬▬▬▬▬▬▬▬▬▬▬▬▬▬▬
19:08:27 §f                                  §6§lBESTIARY
19:08:27 §f                       §b§lThe Sea Emperor §7§8I §8➡§b §bII
19:08:27 
19:08:27 §f                                  §r§6§lREWARDS
19:08:27 §f                   §r§8+§r§a2 The Sea Emperor §r§b✯ Magic Find
19:08:27 §f                    §r§8+§r§a2 The Sea Emperor §r§c❁ Strength
19:08:27 §f                       §r§8+§r§62% §r§aThe Sea Emperor §r§7coins
19:08:27 §f                    §r§8+§r§a50% §r§7chance for extra XP orbs
19:08:27 §f                               §r§8+§r§b1 SkyBlock XP
19:08:27 
19:08:27 §3§l▬▬▬▬▬▬▬▬▬▬▬▬▬▬▬▬▬▬▬▬▬▬▬▬▬▬▬▬▬▬▬▬▬▬▬▬▬▬▬▬▬▬▬▬▬▬▬▬▬▬▬▬▬▬▬▬▬▬▬▬▬▬▬▬
19:09:42 §f                                  §6§lBESTIARY
19:09:42 §f                              §b§lWater Hydra §7§bI
19:09:42 
19:09:42 §f                                  §r§6§lREWARDS
19:09:42 §f                      §r§8+§r§a2 Water Hydra §r§b✯ Magic Find
19:09:42 §f                       §r§8+§r§a2 Water Hydra §r§c❁ Strength
19:09:42 §f                          §r§8+§r§62% §r§aWater Hydra §r§7coins
19:09:42 §f                    §r§8+§r§a50% §r§7chance for extra XP orbs
19:09:42 §f                               §r§8+§r§b1 SkyBlock XP
19:09:42 
19:09:42 §3§l▬▬▬▬▬▬▬▬▬▬▬▬▬▬▬▬▬▬▬▬▬▬▬▬▬▬▬▬▬▬▬▬▬▬▬▬▬▬▬▬▬▬▬▬▬▬▬▬▬▬▬▬▬▬▬▬▬▬▬▬▬▬▬▬
19:09:47 §f                                  §6§lBESTIARY
19:09:47 §f                           §b§lWater Hydra §7§8I §8➡§b §bII
19:09:47 
19:09:47 §f                                  §r§6§lREWARDS
19:09:47 §f                      §r§8+§r§a2 Water Hydra §r§b✯ Magic Find
19:09:47 §f                       §r§8+§r§a2 Water Hydra §r§c❁ Strength
19:09:47 §f                          §r§8+§r§62% §r§aWater Hydra §r§7coins
19:09:47 §f                    §r§8+§r§a50% §r§7chance for extra XP orbs
19:09:47 §f                               §r§8+§r§b1 SkyBlock XP
19:09:47 
19:09:47 §3§l▬▬▬▬▬▬▬▬▬▬▬▬▬▬▬▬▬▬▬▬▬▬▬▬▬▬▬▬▬▬▬▬▬▬▬▬▬▬▬▬▬▬▬▬▬▬▬▬▬▬▬▬▬▬▬▬▬▬▬▬▬▬▬▬
19:10:16 §f                                  §6§lBESTIARY
19:10:16 §f                     §b§lDeep Sea Protector §7§8IV §8➡§b §bV
19:10:16 
19:10:16 §f                                  §r§6§lREWARDS
19:10:16 §f                 §r§8+§r§a2 Deep Sea Protector §r§b✯ Magic Find
19:10:16 §f                  §r§8+§r§a2 Deep Sea Protector §r§c❁ Strength
19:10:16 §f                     §r§8+§r§62% §r§aDeep Sea Protector §r§7coins
19:10:16 §f                    §r§8+§r§a50% §r§7chance for extra XP orbs
19:10:16 §f                               §r§8+§r§b1 SkyBlock XP
19:10:16 
19:10:16   §r§f                         §6§lBESTIARY MILESTONE
19:10:16   §r§f                                  §8CVIII➡§eCIX
19:10:16 
19:10:16 §3§l▬▬▬▬▬▬▬▬▬▬▬▬▬▬▬▬▬▬▬▬▬▬▬▬▬▬▬▬▬▬▬▬▬▬▬▬▬▬▬▬▬▬▬▬▬▬▬▬▬▬▬▬▬▬▬▬▬▬▬▬▬▬▬▬
19:10:32 §f                                  §6§lBESTIARY
19:10:32 §f                     §b§lGuardian Defender §7§8VI §8➡§b §bVII
19:10:32 
19:10:32 §f                                  §r§6§lREWARDS
19:10:32 §f                  §r§8+§r§a3 Guardian Defender §r§b✯ Magic Find
19:10:32 §f                   §r§8+§r§a3 Guardian Defender §r§c❁ Strength
19:10:32 §f                      §r§8+§r§62% §r§aGuardian Defender §r§7coins
19:10:32 §f                    §r§8+§r§a50% §r§7chance for extra XP orbs
19:10:32 §f                               §r§8+§r§b1 SkyBlock XP
19:10:32 
19:10:32 §3§l▬▬▬▬▬▬▬▬▬▬▬▬▬▬▬▬▬▬▬▬▬▬▬▬▬▬▬▬▬▬▬▬▬▬▬▬▬▬▬▬▬▬▬▬▬▬▬▬▬▬▬▬▬▬▬▬▬▬▬▬▬▬▬▬
19:10:46 §f                                  §6§lBESTIARY
19:10:46 §f                          §b§lCarrot King §7§8III §8➡§b §bIV
19:10:46 
19:10:46 §f                                  §r§6§lREWARDS
19:10:46 §f                       §r§8+§r§a2 Carrot King §r§b✯ Magic Find
19:10:46 §f                       §r§8+§r§a2 Carrot King §r§c❁ Strength
19:10:46 §f                           §r§8+§r§62% §r§aCarrot King §r§7coins
19:10:46 §f                    §r§8+§r§a50% §r§7chance for extra XP orbs
19:10:46 §f                               §r§8+§r§b1 SkyBlock XP
19:10:46 
19:10:46 §3§l▬▬▬▬▬▬▬▬▬▬▬▬▬▬▬▬▬▬▬▬▬▬▬▬▬▬▬▬▬▬▬▬▬▬▬▬▬▬▬▬▬▬▬▬▬▬▬▬▬▬▬▬▬▬▬▬▬▬▬▬▬▬▬▬
19:12:02 §f                                  §6§lBESTIARY
19:12:02 §f                               §b§lYeti §7§8VII §8➡§b §bVIII
19:12:02 
19:12:02 §f                                  §r§6§lREWARDS
19:12:02 §f                            §r§8+§r§a3 Yeti §r§b✯ Magic Find
19:12:02 §f                            §r§8+§r§a3 Yeti §r§c❁ Strength
19:12:02 §f                                §r§8+§r§62% §r§aYeti §r§7coins
19:12:02 §f                    §r§8+§r§a50% §r§7chance for extra XP orbs
19:12:02 §f                               §r§8+§r§b1 SkyBlock XP
19:12:02 
19:12:02 §3§l▬▬▬▬▬▬▬▬▬▬▬▬▬▬▬▬▬▬▬▬▬▬▬▬▬▬▬▬▬▬▬▬▬▬▬▬▬▬▬▬▬▬▬▬▬▬▬▬▬▬▬▬▬▬▬▬▬▬▬▬▬▬▬▬
19:12:36 §f                                  §6§lBESTIARY
19:12:36 §f                           §b§lCarrot King §7§8IV §8➡§b §bV
19:12:36 
19:12:36 §f                                  §r§6§lREWARDS
19:12:36 §f                       §r§8+§r§a2 Carrot King §r§b✯ Magic Find
19:12:36 §f                       §r§8+§r§a2 Carrot King §r§c❁ Strength
19:12:36 §f                           §r§8+§r§62% §r§aCarrot King §r§7coins
19:12:36 §f                    §r§8+§r§a50% §r§7chance for extra XP orbs
19:12:36 §f                               §r§8+§r§b1 SkyBlock XP
19:12:36 
19:12:36 §3§l▬▬▬▬▬▬▬▬▬▬▬▬▬▬▬▬▬▬▬▬▬▬▬▬▬▬▬▬▬▬▬▬▬▬▬▬▬▬▬▬▬▬▬▬▬▬▬▬▬▬▬▬▬▬▬▬▬▬▬▬▬▬▬▬
19:14:02 §f                                  §6§lBESTIARY
19:14:02 §f                          §b§lNutcracker §7§8VIII §8➡§b §bIX
19:14:02 
19:14:02 §f                                  §r§6§lREWARDS
19:14:02 §f                       §r§8+§r§a3 Nutcracker §r§b✯ Magic Find
19:14:02 §f                        §r§8+§r§a3 Nutcracker §r§c❁ Strength
19:14:02 §f                           §r§8+§r§62% §r§aNutcracker §r§7coins
19:14:02 §f                    §r§8+§r§a50% §r§7chance for extra XP orbs
19:14:02 §f                               §r§8+§r§b1 SkyBlock XP
19:14:02 
19:14:02 §3§l▬▬▬▬▬▬▬▬▬▬▬▬▬▬▬▬▬▬▬▬▬▬▬▬▬▬▬▬▬▬▬▬▬▬▬▬▬▬▬▬▬▬▬▬▬▬▬▬▬▬▬▬▬▬▬▬▬▬▬▬▬▬▬▬
19:17:20 §f                                  §6§lBESTIARY
19:17:20 §f                          §b§lWater Hydra §7§8II §8➡§b §bIII
19:17:20 
19:17:20 §f                                  §r§6§lREWARDS
19:17:20 §f                      §r§8+§r§a2 Water Hydra §r§b✯ Magic Find
19:17:20 §f                       §r§8+§r§a2 Water Hydra §r§c❁ Strength
19:17:20 §f                          §r§8+§r§62% §r§aWater Hydra §r§7coins
19:17:20 §f                    §r§8+§r§a50% §r§7chance for extra XP orbs
19:17:20 §f                               §r§8+§r§b1 SkyBlock XP
19:17:20 
19:17:20 §3§l▬▬▬▬▬▬▬▬▬▬▬▬▬▬▬▬▬▬▬▬▬▬▬▬▬▬▬▬▬▬▬▬▬▬▬▬▬▬▬▬▬▬▬▬▬▬▬▬▬▬▬▬▬▬▬▬▬▬▬▬▬▬▬▬
19:17:41 §f                                  §6§lBESTIARY
19:17:41 §f                           §b§lSea Witch §7§8VII §8➡§b §bVIII
19:17:41 
19:17:41 §f                                  §r§6§lREWARDS
19:17:41 §f                        §r§8+§r§a3 Sea Witch §r§b✯ Magic Find
19:17:41 §f                         §r§8+§r§a3 Sea Witch §r§c❁ Strength
19:17:41 §f                            §r§8+§r§62% §r§aSea Witch §r§7coins
19:17:41 §f                    §r§8+§r§a50% §r§7chance for extra XP orbs
19:17:41 §f                               §r§8+§r§b1 SkyBlock XP
19:17:41 
19:17:41 §3§l▬▬▬▬▬▬▬▬▬▬▬▬▬▬▬▬▬▬▬▬▬▬▬▬▬▬▬▬▬▬▬▬▬▬▬▬▬▬▬▬▬▬▬▬▬▬▬▬▬▬▬▬▬▬▬▬▬▬▬▬▬▬▬▬
19:21:26 §f                                  §6§lBESTIARY
19:21:26 §f                           §b§lCarrot King §7§8V §8➡§b §bVI
19:21:26 
19:21:26 §f                                  §r§6§lREWARDS
19:21:26 §f                       §r§8+§r§a3 Carrot King §r§b✯ Magic Find
19:21:26 §f                       §r§8+§r§a3 Carrot King §r§c❁ Strength
19:21:26 §f                           §r§8+§r§62% §r§aCarrot King §r§7coins
19:21:26 §f                    §r§8+§r§a50% §r§7chance for extra XP orbs
19:21:26 §f                               §r§8+§r§b1 SkyBlock XP
19:21:26 
19:21:26 §3§l▬▬▬▬▬▬▬▬▬▬▬▬▬▬▬▬▬▬▬▬▬▬▬▬▬▬▬▬▬▬▬▬▬▬▬▬▬▬▬▬▬▬▬▬▬▬▬▬▬▬▬▬▬▬▬▬▬▬▬▬▬▬▬▬
19:22:20 §f                                  §6§lBESTIARY
19:22:20 §f                      §b§lThe Sea Emperor §7§8II §8➡§b §bIII
19:22:20 
19:22:20 §f                                  §r§6§lREWARDS
19:22:20 §f                   §r§8+§r§a2 The Sea Emperor §r§b✯ Magic Find
19:22:20 §f                    §r§8+§r§a2 The Sea Emperor §r§c❁ Strength
19:22:20 §f                       §r§8+§r§62% §r§aThe Sea Emperor §r§7coins
19:22:20 §f                    §r§8+§r§a50% §r§7chance for extra XP orbs
19:22:20 §f                               §r§8+§r§b1 SkyBlock XP
19:22:20 
19:22:20 §3§l▬▬▬▬▬▬▬▬▬▬▬▬▬▬▬▬▬▬▬▬▬▬▬▬▬▬▬▬▬▬▬▬▬▬▬▬▬▬▬▬▬▬▬▬▬▬▬▬▬▬▬▬▬▬▬▬▬▬▬▬▬▬▬▬
20:12:05 §f                                  §6§lBESTIARY
20:12:05 §f                       §b§lZombie Knight §7§8XIII §8➡§b §bXIV
20:12:05 
20:12:05 §f                                  §r§6§lREWARDS
20:12:05 §f                      §r§8+§r§a4 Zombie Knight §r§b✯ Magic Find
20:12:05 §f                      §r§8+§r§a4 Zombie Knight §r§c❁ Strength
20:12:05 §f                          §r§8+§r§62% §r§aZombie Knight §r§7coins
20:12:05 §f                    §r§8+§r§a50% §r§7chance for extra XP orbs
20:12:05 §f                               §r§8+§r§b1 SkyBlock XP
20:12:05 
20:12:05   §r§f                         §6§lBESTIARY MILESTONE
20:12:05   §r§f                                    §8CIX➡§eCX
20:12:05 
20:12:05 §3§l▬▬▬▬▬▬▬▬▬▬▬▬▬▬▬▬▬▬▬▬▬▬▬▬▬▬▬▬▬▬▬▬▬▬▬▬▬▬▬▬▬▬▬▬▬▬▬▬▬▬▬▬▬▬▬▬▬▬▬▬▬▬▬▬
20:14:17 §f                                  §6§lBESTIARY
20:14:17 §f                      §b§lLost Adventurer §7§8XIX §8➡§b §bXX
20:14:17 
20:14:17 §f                                  §r§6§lREWARDS
20:14:17 §f                 §r§8+§r§a5 §r§d§lLost Adventurer §r§b✯ Magic Find
20:14:17 §f                  §r§8+§r§a5 §r§d§lLost Adventurer §r§c❁ Strength
20:14:17 §f                     §r§8+§r§62% §r§a§r§d§lLost Adventurer §r§7coins
20:14:17 §f                    §r§8+§r§a50% §r§7chance for extra XP orbs
20:14:17 §f                               §r§8+§r§b1 SkyBlock XP
20:14:17 
20:14:17 §3§l▬▬▬▬▬▬▬▬▬▬▬▬▬▬▬▬▬▬▬▬▬▬▬▬▬▬▬▬▬▬▬▬▬▬▬▬▬▬▬▬▬▬▬▬▬▬▬▬▬▬▬▬▬▬▬▬▬▬▬▬▬▬▬▬
