17:03:36 [allowed] §f §r§r§r§f §r§r§r§1 §r§r§r§0 §r§r§r§2 §r§r§r§f §r§r§r§f §r§r§r§2 §r§r§r§0 §r§r§r§4 §r§r§r§3 §r§r§r§9 §r§r§r§2 §r§r§r§0 §r§r§r§0 §r§r§r§3 §r§r§r§9 §r§r§r§2 §r§r§r§0 §r§r§r§0 §r§r§r§3 §r§r§r§9 §r§r§r§2 §r§r§r§0 §r§r§r§0 
17:03:36 [allowed] §b✦ §r§7You earned §r§b21 §r§7Mystery Dust!
17:03:37 [allowed] §b§b✦ §r§7You earned §a27 §7Pet Consumables items!
17:03:37 [allowed] §b[MVP§c+§b] GAMEME794§f §6joined the lobby!
17:03:37 [allowed] §aYou have §b1 §aunclaimed leveling reward!
17:03:37 [allowed] §eClick here to view it!
17:03:37 [allowed] §aYou have §61 §aunclaimed achievement reward!
17:03:37 [allowed] §eClick here to view it!
17:03:38 [allowed] §9§m-----------------------------------------------------
17:03:38 [allowed] §cYou are not currently in a party.
17:03:38 [allowed] §9§m-----------------------------------------------------
17:03:59 [allowed] §b[MVP§c+§b] kfoi§f §6joined the lobby!
17:04:50 [allowed] §7Sending to server mini8CH...
17:04:51 [allowed] §8 §r§8 §r§1 §r§3 §r§3 §r§7 §r§8 
17:04:58 [allowed] 
17:04:58 [allowed] §eWelcome to §r§aHypixel SkyBlock§r§e!
17:04:58 [allowed] 
17:04:58 [allowed] §eLatest update: §bSkyBlock v0.21.3 §e§lCLICK
17:04:58 [allowed] §aYou are playing on profile: §eCucumber
17:04:58 [allowed] §8Profile ID: d3b760d9-e0d9-41d4-8f47-31e118afcace
17:04:58 [allowed]  
17:04:58 [allowed]   
17:05:29 [allowed] §8[§r§e86§r§8] §r§7☠ §r§7ChonkyBoi08§7§r§7: nice tara helm
17:05:34 [allowed] §8[§r§b212§r§8] §r§6§lᛝ §r§b[MVP§6+§b] Nalim_19§f§r§f: ah thx
17:05:38 [allowed]  
17:05:38 [allowed]   
17:05:40 [allowed] §7Warping you to your SkyBlock island...
17:05:40 [allowed] §7Sending to server mini30Q...
17:05:41 [allowed] §8 §r§8 §r§1 §r§3 §r§3 §r§7 §r§8 
17:05:43 [allowed] §aYou are playing on profile: §eCucumber
17:05:43 [allowed] §8Profile ID: d3b760d9-e0d9-41d4-8f47-31e118afcace
17:05:44 [allowed]  
17:05:44 [allowed]   
17:05:45 [allowed]  
17:05:45 [allowed]   
17:06:26 [allowed] §cYou cannot place an orb too close to an NPC!
17:06:44 [allowed] §7The §r§aTraining Weights §r§7shatter as you remove them...
17:06:44 [allowed] §7You suddenly feel a bit stronger!
17:06:44 [allowed] §aYou gained §r§c+2❁ Strength §r§afor 2 minutes.
17:06:44 [allowed] §8The Training Weights shatter as they hit the ground.
17:06:44 [allowed] §e⚠ §aYour drops can't be seen by other players in §bSkyBlock§a!
§aOnly you can pickup your dropped items!
§eClick here to disable this alert forever!
17:06:45 [allowed]  
17:06:45 [allowed]   
17:07:29 [allowed] §cUnknown destination! Check the Fast Travel menu to view options!
17:07:34 [allowed] §7Warping...
17:07:34 [allowed] §7Sending to server mini23BE...
17:07:34 [allowed] §8 §r§8 §r§1 §r§3 §r§3 §r§7 §r§8 
17:07:38 [allowed] §aYou are playing on profile: §eCucumber
17:07:38 [allowed] §8Profile ID: d3b760d9-e0d9-41d4-8f47-31e118afcace
17:07:38 [allowed]  
17:07:38 [allowed]   
17:07:59 [allowed]  
17:07:59 [allowed]   
17:08:10 [allowed] §dParty Finder §r§f> §r§bGAMEME794 §r§ejoined the dungeon group! (§r§bBerserk Level 26§r§e)
17:08:10 [allowed] §aAttempting to add you to the party...
17:08:11 [allowed] §9§m-----------------------------------------------------
17:08:11 [allowed] §6Party Members (2)
17:08:11 [allowed] §f
17:08:11 [allowed] §eParty Leader: §r§7KahootSweat §r§a●
17:08:11 [allowed] §eParty Members: §r§b[MVP§r§c+§r§b] GAMEME794§r§a ● 
17:08:11 [allowed] §9§m-----------------------------------------------------
17:08:11 [allowed] §eDungeons Guide §7:: §eGAMEME794§f's Profile §r§7view
17:08:12 [allowed] §eDungeons Guide §7:: §eKahootSweat§f's Profile §r§7view
17:08:32 [allowed] §9Party §8> §7KahootSweat§f: §rgrandma wolf pet?
17:08:37 [allowed] §dParty Finder §r§f> §r§acasperiaan18 §r§ejoined the dungeon group! (§r§bMage Level 28§r§e)
17:08:37 [allowed] §9§m-----------------------------------------------------
17:08:37 [allowed] §6Party Members (3)
17:08:37 [allowed] §f
17:08:37 [allowed] §eParty Leader: §r§7KahootSweat §r§a●
17:08:37 [allowed] §eParty Members: §r§a[VIP§r§6+§r§a] casperiaan18§r§a ● §r§b[MVP§r§c+§r§b] GAMEME794§r§a ● 
17:08:37 [allowed] §9§m-----------------------------------------------------
17:08:37 [allowed] §eDungeons Guide §7:: §ecasperiaan18§f's Profile §r§7view
17:08:42 [allowed] §aYou are now in the §r§6PARTY§r§a channel
17:08:45 [allowed] §9Party §8> §b[MVP§c+§b] GAMEME794§f: §rya lol
17:08:46 [allowed] §9Party §8> §a[VIP§6+§a] casperiaan18§f: §rill tank
17:08:50 [allowed] §dParty Finder §r§f> §r§aRellLovesWomen §r§ejoined the dungeon group! (§r§bMage Level 24§r§e)
17:08:50 [allowed] §9§m-----------------------------------------------------
17:08:50 [allowed] §6Party Members (4)
17:08:50 [allowed] §f
17:08:50 [allowed] §eParty Leader: §r§7KahootSweat §r§a●
17:08:50 [allowed] §eParty Members: §r§a[VIP] RellLovesWomen§r§a ● §r§a[VIP§r§6+§r§a] casperiaan18§r§a ● §r§b[MVP§r§c+§r§b] GAMEME794§r§a ● 
17:08:50 [allowed] §9§m-----------------------------------------------------
17:08:51 [allowed] §eDungeons Guide §7:: §eRellLovesWomen§f's Profile §r§7view
17:08:52 [allowed] §dParty Finder §r§f> §r§aWishmeleehhh §r§ejoined the dungeon group! (§r§bBerserk Level 23§r§e)
17:08:52 [allowed] §9Party §8> §7KahootSweat§f: §raight
17:08:52 [allowed] §eDungeons Guide §7:: §eWishmeleehhh§f's Profile §r§7view
17:08:52 [allowed] §9§m-----------------------------------------------------
17:08:52 [allowed] §6Party Members (5)
17:08:52 [allowed] §f
17:08:52 [allowed] §eParty Leader: §r§7KahootSweat §r§a●
17:08:52 [allowed] §eParty Members: §r§a[VIP] RellLovesWomen§r§a ● §r§a[VIP] Wishmeleehhh§r§a ● §r§a[VIP§r§6+§r§a] casperiaan18§r§a ● §r§b[MVP§r§c+§r§b] GAMEME794§r§a ● 
17:08:52 [allowed] §9§m-----------------------------------------------------
17:08:55 [allowed] §9§m-----------------------------
§r§7KahootSweat§r§7 §r§eentered §r§aThe Catacombs§r§e, §r§eFloor VI§r§e!
§r§9§m-----------------------------
17:08:57 [allowed] §7Sending to server mini149DV...
17:08:57 [allowed] §8 §r§8 §r§1 §r§3 §r§3 §r§7 §r§8 
17:09:00 [allowed] §aWishmeleehhh§r§a is now ready!
17:09:00 [allowed] §acasperiaan18§r§a is now ready!
17:09:00 [allowed] §aRellLovesWomen§r§a is now ready!
17:09:00 [allowed] §7KahootSweat§r§a is now ready!
17:09:00 [allowed] §bGAMEME794§r§a is now ready!
17:09:00 [allowed] §aYou are playing on profile: §eCucumber
17:09:00 [allowed] §8Profile ID: d3b760d9-e0d9-41d4-8f47-31e118afcace
17:09:00 [allowed] §aStarting in 4 seconds.
17:09:01 [allowed]  
17:09:01 [allowed]   
17:09:01 [allowed]  
17:09:01 [allowed]   
17:09:02 [allowed] §aStarting in 3 seconds.
17:09:02 [allowed] §aYou summoned your §r§6Wither Skeleton§r§a!
17:09:02 [allowed] §aStarting in 2 seconds.
17:09:03 [allowed] §aStarting in 1 second.
17:09:05 [allowed] §e[NPC] §bMort§f: §rHere, I found this map when I first entered the dungeon.
17:09:07 [allowed] §e[NPC] §bMort§f: §rYou should find it useful if you get lost.
17:09:08 [allowed] §e[NPC] §bMort§f: §rGood luck.
17:09:08 [allowed] §8[§a132§8] §r§b[MVP§c+§b] GAMEME794§f§7 is friends with a §r§8[§7[Lvl 67] §6Wither Skeleton§8]
17:09:13 [allowed] §a[VIP] RellLovesWomen§r§f §r§ehas obtained §r§a§r§6Revive Stone§r§e!
17:09:13 [allowed] §a[VIP] RellLovesWomen§r§f §r§ehas obtained §r§a§r§6§r§8Wither Key§r§e!
17:09:13 [allowed] §e§lRIGHT CLICK §r§7on §r§7a §r§8WITHER §r§7door§r§7 to open it. This key can only be used to open §r§a1§r§7 door!
17:09:14 [allowed] §a§r§aRellLovesWomen§r§a opened a §r§8§lWITHER §r§adoor!
17:09:27 [allowed] §a[VIP] RellLovesWomen§r§f §r§ehas obtained §r§a§r§dBlessing of Power§r§e!
17:09:27 [allowed] §6§lDUNGEON BUFF! §r§aRellLovesWomen §r§ffound a §r§dBlessing of Power V§r§f! (§r§a22s§r§f)
17:09:27 [allowed]      §r§7Granted you §r§a§r§a+30§r§7 & §r§a+1.15x §r§c❁ Strength§r§7.
17:09:27 [allowed]      §r§7Also granted you §r§a§r§a+30§r§7 & §r§a+1.15x §r§9☠ Crit Damage§r§7.
17:09:27 [allowed] §a[VIP] RellLovesWomen§r§f §r§ehas obtained §r§a§r§6§r§8Wither Key§r§e!
17:09:27 [allowed] §e§lRIGHT CLICK §r§7on §r§7a §r§8WITHER §r§7door§r§7 to open it. This key can only be used to open §r§a1§r§7 door!
17:09:27 [allowed] §a[VIP] RellLovesWomen§r§f §r§ehas obtained §r§a§r§9Superboom TNT§r§e!
17:09:27 [allowed] §6Ragnarok§r§a is ready to use! Press §r§6§lDROP§r§a to activate it!
17:09:30 [allowed] §a[VIP] Wishmeleehhh§r§f §r§ehas obtained §r§a§r§9Superboom TNT§r§e!
17:09:37 [allowed] §e§lBerserk Milestone §r§e❶§r§7: You have dealt §r§c500,000§r§7 Total Damage so far! §r§a32s
17:09:40 [allowed] §aWishmeleehhh §r§ffound a §r§dWither Essence§r§f! Everyone gains an extra essence!
17:09:43 [allowed] §a§r§aRellLovesWomen§r§a opened a §r§8§lWITHER §r§adoor!
17:09:44 [allowed] §7Your Witherborn hit §r§c1 §r§7enemy for §r§c775,232.8 §r§7damage.
17:09:45 [allowed] §9Party §8> §b[MVP§c+§b] GAMEME794§f: §rmy ping so high
17:09:51 [allowed] §6§lDUNGEON BUFF! §r§aWishmeleehhh §r§ffound a §r§dBlessing of Power II§r§f!
17:09:51 [allowed]      §r§7Granted you §r§a§r§a+12§r§7 & §r§a+1.06x §r§c❁ Strength§r§7.
17:09:51 [allowed]      §r§7Also granted you §r§a§r§a+12§r§7 & §r§a+1.06x §r§9☠ Crit Damage§r§7.
17:09:51 [allowed] §a§l+5 Kill Combo §r§b+3% §r§b✯ Magic Find
17:09:53 [allowed] §e§lBerserk Milestone §r§e❷§r§7: You have dealt §r§c2,500,000§r§7 Total Damage so far! §r§a48s
17:09:57 [allowed] §a[VIP] RellLovesWomen§r§f §r§ehas obtained §r§a§r§6§r§8Wither Key§r§e!
17:09:57 [allowed] §e§lRIGHT CLICK §r§7on §r§7a §r§8WITHER §r§7door§r§7 to open it. This key can only be used to open §r§a1§r§7 door!
17:09:57 [allowed] §a[VIP] RellLovesWomen§r§f §r§ehas obtained §r§a§r§6Revive Stone§r§e!
17:09:59 [allowed] §6Ragnarok§r§a is ready to use! Press §r§6§lDROP§r§a to activate it!
17:10:01 [allowed] §cYour Kill Combo has expired! You reached a 7 Kill Combo!
17:10:04 [allowed]  
17:10:04 [allowed]   
17:10:05 [allowed] §a§lPUZZLE SOLVED! §r§7KahootSweat §r§etied Tic Tac Toe! §r§4G§r§co§r§6o§r§ed§r§a §r§2j§r§bo§r§3b§r§5!
17:10:07 [allowed] §a§l+5 Kill Combo §r§b+3% §r§b✯ Magic Find
17:10:08 [allowed] §7Your Witherborn hit §r§c1 §r§7enemy for §r§c1,094,796.6 §r§7damage.
17:10:09 [allowed] §6§lDUNGEON BUFF! §r§7KahootSweat §r§ffound a §r§dBlessing of Wisdom V§r§f!
17:10:09 [allowed]      §r§7Granted you §r§a§r§a+30§r§7 & §r§a+1.15x §r§b✎ Intelligence §r§7and §r§a+24 §r§f✦ Speed§r§7.
17:10:11 [allowed] §a§r§aRellLovesWomen§r§a opened a §r§8§lWITHER §r§adoor!
17:10:15 [allowed] §a[VIP] RellLovesWomen§r§f §r§ehas obtained §r§a§r§6§r§8Wither Key§r§e!
17:10:15 [allowed] §e§lRIGHT CLICK §r§7on §r§7a §r§8WITHER §r§7door§r§7 to open it. This key can only be used to open §r§a1§r§7 door!
17:10:15 [allowed] §a[VIP] RellLovesWomen§r§f §r§ehas obtained §r§a§r§6Revive Stone§r§e!
17:10:15 [allowed] §cYour Kill Combo has expired! You reached a 6 Kill Combo!
17:10:16 [allowed] §a§r§aRellLovesWomen§r§a opened a §r§8§lWITHER §r§adoor!
17:10:20 [allowed] §6§lDUNGEON BUFF! §r§7KahootSweat §r§ffound a §r§dBlessing of Power I§r§f!
17:10:20 [allowed]      §r§7Granted you §r§a§r§a+6§r§7 & §r§a+1.03x §r§c❁ Strength§r§7.
17:10:20 [allowed]      §r§7Also granted you §r§a§r§a+6§r§7 & §r§a+1.03x §r§9☠ Crit Damage§r§7.
17:10:25 [allowed] §a[VIP] RellLovesWomen§r§f §r§ehas obtained §r§a§r§9Superboom TNT §r§8x2§r§e!
17:10:26 [allowed] §a[VIP] RellLovesWomen§r§f §r§ehas obtained §r§a§r§c§r§cBlood Key§r§e!
17:10:26 [allowed] §e§lRIGHT CLICK §r§7on §r§7the §r§cBLOOD DOOR§r§7 to open it. This key can only be used to open §r§a1§r§7 door!
17:10:26 [allowed] §cThe §r§c§lBLOOD DOOR§r§c has been opened!
17:10:26 [allowed] §5A shiver runs down your spine...
17:10:26 [allowed] §c[BOSS] The Watcher§r§f: Oh.. hello?
17:10:30 [allowed] §6Ragnarok§r§a is ready to use! Press §r§6§lDROP§r§a to activate it!
17:10:30 [allowed] §c[BOSS] The Watcher§r§f: You've arrived too early, I haven't even set up..
17:10:35 [allowed] §c[BOSS] The Watcher§r§f: Anyway, let's fight.. I guess.
17:10:39 [allowed] §cThere are blocks in the way!
17:10:39 [allowed] §cThere are blocks in the way!
17:10:41 [allowed] §cThere are blocks in the way!
17:10:41 [allowed] §cThere are blocks in the way!
17:10:41 [allowed] §cThere are blocks in the way!
17:10:46 [allowed] §6§lDUNGEON BUFF! §r§acasperiaan18 §r§ffound a §r§dBlessing of Life V§r§f!
17:10:46 [allowed]      §r§7Granted you §r§a§r§a+1.23x HP §r§7and §r§a§r§a+1.23x §r§c❣ Health Regen§r§7.
17:10:47 [allowed] §c[BOSS] The Watcher§r§f: This guy looks like a fighter.
17:10:48 [allowed] §a[VIP] Wishmeleehhh§r§f §r§ehas obtained §r§a§r§dBlessing of Stone§r§e!
17:10:48 [allowed] §6§lDUNGEON BUFF! §r§aWishmeleehhh §r§ffound a §r§dBlessing of Stone V§r§f! (§r§a01m 43s§r§f)
17:10:48 [allowed]      §r§7Granted you §r§a§r§a+30§r§7 & §r§a+1.15x §r§a❈ Defense §r§7and §r§a+36 §r§c❁ Damage§r§7.
17:10:48 [allowed] §7KahootSweat§r§7 §r§ehas obtained §r§a§r§9Superboom TNT§r§e!
17:10:48 [allowed] §a[VIP] RellLovesWomen§r§f §r§ehas obtained §r§a§r§9Superboom TNT§r§e!
17:10:48 [allowed] §a[VIP] RellLovesWomen§r§f §r§ehas obtained §r§a§r§dBlessing of Life§r§e!
17:10:48 [allowed] §6§lDUNGEON BUFF! §r§aRellLovesWomen §r§ffound a §r§dBlessing of Life V§r§f! (§r§a01m 43s§r§f)
17:10:48 [allowed]      §r§7Granted you §r§a§r§a+1.23x HP §r§7and §r§a§r§a+1.23x §r§c❣ Health Regen§r§7.
17:10:49 [allowed] §cThere are blocks in the way!
17:10:50 [allowed] §c[BOSS] The Watcher§r§f: Let's see how you can handle this.
17:10:53 [allowed] §6§lDUNGEON BUFF! §r§acasperiaan18 §r§ffound a §r§dBlessing of Life II§r§f!
17:10:53 [allowed]      §r§7Granted you §r§a§r§a+1.09x HP §r§7and §r§a§r§a+1.09x §r§c❣ Health Regen§r§7.
17:10:59 [allowed] §cThe Flamethrower hit you for 2,197.5 damage!
17:11:00 [allowed] §6Ragnarok§r§a is ready to use! Press §r§6§lDROP§r§a to activate it!
17:11:00 [allowed] §cThe Flamethrower hit you for 2,197.5 damage!
17:11:04 [allowed] §c[BOSS] The Watcher§r§f: This guy looks like a fighter.
17:11:05 [allowed]  
17:11:05 [allowed]   
17:11:06 [allowed] §cThere are blocks in the way!
17:11:06 [allowed] §cThere are blocks in the way!
17:11:11 [allowed] §c ☠ §r§7§r§aWishmeleehhh§r§7 died to a trap and became a ghost§r§7.
17:11:14 [allowed] §7Your Witherborn hit §r§c1 §r§7enemy for §r§c960,353.5 §r§7damage.
17:11:16 [allowed] §9Party §8> §a[VIP] Wishmeleehhh§f: §rAh yes
17:11:18 [allowed] §9Party §8> §a[VIP] Wishmeleehhh§f: §rDo my max hp
17:11:20 [allowed] §c[BOSS] The Watcher§r§f: A Wandering Soul? Don't you guys have a healer?
17:11:23 [allowed] §cThere are blocks in the way!
17:11:23 [allowed] §cThere are blocks in the way!
17:11:28 [allowed] §6§lDUNGEON BUFF! §r§7KahootSweat §r§ffound a §r§dBlessing of Life II§r§f!
17:11:28 [allowed]      §r§7Granted you §r§a§r§a+1.09x HP §r§7and §r§a§r§a+1.09x §r§c❣ Health Regen§r§7.
17:11:28 [allowed] §c[BOSS] The Watcher§r§f: This guy looks like a fighter.
17:11:29 [allowed] §6§lDUNGEON BUFF! §r§aRellLovesWomen §r§ffound a §r§dBlessing of Stone I§r§f!
17:11:29 [allowed]      §r§7Granted you §r§a§r§a+6§r§7 & §r§a+1.03x §r§a❈ Defense §r§7and §r§a+7.2 §r§c❁ Damage§r§7.
17:11:30 [allowed] §6Ragnarok§r§a is ready to use! Press §r§6§lDROP§r§a to activate it!
17:11:36 [allowed] §6§lESSENCE! §r§7KahootSweat §r§ffound §r§6x10 Gold Essence§r§f!
17:11:36 [allowed] §e§lBerserk Milestone §r§e❸§r§7: You have dealt §r§c10,000,000§r§7 Total Damage so far! §r§a02m 31s
17:11:36 [allowed] §a§l+5 Kill Combo §r§b+3% §r§b✯ Magic Find
17:11:42 [allowed] §c[BOSS] The Watcher§r§f: You'll do.
17:11:43 [allowed] §a§lPUZZLE SOLVED! §r§aRellLovesWomen §r§ewasn't fooled by §r§cVirginia§r§e! §r§4G§r§co§r§6o§r§ed§r§a §r§2j§r§bo§r§3b§r§5!
17:11:43 [allowed] §cYour Kill Combo has expired! You reached a 5 Kill Combo!
17:11:44 [allowed] §cThere are blocks in the way!
17:11:45 [allowed] §6§lDUNGEON BUFF! §r§aRellLovesWomen §r§ffound a §r§dBlessing of Life V§r§f!
17:11:45 [allowed]      §r§7Granted you §r§a§r§a+1.23x HP §r§7and §r§a§r§a+1.23x §r§c❣ Health Regen§r§7.
17:11:45 [allowed] §cThere are blocks in the way!
17:11:53 [allowed] §a§l+5 Kill Combo §r§b+3% §r§b✯ Magic Find
17:11:53 [allowed] §7Your Witherborn hit §r§c1 §r§7enemy for §r§c1,150,171.5 §r§7damage.
17:11:53 [allowed] §9Party §8> §a[VIP] Wishmeleehhh§f: §rCan anyone rev?
17:11:53 [allowed] §6§lESSENCE! §r§7KahootSweat §r§ffound §r§bx10 Ice Essence§r§f!
17:11:53 [allowed] §c[BOSS] The Watcher§r§f: Hmmm... this one!
17:11:56 [allowed] §9Party §8> §7KahootSweat§f: §rSkytils-SC > 270 score
17:11:57 [allowed] §9Party §8> §a[VIP§6+§a] casperiaan18§f: §r270 Score!
17:11:57 [allowed] §a[VIP§r§6+§r§a] casperiaan18§r§f §r§ehas obtained §r§a§r§9Superboom TNT§r§e!
17:11:57 [allowed] §a[VIP§r§6+§r§a] casperiaan18§r§f §r§ehas obtained §r§a§r§dBlessing of Power§r§e!
17:11:57 [allowed] §6§lDUNGEON BUFF! §r§acasperiaan18 §r§ffound a §r§dBlessing of Power V§r§f! (§r§a02m 52s§r§f)
17:11:57 [allowed]      §r§7Granted you §r§a§r§a+30§r§7 & §r§a+1.15x §r§c❁ Strength§r§7.
17:11:57 [allowed]      §r§7Also granted you §r§a§r§a+30§r§7 & §r§a+1.15x §r§9☠ Crit Damage§r§7.
17:12:00 [allowed] §6Ragnarok§r§a is ready to use! Press §r§6§lDROP§r§a to activate it!
17:12:05 [allowed] §a ❣ §r§7§r§aWishmeleehhh§r§a was revived by §r§dIlene the Fairy§r§a!
17:12:05 [allowed]  
17:12:05 [allowed]   
17:12:06 [allowed] §9Party §8> §a[VIP] Wishmeleehhh§f: §rSkytils-SC > 270 score
17:12:06 [allowed] §c[BOSS] The Watcher§r§f: You'll do.
17:12:07 [allowed] §cThere are blocks in the way!
17:12:07 [allowed] §cYour Kill Combo has expired! You reached a 7 Kill Combo!
17:12:08 [allowed] §cThere are blocks in the way!
17:12:08 [allowed] §cThere are blocks in the way!
17:12:08 [allowed] §9Party §8> §a[VIP] Wishmeleehhh§f: §rtyy
17:12:18 [allowed] §cThere are blocks in the way!
17:12:18 [allowed] §6§lDUNGEON BUFF! §r§7KahootSweat §r§ffound a §r§dBlessing of Life I§r§f!
17:12:18 [allowed]      §r§7Granted you §r§a§r§a+1.04x HP §r§7and §r§a§r§a+1.04x §r§c❣ Health Regen§r§7.
17:12:18 [allowed] §9Party §8> §a[VIP§6+§a] casperiaan18§f: §rnp
17:12:22 [allowed] §cThere are blocks in the way!
17:12:22 [allowed] §cThere are blocks in the way!
17:12:22 [allowed] §cThere are blocks in the way!
17:12:24 [allowed] §c[BOSS] The Watcher§r§f: This guy looks like a fighter.
17:12:27 [allowed] §c[BOSS] The Watcher§r§f: That will be enough for now.
17:12:28 [allowed] §aWishmeleehhh §r§ffound a §r§dWither Essence§r§f! Everyone gains an extra essence!
17:12:29 [allowed] §a[VIP] RellLovesWomen§r§f §r§ehas obtained §r§a§r§6Revive Stone§r§e!
17:12:29 [allowed] §a§l+5 Kill Combo §r§b+3% §r§b✯ Magic Find
17:12:30 [allowed] §6Ragnarok§r§a is ready to use! Press §r§6§lDROP§r§a to activate it!
17:12:34 [allowed] §7Your Witherborn hit §r§c2 §r§7enemies for §r§c2,590,832.4 §r§7damage.
17:12:35 [allowed] §6§lDUNGEON BUFF! §r§aWishmeleehhh §r§ffound a §r§dBlessing of Life I§r§f!
17:12:35 [allowed]      §r§7Granted you §r§a§r§a+1.04x HP §r§7and §r§a§r§a+1.04x §r§c❣ Health Regen§r§7.
17:12:39 [allowed] §9Party §8> §a[VIP§6+§a] casperiaan18§f: §rS+ go!
17:12:39 [allowed] §6§lDUNGEON BUFF! §r§7KahootSweat §r§ffound a §r§dBlessing of Power I§r§f!
17:12:39 [allowed]      §r§7Granted you §r§a§r§a+6§r§7 & §r§a+1.03x §r§c❁ Strength§r§7.
17:12:39 [allowed]      §r§7Also granted you §r§a§r§a+6§r§7 & §r§a+1.03x §r§9☠ Crit Damage§r§7.
17:12:40 [allowed] §a§l+10 Kill Combo §r§8+§r§610 §r§7coins per kill
17:12:42 [allowed] §9Party §8> §a[VIP] Wishmeleehhh§f: §rSkytils-SC > We got s+ Babyyyyyyyy
17:12:45 [allowed] §9§l+15 Kill Combo §r§b+3% §r§b✯ Magic Find
17:12:49 [allowed] §6§lDUNGEON BUFF! §r§7KahootSweat §r§ffound a §r§dBlessing of Stone I§r§f!
17:12:49 [allowed]      §r§7Granted you §r§a§r§a+6§r§7 & §r§a+1.03x §r§a❈ Defense §r§7and §r§a+7.2 §r§c❁ Damage§r§7.
17:12:53 [allowed] §cYour Kill Combo has expired! You reached a 17 Kill Combo!
17:12:56 [allowed] §aRellLovesWomen §r§ffound a §r§dWither Essence§r§f! Everyone gains an extra essence!
17:12:57 [allowed] §9Party §8> §7KahootSweat§f: §rgo
17:13:01 [allowed] §6Ragnarok§r§a is ready to use! Press §r§6§lDROP§r§a to activate it!
17:13:01 [allowed] §cThere are blocks in the way!
17:13:01 [allowed] §cThere are blocks in the way!
17:13:03 [allowed] §7Your Witherborn hit §r§c2 §r§7enemies for §r§c1,715,720.1 §r§7damage.
17:13:04 [allowed] §6§lDUNGEON BUFF! §r§aWishmeleehhh §r§ffound a §r§dBlessing of Wisdom I§r§f!
17:13:04 [allowed]      §r§7Granted you §r§a§r§a+6§r§7 & §r§a+1.03x §r§b✎ Intelligence §r§7and §r§a+4.8 §r§f✦ Speed§r§7.
17:13:04 [allowed] §cThere are blocks in the way!
17:13:04 [allowed] §cThere are blocks in the way!
17:13:06 [allowed]  
17:13:06 [allowed]   
17:13:09 [allowed] §e§lBerserk Milestone §r§e❹§r§7: You have dealt §r§c25,000,000§r§7 Total Damage so far! §r§a04m 04s
17:13:09 [allowed] §a§l+5 Kill Combo §r§b+3% §r§b✯ Magic Find
17:13:10 [allowed] §6§lRARE DROP! §r§9Machine Gun Shortbow §r§b(+§r§b64% §r§b✯ Magic Find§r§b)
17:13:11 [allowed] §a§l+10 Kill Combo §r§8+§r§610 §r§7coins per kill
17:13:14 [allowed] §c[BOSS] The Watcher§r§f: Aw, I liked that one.
17:13:15 [allowed] §9§l+15 Kill Combo §r§b+3% §r§b✯ Magic Find
17:13:16 [allowed] §c[BOSS] The Watcher§r§f: I'm impressed.
17:13:18 [allowed] §c[BOSS] The Watcher§r§f: Very nice.
17:13:23 [allowed] §cThere are blocks in the way!
17:13:23 [allowed] §cThere are blocks in the way!
17:13:23 [allowed] §cThere are blocks in the way!
17:13:23 [allowed] §c[BOSS] The Watcher§r§f: I'm impressed.
17:13:23 [allowed] §cThere are blocks in the way!
17:13:23 [allowed] §cThere are blocks in the way!
17:13:23 [allowed] §cThere are blocks in the way!
17:13:23 [allowed] §cThere are blocks in the way!
17:13:23 [allowed] §cYour Kill Combo has expired! You reached a 19 Kill Combo!
17:13:23 [allowed] §cThere are blocks in the way!
17:13:23 [allowed] §cThere are blocks in the way!
17:13:23 [allowed] §cThere are blocks in the way!
17:13:23 [allowed] §cThere are blocks in the way!
17:13:23 [allowed] §cThere are blocks in the way!
17:13:23 [allowed] §cThere are blocks in the way!
17:13:23 [allowed] §c[BOSS] The Watcher§r§f: Very nice.
17:13:24 [allowed] §c[BOSS] The Watcher§r§f: I'm impressed.
17:13:25 [allowed] §c[BOSS] The Watcher§r§f: You have proven yourself. You may pass.
17:13:25 [allowed] §cThere are blocks in the way!
17:13:26 [allowed] §cThere are blocks in the way!
17:13:26 [allowed] §cThere are blocks in the way!
17:13:26 [allowed] §cThere are blocks in the way!
17:13:29 [allowed] §c[BOSS] Sadan§r§f: So you made it all the way here... Now you wish to defy me? Sadan?!
17:13:31 [allowed] §6Ragnarok§r§a is ready to use! Press §r§6§lDROP§r§a to activate it!
17:13:33 [allowed] §c[BOSS] Sadan§r§f: The audacity! I have been the ruler of these floors for a hundred years!
17:13:37 [allowed] §c[BOSS] Sadan§r§f: I am the bridge between this realm and the world below! You shall not pass!
17:13:39 [allowed] §eA §r§a§r§dBlessing of Power§r§e was picked up!
17:13:39 [allowed] §6§lDUNGEON BUFF! §r§fA §r§dBlessing of Power V§r§f was found! (§r§a04m 34s§r§f)
17:13:39 [allowed]      §r§7Granted you §r§a§r§a+30§r§7 & §r§a+1.15x §r§c❁ Strength§r§7.
17:13:39 [allowed]      §r§7Also granted you §r§a§r§a+30§r§7 & §r§a+1.15x §r§9☠ Crit Damage§r§7.
17:13:39 [allowed] §eA §r§a§r§dBlessing of Life§r§e was picked up!
17:13:39 [allowed] §6§lDUNGEON BUFF! §r§fA §r§dBlessing of Life V§r§f was found! (§r§a04m 34s§r§f)
17:13:39 [allowed]      §r§7Granted you §r§a§r§a+1.23x HP §r§7and §r§a§r§a+1.23x §r§c❣ Health Regen§r§7.
17:13:42 [allowed] §7Your Witherborn hit §r§c1 §r§7enemy for §r§c56,617.6 §r§7damage.
17:13:42 [allowed] §c[BOSS] Sadan§r§f: Interesting strategy, waking up my Golems. Or was that unintentional, §r§bGAMEME794§r§r§r?
17:13:45 [allowed] §e§lBerserk Milestone §r§e❺§r§7: You have dealt §r§c50,000,000§r§7 Total Damage so far! §r§a04m 40s
17:13:45 [allowed] §aUsed §r§6Throwing Axe§r§a!
17:13:45 [allowed] §7Your Giant's Sword hit §r§c14 §r§7enemies for §r§c2,505,404 §r§7damage.
17:13:45 [allowed] §cThis ability is on cooldown for 10s.
17:13:45 [allowed] §7Your Throwing Axe hit §r§c5 §r§7enemies for §r§c2,999,009.9 §r§7damage.
17:13:46 [allowed] §e§lBerserk Milestone §r§e❻§r§7: You have dealt §r§c75,000,000§r§7 Total Damage so far! §r§a04m 41s
17:13:46 [allowed] §c[BOSS] Sadan§r§f: All my Golems want is some peace and quiet! Can you not, §r§7KahootSweat§r§r§r?!
17:13:47 [allowed] §e§lBerserk Milestone §r§e❼§r§7: You have dealt §r§c100,000,000§r§7 Total Damage so far! §r§a04m 42s
17:13:50 [allowed] §c[BOSS] Sadan§r§f: How many more of my Golems will you disturb, §r§bGAMEME794§r§r§r?
17:13:51 [allowed] §a§l+5 Kill Combo §r§b+3% §r§b✯ Magic Find
17:13:51 [allowed] §e§lBerserk Milestone §r§e❽§r§7: You have dealt §r§c125,000,000§r§7 Total Damage so far! §r§a04m 46s
17:13:54 [allowed] §c[BOSS] Sadan§r§f: All my Golems want is some peace and quiet! Can you not, §r§acasperiaan18§r§r§r?!
17:13:55 [allowed] §a§r§6Throwing Axe §r§ais now available!
17:13:58 [allowed] §c[BOSS] Sadan§r§f: Reckless humans! You should know by now my Golems do not want to be awoken, §r§acasperiaan18§r§r§r!
17:14:01 [allowed] §6Ragnarok§r§a is ready to use! Press §r§6§lDROP§r§a to activate it!
17:14:01 [allowed] §aYou earned §r§2570 GEXP §r§afrom playing SkyBlock!
17:14:02 [allowed] §c[BOSS] Sadan§r§f: I've never seen such carelessness in my years as a Necromancer! So little regard for my Golems, and even less regard for your own lives! Blame §r§acasperiaan18§r§r§r!
17:14:03 [allowed] §cYour Kill Combo has expired! You reached a 6 Kill Combo!
17:14:05 [allowed] §e§lBerserk Milestone §r§e❾§r§7: You have dealt §r§c150,000,000§r§7 Total Damage so far! §r§a05m 00s
17:14:06 [allowed]  
17:14:06 [allowed]   
17:14:07 [allowed] §c[BOSS] Sadan§r§f: My Terracotta Army is using some of the finest souls - old warriors and wizards!
17:14:16 [allowed] §c[BOSS] Sadan§r§f: ENOUGH!
17:14:20 [allowed] §c[BOSS] Sadan§r§f: My giants! Unleashed!
17:14:24 [allowed] §aUsed §r§6Throwing Axe§r§a!
17:14:26 [allowed] §c[BOSS] Sadan§r§f: Rumor has it those are dead Precursors, legendary civilization.
17:14:33 [allowed] §c[BOSS] Sadan§r§f: How many players does it take to kill a Giant?
17:14:33 [allowed] §6Ragnarok§r§a is ready to use! Press §r§6§lDROP§r§a to activate it!
17:14:34 [allowed] §a§r§6Throwing Axe §r§ais now available!
17:14:36 [allowed] §c[BOSS] Sadan§r§f: Uh oh! Half of my Giant creations have bit the dust! Whatever will I do?
17:14:41 [allowed] §c[BOSS] Sadan§r§f: Down to 1 Giant!
17:14:44 [allowed] §c[BOSS] Sadan§r§f: You did it. I understand now, you have earned my respect.
17:14:48 [allowed] §c[BOSS] Sadan§r§f: If only you had become my disciples instead of this incompetent bunch.
17:14:52 [allowed] §c[BOSS] Sadan§r§f: Maybe in another life. Until then, meet my ultimate corpse.
17:14:56 [allowed] §c[BOSS] Sadan§r§f: I'm sorry, but I need to concentrate. I wish it didn't have to come to this.
17:14:59 [allowed] §aUsed §r§6Throwing Axe§r§a!
17:14:59 [allowed] §7Your Giant's Sword hit §r§c1 §r§7enemy for §r§c308,256 §r§7damage.
17:14:59 [allowed] §7Your Throwing Axe hit §r§c2 §r§7enemies for §r§c1,145,531.6 §r§7damage.
17:15:01 [allowed] §cThis ability is on cooldown for 8s.
17:15:02 [allowed] §c§lThe Giant One§r§c hit you with §r§eSword of 10,000 Truths §r§cfor 371 damage!
17:15:03 [allowed] §6Ragnarok§r§a is ready to use! Press §r§6§lDROP§r§a to activate it!
17:15:04 [allowed] §c[BOSS] Sadan§r§f: NOOOOOOOOO!!! THIS IS IMPOSSIBLE!!
17:15:04 [allowed] §a§l▬▬▬▬▬▬▬▬▬▬▬▬▬▬▬▬▬▬▬▬▬▬▬▬▬▬▬▬▬▬▬▬▬▬▬▬▬▬▬▬▬▬▬▬▬▬▬▬▬▬▬▬▬▬▬▬▬▬▬▬▬▬▬▬
17:15:04 [allowed] §f                        §r§cThe Catacombs §r§8- §r§eFloor VI
17:15:04 [allowed] 
17:15:04 [allowed] §f                           §r§fTeam Score: §r§a310 §r§f(§r§b§lS+§r§f)
17:15:04 [allowed] §f                      §r§c☠ §r§eDefeated §r§cSadan §r§ein §r§a05m 59s
17:15:04 [allowed] §f                             §6> §e§lEXTRA STATS §6<
17:15:04 [allowed] §f                                   §r§8+§r§b39 Bits
17:15:04 [allowed] §f                    §r§8+§r§314,411.1 Catacombs Experience
17:15:04 [allowed] §f                      §r§8+§r§37,349.6 Berserk Experience
17:15:04 [allowed] §f                §r§8+§r§31,837.4 Tank Experience §r§b(Team Bonus)
17:15:04 [allowed] §f               §r§8+§r§31,837.4 Mage Experience §r§b(Team Bonus)
17:15:04 [allowed] §f              §r§8+§r§31,837.4 Archer Experience §r§b(Team Bonus)
17:15:04 [allowed] §a§l▬▬▬▬▬▬▬▬▬▬▬▬▬▬▬▬▬▬▬▬▬▬▬▬▬▬▬▬▬▬▬▬▬▬▬▬▬▬▬▬▬▬▬▬▬▬▬▬▬▬▬▬▬▬▬▬▬▬▬▬▬▬▬▬
17:15:04 [allowed] §a§l▬▬▬▬▬▬▬▬▬▬▬▬▬▬▬▬▬▬▬▬▬▬▬▬▬▬▬▬▬▬▬▬▬▬▬▬▬▬▬▬▬▬▬▬▬▬▬▬▬▬▬▬▬▬▬▬▬▬▬▬▬▬▬▬
17:15:04 [allowed] §f                     §r§cThe Catacombs §r§8- §r§eFloor VI Stats
17:15:04 [allowed] 
17:15:04 [allowed] §f                           §r§fTeam Score: §r§a310 §r§f(§r§b§lS+§r§f)
17:15:04 [allowed] §f                      §r§c☠ §r§eDefeated §r§cSadan §r§ein §r§a05m 59s
17:15:04 [allowed] 
17:15:04 [allowed] §f                 §r§fTotal Damage as Berserk: §r§a225,275,559
17:15:04 [allowed] §f                             §r§fAlly Healing: §r§a23,538
17:15:04 [allowed] §f                              §r§fEnemies Killed: §r§a76
17:15:04 [allowed] §f                                   §r§fDeaths: §r§c0
17:15:04 [allowed] §f                              §r§fSecrets Found: §r§b5
17:15:04 [allowed] 
17:15:04 [allowed] §a§l▬▬▬▬▬▬▬▬▬▬▬▬▬▬▬▬▬▬▬▬▬▬▬▬▬▬▬▬▬▬▬▬▬▬▬▬▬▬▬▬▬▬▬▬▬▬▬▬▬▬▬▬▬▬▬▬▬▬▬▬▬▬▬▬
17:15:08 [allowed] §c[BOSS] Sadan§r§f: FATHER, FORGIVE ME!!!
17:15:08 [allowed]  
17:15:08 [allowed]   
17:15:09 [allowed] §a§r§6Throwing Axe §r§ais now available!
17:15:12 [allowed] §d§lRNG METER! §r§aReselected the §6Recombobulator 3000 §afor §cCatacombs - Floor 6§a! §e§lCLICK HERE §r§ato select a new drop!
17:15:13 [allowed] §9§m-----------------------------
§r§7KahootSweat§r§7 §r§eentered §r§aThe Catacombs§r§e, §r§eFloor VI§r§e!
§r§9§m-----------------------------
17:15:14 [allowed] §7Sending to server mini98DQ...
17:15:15 [allowed] §8 §r§8 §r§1 §r§3 §r§3 §r§7 §r§8 
17:15:17 [allowed] §7KahootSweat§r§a is now ready!
17:15:17 [allowed] §aWishmeleehhh§r§a is now ready!
17:15:17 [allowed] §acasperiaan18§r§a is now ready!
17:15:17 [allowed] §bGAMEME794§r§a is now ready!
17:15:17 [allowed] §aRellLovesWomen§r§a is now ready!
17:15:17 [allowed] §aYou are playing on profile: §eCucumber
17:15:17 [allowed] §8Profile ID: d3b760d9-e0d9-41d4-8f47-31e118afcace
17:15:17 [allowed] §aStarting in 4 seconds.
17:15:18 [allowed]  
17:15:18 [allowed]   
17:15:18 [allowed]  
17:15:18 [allowed]   
17:15:18 [allowed] §aStarting in 3 seconds.
17:15:19 [allowed] §aStarting in 2 seconds.
17:15:20 [allowed] §aStarting in 1 second.
17:15:21 [allowed] §e[NPC] §bMort§f: §rHere, I found this map when I first entered the dungeon.
17:15:23 [allowed] §e[NPC] §bMort§f: §rYou should find it useful if you get lost.
17:15:25 [allowed] §e[NPC] §bMort§f: §rGood luck.
17:15:25 [allowed] §aUsed §r§6Ragnarok§r§a!
17:15:25 [allowed] §cYour Ultimate is currently on cooldown for 60 more seconds.
17:15:26 [allowed] §cYour Ultimate is currently on cooldown for 60 more seconds.
17:15:27 [allowed] §a[VIP] Wishmeleehhh§r§f §r§ehas obtained §r§a§r§6§r§8Wither Key§r§e!
17:15:27 [allowed] §e§lRIGHT CLICK §r§7on §r§7a §r§8WITHER §r§7door§r§7 to open it. This key can only be used to open §r§a1§r§7 door!
17:15:27 [allowed] §a[VIP] Wishmeleehhh§r§f §r§ehas obtained §r§a§r§6Revive Stone§r§e!
17:15:27 [allowed] §7The §r§aTraining Weights §r§7shatter as you remove them...
17:15:27 [allowed] §7You suddenly feel a bit stronger!
17:15:27 [allowed] §aYou gained §r§c+1❁ Strength §r§afor 2 minutes.
17:15:27 [allowed] §8The Training Weights shatter as they hit the ground.
17:15:27 [allowed] §e⚠ §aYour drops can't be seen by other players in §bSkyBlock§a!
§aOnly you can pickup your dropped items!
§eClick here to disable this alert forever!
17:15:28 [allowed] §a§r§7KahootSweat§r§a opened a §r§8§lWITHER §r§adoor!
17:15:30 [allowed] §6§lDUNGEON BUFF! §r§acasperiaan18 §r§ffound a §r§dBlessing of Power I§r§f!
17:15:30 [allowed]      §r§7Granted you §r§a§r§a+6§r§7 & §r§a+1.03x §r§c❁ Strength§r§7.
17:15:30 [allowed]      §r§7Also granted you §r§a§r§a+6§r§7 & §r§a+1.03x §r§9☠ Crit Damage§r§7.
17:15:33 [allowed] §e§lBerserk Milestone §r§e❶§r§7: You have dealt §r§c500,000§r§7 Total Damage so far! §r§a11s
17:15:35 [allowed] §a[VIP] Wishmeleehhh§r§f §r§ehas obtained §r§a§r§6§r§8Wither Key§r§e!
17:15:35 [allowed] §e§lRIGHT CLICK §r§7on §r§7a §r§8WITHER §r§7door§r§7 to open it. This key can only be used to open §r§a1§r§7 door!
17:15:35 [allowed] §a[VIP] Wishmeleehhh§r§f §r§ehas obtained §r§a§r§6Revive Stone§r§e!
17:15:40 [allowed] §a§r§7KahootSweat§r§a opened a §r§8§lWITHER §r§adoor!
17:15:40 [allowed] §cThere are blocks in the way!
17:15:41 [allowed] §cThere are blocks in the way!
17:15:42 [allowed] §6§lDUNGEON BUFF! §r§aRellLovesWomen §r§ffound a §r§dBlessing of Wisdom I§r§f!
17:15:42 [allowed]      §r§7Granted you §r§a§r§a+6§r§7 & §r§a+1.03x §r§b✎ Intelligence §r§7and §r§a+4.8 §r§f✦ Speed§r§7.
17:15:52 [allowed] §7Your Witherborn hit §r§c1 §r§7enemy for §r§c27,670.4 §r§7damage.
17:15:53 [allowed] §cThere are blocks in the way!
17:15:53 [allowed] §cThere are blocks in the way!
17:15:53 [allowed] §cThere are blocks in the way!
17:15:56 [allowed] §e§lBerserk Milestone §r§e❷§r§7: You have dealt §r§c2,500,000§r§7 Total Damage so far! §r§a34s
17:15:56 [allowed] §a§l+5 Kill Combo §r§b+3% §r§b✯ Magic Find
17:15:57 [allowed] §a[VIP] RellLovesWomen§r§f §r§ehas obtained §r§a§r§6§r§8Wither Key§r§e!
17:15:57 [allowed] §e§lRIGHT CLICK §r§7on §r§7a §r§8WITHER §r§7door§r§7 to open it. This key can only be used to open §r§a1§r§7 door!
17:15:57 [allowed] §a[VIP] RellLovesWomen§r§f §r§ehas obtained §r§a§r§9Superboom TNT§r§e!
17:15:58 [allowed] §6§lDUNGEON BUFF! §r§aWishmeleehhh §r§ffound a §r§dBlessing of Stone I§r§f!
17:15:58 [allowed]      §r§7Granted you §r§a§r§a+6§r§7 & §r§a+1.03x §r§a❈ Defense §r§7and §r§a+7.2 §r§c❁ Damage§r§7.
17:16:01 [allowed] §6§lDUNGEON BUFF! §r§aWishmeleehhh §r§ffound a §r§dBlessing of Power V§r§f!
17:16:01 [allowed]      §r§7Granted you §r§a§r§a+30§r§7 & §r§a+1.15x §r§c❁ Strength§r§7.
17:16:01 [allowed]      §r§7Also granted you §r§a§r§a+30§r§7 & §r§a+1.15x §r§9☠ Crit Damage§r§7.
17:16:01 [allowed] §cThere are blocks in the way!
17:16:01 [allowed] §cThere are blocks in the way!
17:16:01 [allowed] §cThere are blocks in the way!
17:16:02 [allowed] §a[VIP§r§6+§r§a] casperiaan18§r§f §r§ehas obtained §r§a§r§dBlessing of Stone§r§e!
17:16:02 [allowed] §6§lDUNGEON BUFF! §r§acasperiaan18 §r§ffound a §r§dBlessing of Stone V§r§f! (§r§a40s§r§f)
17:16:02 [allowed]      §r§7Granted you §r§a§r§a+30§r§7 & §r§a+1.15x §r§a❈ Defense §r§7and §r§a+36 §r§c❁ Damage§r§7.
17:16:02 [allowed] §cThere are blocks in the way!
17:16:03 [allowed] §a§r§aRellLovesWomen§r§a opened a §r§8§lWITHER §r§adoor!
17:16:03 [allowed] §fYou found a §r§dWither Essence§r§f! Everyone gains an extra essence!
17:16:04 [allowed] §cYour Kill Combo has expired! You reached a 6 Kill Combo!
17:16:16 [allowed] §6§lDUNGEON BUFF! §r§fYou found a §r§dBlessing of Life I§r§f!
17:16:16 [allowed]      §r§7Granted you §r§a§r§a+1.04x HP §r§7and §r§a§r§a+1.04x §r§c❣ Health Regen§r§7.
17:16:20 [allowed] §a[VIP] RellLovesWomen§r§f §r§ehas obtained §r§a§r§c§r§cBlood Key§r§e!
17:16:20 [allowed] §e§lRIGHT CLICK §r§7on §r§7the §r§cBLOOD DOOR§r§7 to open it. This key can only be used to open §r§a1§r§7 door!
17:16:21 [allowed] §7KahootSweat §r§ffound a §r§dWither Essence§r§f! Everyone gains an extra essence!
17:16:21 [allowed] §a[VIP] RellLovesWomen§r§f §r§ehas obtained §r§a§r§9Superboom TNT§r§e!
17:16:21 [allowed] §cThere are blocks in the way!
17:16:22 [allowed]  
17:16:22 [allowed]   
17:16:23 [allowed] §7Your Witherborn hit §r§c2 §r§7enemies for §r§c1,723,725.5 §r§7damage.
17:16:27 [allowed] §a§l+5 Kill Combo §r§b+3% §r§b✯ Magic Find
17:16:29 [allowed] §aYour Berserk §r§e§lULTIMATE§r§a §r§6Ragnarok §r§ais now available!
17:16:30 [allowed] §aWishmeleehhh §r§ffound a §r§dWither Essence§r§f! Everyone gains an extra essence!
17:16:32 [allowed] §cThe §r§c§lBLOOD DOOR§r§c has been opened!
17:16:32 [allowed] §5A shiver runs down your spine...
17:16:32 [allowed] §c[BOSS] The Watcher§r§f: Oh.. hello?
17:16:33 [allowed] §6§lDUNGEON BUFF! §r§fYou found a §r§dBlessing of Stone I§r§f!
17:16:33 [allowed]      §r§7Granted you §r§a§r§a+6§r§7 & §r§a+1.03x §r§a❈ Defense §r§7and §r§a+7.2 §r§c❁ Damage§r§7.
17:16:36 [allowed] §c[BOSS] The Watcher§r§f: You've arrived too early, I haven't even set up..
17:16:37 [allowed] §cYour Kill Combo has expired! You reached a 6 Kill Combo!
17:16:40 [allowed] §c[BOSS] The Watcher§r§f: Anyway, let's fight.. I guess.
17:16:42 [allowed] §6§lDUNGEON BUFF! §r§acasperiaan18 §r§ffound a §r§dBlessing of Life II§r§f!
17:16:42 [allowed]      §r§7Granted you §r§a§r§a+1.09x HP §r§7and §r§a§r§a+1.09x §r§c❣ Health Regen§r§7.
17:16:46 [allowed] §c[BOSS] The Watcher§r§f: Go, fight!
17:16:47 [allowed] §6Ragnarok§r§a is ready to use! Press §r§6§lDROP§r§a to activate it!
17:16:49 [allowed] §c[BOSS] The Watcher§r§f: You'll do.
17:16:49 [allowed] §a[VIP] Wishmeleehhh§r§f §r§ehas obtained §r§a§r§9Superboom TNT §r§8x2§r§e!
17:16:50 [allowed] §a[VIP] RellLovesWomen§r§f §r§ehas obtained §r§a§r§9Superboom TNT§r§e!
17:16:51 [allowed] §a[VIP] RellLovesWomen§r§f §r§ehas obtained §r§a§r§dBlessing of Wisdom§r§e!
17:16:51 [allowed] §6§lDUNGEON BUFF! §r§aRellLovesWomen §r§ffound a §r§dBlessing of Wisdom V§r§f! (§r§a01m 29s§r§f)
17:16:51 [allowed]      §r§7Granted you §r§a§r§a+30§r§7 & §r§a+1.15x §r§b✎ Intelligence §r§7and §r§a+24 §r§f✦ Speed§r§7.
17:16:51 [allowed] §7Your Witherborn hit §r§c2 §r§7enemies for §r§c1,529,613.2 §r§7damage.
17:16:52 [allowed] §cThe Stormy Crypt Dreadlord§r§c struck you for 647.8 damage!
17:16:53 [allowed] §c[BOSS] The Watcher§r§f: This guy looks like a fighter.
17:16:55 [allowed] §c[BOSS] The Watcher§r§f: Let's see how you can handle this.
17:17:02 [allowed] §a§lPUZZLE SOLVED! §r§aRellLovesWomen §r§ewasn't fooled by §r§cMontgomery§r§e! §r§4G§r§co§r§6o§r§ed§r§a §r§2j§r§bo§r§3b§r§5!
17:17:04 [allowed] §6§lDUNGEON BUFF! §r§aRellLovesWomen §r§ffound a §r§dBlessing of Power V§r§f!
17:17:04 [allowed]      §r§7Granted you §r§a§r§a+30§r§7 & §r§a+1.15x §r§c❁ Strength§r§7.
17:17:04 [allowed]      §r§7Also granted you §r§a§r§a+30§r§7 & §r§a+1.15x §r§9☠ Crit Damage§r§7.
17:17:10 [allowed] §6§lDUNGEON BUFF! §r§7KahootSweat §r§ffound a §r§dBlessing of Power II§r§f!
17:17:10 [allowed]      §r§7Granted you §r§a§r§a+12§r§7 & §r§a+1.06x §r§c❁ Strength§r§7.
17:17:10 [allowed]      §r§7Also granted you §r§a§r§a+12§r§7 & §r§a+1.06x §r§9☠ Crit Damage§r§7.
17:17:11 [allowed] §6§lDUNGEON BUFF! §r§aWishmeleehhh §r§ffound a §r§dBlessing of Life I§r§f!
17:17:11 [allowed]      §r§7Granted you §r§a§r§a+1.04x HP §r§7and §r§a§r§a+1.04x §r§c❣ Health Regen§r§7.
17:17:17 [allowed] §c[BOSS] The Watcher§r§f: This guy looks like a fighter.
17:17:17 [allowed] §6Ragnarok§r§a is ready to use! Press §r§6§lDROP§r§a to activate it!
17:17:18 [allowed] §e§lBerserk Milestone §r§e❸§r§7: You have dealt §r§c10,000,000§r§7 Total Damage so far! §r§a01m 56s
17:17:18 [allowed] §a§l+5 Kill Combo §r§b+3% §r§b✯ Magic Find
17:17:23 [allowed]  
17:17:23 [allowed]   
17:17:24 [allowed] §c[BOSS] The Watcher§r§f: Go and live again!
17:17:26 [allowed] §6§lESSENCE! §r§aRellLovesWomen §r§ffound §r§bx10 Ice Essence§r§f!
17:17:28 [allowed] §a§l+10 Kill Combo §r§8+§r§610 §r§7coins per kill
17:17:35 [allowed] §cYour Kill Combo has expired! You reached a 14 Kill Combo!
17:17:38 [allowed] §a§lPUZZLE SOLVED! §r§aRellLovesWomen §r§etied Tic Tac Toe! §r§4G§r§co§r§6o§r§ed§r§a §r§2j§r§bo§r§3b§r§5!
17:17:44 [allowed] §6§lDUNGEON BUFF! §r§aWishmeleehhh §r§ffound a §r§dBlessing of Life I§r§f!
17:17:44 [allowed]      §r§7Granted you §r§a§r§a+1.04x HP §r§7and §r§a§r§a+1.04x §r§c❣ Health Regen§r§7.
17:17:48 [allowed] §6Ragnarok§r§a is ready to use! Press §r§6§lDROP§r§a to activate it!
17:17:48 [allowed] §c[BOSS] The Watcher§r§f: This guy looks like a fighter.
17:17:50 [allowed] §7Your Witherborn hit §r§c4 §r§7enemies for §r§c2,782,227.1 §r§7damage.
17:17:51 [allowed] §c ☠ §r§7§r§aRellLovesWomen§r§7 was killed by §r§d§lFrozen Adventurer§r§7 and became a ghost§r§7.
17:17:51 [allowed] §a§l+5 Kill Combo §r§b+3% §r§b✯ Magic Find
17:17:52 [allowed] §e§lBerserk Milestone §r§e❹§r§7: You have dealt §r§c25,000,000§r§7 Total Damage so far! §r§a02m 30s
17:17:52 [allowed] §c[BOSS] The Watcher§r§f: Go and live again!
17:17:52 [allowed] §c ☠ §r§7§r§aWishmeleehhh§r§7 died to a trap and became a ghost§r§7.
17:17:53 [allowed] §a ❣ §r§7§r§aWishmeleehhh §r§7is reviving §r§aWishmeleehhh§r§7!
17:17:55 [allowed] §a§l+10 Kill Combo §r§8+§r§610 §r§7coins per kill
17:17:57 [allowed] §aUsed §r§6Throwing Axe§r§a!
17:17:58 [allowed] §fYou found a §r§dWither Essence§r§f! Everyone gains an extra essence!
17:17:59 [allowed] §a ❣ §r§7§r§aWishmeleehhh§r§a was revived by §r§aWishmeleehhh§r§a!
17:18:00 [allowed] §b[MVP§r§c+§r§b] GAMEME794§r§f §r§ehas obtained §r§a§r§9Superboom TNT§r§e!
17:18:00 [allowed] §c[BOSS] The Watcher§r§f: You'll do.
17:18:06 [allowed] §cThere are blocks in the way!
17:18:06 [allowed] §cThere are blocks in the way!
17:18:07 [allowed] §cThere are blocks in the way!
17:18:07 [allowed] §a§r§6Throwing Axe §r§ais now available!
17:18:07 [allowed] §9§l+15 Kill Combo §r§b+3% §r§b✯ Magic Find
17:18:07 [allowed] §9Party §8> §a[VIP] Wishmeleehhh§f: §rSkytils-SC > 270 score
17:18:08 [allowed] §9Party §8> §7KahootSweat§f: §rSkytils-SC > 270 score
17:18:08 [allowed] §9Party §8> §a[VIP§6+§a] casperiaan18§f: §r270 Score!
17:18:08 [allowed] §6§lDUNGEON BUFF! §r§acasperiaan18 §r§ffound a §r§dBlessing of Life II§r§f!
17:18:08 [allowed]      §r§7Granted you §r§a§r§a+1.09x HP §r§7and §r§a§r§a+1.09x §r§c❣ Health Regen§r§7.
17:18:09 [allowed] §5§l+20 Kill Combo §r§8§r§3+15☯ Combat Wisdom
17:18:12 [allowed] §c[BOSS] The Watcher§r§f: Hmmm... this one!
17:18:16 [allowed] §cYour Kill Combo has expired! You reached a 24 Kill Combo!
17:18:16 [allowed] §6§lDUNGEON BUFF! §r§acasperiaan18 §r§ffound a §r§dBlessing of Stone II§r§f!
17:18:16 [allowed]      §r§7Granted you §r§a§r§a+12§r§7 & §r§a+1.06x §r§a❈ Defense §r§7and §r§a+14.4 §r§c❁ Damage§r§7.
17:18:17 [allowed] §3§l▬▬▬▬▬▬▬▬▬▬▬▬▬▬▬▬▬▬▬▬▬▬▬▬▬▬▬▬▬▬▬▬▬▬▬▬▬▬▬▬▬▬▬▬▬▬▬▬▬▬▬▬▬▬▬▬▬▬▬▬▬▬▬▬
17:18:17 [allowed]  
17:18:18 [allowed] §a ❣ §r§7§r§aRellLovesWomen§r§a was revived by §r§dTrisha the Fairy§r§a!
17:18:18 [allowed] §6Ragnarok§r§a is ready to use! Press §r§6§lDROP§r§a to activate it!
17:18:18 [allowed] §c[BOSS] The Watcher§r§f: Go, fight!
17:18:19 [allowed] §e§lBerserk Milestone §r§e❺§r§7: You have dealt §r§c50,000,000§r§7 Total Damage so far! §r§a02m 57s
17:18:23 [allowed] §c[BOSS] The Watcher§r§f: Hmmm... this one!
17:18:23 [allowed] §aYou found a journal named §r§6The Apprentice, Part 3§r§a!
17:18:23 [allowed]  
17:18:23 [allowed]   
17:18:26 [allowed] §aUsed §r§6Throwing Axe§r§a!
17:18:26 [allowed] §cThis ability is on cooldown for 1s.
17:18:27 [allowed] §fYou found a §r§dWither Essence§r§f! Everyone gains an extra essence!
17:18:31 [allowed] §c[BOSS] The Watcher§r§f: Go and live again!
17:18:34 [allowed] §c[BOSS] The Watcher§r§f: That will be enough for now.
17:18:34 [allowed] §7Your Witherborn hit §r§c2 §r§7enemies for §r§c1,795,700.4 §r§7damage.
17:18:36 [allowed] §a§r§6Throwing Axe §r§ais now available!
17:18:40 [allowed] §a[VIP] RellLovesWomen§r§f §r§ehas obtained §r§a§r§9Superboom TNT§r§e!
17:18:41 [allowed] §a[VIP] RellLovesWomen§r§f §r§ehas obtained §r§a§r§dBlessing of Life§r§e!
17:18:41 [allowed] §6§lDUNGEON BUFF! §r§aRellLovesWomen §r§ffound a §r§dBlessing of Life V§r§f! (§r§a03m 19s§r§f)
17:18:41 [allowed]      §r§7Granted you §r§a§r§a+1.23x HP §r§7and §r§a§r§a+1.23x §r§c❣ Health Regen§r§7.
17:18:47 [allowed] §6§lDUNGEON BUFF! §r§aWishmeleehhh §r§ffound a §r§dBlessing of Power I§r§f!
17:18:47 [allowed]      §r§7Granted you §r§a§r§a+6§r§7 & §r§a+1.03x §r§c❁ Strength§r§7.
17:18:47 [allowed]      §r§7Also granted you §r§a§r§a+6§r§7 & §r§a+1.03x §r§9☠ Crit Damage§r§7.
17:18:47 [allowed] §6§lDUNGEON BUFF! §r§7KahootSweat §r§ffound a §r§dBlessing of Stone I§r§f!
17:18:47 [allowed]      §r§7Granted you §r§a§r§a+6§r§7 & §r§a+1.03x §r§a❈ Defense §r§7and §r§a+7.2 §r§c❁ Damage§r§7.
17:18:49 [allowed] §6Ragnarok§r§a is ready to use! Press §r§6§lDROP§r§a to activate it!
17:18:53 [allowed] §c[BOSS] The Watcher§r§f: I'm impressed.
17:18:55 [allowed] §c[BOSS] The Watcher§r§f: You have proven yourself. You may pass.
17:19:00 [allowed] §a[VIP§r§6+§r§a] casperiaan18§r§f §r§ehas obtained §r§a§r§dBlessing of Life§r§e!
17:19:00 [allowed] §6§lDUNGEON BUFF! §r§acasperiaan18 §r§ffound a §r§dBlessing of Life V§r§f! (§r§a03m 39s§r§f)
17:19:00 [allowed]      §r§7Granted you §r§a§r§a+1.23x HP §r§7and §r§a§r§a+1.23x §r§c❣ Health Regen§r§7.
17:19:00 [allowed] §a[VIP§r§6+§r§a] casperiaan18§r§f §r§ehas obtained §r§a§r§dBlessing of Power§r§e!
17:19:00 [allowed] §6§lDUNGEON BUFF! §r§acasperiaan18 §r§ffound a §r§dBlessing of Power V§r§f! (§r§a03m 39s§r§f)
17:19:00 [allowed]      §r§7Granted you §r§a§r§a+30§r§7 & §r§a+1.15x §r§c❁ Strength§r§7.
17:19:00 [allowed]      §r§7Also granted you §r§a§r§a+30§r§7 & §r§a+1.15x §r§9☠ Crit Damage§r§7.
17:19:01 [allowed] §cThere are blocks in the way!
17:19:01 [allowed] §cThere are blocks in the way!
17:19:08 [allowed] §cThere are blocks in the way!
17:19:08 [allowed] §cThere are blocks in the way!
17:19:08 [allowed] §cThere are blocks in the way!
17:19:11 [allowed] §cThere are blocks in the way!
17:19:17 [allowed] §cThere are blocks in the way!
17:19:17 [allowed] §cThere are blocks in the way!
17:19:17 [allowed] §cThere are blocks in the way!
17:19:17 [allowed] §cThere are blocks in the way!
17:19:18 [allowed] §cThere are blocks in the way!
17:19:19 [allowed] §6Ragnarok§r§a is ready to use! Press §r§6§lDROP§r§a to activate it!
17:19:20 [allowed] §6§lDUNGEON BUFF! §r§7KahootSweat §r§ffound a §r§dBlessing of Wisdom II§r§f!
17:19:20 [allowed]      §r§7Granted you §r§a§r§a+12§r§7 & §r§a+1.06x §r§b✎ Intelligence §r§7and §r§a+9.6 §r§f✦ Speed§r§7.
17:19:20 [allowed] §a[VIP] Wishmeleehhh§r§f §r§ehas obtained §r§a§r§dBlessing of Wisdom§r§e!
17:19:20 [allowed] §6§lDUNGEON BUFF! §r§aWishmeleehhh §r§ffound a §r§dBlessing of Wisdom V§r§f! (§r§a03m 59s§r§f)
17:19:20 [allowed]      §r§7Granted you §r§a§r§a+30§r§7 & §r§a+1.15x §r§b✎ Intelligence §r§7and §r§a+24 §r§f✦ Speed§r§7.
17:19:20 [allowed] §a[VIP] Wishmeleehhh§r§f §r§ehas obtained §r§a§r§9Superboom TNT§r§e!
17:19:23 [allowed] §9Party §8> §a[VIP] Wishmeleehhh§f: §rSkytils-SC > We got s+ Babyyyyyyyy
17:19:24 [allowed] §9Party §8> §a[VIP§6+§a] casperiaan18§f: §rS+ go!
17:19:24 [allowed]  
17:19:24 [allowed]   
17:19:27 [allowed] §c[BOSS] Sadan§r§f: So you made it all the way here... Now you wish to defy me? Sadan?!
17:19:31 [allowed] §c[BOSS] Sadan§r§f: The audacity! I have been the ruler of these floors for a hundred years!
17:19:34 [allowed] §7Your Witherborn hit §r§c1 §r§7enemy for §r§c56,617.6 §r§7damage.
17:19:35 [allowed] §c[BOSS] Sadan§r§f: I am the bridge between this realm and the world below! You shall not pass!
17:19:38 [allowed] §aUsed §r§6Throwing Axe§r§a!
17:19:38 [allowed] §7Your Throwing Axe hit §r§c1 §r§7enemy for §r§c623,662.9 §r§7damage.
17:19:39 [allowed] §c[BOSS] Sadan§r§f: Those Golems will be your undoing, §r§bGAMEME794§r§r§r!
17:19:43 [allowed] §c[BOSS] Sadan§r§f: How many more of my Golems will you disturb, §r§7KahootSweat§r§r§r?
17:19:46 [allowed] §cThis ability is on cooldown for 2s.
17:19:48 [allowed] §c[BOSS] Sadan§r§f: All my Golems want is some peace and quiet! Can you not, §r§7KahootSweat§r§r§r?!
17:19:48 [allowed] §a§r§6Throwing Axe §r§ais now available!
17:19:52 [allowed] §6Ragnarok§r§a is ready to use! Press §r§6§lDROP§r§a to activate it!
17:19:52 [allowed] §c[BOSS] Sadan§r§f: Reckless humans! You should know by now my Golems do not want to be awoken, §r§7KahootSweat§r§r§r!
17:19:55 [allowed] §c[BOSS] Sadan§r§f: How many more of my Golems will you disturb, §r§aWishmeleehhh§r§r§r?
17:19:57 [allowed] §aUsed §r§6Throwing Axe§r§a!
17:19:57 [allowed] §7Your Giant's Sword hit §r§c1 §r§7enemy for §r§c189,369 §r§7damage.
17:19:58 [allowed] §7Your Throwing Axe hit §r§c2 §r§7enemies for §r§c562,725.5 §r§7damage.
17:20:00 [allowed] §c[BOSS] Sadan§r§f: Thanks to §r§acasperiaan18§r§r§r, all of my Golems have been awoken! Quite the feat!
17:20:06 [allowed] §e§lBerserk Milestone §r§e❻§r§7: You have dealt §r§c75,000,000§r§7 Total Damage so far! §r§a04m 44s
17:20:06 [allowed] §cThis ability is on cooldown for 1s.
17:20:07 [allowed] §a§r§6Throwing Axe §r§ais now available!
17:20:09 [allowed] §e§lBerserk Milestone §r§e❼§r§7: You have dealt §r§c100,000,000§r§7 Total Damage so far! §r§a04m 48s
17:20:17 [allowed] §e§lBerserk Milestone §r§e❽§r§7: You have dealt §r§c125,000,000§r§7 Total Damage so far! §r§a04m 55s
17:20:20 [allowed] §6Ragnarok§r§a is ready to use! Press §r§6§lDROP§r§a to activate it!
17:20:20 [allowed] §aYou earned §r§2568 GEXP §r§afrom playing SkyBlock!
17:20:23 [allowed] §c[BOSS] Sadan§r§f: My Terracotta Army is using some of the finest souls - old warriors and wizards!
17:20:25 [allowed]  
17:20:25 [allowed]   
17:20:27 [allowed] §7Your Witherborn hit §r§c8 §r§7enemies for §r§c1,144,166.8 §r§7damage.
17:20:28 [allowed] §e§lBerserk Milestone §r§e❾§r§7: You have dealt §r§c150,000,000§r§7 Total Damage so far! §r§a05m 07s
17:20:34 [allowed] §c[BOSS] Sadan§r§f: ENOUGH!
17:20:39 [allowed] §c[BOSS] Sadan§r§f: My giants! Unleashed!
17:20:40 [allowed] §aUsed §r§6Throwing Axe§r§a!
17:20:43 [allowed] §cThis ability is on cooldown for 8s.
17:20:43 [allowed] §cThis ability is on cooldown for 7s.
17:20:45 [allowed] §c[BOSS] Sadan§r§f: Rumor has it those are dead Precursors, legendary civilization.
17:20:50 [allowed] §6Ragnarok§r§a is ready to use! Press §r§6§lDROP§r§a to activate it!
17:20:50 [allowed] §a§r§6Throwing Axe §r§ais now available!
17:20:50 [allowed] §3§lThe Diamond Giant§r§c hit you with §r§eSword of 10,000 Truths §r§cfor 344 damage!
17:20:51 [allowed] §7Your Witherborn hit §r§c1 §r§7enemy for §r§c174,471.7 §r§7damage.
17:20:54 [allowed] §4§lL.A.S.R.§r§c hit you with §r§eLaser Eyes §r§cfor 225 damage!
17:20:55 [allowed] §c[BOSS] Sadan§r§f: How many players does it take to kill a Giant?
17:20:59 [allowed] §c[BOSS] Sadan§r§f: That Giant was weak! I clearly screwed up during the necromancy process.
17:21:00 [allowed] §aUsed §r§6Throwing Axe§r§a!
17:21:01 [allowed] §7Your Throwing Axe hit §r§c2 §r§7enemies for §r§c3,223,621.4 §r§7damage.
17:21:03 [allowed] §c[BOSS] Sadan§r§f: Down to 1 Giant!
17:21:04 [allowed] §c[BOSS] Sadan§r§f: You did it. I understand now, you have earned my respect.
17:21:08 [allowed] §c[BOSS] Sadan§r§f: If only you had become my disciples instead of this incompetent bunch.
17:21:10 [allowed] §a§r§6Throwing Axe §r§ais now available!
17:21:12 [allowed] §c[BOSS] Sadan§r§f: Maybe in another life. Until then, meet my ultimate corpse.
17:21:15 [allowed] §aUsed §r§6Throwing Axe§r§a!
17:21:17 [allowed] §c[BOSS] Sadan§r§f: I'm sorry, but I need to concentrate. I wish it didn't have to come to this.
17:21:19 [allowed] §aUsed §r§6Ragnarok§r§a!
17:21:23 [allowed] §c§lThe Giant One§r§c hit you with §r§eSword of 10,000 Truths §r§cfor 345 damage!
17:21:25 [allowed]  
17:21:25 [allowed]   
17:21:25 [allowed] §a§r§6Throwing Axe §r§ais now available!
17:21:25 [allowed] §c[BOSS] Sadan§r§f: NOOOOOOOOO!!! THIS IS IMPOSSIBLE!!
17:21:26 [allowed] §a§l▬▬▬▬▬▬▬▬▬▬▬▬▬▬▬▬▬▬▬▬▬▬▬▬▬▬▬▬▬▬▬▬▬▬▬▬▬▬▬▬▬▬▬▬▬▬▬▬▬▬▬▬▬▬▬▬▬▬▬▬▬▬▬▬
17:21:26 [allowed] §f                        §r§cThe Catacombs §r§8- §r§eFloor VI
17:21:26 [allowed] 
17:21:26 [allowed] §f                           §r§fTeam Score: §r§a300 §r§f(§r§b§lS+§r§f)
17:21:26 [allowed] §f                      §r§c☠ §r§eDefeated §r§cSadan §r§ein §r§a06m 04s
17:21:26 [allowed] §f                             §6> §e§lEXTRA STATS §6<
17:21:26 [allowed] §f                                   §r§8+§r§b39 Bits
17:21:26 [allowed] §f                    §r§8+§r§314,688.8 Catacombs Experience
17:21:26 [allowed] §f                      §r§8+§r§37,491.3 Berserk Experience
17:21:26 [allowed] §f               §r§8+§r§31,872.8 Mage Experience §r§b(Team Bonus)
17:21:26 [allowed] §f                §r§8+§r§31,872.8 Tank Experience §r§b(Team Bonus)
17:21:26 [allowed] §f              §r§8+§r§31,872.8 Archer Experience §r§b(Team Bonus)
17:21:26 [allowed] §a§l▬▬▬▬▬▬▬▬▬▬▬▬▬▬▬▬▬▬▬▬▬▬▬▬▬▬▬▬▬▬▬▬▬▬▬▬▬▬▬▬▬▬▬▬▬▬▬▬▬▬▬▬▬▬▬▬▬▬▬▬▬▬▬▬
17:21:26 [allowed] §a§l▬▬▬▬▬▬▬▬▬▬▬▬▬▬▬▬▬▬▬▬▬▬▬▬▬▬▬▬▬▬▬▬▬▬▬▬▬▬▬▬▬▬▬▬▬▬▬▬▬▬▬▬▬▬▬▬▬▬▬▬▬▬▬▬
17:21:26 [allowed] §f                     §r§cThe Catacombs §r§8- §r§eFloor VI Stats
17:21:26 [allowed] 
17:21:26 [allowed] §f                           §r§fTeam Score: §r§a300 §r§f(§r§b§lS+§r§f)
17:21:26 [allowed] §f                      §r§c☠ §r§eDefeated §r§cSadan §r§ein §r§a06m 04s
17:21:26 [allowed] 
17:21:26 [allowed] §f                 §r§fTotal Damage as Berserk: §r§a222,681,932
17:21:26 [allowed] §f                             §r§fAlly Healing: §r§a37,344
17:21:26 [allowed] §f                              §r§fEnemies Killed: §r§a73
17:21:26 [allowed] §f                                   §r§fDeaths: §r§c0
17:21:26 [allowed] §f                              §r§fSecrets Found: §r§b7
17:21:26 [allowed] 
17:21:26 [allowed] §a§l▬▬▬▬▬▬▬▬▬▬▬▬▬▬▬▬▬▬▬▬▬▬▬▬▬▬▬▬▬▬▬▬▬▬▬▬▬▬▬▬▬▬▬▬▬▬▬▬▬▬▬▬▬▬▬▬▬▬▬▬▬▬▬▬
17:21:30 [allowed] §c[BOSS] Sadan§r§f: FATHER, FORGIVE ME!!!
17:21:30 [allowed] §9§m-----------------------------------------------------
17:21:30 [allowed] §a[VIP] Wishmeleehhh §r§ehas left the party.
17:21:30 [allowed] §9§m-----------------------------------------------------
17:21:34 [allowed] §9§m-----------------------------------------------------
17:21:34 [allowed] §a[VIP] RellLovesWomen §r§ehas left the party.
17:21:34 [allowed] §9§m-----------------------------------------------------
17:21:34 [allowed] §6§lRARE REWARD! §r§aRellLovesWomen §r§efound a §r§6Recombobulator 3000 §r§ein their Bedrock Chest§r§e!
17:21:36 [allowed] §a[VIP] RellLovesWomen§r§f §r§eunlocked §r§dUndead Essence §r§8x61§r§e!
17:21:36 [allowed] §a[VIP] RellLovesWomen§r§f §r§eunlocked §r§dWither Essence §r§8x44§r§e!
17:21:39 [allowed] §9§m-----------------------------------------------------
17:21:39 [allowed] §eThe party was transferred to §r§b[MVP§r§c+§r§b] GAMEME794 §r§ebecause §r§7KahootSweat §r§eleft
17:21:39 [allowed] §9§m-----------------------------------------------------
17:21:40 [allowed] §7KahootSweat§r§7 §r§eunlocked §r§dUndead Essence §r§8x20§r§e!
17:21:41 [allowed] §d§lRNG METER! §r§aReselected the §6Recombobulator 3000 §afor §cCatacombs - Floor 6§a! §e§lCLICK HERE §r§ato select a new drop!
17:21:41 [allowed] §7KahootSweat§r§7 §r§eunlocked §r§dWither Essence §r§8x16§r§e!
17:21:47 [allowed] §6§lRARE REWARD! §r§acasperiaan18 §r§efound a §r§6Recombobulator 3000 §r§ein their Bedrock Chest§r§e!
17:21:48 [allowed] §a[VIP§r§6+§r§a] casperiaan18§r§f §r§eunlocked §r§dWither Essence §r§8x44§r§e!
17:21:48 [allowed] §a[VIP§r§6+§r§a] casperiaan18§r§f §r§eunlocked §r§dUndead Essence §r§8x61§r§e!
17:21:56 [allowed]  §9§l» §acasperiaan18 §eis traveling to §aHub §e§lFOLLOW
17:22:00 [allowed] §cCouldn't warp you! Try again later. §r§7(PLAYER_TRANSFER_COOLDOWN)
17:22:00 [allowed] §cCouldn't warp you! Try again later. §r§7(PLAYER_TRANSFER_COOLDOWN)
17:22:00 [allowed] §cCouldn't warp you! Try again later. §r§7(PLAYER_TRANSFER_COOLDOWN)
17:22:00 [allowed] §cCouldn't warp you! Try again later. §r§7(PLAYER_TRANSFER_COOLDOWN)
17:22:00 [allowed] §7Sending to server mini149CT...
17:22:00 [allowed] §8 §r§8 §r§1 §r§3 §r§3 §r§7 §r§8 
17:22:03 [allowed] §aYou are playing on profile: §eCucumber
17:22:03 [allowed] §8Profile ID: d3b760d9-e0d9-41d4-8f47-31e118afcace
17:22:04 [allowed]  
17:22:04 [allowed]   
17:22:08 [allowed] §9§m-----------------------------------------------------
17:22:08 [allowed] §a[VIP§r§6+§r§a] casperiaan18 §r§ehas left the party.
17:22:08 [allowed] §9§m-----------------------------------------------------
17:22:08 [allowed] §9§m-----------------------------------------------------
17:22:08 [allowed] §cThe party was disbanded because all invites expired and the party was empty.
17:22:08 [allowed] §9§m-----------------------------------------------------
17:22:16 [allowed] §d§lRNG METER! §r§aReselected the §6Recombobulator 3000 §afor §cCatacombs - Floor 6§a! §e§lCLICK HERE §r§ato select a new drop!
17:22:16 [allowed] 
17:22:16 [allowed]   §r§5§lOBSIDIAN CHEST REWARDS
17:22:16 [allowed]     §r§6§lRARE REWARD! §r§6Recombobulator 3000
17:22:16 [allowed]     §r§aEnchanted Book (Rejuvenate II§r§a)
17:22:16 [allowed]     §r§dUndead Essence §r§8x54
17:22:16 [allowed]     §r§dWither Essence §r§8x28
17:22:16 [allowed] 
17:22:31 [allowed] §d§lHOPPITY'S HUNT §r§dA §r§aChocolate Supper Egg §r§dhas appeared!
17:22:33 [allowed] §6[Bazaar] §r§7Putting goods in escrow...
17:22:33 [allowed] §6[Bazaar] §r§7Submitting sell offer...
17:22:33 [allowed] §6[Bazaar] §r§7§r§eSell Offer Setup! §r§a1§r§7x §r§6Recombobulator 3000 §r§7for §r§69,418,419 coins§r§7.
17:22:55 [allowed]  
17:22:55 [allowed]   
17:23:06 [allowed] §cYou don't have any Uncommon items in your inventory to salvage!
17:23:07 [allowed] §cWhoa! Slow down there!
17:23:18 [allowed] §aYou salvaged §b5 §aitems for:
17:23:18 [allowed]    §r§f55x §r§dUndead Essence§r§f!
17:23:39 [allowed] §6[Bazaar] §r§7Claiming order...
17:23:39 [allowed] §6[Bazaar] §r§7§r§7Claimed §r§61,186,466 coins §r§7from selling §r§a2§r§7x §r§9Titanic Experience Bottle §r§7at §r§6599,983 §r§7each!
17:23:44 [allowed] §6[Bazaar] §r§7Cancelling order...
17:23:44 [allowed] §6[Bazaar] §r§7§r§cCancelled! §r§7Refunded §r§a1§r§7x §r§6Recombobulator 3000 §r§7from cancelling Sell Offer!
17:23:50 [allowed] §6[Bazaar] §r§7Putting goods in escrow...
17:23:50 [allowed] §6[Bazaar] §r§7Submitting sell offer...
17:23:50 [allowed] §6[Bazaar] §r§7§r§eSell Offer Setup! §r§a1§r§7x §r§6Recombobulator 3000 §r§7for §r§69,418,419 coins§r§7.
17:23:55 [allowed]  
17:23:55 [allowed]   
17:24:20 [allowed] §d§lHOPPITY'S HUNT §r§dYou found a §r§6Chocolate Brunch Egg §r§dnear the Hub Selector§r§d!
17:24:21 [allowed] §D§LHOPPITY'S HUNT §7You found §fThalai §7(§F§LCOMMON§7)!
17:24:21 [allowed] §d§lNEW RABBIT! §6+1 Chocolate §7and §6+0.002x Chocolate §7per second!
17:24:25 [allowed] §d§lHOPPITY'S HUNT §r§dYou found a §r§aChocolate Supper Egg §r§dnear something that will never arrive§r§d!
17:24:27 [allowed] §D§LHOPPITY'S HUNT §7You found §fGunther §7(§F§LCOMMON§7)!
17:24:27 [allowed] §d§lNEW RABBIT! §6+1 Chocolate §7and §6+0.002x Chocolate §7per second!
17:24:43 [allowed] §d§lHOPPITY'S HUNT §r§dYou found a §r§9Chocolate Lunch Egg §r§dby the race start§r§d!
17:24:44 [allowed] §D§LHOPPITY'S HUNT §7You found §fPickles §7(§F§LCOMMON§7)!
17:24:44 [allowed] §d§lNEW RABBIT! §6+1 Chocolate §7and §6+0.002x Chocolate §7per second!
17:24:51 [allowed] §aYou earned §r§2206 GEXP §r§afrom playing SkyBlock!
17:24:56 [allowed] §e[NPC] §dAdventurer Saul§f: §r§fGood luck on your solo adventures. I look forward to hearing about your triumphs within §cThe Catacombs§f!
17:24:56 [allowed]  
17:24:56 [allowed]   
17:24:57 [allowed] §eSelect an option: §r§a[§aI need a new recommendation letter.§a] 
17:24:58 [allowed] §e[NPC] §dAdventurer Saul§f: §r§fGood luck on your solo adventures. I look forward to hearing about your triumphs within §cThe Catacombs§f!
17:25:00 [allowed] §eSelect an option: §r§a[§aI need a new recommendation letter.§a] 
17:25:01 [allowed] §e[NPC] §dAdventurer Saul§f: §r§f...
17:25:03 [allowed] §e[NPC] §dAdventurer Saul§f: §rYou've already handed in my §6recommendation letter§r! You don't need another one.
17:25:40 [allowed] §7Sending to server mini31CE...
17:25:40 [allowed] §8 §r§8 §r§1 §r§3 §r§3 §r§7 §r§8 
17:25:44 [allowed] §aYou are playing on profile: §eCucumber
17:25:44 [allowed] §8Profile ID: d3b760d9-e0d9-41d4-8f47-31e118afcace
17:25:44 [allowed]  
17:25:44 [allowed]   
17:26:02 [allowed]  
17:26:02 [allowed]   
17:26:32 [allowed] §f §r§r§r§f §r§r§r§1 §r§r§r§0 §r§r§r§2 §r§r§r§f §r§r§r§f §r§r§r§2 §r§r§r§0 §r§r§r§4 §r§r§r§3 §r§r§r§9 §r§r§r§2 §r§r§r§0 §r§r§r§0 §r§r§r§3 §r§r§r§9 §r§r§r§2 §r§r§r§0 §r§r§r§0 §r§r§r§3 §r§r§r§9 §r§r§r§2 §r§r§r§0 §r§r§r§0 
17:26:32 [allowed] §b✦ §r§7You earned §r§b11 §r§7Mystery Dust!
17:26:32 [allowed] §b§b✦ §r§7You earned §a34 §7Pet Consumables items!
17:26:32 [allowed] §b[MVP§c+§b] GAMEME794§f §6joined the lobby!
17:26:32 [allowed] §aYou have §b1 §aunclaimed leveling reward!
17:26:32 [allowed] §eClick here to view it!
17:26:32 [allowed] §aYou have §61 §aunclaimed achievement reward!
17:26:32 [allowed] §eClick here to view it!
17:26:33 [allowed] §9§m-----------------------------------------------------
17:26:33 [allowed] §cYou are not currently in a party.
17:26:33 [allowed] §9§m-----------------------------------------------------
17:26:40 [allowed] §7Sending to server mini17U...
17:26:40 [allowed] §8 §r§8 §r§1 §r§3 §r§3 §r§7 §r§8 
17:26:42 [allowed] 
17:26:42 [allowed] §eWelcome to §r§aHypixel SkyBlock§r§e!
17:26:42 [allowed] 
17:26:42 [allowed] §eLatest update: §bSkyBlock v0.21.3 §e§lCLICK
17:26:43 [allowed] §aYou are playing on profile: §eCucumber
17:26:43 [allowed] §8Profile ID: d3b760d9-e0d9-41d4-8f47-31e118afcace
17:26:44 [allowed]  
17:26:44 [allowed]   
17:26:47 [allowed] §8[§r§2161§r§8] §r§b[MVP§d+§b] asde49_i§f§r§f: pigs makes 75m an hour if you get lucky
17:26:50 [allowed] §8[§r§b207§r§8] §r§7kostas2215§7§r§7: tara minion can make roughl 15m a day but the costt ahhh
17:26:57 [allowed] §8[§r§73§r§8] §r§7Thewinningteam§7§r§7: ysm
17:27:00 [allowed] §8[§r§b207§r§8] §r§7kostas2215§7§r§7: whats a good alternitive?
17:27:04 [allowed] §8[§r§2164§r§8] §r§7⎊ §r§b[MVP§c+§b] XMhd§f§r§f: np
17:27:08 [allowed]  
17:27:08 [allowed]   
17:27:09 [allowed] §8[§r§2161§r§8] §r§b[MVP§d+§b] asde49_i§f§r§f: inferno minions
17:27:14 [allowed] §8[§r§2161§r§8] §r§b[MVP§d+§b] asde49_i§f§r§f: what does tara cost you???
17:27:20 [allowed] §8[§r§2161§r§8] §r§b[MVP§d+§b] asde49_i§f§r§f: fuel is perm and all that
17:27:30 [allowed] §8[§r§b207§r§8] §r§7kostas2215§7§r§7: its 200m per minion
17:27:35 [allowed] §8[§r§b207§r§8] §r§7kostas2215§7§r§7: for tara
17:27:41 [allowed] §8[§r§b207§r§8] §r§7kostas2215§7§r§7: thas why am looking for sth cheaper
17:27:44 [allowed] §8[§r§2161§r§8] §r§b[MVP§d+§b] asde49_i§f§r§f: js go for inferno minions bruh
17:27:55 [allowed] §8[§r§b207§r§8] §r§7kostas2215§7§r§7: they sitll make good coins?
17:28:00 [allowed] §8[§r§2161§r§8] §r§b[MVP§d+§b] asde49_i§f§r§f: the best
17:28:06 [allowed] §8[§r§2161§r§8] §r§b[MVP§d+§b] asde49_i§f§r§f: actually magma is good rn
17:28:09 [allowed] §8[§r§2161§r§8] §r§b[MVP§d+§b] asde49_i§f§r§f: pretty sure
17:28:09 [allowed]  
17:28:09 [allowed]   
17:28:18 [allowed] §8[§r§b207§r§8] §r§7kostas2215§7§r§7: magma rn is trash
17:28:27 [allowed] §8[§r§b207§r§8] §r§7kostas2215§7§r§7: it was just youtubers tryna make a couple bilion
17:28:34 [allowed] §8[§r§b207§r§8] §r§7kostas2215§7§r§7: there like 1m a day rn
17:29:05 [allowed] §aYou earned §r§230 GEXP §r§afrom playing SkyBlock!
17:29:10 [allowed]  
17:29:10 [allowed]   
17:29:11 [allowed] §8[§r§2161§r§8] §r§b[MVP§d+§b] asde49_i§f§r§f: unlucky fr
17:29:36 [allowed] §8[§r§2161§r§8] §r§b[MVP§d+§b] asde49_i§f§r§f: wait lemme check inferno
17:29:41 [allowed] §8[§r§b207§r§8] §r§7kostas2215§7§r§7: not unlucky it was prety clear it ws just fiasco for them to make coins
17:30:01 [allowed] §8[§r§2161§r§8] §r§b[MVP§d+§b] asde49_i§f§r§f: idk I had some people preaching abt magma minions to me
17:30:11 [allowed]  
17:30:11 [allowed]   
17:30:26 [allowed] §6[Bazaar] §eYour §6Sell Offer §efor §a1§7x §6Recombobulator 3000 §ewas filled!
17:30:39 [allowed] §f
17:30:39 [allowed] §4[WATCHDOG ANNOUNCEMENT]
17:30:39 [allowed] §fWatchdog has banned §r§c§l14,895§r§f players in the last 7 days.
17:30:39 [allowed] §fStaff have banned an additional §r§c§l12,702§r§f in the last 7 days.
17:30:39 [allowed] §cBlacklisted modifications are a bannable offense!
17:30:39 [allowed] §c
17:30:48 [allowed] §8[§r§b207§r§8] §r§7kostas2215§7§r§7: they basicly went oo magma minions make 30m a day everyone get them everyone bough cream it inflated to like 15k a peice they sold and now its back to 1k
17:30:51 [allowed] §7Warping you to your SkyBlock island...
17:30:51 [allowed] §7Sending to server mini183Q...
17:30:52 [allowed] §8 §r§8 §r§1 §r§3 §r§3 §r§7 §r§8 
17:30:54 [allowed] §aYou are playing on profile: §eCucumber
17:30:54 [allowed] §8Profile ID: d3b760d9-e0d9-41d4-8f47-31e118afcace
17:30:55 [allowed]  
17:30:55 [allowed]   
17:30:56 [allowed]  
17:30:56 [allowed]   
17:31:56 [allowed]  
17:31:56 [allowed]   
17:32:07 [allowed] §6[Sacks] §r§a+74§r§e items§r§e.§r§8 (Last 8s.)
17:32:07 [allowed] §aYour §r§6Wither Skeleton §r§aleveled up to level §r§968§r§a!
17:32:14 [allowed] §6[Sacks] §r§a+67§r§e items§r§e.§r§8 (Last 6s.)
17:32:31 [allowed] §6[Sacks] §r§a+589§r§e items§r§e.§r§8 (Last 15s.)
17:32:41 [allowed] §6[Sacks] §r§a+183§r§e items§r§e.§r§8 (Last 8s.)
17:32:48 [allowed] §aYour §r§6Wither Skeleton §r§aleveled up to level §r§969§r§a!
17:32:54 [allowed] §3§l▬▬▬▬▬▬▬▬▬▬▬▬▬▬▬▬▬▬▬▬▬▬▬▬▬▬▬▬▬▬▬▬▬▬▬▬▬▬▬▬▬▬▬▬▬▬▬▬▬▬▬▬▬▬▬▬▬▬▬▬▬▬▬▬
17:32:54 [allowed]   §r§b§lSKILL LEVEL UP §3Mining §8XXXVII➜§3XXXVIII
17:32:54 [allowed] 
17:32:54 [allowed]   §r§a§lREWARDS
17:32:54 [allowed]    §r§eSpelunker XXXVIII
17:32:54 [allowed]    §r  §7§fGrants §a+§8148➜§a152§f §6☘ Mining Fortune§f, which increases your
17:32:54 [allowed]    §r  §fchance for multiple ore drops.
17:32:54 [allowed]    §r§7§8+§a2 §a❈ Defense
17:32:54 [allowed]    §r§7§8+§6600,000 §7Coins
17:32:54 [allowed]    §r§7§8+§b20 SkyBlock XP
17:32:54 [allowed] §3§l▬▬▬▬▬▬▬▬▬▬▬▬▬▬▬▬▬▬▬▬▬▬▬▬▬▬▬▬▬▬▬▬▬▬▬▬▬▬▬▬▬▬▬▬▬▬▬▬▬▬▬▬▬▬▬▬▬▬▬▬▬▬▬▬
17:32:56 [allowed]  
17:32:56 [allowed] §f                          §r§3§lSKYBLOCK LEVEL UP
17:32:56 [allowed] §f                             §r§aLevel §r§8132 ➡ §r§8[§r§a133§r§8]
17:32:56 [allowed]  
17:32:56 [allowed] §f                                  §r§6§lREWARDS
17:32:56 [allowed] §f                                 §r§8+§r§a5 §r§c❤ Health
17:32:56 [allowed]  
17:32:56 [allowed]  
17:32:56 [allowed]   
17:32:59 [allowed] §6[Sacks] §r§a+424§r§e items§r§e.§r§8 (Last 14s.)
17:33:18 [allowed] §6[Sacks] §r§a+596§r§e items§r§e.§r§8 (Last 12s.)
17:33:56 [allowed]  
17:33:56 [allowed]   
17:34:10 [allowed] §6[Bazaar] §r§7Executing instant sell...
17:34:10 [allowed] §6[Bazaar] §r§7Sold §r§a3,069§r§7x §r§aEnchanted Snow Block §r§7for §r§61,743,499 coins§r§7!
17:34:15 [allowed] §6[Sacks] §r§c-3,069§r§e items§r§e.§r§8 (Last 5s.)
17:34:31 [allowed] §cInventory full? Don't forget to check out your Storage inside the SkyBlock Menu!
17:34:48 [allowed] §6[Sacks] §r§a+35§r§e items§r§e, §r§c-20,160§r§e items§r§e.§r§8 (Last 18s.)
17:34:57 [allowed]  
17:34:57 [allowed]   
17:35:10 [allowed] §6[Sacks] §r§a+166§r§e items§r§e, §r§c-6,526§r§e items§r§e.§r§8 (Last 10s.)
17:35:27 [allowed] §6[Sacks] §r§c-159§r§e items§r§e.§r§8 (Last 5s.)
17:35:37 [allowed] Unknown command. Type "/help" for help. ('wb')
17:35:52 [allowed] §aYou earned §r§2341 GEXP §r§afrom playing SkyBlock!
17:35:57 [allowed]  
17:35:57 [allowed]   
17:36:57 [allowed]  
17:36:57 [allowed]   
17:37:57 [allowed]  
17:37:57 [allowed]   
17:38:25 [allowed] §7[§bSkyblockAddons§7] §aTIP: You can adjust the scaling with the mouse wheel and increase the ratio by holding Shift. With right mouse click you can change the scale of that feature to default. You can also move the hovered feature with the WASD or arrow keys. You can also open the settings by hovering your mouse over the feature you want to open the settings for and clicking the mouse wheel button.
17:38:57 [allowed]  
17:38:57 [allowed]   
17:39:57 [allowed]  
17:39:57 [allowed]   
17:40:58 [allowed]  
17:40:58 [allowed]   
17:41:58 [allowed]  
17:41:58 [allowed]   
17:42:29 [allowed] §6[Sacks] §r§a+59§r§e items§r§e.§r§8 (Last 5s.)
17:42:58 [allowed]  
17:42:58 [allowed]   
17:43:44 [allowed] §cCareful! You cannot travel too far away from the island!
17:43:58 [allowed]  
17:43:58 [allowed]   
17:44:28 [allowed] §7Warping...
17:44:28 [allowed] §7Sending to server mini244S...
17:44:28 [allowed] §8 §r§8 §r§1 §r§3 §r§3 §r§7 §r§8 
17:44:28 [allowed] §8[§r§2185§r§8] §r§6☀ §r§b[MVP§1+§b] Nyxuh999§f§r§f: poor ahh XD
17:44:31 [allowed] §aYou are playing on profile: §eCucumber
17:44:31 [allowed] §8Profile ID: d3b760d9-e0d9-41d4-8f47-31e118afcace
17:44:32 [allowed]  
17:44:32 [allowed]   
17:44:40 [allowed] §d§lRNG METER! §r§aReselected the §6Recombobulator 3000 §afor §cCatacombs - Floor 6§a! §e§lCLICK HERE §r§ato select a new drop!
17:44:40 [allowed] 
17:44:40 [allowed]   §r§5§lOBSIDIAN CHEST REWARDS
17:44:40 [allowed]     §r§6§lRARE REWARD! §r§6Recombobulator 3000
17:44:40 [allowed]     §r§aEnchanted Book (§r§d§lBank II§r§a)
17:44:40 [allowed]     §r§dUndead Essence §r§8x54
17:44:40 [allowed]     §r§dWither Essence §r§8x28
17:44:40 [allowed] 
17:44:49 [allowed] §6§lRARE REWARD! §r§bWyIo §r§efound a §r§6Recombobulator 3000 §r§ein their Bedrock Chest§r§e!
17:44:49 [allowed] §6[Bazaar] §r§7Putting goods in escrow...
17:44:49 [allowed] §6[Bazaar] §r§7Submitting sell offer...
17:44:50 [allowed] §6[Bazaar] §r§7§r§eSell Offer Setup! §r§a1§r§7x §r§6Recombobulator 3000 §r§7for §r§69,418,418 coins§r§7.
17:44:55 [allowed] §6§lRARE REWARD! §r§bWyIo §r§efound a §r§6Recombobulator 3000 §r§ein their Bedrock Chest§r§e!
17:45:08 [allowed] §6[Bazaar] §r§7Claiming order...
17:45:08 [allowed] §6[Bazaar] §r§7§r§7Claimed §r§69,418,419 coins §r§7from selling §r§a1§r§7x §r§6Recombobulator 3000 §r§7at §r§69,525,582 §r§7each!
17:45:17 [allowed]  
17:45:17 [allowed]   
17:45:24 [allowed] §6§lRARE REWARD! §r§bKittyD93 §r§efound a §r§5Fuming Potato Book §r§ein their Bedrock Chest§r§e!
17:45:44 [allowed] §6§lRARE REWARD! §r§bKittyD93 §r§efound a §r§6Recombobulator 3000 §r§ein their Bedrock Chest§r§e!
17:45:55 [allowed] §6§lRARE REWARD! §r§bKittyD93 §r§efound a §r§5Fuming Potato Book §r§ein their Bedrock Chest§r§e!
17:46:03 [allowed] §e⚠ §aYour drops can't be seen by other players in §bSkyBlock§a!
§aOnly you can pickup your dropped items!
§eClick here to disable this alert forever!
17:46:07 [allowed] §7Warping you to your SkyBlock island...
17:46:08 [allowed] §7Sending to server mini68DC...
17:46:09 [allowed] §8 §r§8 §r§1 §r§3 §r§3 §r§7 §r§8 
17:46:12 [allowed] §aYou are playing on profile: §eCucumber
17:46:12 [allowed] §8Profile ID: d3b760d9-e0d9-41d4-8f47-31e118afcace
17:46:13 [allowed]  
17:46:13 [allowed]   
17:46:13 [allowed]  
17:46:13 [allowed]   
17:47:13 [allowed]  
17:47:13 [allowed]   
17:47:14 [allowed] §6[Bazaar] §eYour §6Sell Offer §efor §a1§7x §6Recombobulator 3000 §ewas filled!
17:48:13 [allowed]  
17:48:13 [allowed]   
17:48:57 [allowed] §eYou claimed the §r§6Chronomatron §r§erewards!
17:48:57 [allowed]  §r§8+§r§331,500 Enchanting Exp
17:48:57 [allowed] §8 +§r§d2 Superpairs clicks
17:49:13 [allowed]  
17:49:13 [allowed]   
17:49:49 [allowed] §aFriend > §r§aUtkrista §r§eleft.
17:50:13 [allowed]  
17:50:13 [allowed]   
17:51:09 [allowed] §aYou earned §r§2216 GEXP §r§afrom playing SkyBlock!
17:51:13 [allowed]  
17:51:13 [allowed]   
17:51:35 [allowed] §aFriend > §r§aUtkrista §r§ejoined.
17:51:36 [allowed] §aFriend > §r§aUtkrista §r§eleft.
17:51:38 [allowed] §aFriend > §r§aUtkrista §r§ejoined.
17:51:39 [allowed] §aFriend > §r§aUtkrista §r§eleft.
17:51:40 [allowed] §aFriend > §r§aUtkrista §r§ejoined.
17:51:46 [allowed] §aFriend > §r§aUtkrista §r§eleft.
17:52:16 [allowed] §f §r§r§r§f §r§r§r§1 §r§r§r§0 §r§r§r§2 §r§r§r§f §r§r§r§f §r§r§r§2 §r§r§r§0 §r§r§r§4 §r§r§r§3 §r§r§r§9 §r§r§r§2 §r§r§r§0 §r§r§r§0 §r§r§r§3 §r§r§r§9 §r§r§r§2 §r§r§r§0 §r§r§r§0 §r§r§r§3 §r§r§r§9 §r§r§r§2 §r§r§r§0 §r§r§r§0 
17:52:16 [allowed] §b✦ §r§7You earned §r§b14 §r§7Mystery Dust!
17:52:16 [allowed] §b[MVP§c+§b] GAMEME794§f §6joined the lobby!
17:52:17 [allowed] §aYou have §b1 §aunclaimed leveling reward!
17:52:17 [allowed] §eClick here to view it!
17:52:17 [allowed] §aYou have §61 §aunclaimed achievement reward!
17:52:17 [allowed] §eClick here to view it!
17:52:17 [allowed] §9§m-----------------------------------------------------
17:52:17 [allowed] §cYou are not currently in a party.
17:52:17 [allowed] §9§m-----------------------------------------------------
17:52:20 [allowed] §7Sending to server mini74AW...
17:52:20 [allowed] §aFriend > §r§aUtkrista §r§eleft.
17:52:21 [allowed] §8 §r§8 §r§1 §r§3 §r§3 §r§7 §r§8 
17:52:23 [allowed] 
17:52:23 [allowed] §eWelcome to §r§aHypixel SkyBlock§r§e!
17:52:23 [allowed] 
17:52:23 [allowed] §eLatest update: §bSkyBlock v0.21.3 §e§lCLICK
17:52:23 [allowed] §aYou are playing on profile: §eCucumber
17:52:24 [allowed] §8Profile ID: d3b760d9-e0d9-41d4-8f47-31e118afcace
17:52:24 [allowed]  
17:52:24 [allowed]   
17:52:25 [allowed]  
17:52:25 [allowed]   
17:53:17 [allowed] §eYou claimed the §r§6Superpairs §r§erewards!
17:53:17 [allowed] §aYour §r§6Wither Skeleton §r§aleveled up to level §r§970§r§a!
17:53:17 [allowed] §8 +§r§3200k Enchanting Exp
17:53:17 [allowed]  §r§8+§r§aGrand Experience Bottle
17:53:17 [allowed]  §r§8+§r§331k Enchanting Exp
17:53:17 [allowed]  §r§8+§r§333k Enchanting Exp
17:53:25 [allowed]  
17:53:25 [allowed]   
17:54:21 [allowed] §aFriend > §r§ahighthighlover59 §r§eleft.
17:54:25 [allowed]  
17:54:25 [allowed]   
17:55:25 [allowed]  
17:55:25 [allowed]   
17:55:37 [allowed] §7Sending to server mini242T...
17:55:37 [allowed] §8 §r§8 §r§1 §r§3 §r§3 §r§7 §r§8 
17:55:40 [allowed] §aYou are playing on profile: §eCucumber
17:55:40 [allowed] §8Profile ID: d3b760d9-e0d9-41d4-8f47-31e118afcace
17:55:41 [allowed]  
17:55:41 [allowed]   
17:55:52 [allowed] §aYou summoned your §r§6Silverfish§r§a!
17:55:59 [allowed] §8[§r§a121§r§8] §r§a[VIP] cookiedough4lif§f§r§f: anyone know where odowa is
17:56:17 [allowed] §8[§r§9306§r§8] §r§7§lツ §r§b[MVP§9+§b] OLOXpl §7♲§f§r§f: *cough* compas exists *cough*
17:56:17 [allowed] §7Your §r§aWishing Compass §r§7shattered into pieces!
17:56:17 [allowed] §8[§r§2182§r§8] §r§7♣ §r§b[MVP§3+§b] ChairSniffer9000§f§r§f: What is odowa?
17:56:24 [allowed] §7Your §r§aWishing Compass §r§7shattered into pieces!
17:56:37 [allowed]  
17:56:37 [allowed]   
17:56:41 [allowed] §d§lHOPPITY'S HUNT §r§dA §r§9Chocolate Déjeuner Egg §r§dhas appeared!
17:57:12 [allowed] §7Your §r§aWishing Compass §r§7shattered into pieces!
17:57:20 [allowed] §7Your §r§aWishing Compass §r§7shattered into pieces!
17:57:31 [allowed] §6[Sacks] §r§a+234§r§e items§r§e.§r§8 (Last 10s.)
17:57:37 [allowed] §9§m-----------------------------------------------------
17:57:37 [allowed] §cYou are not in a party and were moved to the ALL channel.
17:57:37 [allowed] §9§m-----------------------------------------------------
17:57:39 [allowed]  
17:57:39 [allowed]   
17:57:39 [allowed] §8[§r§a133§r§8] §r§b[MVP§r§c+§r§b] GAMEME794§r§f: Wishing compass points to King Yolkar or Odawa (346 154 497) [Add Skytils Waypoint]
17:58:06 [allowed] §6[Bazaar] §r§7Claiming order...
17:58:06 [allowed] §6[Bazaar] §r§7§r§7Claimed §r§69,418,418 coins §r§7from selling §r§a1§r§7x §r§6Recombobulator 3000 §r§7at §r§69,525,581 §r§7each!
17:58:40 [allowed]  
17:58:40 [allowed]   
17:58:40 [allowed] §6[Bazaar] §r§7Executing instant buy...
17:58:40 [allowed] §6[Bazaar] §r§7Bought §r§a64§r§7x §r§aWishing Compass §r§7for §r§6326.4 coins§r§7!
17:58:48 [allowed] §d§lHOPPITY'S HUNT §r§dYou found a §r§9Chocolate Déjeuner Egg §r§dnear the §r§2Mithril Deposits §r§dentrance§r§d!
17:58:49 [allowed] §D§LHOPPITY'S HUNT §7You found §fBilly §7(§F§LCOMMON§7)!
17:58:49 [allowed] §d§lNEW RABBIT! §6+1 Chocolate §7and §6+0.002x Chocolate §7per second!
17:58:51 [allowed] §7Your §r§aWishing Compass §r§7shattered into pieces!
17:59:17 [allowed] §7Your §r§aWishing Compass §r§7shattered into pieces!
17:59:41 [allowed]  
17:59:41 [allowed]   
17:59:44 [allowed] §7Your §r§aWishing Compass §r§7shattered into pieces!
17:59:51 [allowed] §7Your §r§aWishing Compass §r§7shattered into pieces!
18:00:01 [allowed] §7Warping you to your SkyBlock island...
18:00:02 [allowed] §7Sending to server mini80BN...
18:00:02 [allowed] §8 §r§8 §r§1 §r§3 §r§3 §r§7 §r§8 
18:00:05 [allowed] §aYou are playing on profile: §eCucumber
18:00:05 [allowed] §8Profile ID: d3b760d9-e0d9-41d4-8f47-31e118afcace
18:00:06 [allowed]  
18:00:06 [allowed]   
18:00:06 [allowed] §7Sending to server mini1025J...
18:00:06 [allowed] §8 §r§8 §r§1 §r§3 §r§3 §r§7 §r§8 
18:00:09 [allowed] §aYou are playing on profile: §eCucumber
18:00:09 [allowed] §8Profile ID: d3b760d9-e0d9-41d4-8f47-31e118afcace
18:00:10 [allowed]  
18:00:10 [allowed]   
18:00:12 [allowed]  
18:00:12 [allowed]   
18:00:17 [allowed] §cThe Wishing Compass can't seem to locate anything!
18:00:22 [allowed] §7Warping you to your SkyBlock island...
18:00:23 [allowed] §7Sending to server mini191CJ...
18:00:23 [allowed] §8 §r§8 §r§1 §r§3 §r§3 §r§7 §r§8 
18:00:26 [allowed] §aYou are playing on profile: §eCucumber
18:00:26 [allowed] §8Profile ID: d3b760d9-e0d9-41d4-8f47-31e118afcace
18:00:26 [allowed] §7Sending to server mini242T...
18:00:27 [allowed] §8 §r§8 §r§1 §r§3 §r§3 §r§7 §r§8 
18:00:30 [allowed] §aYou are playing on profile: §eCucumber
18:00:30 [allowed] §8Profile ID: d3b760d9-e0d9-41d4-8f47-31e118afcace
18:00:30 [allowed]  
18:00:30 [allowed]   
18:00:41 [allowed]  
18:00:41 [allowed]   
18:01:19 [allowed] §7Your §r§aWishing Compass §r§7shattered into pieces!
18:01:30 [allowed] §7Your §r§aWishing Compass §r§7shattered into pieces!
18:01:37 [allowed] §aYou earned §r§2539 GEXP §r§afrom playing SkyBlock!
18:01:42 [allowed]  
18:01:42 [allowed]   
18:01:59 [allowed] §7Warping you to your SkyBlock island...
18:01:59 [allowed] §7Sending to server mini190B...
18:01:59 [allowed] §8 §r§8 §r§1 §r§3 §r§3 §r§7 §r§8 
18:02:02 [allowed] §aYou are playing on profile: §eCucumber
18:02:02 [allowed] §8Profile ID: d3b760d9-e0d9-41d4-8f47-31e118afcace
18:02:03 [allowed]  
18:02:03 [allowed]   
18:02:04 [allowed]  
18:02:04 [allowed]   
18:02:04 [allowed] §7Sending to server mini149V...
18:02:04 [allowed] §8 §r§8 §r§1 §r§3 §r§3 §r§7 §r§8 
18:02:07 [allowed] §aYou are playing on profile: §eCucumber
18:02:07 [allowed] §8Profile ID: d3b760d9-e0d9-41d4-8f47-31e118afcace
18:02:08 [allowed]  
18:02:08 [allowed]   
18:02:25 [allowed]  
18:02:25 [allowed]   
18:02:31 [allowed] §d§lHOPPITY'S HUNT §r§dA §r§aChocolate Supper Egg §r§dhas appeared!
18:03:31 [allowed] §f §r§r§r§f §r§r§r§1 §r§r§r§0 §r§r§r§2 §r§r§r§f §r§r§r§f §r§r§r§2 §r§r§r§0 §r§r§r§4 §r§r§r§3 §r§r§r§9 §r§r§r§2 §r§r§r§0 §r§r§r§0 §r§r§r§3 §r§r§r§9 §r§r§r§2 §r§r§r§0 §r§r§r§0 §r§r§r§3 §r§r§r§9 §r§r§r§2 §r§r§r§0 §r§r§r§0 
18:03:31 [allowed] §b[MVP§c+§b] GAMEME794§f §6joined the lobby!
18:03:31 [allowed] §aYou have §b1 §aunclaimed leveling reward!
18:03:31 [allowed] §eClick here to view it!
18:03:31 [allowed] §aYou have §61 §aunclaimed achievement reward!
18:03:31 [allowed] §eClick here to view it!
18:03:32 [allowed] §9§m-----------------------------------------------------
18:03:32 [allowed] §cYou are not currently in a party.
18:03:32 [allowed] §9§m-----------------------------------------------------
18:03:34 [allowed] §7Sending to server mini23DS...
18:03:35 [allowed] §8 §r§8 §r§1 §r§3 §r§3 §r§7 §r§8 
18:03:36 [allowed] §a§l▬▬▬▬▬▬▬▬▬▬▬▬▬▬▬▬▬▬▬▬▬▬▬▬▬▬▬▬▬▬▬▬▬▬▬▬▬▬▬▬▬▬▬▬▬▬▬▬▬▬▬▬▬▬▬▬▬▬▬▬▬▬▬▬
18:03:36 [allowed] §f                   §r§9§lGONE WITH THE WIND STARTED!
18:03:36 [allowed] §f                           §r§7Passive Active Event
18:03:36 [allowed] §f                                        
18:03:36 [allowed] §f  The cavern is windy today! Mining in the direction of the wind
18:03:36 [allowed] §f§r§f                      will give §r§6+600⸕ Mining Speed§r§f.
18:03:36 [allowed] §a§l▬▬▬▬▬▬▬▬▬▬▬▬▬▬▬▬▬▬▬▬▬▬▬▬▬▬▬▬▬▬▬▬▬▬▬▬▬▬▬▬▬▬▬▬▬▬▬▬▬▬▬▬▬▬▬▬▬▬▬▬▬▬▬▬
18:03:37 [allowed] 
18:03:37 [allowed] §eWelcome to §r§aHypixel SkyBlock§r§e!
18:03:37 [allowed] 
18:03:37 [allowed] §eLatest update: §bSkyBlock v0.21.3 §e§lCLICK
18:03:38 [allowed] §aYou are playing on profile: §eCucumber
18:03:38 [allowed] §8Profile ID: d3b760d9-e0d9-41d4-8f47-31e118afcace
18:03:39 [allowed]  
18:03:39 [allowed]   
18:03:45 [allowed] §e[NPC] §5Gwendolyn§f: §rGood luck in the mines!
18:03:52 [allowed] §bYou've seen all this before, click here to §e§lSKIP §bthe journey!
18:04:03 [allowed] §7Sending to server mini98DV...
18:04:04 [allowed] §8 §r§8 §r§1 §r§3 §r§3 §r§7 §r§8 
18:04:07 [allowed] §aYou are playing on profile: §eCucumber
18:04:07 [allowed] §8Profile ID: d3b760d9-e0d9-41d4-8f47-31e118afcace
18:04:07 [allowed]  
18:04:07 [allowed]   
18:04:21 [allowed]  
18:04:21 [allowed]   
18:04:32 [allowed]  §d⚑ §eThe §dBetter Together §eevent starts in §a20 §eseconds!
 §eThis is a passive event! §bIt's happening everywhere in the §bCrystal Hollows!
18:04:53 [allowed] §a§l▬▬▬▬▬▬▬▬▬▬▬▬▬▬▬▬▬▬▬▬▬▬▬▬▬▬▬▬▬▬▬▬▬▬▬▬▬▬▬▬▬▬▬▬▬▬▬▬▬▬▬▬▬▬▬▬▬▬▬▬▬▬▬▬
18:04:53 [allowed] §f                    §r§d§lBETTER TOGETHER STARTED!
18:04:53 [allowed] §f                           §r§7Passive Active Event
18:04:53 [allowed] §f                                        
18:04:53 [allowed] §f     The Better Together festival is underway! Dwarves love
18:04:53 [allowed] §f§r§f   working together, and this event celebrates friendship and
18:04:53 [allowed] §f§r§f                             jolly cooperation.
18:04:53 [allowed] §a§l▬▬▬▬▬▬▬▬▬▬▬▬▬▬▬▬▬▬▬▬▬▬▬▬▬▬▬▬▬▬▬▬▬▬▬▬▬▬▬▬▬▬▬▬▬▬▬▬▬▬▬▬▬▬▬▬▬▬▬▬▬▬▬▬
18:04:53 [allowed] §7§oYou can hear cooperative chattering coming from town…
18:04:53 [allowed] §7§oThe Better Together festival is active for 20 minutes!
18:05:01 [allowed] §cThe Wishing Compass can't seem to locate anything!
18:05:13 [allowed] §aYou summoned your §r§6Armadillo§r§a!
18:05:13 [allowed] §6[Sacks] §r§a+59§r§e items§r§e.§r§8 (Last 6s.)
18:05:21 [allowed]  
18:05:21 [allowed]   
18:05:27 [allowed] §9᠅ §r§fYou've earned §r§24,024 Mithril Powder §r§ffrom mining your first Mithril Ore of the day!
18:05:46 [allowed] §6[Sacks] §r§a+1,026§r§e items§r§e.§r§8 (Last 19s.)
18:05:56 [allowed] §6[Sacks] §r§a+200§r§e items§r§e.§r§8 (Last 5s.)
18:05:57 [allowed] §cYou are entering the jungle temple, your speed is reduced and your jump boost will not work!
18:05:57 [allowed] §cA magical force surrounding this area prevents you from breaking blocks!
18:06:07 [allowed] §9᠅ §r§fYou've earned §r§d4,024 Gemstone Powder §r§ffrom mining your first Gemstone of the day!
18:06:07 [allowed] §aRolling miner granted you double drops!
18:06:12 [allowed] §d§lPRISTINE! §r§fYou found §r§a❈ Flawed Amethyst Gemstone §r§8x6§r§f!
18:06:15 [allowed] §3§l▬▬▬▬▬▬▬▬▬▬▬▬▬▬▬▬▬▬▬▬▬▬▬▬▬▬▬▬▬▬▬▬▬▬▬▬▬▬▬▬▬▬▬▬▬▬▬▬▬▬▬▬▬▬▬▬▬▬▬▬▬▬▬▬
18:06:15 [allowed]  
18:06:20 [allowed] §7Warping you to your SkyBlock island...
18:06:21 [allowed] §7Sending to server mini181AH...
18:06:21 [allowed] §8 §r§8 §r§1 §r§3 §r§3 §r§7 §r§8 
18:06:24 [allowed] §aYou are playing on profile: §eCucumber
18:06:24 [allowed] §8Profile ID: d3b760d9-e0d9-41d4-8f47-31e118afcace
18:06:24 [allowed]  
18:06:24 [allowed]   
18:06:25 [allowed]  
18:06:25 [allowed]   
18:07:26 [allowed]  
18:07:26 [allowed]   
18:08:26 [allowed]  
18:08:26 [allowed]   
