17:04:58 [STASH_COMPACT] §f                 §7You have §3771 §7materials stashed away!
17:04:58 [STASH_COMPACT] §f              §8(This totals 4 types of materials stashed!)
17:04:58 [STASH_COMPACT] §f                §3§l>>> §3§lCLICK HERE§b to pick them up! §3§l<<<
17:05:38 [STASH_COMPACT] §f                 §7You have §3771 §7materials stashed away!
17:05:38 [STASH_COMPACT] §f              §8(This totals 4 types of materials stashed!)
17:05:38 [STASH_COMPACT] §f                §3§l>>> §3§lCLICK HERE§b to pick them up! §3§l<<<
17:05:44 [STASH_COMPACT] §f                 §7You have §3771 §7materials stashed away!
17:05:44 [STASH_COMPACT] §f              §8(This totals 4 types of materials stashed!)
17:05:44 [STASH_COMPACT] §f                §3§l>>> §3§lCLICK HERE§b to pick them up! §3§l<<<
17:05:45 [STASH_COMPACT] §f                 §7You have §3771 §7materials stashed away!
17:05:45 [STASH_COMPACT] §f              §8(This totals 4 types of materials stashed!)
17:05:45 [STASH_COMPACT] §f                §3§l>>> §3§lCLICK HERE§b to pick them up! §3§l<<<
17:06:45 [STASH_COMPACT] §f                 §7You have §3771 §7materials stashed away!
17:06:45 [STASH_COMPACT] §f              §8(This totals 4 types of materials stashed!)
17:06:45 [STASH_COMPACT] §f                §3§l>>> §3§lCLICK HERE§b to pick them up! §3§l<<<
17:07:38 [STASH_COMPACT] §f                 §7You have §3771 §7materials stashed away!
17:07:38 [STASH_COMPACT] §f              §8(This totals 4 types of materials stashed!)
17:07:38 [STASH_COMPACT] §f                §3§l>>> §3§lCLICK HERE§b to pick them up! §3§l<<<
17:07:59 [STASH_COMPACT] §f                 §7You have §3771 §7materials stashed away!
17:07:59 [STASH_COMPACT] §f              §8(This totals 4 types of materials stashed!)
17:07:59 [STASH_COMPACT] §f                §3§l>>> §3§lCLICK HERE§b to pick them up! §3§l<<<
17:09:01 [STASH_COMPACT] §f                 §7You have §3771 §7materials stashed away!
17:09:01 [STASH_COMPACT] §f              §8(This totals 4 types of materials stashed!)
17:09:01 [STASH_COMPACT] §f                §3§l>>> §3§lCLICK HERE§b to pick them up! §3§l<<<
17:09:01 [STASH_COMPACT] §f                 §7You have §3771 §7materials stashed away!
17:09:01 [STASH_COMPACT] §f              §8(This totals 4 types of materials stashed!)
17:09:01 [STASH_COMPACT] §f                §3§l>>> §3§lCLICK HERE§b to pick them up! §3§l<<<
17:10:04 [STASH_COMPACT] §f                 §7You have §3771 §7materials stashed away!
17:10:04 [STASH_COMPACT] §f              §8(This totals 4 types of materials stashed!)
17:10:04 [STASH_COMPACT] §f                §3§l>>> §3§lCLICK HERE§b to pick them up! §3§l<<<
17:11:05 [STASH_COMPACT] §f                 §7You have §3771 §7materials stashed away!
17:11:05 [STASH_COMPACT] §f              §8(This totals 4 types of materials stashed!)
17:11:05 [STASH_COMPACT] §f                §3§l>>> §3§lCLICK HERE§b to pick them up! §3§l<<<
17:12:05 [STASH_COMPACT] §f                 §7You have §3771 §7materials stashed away!
17:12:05 [STASH_COMPACT] §f              §8(This totals 4 types of materials stashed!)
17:12:05 [STASH_COMPACT] §f                §3§l>>> §3§lCLICK HERE§b to pick them up! §3§l<<<
17:13:06 [STASH_COMPACT] §f                 §7You have §3771 §7materials stashed away!
17:13:06 [STASH_COMPACT] §f              §8(This totals 4 types of materials stashed!)
17:13:06 [STASH_COMPACT] §f                §3§l>>> §3§lCLICK HERE§b to pick them up! §3§l<<<
17:14:06 [STASH_COMPACT] §f                 §7You have §3771 §7materials stashed away!
17:14:06 [STASH_COMPACT] §f              §8(This totals 4 types of materials stashed!)
17:14:06 [STASH_COMPACT] §f                §3§l>>> §3§lCLICK HERE§b to pick them up! §3§l<<<
17:15:08 [STASH_COMPACT] §f                 §7You have §3771 §7materials stashed away!
17:15:08 [STASH_COMPACT] §f              §8(This totals 4 types of materials stashed!)
17:15:08 [STASH_COMPACT] §f                §3§l>>> §3§lCLICK HERE§b to pick them up! §3§l<<<
17:15:18 [STASH_COMPACT] §f                 §7You have §3771 §7materials stashed away!
17:15:18 [STASH_COMPACT] §f              §8(This totals 4 types of materials stashed!)
17:15:18 [STASH_COMPACT] §f                §3§l>>> §3§lCLICK HERE§b to pick them up! §3§l<<<
17:15:18 [STASH_COMPACT] §f                 §7You have §3771 §7materials stashed away!
17:15:18 [STASH_COMPACT] §f              §8(This totals 4 types of materials stashed!)
17:15:18 [STASH_COMPACT] §f                §3§l>>> §3§lCLICK HERE§b to pick them up! §3§l<<<
17:16:22 [STASH_COMPACT] §f                 §7You have §3771 §7materials stashed away!
17:16:22 [STASH_COMPACT] §f              §8(This totals 4 types of materials stashed!)
17:16:22 [STASH_COMPACT] §f                §3§l>>> §3§lCLICK HERE§b to pick them up! §3§l<<<
17:17:23 [STASH_COMPACT] §f                 §7You have §3771 §7materials stashed away!
17:17:23 [STASH_COMPACT] §f              §8(This totals 4 types of materials stashed!)
17:17:23 [STASH_COMPACT] §f                §3§l>>> §3§lCLICK HERE§b to pick them up! §3§l<<<
17:18:17 [BESTIARY] §f                                  §6§lBESTIARY
17:18:17 [BESTIARY] §f                               §b§lFels §7§8XV §8➡§b §bXVI
17:18:17 [BESTIARY] 
17:18:17 [BESTIARY] §f                                  §r§6§lREWARDS
17:18:17 [BESTIARY] §f                           §r§8+§r§a5 Fels §r§b✯ Magic Find
17:18:17 [BESTIARY] §f                            §r§8+§r§a5 Fels §r§c❁ Strength
17:18:17 [BESTIARY] §f                               §r§8+§r§62% §r§aFels §r§7coins
17:18:17 [BESTIARY] §f                    §r§8+§r§a50% §r§7chance for extra XP orbs
17:18:17 [BESTIARY] §f                               §r§8+§r§b1 SkyBlock XP
17:18:17 [BESTIARY] 
17:18:17 [BESTIARY] §3§l▬▬▬▬▬▬▬▬▬▬▬▬▬▬▬▬▬▬▬▬▬▬▬▬▬▬▬▬▬▬▬▬▬▬▬▬▬▬▬▬▬▬▬▬▬▬▬▬▬▬▬▬▬▬▬▬▬▬▬▬▬▬▬▬
17:18:23 [STASH_COMPACT] §f                 §7You have §3771 §7materials stashed away!
17:18:23 [STASH_COMPACT] §f              §8(This totals 4 types of materials stashed!)
17:18:23 [STASH_COMPACT] §f                §3§l>>> §3§lCLICK HERE§b to pick them up! §3§l<<<
17:19:24 [STASH_COMPACT] §f                 §7You have §3771 §7materials stashed away!
17:19:24 [STASH_COMPACT] §f              §8(This totals 4 types of materials stashed!)
17:19:24 [STASH_COMPACT] §f                §3§l>>> §3§lCLICK HERE§b to pick them up! §3§l<<<
17:20:25 [STASH_COMPACT] §f                 §7You have §3771 §7materials stashed away!
17:20:25 [STASH_COMPACT] §f              §8(This totals 4 types of materials stashed!)
17:20:25 [STASH_COMPACT] §f                §3§l>>> §3§lCLICK HERE§b to pick them up! §3§l<<<
17:21:25 [STASH_COMPACT] §f                 §7You have §3771 §7materials stashed away!
17:21:25 [STASH_COMPACT] §f              §8(This totals 4 types of materials stashed!)
17:21:25 [STASH_COMPACT] §f                §3§l>>> §3§lCLICK HERE§b to pick them up! §3§l<<<
17:22:04 [STASH_COMPACT] §f                 §7You have §3771 §7materials stashed away!
17:22:04 [STASH_COMPACT] §f              §8(This totals 4 types of materials stashed!)
17:22:04 [STASH_COMPACT] §f                §3§l>>> §3§lCLICK HERE§b to pick them up! §3§l<<<
17:22:55 [STASH_COMPACT] §f                 §7You have §3771 §7materials stashed away!
17:22:55 [STASH_COMPACT] §f              §8(This totals 4 types of materials stashed!)
17:22:55 [STASH_COMPACT] §f                §3§l>>> §3§lCLICK HERE§b to pick them up! §3§l<<<
17:23:55 [STASH_COMPACT] §f                 §7You have §3771 §7materials stashed away!
17:23:55 [STASH_COMPACT] §f              §8(This totals 4 types of materials stashed!)
17:23:55 [STASH_COMPACT] §f                §3§l>>> §3§lCLICK HERE§b to pick them up! §3§l<<<
17:24:56 [STASH_COMPACT] §f                 §7You have §3771 §7materials stashed away!
17:24:56 [STASH_COMPACT] §f              §8(This totals 4 types of materials stashed!)
17:24:56 [STASH_COMPACT] §f                §3§l>>> §3§lCLICK HERE§b to pick them up! §3§l<<<
17:25:44 [STASH_COMPACT] §f                 §7You have §3771 §7materials stashed away!
17:25:44 [STASH_COMPACT] §f              §8(This totals 4 types of materials stashed!)
17:25:44 [STASH_COMPACT] §f                §3§l>>> §3§lCLICK HERE§b to pick them up! §3§l<<<
17:26:02 [STASH_COMPACT] §f                 §7You have §3771 §7materials stashed away!
17:26:02 [STASH_COMPACT] §f              §8(This totals 4 types of materials stashed!)
17:26:02 [STASH_COMPACT] §f                §3§l>>> §3§lCLICK HERE§b to pick them up! §3§l<<<
17:26:44 [STASH_COMPACT] §f                 §7You have §3771 §7materials stashed away!
17:26:44 [STASH_COMPACT] §f              §8(This totals 4 types of materials stashed!)
17:26:44 [STASH_COMPACT] §f                §3§l>>> §3§lCLICK HERE§b to pick them up! §3§l<<<
17:27:08 [STASH_COMPACT] §f                 §7You have §3771 §7materials stashed away!
17:27:08 [STASH_COMPACT] §f              §8(This totals 4 types of materials stashed!)
17:27:08 [STASH_COMPACT] §f                §3§l>>> §3§lCLICK HERE§b to pick them up! §3§l<<<
17:28:09 [STASH_COMPACT] §f                 §7You have §3771 §7materials stashed away!
17:28:09 [STASH_COMPACT] §f              §8(This totals 4 types of materials stashed!)
17:28:09 [STASH_COMPACT] §f                §3§l>>> §3§lCLICK HERE§b to pick them up! §3§l<<<
17:29:10 [STASH_COMPACT] §f                 §7You have §3771 §7materials stashed away!
17:29:10 [STASH_COMPACT] §f              §8(This totals 4 types of materials stashed!)
17:29:10 [STASH_COMPACT] §f                §3§l>>> §3§lCLICK HERE§b to pick them up! §3§l<<<
17:30:11 [STASH_COMPACT] §f                 §7You have §3771 §7materials stashed away!
17:30:11 [STASH_COMPACT] §f              §8(This totals 4 types of materials stashed!)
17:30:11 [STASH_COMPACT] §f                §3§l>>> §3§lCLICK HERE§b to pick them up! §3§l<<<
17:30:55 [STASH_COMPACT] §f                 §7You have §3771 §7materials stashed away!
17:30:55 [STASH_COMPACT] §f              §8(This totals 4 types of materials stashed!)
17:30:55 [STASH_COMPACT] §f                §3§l>>> §3§lCLICK HERE§b to pick them up! §3§l<<<
17:30:56 [STASH_COMPACT] §f                 §7You have §3771 §7materials stashed away!
17:30:56 [STASH_COMPACT] §f              §8(This totals 4 types of materials stashed!)
17:30:56 [STASH_COMPACT] §f                §3§l>>> §3§lCLICK HERE§b to pick them up! §3§l<<<
17:31:56 [STASH_COMPACT] §f                 §7You have §3771 §7materials stashed away!
17:31:56 [STASH_COMPACT] §f              §8(This totals 4 types of materials stashed!)
17:31:56 [STASH_COMPACT] §f                §3§l>>> §3§lCLICK HERE§b to pick them up! §3§l<<<
17:32:56 [STASH_COMPACT] §f                 §7You have §3771 §7materials stashed away!
17:32:56 [STASH_COMPACT] §f              §8(This totals 4 types of materials stashed!)
17:32:56 [STASH_COMPACT] §f                §3§l>>> §3§lCLICK HERE§b to pick them up! §3§l<<<
17:33:56 [STASH_COMPACT] §f                 §7You have §3771 §7materials stashed away!
17:33:56 [STASH_COMPACT] §f              §8(This totals 4 types of materials stashed!)
17:33:56 [STASH_COMPACT] §f                §3§l>>> §3§lCLICK HERE§b to pick them up! §3§l<<<
17:34:57 [STASH_COMPACT] §f                 §7You have §3771 §7materials stashed away!
17:34:57 [STASH_COMPACT] §f              §8(This totals 4 types of materials stashed!)
17:34:57 [STASH_COMPACT] §f                §3§l>>> §3§lCLICK HERE§b to pick them up! §3§l<<<
17:35:57 [STASH_COMPACT] §f                 §7You have §3771 §7materials stashed away!
17:35:57 [STASH_COMPACT] §f              §8(This totals 4 types of materials stashed!)
17:35:57 [STASH_COMPACT] §f                §3§l>>> §3§lCLICK HERE§b to pick them up! §3§l<<<
17:36:57 [STASH_COMPACT] §f                 §7You have §3771 §7materials stashed away!
17:36:57 [STASH_COMPACT] §f              §8(This totals 4 types of materials stashed!)
17:36:57 [STASH_COMPACT] §f                §3§l>>> §3§lCLICK HERE§b to pick them up! §3§l<<<
17:37:57 [STASH_COMPACT] §f                 §7You have §3771 §7materials stashed away!
17:37:57 [STASH_COMPACT] §f              §8(This totals 4 types of materials stashed!)
17:37:57 [STASH_COMPACT] §f                §3§l>>> §3§lCLICK HERE§b to pick them up! §3§l<<<
17:38:57 [STASH_COMPACT] §f                 §7You have §3771 §7materials stashed away!
17:38:57 [STASH_COMPACT] §f              §8(This totals 4 types of materials stashed!)
17:38:57 [STASH_COMPACT] §f                §3§l>>> §3§lCLICK HERE§b to pick them up! §3§l<<<
17:39:57 [STASH_COMPACT] §f                 §7You have §3771 §7materials stashed away!
17:39:57 [STASH_COMPACT] §f              §8(This totals 4 types of materials stashed!)
17:39:57 [STASH_COMPACT] §f                §3§l>>> §3§lCLICK HERE§b to pick them up! §3§l<<<
17:40:58 [STASH_COMPACT] §f                 §7You have §3771 §7materials stashed away!
17:40:58 [STASH_COMPACT] §f              §8(This totals 4 types of materials stashed!)
17:40:58 [STASH_COMPACT] §f                §3§l>>> §3§lCLICK HERE§b to pick them up! §3§l<<<
17:41:58 [STASH_COMPACT] §f                 §7You have §3771 §7materials stashed away!
17:41:58 [STASH_COMPACT] §f              §8(This totals 4 types of materials stashed!)
17:41:58 [STASH_COMPACT] §f                §3§l>>> §3§lCLICK HERE§b to pick them up! §3§l<<<
17:42:58 [STASH_COMPACT] §f                 §7You have §3771 §7materials stashed away!
17:42:58 [STASH_COMPACT] §f              §8(This totals 4 types of materials stashed!)
17:42:58 [STASH_COMPACT] §f                §3§l>>> §3§lCLICK HERE§b to pick them up! §3§l<<<
17:43:58 [STASH_COMPACT] §f                 §7You have §3771 §7materials stashed away!
17:43:58 [STASH_COMPACT] §f              §8(This totals 4 types of materials stashed!)
17:43:58 [STASH_COMPACT] §f                §3§l>>> §3§lCLICK HERE§b to pick them up! §3§l<<<
17:44:32 [STASH_COMPACT] §f                 §7You have §3771 §7materials stashed away!
17:44:32 [STASH_COMPACT] §f              §8(This totals 4 types of materials stashed!)
17:44:32 [STASH_COMPACT] §f                §3§l>>> §3§lCLICK HERE§b to pick them up! §3§l<<<
17:45:17 [STASH_COMPACT] §f                 §7You have §3771 §7materials stashed away!
17:45:17 [STASH_COMPACT] §f              §8(This totals 4 types of materials stashed!)
17:45:17 [STASH_COMPACT] §f                §3§l>>> §3§lCLICK HERE§b to pick them up! §3§l<<<
17:46:13 [STASH_COMPACT] §f                 §7You have §3771 §7materials stashed away!
17:46:13 [STASH_COMPACT] §f              §8(This totals 4 types of materials stashed!)
17:46:13 [STASH_COMPACT] §f                §3§l>>> §3§lCLICK HERE§b to pick them up! §3§l<<<
17:46:13 [STASH_COMPACT] §f                 §7You have §3771 §7materials stashed away!
17:46:13 [STASH_COMPACT] §f              §8(This totals 4 types of materials stashed!)
17:46:13 [STASH_COMPACT] §f                §3§l>>> §3§lCLICK HERE§b to pick them up! §3§l<<<
17:47:13 [STASH_COMPACT] §f                 §7You have §3771 §7materials stashed away!
17:47:13 [STASH_COMPACT] §f              §8(This totals 4 types of materials stashed!)
17:47:13 [STASH_COMPACT] §f                §3§l>>> §3§lCLICK HERE§b to pick them up! §3§l<<<
17:48:13 [STASH_COMPACT] §f                 §7You have §3771 §7materials stashed away!
17:48:13 [STASH_COMPACT] §f              §8(This totals 4 types of materials stashed!)
17:48:13 [STASH_COMPACT] §f                §3§l>>> §3§lCLICK HERE§b to pick them up! §3§l<<<
17:49:13 [STASH_COMPACT] §f                 §7You have §3771 §7materials stashed away!
17:49:13 [STASH_COMPACT] §f              §8(This totals 4 types of materials stashed!)
17:49:13 [STASH_COMPACT] §f                §3§l>>> §3§lCLICK HERE§b to pick them up! §3§l<<<
17:50:13 [STASH_COMPACT] §f                 §7You have §3771 §7materials stashed away!
17:50:13 [STASH_COMPACT] §f              §8(This totals 4 types of materials stashed!)
17:50:13 [STASH_COMPACT] §f                §3§l>>> §3§lCLICK HERE§b to pick them up! §3§l<<<
17:51:13 [STASH_COMPACT] §f                 §7You have §3771 §7materials stashed away!
17:51:13 [STASH_COMPACT] §f              §8(This totals 4 types of materials stashed!)
17:51:13 [STASH_COMPACT] §f                §3§l>>> §3§lCLICK HERE§b to pick them up! §3§l<<<
17:52:24 [STASH_COMPACT] §f                 §7You have §3771 §7materials stashed away!
17:52:24 [STASH_COMPACT] §f              §8(This totals 4 types of materials stashed!)
17:52:24 [STASH_COMPACT] §f                §3§l>>> §3§lCLICK HERE§b to pick them up! §3§l<<<
17:52:25 [STASH_COMPACT] §f                 §7You have §3771 §7materials stashed away!
17:52:25 [STASH_COMPACT] §f              §8(This totals 4 types of materials stashed!)
17:52:25 [STASH_COMPACT] §f                §3§l>>> §3§lCLICK HERE§b to pick them up! §3§l<<<
17:53:25 [STASH_COMPACT] §f                 §7You have §3771 §7materials stashed away!
17:53:25 [STASH_COMPACT] §f              §8(This totals 4 types of materials stashed!)
17:53:25 [STASH_COMPACT] §f                §3§l>>> §3§lCLICK HERE§b to pick them up! §3§l<<<
17:54:25 [STASH_COMPACT] §f                 §7You have §3771 §7materials stashed away!
17:54:25 [STASH_COMPACT] §f              §8(This totals 4 types of materials stashed!)
17:54:25 [STASH_COMPACT] §f                §3§l>>> §3§lCLICK HERE§b to pick them up! §3§l<<<
17:55:25 [STASH_COMPACT] §f                 §7You have §3771 §7materials stashed away!
17:55:25 [STASH_COMPACT] §f              §8(This totals 4 types of materials stashed!)
17:55:25 [STASH_COMPACT] §f                §3§l>>> §3§lCLICK HERE§b to pick them up! §3§l<<<
17:55:41 [STASH_COMPACT] §f                 §7You have §3771 §7materials stashed away!
17:55:41 [STASH_COMPACT] §f              §8(This totals 4 types of materials stashed!)
17:55:41 [STASH_COMPACT] §f                §3§l>>> §3§lCLICK HERE§b to pick them up! §3§l<<<
17:56:37 [STASH_COMPACT] §f                 §7You have §3771 §7materials stashed away!
17:56:37 [STASH_COMPACT] §f              §8(This totals 4 types of materials stashed!)
17:56:37 [STASH_COMPACT] §f                §3§l>>> §3§lCLICK HERE§b to pick them up! §3§l<<<
17:57:39 [STASH_COMPACT] §f                 §7You have §3771 §7materials stashed away!
17:57:39 [STASH_COMPACT] §f              §8(This totals 4 types of materials stashed!)
17:57:39 [STASH_COMPACT] §f                §3§l>>> §3§lCLICK HERE§b to pick them up! §3§l<<<
17:58:40 [STASH_COMPACT] §f                 §7You have §3771 §7materials stashed away!
17:58:40 [STASH_COMPACT] §f              §8(This totals 4 types of materials stashed!)
17:58:40 [STASH_COMPACT] §f                §3§l>>> §3§lCLICK HERE§b to pick them up! §3§l<<<
17:59:41 [STASH_COMPACT] §f                 §7You have §3771 §7materials stashed away!
17:59:41 [STASH_COMPACT] §f              §8(This totals 4 types of materials stashed!)
17:59:41 [STASH_COMPACT] §f                §3§l>>> §3§lCLICK HERE§b to pick them up! §3§l<<<
18:00:06 [STASH_COMPACT] §f                 §7You have §3771 §7materials stashed away!
18:00:06 [STASH_COMPACT] §f              §8(This totals 4 types of materials stashed!)
18:00:06 [STASH_COMPACT] §f                §3§l>>> §3§lCLICK HERE§b to pick them up! §3§l<<<
18:00:10 [STASH_COMPACT] §f                 §7You have §3771 §7materials stashed away!
18:00:10 [STASH_COMPACT] §f              §8(This totals 4 types of materials stashed!)
18:00:10 [STASH_COMPACT] §f                §3§l>>> §3§lCLICK HERE§b to pick them up! §3§l<<<
18:00:12 [STASH_COMPACT] §f                 §7You have §3771 §7materials stashed away!
18:00:12 [STASH_COMPACT] §f              §8(This totals 4 types of materials stashed!)
18:00:12 [STASH_COMPACT] §f                §3§l>>> §3§lCLICK HERE§b to pick them up! §3§l<<<
18:00:30 [STASH_COMPACT] §f                 §7You have §3771 §7materials stashed away!
18:00:30 [STASH_COMPACT] §f              §8(This totals 4 types of materials stashed!)
18:00:30 [STASH_COMPACT] §f                §3§l>>> §3§lCLICK HERE§b to pick them up! §3§l<<<
18:00:41 [STASH_COMPACT] §f                 §7You have §3771 §7materials stashed away!
18:00:41 [STASH_COMPACT] §f              §8(This totals 4 types of materials stashed!)
18:00:41 [STASH_COMPACT] §f                §3§l>>> §3§lCLICK HERE§b to pick them up! §3§l<<<
18:01:17 [HOPPITY_EGG] §cYou have already collected this Chocolate Déjeuner Egg§r§c! Try again when it respawns!
18:01:42 [STASH_COMPACT] §f                 §7You have §3771 §7materials stashed away!
18:01:42 [STASH_COMPACT] §f              §8(This totals 4 types of materials stashed!)
18:01:42 [STASH_COMPACT] §f                §3§l>>> §3§lCLICK HERE§b to pick them up! §3§l<<<
18:02:03 [STASH_COMPACT] §f                 §7You have §3771 §7materials stashed away!
18:02:03 [STASH_COMPACT] §f              §8(This totals 4 types of materials stashed!)
18:02:03 [STASH_COMPACT] §f                §3§l>>> §3§lCLICK HERE§b to pick them up! §3§l<<<
18:02:04 [STASH_COMPACT] §f                 §7You have §3771 §7materials stashed away!
18:02:04 [STASH_COMPACT] §f              §8(This totals 4 types of materials stashed!)
18:02:04 [STASH_COMPACT] §f                §3§l>>> §3§lCLICK HERE§b to pick them up! §3§l<<<
18:02:08 [STASH_COMPACT] §f                 §7You have §3771 §7materials stashed away!
18:02:08 [STASH_COMPACT] §f              §8(This totals 4 types of materials stashed!)
18:02:08 [STASH_COMPACT] §f                §3§l>>> §3§lCLICK HERE§b to pick them up! §3§l<<<
18:02:25 [STASH_COMPACT] §f                 §7You have §3771 §7materials stashed away!
18:02:25 [STASH_COMPACT] §f              §8(This totals 4 types of materials stashed!)
18:02:25 [STASH_COMPACT] §f                §3§l>>> §3§lCLICK HERE§b to pick them up! §3§l<<<
18:03:39 [STASH_COMPACT] §f                 §7You have §3771 §7materials stashed away!
18:03:39 [STASH_COMPACT] §f              §8(This totals 4 types of materials stashed!)
18:03:39 [STASH_COMPACT] §f                §3§l>>> §3§lCLICK HERE§b to pick them up! §3§l<<<
18:04:07 [STASH_COMPACT] §f                 §7You have §3771 §7materials stashed away!
18:04:07 [STASH_COMPACT] §f              §8(This totals 4 types of materials stashed!)
18:04:07 [STASH_COMPACT] §f                §3§l>>> §3§lCLICK HERE§b to pick them up! §3§l<<<
18:04:21 [STASH_COMPACT] §f                 §7You have §3771 §7materials stashed away!
18:04:21 [STASH_COMPACT] §f              §8(This totals 4 types of materials stashed!)
18:04:21 [STASH_COMPACT] §f                §3§l>>> §3§lCLICK HERE§b to pick them up! §3§l<<<
18:05:21 [STASH_COMPACT] §f                 §7You have §3771 §7materials stashed away!
18:05:21 [STASH_COMPACT] §f              §8(This totals 4 types of materials stashed!)
18:05:21 [STASH_COMPACT] §f                §3§l>>> §3§lCLICK HERE§b to pick them up! §3§l<<<
18:06:15 [BESTIARY] §f                                  §6§lBESTIARY
18:06:15 [BESTIARY] §f                               §b§lThyst §7§8III §8➡§b §bIV
18:06:15 [BESTIARY] 
18:06:15 [BESTIARY] §f                                  §r§6§lREWARDS
18:06:15 [BESTIARY] §f                          §r§8+§r§a2 Thyst §r§b✯ Magic Find
18:06:15 [BESTIARY] §f                           §r§8+§r§a2 Thyst §r§c❁ Strength
18:06:15 [BESTIARY] §f                              §r§8+§r§62% §r§aThyst §r§7coins
18:06:15 [BESTIARY] §f                    §r§8+§r§a50% §r§7chance for extra XP orbs
18:06:15 [BESTIARY] §f                               §r§8+§r§b1 SkyBlock XP
18:06:15 [BESTIARY] 
18:06:15 [BESTIARY] §3§l▬▬▬▬▬▬▬▬▬▬▬▬▬▬▬▬▬▬▬▬▬▬▬▬▬▬▬▬▬▬▬▬▬▬▬▬▬▬▬▬▬▬▬▬▬▬▬▬▬▬▬▬▬▬▬▬▬▬▬▬▬▬▬▬
18:06:24 [STASH_COMPACT] §f                 §7You have §3771 §7materials stashed away!
18:06:24 [STASH_COMPACT] §f              §8(This totals 4 types of materials stashed!)
18:06:24 [STASH_COMPACT] §f                §3§l>>> §3§lCLICK HERE§b to pick them up! §3§l<<<
18:06:25 [STASH_COMPACT] §f                 §7You have §3771 §7materials stashed away!
18:06:25 [STASH_COMPACT] §f              §8(This totals 4 types of materials stashed!)
18:06:25 [STASH_COMPACT] §f                §3§l>>> §3§lCLICK HERE§b to pick them up! §3§l<<<
18:07:26 [STASH_COMPACT] §f                 §7You have §3771 §7materials stashed away!
18:07:26 [STASH_COMPACT] §f              §8(This totals 4 types of materials stashed!)
18:07:26 [STASH_COMPACT] §f                §3§l>>> §3§lCLICK HERE§b to pick them up! §3§l<<<
18:08:26 [STASH_COMPACT] §f                 §7You have §3771 §7materials stashed away!
18:08:26 [STASH_COMPACT] §f              §8(This totals 4 types of materials stashed!)
18:08:26 [STASH_COMPACT] §f                §3§l>>> §3§lCLICK HERE§b to pick them up! §3§l<<<
