12:27:14 `Bat`260765 missed {
 is already Found: false).
 Position: LorenzVec(x=-137.5, y=63.96875, z=-185.5)
 DistanceC: 19.393015394376548
Relative Position: LorenzVec(x=-19.393015394376548, y=-6.2020370772188045, z=8.932505054351452)
 }
12:27:14 `Bat`260767 missed {
 is already Found: false).
 Position: LorenzVec(x=-137.5, y=63.96875, z=-184.5)
 DistanceC: 19.393015394376548
Relative Position: LorenzVec(x=-19.393015394376548, y=-6.2020370772188045, z=9.932505054351452)
 }
12:27:14 `Bat`260769 missed {
 is already Found: false).
 Position: LorenzVec(x=-137.5, y=63.96875, z=-183.5)
 DistanceC: 19.393015394376548
Relative Position: LorenzVec(x=-19.393015394376548, y=-6.2020370772188045, z=10.932505054351452)
 }
12:27:14 `Bat`260771 missed {
 is already Found: false).
 Position: LorenzVec(x=-137.5, y=64.96875, z=-185.5)
 DistanceC: 19.393015394376548
Relative Position: LorenzVec(x=-19.393015394376548, y=-5.2020370772188045, z=8.932505054351452)
 }
12:27:14 `Bat`260773 missed {
 is already Found: false).
 Position: LorenzVec(x=-137.5, y=64.96875, z=-184.5)
 DistanceC: 19.393015394376548
Relative Position: LorenzVec(x=-19.393015394376548, y=-5.2020370772188045, z=9.932505054351452)
 }
12:27:14 `Bat`260775 missed {
 is already Found: false).
 Position: LorenzVec(x=-137.5, y=64.96875, z=-183.5)
 DistanceC: 19.393015394376548
Relative Position: LorenzVec(x=-19.393015394376548, y=-5.2020370772188045, z=10.932505054351452)
 }
12:27:14 `Bat`260777 missed {
 is already Found: false).
 Position: LorenzVec(x=-137.5, y=65.96875, z=-185.5)
 DistanceC: 19.393015394376548
Relative Position: LorenzVec(x=-19.393015394376548, y=-4.2020370772188045, z=8.932505054351452)
 }
12:27:14 `Bat`260779 missed {
 is already Found: false).
 Position: LorenzVec(x=-137.5, y=65.96875, z=-184.5)
 DistanceC: 19.393015394376548
Relative Position: LorenzVec(x=-19.393015394376548, y=-4.2020370772188045, z=9.932505054351452)
 }
12:27:14 `Bat`260781 missed {
 is already Found: false).
 Position: LorenzVec(x=-137.5, y=65.96875, z=-183.5)
 DistanceC: 19.393015394376548
Relative Position: LorenzVec(x=-19.393015394376548, y=-4.2020370772188045, z=10.932505054351452)
 }
12:27:14 `Bat`260783 missed {
 is already Found: false).
 Position: LorenzVec(x=-137.5, y=66.96875, z=-185.5)
 DistanceC: 19.393015394376548
Relative Position: LorenzVec(x=-19.393015394376548, y=-3.2020370772188045, z=8.932505054351452)
 }
12:27:14 `Bat`260785 missed {
 is already Found: false).
 Position: LorenzVec(x=-137.5, y=66.96875, z=-184.5)
 DistanceC: 19.393015394376548
Relative Position: LorenzVec(x=-19.393015394376548, y=-3.2020370772188045, z=9.932505054351452)
 }
12:27:14 `Bat`260787 missed {
 is already Found: false).
 Position: LorenzVec(x=-137.5, y=66.96875, z=-183.5)
 DistanceC: 19.393015394376548
Relative Position: LorenzVec(x=-19.393015394376548, y=-3.2020370772188045, z=10.932505054351452)
 }
12:27:14 `Bat`260789 missed {
 is already Found: false).
 Position: LorenzVec(x=-136.5, y=63.96875, z=-185.5)
 DistanceC: 18.393015394376548
Relative Position: LorenzVec(x=-18.393015394376548, y=-6.2020370772188045, z=8.932505054351452)
 }
12:27:14 `Bat`260791 missed {
 is already Found: false).
 Position: LorenzVec(x=-136.5, y=63.96875, z=-184.5)
 DistanceC: 18.393015394376548
Relative Position: LorenzVec(x=-18.393015394376548, y=-6.2020370772188045, z=9.932505054351452)
 }
12:27:14 `Bat`260793 missed {
 is already Found: false).
 Position: LorenzVec(x=-136.5, y=63.96875, z=-183.5)
 DistanceC: 18.393015394376548
Relative Position: LorenzVec(x=-18.393015394376548, y=-6.2020370772188045, z=10.932505054351452)
 }
12:27:14 `Bat`260795 missed {
 is already Found: false).
 Position: LorenzVec(x=-136.5, y=64.96875, z=-185.5)
 DistanceC: 18.393015394376548
Relative Position: LorenzVec(x=-18.393015394376548, y=-5.2020370772188045, z=8.932505054351452)
 }
12:27:14 `Bat`260797 missed {
 is already Found: false).
 Position: LorenzVec(x=-136.5, y=64.96875, z=-184.5)
 DistanceC: 18.393015394376548
Relative Position: LorenzVec(x=-18.393015394376548, y=-5.2020370772188045, z=9.932505054351452)
 }
12:27:14 `Bat`260799 missed {
 is already Found: false).
 Position: LorenzVec(x=-136.5, y=64.96875, z=-183.5)
 DistanceC: 18.393015394376548
Relative Position: LorenzVec(x=-18.393015394376548, y=-5.2020370772188045, z=10.932505054351452)
 }
12:27:14 `Bat`260801 missed {
 is already Found: false).
 Position: LorenzVec(x=-136.5, y=65.96875, z=-185.5)
 DistanceC: 18.393015394376548
Relative Position: LorenzVec(x=-18.393015394376548, y=-4.2020370772188045, z=8.932505054351452)
 }
12:27:14 `Bat`260803 missed {
 is already Found: false).
 Position: LorenzVec(x=-136.5, y=65.96875, z=-184.5)
 DistanceC: 18.393015394376548
Relative Position: LorenzVec(x=-18.393015394376548, y=-4.2020370772188045, z=9.932505054351452)
 }
12:27:14 `Bat`260805 missed {
 is already Found: false).
 Position: LorenzVec(x=-136.5, y=65.96875, z=-183.5)
 DistanceC: 18.393015394376548
Relative Position: LorenzVec(x=-18.393015394376548, y=-4.2020370772188045, z=10.932505054351452)
 }
12:27:14 `Bat`260807 missed {
 is already Found: false).
 Position: LorenzVec(x=-136.5, y=66.96875, z=-185.5)
 DistanceC: 18.393015394376548
Relative Position: LorenzVec(x=-18.393015394376548, y=-3.2020370772188045, z=8.932505054351452)
 }
12:27:14 `Bat`260809 missed {
 is already Found: false).
 Position: LorenzVec(x=-136.5, y=66.96875, z=-184.5)
 DistanceC: 18.393015394376548
Relative Position: LorenzVec(x=-18.393015394376548, y=-3.2020370772188045, z=9.932505054351452)
 }
12:27:14 `Bat`260811 missed {
 is already Found: false).
 Position: LorenzVec(x=-136.5, y=66.96875, z=-183.5)
 DistanceC: 18.393015394376548
Relative Position: LorenzVec(x=-18.393015394376548, y=-3.2020370772188045, z=10.932505054351452)
 }
12:27:14 `Bat`260813 missed {
 is already Found: false).
 Position: LorenzVec(x=-135.5, y=63.96875, z=-185.5)
 DistanceC: 17.393015394376548
Relative Position: LorenzVec(x=-17.393015394376548, y=-6.2020370772188045, z=8.932505054351452)
 }
12:27:14 `Bat`260815 missed {
 is already Found: false).
 Position: LorenzVec(x=-135.5, y=63.96875, z=-184.5)
 DistanceC: 17.393015394376548
Relative Position: LorenzVec(x=-17.393015394376548, y=-6.2020370772188045, z=9.932505054351452)
 }
12:27:14 `Bat`260817 missed {
 is already Found: false).
 Position: LorenzVec(x=-135.5, y=63.96875, z=-183.5)
 DistanceC: 17.393015394376548
Relative Position: LorenzVec(x=-17.393015394376548, y=-6.2020370772188045, z=10.932505054351452)
 }
12:27:14 `Bat`260819 missed {
 is already Found: false).
 Position: LorenzVec(x=-135.5, y=64.96875, z=-185.5)
 DistanceC: 17.393015394376548
Relative Position: LorenzVec(x=-17.393015394376548, y=-5.2020370772188045, z=8.932505054351452)
 }
12:27:14 `Bat`260821 missed {
 is already Found: false).
 Position: LorenzVec(x=-135.5, y=64.96875, z=-184.5)
 DistanceC: 17.393015394376548
Relative Position: LorenzVec(x=-17.393015394376548, y=-5.2020370772188045, z=9.932505054351452)
 }
12:27:14 `Bat`260823 missed {
 is already Found: false).
 Position: LorenzVec(x=-135.5, y=64.96875, z=-183.5)
 DistanceC: 17.393015394376548
Relative Position: LorenzVec(x=-17.393015394376548, y=-5.2020370772188045, z=10.932505054351452)
 }
12:27:14 `Bat`260825 missed {
 is already Found: false).
 Position: LorenzVec(x=-135.5, y=65.96875, z=-185.5)
 DistanceC: 17.393015394376548
Relative Position: LorenzVec(x=-17.393015394376548, y=-4.2020370772188045, z=8.932505054351452)
 }
12:27:14 `Bat`260827 missed {
 is already Found: false).
 Position: LorenzVec(x=-135.5, y=65.96875, z=-184.5)
 DistanceC: 17.393015394376548
Relative Position: LorenzVec(x=-17.393015394376548, y=-4.2020370772188045, z=9.932505054351452)
 }
12:27:14 `Bat`260829 missed {
 is already Found: false).
 Position: LorenzVec(x=-135.5, y=65.96875, z=-183.5)
 DistanceC: 17.393015394376548
Relative Position: LorenzVec(x=-17.393015394376548, y=-4.2020370772188045, z=10.932505054351452)
 }
12:27:14 `Bat`260831 missed {
 is already Found: false).
 Position: LorenzVec(x=-135.5, y=66.96875, z=-185.5)
 DistanceC: 17.393015394376548
Relative Position: LorenzVec(x=-17.393015394376548, y=-3.2020370772188045, z=8.932505054351452)
 }
12:27:14 `Bat`260833 missed {
 is already Found: false).
 Position: LorenzVec(x=-135.5, y=66.96875, z=-184.5)
 DistanceC: 17.393015394376548
Relative Position: LorenzVec(x=-17.393015394376548, y=-3.2020370772188045, z=9.932505054351452)
 }
12:27:14 `Bat`260835 missed {
 is already Found: false).
 Position: LorenzVec(x=-135.5, y=66.96875, z=-183.5)
 DistanceC: 17.393015394376548
Relative Position: LorenzVec(x=-17.393015394376548, y=-3.2020370772188045, z=10.932505054351452)
 }
12:27:48 `367u4lb6ic`264184 missed {
 is already Found: false).
 Position: LorenzVec(x=-110.71875, y=90.0, z=-178.1875)
 DistanceC: 6.672823308013093
Relative Position: LorenzVec(x=-6.672823308013093, y=20.5, z=3.694148098222854)
 }
12:28:30 `Cave Spider`262160 missed {
 is already Found: false).
 Position: LorenzVec(x=-77.5, y=77.0, z=-113.5)
 DistanceC: 11.844711655720104
Relative Position: LorenzVec(x=11.844711655720104, y=8.0, z=10.199999988079071)
 }
12:28:30 `Cave Spider`262158 missed {
 is already Found: false).
 Position: LorenzVec(x=-77.5, y=77.0, z=-111.5)
 DistanceC: 12.199999988079071
Relative Position: LorenzVec(x=11.851841851010704, y=8.0, z=12.199999988079071)
 }
12:28:30 `Cave Spider`262159 missed {
 is already Found: false).
 Position: LorenzVec(x=-76.5, y=77.0, z=-113.5)
 DistanceC: 12.851841851010704
Relative Position: LorenzVec(x=12.851841851010704, y=8.0, z=10.199999988079071)
 }
12:28:31 `Cave Spider`262157 missed {
 is already Found: false).
 Position: LorenzVec(x=-76.5, y=77.0, z=-111.5)
 DistanceC: 11.976259941603331
Relative Position: LorenzVec(x=11.889586840605716, y=8.0, z=11.976259941603331)
 }
12:28:31 `Cave Spider`262156 missed {
 is already Found: false).
 Position: LorenzVec(x=-75.5, y=77.0, z=-113.5)
 DistanceC: 12.310448082287706
Relative Position: LorenzVec(x=12.310448082287706, y=8.0, z=9.365788628486442)
 }
12:28:31 `f1g6541pp1`267165 missed {
 is already Found: false).
 Position: LorenzVec(x=-97.9375, y=78.0, z=-107.125)
 DistanceC: 12.141135173737823
Relative Position: LorenzVec(x=-12.141135173737823, y=8.0, z=10.257748047904002)
 }
12:30:38 `sx24wi3knd`273878 missed {
 is already Found: false).
 Position: LorenzVec(x=-107.25, y=79.0, z=-131.125)
 DistanceC: 12.050419272700822
Relative Position: LorenzVec(x=-4.644605855173552, y=1.0, z=12.050419272700822)
 }
12:31:51 `Bat`260741 missed {
 is already Found: false).
 Position: LorenzVec(x=-151.5, y=64.28125, z=-137.5)
 DistanceC: 17.80000001192093
Relative Position: LorenzVec(x=-17.80000001192093, y=-7.254590625044557, z=15.984838670352474)
 }
12:31:51 `Bat`260747 missed {
 is already Found: false).
 Position: LorenzVec(x=-151.5, y=65.28125, z=-137.5)
 DistanceC: 17.80000001192093
Relative Position: LorenzVec(x=-17.80000001192093, y=-6.254590625044557, z=15.984838670352474)
 }
12:31:51 `Bat`260753 missed {
 is already Found: false).
 Position: LorenzVec(x=-151.5, y=66.28125, z=-137.5)
 DistanceC: 17.80000001192093
Relative Position: LorenzVec(x=-17.80000001192093, y=-5.254590625044557, z=15.984838670352474)
 }
12:31:51 `Bat`260759 missed {
 is already Found: false).
 Position: LorenzVec(x=-151.5, y=67.28125, z=-137.5)
 DistanceC: 17.80000001192093
Relative Position: LorenzVec(x=-17.80000001192093, y=-4.254590625044557, z=15.984838670352474)
 }
12:31:51 `Bat`260717 missed {
 is already Found: false).
 Position: LorenzVec(x=-152.5, y=64.28125, z=-137.5)
 DistanceC: 17.80000001192093
Relative Position: LorenzVec(x=-17.80000001192093, y=-4.71875, z=15.448159556232866)
 }
12:31:51 `Bat`260723 missed {
 is already Found: false).
 Position: LorenzVec(x=-152.5, y=65.28125, z=-137.5)
 DistanceC: 17.80000001192093
Relative Position: LorenzVec(x=-17.80000001192093, y=-3.71875, z=15.448159556232866)
 }
12:31:51 `Bat`260729 missed {
 is already Found: false).
 Position: LorenzVec(x=-152.5, y=66.28125, z=-137.5)
 DistanceC: 17.80000001192093
Relative Position: LorenzVec(x=-17.80000001192093, y=-2.71875, z=15.448159556232866)
 }
12:31:51 `Bat`260735 missed {
 is already Found: false).
 Position: LorenzVec(x=-152.5, y=67.28125, z=-137.5)
 DistanceC: 17.80000001192093
Relative Position: LorenzVec(x=-17.80000001192093, y=-1.71875, z=15.448159556232866)
 }
12:31:52 `Bat`260693 missed {
 is already Found: false).
 Position: LorenzVec(x=-153.5, y=64.28125, z=-137.5)
 DistanceC: 16.31120346690787
Relative Position: LorenzVec(x=-16.31120346690787, y=-4.71875, z=15.079156690138461)
 }
12:31:52 `Bat`260699 missed {
 is already Found: false).
 Position: LorenzVec(x=-153.5, y=65.28125, z=-137.5)
 DistanceC: 16.31120346690787
Relative Position: LorenzVec(x=-16.31120346690787, y=-3.71875, z=15.079156690138461)
 }
12:31:52 `Bat`260705 missed {
 is already Found: false).
 Position: LorenzVec(x=-153.5, y=66.28125, z=-137.5)
 DistanceC: 16.31120346690787
Relative Position: LorenzVec(x=-16.31120346690787, y=-2.71875, z=15.079156690138461)
 }
12:31:52 `Bat`260711 missed {
 is already Found: false).
 Position: LorenzVec(x=-153.5, y=67.28125, z=-137.5)
 DistanceC: 16.31120346690787
Relative Position: LorenzVec(x=-16.31120346690787, y=-1.71875, z=15.079156690138461)
 }
12:31:56 `Bat`277113 missed {
 is already Found: false).
 Position: LorenzVec(x=-137.5, y=64.28125, z=-153.5)
 DistanceC: 13.024367093616064
Relative Position: LorenzVec(x=13.024367093616064, y=6.28125, z=-3.842932111402291)
 }
12:31:56 `Bat`277115 missed {
 is already Found: false).
 Position: LorenzVec(x=-137.5, y=64.28125, z=-152.5)
 DistanceC: 13.024367093616064
Relative Position: LorenzVec(x=13.024367093616064, y=6.28125, z=-2.842932111402291)
 }
12:31:56 `Bat`277117 missed {
 is already Found: false).
 Position: LorenzVec(x=-137.5, y=64.28125, z=-151.5)
 DistanceC: 13.024367093616064
Relative Position: LorenzVec(x=13.024367093616064, y=6.28125, z=-1.8429321114022912)
 }
12:31:56 `Bat`277119 missed {
 is already Found: false).
 Position: LorenzVec(x=-137.5, y=65.28125, z=-153.5)
 DistanceC: 13.024367093616064
Relative Position: LorenzVec(x=13.024367093616064, y=7.28125, z=-3.842932111402291)
 }
12:31:56 `Bat`277121 missed {
 is already Found: false).
 Position: LorenzVec(x=-137.5, y=65.28125, z=-152.5)
 DistanceC: 13.024367093616064
Relative Position: LorenzVec(x=13.024367093616064, y=7.28125, z=-2.842932111402291)
 }
12:31:56 `Bat`277123 missed {
 is already Found: false).
 Position: LorenzVec(x=-137.5, y=65.28125, z=-151.5)
 DistanceC: 13.024367093616064
Relative Position: LorenzVec(x=13.024367093616064, y=7.28125, z=-1.8429321114022912)
 }
12:31:56 `Bat`277125 missed {
 is already Found: false).
 Position: LorenzVec(x=-137.5, y=66.28125, z=-153.5)
 DistanceC: 13.024367093616064
Relative Position: LorenzVec(x=13.024367093616064, y=8.28125, z=-3.842932111402291)
 }
12:31:56 `Bat`277127 missed {
 is already Found: false).
 Position: LorenzVec(x=-137.5, y=66.28125, z=-152.5)
 DistanceC: 13.024367093616064
Relative Position: LorenzVec(x=13.024367093616064, y=8.28125, z=-2.842932111402291)
 }
12:31:56 `Bat`277129 missed {
 is already Found: false).
 Position: LorenzVec(x=-137.5, y=66.28125, z=-151.5)
 DistanceC: 13.024367093616064
Relative Position: LorenzVec(x=13.024367093616064, y=8.28125, z=-1.8429321114022912)
 }
12:31:56 `Bat`277131 missed {
 is already Found: false).
 Position: LorenzVec(x=-137.5, y=67.28125, z=-153.5)
 DistanceC: 13.024367093616064
Relative Position: LorenzVec(x=13.024367093616064, y=9.28125, z=-3.842932111402291)
 }
12:31:56 `Bat`277133 missed {
 is already Found: false).
 Position: LorenzVec(x=-137.5, y=67.28125, z=-152.5)
 DistanceC: 13.024367093616064
Relative Position: LorenzVec(x=13.024367093616064, y=9.28125, z=-2.842932111402291)
 }
12:31:56 `Bat`277135 missed {
 is already Found: false).
 Position: LorenzVec(x=-137.5, y=67.28125, z=-151.5)
 DistanceC: 13.024367093616064
Relative Position: LorenzVec(x=13.024367093616064, y=9.28125, z=-1.8429321114022912)
 }
12:31:56 `Bat`277137 missed {
 is already Found: false).
 Position: LorenzVec(x=-136.5, y=64.28125, z=-153.5)
 DistanceC: 14.024367093616064
Relative Position: LorenzVec(x=14.024367093616064, y=6.28125, z=-3.842932111402291)
 }
12:31:56 `Bat`277139 missed {
 is already Found: false).
 Position: LorenzVec(x=-136.5, y=64.28125, z=-152.5)
 DistanceC: 14.024367093616064
Relative Position: LorenzVec(x=14.024367093616064, y=6.28125, z=-2.842932111402291)
 }
12:31:56 `Bat`277141 missed {
 is already Found: false).
 Position: LorenzVec(x=-136.5, y=64.28125, z=-151.5)
 DistanceC: 14.024367093616064
Relative Position: LorenzVec(x=14.024367093616064, y=6.28125, z=-1.8429321114022912)
 }
12:31:56 `Bat`277143 missed {
 is already Found: false).
 Position: LorenzVec(x=-136.5, y=65.28125, z=-153.5)
 DistanceC: 14.024367093616064
Relative Position: LorenzVec(x=14.024367093616064, y=7.28125, z=-3.842932111402291)
 }
12:31:56 `Bat`277145 missed {
 is already Found: false).
 Position: LorenzVec(x=-136.5, y=65.28125, z=-152.5)
 DistanceC: 14.024367093616064
Relative Position: LorenzVec(x=14.024367093616064, y=7.28125, z=-2.842932111402291)
 }
12:31:56 `Bat`277147 missed {
 is already Found: false).
 Position: LorenzVec(x=-136.5, y=65.28125, z=-151.5)
 DistanceC: 14.024367093616064
Relative Position: LorenzVec(x=14.024367093616064, y=7.28125, z=-1.8429321114022912)
 }
12:31:56 `Bat`277149 missed {
 is already Found: false).
 Position: LorenzVec(x=-136.5, y=66.28125, z=-153.5)
 DistanceC: 14.024367093616064
Relative Position: LorenzVec(x=14.024367093616064, y=8.28125, z=-3.842932111402291)
 }
12:31:56 `Bat`277151 missed {
 is already Found: false).
 Position: LorenzVec(x=-136.5, y=66.28125, z=-152.5)
 DistanceC: 14.024367093616064
Relative Position: LorenzVec(x=14.024367093616064, y=8.28125, z=-2.842932111402291)
 }
12:31:56 `Bat`277153 missed {
 is already Found: false).
 Position: LorenzVec(x=-136.5, y=66.28125, z=-151.5)
 DistanceC: 14.024367093616064
Relative Position: LorenzVec(x=14.024367093616064, y=8.28125, z=-1.8429321114022912)
 }
12:31:56 `Bat`277155 missed {
 is already Found: false).
 Position: LorenzVec(x=-136.5, y=67.28125, z=-153.5)
 DistanceC: 14.024367093616064
Relative Position: LorenzVec(x=14.024367093616064, y=9.28125, z=-3.842932111402291)
 }
12:31:56 `Bat`277157 missed {
 is already Found: false).
 Position: LorenzVec(x=-136.5, y=67.28125, z=-152.5)
 DistanceC: 14.024367093616064
Relative Position: LorenzVec(x=14.024367093616064, y=9.28125, z=-2.842932111402291)
 }
12:31:56 `Bat`277159 missed {
 is already Found: false).
 Position: LorenzVec(x=-136.5, y=67.28125, z=-151.5)
 DistanceC: 14.024367093616064
Relative Position: LorenzVec(x=14.024367093616064, y=9.28125, z=-1.8429321114022912)
 }
12:31:56 `Bat`277161 missed {
 is already Found: false).
 Position: LorenzVec(x=-135.5, y=64.28125, z=-153.5)
 DistanceC: 15.024367093616064
Relative Position: LorenzVec(x=15.024367093616064, y=6.28125, z=-3.842932111402291)
 }
12:31:56 `Bat`277163 missed {
 is already Found: false).
 Position: LorenzVec(x=-135.5, y=64.28125, z=-152.5)
 DistanceC: 15.024367093616064
Relative Position: LorenzVec(x=15.024367093616064, y=6.28125, z=-2.842932111402291)
 }
12:31:56 `Bat`277165 missed {
 is already Found: false).
 Position: LorenzVec(x=-135.5, y=64.28125, z=-151.5)
 DistanceC: 15.024367093616064
Relative Position: LorenzVec(x=15.024367093616064, y=6.28125, z=-1.8429321114022912)
 }
12:31:56 `Bat`277167 missed {
 is already Found: false).
 Position: LorenzVec(x=-135.5, y=65.28125, z=-153.5)
 DistanceC: 15.024367093616064
Relative Position: LorenzVec(x=15.024367093616064, y=7.28125, z=-3.842932111402291)
 }
12:31:56 `Bat`277169 missed {
 is already Found: false).
 Position: LorenzVec(x=-135.5, y=65.28125, z=-152.5)
 DistanceC: 15.024367093616064
Relative Position: LorenzVec(x=15.024367093616064, y=7.28125, z=-2.842932111402291)
 }
12:31:56 `Bat`277171 missed {
 is already Found: false).
 Position: LorenzVec(x=-135.5, y=65.28125, z=-151.5)
 DistanceC: 15.024367093616064
Relative Position: LorenzVec(x=15.024367093616064, y=7.28125, z=-1.8429321114022912)
 }
12:31:56 `Bat`277173 missed {
 is already Found: false).
 Position: LorenzVec(x=-135.5, y=66.28125, z=-153.5)
 DistanceC: 14.536624321181165
Relative Position: LorenzVec(x=14.536624321181165, y=8.28125, z=-4.02428829865346)
 }
12:31:56 `Bat`277175 missed {
 is already Found: false).
 Position: LorenzVec(x=-135.5, y=66.28125, z=-152.5)
 DistanceC: 14.536624321181165
Relative Position: LorenzVec(x=14.536624321181165, y=8.28125, z=-3.0242882986534596)
 }
12:31:56 `Bat`277177 missed {
 is already Found: false).
 Position: LorenzVec(x=-135.5, y=66.28125, z=-151.5)
 DistanceC: 14.536624321181165
Relative Position: LorenzVec(x=14.536624321181165, y=8.28125, z=-2.0242882986534596)
 }
12:31:56 `Bat`277179 missed {
 is already Found: false).
 Position: LorenzVec(x=-135.5, y=67.28125, z=-153.5)
 DistanceC: 14.536624321181165
Relative Position: LorenzVec(x=14.536624321181165, y=9.28125, z=-4.02428829865346)
 }
12:31:56 `Bat`277181 missed {
 is already Found: false).
 Position: LorenzVec(x=-135.5, y=67.28125, z=-152.5)
 DistanceC: 14.536624321181165
Relative Position: LorenzVec(x=14.536624321181165, y=9.28125, z=-3.0242882986534596)
 }
12:31:56 `Bat`277183 missed {
 is already Found: false).
 Position: LorenzVec(x=-135.5, y=67.28125, z=-151.5)
 DistanceC: 14.536624321181165
Relative Position: LorenzVec(x=14.536624321181165, y=9.28125, z=-2.0242882986534596)
 }
12:33:35 `Bat`281644 missed {
 is already Found: false).
 Position: LorenzVec(x=-153.5, y=64.28125, z=-105.5)
 DistanceC: 12.153118262194027
Relative Position: LorenzVec(x=0.9577657787390308, y=-4.71875, z=-12.153118262194027)
 }
12:33:35 `Bat`281650 missed {
 is already Found: false).
 Position: LorenzVec(x=-153.5, y=65.28125, z=-105.5)
 DistanceC: 12.153118262194027
Relative Position: LorenzVec(x=0.9577657787390308, y=-3.71875, z=-12.153118262194027)
 }
12:33:35 `Bat`281656 missed {
 is already Found: false).
 Position: LorenzVec(x=-153.5, y=66.28125, z=-105.5)
 DistanceC: 12.153118262194027
Relative Position: LorenzVec(x=0.9577657787390308, y=-2.71875, z=-12.153118262194027)
 }
12:33:35 `Bat`281662 missed {
 is already Found: false).
 Position: LorenzVec(x=-153.5, y=67.28125, z=-105.5)
 DistanceC: 12.153118262194027
Relative Position: LorenzVec(x=0.9577657787390308, y=-1.71875, z=-12.153118262194027)
 }
12:33:35 `Bat`281668 missed {
 is already Found: false).
 Position: LorenzVec(x=-152.5, y=64.28125, z=-105.5)
 DistanceC: 12.153118262194027
Relative Position: LorenzVec(x=1.9577657787390308, y=-4.71875, z=-12.153118262194027)
 }
12:33:35 `Bat`281674 missed {
 is already Found: false).
 Position: LorenzVec(x=-152.5, y=65.28125, z=-105.5)
 DistanceC: 12.153118262194027
Relative Position: LorenzVec(x=1.9577657787390308, y=-3.71875, z=-12.153118262194027)
 }
12:33:35 `Bat`281680 missed {
 is already Found: false).
 Position: LorenzVec(x=-152.5, y=66.28125, z=-105.5)
 DistanceC: 12.153118262194027
Relative Position: LorenzVec(x=1.9577657787390308, y=-2.71875, z=-12.153118262194027)
 }
12:33:35 `Bat`281686 missed {
 is already Found: false).
 Position: LorenzVec(x=-152.5, y=67.28125, z=-105.5)
 DistanceC: 12.153118262194027
Relative Position: LorenzVec(x=1.9577657787390308, y=-1.71875, z=-12.153118262194027)
 }
12:33:35 `Bat`281692 missed {
 is already Found: false).
 Position: LorenzVec(x=-151.5, y=64.28125, z=-105.5)
 DistanceC: 12.153118262194027
Relative Position: LorenzVec(x=2.957765778739031, y=-4.71875, z=-12.153118262194027)
 }
12:33:35 `Bat`281698 missed {
 is already Found: false).
 Position: LorenzVec(x=-151.5, y=65.28125, z=-105.5)
 DistanceC: 12.153118262194027
Relative Position: LorenzVec(x=2.957765778739031, y=-3.71875, z=-12.153118262194027)
 }
12:33:35 `Bat`281704 missed {
 is already Found: false).
 Position: LorenzVec(x=-151.5, y=66.28125, z=-105.5)
 DistanceC: 12.153118262194027
Relative Position: LorenzVec(x=2.957765778739031, y=-2.71875, z=-12.153118262194027)
 }
12:33:35 `Bat`281710 missed {
 is already Found: false).
 Position: LorenzVec(x=-151.5, y=67.28125, z=-105.5)
 DistanceC: 12.153118262194027
Relative Position: LorenzVec(x=2.957765778739031, y=-1.71875, z=-12.153118262194027)
 }
12:33:35 `Bat`281646 missed {
 is already Found: false).
 Position: LorenzVec(x=-153.5, y=64.28125, z=-104.5)
 DistanceC: 11.153118262194027
Relative Position: LorenzVec(x=0.978438368526497, y=-4.71875, z=-11.153118262194027)
 }
12:33:35 `Bat`281652 missed {
 is already Found: false).
 Position: LorenzVec(x=-153.5, y=65.28125, z=-104.5)
 DistanceC: 11.153118262194027
Relative Position: LorenzVec(x=0.978438368526497, y=-3.71875, z=-11.153118262194027)
 }
12:33:35 `Bat`281658 missed {
 is already Found: false).
 Position: LorenzVec(x=-153.5, y=66.28125, z=-104.5)
 DistanceC: 11.153118262194027
Relative Position: LorenzVec(x=0.978438368526497, y=-2.71875, z=-11.153118262194027)
 }
12:33:35 `Bat`281664 missed {
 is already Found: false).
 Position: LorenzVec(x=-153.5, y=67.28125, z=-104.5)
 DistanceC: 11.153118262194027
Relative Position: LorenzVec(x=0.978438368526497, y=-1.71875, z=-11.153118262194027)
 }
12:33:35 `Bat`281670 missed {
 is already Found: false).
 Position: LorenzVec(x=-152.5, y=64.28125, z=-104.5)
 DistanceC: 11.153118262194027
Relative Position: LorenzVec(x=1.978438368526497, y=-4.71875, z=-11.153118262194027)
 }
12:33:35 `Bat`281676 missed {
 is already Found: false).
 Position: LorenzVec(x=-152.5, y=65.28125, z=-104.5)
 DistanceC: 11.153118262194027
Relative Position: LorenzVec(x=1.978438368526497, y=-3.71875, z=-11.153118262194027)
 }
12:33:35 `Bat`281682 missed {
 is already Found: false).
 Position: LorenzVec(x=-152.5, y=66.28125, z=-104.5)
 DistanceC: 11.153118262194027
Relative Position: LorenzVec(x=1.978438368526497, y=-2.71875, z=-11.153118262194027)
 }
12:33:35 `Bat`281688 missed {
 is already Found: false).
 Position: LorenzVec(x=-152.5, y=67.28125, z=-104.5)
 DistanceC: 11.153118262194027
Relative Position: LorenzVec(x=1.978438368526497, y=-1.71875, z=-11.153118262194027)
 }
12:33:35 `Bat`281694 missed {
 is already Found: false).
 Position: LorenzVec(x=-151.5, y=64.28125, z=-104.5)
 DistanceC: 11.153118262194027
Relative Position: LorenzVec(x=2.978438368526497, y=-4.71875, z=-11.153118262194027)
 }
12:33:35 `Bat`281700 missed {
 is already Found: false).
 Position: LorenzVec(x=-151.5, y=65.28125, z=-104.5)
 DistanceC: 11.153118262194027
Relative Position: LorenzVec(x=2.978438368526497, y=-3.71875, z=-11.153118262194027)
 }
12:33:35 `Bat`281706 missed {
 is already Found: false).
 Position: LorenzVec(x=-151.5, y=66.28125, z=-104.5)
 DistanceC: 11.153118262194027
Relative Position: LorenzVec(x=2.978438368526497, y=-2.71875, z=-11.153118262194027)
 }
12:33:35 `Bat`281712 missed {
 is already Found: false).
 Position: LorenzVec(x=-151.5, y=67.28125, z=-104.5)
 DistanceC: 11.153118262194027
Relative Position: LorenzVec(x=2.978438368526497, y=-1.71875, z=-11.153118262194027)
 }
12:33:35 `Bat`281648 missed {
 is already Found: false).
 Position: LorenzVec(x=-153.5, y=64.28125, z=-103.5)
 DistanceC: 10.153118262194027
Relative Position: LorenzVec(x=0.978438368526497, y=-4.71875, z=-10.153118262194027)
 }
12:33:35 `Bat`281654 missed {
 is already Found: false).
 Position: LorenzVec(x=-153.5, y=65.28125, z=-103.5)
 DistanceC: 10.153118262194027
Relative Position: LorenzVec(x=0.978438368526497, y=-3.71875, z=-10.153118262194027)
 }
12:33:35 `Bat`281660 missed {
 is already Found: false).
 Position: LorenzVec(x=-153.5, y=66.28125, z=-103.5)
 DistanceC: 10.153118262194027
Relative Position: LorenzVec(x=0.978438368526497, y=-2.71875, z=-10.153118262194027)
 }
12:33:35 `Bat`281666 missed {
 is already Found: false).
 Position: LorenzVec(x=-153.5, y=67.28125, z=-103.5)
 DistanceC: 10.153118262194027
Relative Position: LorenzVec(x=0.978438368526497, y=-1.71875, z=-10.153118262194027)
 }
12:33:35 `Bat`281672 missed {
 is already Found: false).
 Position: LorenzVec(x=-152.5, y=64.28125, z=-103.5)
 DistanceC: 10.153118262194027
Relative Position: LorenzVec(x=1.978438368526497, y=-4.71875, z=-10.153118262194027)
 }
12:33:35 `Bat`281678 missed {
 is already Found: false).
 Position: LorenzVec(x=-152.5, y=65.28125, z=-103.5)
 DistanceC: 10.153118262194027
Relative Position: LorenzVec(x=1.978438368526497, y=-3.71875, z=-10.153118262194027)
 }
12:33:35 `Bat`281684 missed {
 is already Found: false).
 Position: LorenzVec(x=-152.5, y=66.28125, z=-103.5)
 DistanceC: 10.153118262194027
Relative Position: LorenzVec(x=1.978438368526497, y=-2.71875, z=-10.153118262194027)
 }
12:33:35 `Bat`281690 missed {
 is already Found: false).
 Position: LorenzVec(x=-152.5, y=67.28125, z=-103.5)
 DistanceC: 10.153118262194027
Relative Position: LorenzVec(x=1.978438368526497, y=-1.71875, z=-10.153118262194027)
 }
12:33:35 `Bat`281696 missed {
 is already Found: false).
 Position: LorenzVec(x=-151.5, y=64.28125, z=-103.5)
 DistanceC: 10.153118262194027
Relative Position: LorenzVec(x=2.978438368526497, y=-4.71875, z=-10.153118262194027)
 }
12:33:35 `Bat`281702 missed {
 is already Found: false).
 Position: LorenzVec(x=-151.5, y=65.28125, z=-103.5)
 DistanceC: 10.153118262194027
Relative Position: LorenzVec(x=2.978438368526497, y=-3.71875, z=-10.153118262194027)
 }
12:33:35 `Bat`281708 missed {
 is already Found: false).
 Position: LorenzVec(x=-151.5, y=66.28125, z=-103.5)
 DistanceC: 10.153118262194027
Relative Position: LorenzVec(x=2.978438368526497, y=-2.71875, z=-10.153118262194027)
 }
12:33:35 `Bat`281714 missed {
 is already Found: false).
 Position: LorenzVec(x=-151.5, y=67.28125, z=-103.5)
 DistanceC: 10.153118262194027
Relative Position: LorenzVec(x=2.978438368526497, y=-1.71875, z=-10.153118262194027)
 }
12:33:49 `Bat`282390 missed {
 is already Found: false).
 Position: LorenzVec(x=-167.5, y=64.28125, z=-89.5)
 DistanceC: 14.873008268890743
Relative Position: LorenzVec(x=-14.873008268890743, y=-4.71875, z=3.8525355999219215)
 }
12:33:49 `Bat`282392 missed {
 is already Found: false).
 Position: LorenzVec(x=-167.5, y=64.28125, z=-88.5)
 DistanceC: 14.873008268890743
Relative Position: LorenzVec(x=-14.873008268890743, y=-4.71875, z=4.8525355999219215)
 }
12:33:49 `Bat`282394 missed {
 is already Found: false).
 Position: LorenzVec(x=-167.5, y=64.28125, z=-87.5)
 DistanceC: 14.873008268890743
Relative Position: LorenzVec(x=-14.873008268890743, y=-4.71875, z=5.8525355999219215)
 }
12:33:49 `Bat`282396 missed {
 is already Found: false).
 Position: LorenzVec(x=-167.5, y=65.28125, z=-89.5)
 DistanceC: 14.873008268890743
Relative Position: LorenzVec(x=-14.873008268890743, y=-3.71875, z=3.8525355999219215)
 }
12:33:49 `Bat`282398 missed {
 is already Found: false).
 Position: LorenzVec(x=-167.5, y=65.28125, z=-88.5)
 DistanceC: 14.873008268890743
Relative Position: LorenzVec(x=-14.873008268890743, y=-3.71875, z=4.8525355999219215)
 }
12:33:49 `Bat`282400 missed {
 is already Found: false).
 Position: LorenzVec(x=-167.5, y=65.28125, z=-87.5)
 DistanceC: 14.873008268890743
Relative Position: LorenzVec(x=-14.873008268890743, y=-3.71875, z=5.8525355999219215)
 }
12:33:49 `Bat`282402 missed {
 is already Found: false).
 Position: LorenzVec(x=-167.5, y=66.28125, z=-89.5)
 DistanceC: 14.873008268890743
Relative Position: LorenzVec(x=-14.873008268890743, y=-2.71875, z=3.8525355999219215)
 }
12:33:49 `Bat`282404 missed {
 is already Found: false).
 Position: LorenzVec(x=-167.5, y=66.28125, z=-88.5)
 DistanceC: 14.873008268890743
Relative Position: LorenzVec(x=-14.873008268890743, y=-2.71875, z=4.8525355999219215)
 }
12:33:49 `Bat`282406 missed {
 is already Found: false).
 Position: LorenzVec(x=-167.5, y=66.28125, z=-87.5)
 DistanceC: 14.873008268890743
Relative Position: LorenzVec(x=-14.873008268890743, y=-2.71875, z=5.8525355999219215)
 }
12:33:49 `Bat`282408 missed {
 is already Found: false).
 Position: LorenzVec(x=-167.5, y=67.28125, z=-89.5)
 DistanceC: 14.873008268890743
Relative Position: LorenzVec(x=-14.873008268890743, y=-1.71875, z=3.8525355999219215)
 }
12:33:49 `Bat`282410 missed {
 is already Found: false).
 Position: LorenzVec(x=-167.5, y=67.28125, z=-88.5)
 DistanceC: 14.873008268890743
Relative Position: LorenzVec(x=-14.873008268890743, y=-1.71875, z=4.8525355999219215)
 }
12:33:49 `Bat`282412 missed {
 is already Found: false).
 Position: LorenzVec(x=-167.5, y=67.28125, z=-87.5)
 DistanceC: 14.873008268890743
Relative Position: LorenzVec(x=-14.873008268890743, y=-1.71875, z=5.8525355999219215)
 }
12:33:49 `Bat`282366 missed {
 is already Found: false).
 Position: LorenzVec(x=-168.5, y=64.28125, z=-89.5)
 DistanceC: 17.00001581847627
Relative Position: LorenzVec(x=-17.00001581847627, y=-4.71875, z=7.1560121482980605)
 }
12:33:49 `Bat`282368 missed {
 is already Found: false).
 Position: LorenzVec(x=-168.5, y=64.28125, z=-88.5)
 DistanceC: 17.00001581847627
Relative Position: LorenzVec(x=-17.00001581847627, y=-4.71875, z=8.15601214829806)
 }
12:33:49 `Bat`282370 missed {
 is already Found: false).
 Position: LorenzVec(x=-168.5, y=64.28125, z=-87.5)
 DistanceC: 17.00001581847627
Relative Position: LorenzVec(x=-17.00001581847627, y=-4.71875, z=9.15601214829806)
 }
12:33:49 `Bat`282372 missed {
 is already Found: false).
 Position: LorenzVec(x=-168.5, y=65.28125, z=-89.5)
 DistanceC: 17.00001581847627
Relative Position: LorenzVec(x=-17.00001581847627, y=-3.71875, z=7.1560121482980605)
 }
12:33:49 `Bat`282374 missed {
 is already Found: false).
 Position: LorenzVec(x=-168.5, y=65.28125, z=-88.5)
 DistanceC: 17.00001581847627
Relative Position: LorenzVec(x=-17.00001581847627, y=-3.71875, z=8.15601214829806)
 }
12:33:49 `Bat`282376 missed {
 is already Found: false).
 Position: LorenzVec(x=-168.5, y=65.28125, z=-87.5)
 DistanceC: 17.00001581847627
Relative Position: LorenzVec(x=-17.00001581847627, y=-3.71875, z=9.15601214829806)
 }
12:33:49 `Bat`282378 missed {
 is already Found: false).
 Position: LorenzVec(x=-168.5, y=66.28125, z=-89.5)
 DistanceC: 17.00001581847627
Relative Position: LorenzVec(x=-17.00001581847627, y=-2.71875, z=7.1560121482980605)
 }
12:33:49 `Bat`282380 missed {
 is already Found: false).
 Position: LorenzVec(x=-168.5, y=66.28125, z=-88.5)
 DistanceC: 17.00001581847627
Relative Position: LorenzVec(x=-17.00001581847627, y=-2.71875, z=8.15601214829806)
 }
12:33:49 `Bat`282382 missed {
 is already Found: false).
 Position: LorenzVec(x=-168.5, y=66.28125, z=-87.5)
 DistanceC: 17.00001581847627
Relative Position: LorenzVec(x=-17.00001581847627, y=-2.71875, z=9.15601214829806)
 }
12:33:49 `Bat`282384 missed {
 is already Found: false).
 Position: LorenzVec(x=-168.5, y=67.28125, z=-89.5)
 DistanceC: 17.00001581847627
Relative Position: LorenzVec(x=-17.00001581847627, y=-1.71875, z=7.1560121482980605)
 }
12:33:49 `Bat`282386 missed {
 is already Found: false).
 Position: LorenzVec(x=-168.5, y=67.28125, z=-88.5)
 DistanceC: 17.00001581847627
Relative Position: LorenzVec(x=-17.00001581847627, y=-1.71875, z=8.15601214829806)
 }
12:33:49 `Bat`282388 missed {
 is already Found: false).
 Position: LorenzVec(x=-168.5, y=67.28125, z=-87.5)
 DistanceC: 17.00001581847627
Relative Position: LorenzVec(x=-17.00001581847627, y=-1.71875, z=9.15601214829806)
 }
12:33:50 `Bat`282342 missed {
 is already Found: false).
 Position: LorenzVec(x=-169.5, y=64.28125, z=-89.5)
 DistanceC: 16.949149385591966
Relative Position: LorenzVec(x=-16.949149385591966, y=-4.71875, z=11.934645616775242)
 }
12:33:50 `Bat`282344 missed {
 is already Found: false).
 Position: LorenzVec(x=-169.5, y=64.28125, z=-88.5)
 DistanceC: 16.949149385591966
Relative Position: LorenzVec(x=-16.949149385591966, y=-4.71875, z=12.934645616775242)
 }
12:33:50 `Bat`282346 missed {
 is already Found: false).
 Position: LorenzVec(x=-169.5, y=64.28125, z=-87.5)
 DistanceC: 16.949149385591966
Relative Position: LorenzVec(x=-16.949149385591966, y=-4.71875, z=13.934645616775242)
 }
12:33:50 `Bat`282348 missed {
 is already Found: false).
 Position: LorenzVec(x=-169.5, y=65.28125, z=-89.5)
 DistanceC: 16.949149385591966
Relative Position: LorenzVec(x=-16.949149385591966, y=-3.71875, z=11.934645616775242)
 }
12:33:50 `Bat`282350 missed {
 is already Found: false).
 Position: LorenzVec(x=-169.5, y=65.28125, z=-88.5)
 DistanceC: 16.949149385591966
Relative Position: LorenzVec(x=-16.949149385591966, y=-3.71875, z=12.934645616775242)
 }
12:33:50 `Bat`282352 missed {
 is already Found: false).
 Position: LorenzVec(x=-169.5, y=65.28125, z=-87.5)
 DistanceC: 16.949149385591966
Relative Position: LorenzVec(x=-16.949149385591966, y=-3.71875, z=13.934645616775242)
 }
12:33:50 `Bat`282354 missed {
 is already Found: false).
 Position: LorenzVec(x=-169.5, y=66.28125, z=-89.5)
 DistanceC: 16.949149385591966
Relative Position: LorenzVec(x=-16.949149385591966, y=-2.71875, z=11.934645616775242)
 }
12:33:50 `Bat`282356 missed {
 is already Found: false).
 Position: LorenzVec(x=-169.5, y=66.28125, z=-88.5)
 DistanceC: 16.949149385591966
Relative Position: LorenzVec(x=-16.949149385591966, y=-2.71875, z=12.934645616775242)
 }
12:33:50 `Bat`282358 missed {
 is already Found: false).
 Position: LorenzVec(x=-169.5, y=66.28125, z=-87.5)
 DistanceC: 16.949149385591966
Relative Position: LorenzVec(x=-16.949149385591966, y=-2.71875, z=13.934645616775242)
 }
12:33:50 `Bat`282360 missed {
 is already Found: false).
 Position: LorenzVec(x=-169.5, y=67.28125, z=-89.5)
 DistanceC: 16.949149385591966
Relative Position: LorenzVec(x=-16.949149385591966, y=-1.71875, z=11.934645616775242)
 }
12:33:50 `Bat`282362 missed {
 is already Found: false).
 Position: LorenzVec(x=-169.5, y=67.28125, z=-88.5)
 DistanceC: 16.949149385591966
Relative Position: LorenzVec(x=-16.949149385591966, y=-1.71875, z=12.934645616775242)
 }
12:33:50 `Bat`282364 missed {
 is already Found: false).
 Position: LorenzVec(x=-169.5, y=67.28125, z=-87.5)
 DistanceC: 16.949149385591966
Relative Position: LorenzVec(x=-16.949149385591966, y=-1.71875, z=13.934645616775242)
 }
12:34:40 `Guardian`279264 missed {
 is already Found: false).
 Position: LorenzVec(x=-194.5, y=73.0, z=-111.5)
 DistanceC: 21.61706949621407
Relative Position: LorenzVec(x=-4.431945117186672, y=4.0, z=-21.61706949621407)
 }
12:38:33 `Bat`80951 missed {
 is already Found: false).
 Position: LorenzVec(x=-121.5, y=64.07291666666666, z=-167.5)
 DistanceC: 19.716027929991668
Relative Position: LorenzVec(x=6.816322182807198, y=-4.927083333333343, z=-19.716027929991668)
 }
12:38:33 `Bat`80957 missed {
 is already Found: false).
 Position: LorenzVec(x=-121.5, y=65.07291666666666, z=-167.5)
 DistanceC: 19.716027929991668
Relative Position: LorenzVec(x=6.816322182807198, y=-3.927083333333343, z=-19.716027929991668)
 }
12:38:33 `Bat`80963 missed {
 is already Found: false).
 Position: LorenzVec(x=-121.5, y=66.07291666666666, z=-167.5)
 DistanceC: 19.716027929991668
Relative Position: LorenzVec(x=6.816322182807198, y=-2.927083333333343, z=-19.716027929991668)
 }
12:38:33 `Bat`80969 missed {
 is already Found: false).
 Position: LorenzVec(x=-121.5, y=67.07291666666666, z=-167.5)
 DistanceC: 19.716027929991668
Relative Position: LorenzVec(x=6.816322182807198, y=-1.9270833333333428, z=-19.716027929991668)
 }
12:38:33 `Bat`80975 missed {
 is already Found: false).
 Position: LorenzVec(x=-120.5, y=64.07291666666666, z=-167.5)
 DistanceC: 19.716027929991668
Relative Position: LorenzVec(x=7.816322182807198, y=-4.927083333333343, z=-19.716027929991668)
 }
12:38:33 `Bat`80981 missed {
 is already Found: false).
 Position: LorenzVec(x=-120.5, y=65.07291666666666, z=-167.5)
 DistanceC: 19.716027929991668
Relative Position: LorenzVec(x=7.816322182807198, y=-3.927083333333343, z=-19.716027929991668)
 }
12:38:33 `Bat`80987 missed {
 is already Found: false).
 Position: LorenzVec(x=-120.5, y=66.07291666666666, z=-167.5)
 DistanceC: 19.716027929991668
Relative Position: LorenzVec(x=7.816322182807198, y=-2.927083333333343, z=-19.716027929991668)
 }
12:38:33 `Bat`80993 missed {
 is already Found: false).
 Position: LorenzVec(x=-120.5, y=67.07291666666666, z=-167.5)
 DistanceC: 19.716027929991668
Relative Position: LorenzVec(x=7.816322182807198, y=-1.9270833333333428, z=-19.716027929991668)
 }
12:38:33 `Bat`80999 missed {
 is already Found: false).
 Position: LorenzVec(x=-119.5, y=64.07291666666666, z=-167.5)
 DistanceC: 19.716027929991668
Relative Position: LorenzVec(x=8.816322182807198, y=-4.927083333333343, z=-19.716027929991668)
 }
12:38:33 `Bat`81005 missed {
 is already Found: false).
 Position: LorenzVec(x=-119.5, y=65.07291666666666, z=-167.5)
 DistanceC: 19.716027929991668
Relative Position: LorenzVec(x=8.816322182807198, y=-3.927083333333343, z=-19.716027929991668)
 }
12:38:33 `Bat`81011 missed {
 is already Found: false).
 Position: LorenzVec(x=-119.5, y=66.07291666666666, z=-167.5)
 DistanceC: 19.716027929991668
Relative Position: LorenzVec(x=8.816322182807198, y=-2.927083333333343, z=-19.716027929991668)
 }
12:38:33 `Bat`81017 missed {
 is already Found: false).
 Position: LorenzVec(x=-119.5, y=67.07291666666666, z=-167.5)
 DistanceC: 19.716027929991668
Relative Position: LorenzVec(x=8.816322182807198, y=-1.9270833333333428, z=-19.716027929991668)
 }
12:38:34 `Bat`80949 missed {
 is already Found: false).
 Position: LorenzVec(x=-121.5, y=64.07291666666666, z=-168.5)
 DistanceC: 17.923157669292834
Relative Position: LorenzVec(x=10.331017538905144, y=-4.927083333333343, z=-17.923157669292834)
 }
12:38:34 `Bat`80955 missed {
 is already Found: false).
 Position: LorenzVec(x=-121.5, y=65.07291666666666, z=-168.5)
 DistanceC: 17.923157669292834
Relative Position: LorenzVec(x=10.331017538905144, y=-3.927083333333343, z=-17.923157669292834)
 }
12:38:34 `Bat`80961 missed {
 is already Found: false).
 Position: LorenzVec(x=-121.5, y=66.07291666666666, z=-168.5)
 DistanceC: 17.923157669292834
Relative Position: LorenzVec(x=10.331017538905144, y=-2.927083333333343, z=-17.923157669292834)
 }
12:38:34 `Bat`80967 missed {
 is already Found: false).
 Position: LorenzVec(x=-121.5, y=67.07291666666666, z=-168.5)
 DistanceC: 17.923157669292834
Relative Position: LorenzVec(x=10.331017538905144, y=-1.9270833333333428, z=-17.923157669292834)
 }
12:38:34 `Bat`80973 missed {
 is already Found: false).
 Position: LorenzVec(x=-120.5, y=64.07291666666666, z=-168.5)
 DistanceC: 17.923157669292834
Relative Position: LorenzVec(x=11.331017538905144, y=-4.927083333333343, z=-17.923157669292834)
 }
12:38:34 `Bat`80979 missed {
 is already Found: false).
 Position: LorenzVec(x=-120.5, y=65.07291666666666, z=-168.5)
 DistanceC: 17.923157669292834
Relative Position: LorenzVec(x=11.331017538905144, y=-3.927083333333343, z=-17.923157669292834)
 }
12:38:34 `Bat`80985 missed {
 is already Found: false).
 Position: LorenzVec(x=-120.5, y=66.07291666666666, z=-168.5)
 DistanceC: 17.923157669292834
Relative Position: LorenzVec(x=11.331017538905144, y=-2.927083333333343, z=-17.923157669292834)
 }
12:38:34 `Bat`80991 missed {
 is already Found: false).
 Position: LorenzVec(x=-120.5, y=67.07291666666666, z=-168.5)
 DistanceC: 17.923157669292834
Relative Position: LorenzVec(x=11.331017538905144, y=-1.9270833333333428, z=-17.923157669292834)
 }
12:38:34 `Bat`80997 missed {
 is already Found: false).
 Position: LorenzVec(x=-119.5, y=64.07291666666666, z=-168.5)
 DistanceC: 17.923157669292834
Relative Position: LorenzVec(x=12.331017538905144, y=-4.927083333333343, z=-17.923157669292834)
 }
12:38:34 `Bat`81003 missed {
 is already Found: false).
 Position: LorenzVec(x=-119.5, y=65.07291666666666, z=-168.5)
 DistanceC: 17.923157669292834
Relative Position: LorenzVec(x=12.331017538905144, y=-3.927083333333343, z=-17.923157669292834)
 }
12:38:34 `Bat`81009 missed {
 is already Found: false).
 Position: LorenzVec(x=-119.5, y=66.07291666666666, z=-168.5)
 DistanceC: 17.923157669292834
Relative Position: LorenzVec(x=12.331017538905144, y=-2.927083333333343, z=-17.923157669292834)
 }
12:38:34 `Bat`81015 missed {
 is already Found: false).
 Position: LorenzVec(x=-119.5, y=67.07291666666666, z=-168.5)
 DistanceC: 17.923157669292834
Relative Position: LorenzVec(x=12.331017538905144, y=-1.9270833333333428, z=-17.923157669292834)
 }
12:38:34 `Bat`80947 missed {
 is already Found: false).
 Position: LorenzVec(x=-121.5, y=64.07291666666666, z=-169.5)
 DistanceC: 18.33038936682763
Relative Position: LorenzVec(x=12.199999988079071, y=-4.927083333333343, z=-18.33038936682763)
 }
12:38:34 `Bat`80953 missed {
 is already Found: false).
 Position: LorenzVec(x=-121.5, y=65.07291666666666, z=-169.5)
 DistanceC: 18.33038936682763
Relative Position: LorenzVec(x=12.199999988079071, y=-3.927083333333343, z=-18.33038936682763)
 }
12:38:34 `Bat`80959 missed {
 is already Found: false).
 Position: LorenzVec(x=-121.5, y=66.07291666666666, z=-169.5)
 DistanceC: 18.33038936682763
Relative Position: LorenzVec(x=12.199999988079071, y=-2.927083333333343, z=-18.33038936682763)
 }
12:38:34 `Bat`80965 missed {
 is already Found: false).
 Position: LorenzVec(x=-121.5, y=67.07291666666666, z=-169.5)
 DistanceC: 18.33038936682763
Relative Position: LorenzVec(x=12.199999988079071, y=-1.9270833333333428, z=-18.33038936682763)
 }
12:38:34 `Bat`80971 missed {
 is already Found: false).
 Position: LorenzVec(x=-120.5, y=64.07291666666666, z=-169.5)
 DistanceC: 18.33038936682763
Relative Position: LorenzVec(x=13.199999988079071, y=-4.927083333333343, z=-18.33038936682763)
 }
12:38:34 `Bat`80977 missed {
 is already Found: false).
 Position: LorenzVec(x=-120.5, y=65.07291666666666, z=-169.5)
 DistanceC: 18.33038936682763
Relative Position: LorenzVec(x=13.199999988079071, y=-3.927083333333343, z=-18.33038936682763)
 }
12:38:34 `Bat`80983 missed {
 is already Found: false).
 Position: LorenzVec(x=-120.5, y=66.07291666666666, z=-169.5)
 DistanceC: 18.33038936682763
Relative Position: LorenzVec(x=13.199999988079071, y=-2.927083333333343, z=-18.33038936682763)
 }
12:38:34 `Bat`80989 missed {
 is already Found: false).
 Position: LorenzVec(x=-120.5, y=67.07291666666666, z=-169.5)
 DistanceC: 18.33038936682763
Relative Position: LorenzVec(x=13.199999988079071, y=-1.9270833333333428, z=-18.33038936682763)
 }
12:38:34 `Bat`80995 missed {
 is already Found: false).
 Position: LorenzVec(x=-119.5, y=64.07291666666666, z=-169.5)
 DistanceC: 18.33038936682763
Relative Position: LorenzVec(x=14.199999988079071, y=-4.927083333333343, z=-18.33038936682763)
 }
12:38:34 `Bat`81001 missed {
 is already Found: false).
 Position: LorenzVec(x=-119.5, y=65.07291666666666, z=-169.5)
 DistanceC: 18.33038936682763
Relative Position: LorenzVec(x=14.199999988079071, y=-3.927083333333343, z=-18.33038936682763)
 }
12:38:34 `Bat`81007 missed {
 is already Found: false).
 Position: LorenzVec(x=-119.5, y=66.07291666666666, z=-169.5)
 DistanceC: 18.33038936682763
Relative Position: LorenzVec(x=14.199999988079071, y=-2.927083333333343, z=-18.33038936682763)
 }
12:38:34 `Bat`81013 missed {
 is already Found: false).
 Position: LorenzVec(x=-119.5, y=67.07291666666666, z=-169.5)
 DistanceC: 18.33038936682763
Relative Position: LorenzVec(x=14.199999988079071, y=-1.9270833333333428, z=-18.33038936682763)
 }
12:38:37 `Shadow Assassin`80829 missed {
 is already Found: false).
 Position: LorenzVec(x=-144.5, y=79.0, z=-160.5)
 DistanceC: 15.211621015970707
Relative Position: LorenzVec(x=4.143383152089996, y=10.0, z=-15.211621015970707)
 }
12:39:02 `Bat`84641 missed {
 is already Found: false).
 Position: LorenzVec(x=-163.5, y=64.33333333333333, z=-190.5)
 DistanceC: 19.771738452782216
Relative Position: LorenzVec(x=-19.771738452782216, y=-14.914791666666673, z=-19.446437082671252)
 }
12:39:02 `Bat`84643 missed {
 is already Found: false).
 Position: LorenzVec(x=-163.5, y=65.33333333333333, z=-190.5)
 DistanceC: 19.771738452782216
Relative Position: LorenzVec(x=-19.771738452782216, y=-13.914791666666673, z=-19.446437082671252)
 }
12:39:02 `Bat`84645 missed {
 is already Found: false).
 Position: LorenzVec(x=-163.5, y=66.33333333333333, z=-190.5)
 DistanceC: 19.771738452782216
Relative Position: LorenzVec(x=-19.771738452782216, y=-12.914791666666673, z=-19.446437082671252)
 }
12:39:02 `Bat`84647 missed {
 is already Found: false).
 Position: LorenzVec(x=-163.5, y=67.33333333333333, z=-190.5)
 DistanceC: 19.771738452782216
Relative Position: LorenzVec(x=-19.771738452782216, y=-11.914791666666673, z=-19.446437082671252)
 }
12:39:02 `Bat`84649 missed {
 is already Found: false).
 Position: LorenzVec(x=-163.5, y=68.33333333333333, z=-190.5)
 DistanceC: 19.771738452782216
Relative Position: LorenzVec(x=-19.771738452782216, y=-10.914791666666673, z=-19.446437082671252)
 }
12:39:02 `Bat`84651 missed {
 is already Found: false).
 Position: LorenzVec(x=-162.5, y=64.33333333333333, z=-190.5)
 DistanceC: 19.446437082671252
Relative Position: LorenzVec(x=-18.771738452782216, y=-14.914791666666673, z=-19.446437082671252)
 }
12:39:02 `Bat`84653 missed {
 is already Found: false).
 Position: LorenzVec(x=-162.5, y=65.33333333333333, z=-190.5)
 DistanceC: 19.446437082671252
Relative Position: LorenzVec(x=-18.771738452782216, y=-13.914791666666673, z=-19.446437082671252)
 }
12:39:02 `Bat`84655 missed {
 is already Found: false).
 Position: LorenzVec(x=-162.5, y=66.33333333333333, z=-190.5)
 DistanceC: 19.446437082671252
Relative Position: LorenzVec(x=-18.771738452782216, y=-12.914791666666673, z=-19.446437082671252)
 }
12:39:02 `Bat`84657 missed {
 is already Found: false).
 Position: LorenzVec(x=-162.5, y=67.33333333333333, z=-190.5)
 DistanceC: 19.446437082671252
Relative Position: LorenzVec(x=-18.771738452782216, y=-11.914791666666673, z=-19.446437082671252)
 }
12:39:02 `Bat`84659 missed {
 is already Found: false).
 Position: LorenzVec(x=-162.5, y=68.33333333333333, z=-190.5)
 DistanceC: 19.446437082671252
Relative Position: LorenzVec(x=-18.771738452782216, y=-10.914791666666673, z=-19.446437082671252)
 }
12:39:02 `Bat`84661 missed {
 is already Found: false).
 Position: LorenzVec(x=-161.5, y=64.33333333333333, z=-190.5)
 DistanceC: 19.446437082671252
Relative Position: LorenzVec(x=-17.771738452782216, y=-14.914791666666673, z=-19.446437082671252)
 }
12:39:02 `Bat`84663 missed {
 is already Found: false).
 Position: LorenzVec(x=-161.5, y=65.33333333333333, z=-190.5)
 DistanceC: 19.446437082671252
Relative Position: LorenzVec(x=-17.771738452782216, y=-13.914791666666673, z=-19.446437082671252)
 }
12:39:02 `Bat`84665 missed {
 is already Found: false).
 Position: LorenzVec(x=-161.5, y=66.33333333333333, z=-190.5)
 DistanceC: 19.446437082671252
Relative Position: LorenzVec(x=-17.771738452782216, y=-12.914791666666673, z=-19.446437082671252)
 }
12:39:02 `Bat`84667 missed {
 is already Found: false).
 Position: LorenzVec(x=-161.5, y=67.33333333333333, z=-190.5)
 DistanceC: 19.446437082671252
Relative Position: LorenzVec(x=-17.771738452782216, y=-11.914791666666673, z=-19.446437082671252)
 }
12:39:02 `Bat`84669 missed {
 is already Found: false).
 Position: LorenzVec(x=-161.5, y=68.33333333333333, z=-190.5)
 DistanceC: 19.446437082671252
Relative Position: LorenzVec(x=-17.771738452782216, y=-10.914791666666673, z=-19.446437082671252)
 }
12:39:08 `m369b2v738`79081 missed {
 is already Found: false).
 Position: LorenzVec(x=-120.5, y=69.0, z=-173.5)
 DistanceC: 23.302430358995053
Relative Position: LorenzVec(x=23.302430358995053, y=-10.0, z=-12.595983904222294)
 }
12:39:22 `Guardian`86132 missed {
 is already Found: false).
 Position: LorenzVec(x=-185.5, y=75.0, z=-165.5)
 DistanceC: 19.342044898006122
Relative Position: LorenzVec(x=-16.066214350842984, y=6.0, z=19.342044898006122)
 }
12:39:30 `Villager`88057 missed {
 is already Found: false).
 Position: LorenzVec(x=-145.28125, y=69.0, z=-180.4375)
 DistanceC: 10.797547428977623
Relative Position: LorenzVec(x=10.797547428977623, y=0.0, z=3.326466739558157)
 }
12:39:31 `Guardian`82940 missed {
 is already Found: false).
 Position: LorenzVec(x=-177.5, y=80.0, z=-159.5)
 DistanceC: 21.855974758266115
Relative Position: LorenzVec(x=-21.855974758266115, y=7.5, z=16.50222713334159)
 }
12:39:33 `Villager`88199 missed {
 is already Found: false).
 Position: LorenzVec(x=-153.09375, y=69.0, z=-182.4375)
 DistanceC: 8.949610499686713
Relative Position: LorenzVec(x=-6.401554772777246, y=-10.0, z=-8.949610499686713)
 }
12:39:43 `Bat`86882 missed {
 is already Found: false).
 Position: LorenzVec(x=-151.5, y=64.28125, z=-137.5)
 DistanceC: 21.897877157818584
Relative Position: LorenzVec(x=-21.897877157818584, y=-13.71875, z=6.192279129697312)
 }
12:39:43 `Bat`86884 missed {
 is already Found: false).
 Position: LorenzVec(x=-151.5, y=64.28125, z=-136.5)
 DistanceC: 21.897877157818584
Relative Position: LorenzVec(x=-21.897877157818584, y=-13.71875, z=7.192279129697312)
 }
12:39:43 `Bat`86886 missed {
 is already Found: false).
 Position: LorenzVec(x=-151.5, y=64.28125, z=-135.5)
 DistanceC: 21.897877157818584
Relative Position: LorenzVec(x=-21.897877157818584, y=-13.71875, z=8.192279129697312)
 }
12:39:43 `Bat`86888 missed {
 is already Found: false).
 Position: LorenzVec(x=-151.5, y=65.28125, z=-137.5)
 DistanceC: 21.897877157818584
Relative Position: LorenzVec(x=-21.897877157818584, y=-12.71875, z=6.192279129697312)
 }
12:39:43 `Bat`86890 missed {
 is already Found: false).
 Position: LorenzVec(x=-151.5, y=65.28125, z=-136.5)
 DistanceC: 21.897877157818584
Relative Position: LorenzVec(x=-21.897877157818584, y=-12.71875, z=7.192279129697312)
 }
12:39:43 `Bat`86892 missed {
 is already Found: false).
 Position: LorenzVec(x=-151.5, y=65.28125, z=-135.5)
 DistanceC: 21.897877157818584
Relative Position: LorenzVec(x=-21.897877157818584, y=-12.71875, z=8.192279129697312)
 }
12:39:43 `Bat`86894 missed {
 is already Found: false).
 Position: LorenzVec(x=-151.5, y=66.28125, z=-137.5)
 DistanceC: 21.897877157818584
Relative Position: LorenzVec(x=-21.897877157818584, y=-11.71875, z=6.192279129697312)
 }
12:39:43 `Bat`86896 missed {
 is already Found: false).
 Position: LorenzVec(x=-151.5, y=66.28125, z=-136.5)
 DistanceC: 21.897877157818584
Relative Position: LorenzVec(x=-21.897877157818584, y=-11.71875, z=7.192279129697312)
 }
12:39:43 `Bat`86898 missed {
 is already Found: false).
 Position: LorenzVec(x=-151.5, y=66.28125, z=-135.5)
 DistanceC: 21.897877157818584
Relative Position: LorenzVec(x=-21.897877157818584, y=-11.71875, z=8.192279129697312)
 }
12:39:43 `Bat`86900 missed {
 is already Found: false).
 Position: LorenzVec(x=-151.5, y=67.28125, z=-137.5)
 DistanceC: 21.897877157818584
Relative Position: LorenzVec(x=-21.897877157818584, y=-10.71875, z=6.192279129697312)
 }
12:39:43 `Bat`86902 missed {
 is already Found: false).
 Position: LorenzVec(x=-151.5, y=67.28125, z=-136.5)
 DistanceC: 21.897877157818584
Relative Position: LorenzVec(x=-21.897877157818584, y=-10.71875, z=7.192279129697312)
 }
12:39:43 `Bat`86904 missed {
 is already Found: false).
 Position: LorenzVec(x=-151.5, y=67.28125, z=-135.5)
 DistanceC: 21.897877157818584
Relative Position: LorenzVec(x=-21.897877157818584, y=-10.71875, z=8.192279129697312)
 }
12:39:57 `Bat`86858 missed {
 is already Found: false).
 Position: LorenzVec(x=-152.5, y=64.28125, z=-137.5)
 DistanceC: 19.85723540703691
Relative Position: LorenzVec(x=-19.85723540703691, y=-14.138749986886978, z=13.352781121468439)
 }
12:39:57 `Bat`86860 missed {
 is already Found: false).
 Position: LorenzVec(x=-152.5, y=64.28125, z=-136.5)
 DistanceC: 19.85723540703691
Relative Position: LorenzVec(x=-19.85723540703691, y=-14.138749986886978, z=14.352781121468439)
 }
12:39:57 `Bat`86862 missed {
 is already Found: false).
 Position: LorenzVec(x=-152.5, y=64.28125, z=-135.5)
 DistanceC: 19.85723540703691
Relative Position: LorenzVec(x=-19.85723540703691, y=-14.138749986886978, z=15.352781121468439)
 }
12:39:57 `Bat`86864 missed {
 is already Found: false).
 Position: LorenzVec(x=-152.5, y=65.28125, z=-137.5)
 DistanceC: 19.85723540703691
Relative Position: LorenzVec(x=-19.85723540703691, y=-13.138749986886978, z=13.352781121468439)
 }
12:39:57 `Bat`86866 missed {
 is already Found: false).
 Position: LorenzVec(x=-152.5, y=65.28125, z=-136.5)
 DistanceC: 19.85723540703691
Relative Position: LorenzVec(x=-19.85723540703691, y=-13.138749986886978, z=14.352781121468439)
 }
12:39:57 `Bat`86868 missed {
 is already Found: false).
 Position: LorenzVec(x=-152.5, y=65.28125, z=-135.5)
 DistanceC: 19.85723540703691
Relative Position: LorenzVec(x=-19.85723540703691, y=-13.138749986886978, z=15.352781121468439)
 }
12:39:57 `Bat`86870 missed {
 is already Found: false).
 Position: LorenzVec(x=-152.5, y=66.28125, z=-137.5)
 DistanceC: 19.85723540703691
Relative Position: LorenzVec(x=-19.85723540703691, y=-12.138749986886978, z=13.352781121468439)
 }
12:39:57 `Bat`86872 missed {
 is already Found: false).
 Position: LorenzVec(x=-152.5, y=66.28125, z=-136.5)
 DistanceC: 19.85723540703691
Relative Position: LorenzVec(x=-19.85723540703691, y=-12.138749986886978, z=14.352781121468439)
 }
12:39:57 `Bat`86874 missed {
 is already Found: false).
 Position: LorenzVec(x=-152.5, y=66.28125, z=-135.5)
 DistanceC: 19.85723540703691
Relative Position: LorenzVec(x=-19.85723540703691, y=-12.138749986886978, z=15.352781121468439)
 }
12:39:57 `Bat`86876 missed {
 is already Found: false).
 Position: LorenzVec(x=-152.5, y=67.28125, z=-137.5)
 DistanceC: 19.85723540703691
Relative Position: LorenzVec(x=-19.85723540703691, y=-11.138749986886978, z=13.352781121468439)
 }
12:39:57 `Bat`86878 missed {
 is already Found: false).
 Position: LorenzVec(x=-152.5, y=67.28125, z=-136.5)
 DistanceC: 19.85723540703691
Relative Position: LorenzVec(x=-19.85723540703691, y=-11.138749986886978, z=14.352781121468439)
 }
12:39:57 `Bat`86880 missed {
 is already Found: false).
 Position: LorenzVec(x=-152.5, y=67.28125, z=-135.5)
 DistanceC: 19.85723540703691
Relative Position: LorenzVec(x=-19.85723540703691, y=-11.138749986886978, z=15.352781121468439)
 }
12:40:07 `Bat`86834 missed {
 is already Found: false).
 Position: LorenzVec(x=-153.5, y=64.28125, z=-137.5)
 DistanceC: 7.3401377316386345
Relative Position: LorenzVec(x=6.146281884853835, y=-24.71875, z=7.3401377316386345)
 }
12:40:07 `Bat`86840 missed {
 is already Found: false).
 Position: LorenzVec(x=-153.5, y=65.28125, z=-137.5)
 DistanceC: 7.3401377316386345
Relative Position: LorenzVec(x=6.146281884853835, y=-23.71875, z=7.3401377316386345)
 }
12:40:07 `Bat`86846 missed {
 is already Found: false).
 Position: LorenzVec(x=-153.5, y=66.28125, z=-137.5)
 DistanceC: 7.3401377316386345
Relative Position: LorenzVec(x=6.146281884853835, y=-22.71875, z=7.3401377316386345)
 }
12:40:07 `Bat`86852 missed {
 is already Found: false).
 Position: LorenzVec(x=-153.5, y=67.28125, z=-137.5)
 DistanceC: 7.3401377316386345
Relative Position: LorenzVec(x=6.146281884853835, y=-21.71875, z=7.3401377316386345)
 }
12:40:07 `Bat`86836 missed {
 is already Found: false).
 Position: LorenzVec(x=-153.5, y=64.28125, z=-136.5)
 DistanceC: 7.247113900860711
Relative Position: LorenzVec(x=5.926044039094393, y=-24.71875, z=7.247113900860711)
 }
12:40:07 `Bat`86842 missed {
 is already Found: false).
 Position: LorenzVec(x=-153.5, y=65.28125, z=-136.5)
 DistanceC: 7.247113900860711
Relative Position: LorenzVec(x=5.926044039094393, y=-23.71875, z=7.247113900860711)
 }
12:40:07 `Bat`86848 missed {
 is already Found: false).
 Position: LorenzVec(x=-153.5, y=66.28125, z=-136.5)
 DistanceC: 7.247113900860711
Relative Position: LorenzVec(x=5.926044039094393, y=-22.71875, z=7.247113900860711)
 }
12:40:07 `Bat`86854 missed {
 is already Found: false).
 Position: LorenzVec(x=-153.5, y=67.28125, z=-136.5)
 DistanceC: 7.247113900860711
Relative Position: LorenzVec(x=5.926044039094393, y=-21.71875, z=7.247113900860711)
 }
12:40:07 `Bat`86838 missed {
 is already Found: false).
 Position: LorenzVec(x=-153.5, y=64.28125, z=-135.5)
 DistanceC: 7.690958809900195
Relative Position: LorenzVec(x=5.832583465120791, y=-24.71875, z=7.690958809900195)
 }
12:40:07 `Bat`86844 missed {
 is already Found: false).
 Position: LorenzVec(x=-153.5, y=65.28125, z=-135.5)
 DistanceC: 7.690958809900195
Relative Position: LorenzVec(x=5.832583465120791, y=-23.71875, z=7.690958809900195)
 }
12:40:07 `Bat`86850 missed {
 is already Found: false).
 Position: LorenzVec(x=-153.5, y=66.28125, z=-135.5)
 DistanceC: 7.690958809900195
Relative Position: LorenzVec(x=5.832583465120791, y=-22.71875, z=7.690958809900195)
 }
12:40:07 `Bat`86856 missed {
 is already Found: false).
 Position: LorenzVec(x=-153.5, y=67.28125, z=-135.5)
 DistanceC: 7.690958809900195
Relative Position: LorenzVec(x=5.832583465120791, y=-21.71875, z=7.690958809900195)
 }
12:40:09 `Guardian`86603 missed {
 is already Found: false).
 Position: LorenzVec(x=-175.5, y=74.0, z=-143.5)
 DistanceC: 14.689461300941929
Relative Position: LorenzVec(x=-14.689461300941929, y=-17.0, z=-0.800000011920929)
 }
12:40:32 `Guardian`87151 missed {
 is already Found: false).
 Position: LorenzVec(x=-182.5, y=84.0, z=-152.5)
 DistanceC: 20.700192199137433
Relative Position: LorenzVec(x=-20.700192199137433, y=14.9375, z=16.58164907330044)
 }
12:40:56 `Bat`88421 missed {
 is already Found: false).
 Position: LorenzVec(x=-153.5, y=64.28125, z=-105.5)
 DistanceC: 12.512499988079071
Relative Position: LorenzVec(x=-0.08746481725506783, y=-22.471949980521202, z=-12.512499988079071)
 }
12:40:56 `Bat`88427 missed {
 is already Found: false).
 Position: LorenzVec(x=-153.5, y=65.28125, z=-105.5)
 DistanceC: 12.512499988079071
Relative Position: LorenzVec(x=-0.08746481725506783, y=-21.471949980521202, z=-12.512499988079071)
 }
12:40:56 `Bat`88433 missed {
 is already Found: false).
 Position: LorenzVec(x=-153.5, y=66.28125, z=-105.5)
 DistanceC: 12.512499988079071
Relative Position: LorenzVec(x=-0.08746481725506783, y=-20.471949980521202, z=-12.512499988079071)
 }
12:40:56 `Bat`88439 missed {
 is already Found: false).
 Position: LorenzVec(x=-153.5, y=67.28125, z=-105.5)
 DistanceC: 12.512499988079071
Relative Position: LorenzVec(x=-0.08746481725506783, y=-19.471949980521202, z=-12.512499988079071)
 }
12:40:56 `Bat`88445 missed {
 is already Found: false).
 Position: LorenzVec(x=-152.5, y=64.28125, z=-105.5)
 DistanceC: 12.512499988079071
Relative Position: LorenzVec(x=0.9125351827449322, y=-22.471949980521202, z=-12.512499988079071)
 }
12:40:56 `Bat`88451 missed {
 is already Found: false).
 Position: LorenzVec(x=-152.5, y=65.28125, z=-105.5)
 DistanceC: 12.512499988079071
Relative Position: LorenzVec(x=0.9125351827449322, y=-21.471949980521202, z=-12.512499988079071)
 }
12:40:56 `Bat`88457 missed {
 is already Found: false).
 Position: LorenzVec(x=-152.5, y=66.28125, z=-105.5)
 DistanceC: 12.512499988079071
Relative Position: LorenzVec(x=0.9125351827449322, y=-20.471949980521202, z=-12.512499988079071)
 }
12:40:56 `Bat`88463 missed {
 is already Found: false).
 Position: LorenzVec(x=-152.5, y=67.28125, z=-105.5)
 DistanceC: 12.512499988079071
Relative Position: LorenzVec(x=0.9125351827449322, y=-19.471949980521202, z=-12.512499988079071)
 }
12:40:56 `Bat`88469 missed {
 is already Found: false).
 Position: LorenzVec(x=-151.5, y=64.28125, z=-105.5)
 DistanceC: 12.512499988079071
Relative Position: LorenzVec(x=1.9125351827449322, y=-22.471949980521202, z=-12.512499988079071)
 }
12:40:56 `Bat`88475 missed {
 is already Found: false).
 Position: LorenzVec(x=-151.5, y=65.28125, z=-105.5)
 DistanceC: 12.512499988079071
Relative Position: LorenzVec(x=1.9125351827449322, y=-21.471949980521202, z=-12.512499988079071)
 }
12:40:56 `Bat`88481 missed {
 is already Found: false).
 Position: LorenzVec(x=-151.5, y=66.28125, z=-105.5)
 DistanceC: 12.512499988079071
Relative Position: LorenzVec(x=1.9125351827449322, y=-20.471949980521202, z=-12.512499988079071)
 }
12:40:56 `Bat`88487 missed {
 is already Found: false).
 Position: LorenzVec(x=-151.5, y=67.28125, z=-105.5)
 DistanceC: 12.512499988079071
Relative Position: LorenzVec(x=1.9125351827449322, y=-19.471949980521202, z=-12.512499988079071)
 }
12:40:56 `Bat`88423 missed {
 is already Found: false).
 Position: LorenzVec(x=-153.5, y=64.28125, z=-104.5)
 DistanceC: 11.512499988079071
Relative Position: LorenzVec(x=-0.3946454810114801, y=-22.884859260938214, z=-11.512499988079071)
 }
12:40:56 `Bat`88429 missed {
 is already Found: false).
 Position: LorenzVec(x=-153.5, y=65.28125, z=-104.5)
 DistanceC: 11.512499988079071
Relative Position: LorenzVec(x=-0.3946454810114801, y=-21.884859260938214, z=-11.512499988079071)
 }
12:40:56 `Bat`88435 missed {
 is already Found: false).
 Position: LorenzVec(x=-153.5, y=66.28125, z=-104.5)
 DistanceC: 11.512499988079071
Relative Position: LorenzVec(x=-0.3946454810114801, y=-20.884859260938214, z=-11.512499988079071)
 }
12:40:56 `Bat`88441 missed {
 is already Found: false).
 Position: LorenzVec(x=-153.5, y=67.28125, z=-104.5)
 DistanceC: 11.512499988079071
Relative Position: LorenzVec(x=-0.3946454810114801, y=-19.884859260938214, z=-11.512499988079071)
 }
12:40:56 `Bat`88447 missed {
 is already Found: false).
 Position: LorenzVec(x=-152.5, y=64.28125, z=-104.5)
 DistanceC: 11.512499988079071
Relative Position: LorenzVec(x=0.6053545189885199, y=-22.884859260938214, z=-11.512499988079071)
 }
12:40:56 `Bat`88453 missed {
 is already Found: false).
 Position: LorenzVec(x=-152.5, y=65.28125, z=-104.5)
 DistanceC: 11.512499988079071
Relative Position: LorenzVec(x=0.6053545189885199, y=-21.884859260938214, z=-11.512499988079071)
 }
12:40:56 `Bat`88459 missed {
 is already Found: false).
 Position: LorenzVec(x=-152.5, y=66.28125, z=-104.5)
 DistanceC: 11.512499988079071
Relative Position: LorenzVec(x=0.6053545189885199, y=-20.884859260938214, z=-11.512499988079071)
 }
12:40:56 `Bat`88465 missed {
 is already Found: false).
 Position: LorenzVec(x=-152.5, y=67.28125, z=-104.5)
 DistanceC: 11.512499988079071
Relative Position: LorenzVec(x=0.6053545189885199, y=-19.884859260938214, z=-11.512499988079071)
 }
12:40:56 `Bat`88471 missed {
 is already Found: false).
 Position: LorenzVec(x=-151.5, y=64.28125, z=-104.5)
 DistanceC: 11.512499988079071
Relative Position: LorenzVec(x=1.6053545189885199, y=-22.884859260938214, z=-11.512499988079071)
 }
12:40:56 `Bat`88477 missed {
 is already Found: false).
 Position: LorenzVec(x=-151.5, y=65.28125, z=-104.5)
 DistanceC: 11.512499988079071
Relative Position: LorenzVec(x=1.6053545189885199, y=-21.884859260938214, z=-11.512499988079071)
 }
12:40:56 `Bat`88483 missed {
 is already Found: false).
 Position: LorenzVec(x=-151.5, y=66.28125, z=-104.5)
 DistanceC: 11.512499988079071
Relative Position: LorenzVec(x=1.6053545189885199, y=-20.884859260938214, z=-11.512499988079071)
 }
12:40:56 `Bat`88489 missed {
 is already Found: false).
 Position: LorenzVec(x=-151.5, y=67.28125, z=-104.5)
 DistanceC: 11.512499988079071
Relative Position: LorenzVec(x=1.6053545189885199, y=-19.884859260938214, z=-11.512499988079071)
 }
12:40:56 `Bat`88425 missed {
 is already Found: false).
 Position: LorenzVec(x=-153.5, y=64.28125, z=-103.5)
 DistanceC: 10.516774201765656
Relative Position: LorenzVec(x=-0.8930374733010638, y=-22.889537077218804, z=-10.516774201765656)
 }
12:40:56 `Bat`88431 missed {
 is already Found: false).
 Position: LorenzVec(x=-153.5, y=65.28125, z=-103.5)
 DistanceC: 10.516774201765656
Relative Position: LorenzVec(x=-0.8930374733010638, y=-21.889537077218804, z=-10.516774201765656)
 }
12:40:56 `Bat`88437 missed {
 is already Found: false).
 Position: LorenzVec(x=-153.5, y=66.28125, z=-103.5)
 DistanceC: 10.516774201765656
Relative Position: LorenzVec(x=-0.8930374733010638, y=-20.889537077218804, z=-10.516774201765656)
 }
12:40:56 `Bat`88443 missed {
 is already Found: false).
 Position: LorenzVec(x=-153.5, y=67.28125, z=-103.5)
 DistanceC: 10.516774201765656
Relative Position: LorenzVec(x=-0.8930374733010638, y=-19.889537077218804, z=-10.516774201765656)
 }
12:40:56 `Bat`88449 missed {
 is already Found: false).
 Position: LorenzVec(x=-152.5, y=64.28125, z=-103.5)
 DistanceC: 10.516774201765656
Relative Position: LorenzVec(x=0.10696252669893624, y=-22.889537077218804, z=-10.516774201765656)
 }
12:40:56 `Bat`88455 missed {
 is already Found: false).
 Position: LorenzVec(x=-152.5, y=65.28125, z=-103.5)
 DistanceC: 10.516774201765656
Relative Position: LorenzVec(x=0.10696252669893624, y=-21.889537077218804, z=-10.516774201765656)
 }
12:40:56 `Bat`88461 missed {
 is already Found: false).
 Position: LorenzVec(x=-152.5, y=66.28125, z=-103.5)
 DistanceC: 10.516774201765656
Relative Position: LorenzVec(x=0.10696252669893624, y=-20.889537077218804, z=-10.516774201765656)
 }
12:40:56 `Bat`88467 missed {
 is already Found: false).
 Position: LorenzVec(x=-152.5, y=67.28125, z=-103.5)
 DistanceC: 10.516774201765656
Relative Position: LorenzVec(x=0.10696252669893624, y=-19.889537077218804, z=-10.516774201765656)
 }
12:40:56 `Bat`88473 missed {
 is already Found: false).
 Position: LorenzVec(x=-151.5, y=64.28125, z=-103.5)
 DistanceC: 10.516774201765656
Relative Position: LorenzVec(x=1.1069625266989362, y=-22.889537077218804, z=-10.516774201765656)
 }
12:40:56 `Bat`88479 missed {
 is already Found: false).
 Position: LorenzVec(x=-151.5, y=65.28125, z=-103.5)
 DistanceC: 10.516774201765656
Relative Position: LorenzVec(x=1.1069625266989362, y=-21.889537077218804, z=-10.516774201765656)
 }
12:40:56 `Bat`88485 missed {
 is already Found: false).
 Position: LorenzVec(x=-151.5, y=66.28125, z=-103.5)
 DistanceC: 10.516774201765656
Relative Position: LorenzVec(x=1.1069625266989362, y=-20.889537077218804, z=-10.516774201765656)
 }
12:40:56 `Bat`88491 missed {
 is already Found: false).
 Position: LorenzVec(x=-151.5, y=67.28125, z=-103.5)
 DistanceC: 10.516774201765656
Relative Position: LorenzVec(x=1.1069625266989362, y=-19.889537077218804, z=-10.516774201765656)
 }
12:42:21 `Bat`96142 missed {
 is already Found: false).
 Position: LorenzVec(x=-172.5, y=58.125, z=-89.5)
 DistanceC: 3.304618752758614
Relative Position: LorenzVec(x=-3.304618752758614, y=-6.875, z=-2.1648425379234766)
 }
12:42:21 `Bat`96144 missed {
 is already Found: false).
 Position: LorenzVec(x=-172.5, y=58.125, z=-88.5)
 DistanceC: 3.304618752758614
Relative Position: LorenzVec(x=-3.304618752758614, y=-6.875, z=-1.1648425379234766)
 }
12:42:21 `Bat`96146 missed {
 is already Found: false).
 Position: LorenzVec(x=-172.5, y=58.125, z=-87.5)
 DistanceC: 3.304618752758614
Relative Position: LorenzVec(x=-3.304618752758614, y=-6.875, z=-0.16484253792347658)
 }
12:42:21 `Bat`96148 missed {
 is already Found: false).
 Position: LorenzVec(x=-172.5, y=59.125, z=-89.5)
 DistanceC: 3.304618752758614
Relative Position: LorenzVec(x=-3.304618752758614, y=-5.875, z=-2.1648425379234766)
 }
12:42:21 `Bat`96150 missed {
 is already Found: false).
 Position: LorenzVec(x=-172.5, y=59.125, z=-88.5)
 DistanceC: 3.304618752758614
Relative Position: LorenzVec(x=-3.304618752758614, y=-5.875, z=-1.1648425379234766)
 }
12:42:21 `Bat`96152 missed {
 is already Found: false).
 Position: LorenzVec(x=-172.5, y=59.125, z=-87.5)
 DistanceC: 3.304618752758614
Relative Position: LorenzVec(x=-3.304618752758614, y=-5.875, z=-0.16484253792347658)
 }
12:42:21 `Bat`96154 missed {
 is already Found: false).
 Position: LorenzVec(x=-172.5, y=60.125, z=-89.5)
 DistanceC: 3.304618752758614
Relative Position: LorenzVec(x=-3.304618752758614, y=-4.875, z=-2.1648425379234766)
 }
12:42:21 `Bat`96156 missed {
 is already Found: false).
 Position: LorenzVec(x=-172.5, y=60.125, z=-88.5)
 DistanceC: 3.304618752758614
Relative Position: LorenzVec(x=-3.304618752758614, y=-4.875, z=-1.1648425379234766)
 }
12:42:21 `Bat`96158 missed {
 is already Found: false).
 Position: LorenzVec(x=-172.5, y=60.125, z=-87.5)
 DistanceC: 3.304618752758614
Relative Position: LorenzVec(x=-3.304618752758614, y=-4.875, z=-0.16484253792347658)
 }
12:42:21 `Bat`96160 missed {
 is already Found: false).
 Position: LorenzVec(x=-172.5, y=61.125, z=-89.5)
 DistanceC: 3.304618752758614
Relative Position: LorenzVec(x=-3.304618752758614, y=-3.875, z=-2.1648425379234766)
 }
12:42:21 `Bat`96162 missed {
 is already Found: false).
 Position: LorenzVec(x=-172.5, y=61.125, z=-88.5)
 DistanceC: 3.304618752758614
Relative Position: LorenzVec(x=-3.304618752758614, y=-3.875, z=-1.1648425379234766)
 }
12:42:21 `Bat`96164 missed {
 is already Found: false).
 Position: LorenzVec(x=-172.5, y=61.125, z=-87.5)
 DistanceC: 3.304618752758614
Relative Position: LorenzVec(x=-3.304618752758614, y=-3.875, z=-0.16484253792347658)
 }
12:42:21 `Bat`96166 missed {
 is already Found: false).
 Position: LorenzVec(x=-172.5, y=62.125, z=-89.5)
 DistanceC: 3.304618752758614
Relative Position: LorenzVec(x=-3.304618752758614, y=-2.875, z=-2.1648425379234766)
 }
12:42:21 `Bat`96168 missed {
 is already Found: false).
 Position: LorenzVec(x=-172.5, y=62.125, z=-88.5)
 DistanceC: 3.304618752758614
Relative Position: LorenzVec(x=-3.304618752758614, y=-2.875, z=-1.1648425379234766)
 }
12:42:21 `Bat`96170 missed {
 is already Found: false).
 Position: LorenzVec(x=-172.5, y=62.125, z=-87.5)
 DistanceC: 3.304618752758614
Relative Position: LorenzVec(x=-3.304618752758614, y=-2.875, z=-0.16484253792347658)
 }
12:42:21 `Bat`96172 missed {
 is already Found: false).
 Position: LorenzVec(x=-172.5, y=63.125, z=-89.5)
 DistanceC: 3.304618752758614
Relative Position: LorenzVec(x=-3.304618752758614, y=-1.875, z=-2.1648425379234766)
 }
12:42:21 `Bat`96174 missed {
 is already Found: false).
 Position: LorenzVec(x=-172.5, y=63.125, z=-88.5)
 DistanceC: 3.304618752758614
Relative Position: LorenzVec(x=-3.304618752758614, y=-1.875, z=-1.1648425379234766)
 }
12:42:21 `Bat`96176 missed {
 is already Found: false).
 Position: LorenzVec(x=-172.5, y=63.125, z=-87.5)
 DistanceC: 3.304618752758614
Relative Position: LorenzVec(x=-3.304618752758614, y=-1.875, z=-0.16484253792347658)
 }
12:42:36 `Bat`91477 missed {
 is already Found: false).
 Position: LorenzVec(x=-151.5, y=104.125, z=-35.5)
 DistanceC: 19.572568389965625
Relative Position: LorenzVec(x=-19.572568389965625, y=32.59769311804757, z=2.168566191679659)
 }
12:42:36 `Bat`91479 missed {
 is already Found: false).
 Position: LorenzVec(x=-151.5, y=105.125, z=-35.5)
 DistanceC: 19.572568389965625
Relative Position: LorenzVec(x=-19.572568389965625, y=33.59769311804757, z=2.168566191679659)
 }
12:42:36 `Bat`91481 missed {
 is already Found: false).
 Position: LorenzVec(x=-151.5, y=106.125, z=-35.5)
 DistanceC: 19.572568389965625
Relative Position: LorenzVec(x=-19.572568389965625, y=34.59769311804757, z=2.168566191679659)
 }
12:42:36 `Bat`91483 missed {
 is already Found: false).
 Position: LorenzVec(x=-151.5, y=107.125, z=-35.5)
 DistanceC: 19.572568389965625
Relative Position: LorenzVec(x=-19.572568389965625, y=35.59769311804757, z=2.168566191679659)
 }
12:42:36 `Bat`91485 missed {
 is already Found: false).
 Position: LorenzVec(x=-151.5, y=108.125, z=-35.5)
 DistanceC: 19.572568389965625
Relative Position: LorenzVec(x=-19.572568389965625, y=36.59769311804757, z=2.168566191679659)
 }
12:42:36 `Bat`91467 missed {
 is already Found: false).
 Position: LorenzVec(x=-152.5, y=104.125, z=-35.5)
 DistanceC: 19.843167963426367
Relative Position: LorenzVec(x=-19.843167963426367, y=34.71760459763506, z=1.9551652362454846)
 }
12:42:36 `Bat`91469 missed {
 is already Found: false).
 Position: LorenzVec(x=-152.5, y=105.125, z=-35.5)
 DistanceC: 19.843167963426367
Relative Position: LorenzVec(x=-19.843167963426367, y=35.71760459763506, z=1.9551652362454846)
 }
12:42:36 `Bat`91471 missed {
 is already Found: false).
 Position: LorenzVec(x=-152.5, y=106.125, z=-35.5)
 DistanceC: 19.843167963426367
Relative Position: LorenzVec(x=-19.843167963426367, y=36.71760459763506, z=1.9551652362454846)
 }
12:42:36 `Bat`91473 missed {
 is already Found: false).
 Position: LorenzVec(x=-152.5, y=107.125, z=-35.5)
 DistanceC: 19.843167963426367
Relative Position: LorenzVec(x=-19.843167963426367, y=37.71760459763506, z=1.9551652362454846)
 }
12:42:36 `Bat`91475 missed {
 is already Found: false).
 Position: LorenzVec(x=-152.5, y=108.125, z=-35.5)
 DistanceC: 19.843167963426367
Relative Position: LorenzVec(x=-19.843167963426367, y=38.71760459763506, z=1.9551652362454846)
 }
12:42:37 `Bat`91457 missed {
 is already Found: false).
 Position: LorenzVec(x=-153.5, y=104.125, z=-35.5)
 DistanceC: 20.642787812766755
Relative Position: LorenzVec(x=-20.642787812766755, y=45.12659582139276, z=1.922633239884668)
 }
12:42:37 `Bat`91459 missed {
 is already Found: false).
 Position: LorenzVec(x=-153.5, y=105.125, z=-35.5)
 DistanceC: 20.642787812766755
Relative Position: LorenzVec(x=-20.642787812766755, y=46.12659582139276, z=1.922633239884668)
 }
12:42:37 `Bat`91461 missed {
 is already Found: false).
 Position: LorenzVec(x=-153.5, y=106.125, z=-35.5)
 DistanceC: 20.642787812766755
Relative Position: LorenzVec(x=-20.642787812766755, y=47.12659582139276, z=1.922633239884668)
 }
12:42:37 `Bat`91463 missed {
 is already Found: false).
 Position: LorenzVec(x=-153.5, y=107.125, z=-35.5)
 DistanceC: 20.642787812766755
Relative Position: LorenzVec(x=-20.642787812766755, y=48.12659582139276, z=1.922633239884668)
 }
12:42:37 `Bat`91465 missed {
 is already Found: false).
 Position: LorenzVec(x=-153.5, y=108.125, z=-35.5)
 DistanceC: 20.642787812766755
Relative Position: LorenzVec(x=-20.642787812766755, y=49.12659582139276, z=1.922633239884668)
 }
12:45:45 `Pig`3400 missed {
 is already Found: false).
 Position: LorenzVec(x=-28.5, y=68.0, z=-38.34375)
 DistanceC: 9.060979595244778
Relative Position: LorenzVec(x=-0.6416943639534693, y=-2.0, z=-9.060979595244778)
 }
12:45:46 `Pig`8974 missed {
 is already Found: false).
 Position: LorenzVec(x=-7.15625, y=70.0, z=-32.78125)
 DistanceC: 20.70205563604653
Relative Position: LorenzVec(x=20.70205563604653, y=0.0, z=-3.4984795952447776)
 }
12:45:46 `Pig`10158 missed {
 is already Found: false).
 Position: LorenzVec(x=-34.5, y=68.0, z=-49.75)
 DistanceC: 20.467229595244778
Relative Position: LorenzVec(x=-6.641694363953469, y=-2.0, z=-20.467229595244778)
 }
12:45:55 `Pig`11303 missed {
 is already Found: false).
 Position: LorenzVec(x=-6.489583333333334, y=72.0, z=-45.64583333333333)
 DistanceC: 21.368722302713195
Relative Position: LorenzVec(x=21.368722302713195, y=2.0, z=-16.363062928578106)
 }
12:46:28 `Pig`11789 missed {
 is already Found: false).
 Position: LorenzVec(x=6.375, y=70.0, z=-89.34375)
 DistanceC: 12.47528504240428
Relative Position: LorenzVec(x=8.074999988079071, y=-2.0, z=12.47528504240428)
 }
12:46:28 `Pig`8410 missed {
 is already Found: false).
 Position: LorenzVec(x=8.15625, y=70.5, z=-91.5625)
 DistanceC: 10.25653504240428
Relative Position: LorenzVec(x=9.856249988079071, y=-1.5, z=10.25653504240428)
 }
12:46:28 `Pig`9680 missed {
 is already Found: false).
 Position: LorenzVec(x=-5.1875, y=70.0, z=-92.65625)
 DistanceC: 9.16278504240428
Relative Position: LorenzVec(x=-3.487500011920928, y=-2.0, z=9.16278504240428)
 }
12:46:28 `Pig`4914 missed {
 is already Found: false).
 Position: LorenzVec(x=10.46875, y=70.0, z=-94.46875)
 DistanceC: 12.168749988079071
Relative Position: LorenzVec(x=12.168749988079071, y=-2.0, z=7.3502850424042805)
 }
12:46:28 `Pig`10985 missed {
 is already Found: false).
 Position: LorenzVec(x=-7.875, y=70.0, z=-94.21875)
 DistanceC: 7.6002850424042805
Relative Position: LorenzVec(x=-6.175000011920928, y=-2.0, z=7.6002850424042805)
 }
12:46:29 `Pig`549 missed {
 is already Found: false).
 Position: LorenzVec(x=-17.5, y=68.0, z=-106.5)
 DistanceC: 15.800000011920929
Relative Position: LorenzVec(x=-15.800000011920929, y=-4.0, z=-4.6809649575957195)
 }
12:46:29 `Pig`4440 missed {
 is already Found: false).
 Position: LorenzVec(x=-16.625, y=70.0, z=-110.71875)
 DistanceC: 14.925000011920929
Relative Position: LorenzVec(x=-14.925000011920929, y=-2.0, z=-8.89971495759572)
 }
12:46:29 `Pig`4346 missed {
 is already Found: false).
 Position: LorenzVec(x=-17.09375, y=68.0, z=-115.125)
 DistanceC: 15.393750011920929
Relative Position: LorenzVec(x=-15.393750011920929, y=-4.0, z=-13.30596495759572)
 }
12:46:29 `Pig`10097 missed {
 is already Found: false).
 Position: LorenzVec(x=19.40625, y=70.0, z=-86.84375)
 DistanceC: 21.10624998807907
Relative Position: LorenzVec(x=21.10624998807907, y=-2.0, z=14.97528504240428)
 }
12:46:30 `Villager`355 missed {
 is already Found: false).
 Position: LorenzVec(x=-21.5, y=68.0, z=-124.5)
 DistanceC: 22.68096495759572
Relative Position: LorenzVec(x=-19.80000001192093, y=-4.0, z=-22.68096495759572)
 }
12:46:32 `Pig`3246 missed {
 is already Found: false).
 Position: LorenzVec(x=-5.1875, y=68.0, z=-123.125)
 DistanceC: 21.30596495759572
Relative Position: LorenzVec(x=-3.487500011920928, y=-4.0, z=-21.30596495759572)
 }
12:47:01 `Pig`3565 missed {
 is already Found: false).
 Position: LorenzVec(x=3.6875, y=68.5, z=-127.3125)
 DistanceC: 20.7904877648944
Relative Position: LorenzVec(x=20.7904877648944, y=0.5, z=-20.611537479317917)
 }
12:47:01 `3wn36khe85`334 missed {
 is already Found: false).
 Position: LorenzVec(x=-37.5, y=68.0, z=-125.5)
 DistanceC: 20.3970122351056
Relative Position: LorenzVec(x=-20.3970122351056, y=0.0, z=-18.799037479317917)
 }
12:47:14 `Pig`1786 missed {
 is already Found: false).
 Position: LorenzVec(x=-20.9375, y=68.0, z=-135.09375)
 DistanceC: 18.673492437747097
Relative Position: LorenzVec(x=-18.673492437747097, y=7.0, z=-0.3289027581466826)
 }
12:47:26 `Pig`10038 missed {
 is already Found: false).
 Position: LorenzVec(x=17.09375, y=69.0, z=-116.75)
 DistanceC: 17.238697735826094
Relative Position: LorenzVec(x=13.393750011920933, y=8.0, z=17.238697735826094)
 }
12:50:28 `Pig`14726 missed {
 is already Found: false).
 Position: LorenzVec(x=-39.125, y=69.0, z=-41.875)
 DistanceC: 21.237617277404954
Relative Position: LorenzVec(x=-7.831669574367453, y=-2.0, z=-21.237617277404954)
 }
12:50:28 `Pig`18957 missed {
 is already Found: false).
 Position: LorenzVec(x=-26.53125, y=68.0, z=-39.53125)
 DistanceC: 18.893867277404954
Relative Position: LorenzVec(x=4.762080425632547, y=-3.0, z=-18.893867277404954)
 }
12:50:28 `zju53b8x3x`517 missed {
 is already Found: false).
 Position: LorenzVec(x=-7.5, y=69.0, z=1.5)
 DistanceC: 23.793330425632547
Relative Position: LorenzVec(x=23.793330425632547, y=-2.0, z=22.137382722595046)
 }
12:50:48 `Pig`22922 missed {
 is already Found: false).
 Position: LorenzVec(x=-11.5625, y=70.0, z=-34.625)
 DistanceC: 19.730830425632547
Relative Position: LorenzVec(x=19.730830425632547, y=-1.0, z=-13.987617277404954)
 }
12:50:59 `Pig`23074 missed {
 is already Found: false).
 Position: LorenzVec(x=-16.0, y=70.0, z=-82.6875)
 DistanceC: 5.916812462684504
Relative Position: LorenzVec(x=-1.9978021182387202, y=0.0, z=5.916812462684504)
 }
12:51:05 `Pig`23258 missed {
 is already Found: false).
 Position: LorenzVec(x=5.875, y=70.0, z=-59.28125)
 DistanceC: 16.55114052240268
Relative Position: LorenzVec(x=16.55114052240268, y=0.0, z=10.744407806003252)
 }
12:51:14 `Pig`549 missed {
 is already Found: false).
 Position: LorenzVec(x=-17.5, y=68.0, z=-106.5)
 DistanceC: 15.80000001192093
Relative Position: LorenzVec(x=-15.80000001192093, y=-4.0625, z=-5.2469822189544)
 }
12:51:17 `Pig`1380 missed {
 is already Found: false).
 Position: LorenzVec(x=-4.46875, y=71.5, z=-118.21875)
 DistanceC: 16.9657322189544
Relative Position: LorenzVec(x=-2.76875001192093, y=-0.5625, z=-16.9657322189544)
 }
12:51:17 `r6zpm289y7`335 missed {
 is already Found: false).
 Position: LorenzVec(x=-9.0, y=68.0, z=-125.0)
 DistanceC: 23.7469822189544
Relative Position: LorenzVec(x=-7.30000001192093, y=-4.0625, z=-23.7469822189544)
 }
12:51:18 `Villager`355 missed {
 is already Found: false).
 Position: LorenzVec(x=-21.5, y=68.0, z=-124.5)
 DistanceC: 23.2469822189544
Relative Position: LorenzVec(x=-19.80000001192093, y=-4.0625, z=-23.2469822189544)
 }
12:51:19 `Pig`1350 missed {
 is already Found: false).
 Position: LorenzVec(x=16.78125, y=71.0, z=-93.84375)
 DistanceC: 18.48124998807907
Relative Position: LorenzVec(x=18.48124998807907, y=-1.0625, z=7.4092677810456)
 }
12:51:26 `Pig`1354 missed {
 is already Found: false).
 Position: LorenzVec(x=-21.697916666666664, y=68.0, z=-112.58333333333334)
 DistanceC: 12.018976726879558
Relative Position: LorenzVec(x=-7.196500955652516, y=0.0, z=12.018976726879558)
 }
12:51:29 `Pig`1356 missed {
 is already Found: false).
 Position: LorenzVec(x=-17.96875, y=68.0, z=-126.4375)
 DistanceC: 19.23196747250224
Relative Position: LorenzVec(x=-19.23196747250224, y=7.0, z=11.047218105052963)
 }
