12:38:13 [STASH_COMPACT] §f                 §7You have §3771 §7materials stashed away!
12:38:13 [STASH_COMPACT] §f              §8(This totals 4 types of materials stashed!)
12:38:13 [STASH_COMPACT] §f                §3§l>>> §3§lCLICK HERE§b to pick them up! §3§l<<<
12:38:13 [STASH_COMPACT]   
12:38:52 [STASH_COMPACT] §f                 §7You have §3771 §7materials stashed away!
12:38:52 [STASH_COMPACT] §f              §8(This totals 4 types of materials stashed!)
12:38:52 [STASH_COMPACT] §f                §3§l>>> §3§lCLICK HERE§b to pick them up! §3§l<<<
12:38:52 [STASH_COMPACT]   
12:38:53 [STASH_COMPACT] §f                 §7You have §3771 §7materials stashed away!
12:38:53 [STASH_COMPACT] §f              §8(This totals 4 types of materials stashed!)
12:38:53 [STASH_COMPACT] §f                §3§l>>> §3§lCLICK HERE§b to pick them up! §3§l<<<
12:38:53 [STASH_COMPACT]   
12:38:59 [STASH_COMPACT] §f                 §7You have §3771 §7materials stashed away!
12:38:59 [STASH_COMPACT] §f              §8(This totals 4 types of materials stashed!)
12:38:59 [STASH_COMPACT] §f                §3§l>>> §3§lCLICK HERE§b to pick them up! §3§l<<<
12:38:59 [STASH_COMPACT]   
12:39:17 [STASH_COMPACT] §f                 §7You have §3771 §7materials stashed away!
12:39:17 [STASH_COMPACT] §f              §8(This totals 4 types of materials stashed!)
12:39:17 [STASH_COMPACT] §f                §3§l>>> §3§lCLICK HERE§b to pick them up! §3§l<<<
12:39:17 [STASH_COMPACT]   
12:40:17 [STASH_COMPACT] §f                 §7You have §3771 §7materials stashed away!
12:40:17 [STASH_COMPACT] §f              §8(This totals 4 types of materials stashed!)
12:40:17 [STASH_COMPACT] §f                §3§l>>> §3§lCLICK HERE§b to pick them up! §3§l<<<
12:40:17 [STASH_COMPACT]   
12:41:18 [STASH_COMPACT] §f                 §7You have §3771 §7materials stashed away!
12:41:18 [STASH_COMPACT] §f              §8(This totals 4 types of materials stashed!)
12:41:18 [STASH_COMPACT] §f                §3§l>>> §3§lCLICK HERE§b to pick them up! §3§l<<<
12:41:18 [STASH_COMPACT]   
12:41:52 [STASH_COMPACT] §f                 §7You have §3771 §7materials stashed away!
12:41:52 [STASH_COMPACT] §f              §8(This totals 4 types of materials stashed!)
12:41:52 [STASH_COMPACT] §f                §3§l>>> §3§lCLICK HERE§b to pick them up! §3§l<<<
12:41:52 [STASH_COMPACT]   
12:41:56 [STASH_COMPACT] §f                 §7You have §3771 §7materials stashed away!
12:41:56 [STASH_COMPACT] §f              §8(This totals 4 types of materials stashed!)
12:41:56 [STASH_COMPACT] §f                §3§l>>> §3§lCLICK HERE§b to pick them up! §3§l<<<
12:41:56 [STASH_COMPACT]   
12:42:35 [STASH_COMPACT] §f                 §7You have §3771 §7materials stashed away!
12:42:35 [STASH_COMPACT] §f              §8(This totals 4 types of materials stashed!)
12:42:35 [STASH_COMPACT] §f                §3§l>>> §3§lCLICK HERE§b to pick them up! §3§l<<<
12:42:35 [STASH_COMPACT]   
12:43:38 [STASH_COMPACT] §f                 §7You have §3771 §7materials stashed away!
12:43:38 [STASH_COMPACT] §f              §8(This totals 4 types of materials stashed!)
12:43:38 [STASH_COMPACT] §f                §3§l>>> §3§lCLICK HERE§b to pick them up! §3§l<<<
12:43:38 [STASH_COMPACT]   
12:44:37 [STASH_COMPACT] §f                 §7You have §3771 §7materials stashed away!
12:44:37 [STASH_COMPACT] §f              §8(This totals 4 types of materials stashed!)
12:44:37 [STASH_COMPACT] §f                §3§l>>> §3§lCLICK HERE§b to pick them up! §3§l<<<
12:44:37 [STASH_COMPACT]   
12:45:37 [STASH_COMPACT] §f                 §7You have §3771 §7materials stashed away!
12:45:37 [STASH_COMPACT] §f              §8(This totals 4 types of materials stashed!)
12:45:37 [STASH_COMPACT] §f                §3§l>>> §3§lCLICK HERE§b to pick them up! §3§l<<<
12:45:37 [STASH_COMPACT]   
12:46:38 [STASH_COMPACT] §f                 §7You have §3771 §7materials stashed away!
12:46:38 [STASH_COMPACT] §f              §8(This totals 4 types of materials stashed!)
12:46:38 [STASH_COMPACT] §f                §3§l>>> §3§lCLICK HERE§b to pick them up! §3§l<<<
12:46:38 [STASH_COMPACT]   
12:47:39 [STASH_COMPACT] §f                 §7You have §3771 §7materials stashed away!
12:47:39 [STASH_COMPACT] §f              §8(This totals 4 types of materials stashed!)
12:47:39 [STASH_COMPACT] §f                §3§l>>> §3§lCLICK HERE§b to pick them up! §3§l<<<
12:47:39 [STASH_COMPACT]   
12:48:39 [STASH_COMPACT] §f                 §7You have §3771 §7materials stashed away!
12:48:39 [STASH_COMPACT] §f              §8(This totals 4 types of materials stashed!)
12:48:39 [STASH_COMPACT] §f                §3§l>>> §3§lCLICK HERE§b to pick them up! §3§l<<<
12:48:39 [STASH_COMPACT]   
12:49:41 [STASH_COMPACT] §f                 §7You have §3771 §7materials stashed away!
12:49:41 [STASH_COMPACT] §f              §8(This totals 4 types of materials stashed!)
12:49:41 [STASH_COMPACT] §f                §3§l>>> §3§lCLICK HERE§b to pick them up! §3§l<<<
12:49:42 [STASH_COMPACT]   
12:50:40 [STASH_COMPACT] §f                 §7You have §3771 §7materials stashed away!
12:50:40 [STASH_COMPACT] §f              §8(This totals 4 types of materials stashed!)
12:50:40 [STASH_COMPACT] §f                §3§l>>> §3§lCLICK HERE§b to pick them up! §3§l<<<
12:50:40 [STASH_COMPACT]   
12:51:41 [STASH_COMPACT] §f                 §7You have §3771 §7materials stashed away!
12:51:41 [STASH_COMPACT] §f              §8(This totals 4 types of materials stashed!)
12:51:41 [STASH_COMPACT] §f                §3§l>>> §3§lCLICK HERE§b to pick them up! §3§l<<<
12:51:41 [STASH_COMPACT]   
12:52:41 [STASH_COMPACT] §f                 §7You have §3771 §7materials stashed away!
12:52:41 [STASH_COMPACT] §f              §8(This totals 4 types of materials stashed!)
12:52:41 [STASH_COMPACT] §f                §3§l>>> §3§lCLICK HERE§b to pick them up! §3§l<<<
12:52:41 [STASH_COMPACT]   
12:53:41 [STASH_COMPACT] §f                 §7You have §3771 §7materials stashed away!
12:53:41 [STASH_COMPACT] §f              §8(This totals 4 types of materials stashed!)
12:53:41 [STASH_COMPACT] §f                §3§l>>> §3§lCLICK HERE§b to pick them up! §3§l<<<
12:53:41 [STASH_COMPACT]   
12:54:41 [STASH_COMPACT] §f                 §7You have §3771 §7materials stashed away!
12:54:41 [STASH_COMPACT] §f              §8(This totals 4 types of materials stashed!)
12:54:41 [STASH_COMPACT] §f                §3§l>>> §3§lCLICK HERE§b to pick them up! §3§l<<<
12:54:41 [STASH_COMPACT]   
12:55:41 [STASH_COMPACT] §f                 §7You have §3771 §7materials stashed away!
12:55:41 [STASH_COMPACT] §f              §8(This totals 4 types of materials stashed!)
12:55:41 [STASH_COMPACT] §f                §3§l>>> §3§lCLICK HERE§b to pick them up! §3§l<<<
12:55:41 [STASH_COMPACT]   
12:56:41 [STASH_COMPACT] §f                 §7You have §3771 §7materials stashed away!
12:56:41 [STASH_COMPACT] §f              §8(This totals 4 types of materials stashed!)
12:56:41 [STASH_COMPACT] §f                §3§l>>> §3§lCLICK HERE§b to pick them up! §3§l<<<
12:56:41 [STASH_COMPACT]   
12:57:41 [STASH_COMPACT] §f                 §7You have §3771 §7materials stashed away!
12:57:41 [STASH_COMPACT] §f              §8(This totals 4 types of materials stashed!)
12:57:41 [STASH_COMPACT] §f                §3§l>>> §3§lCLICK HERE§b to pick them up! §3§l<<<
12:57:41 [STASH_COMPACT]   
12:58:22 [BESTIARY] §f                                  §6§lBESTIARY
12:58:22 [BESTIARY] §f                             §b§lGrunt §7§8VII §8➡§b §bVIII
12:58:22 [BESTIARY] 
12:58:22 [BESTIARY] §f                                  §r§6§lREWARDS
12:58:22 [BESTIARY] §f                          §r§8+§r§a3 Grunt §r§b✯ Magic Find
12:58:22 [BESTIARY] §f                           §r§8+§r§a3 Grunt §r§c❁ Strength
12:58:22 [BESTIARY] §f                              §r§8+§r§62% §r§aGrunt §r§7coins
12:58:22 [BESTIARY] §f                    §r§8+§r§a50% §r§7chance for extra XP orbs
12:58:22 [BESTIARY] §f                               §r§8+§r§b1 SkyBlock XP
12:58:22 [BESTIARY] 
12:58:22 [BESTIARY] §3§l▬▬▬▬▬▬▬▬▬▬▬▬▬▬▬▬▬▬▬▬▬▬▬▬▬▬▬▬▬▬▬▬▬▬▬▬▬▬▬▬▬▬▬▬▬▬▬▬▬▬▬▬▬▬▬▬▬▬▬▬▬▬▬▬
12:58:41 [STASH_COMPACT] §f                 §7You have §3771 §7materials stashed away!
12:58:41 [STASH_COMPACT] §f              §8(This totals 4 types of materials stashed!)
12:58:41 [STASH_COMPACT] §f                §3§l>>> §3§lCLICK HERE§b to pick them up! §3§l<<<
12:58:41 [STASH_COMPACT]   
12:59:42 [STASH_COMPACT] §f                 §7You have §3771 §7materials stashed away!
12:59:42 [STASH_COMPACT] §f              §8(This totals 4 types of materials stashed!)
12:59:42 [STASH_COMPACT] §f                §3§l>>> §3§lCLICK HERE§b to pick them up! §3§l<<<
12:59:42 [STASH_COMPACT]   
13:00:42 [STASH_COMPACT] §f                 §7You have §3771 §7materials stashed away!
13:00:42 [STASH_COMPACT] §f              §8(This totals 4 types of materials stashed!)
13:00:42 [STASH_COMPACT] §f                §3§l>>> §3§lCLICK HERE§b to pick them up! §3§l<<<
13:00:42 [STASH_COMPACT]   
13:01:42 [STASH_COMPACT] §f                 §7You have §3771 §7materials stashed away!
13:01:42 [STASH_COMPACT] §f              §8(This totals 4 types of materials stashed!)
13:01:42 [STASH_COMPACT] §f                §3§l>>> §3§lCLICK HERE§b to pick them up! §3§l<<<
13:01:42 [STASH_COMPACT]   
13:02:42 [STASH_COMPACT] §f                 §7You have §3771 §7materials stashed away!
13:02:42 [STASH_COMPACT] §f              §8(This totals 4 types of materials stashed!)
13:02:42 [STASH_COMPACT] §f                §3§l>>> §3§lCLICK HERE§b to pick them up! §3§l<<<
13:02:42 [STASH_COMPACT]   
13:03:42 [STASH_COMPACT] §f                 §7You have §3771 §7materials stashed away!
13:03:42 [STASH_COMPACT] §f              §8(This totals 4 types of materials stashed!)
13:03:42 [STASH_COMPACT] §f                §3§l>>> §3§lCLICK HERE§b to pick them up! §3§l<<<
13:03:42 [STASH_COMPACT]   
13:04:42 [STASH_COMPACT] §f                 §7You have §3771 §7materials stashed away!
13:04:42 [STASH_COMPACT] §f              §8(This totals 4 types of materials stashed!)
13:04:42 [STASH_COMPACT] §f                §3§l>>> §3§lCLICK HERE§b to pick them up! §3§l<<<
13:04:42 [STASH_COMPACT]   
13:05:43 [STASH_COMPACT] §f                 §7You have §3771 §7materials stashed away!
13:05:43 [STASH_COMPACT] §f              §8(This totals 4 types of materials stashed!)
13:05:43 [STASH_COMPACT] §f                §3§l>>> §3§lCLICK HERE§b to pick them up! §3§l<<<
13:05:43 [STASH_COMPACT]   
13:06:43 [STASH_COMPACT] §f                 §7You have §3771 §7materials stashed away!
13:06:43 [STASH_COMPACT] §f              §8(This totals 4 types of materials stashed!)
13:06:43 [STASH_COMPACT] §f                §3§l>>> §3§lCLICK HERE§b to pick them up! §3§l<<<
13:06:43 [STASH_COMPACT]   
13:07:43 [STASH_COMPACT] §f                 §7You have §3771 §7materials stashed away!
13:07:43 [STASH_COMPACT] §f              §8(This totals 4 types of materials stashed!)
13:07:43 [STASH_COMPACT] §f                §3§l>>> §3§lCLICK HERE§b to pick them up! §3§l<<<
13:07:43 [STASH_COMPACT]   
13:08:43 [STASH_COMPACT] §f                 §7You have §3771 §7materials stashed away!
13:08:43 [STASH_COMPACT] §f              §8(This totals 4 types of materials stashed!)
13:08:43 [STASH_COMPACT] §f                §3§l>>> §3§lCLICK HERE§b to pick them up! §3§l<<<
13:08:43 [STASH_COMPACT]   
13:09:00 [BESTIARY] §f                                  §6§lBESTIARY
13:09:00 [BESTIARY] §f                               §b§lThyst §7§8IV §8➡§b §bV
13:09:00 [BESTIARY] 
13:09:00 [BESTIARY] §f                                  §r§6§lREWARDS
13:09:00 [BESTIARY] §f                          §r§8+§r§a2 Thyst §r§b✯ Magic Find
13:09:00 [BESTIARY] §f                           §r§8+§r§a2 Thyst §r§c❁ Strength
13:09:00 [BESTIARY] §f                              §r§8+§r§62% §r§aThyst §r§7coins
13:09:00 [BESTIARY] §f                    §r§8+§r§a50% §r§7chance for extra XP orbs
13:09:00 [BESTIARY] §f                               §r§8+§r§b1 SkyBlock XP
13:09:00 [BESTIARY] 
13:09:00 [BESTIARY] §3§l▬▬▬▬▬▬▬▬▬▬▬▬▬▬▬▬▬▬▬▬▬▬▬▬▬▬▬▬▬▬▬▬▬▬▬▬▬▬▬▬▬▬▬▬▬▬▬▬▬▬▬▬▬▬▬▬▬▬▬▬▬▬▬▬
13:09:19 [STASH_COMPACT] §f                 §7You have §3771 §7materials stashed away!
13:09:19 [STASH_COMPACT] §f              §8(This totals 4 types of materials stashed!)
13:09:19 [STASH_COMPACT] §f                §3§l>>> §3§lCLICK HERE§b to pick them up! §3§l<<<
13:09:19 [STASH_COMPACT]   
13:09:44 [STASH_COMPACT] §f                 §7You have §3771 §7materials stashed away!
13:09:44 [STASH_COMPACT] §f              §8(This totals 4 types of materials stashed!)
13:09:44 [STASH_COMPACT] §f                §3§l>>> §3§lCLICK HERE§b to pick them up! §3§l<<<
13:09:44 [STASH_COMPACT]   
13:10:45 [STASH_COMPACT] §f                 §7You have §3771 §7materials stashed away!
13:10:45 [STASH_COMPACT] §f              §8(This totals 4 types of materials stashed!)
13:10:45 [STASH_COMPACT] §f                §3§l>>> §3§lCLICK HERE§b to pick them up! §3§l<<<
13:10:45 [STASH_COMPACT]   
13:11:46 [STASH_COMPACT] §f                 §7You have §3771 §7materials stashed away!
13:11:46 [STASH_COMPACT] §f              §8(This totals 4 types of materials stashed!)
13:11:46 [STASH_COMPACT] §f                §3§l>>> §3§lCLICK HERE§b to pick them up! §3§l<<<
13:11:46 [STASH_COMPACT]   
13:12:47 [STASH_COMPACT] §f                 §7You have §3771 §7materials stashed away!
13:12:47 [STASH_COMPACT] §f              §8(This totals 4 types of materials stashed!)
13:12:47 [STASH_COMPACT] §f                §3§l>>> §3§lCLICK HERE§b to pick them up! §3§l<<<
13:12:47 [STASH_COMPACT]   
13:13:48 [STASH_COMPACT] §f                 §7You have §3771 §7materials stashed away!
13:13:48 [STASH_COMPACT] §f              §8(This totals 4 types of materials stashed!)
13:13:48 [STASH_COMPACT] §f                §3§l>>> §3§lCLICK HERE§b to pick them up! §3§l<<<
13:13:48 [STASH_COMPACT]   
13:14:49 [STASH_COMPACT] §f                 §7You have §3771 §7materials stashed away!
13:14:49 [STASH_COMPACT] §f              §8(This totals 4 types of materials stashed!)
13:14:49 [STASH_COMPACT] §f                §3§l>>> §3§lCLICK HERE§b to pick them up! §3§l<<<
13:14:49 [STASH_COMPACT]   
13:15:50 [STASH_COMPACT] §f                 §7You have §3771 §7materials stashed away!
13:15:50 [STASH_COMPACT] §f              §8(This totals 4 types of materials stashed!)
13:15:50 [STASH_COMPACT] §f                §3§l>>> §3§lCLICK HERE§b to pick them up! §3§l<<<
13:15:50 [STASH_COMPACT]   
13:16:51 [STASH_COMPACT] §f                 §7You have §3771 §7materials stashed away!
13:16:51 [STASH_COMPACT] §f              §8(This totals 4 types of materials stashed!)
13:16:51 [STASH_COMPACT] §f                §3§l>>> §3§lCLICK HERE§b to pick them up! §3§l<<<
13:16:51 [STASH_COMPACT]   
13:17:52 [STASH_COMPACT] §f                 §7You have §3771 §7materials stashed away!
13:17:52 [STASH_COMPACT] §f              §8(This totals 4 types of materials stashed!)
13:17:52 [STASH_COMPACT] §f                §3§l>>> §3§lCLICK HERE§b to pick them up! §3§l<<<
13:17:52 [STASH_COMPACT]   
13:18:53 [STASH_COMPACT] §f                 §7You have §3771 §7materials stashed away!
13:18:53 [STASH_COMPACT] §f              §8(This totals 4 types of materials stashed!)
13:18:53 [STASH_COMPACT] §f                §3§l>>> §3§lCLICK HERE§b to pick them up! §3§l<<<
13:18:53 [STASH_COMPACT]   
13:19:55 [STASH_COMPACT] §f                 §7You have §3771 §7materials stashed away!
13:19:55 [STASH_COMPACT] §f              §8(This totals 4 types of materials stashed!)
13:19:55 [STASH_COMPACT] §f                §3§l>>> §3§lCLICK HERE§b to pick them up! §3§l<<<
13:19:55 [STASH_COMPACT]   
13:20:56 [STASH_COMPACT] §f                 §7You have §3771 §7materials stashed away!
13:20:56 [STASH_COMPACT] §f              §8(This totals 4 types of materials stashed!)
13:20:56 [STASH_COMPACT] §f                §3§l>>> §3§lCLICK HERE§b to pick them up! §3§l<<<
13:20:56 [STASH_COMPACT]   
13:21:57 [STASH_COMPACT] §f                 §7You have §3771 §7materials stashed away!
13:21:57 [STASH_COMPACT] §f              §8(This totals 4 types of materials stashed!)
13:21:57 [STASH_COMPACT] §f                §3§l>>> §3§lCLICK HERE§b to pick them up! §3§l<<<
13:21:57 [STASH_COMPACT]   
13:22:58 [STASH_COMPACT] §f                 §7You have §3771 §7materials stashed away!
13:22:58 [STASH_COMPACT] §f              §8(This totals 4 types of materials stashed!)
13:22:58 [STASH_COMPACT] §f                §3§l>>> §3§lCLICK HERE§b to pick them up! §3§l<<<
13:22:58 [STASH_COMPACT]   
13:23:59 [STASH_COMPACT] §f                 §7You have §3771 §7materials stashed away!
13:23:59 [STASH_COMPACT] §f              §8(This totals 4 types of materials stashed!)
13:23:59 [STASH_COMPACT] §f                §3§l>>> §3§lCLICK HERE§b to pick them up! §3§l<<<
13:23:59 [STASH_COMPACT]   
13:25:00 [STASH_COMPACT] §f                 §7You have §3771 §7materials stashed away!
13:25:00 [STASH_COMPACT] §f              §8(This totals 4 types of materials stashed!)
13:25:00 [STASH_COMPACT] §f                §3§l>>> §3§lCLICK HERE§b to pick them up! §3§l<<<
13:25:00 [STASH_COMPACT]   
13:26:01 [STASH_COMPACT] §f                 §7You have §3771 §7materials stashed away!
13:26:01 [STASH_COMPACT] §f              §8(This totals 4 types of materials stashed!)
13:26:01 [STASH_COMPACT] §f                §3§l>>> §3§lCLICK HERE§b to pick them up! §3§l<<<
13:26:01 [STASH_COMPACT]   
13:27:02 [STASH_COMPACT] §f                 §7You have §3771 §7materials stashed away!
13:27:02 [STASH_COMPACT] §f              §8(This totals 4 types of materials stashed!)
13:27:02 [STASH_COMPACT] §f                §3§l>>> §3§lCLICK HERE§b to pick them up! §3§l<<<
13:27:02 [STASH_COMPACT]   
13:28:03 [STASH_COMPACT] §f                 §7You have §3771 §7materials stashed away!
13:28:03 [STASH_COMPACT] §f              §8(This totals 4 types of materials stashed!)
13:28:03 [STASH_COMPACT] §f                §3§l>>> §3§lCLICK HERE§b to pick them up! §3§l<<<
13:28:03 [STASH_COMPACT]   
13:29:24 [STASH_COMPACT] §f                 §7You have §3771 §7materials stashed away!
13:29:24 [STASH_COMPACT] §f              §8(This totals 4 types of materials stashed!)
13:29:24 [STASH_COMPACT] §f                §3§l>>> §3§lCLICK HERE§b to pick them up! §3§l<<<
13:29:24 [STASH_COMPACT]   
13:30:05 [STASH_COMPACT] §f                 §7You have §3771 §7materials stashed away!
13:30:05 [STASH_COMPACT] §f              §8(This totals 4 types of materials stashed!)
13:30:05 [STASH_COMPACT] §f                §3§l>>> §3§lCLICK HERE§b to pick them up! §3§l<<<
13:30:05 [STASH_COMPACT]   
13:31:05 [STASH_COMPACT] §f                 §7You have §3771 §7materials stashed away!
13:31:05 [STASH_COMPACT] §f              §8(This totals 4 types of materials stashed!)
13:31:05 [STASH_COMPACT] §f                §3§l>>> §3§lCLICK HERE§b to pick them up! §3§l<<<
13:31:05 [STASH_COMPACT]   
13:32:06 [STASH_COMPACT] §f                 §7You have §3771 §7materials stashed away!
13:32:06 [STASH_COMPACT] §f              §8(This totals 4 types of materials stashed!)
13:32:06 [STASH_COMPACT] §f                §3§l>>> §3§lCLICK HERE§b to pick them up! §3§l<<<
13:32:06 [STASH_COMPACT]   
13:33:06 [STASH_COMPACT] §f                 §7You have §3771 §7materials stashed away!
13:33:06 [STASH_COMPACT] §f              §8(This totals 4 types of materials stashed!)
13:33:06 [STASH_COMPACT] §f                §3§l>>> §3§lCLICK HERE§b to pick them up! §3§l<<<
13:33:06 [STASH_COMPACT]   
13:33:37 [STASH_COMPACT] §f                 §7You have §3771 §7materials stashed away!
13:33:37 [STASH_COMPACT] §f              §8(This totals 4 types of materials stashed!)
13:33:37 [STASH_COMPACT] §f                §3§l>>> §3§lCLICK HERE§b to pick them up! §3§l<<<
13:33:37 [STASH_COMPACT]   
13:33:52 [STASH_COMPACT] §f                 §7You have §3771 §7materials stashed away!
13:33:52 [STASH_COMPACT] §f              §8(This totals 4 types of materials stashed!)
13:33:52 [STASH_COMPACT] §f                §3§l>>> §3§lCLICK HERE§b to pick them up! §3§l<<<
13:33:52 [STASH_COMPACT]   
13:34:30 [STASH_COMPACT] §f                 §7You have §3771 §7materials stashed away!
13:34:30 [STASH_COMPACT] §f              §8(This totals 4 types of materials stashed!)
13:34:30 [STASH_COMPACT] §f                §3§l>>> §3§lCLICK HERE§b to pick them up! §3§l<<<
13:34:30 [STASH_COMPACT]   
13:34:31 [STASH_COMPACT] §f                 §7You have §3771 §7materials stashed away!
13:34:31 [STASH_COMPACT] §f              §8(This totals 4 types of materials stashed!)
13:34:31 [STASH_COMPACT] §f                §3§l>>> §3§lCLICK HERE§b to pick them up! §3§l<<<
13:34:31 [STASH_COMPACT]   
13:35:31 [STASH_COMPACT] §f                 §7You have §3771 §7materials stashed away!
13:35:31 [STASH_COMPACT] §f              §8(This totals 4 types of materials stashed!)
13:35:31 [STASH_COMPACT] §f                §3§l>>> §3§lCLICK HERE§b to pick them up! §3§l<<<
13:35:31 [STASH_COMPACT]   
13:36:31 [STASH_COMPACT] §f                 §7You have §3771 §7materials stashed away!
13:36:31 [STASH_COMPACT] §f              §8(This totals 4 types of materials stashed!)
13:36:31 [STASH_COMPACT] §f                §3§l>>> §3§lCLICK HERE§b to pick them up! §3§l<<<
13:36:31 [STASH_COMPACT]   
13:37:31 [STASH_COMPACT] §f                 §7You have §3771 §7materials stashed away!
13:37:31 [STASH_COMPACT] §f              §8(This totals 4 types of materials stashed!)
13:37:31 [STASH_COMPACT] §f                §3§l>>> §3§lCLICK HERE§b to pick them up! §3§l<<<
13:37:31 [STASH_COMPACT]   
13:38:31 [STASH_COMPACT] §f                 §7You have §3771 §7materials stashed away!
13:38:31 [STASH_COMPACT] §f              §8(This totals 4 types of materials stashed!)
13:38:31 [STASH_COMPACT] §f                §3§l>>> §3§lCLICK HERE§b to pick them up! §3§l<<<
13:38:31 [STASH_COMPACT]   
13:39:31 [STASH_COMPACT] §f                 §7You have §3771 §7materials stashed away!
13:39:31 [STASH_COMPACT] §f              §8(This totals 4 types of materials stashed!)
13:39:31 [STASH_COMPACT] §f                §3§l>>> §3§lCLICK HERE§b to pick them up! §3§l<<<
13:39:31 [STASH_COMPACT]   
13:40:39 [STASH_COMPACT] §f                 §7You have §3771 §7materials stashed away!
13:40:39 [STASH_COMPACT] §f              §8(This totals 4 types of materials stashed!)
13:40:39 [STASH_COMPACT] §f                §3§l>>> §3§lCLICK HERE§b to pick them up! §3§l<<<
13:40:39 [STASH_COMPACT]   
13:40:40 [STASH_COMPACT] §f                 §7You have §3771 §7materials stashed away!
13:40:40 [STASH_COMPACT] §f              §8(This totals 4 types of materials stashed!)
13:40:40 [STASH_COMPACT] §f                §3§l>>> §3§lCLICK HERE§b to pick them up! §3§l<<<
13:40:40 [STASH_COMPACT]   
13:40:52 [STASH_COMPACT] §f                 §7You have §3771 §7materials stashed away!
13:40:52 [STASH_COMPACT] §f              §8(This totals 4 types of materials stashed!)
13:40:52 [STASH_COMPACT] §f                §3§l>>> §3§lCLICK HERE§b to pick them up! §3§l<<<
13:40:52 [STASH_COMPACT]   
13:41:33 [STASH_COMPACT] §f                 §7You have §3771 §7materials stashed away!
13:41:33 [STASH_COMPACT] §f              §8(This totals 4 types of materials stashed!)
13:41:33 [STASH_COMPACT] §f                §3§l>>> §3§lCLICK HERE§b to pick them up! §3§l<<<
13:41:33 [STASH_COMPACT]   
13:42:37 [STASH_COMPACT] §f                 §7You have §3771 §7materials stashed away!
13:42:37 [STASH_COMPACT] §f              §8(This totals 4 types of materials stashed!)
13:42:37 [STASH_COMPACT] §f                §3§l>>> §3§lCLICK HERE§b to pick them up! §3§l<<<
13:42:37 [STASH_COMPACT]   
13:43:40 [STASH_COMPACT] §f                 §7You have §3771 §7materials stashed away!
13:43:40 [STASH_COMPACT] §f              §8(This totals 4 types of materials stashed!)
13:43:40 [STASH_COMPACT] §f                §3§l>>> §3§lCLICK HERE§b to pick them up! §3§l<<<
13:43:40 [STASH_COMPACT]   
13:44:40 [STASH_COMPACT] §f                 §7You have §3771 §7materials stashed away!
13:44:40 [STASH_COMPACT] §f              §8(This totals 4 types of materials stashed!)
13:44:40 [STASH_COMPACT] §f                §3§l>>> §3§lCLICK HERE§b to pick them up! §3§l<<<
13:44:40 [STASH_COMPACT]   
13:45:40 [STASH_COMPACT] §f                 §7You have §3771 §7materials stashed away!
13:45:40 [STASH_COMPACT] §f              §8(This totals 4 types of materials stashed!)
13:45:40 [STASH_COMPACT] §f                §3§l>>> §3§lCLICK HERE§b to pick them up! §3§l<<<
13:45:40 [STASH_COMPACT]   
13:46:41 [STASH_COMPACT] §f                 §7You have §3771 §7materials stashed away!
13:46:41 [STASH_COMPACT] §f              §8(This totals 4 types of materials stashed!)
13:46:41 [STASH_COMPACT] §f                §3§l>>> §3§lCLICK HERE§b to pick them up! §3§l<<<
13:46:41 [STASH_COMPACT]   
13:47:41 [STASH_COMPACT] §f                 §7You have §3771 §7materials stashed away!
13:47:41 [STASH_COMPACT] §f              §8(This totals 4 types of materials stashed!)
13:47:41 [STASH_COMPACT] §f                §3§l>>> §3§lCLICK HERE§b to pick them up! §3§l<<<
13:47:41 [STASH_COMPACT]   
13:48:42 [STASH_COMPACT] §f                 §7You have §3771 §7materials stashed away!
13:48:42 [STASH_COMPACT] §f              §8(This totals 4 types of materials stashed!)
13:48:42 [STASH_COMPACT] §f                §3§l>>> §3§lCLICK HERE§b to pick them up! §3§l<<<
13:48:42 [STASH_COMPACT]   
13:49:38 [STASH_COMPACT] §f                 §7You have §3771 §7materials stashed away!
13:49:38 [STASH_COMPACT] §f              §8(This totals 4 types of materials stashed!)
13:49:38 [STASH_COMPACT] §f                §3§l>>> §3§lCLICK HERE§b to pick them up! §3§l<<<
13:49:38 [STASH_COMPACT]   
13:50:07 [STASH_COMPACT] §f                 §7You have §3771 §7materials stashed away!
13:50:07 [STASH_COMPACT] §f              §8(This totals 4 types of materials stashed!)
13:50:07 [STASH_COMPACT] §f                §3§l>>> §3§lCLICK HERE§b to pick them up! §3§l<<<
13:50:07 [STASH_COMPACT]   
13:51:07 [STASH_COMPACT] §f                 §7You have §3771 §7materials stashed away!
13:51:07 [STASH_COMPACT] §f              §8(This totals 4 types of materials stashed!)
13:51:07 [STASH_COMPACT] §f                §3§l>>> §3§lCLICK HERE§b to pick them up! §3§l<<<
13:51:07 [STASH_COMPACT]   
13:52:08 [STASH_COMPACT] §f                 §7You have §3771 §7materials stashed away!
13:52:08 [STASH_COMPACT] §f              §8(This totals 4 types of materials stashed!)
13:52:08 [STASH_COMPACT] §f                §3§l>>> §3§lCLICK HERE§b to pick them up! §3§l<<<
13:52:08 [STASH_COMPACT]   
13:53:09 [STASH_COMPACT] §f                 §7You have §3771 §7materials stashed away!
13:53:09 [STASH_COMPACT] §f              §8(This totals 4 types of materials stashed!)
13:53:09 [STASH_COMPACT] §f                §3§l>>> §3§lCLICK HERE§b to pick them up! §3§l<<<
13:53:09 [STASH_COMPACT]   
13:54:09 [STASH_COMPACT] §f                 §7You have §3771 §7materials stashed away!
13:54:09 [STASH_COMPACT] §f              §8(This totals 4 types of materials stashed!)
13:54:09 [STASH_COMPACT] §f                §3§l>>> §3§lCLICK HERE§b to pick them up! §3§l<<<
13:54:09 [STASH_COMPACT]   
13:55:09 [STASH_COMPACT] §f                 §7You have §3771 §7materials stashed away!
13:55:09 [STASH_COMPACT] §f              §8(This totals 4 types of materials stashed!)
13:55:09 [STASH_COMPACT] §f                §3§l>>> §3§lCLICK HERE§b to pick them up! §3§l<<<
13:55:09 [STASH_COMPACT]   
13:56:10 [STASH_COMPACT] §f                 §7You have §3771 §7materials stashed away!
13:56:10 [STASH_COMPACT] §f              §8(This totals 4 types of materials stashed!)
13:56:10 [STASH_COMPACT] §f                §3§l>>> §3§lCLICK HERE§b to pick them up! §3§l<<<
13:56:10 [STASH_COMPACT]   
13:57:10 [STASH_COMPACT] §f                 §7You have §3771 §7materials stashed away!
13:57:10 [STASH_COMPACT] §f              §8(This totals 4 types of materials stashed!)
13:57:10 [STASH_COMPACT] §f                §3§l>>> §3§lCLICK HERE§b to pick them up! §3§l<<<
13:57:10 [STASH_COMPACT]   
13:58:09 [STASH_COMPACT] §f                 §7You have §3771 §7materials stashed away!
13:58:09 [STASH_COMPACT] §f              §8(This totals 4 types of materials stashed!)
13:58:09 [STASH_COMPACT] §f                §3§l>>> §3§lCLICK HERE§b to pick them up! §3§l<<<
13:58:09 [STASH_COMPACT]   
13:58:10 [STASH_COMPACT] §f                 §7You have §3771 §7materials stashed away!
13:58:10 [STASH_COMPACT] §f              §8(This totals 4 types of materials stashed!)
13:58:10 [STASH_COMPACT] §f                §3§l>>> §3§lCLICK HERE§b to pick them up! §3§l<<<
13:58:10 [STASH_COMPACT]   
13:58:17 [STASH_COMPACT] §f                 §7You have §3771 §7materials stashed away!
13:58:17 [STASH_COMPACT] §f              §8(This totals 4 types of materials stashed!)
13:58:17 [STASH_COMPACT] §f                §3§l>>> §3§lCLICK HERE§b to pick them up! §3§l<<<
13:58:17 [STASH_COMPACT]   
13:58:18 [STASH_COMPACT] §f                 §7You have §3771 §7materials stashed away!
13:58:18 [STASH_COMPACT] §f              §8(This totals 4 types of materials stashed!)
13:58:18 [STASH_COMPACT] §f                §3§l>>> §3§lCLICK HERE§b to pick them up! §3§l<<<
13:58:18 [STASH_COMPACT]   
13:58:24 [STASH_COMPACT] §f                 §7You have §3771 §7materials stashed away!
13:58:24 [STASH_COMPACT] §f              §8(This totals 4 types of materials stashed!)
13:58:24 [STASH_COMPACT] §f                §3§l>>> §3§lCLICK HERE§b to pick them up! §3§l<<<
13:58:24 [STASH_COMPACT]   
13:59:19 [STASH_COMPACT] §f                 §7You have §3771 §7materials stashed away!
13:59:19 [STASH_COMPACT] §f              §8(This totals 4 types of materials stashed!)
13:59:19 [STASH_COMPACT] §f                §3§l>>> §3§lCLICK HERE§b to pick them up! §3§l<<<
13:59:19 [STASH_COMPACT]   
13:59:39 [STASH_COMPACT] §f                 §7You have §3771 §7materials stashed away!
13:59:39 [STASH_COMPACT] §f              §8(This totals 4 types of materials stashed!)
13:59:39 [STASH_COMPACT] §f                §3§l>>> §3§lCLICK HERE§b to pick them up! §3§l<<<
13:59:39 [STASH_COMPACT]   
13:59:40 [STASH_COMPACT] §f                 §7You have §3771 §7materials stashed away!
13:59:40 [STASH_COMPACT] §f              §8(This totals 4 types of materials stashed!)
13:59:40 [STASH_COMPACT] §f                §3§l>>> §3§lCLICK HERE§b to pick them up! §3§l<<<
13:59:40 [STASH_COMPACT]   
14:00:40 [STASH_COMPACT] §f                 §7You have §3771 §7materials stashed away!
14:00:40 [STASH_COMPACT] §f              §8(This totals 4 types of materials stashed!)
14:00:40 [STASH_COMPACT] §f                §3§l>>> §3§lCLICK HERE§b to pick them up! §3§l<<<
14:00:40 [STASH_COMPACT]   
14:01:41 [STASH_COMPACT] §f                 §7You have §3771 §7materials stashed away!
14:01:41 [STASH_COMPACT] §f              §8(This totals 4 types of materials stashed!)
14:01:41 [STASH_COMPACT] §f                §3§l>>> §3§lCLICK HERE§b to pick them up! §3§l<<<
14:01:41 [STASH_COMPACT]   
14:02:00 [STASH_COMPACT] §f                 §7You have §3771 §7materials stashed away!
14:02:00 [STASH_COMPACT] §f              §8(This totals 4 types of materials stashed!)
14:02:00 [STASH_COMPACT] §f                §3§l>>> §3§lCLICK HERE§b to pick them up! §3§l<<<
14:02:00 [STASH_COMPACT]   
14:02:07 [STASH_COMPACT] §f                 §7You have §3771 §7materials stashed away!
14:02:07 [STASH_COMPACT] §f              §8(This totals 4 types of materials stashed!)
14:02:07 [STASH_COMPACT] §f                §3§l>>> §3§lCLICK HERE§b to pick them up! §3§l<<<
14:02:07 [STASH_COMPACT]   
14:02:07 [STASH_COMPACT] §f                 §7You have §3771 §7materials stashed away!
14:02:07 [STASH_COMPACT] §f              §8(This totals 4 types of materials stashed!)
14:02:07 [STASH_COMPACT] §f                §3§l>>> §3§lCLICK HERE§b to pick them up! §3§l<<<
14:02:07 [STASH_COMPACT]   
14:03:07 [STASH_COMPACT] §f                 §7You have §3771 §7materials stashed away!
14:03:07 [STASH_COMPACT] §f              §8(This totals 4 types of materials stashed!)
14:03:07 [STASH_COMPACT] §f                §3§l>>> §3§lCLICK HERE§b to pick them up! §3§l<<<
14:03:07 [STASH_COMPACT]   
14:04:09 [STASH_COMPACT] §f                 §7You have §3771 §7materials stashed away!
14:04:09 [STASH_COMPACT] §f              §8(This totals 4 types of materials stashed!)
14:04:09 [STASH_COMPACT] §f                §3§l>>> §3§lCLICK HERE§b to pick them up! §3§l<<<
14:04:09 [STASH_COMPACT]   
14:05:09 [STASH_COMPACT] §f                 §7You have §3771 §7materials stashed away!
14:05:09 [STASH_COMPACT] §f              §8(This totals 4 types of materials stashed!)
14:05:09 [STASH_COMPACT] §f                §3§l>>> §3§lCLICK HERE§b to pick them up! §3§l<<<
14:05:09 [STASH_COMPACT]   
14:06:09 [STASH_COMPACT] §f                 §7You have §3771 §7materials stashed away!
14:06:09 [STASH_COMPACT] §f              §8(This totals 4 types of materials stashed!)
14:06:09 [STASH_COMPACT] §f                §3§l>>> §3§lCLICK HERE§b to pick them up! §3§l<<<
14:06:09 [STASH_COMPACT]   
14:07:09 [STASH_COMPACT] §f                 §7You have §3771 §7materials stashed away!
14:07:09 [STASH_COMPACT] §f              §8(This totals 4 types of materials stashed!)
14:07:09 [STASH_COMPACT] §f                §3§l>>> §3§lCLICK HERE§b to pick them up! §3§l<<<
14:07:09 [STASH_COMPACT]   
14:08:11 [STASH_COMPACT] §f                 §7You have §3771 §7materials stashed away!
14:08:11 [STASH_COMPACT] §f              §8(This totals 4 types of materials stashed!)
14:08:11 [STASH_COMPACT] §f                §3§l>>> §3§lCLICK HERE§b to pick them up! §3§l<<<
14:08:11 [STASH_COMPACT]   
14:08:16 [BESTIARY] §f                                  §6§lBESTIARY
14:08:16 [BESTIARY] §f                              §b§lUndead §7§8X §8➡§b §bXI
14:08:16 [BESTIARY] 
14:08:16 [BESTIARY] §f                                  §r§6§lREWARDS
14:08:16 [BESTIARY] §f                         §r§8+§r§a4 §r§4§lUndead §r§b✯ Magic Find
14:08:16 [BESTIARY] §f                         §r§8+§r§a4 §r§4§lUndead §r§c❁ Strength
14:08:16 [BESTIARY] §f                             §r§8+§r§62% §r§a§r§4§lUndead §r§7coins
14:08:16 [BESTIARY] §f                    §r§8+§r§a50% §r§7chance for extra XP orbs
14:08:16 [BESTIARY] §f                               §r§8+§r§b1 SkyBlock XP
14:08:16 [BESTIARY] 
14:08:16 [BESTIARY] §3§l▬▬▬▬▬▬▬▬▬▬▬▬▬▬▬▬▬▬▬▬▬▬▬▬▬▬▬▬▬▬▬▬▬▬▬▬▬▬▬▬▬▬▬▬▬▬▬▬▬▬▬▬▬▬▬▬▬▬▬▬▬▬▬▬
14:09:12 [STASH_COMPACT] §f                 §7You have §3771 §7materials stashed away!
14:09:12 [STASH_COMPACT] §f              §8(This totals 4 types of materials stashed!)
14:09:12 [STASH_COMPACT] §f                §3§l>>> §3§lCLICK HERE§b to pick them up! §3§l<<<
14:09:12 [STASH_COMPACT]   
14:10:14 [STASH_COMPACT] §f                 §7You have §3771 §7materials stashed away!
14:10:14 [STASH_COMPACT] §f              §8(This totals 4 types of materials stashed!)
14:10:14 [STASH_COMPACT] §f                §3§l>>> §3§lCLICK HERE§b to pick them up! §3§l<<<
14:10:14 [STASH_COMPACT]   
14:11:14 [STASH_COMPACT] §f                 §7You have §3771 §7materials stashed away!
14:11:14 [STASH_COMPACT] §f              §8(This totals 4 types of materials stashed!)
14:11:14 [STASH_COMPACT] §f                §3§l>>> §3§lCLICK HERE§b to pick them up! §3§l<<<
14:11:14 [STASH_COMPACT]   
14:11:23 [STASH_COMPACT] §f                 §7You have §3771 §7materials stashed away!
14:11:23 [STASH_COMPACT] §f              §8(This totals 4 types of materials stashed!)
14:11:23 [STASH_COMPACT] §f                §3§l>>> §3§lCLICK HERE§b to pick them up! §3§l<<<
14:11:23 [STASH_COMPACT]   
14:11:50 [STASH_COMPACT] §f                 §7You have §3771 §7materials stashed away!
14:11:50 [STASH_COMPACT] §f              §8(This totals 4 types of materials stashed!)
14:11:50 [STASH_COMPACT] §f                §3§l>>> §3§lCLICK HERE§b to pick them up! §3§l<<<
14:11:50 [STASH_COMPACT]   
14:11:50 [STASH_COMPACT] §f                 §7You have §3771 §7materials stashed away!
14:11:50 [STASH_COMPACT] §f              §8(This totals 4 types of materials stashed!)
14:11:50 [STASH_COMPACT] §f                §3§l>>> §3§lCLICK HERE§b to pick them up! §3§l<<<
14:11:50 [STASH_COMPACT]   
14:12:06 [BESTIARY] §f                                  §6§lBESTIARY
14:12:06 [BESTIARY] §f                     §b§lSkeleton Master §7§8XIII §8➡§b §bXIV
14:12:06 [BESTIARY] 
14:12:06 [BESTIARY] §f                                  §r§6§lREWARDS
14:12:06 [BESTIARY] §f                    §r§8+§r§a4 Skeleton Master §r§b✯ Magic Find
14:12:06 [BESTIARY] §f                     §r§8+§r§a4 Skeleton Master §r§c❁ Strength
14:12:06 [BESTIARY] §f                        §r§8+§r§62% §r§aSkeleton Master §r§7coins
14:12:06 [BESTIARY] §f                    §r§8+§r§a50% §r§7chance for extra XP orbs
14:12:06 [BESTIARY] §f                               §r§8+§r§b1 SkyBlock XP
14:12:06 [BESTIARY] 
14:12:06 [BESTIARY] §3§l▬▬▬▬▬▬▬▬▬▬▬▬▬▬▬▬▬▬▬▬▬▬▬▬▬▬▬▬▬▬▬▬▬▬▬▬▬▬▬▬▬▬▬▬▬▬▬▬▬▬▬▬▬▬▬▬▬▬▬▬▬▬▬▬
14:12:50 [STASH_COMPACT] §f                 §7You have §3771 §7materials stashed away!
14:12:50 [STASH_COMPACT] §f              §8(This totals 4 types of materials stashed!)
14:12:50 [STASH_COMPACT] §f                §3§l>>> §3§lCLICK HERE§b to pick them up! §3§l<<<
14:12:50 [STASH_COMPACT]   
14:13:50 [STASH_COMPACT] §f                 §7You have §3771 §7materials stashed away!
14:13:50 [STASH_COMPACT] §f              §8(This totals 4 types of materials stashed!)
14:13:50 [STASH_COMPACT] §f                §3§l>>> §3§lCLICK HERE§b to pick them up! §3§l<<<
14:13:50 [STASH_COMPACT]   
14:14:52 [STASH_COMPACT] §f                 §7You have §3771 §7materials stashed away!
14:14:52 [STASH_COMPACT] §f              §8(This totals 4 types of materials stashed!)
14:14:52 [STASH_COMPACT] §f                §3§l>>> §3§lCLICK HERE§b to pick them up! §3§l<<<
14:14:52 [STASH_COMPACT]   
14:15:52 [STASH_COMPACT] §f                 §7You have §3771 §7materials stashed away!
14:15:52 [STASH_COMPACT] §f              §8(This totals 4 types of materials stashed!)
14:15:52 [STASH_COMPACT] §f                §3§l>>> §3§lCLICK HERE§b to pick them up! §3§l<<<
14:15:52 [STASH_COMPACT]   
14:16:54 [STASH_COMPACT] §f                 §7You have §3771 §7materials stashed away!
14:16:54 [STASH_COMPACT] §f              §8(This totals 4 types of materials stashed!)
14:16:54 [STASH_COMPACT] §f                §3§l>>> §3§lCLICK HERE§b to pick them up! §3§l<<<
14:16:54 [STASH_COMPACT]   
14:17:54 [STASH_COMPACT] §f                 §7You have §3771 §7materials stashed away!
14:17:54 [STASH_COMPACT] §f              §8(This totals 4 types of materials stashed!)
14:17:54 [STASH_COMPACT] §f                §3§l>>> §3§lCLICK HERE§b to pick them up! §3§l<<<
14:17:54 [STASH_COMPACT]   
14:18:55 [STASH_COMPACT] §f                 §7You have §3771 §7materials stashed away!
14:18:55 [STASH_COMPACT] §f              §8(This totals 4 types of materials stashed!)
14:18:55 [STASH_COMPACT] §f                §3§l>>> §3§lCLICK HERE§b to pick them up! §3§l<<<
14:18:55 [STASH_COMPACT]   
14:19:55 [STASH_COMPACT] §f                 §7You have §3771 §7materials stashed away!
14:19:55 [STASH_COMPACT] §f              §8(This totals 4 types of materials stashed!)
14:19:55 [STASH_COMPACT] §f                §3§l>>> §3§lCLICK HERE§b to pick them up! §3§l<<<
14:19:55 [STASH_COMPACT]   
14:20:07 [STASH_COMPACT] §f                 §7You have §3771 §7materials stashed away!
14:20:07 [STASH_COMPACT] §f              §8(This totals 4 types of materials stashed!)
14:20:07 [STASH_COMPACT] §f                §3§l>>> §3§lCLICK HERE§b to pick them up! §3§l<<<
14:20:07 [STASH_COMPACT]   
14:20:09 [STASH_COMPACT] §f                 §7You have §3771 §7materials stashed away!
14:20:09 [STASH_COMPACT] §f              §8(This totals 4 types of materials stashed!)
14:20:09 [STASH_COMPACT] §f                §3§l>>> §3§lCLICK HERE§b to pick them up! §3§l<<<
14:20:09 [STASH_COMPACT]   
14:20:23 [STASH_COMPACT] §f                 §7You have §3771 §7materials stashed away!
14:20:23 [STASH_COMPACT] §f              §8(This totals 4 types of materials stashed!)
14:20:23 [STASH_COMPACT] §f                §3§l>>> §3§lCLICK HERE§b to pick them up! §3§l<<<
14:20:23 [STASH_COMPACT]   
14:20:24 [STASH_COMPACT] §f                 §7You have §3771 §7materials stashed away!
14:20:24 [STASH_COMPACT] §f              §8(This totals 4 types of materials stashed!)
14:20:24 [STASH_COMPACT] §f                §3§l>>> §3§lCLICK HERE§b to pick them up! §3§l<<<
14:20:24 [STASH_COMPACT]   
14:21:25 [STASH_COMPACT] §f                 §7You have §3771 §7materials stashed away!
14:21:25 [STASH_COMPACT] §f              §8(This totals 4 types of materials stashed!)
14:21:25 [STASH_COMPACT] §f                §3§l>>> §3§lCLICK HERE§b to pick them up! §3§l<<<
14:21:25 [STASH_COMPACT]   
14:22:27 [STASH_COMPACT] §f                 §7You have §3771 §7materials stashed away!
14:22:27 [STASH_COMPACT] §f              §8(This totals 4 types of materials stashed!)
14:22:27 [STASH_COMPACT] §f                §3§l>>> §3§lCLICK HERE§b to pick them up! §3§l<<<
14:22:27 [STASH_COMPACT]   
14:23:28 [STASH_COMPACT] §f                 §7You have §3771 §7materials stashed away!
14:23:28 [STASH_COMPACT] §f              §8(This totals 4 types of materials stashed!)
14:23:28 [STASH_COMPACT] §f                §3§l>>> §3§lCLICK HERE§b to pick them up! §3§l<<<
14:23:28 [STASH_COMPACT]   
14:24:29 [STASH_COMPACT] §f                 §7You have §3771 §7materials stashed away!
14:24:29 [STASH_COMPACT] §f              §8(This totals 4 types of materials stashed!)
14:24:29 [STASH_COMPACT] §f                §3§l>>> §3§lCLICK HERE§b to pick them up! §3§l<<<
14:24:29 [STASH_COMPACT]   
14:25:30 [STASH_COMPACT] §f                 §7You have §3771 §7materials stashed away!
14:25:30 [STASH_COMPACT] §f              §8(This totals 4 types of materials stashed!)
14:25:30 [STASH_COMPACT] §f                §3§l>>> §3§lCLICK HERE§b to pick them up! §3§l<<<
14:25:30 [STASH_COMPACT]   
14:26:31 [STASH_COMPACT] §f                 §7You have §3771 §7materials stashed away!
14:26:31 [STASH_COMPACT] §f              §8(This totals 4 types of materials stashed!)
14:26:31 [STASH_COMPACT] §f                §3§l>>> §3§lCLICK HERE§b to pick them up! §3§l<<<
14:26:31 [STASH_COMPACT]   
14:27:31 [STASH_COMPACT] §f                 §7You have §3771 §7materials stashed away!
14:27:31 [STASH_COMPACT] §f              §8(This totals 4 types of materials stashed!)
14:27:31 [STASH_COMPACT] §f                §3§l>>> §3§lCLICK HERE§b to pick them up! §3§l<<<
14:27:31 [STASH_COMPACT]   
14:28:32 [STASH_COMPACT] §f                 §7You have §3771 §7materials stashed away!
14:28:32 [STASH_COMPACT] §f              §8(This totals 4 types of materials stashed!)
14:28:32 [STASH_COMPACT] §f                §3§l>>> §3§lCLICK HERE§b to pick them up! §3§l<<<
14:28:32 [STASH_COMPACT]   
14:28:33 [STASH_COMPACT] §f                 §7You have §3771 §7materials stashed away!
14:28:33 [STASH_COMPACT] §f              §8(This totals 4 types of materials stashed!)
14:28:33 [STASH_COMPACT] §f                §3§l>>> §3§lCLICK HERE§b to pick them up! §3§l<<<
14:28:33 [STASH_COMPACT]   
14:29:34 [STASH_COMPACT] §f                 §7You have §3771 §7materials stashed away!
14:29:34 [STASH_COMPACT] §f              §8(This totals 4 types of materials stashed!)
14:29:34 [STASH_COMPACT] §f                §3§l>>> §3§lCLICK HERE§b to pick them up! §3§l<<<
14:29:34 [STASH_COMPACT]   
14:30:03 [STASH_COMPACT] §f                 §7You have §3771 §7materials stashed away!
14:30:03 [STASH_COMPACT] §f              §8(This totals 4 types of materials stashed!)
14:30:03 [STASH_COMPACT] §f                §3§l>>> §3§lCLICK HERE§b to pick them up! §3§l<<<
14:30:03 [STASH_COMPACT]   
14:30:04 [STASH_COMPACT] §f                 §7You have §3771 §7materials stashed away!
14:30:04 [STASH_COMPACT] §f              §8(This totals 4 types of materials stashed!)
14:30:04 [STASH_COMPACT] §f                §3§l>>> §3§lCLICK HERE§b to pick them up! §3§l<<<
14:30:04 [STASH_COMPACT]   
14:30:12 [COMPACT_POTION_EFFECT] §a§lBUFF! §fYou have gained §r§4Regeneration III§r§f! Press TAB or type /effects to view your active effects!
14:30:12 [COMPACT_POTION_EFFECT] §a§lBUFF! §fYou have gained §r§4Strength IV§r§f! Press TAB or type /effects to view your active effects!
14:30:12 [COMPACT_POTION_EFFECT] §a§lBUFF! §fYou have gained §r§4Critical III§r§f! Press TAB or type /effects to view your active effects!
14:30:12 [COMPACT_POTION_EFFECT] §a§lBUFF! §fYou have gained §r§9Speed III§r§f! Press TAB or type /effects to view your active effects!
14:30:12 [COMPACT_POTION_EFFECT] §a§lBUFF! §fYou have gained §r§aResistance IV§r§f! Press TAB or type /effects to view your active effects!
14:30:12 [COMPACT_POTION_EFFECT] §a§lBUFF! §fYou have gained §r§bArchery II§r§f! Press TAB or type /effects to view your active effects!
14:31:05 [STASH_COMPACT] §f                 §7You have §3771 §7materials stashed away!
14:31:05 [STASH_COMPACT] §f              §8(This totals 4 types of materials stashed!)
14:31:05 [STASH_COMPACT] §f                §3§l>>> §3§lCLICK HERE§b to pick them up! §3§l<<<
14:31:05 [STASH_COMPACT]   
14:32:08 [STASH_COMPACT] §f                 §7You have §3771 §7materials stashed away!
14:32:08 [STASH_COMPACT] §f              §8(This totals 4 types of materials stashed!)
14:32:08 [STASH_COMPACT] §f                §3§l>>> §3§lCLICK HERE§b to pick them up! §3§l<<<
14:32:08 [STASH_COMPACT]   
14:33:10 [STASH_COMPACT] §f                 §7You have §3771 §7materials stashed away!
14:33:10 [STASH_COMPACT] §f              §8(This totals 4 types of materials stashed!)
14:33:10 [STASH_COMPACT] §f                §3§l>>> §3§lCLICK HERE§b to pick them up! §3§l<<<
14:33:10 [STASH_COMPACT]   
14:33:58 [BESTIARY] §f                                  §6§lBESTIARY
14:33:58 [BESTIARY] §f                     §b§lCrypt Souleater §7§8XIII §8➡§b §bXIV
14:33:58 [BESTIARY] 
14:33:58 [BESTIARY] §f                                  §r§6§lREWARDS
14:33:58 [BESTIARY] §f                    §r§8+§r§a4 Crypt Souleater §r§b✯ Magic Find
14:33:58 [BESTIARY] §f                     §r§8+§r§a4 Crypt Souleater §r§c❁ Strength
14:33:58 [BESTIARY] §f                        §r§8+§r§62% §r§aCrypt Souleater §r§7coins
14:33:58 [BESTIARY] §f                    §r§8+§r§a50% §r§7chance for extra XP orbs
14:33:58 [BESTIARY] §f                               §r§8+§r§b1 SkyBlock XP
14:33:58 [BESTIARY] 
14:33:58 [BESTIARY] §3§l▬▬▬▬▬▬▬▬▬▬▬▬▬▬▬▬▬▬▬▬▬▬▬▬▬▬▬▬▬▬▬▬▬▬▬▬▬▬▬▬▬▬▬▬▬▬▬▬▬▬▬▬▬▬▬▬▬▬▬▬▬▬▬▬
14:34:11 [STASH_COMPACT] §f                 §7You have §3771 §7materials stashed away!
14:34:11 [STASH_COMPACT] §f              §8(This totals 4 types of materials stashed!)
14:34:11 [STASH_COMPACT] §f                §3§l>>> §3§lCLICK HERE§b to pick them up! §3§l<<<
14:34:11 [STASH_COMPACT]   
14:35:13 [STASH_COMPACT] §f                 §7You have §3771 §7materials stashed away!
14:35:13 [STASH_COMPACT] §f              §8(This totals 4 types of materials stashed!)
14:35:13 [STASH_COMPACT] §f                §3§l>>> §3§lCLICK HERE§b to pick them up! §3§l<<<
14:35:13 [STASH_COMPACT]   
14:36:14 [STASH_COMPACT] §f                 §7You have §3771 §7materials stashed away!
14:36:14 [STASH_COMPACT] §f              §8(This totals 4 types of materials stashed!)
14:36:14 [STASH_COMPACT] §f                §3§l>>> §3§lCLICK HERE§b to pick them up! §3§l<<<
14:36:14 [STASH_COMPACT]   
14:37:14 [STASH_COMPACT] §f                 §7You have §3771 §7materials stashed away!
14:37:14 [STASH_COMPACT] §f              §8(This totals 4 types of materials stashed!)
14:37:14 [STASH_COMPACT] §f                §3§l>>> §3§lCLICK HERE§b to pick them up! §3§l<<<
14:37:14 [STASH_COMPACT]   
14:38:16 [STASH_COMPACT] §f                 §7You have §3771 §7materials stashed away!
14:38:16 [STASH_COMPACT] §f              §8(This totals 4 types of materials stashed!)
14:38:16 [STASH_COMPACT] §f                §3§l>>> §3§lCLICK HERE§b to pick them up! §3§l<<<
14:38:16 [STASH_COMPACT]   
14:38:24 [STASH_COMPACT] §f                 §7You have §3771 §7materials stashed away!
14:38:24 [STASH_COMPACT] §f              §8(This totals 4 types of materials stashed!)
14:38:24 [STASH_COMPACT] §f                §3§l>>> §3§lCLICK HERE§b to pick them up! §3§l<<<
14:38:24 [STASH_COMPACT]   
14:38:30 [STASH_COMPACT] §f                 §7You have §3771 §7materials stashed away!
14:38:30 [STASH_COMPACT] §f              §8(This totals 4 types of materials stashed!)
14:38:30 [STASH_COMPACT] §f                §3§l>>> §3§lCLICK HERE§b to pick them up! §3§l<<<
14:38:30 [STASH_COMPACT]   
14:39:30 [STASH_COMPACT] §f                 §7You have §3771 §7materials stashed away!
14:39:30 [STASH_COMPACT] §f              §8(This totals 4 types of materials stashed!)
14:39:30 [STASH_COMPACT] §f                §3§l>>> §3§lCLICK HERE§b to pick them up! §3§l<<<
14:39:30 [STASH_COMPACT]   
14:39:51 [STASH_COMPACT] §f                 §7You have §3771 §7materials stashed away!
14:39:51 [STASH_COMPACT] §f              §8(This totals 4 types of materials stashed!)
14:39:51 [STASH_COMPACT] §f                §3§l>>> §3§lCLICK HERE§b to pick them up! §3§l<<<
14:39:51 [STASH_COMPACT]   
14:39:51 [STASH_COMPACT] §f                 §7You have §3771 §7materials stashed away!
14:39:51 [STASH_COMPACT] §f              §8(This totals 4 types of materials stashed!)
14:39:51 [STASH_COMPACT] §f                §3§l>>> §3§lCLICK HERE§b to pick them up! §3§l<<<
14:39:51 [STASH_COMPACT]   
14:40:51 [STASH_COMPACT] §f                 §7You have §3771 §7materials stashed away!
14:40:51 [STASH_COMPACT] §f              §8(This totals 4 types of materials stashed!)
14:40:51 [STASH_COMPACT] §f                §3§l>>> §3§lCLICK HERE§b to pick them up! §3§l<<<
14:40:51 [STASH_COMPACT]   
14:41:52 [STASH_COMPACT] §f                 §7You have §3771 §7materials stashed away!
14:41:52 [STASH_COMPACT] §f              §8(This totals 4 types of materials stashed!)
14:41:52 [STASH_COMPACT] §f                §3§l>>> §3§lCLICK HERE§b to pick them up! §3§l<<<
14:41:52 [STASH_COMPACT]   
14:42:18 [BESTIARY] §f                                  §6§lBESTIARY
14:42:18 [BESTIARY] §f                          §b§lSkeletor §7§8XVII §8➡§b §bXVIII
14:42:18 [BESTIARY] 
14:42:18 [BESTIARY] §f                                  §r§6§lREWARDS
14:42:18 [BESTIARY] §f                         §r§8+§r§a5 Skeletor §r§b✯ Magic Find
14:42:18 [BESTIARY] §f                         §r§8+§r§a5 Skeletor §r§c❁ Strength
14:42:18 [BESTIARY] §f                             §r§8+§r§62% §r§aSkeletor §r§7coins
14:42:18 [BESTIARY] §f                    §r§8+§r§a50% §r§7chance for extra XP orbs
14:42:18 [BESTIARY] §f                               §r§8+§r§b1 SkyBlock XP
14:42:18 [BESTIARY] 
14:42:18 [BESTIARY]   §r§f                         §6§lBESTIARY MILESTONE
14:42:18 [BESTIARY]   §r§f                                   §8CII➡§eCIII
14:42:18 [BESTIARY] 
14:42:18 [BESTIARY] §3§l▬▬▬▬▬▬▬▬▬▬▬▬▬▬▬▬▬▬▬▬▬▬▬▬▬▬▬▬▬▬▬▬▬▬▬▬▬▬▬▬▬▬▬▬▬▬▬▬▬▬▬▬▬▬▬▬▬▬▬▬▬▬▬▬
14:42:53 [STASH_COMPACT] §f                 §7You have §3771 §7materials stashed away!
14:42:53 [STASH_COMPACT] §f              §8(This totals 4 types of materials stashed!)
14:42:53 [STASH_COMPACT] §f                §3§l>>> §3§lCLICK HERE§b to pick them up! §3§l<<<
14:42:53 [STASH_COMPACT]   
14:43:53 [STASH_COMPACT] §f                 §7You have §3771 §7materials stashed away!
14:43:53 [STASH_COMPACT] §f              §8(This totals 4 types of materials stashed!)
14:43:53 [STASH_COMPACT] §f                §3§l>>> §3§lCLICK HERE§b to pick them up! §3§l<<<
14:43:53 [STASH_COMPACT]   
14:44:53 [STASH_COMPACT] §f                 §7You have §3771 §7materials stashed away!
14:44:53 [STASH_COMPACT] §f              §8(This totals 4 types of materials stashed!)
14:44:53 [STASH_COMPACT] §f                §3§l>>> §3§lCLICK HERE§b to pick them up! §3§l<<<
14:44:53 [STASH_COMPACT]   
14:45:54 [STASH_COMPACT] §f                 §7You have §3771 §7materials stashed away!
14:45:54 [STASH_COMPACT] §f              §8(This totals 4 types of materials stashed!)
14:45:54 [STASH_COMPACT] §f                §3§l>>> §3§lCLICK HERE§b to pick them up! §3§l<<<
14:45:54 [STASH_COMPACT]   
14:46:22 [STASH_COMPACT] §f                 §7You have §3771 §7materials stashed away!
14:46:22 [STASH_COMPACT] §f              §8(This totals 4 types of materials stashed!)
14:46:22 [STASH_COMPACT] §f                §3§l>>> §3§lCLICK HERE§b to pick them up! §3§l<<<
14:46:22 [STASH_COMPACT]   
14:46:33 [STASH_COMPACT] §f                 §7You have §3771 §7materials stashed away!
14:46:33 [STASH_COMPACT] §f              §8(This totals 4 types of materials stashed!)
14:46:33 [STASH_COMPACT] §f                §3§l>>> §3§lCLICK HERE§b to pick them up! §3§l<<<
14:46:33 [STASH_COMPACT]   
14:47:33 [STASH_COMPACT] §f                 §7You have §3771 §7materials stashed away!
14:47:33 [STASH_COMPACT] §f              §8(This totals 4 types of materials stashed!)
14:47:33 [STASH_COMPACT] §f                §3§l>>> §3§lCLICK HERE§b to pick them up! §3§l<<<
14:47:33 [STASH_COMPACT]   
14:47:42 [STASH_COMPACT] §f                 §7You have §3771 §7materials stashed away!
14:47:42 [STASH_COMPACT] §f              §8(This totals 4 types of materials stashed!)
14:47:42 [STASH_COMPACT] §f                §3§l>>> §3§lCLICK HERE§b to pick them up! §3§l<<<
14:47:42 [STASH_COMPACT]   
14:47:43 [STASH_COMPACT] §f                 §7You have §3771 §7materials stashed away!
14:47:43 [STASH_COMPACT] §f              §8(This totals 4 types of materials stashed!)
14:47:43 [STASH_COMPACT] §f                §3§l>>> §3§lCLICK HERE§b to pick them up! §3§l<<<
14:47:43 [STASH_COMPACT]   
14:47:46 [COMPACT_POTION_EFFECT] §a§lBUFF! §fYou have gained §r§4Regeneration III§r§f! Press TAB or type /effects to view your active effects!
14:47:46 [COMPACT_POTION_EFFECT] §a§lBUFF! §fYou have gained §r§4Strength IV§r§f! Press TAB or type /effects to view your active effects!
14:47:46 [COMPACT_POTION_EFFECT] §a§lBUFF! §fYou have gained §r§4Critical III§r§f! Press TAB or type /effects to view your active effects!
14:47:46 [COMPACT_POTION_EFFECT] §a§lBUFF! §fYou have gained §r§9Speed III§r§f! Press TAB or type /effects to view your active effects!
14:47:46 [COMPACT_POTION_EFFECT] §a§lBUFF! §fYou have gained §r§aResistance IV§r§f! Press TAB or type /effects to view your active effects!
14:47:46 [COMPACT_POTION_EFFECT] §a§lBUFF! §fYou have gained §r§bArchery II§r§f! Press TAB or type /effects to view your active effects!
14:48:43 [STASH_COMPACT] §f                 §7You have §3771 §7materials stashed away!
14:48:43 [STASH_COMPACT] §f              §8(This totals 4 types of materials stashed!)
14:48:43 [STASH_COMPACT] §f                §3§l>>> §3§lCLICK HERE§b to pick them up! §3§l<<<
14:48:43 [STASH_COMPACT]   
14:49:43 [STASH_COMPACT] §f                 §7You have §3771 §7materials stashed away!
14:49:43 [STASH_COMPACT] §f              §8(This totals 4 types of materials stashed!)
14:49:43 [STASH_COMPACT] §f                §3§l>>> §3§lCLICK HERE§b to pick them up! §3§l<<<
14:49:43 [STASH_COMPACT]   
14:50:45 [STASH_COMPACT] §f                 §7You have §3771 §7materials stashed away!
14:50:45 [STASH_COMPACT] §f              §8(This totals 4 types of materials stashed!)
14:50:45 [STASH_COMPACT] §f                §3§l>>> §3§lCLICK HERE§b to pick them up! §3§l<<<
14:50:45 [STASH_COMPACT]   
14:51:45 [STASH_COMPACT] §f                 §7You have §3771 §7materials stashed away!
14:51:45 [STASH_COMPACT] §f              §8(This totals 4 types of materials stashed!)
14:51:45 [STASH_COMPACT] §f                §3§l>>> §3§lCLICK HERE§b to pick them up! §3§l<<<
14:51:45 [STASH_COMPACT]   
14:51:58 [BESTIARY] §f                                  §6§lBESTIARY
14:51:58 [BESTIARY] §f                          §b§lCellar Spider §7§8IX §8➡§b §bX
14:51:58 [BESTIARY] 
14:51:58 [BESTIARY] §f                                  §r§6§lREWARDS
14:51:58 [BESTIARY] §f                      §r§8+§r§a3 Cellar Spider §r§b✯ Magic Find
14:51:58 [BESTIARY] §f                      §r§8+§r§a3 Cellar Spider §r§c❁ Strength
14:51:58 [BESTIARY] §f                          §r§8+§r§62% §r§aCellar Spider §r§7coins
14:51:58 [BESTIARY] §f                    §r§8+§r§a50% §r§7chance for extra XP orbs
14:51:58 [BESTIARY] §f                               §r§8+§r§b1 SkyBlock XP
14:51:58 [BESTIARY] 
14:51:58 [BESTIARY] §3§l▬▬▬▬▬▬▬▬▬▬▬▬▬▬▬▬▬▬▬▬▬▬▬▬▬▬▬▬▬▬▬▬▬▬▬▬▬▬▬▬▬▬▬▬▬▬▬▬▬▬▬▬▬▬▬▬▬▬▬▬▬▬▬▬
14:52:45 [STASH_COMPACT] §f                 §7You have §3771 §7materials stashed away!
14:52:45 [STASH_COMPACT] §f              §8(This totals 4 types of materials stashed!)
14:52:45 [STASH_COMPACT] §f                §3§l>>> §3§lCLICK HERE§b to pick them up! §3§l<<<
14:52:45 [STASH_COMPACT]   
14:53:45 [STASH_COMPACT] §f                 §7You have §3771 §7materials stashed away!
14:53:45 [STASH_COMPACT] §f              §8(This totals 4 types of materials stashed!)
14:53:45 [STASH_COMPACT] §f                §3§l>>> §3§lCLICK HERE§b to pick them up! §3§l<<<
14:53:45 [STASH_COMPACT]   
14:54:32 [STASH_COMPACT] §f                 §7You have §3771 §7materials stashed away!
14:54:32 [STASH_COMPACT] §f              §8(This totals 4 types of materials stashed!)
14:54:32 [STASH_COMPACT] §f                §3§l>>> §3§lCLICK HERE§b to pick them up! §3§l<<<
14:54:32 [STASH_COMPACT]   
14:54:40 [STASH_COMPACT] §f                 §7You have §3771 §7materials stashed away!
14:54:40 [STASH_COMPACT] §f              §8(This totals 4 types of materials stashed!)
14:54:40 [STASH_COMPACT] §f                §3§l>>> §3§lCLICK HERE§b to pick them up! §3§l<<<
14:54:40 [STASH_COMPACT]   
14:55:40 [STASH_COMPACT] §f                 §7You have §3771 §7materials stashed away!
14:55:40 [STASH_COMPACT] §f              §8(This totals 4 types of materials stashed!)
14:55:40 [STASH_COMPACT] §f                §3§l>>> §3§lCLICK HERE§b to pick them up! §3§l<<<
14:55:40 [STASH_COMPACT]   
14:56:41 [STASH_COMPACT] §f                 §7You have §3771 §7materials stashed away!
14:56:41 [STASH_COMPACT] §f              §8(This totals 4 types of materials stashed!)
14:56:41 [STASH_COMPACT] §f                §3§l>>> §3§lCLICK HERE§b to pick them up! §3§l<<<
14:56:41 [STASH_COMPACT]   
14:57:13 [STASH_COMPACT] §f                 §7You have §3771 §7materials stashed away!
14:57:13 [STASH_COMPACT] §f              §8(This totals 4 types of materials stashed!)
14:57:13 [STASH_COMPACT] §f                §3§l>>> §3§lCLICK HERE§b to pick them up! §3§l<<<
14:57:13 [STASH_COMPACT]   
14:57:14 [STASH_COMPACT] §f                 §7You have §3771 §7materials stashed away!
14:57:14 [STASH_COMPACT] §f              §8(This totals 4 types of materials stashed!)
14:57:14 [STASH_COMPACT] §f                §3§l>>> §3§lCLICK HERE§b to pick them up! §3§l<<<
14:57:14 [STASH_COMPACT]   
14:58:14 [STASH_COMPACT] §f                 §7You have §3771 §7materials stashed away!
14:58:14 [STASH_COMPACT] §f              §8(This totals 4 types of materials stashed!)
14:58:14 [STASH_COMPACT] §f                §3§l>>> §3§lCLICK HERE§b to pick them up! §3§l<<<
14:58:14 [STASH_COMPACT]   
14:59:14 [STASH_COMPACT] §f                 §7You have §3771 §7materials stashed away!
14:59:14 [STASH_COMPACT] §f              §8(This totals 4 types of materials stashed!)
14:59:14 [STASH_COMPACT] §f                §3§l>>> §3§lCLICK HERE§b to pick them up! §3§l<<<
14:59:14 [STASH_COMPACT]   
15:00:14 [STASH_COMPACT] §f                 §7You have §3771 §7materials stashed away!
15:00:14 [STASH_COMPACT] §f              §8(This totals 4 types of materials stashed!)
15:00:14 [STASH_COMPACT] §f                §3§l>>> §3§lCLICK HERE§b to pick them up! §3§l<<<
15:00:14 [STASH_COMPACT]   
15:01:15 [STASH_COMPACT] §f                 §7You have §3771 §7materials stashed away!
15:01:15 [STASH_COMPACT] §f              §8(This totals 4 types of materials stashed!)
15:01:15 [STASH_COMPACT] §f                §3§l>>> §3§lCLICK HERE§b to pick them up! §3§l<<<
15:01:15 [STASH_COMPACT]   
15:02:15 [STASH_COMPACT] §f                 §7You have §3771 §7materials stashed away!
15:02:15 [STASH_COMPACT] §f              §8(This totals 4 types of materials stashed!)
15:02:15 [STASH_COMPACT] §f                §3§l>>> §3§lCLICK HERE§b to pick them up! §3§l<<<
15:02:15 [STASH_COMPACT]   
15:03:15 [STASH_COMPACT] §f                 §7You have §3771 §7materials stashed away!
15:03:15 [STASH_COMPACT] §f              §8(This totals 4 types of materials stashed!)
15:03:15 [STASH_COMPACT] §f                §3§l>>> §3§lCLICK HERE§b to pick them up! §3§l<<<
15:03:15 [STASH_COMPACT]   
15:04:15 [STASH_COMPACT] §f                 §7You have §3771 §7materials stashed away!
15:04:15 [STASH_COMPACT] §f              §8(This totals 4 types of materials stashed!)
15:04:15 [STASH_COMPACT] §f                §3§l>>> §3§lCLICK HERE§b to pick them up! §3§l<<<
15:04:15 [STASH_COMPACT]   
15:05:15 [STASH_COMPACT] §f                 §7You have §3771 §7materials stashed away!
15:05:15 [STASH_COMPACT] §f              §8(This totals 4 types of materials stashed!)
15:05:15 [STASH_COMPACT] §f                §3§l>>> §3§lCLICK HERE§b to pick them up! §3§l<<<
15:05:15 [STASH_COMPACT]   
15:06:15 [STASH_COMPACT] §f                 §7You have §3771 §7materials stashed away!
15:06:15 [STASH_COMPACT] §f              §8(This totals 4 types of materials stashed!)
15:06:15 [STASH_COMPACT] §f                §3§l>>> §3§lCLICK HERE§b to pick them up! §3§l<<<
15:06:15 [STASH_COMPACT]   
15:07:15 [STASH_COMPACT] §f                 §7You have §3771 §7materials stashed away!
15:07:15 [STASH_COMPACT] §f              §8(This totals 4 types of materials stashed!)
15:07:15 [STASH_COMPACT] §f                §3§l>>> §3§lCLICK HERE§b to pick them up! §3§l<<<
15:07:15 [STASH_COMPACT]   
15:08:16 [STASH_COMPACT] §f                 §7You have §3771 §7materials stashed away!
15:08:16 [STASH_COMPACT] §f              §8(This totals 4 types of materials stashed!)
15:08:16 [STASH_COMPACT] §f                §3§l>>> §3§lCLICK HERE§b to pick them up! §3§l<<<
15:08:16 [STASH_COMPACT]   
15:09:16 [STASH_COMPACT] §f                 §7You have §3771 §7materials stashed away!
15:09:16 [STASH_COMPACT] §f              §8(This totals 4 types of materials stashed!)
15:09:16 [STASH_COMPACT] §f                §3§l>>> §3§lCLICK HERE§b to pick them up! §3§l<<<
15:09:16 [STASH_COMPACT]   
15:10:16 [STASH_COMPACT] §f                 §7You have §3771 §7materials stashed away!
15:10:16 [STASH_COMPACT] §f              §8(This totals 4 types of materials stashed!)
15:10:16 [STASH_COMPACT] §f                §3§l>>> §3§lCLICK HERE§b to pick them up! §3§l<<<
15:10:16 [STASH_COMPACT]   
15:11:16 [STASH_COMPACT] §f                 §7You have §3771 §7materials stashed away!
15:11:16 [STASH_COMPACT] §f              §8(This totals 4 types of materials stashed!)
15:11:16 [STASH_COMPACT] §f                §3§l>>> §3§lCLICK HERE§b to pick them up! §3§l<<<
15:11:16 [STASH_COMPACT]   
15:12:16 [STASH_COMPACT] §f                 §7You have §3771 §7materials stashed away!
15:12:16 [STASH_COMPACT] §f              §8(This totals 4 types of materials stashed!)
15:12:16 [STASH_COMPACT] §f                §3§l>>> §3§lCLICK HERE§b to pick them up! §3§l<<<
15:12:16 [STASH_COMPACT]   
15:13:16 [STASH_COMPACT] §f                 §7You have §3771 §7materials stashed away!
15:13:16 [STASH_COMPACT] §f              §8(This totals 4 types of materials stashed!)
15:13:16 [STASH_COMPACT] §f                §3§l>>> §3§lCLICK HERE§b to pick them up! §3§l<<<
15:13:16 [STASH_COMPACT]   
15:14:16 [STASH_COMPACT] §f                 §7You have §3771 §7materials stashed away!
15:14:16 [STASH_COMPACT] §f              §8(This totals 4 types of materials stashed!)
15:14:16 [STASH_COMPACT] §f                §3§l>>> §3§lCLICK HERE§b to pick them up! §3§l<<<
15:14:16 [STASH_COMPACT]   
15:15:16 [STASH_COMPACT] §f                 §7You have §3771 §7materials stashed away!
15:15:16 [STASH_COMPACT] §f              §8(This totals 4 types of materials stashed!)
15:15:16 [STASH_COMPACT] §f                §3§l>>> §3§lCLICK HERE§b to pick them up! §3§l<<<
15:15:16 [STASH_COMPACT]   
15:16:17 [STASH_COMPACT] §f                 §7You have §3771 §7materials stashed away!
15:16:17 [STASH_COMPACT] §f              §8(This totals 4 types of materials stashed!)
15:16:17 [STASH_COMPACT] §f                §3§l>>> §3§lCLICK HERE§b to pick them up! §3§l<<<
15:16:17 [STASH_COMPACT]   
15:17:17 [STASH_COMPACT] §f                 §7You have §3771 §7materials stashed away!
15:17:17 [STASH_COMPACT] §f              §8(This totals 4 types of materials stashed!)
15:17:17 [STASH_COMPACT] §f                §3§l>>> §3§lCLICK HERE§b to pick them up! §3§l<<<
15:17:17 [STASH_COMPACT]   
15:18:17 [STASH_COMPACT] §f                 §7You have §3771 §7materials stashed away!
15:18:17 [STASH_COMPACT] §f              §8(This totals 4 types of materials stashed!)
15:18:17 [STASH_COMPACT] §f                §3§l>>> §3§lCLICK HERE§b to pick them up! §3§l<<<
15:18:17 [STASH_COMPACT]   
