18:46:22 GARDEN
18:50:11 NONE
18:50:12 PRIVATE_ISLAND
18:50:18 NONE
18:50:18 HUB
18:51:14 NONE
18:51:14 WINTER
19:25:49 PRIVATE_ISLAND
19:52:24 NONE
19:52:24 DUNGEON_HUB
20:01:23 NONE
20:01:25 CATACOMBS
20:05:43 NONE
20:05:43 CATACOMBS
20:10:25 NONE
20:10:25 DUNGEON_HUB
20:11:40 NONE
20:11:40 CATACOMBS
20:16:07 NONE
20:16:07 CATACOMBS
20:19:37 CATACOMBS
20:23:37 DUNGEON_HUB
20:24:44 NONE
20:24:45 HUB
20:25:40 PRIVATE_ISLAND
20:28:33 NONE
20:28:34 DUNGEON_HUB
20:29:59 CATACOMBS
20:40:39 NONE
20:40:40 DUNGEON_HUB
