13:33:31 §f                                  §6§lBESTIARY
13:33:31 §f                      §b§lCrypt Dreadlord §7§8XV §8➡§b §bXVI
13:33:31 
13:33:31 §f                                  §r§6§lREWARDS
13:33:31 §f                    §r§8+§r§a5 Crypt Dreadlord §r§b✯ Magic Find
13:33:31 §f                    §r§8+§r§a5 Crypt Dreadlord §r§c❁ Strength
13:33:31 §f                        §r§8+§r§62% §r§aCrypt Dreadlord §r§7coins
13:33:31 §f                    §r§8+§r§a50% §r§7chance for extra XP orbs
13:33:31 §f                               §r§8+§r§b1 SkyBlock XP
13:33:31 
13:33:31 §3§l▬▬▬▬▬▬▬▬▬▬▬▬▬▬▬▬▬▬▬▬▬▬▬▬▬▬▬▬▬▬▬▬▬▬▬▬▬▬▬▬▬▬▬▬▬▬▬▬▬▬▬▬▬▬▬▬▬▬▬▬▬▬▬▬
14:04:01 §f                                  §6§lBESTIARY
14:04:01 §f                    §b§lZombie Commander §7§8VII §8➡§b §bVIII
14:04:01 
14:04:01 §f                                  §r§6§lREWARDS
14:04:01 §f                   §r§8+§r§a3 Zombie Commander §r§b✯ Magic Find
14:04:01 §f                   §r§8+§r§a3 Zombie Commander §r§c❁ Strength
14:04:01 §f                       §r§8+§r§62% §r§aZombie Commander §r§7coins
14:04:01 §f                    §r§8+§r§a50% §r§7chance for extra XP orbs
14:04:01 §f                               §r§8+§r§b1 SkyBlock XP
14:04:01 
14:04:01 §3§l▬▬▬▬▬▬▬▬▬▬▬▬▬▬▬▬▬▬▬▬▬▬▬▬▬▬▬▬▬▬▬▬▬▬▬▬▬▬▬▬▬▬▬▬▬▬▬▬▬▬▬▬▬▬▬▬▬▬▬▬▬▬▬▬
