21:09:56 Trying to load config from config\skyhanni\config.json
21:09:56 load-config-now
21:09:57 Loaded config from file
21:09:57 Trying to load sacks from config\skyhanni\sacks.json
21:09:57 Setting sacks to be blank as it did not exist. It will be saved once something is written to it
21:09:57 Trying to load friends from config\skyhanni\friends.json
21:09:57 load-friends-now
21:09:57 Loaded friends from file
21:09:57 Trying to load known_features from config\skyhanni\known_features.json
21:09:57 load-known_features-now
21:09:57 Loaded known_features from file
21:09:57 Trying to load jacob_contests from config\skyhanni\jacob_contests.json
21:09:57 Setting jacob_contests to be blank as it did not exist. It will be saved once something is written to it
21:09:57 Trying to load visual_words from config\skyhanni\visual_words.json
21:09:57 Setting visual_words to be blank as it did not exist. It will be saved once something is written to it
21:10:57 saveConfig: auto-save-60s
21:10:57 Saving config file
21:11:19 saveConfig: Updated known feature flags
21:11:19 Saving known_features file
21:11:57 saveConfig: auto-save-60s
21:11:57 Saving config file
21:12:57 saveConfig: auto-save-60s
21:12:57 Saving config file
21:13:57 saveConfig: auto-save-60s
21:13:57 Saving config file
21:14:57 saveConfig: auto-save-60s
21:14:57 Saving config file
21:15:57 saveConfig: auto-save-60s
21:15:57 Saving config file
21:16:57 saveConfig: auto-save-60s
21:16:57 Saving config file
21:17:57 saveConfig: auto-save-60s
21:17:57 Saving config file
21:18:57 saveConfig: auto-save-60s
21:18:57 Saving config file
21:19:21 saveConfig: saving-data
21:19:21 Saving sacks file
21:19:30 saveConfig: saving-data
21:19:30 Saving sacks file
21:19:57 saveConfig: auto-save-60s
21:19:57 Saving config file
21:19:58 saveConfig: saving-data
21:19:58 Saving sacks file
21:20:57 saveConfig: auto-save-60s
21:20:57 Saving config file
21:21:57 saveConfig: auto-save-60s
21:21:57 Saving config file
21:22:57 saveConfig: auto-save-60s
21:22:57 Saving config file
21:23:45 saveConfig: saving-data
21:23:45 Saving sacks file
21:23:57 saveConfig: auto-save-60s
21:23:57 Saving config file
21:24:57 saveConfig: auto-save-60s
21:24:57 Saving config file
21:25:57 saveConfig: auto-save-60s
21:25:57 Saving config file
21:26:57 saveConfig: auto-save-60s
21:26:57 Saving config file
21:27:57 saveConfig: auto-save-60s
21:27:57 Saving config file
21:28:57 saveConfig: auto-save-60s
21:28:57 Saving config file
21:29:57 saveConfig: auto-save-60s
21:29:57 Saving config file
21:30:57 saveConfig: auto-save-60s
21:30:57 Saving config file
21:31:57 saveConfig: auto-save-60s
21:31:57 Saving config file
21:32:57 saveConfig: auto-save-60s
21:32:57 Saving config file
21:33:57 saveConfig: auto-save-60s
21:33:57 Saving config file
21:34:53 saveConfig: saving-data
21:34:53 Saving sacks file
21:34:57 saveConfig: auto-save-60s
21:34:57 Saving config file
21:35:00 saveConfig: saving-data
21:35:00 Saving sacks file
21:35:14 saveConfig: saving-data
21:35:14 Saving sacks file
21:35:57 saveConfig: auto-save-60s
21:35:57 Saving config file
21:36:57 saveConfig: auto-save-60s
21:36:57 Saving config file
21:37:57 saveConfig: auto-save-60s
21:37:57 Saving config file
21:38:57 saveConfig: auto-save-60s
21:38:57 Saving config file
21:39:57 saveConfig: auto-save-60s
21:39:57 Saving config file
21:40:57 saveConfig: auto-save-60s
21:40:57 Saving config file
21:41:57 saveConfig: auto-save-60s
21:41:57 Saving config file
21:42:57 saveConfig: auto-save-60s
21:42:57 Saving config file
21:43:57 saveConfig: auto-save-60s
21:43:57 Saving config file
21:44:57 saveConfig: auto-save-60s
21:44:57 Saving config file
21:45:26 saveConfig: shutdown-hook
21:45:26 Saving config file
