14:50:59 `Sheep`23568721 missed {
 is already Found: false).
 Position: LorenzVec{x=-48.5, y=98.0, z=52.5}
 DistanceC: 15.701108629214446
Relative Position: LorenzVec{x=7.442851697769072, y=-1.0, z=15.701108629214446}
 }
14:50:59 `Sheep`23568722 missed {
 is already Found: false).
 Position: LorenzVec{x=-48.5, y=98.0, z=54.75}
 DistanceC: 17.951108629214446
Relative Position: LorenzVec{x=7.442851697769072, y=-1.0, z=17.951108629214446}
 }
14:50:59 `Sheep`23568723 missed {
 is already Found: false).
 Position: LorenzVec{x=-48.5, y=98.0, z=52.5}
 DistanceC: 15.701108629214446
Relative Position: LorenzVec{x=7.442851697769072, y=-1.0, z=15.701108629214446}
 }
14:50:59 `Sheep`23568724 missed {
 is already Found: false).
 Position: LorenzVec{x=-48.75, y=98.0, z=52.625}
 DistanceC: 15.826108629214446
Relative Position: LorenzVec{x=7.192851697769072, y=-1.0, z=15.826108629214446}
 }
14:51:00 `Sheep`23568794 missed {
 is already Found: false).
 Position: LorenzVec{x=-39.5, y=98.0, z=53.25}
 DistanceC: 16.451108629214446
Relative Position: LorenzVec{x=16.442851697769072, y=-1.0, z=16.451108629214446}
 }
14:51:00 `Sheep`23568795 missed {
 is already Found: false).
 Position: LorenzVec{x=-39.5, y=98.0, z=55.5}
 DistanceC: 18.701108629214446
Relative Position: LorenzVec{x=16.442851697769072, y=-1.0, z=18.701108629214446}
 }
14:51:00 `Sheep`23568796 missed {
 is already Found: false).
 Position: LorenzVec{x=-39.5, y=98.0, z=55.5}
 DistanceC: 18.701108629214446
Relative Position: LorenzVec{x=16.442851697769072, y=-1.0, z=18.701108629214446}
 }
14:51:00 `Sheep`23568797 missed {
 is already Found: false).
 Position: LorenzVec{x=-39.5, y=98.0, z=55.5}
 DistanceC: 18.701108629214446
Relative Position: LorenzVec{x=16.442851697769072, y=-1.0, z=18.701108629214446}
 }
14:51:21 `Pig`559 missed {
 is already Found: false).
 Position: LorenzVec{x=-17.5, y=68.0, z=-106.5}
 DistanceC: 15.857613126039539
Relative Position: LorenzVec{x=-15.857613126039539, y=-4.0, z=-4.883622754752864}
 }
14:51:23 `Villager`355 missed {
 is already Found: false).
 Position: LorenzVec{x=-21.5, y=68.0, z=-124.5}
 DistanceC: 22.883622754752864
Relative Position: LorenzVec{x=-19.85761312603954, y=-4.0, z=-22.883622754752864}
 }
14:52:00 `Villager`359 missed {
 is already Found: false).
 Position: LorenzVec{x=28.0, y=70.0, z=-116.0}
 DistanceC: 23.020970318177067
Relative Position: LorenzVec{x=23.020970318177067, y=-2.0, z=-17.97763784421697}
 }
14:52:08 `f514gi0fxy`493 missed {
 is already Found: false).
 Position: LorenzVec{x=23.0, y=77.0, z=-69.5}
 DistanceC: 17.405273318872958
Relative Position: LorenzVec{x=17.405273318872958, y=7.0, z=12.78115583915907}
 }
14:52:15 `b31alj9294`225 missed {
 is already Found: false).
 Position: LorenzVec{x=22.0, y=71.0, z=-45.5}
 DistanceC: 14.457908129816033
Relative Position: LorenzVec{x=14.457908129816033, y=1.0, z=-13.001980522541466}
 }
14:52:18 `e01eegmx4k`504 missed {
 is already Found: false).
 Position: LorenzVec{x=-9.5, y=71.0, z=-14.0}
 DistanceC: 18.498019477458534
Relative Position: LorenzVec{x=-17.042091870183967, y=1.0, z=18.498019477458534}
 }
14:52:18 `Villager`345 missed {
 is already Found: false).
 Position: LorenzVec{x=20.0, y=61.0, z=-9.0}
 DistanceC: 23.498019477458534
Relative Position: LorenzVec{x=12.457908129816033, y=-9.0, z=23.498019477458534}
 }
14:52:55 `u99fkup3y5`415 missed {
 is already Found: false).
 Position: LorenzVec{x=2.5, y=70.0, z=-75.5}
 DistanceC: 19.199999988079064
Relative Position: LorenzVec{x=19.199999988079064, y=-4.054893347032078, z=-15.425000011920929}
 }
14:53:04 `k42l1egf9i`18 missed {
 is already Found: false).
 Position: LorenzVec{x=-3.5, y=72.0, z=-101.5}
 DistanceC: 20.80000001192093
Relative Position: LorenzVec{x=18.72301801100362, y=-1.0, z=-20.80000001192093}
 }
14:53:05 `291p545iq6`525 missed {
 is already Found: false).
 Position: LorenzVec{x=-6.5, y=55.0, z=-95.5}
 DistanceC: 15.72301801100362
Relative Position: LorenzVec{x=15.72301801100362, y=-18.0, z=-14.800000011920929}
 }
14:53:52 `Sheep`2764109 missed {
 is already Found: false).
 Position: LorenzVec{x=-39.5, y=98.0, z=35.65625}
 DistanceC: 21.120865874895667
Relative Position: LorenzVec{x=-21.120865874895667, y=0.0, z=15.893438778391783}
 }
14:53:52 `Sheep`2764111 missed {
 is already Found: false).
 Position: LorenzVec{x=-39.46875, y=98.0, z=34.5}
 DistanceC: 21.089615874895667
Relative Position: LorenzVec{x=-21.089615874895667, y=0.0, z=14.737188778391783}
 }
14:53:57 `§bSam `2764511 missed {
 is already Found: false).
 Position: LorenzVec{x=7.5, y=98.0, z=40.5}
 DistanceC: 19.844404013433184
Relative Position: LorenzVec{x=19.844404013433184, y=0.0, z=17.399014648413818}
 }
14:53:57 `Villager`2763867 missed {
 is already Found: false).
 Position: LorenzVec{x=7.5, y=98.0, z=43.5}
 DistanceC: 20.399014648413818
Relative Position: LorenzVec{x=19.844404013433184, y=0.0, z=20.399014648413818}
 }
14:54:11 `Sheep`2764108 missed {
 is already Found: false).
 Position: LorenzVec{x=-41.59375, y=98.0, z=35.25}
 DistanceC: 21.970695383684408
Relative Position: LorenzVec{x=-21.970695383684408, y=0.0, z=14.55127536685826}
 }
14:54:11 `Sheep`2764110 missed {
 is already Found: false).
 Position: LorenzVec{x=-40.28125, y=98.0, z=35.09375}
 DistanceC: 20.658195383684408
Relative Position: LorenzVec{x=-20.658195383684408, y=0.0, z=14.39502536685826}
 }
14:54:12 `Sheep`2763902 missed {
 is already Found: false).
 Position: LorenzVec{x=-39.46875, y=98.0, z=42.25}
 DistanceC: 21.55127536685826
Relative Position: LorenzVec{x=-19.845695383684408, y=0.0, z=21.55127536685826}
 }
14:54:42 `Sheep`2763903 missed {
 is already Found: false).
 Position: LorenzVec{x=-41.21875, y=98.0, z=40.5}
 DistanceC: 21.595695383684408
Relative Position: LorenzVec{x=-21.595695383684408, y=0.0, z=19.80127536685826}
 }
14:54:47 `Sheep`2773605 missed {
 is already Found: false).
 Position: LorenzVec{x=-39.9375, y=98.0, z=35.03125}
 DistanceC: 20.314445383684408
Relative Position: LorenzVec{x=-20.314445383684408, y=0.0, z=14.33252536685826}
 }
14:55:13 `Sheep`2786212 missed {
 is already Found: false).
 Position: LorenzVec{x=-40.90625, y=98.0, z=37.84375}
 DistanceC: 21.283195383684408
Relative Position: LorenzVec{x=-21.283195383684408, y=0.0, z=17.14502536685826}
 }
14:55:29 `Sheep`2763904 missed {
 is already Found: false).
 Position: LorenzVec{x=-41.15625, y=98.0, z=41.71875}
 DistanceC: 21.533195383684408
Relative Position: LorenzVec{x=-21.533195383684408, y=0.0, z=21.02002536685826}
 }
14:55:43 `Sheep`2773606 missed {
 is already Found: false).
 Position: LorenzVec{x=-39.65625, y=98.0, z=41.15625}
 DistanceC: 20.45752536685826
Relative Position: LorenzVec{x=-20.033195383684408, y=0.0, z=20.45752536685826}
 }
14:55:46 `Sheep`2799206 missed {
 is already Found: false).
 Position: LorenzVec{x=-39.5, y=98.0, z=34.5}
 DistanceC: 19.876945383684408
Relative Position: LorenzVec{x=-19.876945383684408, y=0.0, z=13.80127536685826}
 }
14:55:48 `Sheep`2799200 missed {
 is already Found: false).
 Position: LorenzVec{x=-40.21875, y=98.0, z=40.5625}
 DistanceC: 20.595695383684408
Relative Position: LorenzVec{x=-20.595695383684408, y=0.0, z=19.86377536685826}
 }
14:56:00 `Sheep`2786209 missed {
 is already Found: false).
 Position: LorenzVec{x=-40.21875, y=98.0, z=40.59375}
 DistanceC: 20.595695383684408
Relative Position: LorenzVec{x=-20.595695383684408, y=0.0, z=19.89502536685826}
 }
14:56:35 `Sheep`2811628 missed {
 is already Found: false).
 Position: LorenzVec{x=-40.09375, y=98.0, z=41.9375}
 DistanceC: 21.23877536685826
Relative Position: LorenzVec{x=-20.470695383684408, y=0.0, z=21.23877536685826}
 }
15:03:11 `rkpj4sf72q`123 missed {
 is already Found: false).
 Position: LorenzVec{x=-10.5, y=201.0, z=-103.5}
 DistanceC: 20.394367258538978
Relative Position: LorenzVec{x=20.394367258538978, y=1.0, z=18.837252318491878}
 }
15:03:11 `2i41xwy59z`124 missed {
 is already Found: false).
 Position: LorenzVec{x=-15.5, y=201.0, z=-98.5}
 DistanceC: 23.837252318491878
Relative Position: LorenzVec{x=15.394367258538978, y=1.0, z=23.837252318491878}
 }
15:03:53 `33ws4x48mg`112 missed {
 is already Found: false).
 Position: LorenzVec{x=-6.5, y=145.0, z=-18.5}
 DistanceC: 8.988273162452742
Relative Position: LorenzVec{x=8.988273162452742, y=0.0, z=-0.9595004680266008}
 }
15:08:03 `b3d8xy61l3`239 missed {
 is already Found: false).
 Position: LorenzVec{x=-134.5, y=73.0, z=-97.5}
 DistanceC: 10.196258408714328
Relative Position: LorenzVec{x=10.196258408714328, y=15.768476202412984, z=6.294067372748529}
 }
15:08:56 `1r4j9nj6d2`323 missed {
 is already Found: false).
 Position: LorenzVec{x=-80.5, y=56.0, z=-119.5}
 DistanceC: 17.743831975856466
Relative Position: LorenzVec{x=15.165607375446527, y=5.9274101119268465, z=-17.743831975856466}
 }
15:11:39 `Villager`252 missed {
 is already Found: false).
 Position: LorenzVec{x=-35.5, y=69.0, z=-112.5}
 DistanceC: 18.318531542333325
Relative Position: LorenzVec{x=18.318531542333325, y=15.0, z=17.5516225176888}
 }
15:11:45 `84yxotug3l`321 missed {
 is already Found: false).
 Position: LorenzVec{x=-85.5, y=55.0, z=-139.5}
 DistanceC: 21.472001788819853
Relative Position: LorenzVec{x=-21.472001788819853, y=4.0, z=-19.549792101364744}
 }
15:12:54 `Bat`384542 missed {
 is already Found: false).
 Position: LorenzVec{x=-88.5, y=65.96875, z=-167.5}
 DistanceC: 7.833459472436729
Relative Position: LorenzVec{x=7.833459472436729, y=-4.1528500461578375, z=7.483867897554177}
 }
15:12:54 `Bat`384544 missed {
 is already Found: false).
 Position: LorenzVec{x=-88.5, y=66.96875, z=-169.5}
 DistanceC: 7.833459472436729
Relative Position: LorenzVec{x=7.833459472436729, y=-3.1528500461578375, z=5.483867897554177}
 }
15:12:54 `Bat`384546 missed {
 is already Found: false).
 Position: LorenzVec{x=-88.5, y=66.96875, z=-168.5}
 DistanceC: 7.833459472436729
Relative Position: LorenzVec{x=7.833459472436729, y=-3.1528500461578375, z=6.483867897554177}
 }
15:12:54 `Bat`384548 missed {
 is already Found: false).
 Position: LorenzVec{x=-88.5, y=66.96875, z=-167.5}
 DistanceC: 7.833459472436729
Relative Position: LorenzVec{x=7.833459472436729, y=-3.1528500461578375, z=7.483867897554177}
 }
15:12:54 `Bat`384550 missed {
 is already Found: false).
 Position: LorenzVec{x=-87.5, y=63.96875, z=-169.5}
 DistanceC: 8.83345947243673
Relative Position: LorenzVec{x=8.83345947243673, y=-6.1528500461578375, z=5.483867897554177}
 }
15:12:54 `Bat`384552 missed {
 is already Found: false).
 Position: LorenzVec{x=-87.5, y=63.96875, z=-168.5}
 DistanceC: 8.83345947243673
Relative Position: LorenzVec{x=8.83345947243673, y=-6.1528500461578375, z=6.483867897554177}
 }
15:12:54 `Bat`384554 missed {
 is already Found: false).
 Position: LorenzVec{x=-87.5, y=63.96875, z=-167.5}
 DistanceC: 8.83345947243673
Relative Position: LorenzVec{x=8.83345947243673, y=-6.1528500461578375, z=7.483867897554177}
 }
15:12:54 `Bat`384556 missed {
 is already Found: false).
 Position: LorenzVec{x=-87.5, y=64.96875, z=-169.5}
 DistanceC: 8.83345947243673
Relative Position: LorenzVec{x=8.83345947243673, y=-5.1528500461578375, z=5.483867897554177}
 }
15:12:54 `Bat`384558 missed {
 is already Found: false).
 Position: LorenzVec{x=-87.5, y=64.96875, z=-168.5}
 DistanceC: 8.83345947243673
Relative Position: LorenzVec{x=8.83345947243673, y=-5.1528500461578375, z=6.483867897554177}
 }
15:12:54 `Bat`384560 missed {
 is already Found: false).
 Position: LorenzVec{x=-87.5, y=64.96875, z=-167.5}
 DistanceC: 8.83345947243673
Relative Position: LorenzVec{x=8.83345947243673, y=-5.1528500461578375, z=7.483867897554177}
 }
15:12:54 `Bat`384562 missed {
 is already Found: false).
 Position: LorenzVec{x=-87.5, y=65.96875, z=-169.5}
 DistanceC: 8.83345947243673
Relative Position: LorenzVec{x=8.83345947243673, y=-4.1528500461578375, z=5.483867897554177}
 }
15:12:54 `Bat`384564 missed {
 is already Found: false).
 Position: LorenzVec{x=-87.5, y=65.96875, z=-168.5}
 DistanceC: 8.83345947243673
Relative Position: LorenzVec{x=8.83345947243673, y=-4.1528500461578375, z=6.483867897554177}
 }
15:12:54 `Bat`384566 missed {
 is already Found: false).
 Position: LorenzVec{x=-87.5, y=65.96875, z=-167.5}
 DistanceC: 8.83345947243673
Relative Position: LorenzVec{x=8.83345947243673, y=-4.1528500461578375, z=7.483867897554177}
 }
15:12:54 `Bat`384568 missed {
 is already Found: false).
 Position: LorenzVec{x=-87.5, y=66.96875, z=-169.5}
 DistanceC: 8.83345947243673
Relative Position: LorenzVec{x=8.83345947243673, y=-3.1528500461578375, z=5.483867897554177}
 }
15:12:54 `Bat`384570 missed {
 is already Found: false).
 Position: LorenzVec{x=-87.5, y=66.96875, z=-168.5}
 DistanceC: 8.83345947243673
Relative Position: LorenzVec{x=8.83345947243673, y=-3.1528500461578375, z=6.483867897554177}
 }
15:12:54 `Bat`384572 missed {
 is already Found: false).
 Position: LorenzVec{x=-87.5, y=66.96875, z=-167.5}
 DistanceC: 8.83345947243673
Relative Position: LorenzVec{x=8.83345947243673, y=-3.1528500461578375, z=7.483867897554177}
 }
15:14:02 `Bat`384473 missed {
 is already Found: false).
 Position: LorenzVec{x=-135.5, y=63.65625, z=-153.5}
 DistanceC: 14.675213686325364
Relative Position: LorenzVec{x=-14.675213686325364, y=-14.34375, z=1.3265557758866464}
 }
15:14:02 `Bat`384479 missed {
 is already Found: false).
 Position: LorenzVec{x=-135.5, y=64.65625, z=-153.5}
 DistanceC: 14.675213686325364
Relative Position: LorenzVec{x=-14.675213686325364, y=-13.34375, z=1.3265557758866464}
 }
15:14:02 `Bat`384485 missed {
 is already Found: false).
 Position: LorenzVec{x=-135.5, y=65.65625, z=-153.5}
 DistanceC: 14.675213686325364
Relative Position: LorenzVec{x=-14.675213686325364, y=-12.34375, z=1.3265557758866464}
 }
15:14:02 `Bat`384491 missed {
 is already Found: false).
 Position: LorenzVec{x=-135.5, y=66.65625, z=-153.5}
 DistanceC: 14.675213686325364
Relative Position: LorenzVec{x=-14.675213686325364, y=-11.34375, z=1.3265557758866464}
 }
15:14:03 `Bat`384449 missed {
 is already Found: false).
 Position: LorenzVec{x=-136.5, y=63.65625, z=-153.5}
 DistanceC: 16.863898126698857
Relative Position: LorenzVec{x=-16.863898126698857, y=-14.34375, z=0.5188799528907282}
 }
15:14:03 `Bat`384455 missed {
 is already Found: false).
 Position: LorenzVec{x=-136.5, y=64.65625, z=-153.5}
 DistanceC: 16.863898126698857
Relative Position: LorenzVec{x=-16.863898126698857, y=-13.34375, z=0.5188799528907282}
 }
15:14:03 `Bat`384461 missed {
 is already Found: false).
 Position: LorenzVec{x=-136.5, y=65.65625, z=-153.5}
 DistanceC: 16.863898126698857
Relative Position: LorenzVec{x=-16.863898126698857, y=-12.34375, z=0.5188799528907282}
 }
15:14:03 `Bat`384467 missed {
 is already Found: false).
 Position: LorenzVec{x=-136.5, y=66.65625, z=-153.5}
 DistanceC: 16.863898126698857
Relative Position: LorenzVec{x=-16.863898126698857, y=-11.34375, z=0.5188799528907282}
 }
15:14:03 `Bat`384475 missed {
 is already Found: false).
 Position: LorenzVec{x=-135.5, y=63.65625, z=-152.5}
 DistanceC: 15.863898126698857
Relative Position: LorenzVec{x=-15.863898126698857, y=-14.34375, z=1.5188799528907282}
 }
15:14:03 `Bat`384481 missed {
 is already Found: false).
 Position: LorenzVec{x=-135.5, y=64.65625, z=-152.5}
 DistanceC: 15.863898126698857
Relative Position: LorenzVec{x=-15.863898126698857, y=-13.34375, z=1.5188799528907282}
 }
15:14:03 `Bat`384487 missed {
 is already Found: false).
 Position: LorenzVec{x=-135.5, y=65.65625, z=-152.5}
 DistanceC: 15.863898126698857
Relative Position: LorenzVec{x=-15.863898126698857, y=-12.34375, z=1.5188799528907282}
 }
15:14:03 `Bat`384493 missed {
 is already Found: false).
 Position: LorenzVec{x=-135.5, y=66.65625, z=-152.5}
 DistanceC: 15.863898126698857
Relative Position: LorenzVec{x=-15.863898126698857, y=-11.34375, z=1.5188799528907282}
 }
15:14:03 `Bat`384451 missed {
 is already Found: false).
 Position: LorenzVec{x=-136.5, y=63.65625, z=-152.5}
 DistanceC: 17.185319625357508
Relative Position: LorenzVec{x=-17.185319625357508, y=-14.34375, z=1.300483577334461}
 }
15:14:03 `Bat`384457 missed {
 is already Found: false).
 Position: LorenzVec{x=-136.5, y=64.65625, z=-152.5}
 DistanceC: 17.185319625357508
Relative Position: LorenzVec{x=-17.185319625357508, y=-13.34375, z=1.300483577334461}
 }
15:14:03 `Bat`384463 missed {
 is already Found: false).
 Position: LorenzVec{x=-136.5, y=65.65625, z=-152.5}
 DistanceC: 17.185319625357508
Relative Position: LorenzVec{x=-17.185319625357508, y=-12.34375, z=1.300483577334461}
 }
15:14:03 `Bat`384469 missed {
 is already Found: false).
 Position: LorenzVec{x=-136.5, y=66.65625, z=-152.5}
 DistanceC: 17.185319625357508
Relative Position: LorenzVec{x=-17.185319625357508, y=-11.34375, z=1.300483577334461}
 }
15:14:03 `Bat`384477 missed {
 is already Found: false).
 Position: LorenzVec{x=-135.5, y=63.65625, z=-151.5}
 DistanceC: 16.199553484405
Relative Position: LorenzVec{x=-16.199553484405, y=-14.34375, z=2.2908120922622857}
 }
15:14:03 `Bat`384483 missed {
 is already Found: false).
 Position: LorenzVec{x=-135.5, y=64.65625, z=-151.5}
 DistanceC: 16.199553484405
Relative Position: LorenzVec{x=-16.199553484405, y=-13.34375, z=2.2908120922622857}
 }
15:14:03 `Bat`384489 missed {
 is already Found: false).
 Position: LorenzVec{x=-135.5, y=65.65625, z=-151.5}
 DistanceC: 16.199553484405
Relative Position: LorenzVec{x=-16.199553484405, y=-12.34375, z=2.2908120922622857}
 }
15:14:03 `Bat`384495 missed {
 is already Found: false).
 Position: LorenzVec{x=-135.5, y=66.65625, z=-151.5}
 DistanceC: 16.199553484405
Relative Position: LorenzVec{x=-16.199553484405, y=-11.34375, z=2.2908120922622857}
 }
15:14:03 `Bat`384453 missed {
 is already Found: false).
 Position: LorenzVec{x=-136.5, y=63.65625, z=-151.5}
 DistanceC: 17.207325172347637
Relative Position: LorenzVec{x=-17.207325172347637, y=-14.34375, z=2.2855314607995183}
 }
15:14:03 `Bat`384459 missed {
 is already Found: false).
 Position: LorenzVec{x=-136.5, y=64.65625, z=-151.5}
 DistanceC: 17.207325172347637
Relative Position: LorenzVec{x=-17.207325172347637, y=-13.34375, z=2.2855314607995183}
 }
15:14:03 `Bat`384465 missed {
 is already Found: false).
 Position: LorenzVec{x=-136.5, y=65.65625, z=-151.5}
 DistanceC: 17.207325172347637
Relative Position: LorenzVec{x=-17.207325172347637, y=-12.34375, z=2.2855314607995183}
 }
15:14:03 `Bat`384471 missed {
 is already Found: false).
 Position: LorenzVec{x=-136.5, y=66.65625, z=-151.5}
 DistanceC: 17.207325172347637
Relative Position: LorenzVec{x=-17.207325172347637, y=-11.34375, z=2.2855314607995183}
 }
15:14:27 `Bat`390466 missed {
 is already Found: false).
 Position: LorenzVec{x=-121.5, y=62.125, z=-154.5}
 DistanceC: 5.85140772547399
Relative Position: LorenzVec{x=4.528756649698778, y=-6.875, z=5.85140772547399}
 }
15:14:27 `Bat`390468 missed {
 is already Found: false).
 Position: LorenzVec{x=-121.5, y=63.125, z=-154.5}
 DistanceC: 5.85140772547399
Relative Position: LorenzVec{x=4.528756649698778, y=-5.875, z=5.85140772547399}
 }
15:14:27 `Bat`390470 missed {
 is already Found: false).
 Position: LorenzVec{x=-121.5, y=64.125, z=-154.5}
 DistanceC: 5.85140772547399
Relative Position: LorenzVec{x=4.528756649698778, y=-4.875, z=5.85140772547399}
 }
15:14:27 `Bat`390472 missed {
 is already Found: false).
 Position: LorenzVec{x=-121.5, y=65.125, z=-154.5}
 DistanceC: 5.85140772547399
Relative Position: LorenzVec{x=4.528756649698778, y=-3.875, z=5.85140772547399}
 }
15:14:27 `Bat`390474 missed {
 is already Found: false).
 Position: LorenzVec{x=-120.5, y=62.125, z=-154.5}
 DistanceC: 5.85140772547399
Relative Position: LorenzVec{x=5.528756649698778, y=-6.875, z=5.85140772547399}
 }
15:14:27 `Bat`390476 missed {
 is already Found: false).
 Position: LorenzVec{x=-120.5, y=63.125, z=-154.5}
 DistanceC: 5.85140772547399
Relative Position: LorenzVec{x=5.528756649698778, y=-5.875, z=5.85140772547399}
 }
15:14:27 `Bat`390478 missed {
 is already Found: false).
 Position: LorenzVec{x=-120.5, y=64.125, z=-154.5}
 DistanceC: 5.85140772547399
Relative Position: LorenzVec{x=5.528756649698778, y=-4.875, z=5.85140772547399}
 }
15:14:27 `Bat`390480 missed {
 is already Found: false).
 Position: LorenzVec{x=-120.5, y=65.125, z=-154.5}
 DistanceC: 5.85140772547399
Relative Position: LorenzVec{x=5.528756649698778, y=-3.875, z=5.85140772547399}
 }
15:14:27 `Bat`390482 missed {
 is already Found: false).
 Position: LorenzVec{x=-119.5, y=62.125, z=-154.5}
 DistanceC: 6.528756649698778
Relative Position: LorenzVec{x=6.528756649698778, y=-6.875, z=5.85140772547399}
 }
15:25:55 `Bat`417988 missed {
 is already Found: false).
 Position: LorenzVec{x=-127.5, y=63.125, z=-63.5}
 DistanceC: 4.800000011920929
Relative Position: LorenzVec{x=-0.5034766595369575, y=-5.875, z=-4.800000011920929}
 }
15:25:55 `Bat`417990 missed {
 is already Found: false).
 Position: LorenzVec{x=-127.5, y=63.125, z=-62.5}
 DistanceC: 3.800000011920929
Relative Position: LorenzVec{x=-0.5034766595369575, y=-5.875, z=-3.800000011920929}
 }
15:25:55 `Bat`417992 missed {
 is already Found: false).
 Position: LorenzVec{x=-127.5, y=63.125, z=-61.5}
 DistanceC: 2.800000011920929
Relative Position: LorenzVec{x=-0.5034766595369575, y=-5.875, z=-2.800000011920929}
 }
15:25:55 `Bat`417994 missed {
 is already Found: false).
 Position: LorenzVec{x=-127.5, y=64.125, z=-63.5}
 DistanceC: 4.800000011920929
Relative Position: LorenzVec{x=-0.5034766595369575, y=-4.875, z=-4.800000011920929}
 }
15:25:55 `Bat`417996 missed {
 is already Found: false).
 Position: LorenzVec{x=-127.5, y=64.125, z=-62.5}
 DistanceC: 3.800000011920929
Relative Position: LorenzVec{x=-0.5034766595369575, y=-4.875, z=-3.800000011920929}
 }
15:25:55 `Bat`417998 missed {
 is already Found: false).
 Position: LorenzVec{x=-127.5, y=64.125, z=-61.5}
 DistanceC: 2.800000011920929
Relative Position: LorenzVec{x=-0.5034766595369575, y=-4.875, z=-2.800000011920929}
 }
15:31:07 `599d481297`6 missed {
 is already Found: false).
 Position: LorenzVec{x=-20.625, y=120.0, z=-13.5}
 DistanceC: 22.79909626338517
Relative Position: LorenzVec{x=13.78854361645162, y=1.0, z=-22.79909626338517}
 }
15:32:32 `w2oruml5g1`525 missed {
 is already Found: false).
 Position: LorenzVec{x=-6.5, y=55.0, z=-95.5}
 DistanceC: 20.497369840424966
Relative Position: LorenzVec{x=-4.364779038032318, y=-15.0, z=-20.497369840424966}
 }
15:32:33 `Villager`361 missed {
 is already Found: false).
 Position: LorenzVec{x=17.5, y=70.0, z=-99.0}
 DistanceC: 23.997369840424966
Relative Position: LorenzVec{x=19.635220961967683, y=0.0, z=-23.997369840424966}
 }
15:34:01 `w2oruml5g1`525 missed {
 is already Found: false).
 Position: LorenzVec{x=-6.5, y=55.0, z=-95.5}
 DistanceC: 22.609298350930118
Relative Position: LorenzVec{x=-2.2938327641690854, y=-15.0, z=-22.609298350930118}
 }
15:37:09 `Pig`559 missed {
 is already Found: false).
 Position: LorenzVec{x=-17.5, y=68.0, z=-106.5}
 DistanceC: 20.800000011920925
Relative Position: LorenzVec{x=-20.800000011920925, y=-4.0, z=-8.911361018999116}
 }
15:37:25 `y5215nr9dw`334 missed {
 is already Found: false).
 Position: LorenzVec{x=-37.5, y=68.0, z=-125.5}
 DistanceC: 20.365908842416463
Relative Position: LorenzVec{x=-20.365908842416463, y=-1.0, z=-17.272010464926083}
 }
15:41:24 `nwsy28f201`419 missed {
 is already Found: false).
 Position: LorenzVec{x=-36.0, y=73.0, z=-85.5}
 DistanceC: 19.003143242669292
Relative Position: LorenzVec{x=-19.003143242669292, y=5.0, z=18.47816195754676}
 }
15:41:24 `y5215nr9dw`334 missed {
 is already Found: false).
 Position: LorenzVec{x=-37.5, y=68.0, z=-125.5}
 DistanceC: 21.52183804245324
Relative Position: LorenzVec{x=-20.503143242669292, y=0.0, z=-21.52183804245324}
 }
15:45:41 `Pig`559 missed {
 is already Found: false).
 Position: LorenzVec{x=-17.5, y=68.0, z=-106.5}
 DistanceC: 2.582147167039338
Relative Position: LorenzVec{x=0.09361194396629458, y=-2.0, z=2.582147167039338}
 }
15:45:42 `78363g5044`518 missed {
 is already Found: false).
 Position: LorenzVec{x=-29.5, y=57.0, z=-90.5}
 DistanceC: 20.19999998807907
Relative Position: LorenzVec{x=-12.199999988079071, y=-11.081515866993755, z=20.19999998807907}
 }
15:45:42 `21to0453ms`600 missed {
 is already Found: false).
 Position: LorenzVec{x=0.5, y=70.0, z=-90.5}
 DistanceC: 20.19999998807907
Relative Position: LorenzVec{x=17.80000001192093, y=1.9184841330062454, z=20.19999998807907}
 }
15:45:43 `9q56y124ov`495 missed {
 is already Found: false).
 Position: LorenzVec{x=5.5, y=61.0, z=-134.0}
 DistanceC: 23.30000001192093
Relative Position: LorenzVec{x=22.80000001192093, y=-5.431515866993692, z=-23.30000001192093}
 }
15:46:00 `9ef6k47kb2`419 missed {
 is already Found: false).
 Position: LorenzVec{x=-36.0, y=73.0, z=-85.5}
 DistanceC: 11.75873255080245
Relative Position: LorenzVec{x=10.066233724945604, y=1.0, z=11.75873255080245}
 }
15:46:43 `enx55pp20s`225 missed {
 is already Found: false).
 Position: LorenzVec{x=22.0, y=71.0, z=-45.5}
 DistanceC: 22.33803084994492
Relative Position: LorenzVec{x=-5.893403320402701, y=5.0, z=-22.33803084994492}
 }
15:46:59 `1653w39vwc`338 missed {
 is already Found: false).
 Position: LorenzVec{x=52.5, y=68.0, z=-82.5}
 DistanceC: 21.00480584873165
Relative Position: LorenzVec{x=-15.247660203982207, y=-3.0625, z=-21.00480584873165}
 }
15:49:29 `Villager`351 missed {
 is already Found: false).
 Position: LorenzVec{x=28.5, y=69.0, z=-57.5}
 DistanceC: 23.80000001192093
Relative Position: LorenzVec{x=-23.80000001192093, y=2.0, z=20.819215705253384}
 }
15:51:43 `hh7a87327w`531 missed {
 is already Found: false).
 Position: LorenzVec{x=125.0, y=73.0, z=165.0}
 DistanceC: 13.530839985884327
Relative Position: LorenzVec{x=13.530839985884327, y=5.0, z=12.551398782976236}
 }
15:51:43 `5z6042ueb9`532 missed {
 is already Found: false).
 Position: LorenzVec{x=123.5, y=79.0, z=165.5}
 DistanceC: 13.051398782976236
Relative Position: LorenzVec{x=12.030839985884327, y=11.0, z=13.051398782976236}
 }
15:53:32 `8x0ra929zi`3405 missed {
 is already Found: false).
 Position: LorenzVec{x=-22.5, y=67.0, z=80.5}
 DistanceC: 5.659556131570646
Relative Position: LorenzVec{x=5.659556131570646, y=3.0, z=-3.036566772606946}
 }
15:56:02 `Pig`556 missed {
 is already Found: false).
 Position: LorenzVec{x=-17.5, y=68.0, z=-106.5}
 DistanceC: 16.05338845474592
Relative Position: LorenzVec{x=-16.05338845474592, y=-4.0625, z=-5.575291391176364}
 }
15:56:02 `Villager`355 missed {
 is already Found: false).
 Position: LorenzVec{x=-21.5, y=68.0, z=-124.5}
 DistanceC: 23.575291391176364
Relative Position: LorenzVec{x=-20.05338845474592, y=-4.0625, z=-23.575291391176364}
 }
15:56:46 `enx55pp20s`225 missed {
 is already Found: false).
 Position: LorenzVec{x=22.0, y=71.0, z=-45.5}
 DistanceC: 1.800000011920929
Relative Position: LorenzVec{x=0.46207060456814375, y=0.0, z=-1.800000011920929}
 }
15:56:47 `Witch`340 missed {
 is already Found: false).
 Position: LorenzVec{x=41.5, y=70.0, z=-63.5}
 DistanceC: 19.962070604568144
Relative Position: LorenzVec{x=19.962070604568144, y=-1.0, z=-19.80000001192093}
 }
15:58:32 `1bjlbvb9og`517 missed {
 is already Found: false).
 Position: LorenzVec{x=-7.5, y=69.0, z=1.5}
 DistanceC: 23.399468485398877
Relative Position: LorenzVec{x=-23.399468485398877, y=7.9375, z=2.8500917866195685}
 }
15:58:38 `3z06rbc3mq`514 missed {
 is already Found: false).
 Position: LorenzVec{x=9.5, y=69.0, z=23.5}
 DistanceC: 21.540159882064227
Relative Position: LorenzVec{x=-14.162189240889482, y=7.9375, z=21.540159882064227}
 }
15:59:00 `Pig`556 missed {
 is already Found: false).
 Position: LorenzVec{x=-17.5, y=68.0, z=-106.5}
 DistanceC: 6.802214477359438
Relative Position: LorenzVec{x=6.802214477359438, y=0.0, z=-2.0590130847988632}
 }
15:59:04 `r2lyrw24go`417 missed {
 is already Found: false).
 Position: LorenzVec{x=-46.5, y=73.0, z=-90.5}
 DistanceC: 22.19778552264056
Relative Position: LorenzVec{x=-22.19778552264056, y=5.0, z=13.940986915201137}
 }
15:59:09 `8i5u484g6w`526 missed {
 is already Found: false).
 Position: LorenzVec{x=-32.5, y=71.0, z=-76.5}
 DistanceC: 22.540664913062443
Relative Position: LorenzVec{x=-22.540664913062443, y=1.0, z=11.454234042407649}
 }
15:59:10 `j36pz988u6`414 missed {
 is already Found: false).
 Position: LorenzVec{x=14.0, y=72.0, z=-106.0}
 DistanceC: 23.959335086937557
Relative Position: LorenzVec{x=23.959335086937557, y=2.0, z=-18.04576595759235}
 }
