10:01:22 [STASH_COMPACT] §f                 §7You have §3771 §7materials stashed away!
10:01:22 [STASH_COMPACT] §f              §8(This totals 4 types of materials stashed!)
10:01:22 [STASH_COMPACT] §f                §3§l>>> §3§lCLICK HERE§b to pick them up! §3§l<<<
10:01:22 [STASH_COMPACT]   
10:01:23 [STASH_COMPACT] §f                 §7You have §3771 §7materials stashed away!
10:01:23 [STASH_COMPACT] §f              §8(This totals 4 types of materials stashed!)
10:01:23 [STASH_COMPACT] §f                §3§l>>> §3§lCLICK HERE§b to pick them up! §3§l<<<
10:01:23 [STASH_COMPACT]   
10:02:23 [STASH_COMPACT] §f                 §7You have §3771 §7materials stashed away!
10:02:23 [STASH_COMPACT] §f              §8(This totals 4 types of materials stashed!)
10:02:23 [STASH_COMPACT] §f                §3§l>>> §3§lCLICK HERE§b to pick them up! §3§l<<<
10:02:23 [STASH_COMPACT]   
10:03:23 [STASH_COMPACT] §f                 §7You have §3771 §7materials stashed away!
10:03:23 [STASH_COMPACT] §f              §8(This totals 4 types of materials stashed!)
10:03:23 [STASH_COMPACT] §f                §3§l>>> §3§lCLICK HERE§b to pick them up! §3§l<<<
10:03:23 [STASH_COMPACT]   
10:04:23 [STASH_COMPACT] §f                 §7You have §3771 §7materials stashed away!
10:04:23 [STASH_COMPACT] §f              §8(This totals 4 types of materials stashed!)
10:04:23 [STASH_COMPACT] §f                §3§l>>> §3§lCLICK HERE§b to pick them up! §3§l<<<
10:04:23 [STASH_COMPACT]   
10:05:23 [STASH_COMPACT] §f                 §7You have §3771 §7materials stashed away!
10:05:23 [STASH_COMPACT] §f              §8(This totals 4 types of materials stashed!)
10:05:23 [STASH_COMPACT] §f                §3§l>>> §3§lCLICK HERE§b to pick them up! §3§l<<<
10:05:23 [STASH_COMPACT]   
10:06:03 [STASH_COMPACT] §f                 §7You have §3771 §7materials stashed away!
10:06:03 [STASH_COMPACT] §f              §8(This totals 4 types of materials stashed!)
10:06:03 [STASH_COMPACT] §f                §3§l>>> §3§lCLICK HERE§b to pick them up! §3§l<<<
10:06:03 [STASH_COMPACT]   
10:06:07 [STASH_COMPACT] §f                 §7You have §3771 §7materials stashed away!
10:06:07 [STASH_COMPACT] §f              §8(This totals 4 types of materials stashed!)
10:06:07 [STASH_COMPACT] §f                §3§l>>> §3§lCLICK HERE§b to pick them up! §3§l<<<
10:06:07 [STASH_COMPACT]   
10:07:08 [STASH_COMPACT] §f                 §7You have §3771 §7materials stashed away!
10:07:08 [STASH_COMPACT] §f              §8(This totals 4 types of materials stashed!)
10:07:08 [STASH_COMPACT] §f                §3§l>>> §3§lCLICK HERE§b to pick them up! §3§l<<<
10:07:08 [STASH_COMPACT]   
10:08:09 [STASH_COMPACT] §f                 §7You have §3771 §7materials stashed away!
10:08:09 [STASH_COMPACT] §f              §8(This totals 4 types of materials stashed!)
10:08:09 [STASH_COMPACT] §f                §3§l>>> §3§lCLICK HERE§b to pick them up! §3§l<<<
10:08:09 [STASH_COMPACT]   
10:09:11 [STASH_COMPACT] §f                 §7You have §3771 §7materials stashed away!
10:09:11 [STASH_COMPACT] §f              §8(This totals 4 types of materials stashed!)
10:09:11 [STASH_COMPACT] §f                §3§l>>> §3§lCLICK HERE§b to pick them up! §3§l<<<
10:09:11 [STASH_COMPACT]   
10:10:12 [STASH_COMPACT] §f                 §7You have §3771 §7materials stashed away!
10:10:12 [STASH_COMPACT] §f              §8(This totals 4 types of materials stashed!)
10:10:12 [STASH_COMPACT] §f                §3§l>>> §3§lCLICK HERE§b to pick them up! §3§l<<<
10:10:12 [STASH_COMPACT]   
10:11:13 [STASH_COMPACT] §f                 §7You have §3771 §7materials stashed away!
10:11:13 [STASH_COMPACT] §f              §8(This totals 4 types of materials stashed!)
10:11:13 [STASH_COMPACT] §f                §3§l>>> §3§lCLICK HERE§b to pick them up! §3§l<<<
10:11:13 [STASH_COMPACT]   
10:12:14 [STASH_COMPACT] §f                 §7You have §3771 §7materials stashed away!
10:12:14 [STASH_COMPACT] §f              §8(This totals 4 types of materials stashed!)
10:12:14 [STASH_COMPACT] §f                §3§l>>> §3§lCLICK HERE§b to pick them up! §3§l<<<
10:12:14 [STASH_COMPACT]   
10:13:15 [STASH_COMPACT] §f                 §7You have §3771 §7materials stashed away!
10:13:15 [STASH_COMPACT] §f              §8(This totals 4 types of materials stashed!)
10:13:15 [STASH_COMPACT] §f                §3§l>>> §3§lCLICK HERE§b to pick them up! §3§l<<<
10:13:15 [STASH_COMPACT]   
10:14:16 [STASH_COMPACT] §f                 §7You have §3771 §7materials stashed away!
10:14:16 [STASH_COMPACT] §f              §8(This totals 4 types of materials stashed!)
10:14:16 [STASH_COMPACT] §f                §3§l>>> §3§lCLICK HERE§b to pick them up! §3§l<<<
10:14:16 [STASH_COMPACT]   
10:14:32 [BESTIARY] §f                                  §6§lBESTIARY
10:14:32 [BESTIARY] §f                              §b§lFrosty §7§8II §8➡§b §bIII
10:14:32 [BESTIARY] 
10:14:32 [BESTIARY] §f                                  §r§6§lREWARDS
10:14:32 [BESTIARY] §f                          §r§8+§r§a2 Frosty §r§b✯ Magic Find
10:14:32 [BESTIARY] §f                          §r§8+§r§a2 Frosty §r§c❁ Strength
10:14:32 [BESTIARY] §f                              §r§8+§r§62% §r§aFrosty §r§7coins
10:14:32 [BESTIARY] §f                    §r§8+§r§a50% §r§7chance for extra XP orbs
10:14:32 [BESTIARY] §f                               §r§8+§r§b1 SkyBlock XP
10:14:32 [BESTIARY] 
10:14:32 [BESTIARY] §3§l▬▬▬▬▬▬▬▬▬▬▬▬▬▬▬▬▬▬▬▬▬▬▬▬▬▬▬▬▬▬▬▬▬▬▬▬▬▬▬▬▬▬▬▬▬▬▬▬▬▬▬▬▬▬▬▬▬▬▬▬▬▬▬▬
10:14:50 [BESTIARY] §f                                  §6§lBESTIARY
10:14:50 [BESTIARY] §f                     §b§lGuardian Defender §7§8II §8➡§b §bIII
10:14:50 [BESTIARY] 
10:14:50 [BESTIARY] §f                                  §r§6§lREWARDS
10:14:50 [BESTIARY] §f                  §r§8+§r§a2 Guardian Defender §r§b✯ Magic Find
10:14:50 [BESTIARY] §f                   §r§8+§r§a2 Guardian Defender §r§c❁ Strength
10:14:50 [BESTIARY] §f                      §r§8+§r§62% §r§aGuardian Defender §r§7coins
10:14:50 [BESTIARY] §f                    §r§8+§r§a50% §r§7chance for extra XP orbs
10:14:50 [BESTIARY] §f                               §r§8+§r§b1 SkyBlock XP
10:14:50 [BESTIARY] 
10:14:50 [BESTIARY] §3§l▬▬▬▬▬▬▬▬▬▬▬▬▬▬▬▬▬▬▬▬▬▬▬▬▬▬▬▬▬▬▬▬▬▬▬▬▬▬▬▬▬▬▬▬▬▬▬▬▬▬▬▬▬▬▬▬▬▬▬▬▬▬▬▬
10:15:05 [BESTIARY] §f                                  §6§lBESTIARY
10:15:05 [BESTIARY] §f                              §b§lGrinch §7§8III §8➡§b §bIV
10:15:05 [BESTIARY] 
10:15:05 [BESTIARY] §f                                  §r§6§lREWARDS
10:15:05 [BESTIARY] §f                          §r§8+§r§a2 Grinch §r§b✯ Magic Find
10:15:05 [BESTIARY] §f                           §r§8+§r§a2 Grinch §r§c❁ Strength
10:15:05 [BESTIARY] §f                              §r§8+§r§62% §r§aGrinch §r§7coins
10:15:05 [BESTIARY] §f                    §r§8+§r§a50% §r§7chance for extra XP orbs
10:15:05 [BESTIARY] §f                               §r§8+§r§b1 SkyBlock XP
10:15:05 [BESTIARY] 
10:15:05 [BESTIARY] §3§l▬▬▬▬▬▬▬▬▬▬▬▬▬▬▬▬▬▬▬▬▬▬▬▬▬▬▬▬▬▬▬▬▬▬▬▬▬▬▬▬▬▬▬▬▬▬▬▬▬▬▬▬▬▬▬▬▬▬▬▬▬▬▬▬
10:15:16 [STASH_COMPACT] §f                 §7You have §3771 §7materials stashed away!
10:15:16 [STASH_COMPACT] §f              §8(This totals 4 types of materials stashed!)
10:15:16 [STASH_COMPACT] §f                §3§l>>> §3§lCLICK HERE§b to pick them up! §3§l<<<
10:15:16 [STASH_COMPACT]   
10:15:24 [BESTIARY] §f                                  §6§lBESTIARY
10:15:24 [BESTIARY] §f                              §b§lFrosty §7§8III §8➡§b §bIV
10:15:24 [BESTIARY] 
10:15:24 [BESTIARY] §f                                  §r§6§lREWARDS
10:15:24 [BESTIARY] §f                          §r§8+§r§a2 Frosty §r§b✯ Magic Find
10:15:24 [BESTIARY] §f                          §r§8+§r§a2 Frosty §r§c❁ Strength
10:15:24 [BESTIARY] §f                              §r§8+§r§62% §r§aFrosty §r§7coins
10:15:24 [BESTIARY] §f                    §r§8+§r§a50% §r§7chance for extra XP orbs
10:15:24 [BESTIARY] §f                               §r§8+§r§b1 SkyBlock XP
10:15:24 [BESTIARY] 
10:15:24 [BESTIARY] §3§l▬▬▬▬▬▬▬▬▬▬▬▬▬▬▬▬▬▬▬▬▬▬▬▬▬▬▬▬▬▬▬▬▬▬▬▬▬▬▬▬▬▬▬▬▬▬▬▬▬▬▬▬▬▬▬▬▬▬▬▬▬▬▬▬
10:15:43 [BESTIARY] §f                                  §6§lBESTIARY
10:15:43 [BESTIARY] §f                           §b§lSea Archer §7§8V §8➡§b §bVI
10:15:43 [BESTIARY] 
10:15:43 [BESTIARY] §f                                  §r§6§lREWARDS
10:15:43 [BESTIARY] §f                       §r§8+§r§a3 Sea Archer §r§b✯ Magic Find
10:15:43 [BESTIARY] §f                       §r§8+§r§a3 Sea Archer §r§c❁ Strength
10:15:43 [BESTIARY] §f                           §r§8+§r§62% §r§aSea Archer §r§7coins
10:15:43 [BESTIARY] §f                    §r§8+§r§a50% §r§7chance for extra XP orbs
10:15:43 [BESTIARY] §f                               §r§8+§r§b1 SkyBlock XP
10:15:43 [BESTIARY] 
10:15:43 [BESTIARY] §3§l▬▬▬▬▬▬▬▬▬▬▬▬▬▬▬▬▬▬▬▬▬▬▬▬▬▬▬▬▬▬▬▬▬▬▬▬▬▬▬▬▬▬▬▬▬▬▬▬▬▬▬▬▬▬▬▬▬▬▬▬▬▬▬▬
10:15:56 [BESTIARY] §f                                  §6§lBESTIARY
10:15:56 [BESTIARY] §f                               §b§lFrosty §7§8IV §8➡§b §bV
10:15:56 [BESTIARY] 
10:15:56 [BESTIARY] §f                                  §r§6§lREWARDS
10:15:56 [BESTIARY] §f                          §r§8+§r§a2 Frosty §r§b✯ Magic Find
10:15:56 [BESTIARY] §f                          §r§8+§r§a2 Frosty §r§c❁ Strength
10:15:56 [BESTIARY] §f                              §r§8+§r§62% §r§aFrosty §r§7coins
10:15:56 [BESTIARY] §f                    §r§8+§r§a50% §r§7chance for extra XP orbs
10:15:56 [BESTIARY] §f                               §r§8+§r§b1 SkyBlock XP
10:15:56 [BESTIARY] 
10:15:56 [BESTIARY] §3§l▬▬▬▬▬▬▬▬▬▬▬▬▬▬▬▬▬▬▬▬▬▬▬▬▬▬▬▬▬▬▬▬▬▬▬▬▬▬▬▬▬▬▬▬▬▬▬▬▬▬▬▬▬▬▬▬▬▬▬▬▬▬▬▬
10:16:06 [BESTIARY] §f                                  §6§lBESTIARY
10:16:06 [BESTIARY] §f                          §b§lFrozen Steve §7§8V §8➡§b §bVI
10:16:06 [BESTIARY] 
10:16:06 [BESTIARY] §f                                  §r§6§lREWARDS
10:16:06 [BESTIARY] §f                     §r§8+§r§a3 Frozen Steve §r§b✯ Magic Find
10:16:06 [BESTIARY] §f                      §r§8+§r§a3 Frozen Steve §r§c❁ Strength
10:16:06 [BESTIARY] §f                         §r§8+§r§62% §r§aFrozen Steve §r§7coins
10:16:06 [BESTIARY] §f                    §r§8+§r§a50% §r§7chance for extra XP orbs
10:16:06 [BESTIARY] §f                               §r§8+§r§b1 SkyBlock XP
10:16:06 [BESTIARY] 
10:16:06 [BESTIARY]   §r§f                         §6§lBESTIARY MILESTONE
10:16:06 [BESTIARY]   §r§f                                   §8CIII➡§eCIV
10:16:06 [BESTIARY] 
10:16:06 [BESTIARY] §3§l▬▬▬▬▬▬▬▬▬▬▬▬▬▬▬▬▬▬▬▬▬▬▬▬▬▬▬▬▬▬▬▬▬▬▬▬▬▬▬▬▬▬▬▬▬▬▬▬▬▬▬▬▬▬▬▬▬▬▬▬▬▬▬▬
10:16:17 [STASH_COMPACT] §f                 §7You have §3771 §7materials stashed away!
10:16:17 [STASH_COMPACT] §f              §8(This totals 4 types of materials stashed!)
10:16:17 [STASH_COMPACT] §f                §3§l>>> §3§lCLICK HERE§b to pick them up! §3§l<<<
10:16:17 [STASH_COMPACT]   
10:17:18 [STASH_COMPACT] §f                 §7You have §3771 §7materials stashed away!
10:17:18 [STASH_COMPACT] §f              §8(This totals 4 types of materials stashed!)
10:17:18 [STASH_COMPACT] §f                §3§l>>> §3§lCLICK HERE§b to pick them up! §3§l<<<
10:17:18 [STASH_COMPACT]   
10:17:41 [BESTIARY] §f                                  §6§lBESTIARY
10:17:41 [BESTIARY] §f                             §b§lCatfish §7§8VI §8➡§b §bVII
10:17:41 [BESTIARY] 
10:17:41 [BESTIARY] §f                                  §r§6§lREWARDS
10:17:41 [BESTIARY] §f                          §r§8+§r§a3 Catfish §r§b✯ Magic Find
10:17:41 [BESTIARY] §f                          §r§8+§r§a3 Catfish §r§c❁ Strength
10:17:41 [BESTIARY] §f                              §r§8+§r§62% §r§aCatfish §r§7coins
10:17:41 [BESTIARY] §f                    §r§8+§r§a50% §r§7chance for extra XP orbs
10:17:41 [BESTIARY] §f                               §r§8+§r§b1 SkyBlock XP
10:17:41 [BESTIARY] 
10:17:41 [BESTIARY] §3§l▬▬▬▬▬▬▬▬▬▬▬▬▬▬▬▬▬▬▬▬▬▬▬▬▬▬▬▬▬▬▬▬▬▬▬▬▬▬▬▬▬▬▬▬▬▬▬▬▬▬▬▬▬▬▬▬▬▬▬▬▬▬▬▬
10:18:19 [STASH_COMPACT] §f                 §7You have §3771 §7materials stashed away!
10:18:19 [STASH_COMPACT] §f              §8(This totals 4 types of materials stashed!)
10:18:19 [STASH_COMPACT] §f                §3§l>>> §3§lCLICK HERE§b to pick them up! §3§l<<<
10:18:19 [STASH_COMPACT]   
10:19:20 [STASH_COMPACT] §f                 §7You have §3771 §7materials stashed away!
10:19:20 [STASH_COMPACT] §f              §8(This totals 4 types of materials stashed!)
10:19:20 [STASH_COMPACT] §f                §3§l>>> §3§lCLICK HERE§b to pick them up! §3§l<<<
10:19:20 [STASH_COMPACT]   
10:19:25 [STASH_COMPACT] §f                 §7You have §3771 §7materials stashed away!
10:19:25 [STASH_COMPACT] §f              §8(This totals 4 types of materials stashed!)
10:19:25 [STASH_COMPACT] §f                §3§l>>> §3§lCLICK HERE§b to pick them up! §3§l<<<
10:19:25 [STASH_COMPACT]   
10:19:26 [STASH_COMPACT] §f                 §7You have §3771 §7materials stashed away!
10:19:26 [STASH_COMPACT] §f              §8(This totals 4 types of materials stashed!)
10:19:26 [STASH_COMPACT] §f                §3§l>>> §3§lCLICK HERE§b to pick them up! §3§l<<<
10:19:26 [STASH_COMPACT]   
10:20:01 [STASH_COMPACT] §f                 §7You have §3771 §7materials stashed away!
10:20:01 [STASH_COMPACT] §f              §8(This totals 4 types of materials stashed!)
10:20:01 [STASH_COMPACT] §f                §3§l>>> §3§lCLICK HERE§b to pick them up! §3§l<<<
10:20:01 [STASH_COMPACT]   
10:20:15 [STASH_COMPACT] §f                 §7You have §3771 §7materials stashed away!
10:20:15 [STASH_COMPACT] §f              §8(This totals 4 types of materials stashed!)
10:20:15 [STASH_COMPACT] §f                §3§l>>> §3§lCLICK HERE§b to pick them up! §3§l<<<
10:20:15 [STASH_COMPACT]   
10:20:20 [STASH_COMPACT] §f                 §7You have §3771 §7materials stashed away!
10:20:20 [STASH_COMPACT] §f              §8(This totals 4 types of materials stashed!)
10:20:20 [STASH_COMPACT] §f                §3§l>>> §3§lCLICK HERE§b to pick them up! §3§l<<<
10:20:20 [STASH_COMPACT]   
10:20:20 [STASH_COMPACT] §f                 §7You have §3771 §7materials stashed away!
10:20:20 [STASH_COMPACT] §f              §8(This totals 4 types of materials stashed!)
10:20:20 [STASH_COMPACT] §f                §3§l>>> §3§lCLICK HERE§b to pick them up! §3§l<<<
10:20:20 [STASH_COMPACT]   
10:21:20 [STASH_COMPACT] §f                 §7You have §3771 §7materials stashed away!
10:21:20 [STASH_COMPACT] §f              §8(This totals 4 types of materials stashed!)
10:21:20 [STASH_COMPACT] §f                §3§l>>> §3§lCLICK HERE§b to pick them up! §3§l<<<
10:21:20 [STASH_COMPACT]   
10:22:21 [STASH_COMPACT] §f                 §7You have §3771 §7materials stashed away!
10:22:21 [STASH_COMPACT] §f              §8(This totals 4 types of materials stashed!)
10:22:21 [STASH_COMPACT] §f                §3§l>>> §3§lCLICK HERE§b to pick them up! §3§l<<<
10:22:21 [STASH_COMPACT]   
10:23:21 [STASH_COMPACT] §f                 §7You have §3771 §7materials stashed away!
10:23:21 [STASH_COMPACT] §f              §8(This totals 4 types of materials stashed!)
10:23:21 [STASH_COMPACT] §f                §3§l>>> §3§lCLICK HERE§b to pick them up! §3§l<<<
10:23:21 [STASH_COMPACT]   
10:24:22 [STASH_COMPACT] §f                 §7You have §3771 §7materials stashed away!
10:24:22 [STASH_COMPACT] §f              §8(This totals 4 types of materials stashed!)
10:24:22 [STASH_COMPACT] §f                §3§l>>> §3§lCLICK HERE§b to pick them up! §3§l<<<
10:24:22 [STASH_COMPACT]   
10:25:22 [STASH_COMPACT] §f                 §7You have §3771 §7materials stashed away!
10:25:22 [STASH_COMPACT] §f              §8(This totals 4 types of materials stashed!)
10:25:22 [STASH_COMPACT] §f                §3§l>>> §3§lCLICK HERE§b to pick them up! §3§l<<<
10:25:22 [STASH_COMPACT]   
10:26:22 [STASH_COMPACT] §f                 §7You have §3771 §7materials stashed away!
10:26:22 [STASH_COMPACT] §f              §8(This totals 4 types of materials stashed!)
10:26:22 [STASH_COMPACT] §f                §3§l>>> §3§lCLICK HERE§b to pick them up! §3§l<<<
10:26:22 [STASH_COMPACT]   
10:27:23 [STASH_COMPACT] §f                 §7You have §3771 §7materials stashed away!
10:27:23 [STASH_COMPACT] §f              §8(This totals 4 types of materials stashed!)
10:27:23 [STASH_COMPACT] §f                §3§l>>> §3§lCLICK HERE§b to pick them up! §3§l<<<
10:27:23 [STASH_COMPACT]   
10:28:23 [STASH_COMPACT] §f                 §7You have §3771 §7materials stashed away!
10:28:23 [STASH_COMPACT] §f              §8(This totals 4 types of materials stashed!)
10:28:23 [STASH_COMPACT] §f                §3§l>>> §3§lCLICK HERE§b to pick them up! §3§l<<<
10:28:23 [STASH_COMPACT]   
10:29:24 [STASH_COMPACT] §f                 §7You have §3771 §7materials stashed away!
10:29:24 [STASH_COMPACT] §f              §8(This totals 4 types of materials stashed!)
10:29:24 [STASH_COMPACT] §f                §3§l>>> §3§lCLICK HERE§b to pick them up! §3§l<<<
10:29:24 [STASH_COMPACT]   
10:30:24 [STASH_COMPACT] §f                 §7You have §3771 §7materials stashed away!
10:30:24 [STASH_COMPACT] §f              §8(This totals 4 types of materials stashed!)
10:30:24 [STASH_COMPACT] §f                §3§l>>> §3§lCLICK HERE§b to pick them up! §3§l<<<
10:30:24 [STASH_COMPACT]   
10:30:56 [STASH_COMPACT] §f                 §7You have §3771 §7materials stashed away!
10:30:56 [STASH_COMPACT] §f              §8(This totals 4 types of materials stashed!)
10:30:56 [STASH_COMPACT] §f                §3§l>>> §3§lCLICK HERE§b to pick them up! §3§l<<<
10:30:56 [STASH_COMPACT]   
10:30:57 [STASH_COMPACT] §f                 §7You have §3771 §7materials stashed away!
10:30:57 [STASH_COMPACT] §f              §8(This totals 4 types of materials stashed!)
10:30:57 [STASH_COMPACT] §f                §3§l>>> §3§lCLICK HERE§b to pick them up! §3§l<<<
10:30:57 [STASH_COMPACT]   
10:31:45 [BESTIARY] §f                                  §6§lBESTIARY
10:31:45 [BESTIARY] §f                                 §b§lAgarimoo §7§bI
10:31:45 [BESTIARY] 
10:31:45 [BESTIARY] §f                                  §r§6§lREWARDS
10:31:45 [BESTIARY] §f                        §r§8+§r§a2 Agarimoo §r§b✯ Magic Find
10:31:45 [BESTIARY] §f                         §r§8+§r§a2 Agarimoo §r§c❁ Strength
10:31:45 [BESTIARY] §f                            §r§8+§r§62% §r§aAgarimoo §r§7coins
10:31:45 [BESTIARY] §f                    §r§8+§r§a50% §r§7chance for extra XP orbs
10:31:45 [BESTIARY] §f                               §r§8+§r§b1 SkyBlock XP
10:31:45 [BESTIARY] 
10:31:45 [BESTIARY] §3§l▬▬▬▬▬▬▬▬▬▬▬▬▬▬▬▬▬▬▬▬▬▬▬▬▬▬▬▬▬▬▬▬▬▬▬▬▬▬▬▬▬▬▬▬▬▬▬▬▬▬▬▬▬▬▬▬▬▬▬▬▬▬▬▬
10:31:56 [STASH_COMPACT] §f                 §7You have §3771 §7materials stashed away!
10:31:56 [STASH_COMPACT] §f              §8(This totals 4 types of materials stashed!)
10:31:56 [STASH_COMPACT] §f                §3§l>>> §3§lCLICK HERE§b to pick them up! §3§l<<<
10:31:56 [STASH_COMPACT]   
10:32:04 [BESTIARY] §f                                  §6§lBESTIARY
10:32:04 [BESTIARY] §f                               §b§lGrinch §7§8IV §8➡§b §bV
10:32:04 [BESTIARY] 
10:32:04 [BESTIARY] §f                                  §r§6§lREWARDS
10:32:04 [BESTIARY] §f                          §r§8+§r§a2 Grinch §r§b✯ Magic Find
10:32:04 [BESTIARY] §f                           §r§8+§r§a2 Grinch §r§c❁ Strength
10:32:04 [BESTIARY] §f                              §r§8+§r§62% §r§aGrinch §r§7coins
10:32:04 [BESTIARY] §f                    §r§8+§r§a50% §r§7chance for extra XP orbs
10:32:04 [BESTIARY] §f                               §r§8+§r§b1 SkyBlock XP
10:32:04 [BESTIARY] 
10:32:04 [BESTIARY] §3§l▬▬▬▬▬▬▬▬▬▬▬▬▬▬▬▬▬▬▬▬▬▬▬▬▬▬▬▬▬▬▬▬▬▬▬▬▬▬▬▬▬▬▬▬▬▬▬▬▬▬▬▬▬▬▬▬▬▬▬▬▬▬▬▬
10:32:37 [BESTIARY] §f                                  §6§lBESTIARY
10:32:37 [BESTIARY] §f                           §b§lNutcracker §7§8IV §8➡§b §bV
10:32:37 [BESTIARY] 
10:32:37 [BESTIARY] §f                                  §r§6§lREWARDS
10:32:37 [BESTIARY] §f                       §r§8+§r§a2 Nutcracker §r§b✯ Magic Find
10:32:37 [BESTIARY] §f                        §r§8+§r§a2 Nutcracker §r§c❁ Strength
10:32:37 [BESTIARY] §f                           §r§8+§r§62% §r§aNutcracker §r§7coins
10:32:37 [BESTIARY] §f                    §r§8+§r§a50% §r§7chance for extra XP orbs
10:32:37 [BESTIARY] §f                               §r§8+§r§b1 SkyBlock XP
10:32:37 [BESTIARY] 
10:32:37 [BESTIARY] §3§l▬▬▬▬▬▬▬▬▬▬▬▬▬▬▬▬▬▬▬▬▬▬▬▬▬▬▬▬▬▬▬▬▬▬▬▬▬▬▬▬▬▬▬▬▬▬▬▬▬▬▬▬▬▬▬▬▬▬▬▬▬▬▬▬
10:32:57 [STASH_COMPACT] §f                 §7You have §3771 §7materials stashed away!
10:32:57 [STASH_COMPACT] §f              §8(This totals 4 types of materials stashed!)
10:32:57 [STASH_COMPACT] §f                §3§l>>> §3§lCLICK HERE§b to pick them up! §3§l<<<
10:32:57 [STASH_COMPACT]   
10:32:58 [STASH_COMPACT] §eOne or more items didn't fit in your inventory and were added to your material stash! §6Click here §eto pick them up!
10:32:58 [STASH_COMPACT] §eOne or more items didn't fit in your inventory and were added to your item stash! §6Click here §eto pick them up!
10:33:57 [STASH_COMPACT] §f                 §7You have §3786 §7materials stashed away!
10:33:57 [STASH_COMPACT] §f              §8(This totals 5 types of materials stashed!)
10:33:57 [STASH_COMPACT] §f                §3§l>>> §3§lCLICK HERE§b to pick them up! §3§l<<<
10:33:57 [STASH_COMPACT]   
10:34:13 [BESTIARY] §f                                  §6§lBESTIARY
10:34:13 [BESTIARY] §f                               §b§lFrosty §7§8V §8➡§b §bVI
10:34:13 [BESTIARY] 
10:34:13 [BESTIARY] §f                                  §r§6§lREWARDS
10:34:13 [BESTIARY] §f                          §r§8+§r§a3 Frosty §r§b✯ Magic Find
10:34:13 [BESTIARY] §f                          §r§8+§r§a3 Frosty §r§c❁ Strength
10:34:13 [BESTIARY] §f                              §r§8+§r§62% §r§aFrosty §r§7coins
10:34:13 [BESTIARY] §f                    §r§8+§r§a50% §r§7chance for extra XP orbs
10:34:13 [BESTIARY] §f                               §r§8+§r§b1 SkyBlock XP
10:34:13 [BESTIARY] 
10:34:13 [BESTIARY] §3§l▬▬▬▬▬▬▬▬▬▬▬▬▬▬▬▬▬▬▬▬▬▬▬▬▬▬▬▬▬▬▬▬▬▬▬▬▬▬▬▬▬▬▬▬▬▬▬▬▬▬▬▬▬▬▬▬▬▬▬▬▬▬▬▬
10:34:58 [STASH_COMPACT] §f                 §7You have §3786 §7materials stashed away!
10:34:58 [STASH_COMPACT] §f              §8(This totals 5 types of materials stashed!)
10:34:58 [STASH_COMPACT] §f                §3§l>>> §3§lCLICK HERE§b to pick them up! §3§l<<<
10:34:58 [STASH_COMPACT]   
10:35:27 [BESTIARY] §f                                  §6§lBESTIARY
10:35:27 [BESTIARY] §f                               §b§lGrinch §7§8V §8➡§b §bVI
10:35:27 [BESTIARY] 
10:35:27 [BESTIARY] §f                                  §r§6§lREWARDS
10:35:27 [BESTIARY] §f                          §r§8+§r§a3 Grinch §r§b✯ Magic Find
10:35:27 [BESTIARY] §f                           §r§8+§r§a3 Grinch §r§c❁ Strength
10:35:27 [BESTIARY] §f                              §r§8+§r§62% §r§aGrinch §r§7coins
10:35:27 [BESTIARY] §f                    §r§8+§r§a50% §r§7chance for extra XP orbs
10:35:27 [BESTIARY] §f                               §r§8+§r§b1 SkyBlock XP
10:35:27 [BESTIARY] 
10:35:27 [BESTIARY] §3§l▬▬▬▬▬▬▬▬▬▬▬▬▬▬▬▬▬▬▬▬▬▬▬▬▬▬▬▬▬▬▬▬▬▬▬▬▬▬▬▬▬▬▬▬▬▬▬▬▬▬▬▬▬▬▬▬▬▬▬▬▬▬▬▬
10:35:59 [STASH_COMPACT] §f                 §7You have §3786 §7materials stashed away!
10:35:59 [STASH_COMPACT] §f              §8(This totals 5 types of materials stashed!)
10:35:59 [STASH_COMPACT] §f                §3§l>>> §3§lCLICK HERE§b to pick them up! §3§l<<<
10:35:59 [STASH_COMPACT]   
10:36:47 [BESTIARY] §f                                  §6§lBESTIARY
10:36:47 [BESTIARY] §f                           §b§lNutcracker §7§8V §8➡§b §bVI
10:36:47 [BESTIARY] 
10:36:47 [BESTIARY] §f                                  §r§6§lREWARDS
10:36:47 [BESTIARY] §f                       §r§8+§r§a3 Nutcracker §r§b✯ Magic Find
10:36:47 [BESTIARY] §f                        §r§8+§r§a3 Nutcracker §r§c❁ Strength
10:36:47 [BESTIARY] §f                           §r§8+§r§62% §r§aNutcracker §r§7coins
10:36:47 [BESTIARY] §f                    §r§8+§r§a50% §r§7chance for extra XP orbs
10:36:47 [BESTIARY] §f                               §r§8+§r§b1 SkyBlock XP
10:36:47 [BESTIARY] 
10:36:47 [BESTIARY] §3§l▬▬▬▬▬▬▬▬▬▬▬▬▬▬▬▬▬▬▬▬▬▬▬▬▬▬▬▬▬▬▬▬▬▬▬▬▬▬▬▬▬▬▬▬▬▬▬▬▬▬▬▬▬▬▬▬▬▬▬▬▬▬▬▬
10:36:55 [BESTIARY] §f                                  §6§lBESTIARY
10:36:55 [BESTIARY] §f                              §b§lAgarimoo §7§8I §8➡§b §bII
10:36:55 [BESTIARY] 
10:36:55 [BESTIARY] §f                                  §r§6§lREWARDS
10:36:55 [BESTIARY] §f                        §r§8+§r§a2 Agarimoo §r§b✯ Magic Find
10:36:55 [BESTIARY] §f                         §r§8+§r§a2 Agarimoo §r§c❁ Strength
10:36:55 [BESTIARY] §f                            §r§8+§r§62% §r§aAgarimoo §r§7coins
10:36:55 [BESTIARY] §f                    §r§8+§r§a50% §r§7chance for extra XP orbs
10:36:55 [BESTIARY] §f                               §r§8+§r§b1 SkyBlock XP
10:36:55 [BESTIARY] 
10:36:55 [BESTIARY] §3§l▬▬▬▬▬▬▬▬▬▬▬▬▬▬▬▬▬▬▬▬▬▬▬▬▬▬▬▬▬▬▬▬▬▬▬▬▬▬▬▬▬▬▬▬▬▬▬▬▬▬▬▬▬▬▬▬▬▬▬▬▬▬▬▬
10:36:59 [STASH_COMPACT] §f                 §7You have §3786 §7materials stashed away!
10:36:59 [STASH_COMPACT] §f              §8(This totals 5 types of materials stashed!)
10:36:59 [STASH_COMPACT] §f                §3§l>>> §3§lCLICK HERE§b to pick them up! §3§l<<<
10:36:59 [STASH_COMPACT]   
10:37:31 [STASH_COMPACT] §eOne or more items didn't fit in your inventory and were added to your material stash! §6Click here §eto pick them up!
10:37:31 [STASH_COMPACT] §eOne or more items didn't fit in your inventory and were added to your item stash! §6Click here §eto pick them up!
10:37:47 [STASH_COMPACT] 
10:38:00 [STASH_COMPACT] §f                 §7You have §3812 §7materials stashed away!
10:38:00 [STASH_COMPACT] §f              §8(This totals 6 types of materials stashed!)
10:38:00 [STASH_COMPACT] §f                §3§l>>> §3§lCLICK HERE§b to pick them up! §3§l<<<
10:38:00 [STASH_COMPACT]   
10:39:00 [STASH_COMPACT] §f                 §7You have §3812 §7materials stashed away!
10:39:00 [STASH_COMPACT] §f              §8(This totals 6 types of materials stashed!)
10:39:00 [STASH_COMPACT] §f                §3§l>>> §3§lCLICK HERE§b to pick them up! §3§l<<<
10:39:00 [STASH_COMPACT]   
10:40:01 [STASH_COMPACT] §f                 §7You have §3812 §7materials stashed away!
10:40:01 [STASH_COMPACT] §f              §8(This totals 6 types of materials stashed!)
10:40:01 [STASH_COMPACT] §f                §3§l>>> §3§lCLICK HERE§b to pick them up! §3§l<<<
10:40:01 [STASH_COMPACT]   
10:41:01 [STASH_COMPACT] §f                 §7You have §3812 §7materials stashed away!
10:41:01 [STASH_COMPACT] §f              §8(This totals 6 types of materials stashed!)
10:41:01 [STASH_COMPACT] §f                §3§l>>> §3§lCLICK HERE§b to pick them up! §3§l<<<
10:41:01 [STASH_COMPACT]   
10:42:02 [STASH_COMPACT] §f                 §7You have §3812 §7materials stashed away!
10:42:02 [STASH_COMPACT] §f              §8(This totals 6 types of materials stashed!)
10:42:02 [STASH_COMPACT] §f                §3§l>>> §3§lCLICK HERE§b to pick them up! §3§l<<<
10:42:02 [STASH_COMPACT]   
10:43:03 [STASH_COMPACT] §f                 §7You have §3812 §7materials stashed away!
10:43:03 [STASH_COMPACT] §f              §8(This totals 6 types of materials stashed!)
10:43:03 [STASH_COMPACT] §f                §3§l>>> §3§lCLICK HERE§b to pick them up! §3§l<<<
10:43:03 [STASH_COMPACT]   
10:44:03 [STASH_COMPACT] §f                 §7You have §3812 §7materials stashed away!
10:44:03 [STASH_COMPACT] §f              §8(This totals 6 types of materials stashed!)
10:44:03 [STASH_COMPACT] §f                §3§l>>> §3§lCLICK HERE§b to pick them up! §3§l<<<
10:44:03 [STASH_COMPACT]   
10:45:04 [STASH_COMPACT] §f                 §7You have §3812 §7materials stashed away!
10:45:04 [STASH_COMPACT] §f              §8(This totals 6 types of materials stashed!)
10:45:04 [STASH_COMPACT] §f                §3§l>>> §3§lCLICK HERE§b to pick them up! §3§l<<<
10:45:04 [STASH_COMPACT]   
10:46:04 [STASH_COMPACT] §f                 §7You have §3812 §7materials stashed away!
10:46:04 [STASH_COMPACT] §f              §8(This totals 6 types of materials stashed!)
10:46:04 [STASH_COMPACT] §f                §3§l>>> §3§lCLICK HERE§b to pick them up! §3§l<<<
10:46:04 [STASH_COMPACT]   
10:47:05 [STASH_COMPACT] §f                 §7You have §3812 §7materials stashed away!
10:47:05 [STASH_COMPACT] §f              §8(This totals 6 types of materials stashed!)
10:47:05 [STASH_COMPACT] §f                §3§l>>> §3§lCLICK HERE§b to pick them up! §3§l<<<
10:47:05 [STASH_COMPACT]   
10:48:05 [STASH_COMPACT] §f                 §7You have §3812 §7materials stashed away!
10:48:05 [STASH_COMPACT] §f              §8(This totals 6 types of materials stashed!)
10:48:05 [STASH_COMPACT] §f                §3§l>>> §3§lCLICK HERE§b to pick them up! §3§l<<<
10:48:05 [STASH_COMPACT]   
10:49:06 [STASH_COMPACT] §f                 §7You have §3812 §7materials stashed away!
10:49:06 [STASH_COMPACT] §f              §8(This totals 6 types of materials stashed!)
10:49:06 [STASH_COMPACT] §f                §3§l>>> §3§lCLICK HERE§b to pick them up! §3§l<<<
10:49:06 [STASH_COMPACT]   
10:49:30 [BESTIARY] §f                                  §6§lBESTIARY
10:49:30 [BESTIARY] §f                          §b§lSea Guardian §7§8V §8➡§b §bVI
10:49:30 [BESTIARY] 
10:49:30 [BESTIARY] §f                                  §r§6§lREWARDS
10:49:30 [BESTIARY] §f                      §r§8+§r§a3 Sea Guardian §r§b✯ Magic Find
10:49:30 [BESTIARY] §f                      §r§8+§r§a3 Sea Guardian §r§c❁ Strength
10:49:30 [BESTIARY] §f                          §r§8+§r§62% §r§aSea Guardian §r§7coins
10:49:30 [BESTIARY] §f                    §r§8+§r§a50% §r§7chance for extra XP orbs
10:49:30 [BESTIARY] §f                               §r§8+§r§b1 SkyBlock XP
10:49:30 [BESTIARY] 
10:49:30 [BESTIARY] §3§l▬▬▬▬▬▬▬▬▬▬▬▬▬▬▬▬▬▬▬▬▬▬▬▬▬▬▬▬▬▬▬▬▬▬▬▬▬▬▬▬▬▬▬▬▬▬▬▬▬▬▬▬▬▬▬▬▬▬▬▬▬▬▬▬
10:49:44 [BESTIARY] §f                                  §6§lBESTIARY
10:49:44 [BESTIARY] §f                                 §b§lYeti §7§8IV §8➡§b §bV
10:49:44 [BESTIARY] 
10:49:44 [BESTIARY] §f                                  §r§6§lREWARDS
10:49:44 [BESTIARY] §f                            §r§8+§r§a2 Yeti §r§b✯ Magic Find
10:49:44 [BESTIARY] §f                            §r§8+§r§a2 Yeti §r§c❁ Strength
10:49:44 [BESTIARY] §f                                §r§8+§r§62% §r§aYeti §r§7coins
10:49:44 [BESTIARY] §f                    §r§8+§r§a50% §r§7chance for extra XP orbs
10:49:44 [BESTIARY] §f                               §r§8+§r§b1 SkyBlock XP
10:49:44 [BESTIARY] 
10:49:44 [BESTIARY]   §r§f                         §6§lBESTIARY MILESTONE
10:49:44 [BESTIARY]   §r§f                                    §8CIV➡§eCV
10:49:44 [BESTIARY] 
10:49:44 [BESTIARY] §3§l▬▬▬▬▬▬▬▬▬▬▬▬▬▬▬▬▬▬▬▬▬▬▬▬▬▬▬▬▬▬▬▬▬▬▬▬▬▬▬▬▬▬▬▬▬▬▬▬▬▬▬▬▬▬▬▬▬▬▬▬▬▬▬▬
10:50:06 [STASH_COMPACT] §f                 §7You have §3812 §7materials stashed away!
10:50:06 [STASH_COMPACT] §f              §8(This totals 6 types of materials stashed!)
10:50:06 [STASH_COMPACT] §f                §3§l>>> §3§lCLICK HERE§b to pick them up! §3§l<<<
10:50:06 [STASH_COMPACT]   
10:50:42 [BESTIARY] §f                                  §6§lBESTIARY
10:50:42 [BESTIARY] §f                             §b§lAgarimoo §7§8II §8➡§b §bIII
10:50:42 [BESTIARY] 
10:50:42 [BESTIARY] §f                                  §r§6§lREWARDS
10:50:42 [BESTIARY] §f                        §r§8+§r§a2 Agarimoo §r§b✯ Magic Find
10:50:42 [BESTIARY] §f                         §r§8+§r§a2 Agarimoo §r§c❁ Strength
10:50:42 [BESTIARY] §f                            §r§8+§r§62% §r§aAgarimoo §r§7coins
10:50:42 [BESTIARY] §f                    §r§8+§r§a50% §r§7chance for extra XP orbs
10:50:42 [BESTIARY] §f                               §r§8+§r§b1 SkyBlock XP
10:50:42 [BESTIARY] 
10:50:42 [BESTIARY] §3§l▬▬▬▬▬▬▬▬▬▬▬▬▬▬▬▬▬▬▬▬▬▬▬▬▬▬▬▬▬▬▬▬▬▬▬▬▬▬▬▬▬▬▬▬▬▬▬▬▬▬▬▬▬▬▬▬▬▬▬▬▬▬▬▬
10:51:07 [STASH_COMPACT] §f                 §7You have §3812 §7materials stashed away!
10:51:07 [STASH_COMPACT] §f              §8(This totals 6 types of materials stashed!)
10:51:07 [STASH_COMPACT] §f                §3§l>>> §3§lCLICK HERE§b to pick them up! §3§l<<<
10:51:07 [STASH_COMPACT]   
10:51:38 [BESTIARY] §f                                  §6§lBESTIARY
10:51:38 [BESTIARY] §f                      §b§lRider of the Deep §7§8V §8➡§b §bVI
10:51:38 [BESTIARY] 
10:51:38 [BESTIARY] §f                                  §r§6§lREWARDS
10:51:38 [BESTIARY] §f                   §r§8+§r§a3 Rider of the Deep §r§b✯ Magic Find
10:51:38 [BESTIARY] §f                    §r§8+§r§a3 Rider of the Deep §r§c❁ Strength
10:51:38 [BESTIARY] §f                       §r§8+§r§62% §r§aRider of the Deep §r§7coins
10:51:38 [BESTIARY] §f                    §r§8+§r§a50% §r§7chance for extra XP orbs
10:51:38 [BESTIARY] §f                               §r§8+§r§b1 SkyBlock XP
10:51:38 [BESTIARY] 
10:51:38 [BESTIARY] §3§l▬▬▬▬▬▬▬▬▬▬▬▬▬▬▬▬▬▬▬▬▬▬▬▬▬▬▬▬▬▬▬▬▬▬▬▬▬▬▬▬▬▬▬▬▬▬▬▬▬▬▬▬▬▬▬▬▬▬▬▬▬▬▬▬
10:51:38 [BESTIARY] §f                                  §6§lBESTIARY
10:51:38 [BESTIARY] §f                            §b§lAgarimoo §7§8III §8➡§b §bIV
10:51:38 [BESTIARY] 
10:51:38 [BESTIARY] §f                                  §r§6§lREWARDS
10:51:38 [BESTIARY] §f                        §r§8+§r§a2 Agarimoo §r§b✯ Magic Find
10:51:38 [BESTIARY] §f                         §r§8+§r§a2 Agarimoo §r§c❁ Strength
10:51:38 [BESTIARY] §f                            §r§8+§r§62% §r§aAgarimoo §r§7coins
10:51:38 [BESTIARY] §f                    §r§8+§r§a50% §r§7chance for extra XP orbs
10:51:38 [BESTIARY] §f                               §r§8+§r§b1 SkyBlock XP
10:51:38 [BESTIARY] 
10:51:38 [BESTIARY] §3§l▬▬▬▬▬▬▬▬▬▬▬▬▬▬▬▬▬▬▬▬▬▬▬▬▬▬▬▬▬▬▬▬▬▬▬▬▬▬▬▬▬▬▬▬▬▬▬▬▬▬▬▬▬▬▬▬▬▬▬▬▬▬▬▬
10:52:07 [STASH_COMPACT] §f                 §7You have §3812 §7materials stashed away!
10:52:08 [STASH_COMPACT] §f              §8(This totals 6 types of materials stashed!)
10:52:08 [STASH_COMPACT] §f                §3§l>>> §3§lCLICK HERE§b to pick them up! §3§l<<<
10:52:08 [STASH_COMPACT]   
10:52:17 [BESTIARY] §f                                  §6§lBESTIARY
10:52:17 [BESTIARY] §f                    §b§lDeep Sea Protector §7§8II §8➡§b §bIII
10:52:17 [BESTIARY] 
10:52:17 [BESTIARY] §f                                  §r§6§lREWARDS
10:52:17 [BESTIARY] §f                 §r§8+§r§a2 Deep Sea Protector §r§b✯ Magic Find
10:52:17 [BESTIARY] §f                  §r§8+§r§a2 Deep Sea Protector §r§c❁ Strength
10:52:17 [BESTIARY] §f                     §r§8+§r§62% §r§aDeep Sea Protector §r§7coins
10:52:17 [BESTIARY] §f                    §r§8+§r§a50% §r§7chance for extra XP orbs
10:52:17 [BESTIARY] §f                               §r§8+§r§b1 SkyBlock XP
10:52:17 [BESTIARY] 
10:52:17 [BESTIARY] §3§l▬▬▬▬▬▬▬▬▬▬▬▬▬▬▬▬▬▬▬▬▬▬▬▬▬▬▬▬▬▬▬▬▬▬▬▬▬▬▬▬▬▬▬▬▬▬▬▬▬▬▬▬▬▬▬▬▬▬▬▬▬▬▬▬
10:52:53 [BESTIARY] §f                                  §6§lBESTIARY
10:52:53 [BESTIARY] §f                         §b§lFrozen Steve §7§8VI §8➡§b §bVII
10:52:53 [BESTIARY] 
10:52:53 [BESTIARY] §f                                  §r§6§lREWARDS
10:52:53 [BESTIARY] §f                     §r§8+§r§a3 Frozen Steve §r§b✯ Magic Find
10:52:53 [BESTIARY] §f                      §r§8+§r§a3 Frozen Steve §r§c❁ Strength
10:52:53 [BESTIARY] §f                         §r§8+§r§62% §r§aFrozen Steve §r§7coins
10:52:53 [BESTIARY] §f                    §r§8+§r§a50% §r§7chance for extra XP orbs
10:52:53 [BESTIARY] §f                               §r§8+§r§b1 SkyBlock XP
10:52:53 [BESTIARY] 
10:52:53 [BESTIARY] §3§l▬▬▬▬▬▬▬▬▬▬▬▬▬▬▬▬▬▬▬▬▬▬▬▬▬▬▬▬▬▬▬▬▬▬▬▬▬▬▬▬▬▬▬▬▬▬▬▬▬▬▬▬▬▬▬▬▬▬▬▬▬▬▬▬
10:53:02 [BESTIARY] §f                                  §6§lBESTIARY
10:53:02 [BESTIARY] §f                             §b§lAgarimoo §7§8IV §8➡§b §bV
10:53:02 [BESTIARY] 
10:53:02 [BESTIARY] §f                                  §r§6§lREWARDS
10:53:02 [BESTIARY] §f                        §r§8+§r§a2 Agarimoo §r§b✯ Magic Find
10:53:02 [BESTIARY] §f                         §r§8+§r§a2 Agarimoo §r§c❁ Strength
10:53:02 [BESTIARY] §f                            §r§8+§r§62% §r§aAgarimoo §r§7coins
10:53:02 [BESTIARY] §f                    §r§8+§r§a50% §r§7chance for extra XP orbs
10:53:02 [BESTIARY] §f                               §r§8+§r§b1 SkyBlock XP
10:53:02 [BESTIARY] 
10:53:02 [BESTIARY] §3§l▬▬▬▬▬▬▬▬▬▬▬▬▬▬▬▬▬▬▬▬▬▬▬▬▬▬▬▬▬▬▬▬▬▬▬▬▬▬▬▬▬▬▬▬▬▬▬▬▬▬▬▬▬▬▬▬▬▬▬▬▬▬▬▬
10:53:08 [STASH_COMPACT] §f                 §7You have §3812 §7materials stashed away!
10:53:08 [STASH_COMPACT] §f              §8(This totals 6 types of materials stashed!)
10:53:08 [STASH_COMPACT] §f                §3§l>>> §3§lCLICK HERE§b to pick them up! §3§l<<<
10:53:08 [STASH_COMPACT]   
10:54:09 [STASH_COMPACT] §f                 §7You have §3812 §7materials stashed away!
10:54:09 [STASH_COMPACT] §f              §8(This totals 6 types of materials stashed!)
10:54:09 [STASH_COMPACT] §f                §3§l>>> §3§lCLICK HERE§b to pick them up! §3§l<<<
10:54:09 [STASH_COMPACT]   
10:54:26 [BESTIARY] §f                                  §6§lBESTIARY
10:54:26 [BESTIARY] §f                              §b§lGrinch §7§8VI §8➡§b §bVII
10:54:26 [BESTIARY] 
10:54:26 [BESTIARY] §f                                  §r§6§lREWARDS
10:54:26 [BESTIARY] §f                          §r§8+§r§a3 Grinch §r§b✯ Magic Find
10:54:26 [BESTIARY] §f                           §r§8+§r§a3 Grinch §r§c❁ Strength
10:54:26 [BESTIARY] §f                              §r§8+§r§62% §r§aGrinch §r§7coins
10:54:26 [BESTIARY] §f                    §r§8+§r§a50% §r§7chance for extra XP orbs
10:54:26 [BESTIARY] §f                               §r§8+§r§b1 SkyBlock XP
10:54:26 [BESTIARY] 
10:54:26 [BESTIARY] §3§l▬▬▬▬▬▬▬▬▬▬▬▬▬▬▬▬▬▬▬▬▬▬▬▬▬▬▬▬▬▬▬▬▬▬▬▬▬▬▬▬▬▬▬▬▬▬▬▬▬▬▬▬▬▬▬▬▬▬▬▬▬▬▬▬
10:55:09 [STASH_COMPACT] §f                 §7You have §3812 §7materials stashed away!
10:55:09 [STASH_COMPACT] §f              §8(This totals 6 types of materials stashed!)
10:55:09 [STASH_COMPACT] §f                §3§l>>> §3§lCLICK HERE§b to pick them up! §3§l<<<
10:55:09 [STASH_COMPACT]   
10:55:16 [BESTIARY] §f                                  §6§lBESTIARY
10:55:16 [BESTIARY] §f                              §b§lFrosty §7§8VI §8➡§b §bVII
10:55:16 [BESTIARY] 
10:55:16 [BESTIARY] §f                                  §r§6§lREWARDS
10:55:16 [BESTIARY] §f                          §r§8+§r§a3 Frosty §r§b✯ Magic Find
10:55:16 [BESTIARY] §f                          §r§8+§r§a3 Frosty §r§c❁ Strength
10:55:16 [BESTIARY] §f                              §r§8+§r§62% §r§aFrosty §r§7coins
10:55:16 [BESTIARY] §f                    §r§8+§r§a50% §r§7chance for extra XP orbs
10:55:16 [BESTIARY] §f                               §r§8+§r§b1 SkyBlock XP
10:55:16 [BESTIARY] 
10:55:16 [BESTIARY] §3§l▬▬▬▬▬▬▬▬▬▬▬▬▬▬▬▬▬▬▬▬▬▬▬▬▬▬▬▬▬▬▬▬▬▬▬▬▬▬▬▬▬▬▬▬▬▬▬▬▬▬▬▬▬▬▬▬▬▬▬▬▬▬▬▬
10:56:10 [STASH_COMPACT] §f                 §7You have §3812 §7materials stashed away!
10:56:10 [STASH_COMPACT] §f              §8(This totals 6 types of materials stashed!)
10:56:10 [STASH_COMPACT] §f                §3§l>>> §3§lCLICK HERE§b to pick them up! §3§l<<<
10:56:10 [STASH_COMPACT]   
10:57:10 [STASH_COMPACT] §f                 §7You have §3812 §7materials stashed away!
10:57:10 [STASH_COMPACT] §f              §8(This totals 6 types of materials stashed!)
10:57:10 [STASH_COMPACT] §f                §3§l>>> §3§lCLICK HERE§b to pick them up! §3§l<<<
10:57:10 [STASH_COMPACT]   
10:58:11 [STASH_COMPACT] §f                 §7You have §3812 §7materials stashed away!
10:58:11 [STASH_COMPACT] §f              §8(This totals 6 types of materials stashed!)
10:58:11 [STASH_COMPACT] §f                §3§l>>> §3§lCLICK HERE§b to pick them up! §3§l<<<
10:58:11 [STASH_COMPACT]   
10:59:11 [STASH_COMPACT] §f                 §7You have §3812 §7materials stashed away!
10:59:11 [STASH_COMPACT] §f              §8(This totals 6 types of materials stashed!)
10:59:11 [STASH_COMPACT] §f                §3§l>>> §3§lCLICK HERE§b to pick them up! §3§l<<<
10:59:11 [STASH_COMPACT]   
11:00:12 [STASH_COMPACT] §f                 §7You have §3812 §7materials stashed away!
11:00:12 [STASH_COMPACT] §f              §8(This totals 6 types of materials stashed!)
11:00:12 [STASH_COMPACT] §f                §3§l>>> §3§lCLICK HERE§b to pick them up! §3§l<<<
11:00:12 [STASH_COMPACT]   
11:01:12 [STASH_COMPACT] §f                 §7You have §3812 §7materials stashed away!
11:01:12 [STASH_COMPACT] §f              §8(This totals 6 types of materials stashed!)
11:01:12 [STASH_COMPACT] §f                §3§l>>> §3§lCLICK HERE§b to pick them up! §3§l<<<
11:01:12 [STASH_COMPACT]   
11:01:31 [STASH_COMPACT] §f                 §7You have §3812 §7materials stashed away!
11:01:31 [STASH_COMPACT] §f              §8(This totals 6 types of materials stashed!)
11:01:31 [STASH_COMPACT] §f                §3§l>>> §3§lCLICK HERE§b to pick them up! §3§l<<<
11:01:31 [STASH_COMPACT]   
11:01:32 [STASH_COMPACT] §f                 §7You have §3812 §7materials stashed away!
11:01:32 [STASH_COMPACT] §f              §8(This totals 6 types of materials stashed!)
11:01:32 [STASH_COMPACT] §f                §3§l>>> §3§lCLICK HERE§b to pick them up! §3§l<<<
11:01:32 [STASH_COMPACT]   
11:02:32 [STASH_COMPACT] §f                 §7You have §3812 §7materials stashed away!
11:02:32 [STASH_COMPACT] §f              §8(This totals 6 types of materials stashed!)
11:02:32 [STASH_COMPACT] §f                §3§l>>> §3§lCLICK HERE§b to pick them up! §3§l<<<
11:02:32 [STASH_COMPACT]   
11:03:36 [STASH_COMPACT] §f                 §7You have §3812 §7materials stashed away!
11:03:36 [STASH_COMPACT] §f              §8(This totals 6 types of materials stashed!)
11:03:36 [STASH_COMPACT] §f                §3§l>>> §3§lCLICK HERE§b to pick them up! §3§l<<<
11:03:36 [STASH_COMPACT]   
11:03:37 [STASH_COMPACT] §f                 §7You have §3812 §7materials stashed away!
11:03:37 [STASH_COMPACT] §f              §8(This totals 6 types of materials stashed!)
11:03:37 [STASH_COMPACT] §f                §3§l>>> §3§lCLICK HERE§b to pick them up! §3§l<<<
11:03:37 [STASH_COMPACT]   
11:04:21 [STASH_COMPACT] §f                 §7You have §3812 §7materials stashed away!
11:04:21 [STASH_COMPACT] §f              §8(This totals 6 types of materials stashed!)
11:04:21 [STASH_COMPACT] §f                §3§l>>> §3§lCLICK HERE§b to pick them up! §3§l<<<
11:04:21 [STASH_COMPACT]   
11:04:22 [STASH_COMPACT] §f                 §7You have §3812 §7materials stashed away!
11:04:22 [STASH_COMPACT] §f              §8(This totals 6 types of materials stashed!)
11:04:22 [STASH_COMPACT] §f                §3§l>>> §3§lCLICK HERE§b to pick them up! §3§l<<<
11:04:22 [STASH_COMPACT]   
11:05:22 [STASH_COMPACT] §f                 §7You have §3812 §7materials stashed away!
11:05:22 [STASH_COMPACT] §f              §8(This totals 6 types of materials stashed!)
11:05:22 [STASH_COMPACT] §f                §3§l>>> §3§lCLICK HERE§b to pick them up! §3§l<<<
11:05:22 [STASH_COMPACT]   
11:06:22 [STASH_COMPACT] §f                 §7You have §3812 §7materials stashed away!
11:06:22 [STASH_COMPACT] §f              §8(This totals 6 types of materials stashed!)
11:06:22 [STASH_COMPACT] §f                §3§l>>> §3§lCLICK HERE§b to pick them up! §3§l<<<
11:06:22 [STASH_COMPACT]   
11:07:22 [STASH_COMPACT] §f                 §7You have §3812 §7materials stashed away!
11:07:22 [STASH_COMPACT] §f              §8(This totals 6 types of materials stashed!)
11:07:22 [STASH_COMPACT] §f                §3§l>>> §3§lCLICK HERE§b to pick them up! §3§l<<<
11:07:22 [STASH_COMPACT]   
11:08:22 [STASH_COMPACT] §f                 §7You have §3812 §7materials stashed away!
11:08:22 [STASH_COMPACT] §f              §8(This totals 6 types of materials stashed!)
11:08:22 [STASH_COMPACT] §f                §3§l>>> §3§lCLICK HERE§b to pick them up! §3§l<<<
11:08:22 [STASH_COMPACT]   
11:09:22 [STASH_COMPACT] §f                 §7You have §3812 §7materials stashed away!
11:09:22 [STASH_COMPACT] §f              §8(This totals 6 types of materials stashed!)
11:09:22 [STASH_COMPACT] §f                §3§l>>> §3§lCLICK HERE§b to pick them up! §3§l<<<
11:09:22 [STASH_COMPACT]   
11:10:23 [STASH_COMPACT] §f                 §7You have §3812 §7materials stashed away!
11:10:23 [STASH_COMPACT] §f              §8(This totals 6 types of materials stashed!)
11:10:23 [STASH_COMPACT] §f                §3§l>>> §3§lCLICK HERE§b to pick them up! §3§l<<<
11:10:23 [STASH_COMPACT]   
11:11:23 [STASH_COMPACT] §f                 §7You have §3812 §7materials stashed away!
11:11:23 [STASH_COMPACT] §f              §8(This totals 6 types of materials stashed!)
11:11:23 [STASH_COMPACT] §f                §3§l>>> §3§lCLICK HERE§b to pick them up! §3§l<<<
11:11:23 [STASH_COMPACT]   
11:12:23 [STASH_COMPACT] §f                 §7You have §3812 §7materials stashed away!
11:12:23 [STASH_COMPACT] §f              §8(This totals 6 types of materials stashed!)
11:12:23 [STASH_COMPACT] §f                §3§l>>> §3§lCLICK HERE§b to pick them up! §3§l<<<
11:12:23 [STASH_COMPACT]   
11:13:23 [STASH_COMPACT] §f                 §7You have §3812 §7materials stashed away!
11:13:23 [STASH_COMPACT] §f              §8(This totals 6 types of materials stashed!)
11:13:23 [STASH_COMPACT] §f                §3§l>>> §3§lCLICK HERE§b to pick them up! §3§l<<<
11:13:23 [STASH_COMPACT]   
11:14:23 [STASH_COMPACT] §f                 §7You have §3812 §7materials stashed away!
11:14:23 [STASH_COMPACT] §f              §8(This totals 6 types of materials stashed!)
11:14:23 [STASH_COMPACT] §f                §3§l>>> §3§lCLICK HERE§b to pick them up! §3§l<<<
11:14:23 [STASH_COMPACT]   
11:15:24 [STASH_COMPACT] §f                 §7You have §3812 §7materials stashed away!
11:15:24 [STASH_COMPACT] §f              §8(This totals 6 types of materials stashed!)
11:15:24 [STASH_COMPACT] §f                §3§l>>> §3§lCLICK HERE§b to pick them up! §3§l<<<
11:15:24 [STASH_COMPACT]   
11:16:24 [STASH_COMPACT] §f                 §7You have §3812 §7materials stashed away!
11:16:24 [STASH_COMPACT] §f              §8(This totals 6 types of materials stashed!)
11:16:24 [STASH_COMPACT] §f                §3§l>>> §3§lCLICK HERE§b to pick them up! §3§l<<<
11:16:24 [STASH_COMPACT]   
11:16:31 [STASH_COMPACT] §f                 §7You have §3812 §7materials stashed away!
11:16:31 [STASH_COMPACT] §f              §8(This totals 6 types of materials stashed!)
11:16:31 [STASH_COMPACT] §f                §3§l>>> §3§lCLICK HERE§b to pick them up! §3§l<<<
11:16:31 [STASH_COMPACT]   
11:17:22 [STASH_COMPACT] §f                 §7You have §3812 §7materials stashed away!
11:17:22 [STASH_COMPACT] §f              §8(This totals 6 types of materials stashed!)
11:17:22 [STASH_COMPACT] §f                §3§l>>> §3§lCLICK HERE§b to pick them up! §3§l<<<
11:17:22 [STASH_COMPACT]   
11:18:23 [STASH_COMPACT] §f                 §7You have §3812 §7materials stashed away!
11:18:23 [STASH_COMPACT] §f              §8(This totals 6 types of materials stashed!)
11:18:23 [STASH_COMPACT] §f                §3§l>>> §3§lCLICK HERE§b to pick them up! §3§l<<<
11:18:23 [STASH_COMPACT]   
11:19:24 [STASH_COMPACT] §f                 §7You have §3812 §7materials stashed away!
11:19:24 [STASH_COMPACT] §f              §8(This totals 6 types of materials stashed!)
11:19:24 [STASH_COMPACT] §f                §3§l>>> §3§lCLICK HERE§b to pick them up! §3§l<<<
11:19:24 [STASH_COMPACT]   
11:20:25 [STASH_COMPACT] §f                 §7You have §3812 §7materials stashed away!
11:20:25 [STASH_COMPACT] §f              §8(This totals 6 types of materials stashed!)
11:20:25 [STASH_COMPACT] §f                §3§l>>> §3§lCLICK HERE§b to pick them up! §3§l<<<
11:20:25 [STASH_COMPACT]   
11:21:26 [STASH_COMPACT] §f                 §7You have §3812 §7materials stashed away!
11:21:26 [STASH_COMPACT] §f              §8(This totals 6 types of materials stashed!)
11:21:26 [STASH_COMPACT] §f                §3§l>>> §3§lCLICK HERE§b to pick them up! §3§l<<<
11:21:26 [STASH_COMPACT]   
11:22:26 [STASH_COMPACT] §f                 §7You have §3812 §7materials stashed away!
11:22:26 [STASH_COMPACT] §f              §8(This totals 6 types of materials stashed!)
11:22:26 [STASH_COMPACT] §f                §3§l>>> §3§lCLICK HERE§b to pick them up! §3§l<<<
11:22:26 [STASH_COMPACT]   
11:22:46 [STASH_COMPACT] §f                 §7You have §3812 §7materials stashed away!
11:22:46 [STASH_COMPACT] §f              §8(This totals 6 types of materials stashed!)
11:22:46 [STASH_COMPACT] §f                §3§l>>> §3§lCLICK HERE§b to pick them up! §3§l<<<
11:22:46 [STASH_COMPACT]   
11:22:47 [STASH_COMPACT] §f                 §7You have §3812 §7materials stashed away!
11:22:47 [STASH_COMPACT] §f              §8(This totals 6 types of materials stashed!)
11:22:47 [STASH_COMPACT] §f                §3§l>>> §3§lCLICK HERE§b to pick them up! §3§l<<<
11:22:47 [STASH_COMPACT]   
11:23:47 [STASH_COMPACT] §f                 §7You have §3812 §7materials stashed away!
11:23:47 [STASH_COMPACT] §f              §8(This totals 6 types of materials stashed!)
11:23:47 [STASH_COMPACT] §f                §3§l>>> §3§lCLICK HERE§b to pick them up! §3§l<<<
11:23:47 [STASH_COMPACT]   
11:24:38 [STASH_COMPACT] §f                 §7You have §3812 §7materials stashed away!
11:24:38 [STASH_COMPACT] §f              §8(This totals 6 types of materials stashed!)
11:24:38 [STASH_COMPACT] §f                §3§l>>> §3§lCLICK HERE§b to pick them up! §3§l<<<
11:24:38 [STASH_COMPACT]   
11:24:39 [STASH_COMPACT] §f                 §7You have §3812 §7materials stashed away!
11:24:39 [STASH_COMPACT] §f              §8(This totals 6 types of materials stashed!)
11:24:39 [STASH_COMPACT] §f                §3§l>>> §3§lCLICK HERE§b to pick them up! §3§l<<<
11:24:39 [STASH_COMPACT]   
11:24:47 [GARDEN_VISITOR_MESSAGE] §e[NPC] §aLynn§f: §r§fIf you ever get lost, you should check on the Desk on what to do next.
11:25:39 [GARDEN_VISITOR_MESSAGE] §e[NPC] §aVex§f: §r§fI have an offer for you that you can't refuse.
11:25:40 [STASH_COMPACT] §f                 §7You have §3812 §7materials stashed away!
11:25:40 [STASH_COMPACT] §f              §8(This totals 6 types of materials stashed!)
11:25:40 [STASH_COMPACT] §f                §3§l>>> §3§lCLICK HERE§b to pick them up! §3§l<<<
11:25:40 [STASH_COMPACT]   
11:25:53 [GARDEN_VISITOR_MESSAGE] §e[NPC] §aRhys§f: §r§fI found an unexplored cave while mining for titanium. But it's too dark to see in there, even for me! Can you spare any glowing pumpkins?
11:25:58 [GARDEN_VISITOR_MESSAGE] §e[NPC] §aTom§f: §r§fI don't have a recipe for you, however I'd happily take some crops.
11:26:04 [GARDEN_VISITOR_MESSAGE] §e[NPC] §aAndrew§f: §rDid you know that SkyBlock has been running for §b4896 §fin-game months already? Time flies.
11:26:40 [STASH_COMPACT] §f                 §7You have §3812 §7materials stashed away!
11:26:40 [STASH_COMPACT] §f              §8(This totals 6 types of materials stashed!)
11:26:40 [STASH_COMPACT] §f                §3§l>>> §3§lCLICK HERE§b to pick them up! §3§l<<<
11:26:40 [STASH_COMPACT]   
11:27:16 [GARDEN_VISITOR_MESSAGE] §e[NPC] §aAndrew§f: §r§fSee you around!
11:27:19 [NEW_VISITOR_ARRIVED] §a§r§aPlumber Joe §r§ehas arrived on your §r§aGarden§r§e!
11:27:32 [GARDEN_VISITOR_MESSAGE] §e[NPC] §aLynn§f: §r§fHave a good one.
11:27:34 [GARDEN_VISITOR_MESSAGE] §e[NPC] §aVex§f: §r§fTold you.
11:27:38 [GARDEN_VISITOR_MESSAGE] §e[NPC] §aTom§f: §r§fI'll be sure to come by next time.
11:27:40 [STASH_COMPACT] §f                 §7You have §3812 §7materials stashed away!
11:27:40 [STASH_COMPACT] §f              §8(This totals 6 types of materials stashed!)
11:27:40 [STASH_COMPACT] §f                §3§l>>> §3§lCLICK HERE§b to pick them up! §3§l<<<
11:27:40 [STASH_COMPACT]   
11:27:41 [GARDEN_VISITOR_MESSAGE] §e[NPC] §aPlumber Joe§f: §r§fI once dumped a magical water bucket into the toilet. It won't stop overflowing. Anyway, you got something for me?
11:28:41 [STASH_COMPACT] §f                 §7You have §3812 §7materials stashed away!
11:28:41 [STASH_COMPACT] §f              §8(This totals 6 types of materials stashed!)
11:28:41 [STASH_COMPACT] §f                §3§l>>> §3§lCLICK HERE§b to pick them up! §3§l<<<
11:28:41 [STASH_COMPACT]   
11:29:41 [STASH_COMPACT] §f                 §7You have §3812 §7materials stashed away!
11:29:41 [STASH_COMPACT] §f              §8(This totals 6 types of materials stashed!)
11:29:41 [STASH_COMPACT] §f                §3§l>>> §3§lCLICK HERE§b to pick them up! §3§l<<<
11:29:41 [STASH_COMPACT]   
11:29:54 [GARDEN_VISITOR_MESSAGE] §e[NPC] §aPlumber Joe§f: §r§fThanks. That should help me fix my water troubles.
11:30:41 [STASH_COMPACT] §f                 §7You have §3812 §7materials stashed away!
11:30:41 [STASH_COMPACT] §f              §8(This totals 6 types of materials stashed!)
11:30:41 [STASH_COMPACT] §f                §3§l>>> §3§lCLICK HERE§b to pick them up! §3§l<<<
11:30:41 [STASH_COMPACT]   
11:31:41 [STASH_COMPACT] §f                 §7You have §3812 §7materials stashed away!
11:31:41 [STASH_COMPACT] §f              §8(This totals 6 types of materials stashed!)
11:31:41 [STASH_COMPACT] §f                §3§l>>> §3§lCLICK HERE§b to pick them up! §3§l<<<
11:31:41 [STASH_COMPACT]   
11:31:55 [STASH_COMPACT] §f                 §7You have §3812 §7materials stashed away!
11:31:55 [STASH_COMPACT] §f              §8(This totals 6 types of materials stashed!)
11:31:55 [STASH_COMPACT] §f                §3§l>>> §3§lCLICK HERE§b to pick them up! §3§l<<<
11:31:55 [STASH_COMPACT]   
11:31:56 [STASH_COMPACT] §f                 §7You have §3812 §7materials stashed away!
11:31:56 [STASH_COMPACT] §f              §8(This totals 6 types of materials stashed!)
11:31:56 [STASH_COMPACT] §f                §3§l>>> §3§lCLICK HERE§b to pick them up! §3§l<<<
11:31:56 [STASH_COMPACT]   
11:32:56 [STASH_COMPACT] §f                 §7You have §3812 §7materials stashed away!
11:32:56 [STASH_COMPACT] §f              §8(This totals 6 types of materials stashed!)
11:32:56 [STASH_COMPACT] §f                §3§l>>> §3§lCLICK HERE§b to pick them up! §3§l<<<
11:32:56 [STASH_COMPACT]   
11:33:44 [STASH_COMPACT] §f                 §7You have §3812 §7materials stashed away!
11:33:44 [STASH_COMPACT] §f              §8(This totals 6 types of materials stashed!)
11:33:44 [STASH_COMPACT] §f                §3§l>>> §3§lCLICK HERE§b to pick them up! §3§l<<<
11:33:44 [STASH_COMPACT]   
11:34:24 [STASH_COMPACT] §f                 §7You have §3812 §7materials stashed away!
11:34:24 [STASH_COMPACT] §f              §8(This totals 6 types of materials stashed!)
11:34:24 [STASH_COMPACT] §f                §3§l>>> §3§lCLICK HERE§b to pick them up! §3§l<<<
11:34:24 [STASH_COMPACT]   
11:35:25 [STASH_COMPACT] §f                 §7You have §3812 §7materials stashed away!
11:35:25 [STASH_COMPACT] §f              §8(This totals 6 types of materials stashed!)
11:35:25 [STASH_COMPACT] §f                §3§l>>> §3§lCLICK HERE§b to pick them up! §3§l<<<
11:35:25 [STASH_COMPACT]   
11:35:36 [STASH_COMPACT] §f                 §7You have §3812 §7materials stashed away!
11:35:36 [STASH_COMPACT] §f              §8(This totals 6 types of materials stashed!)
11:35:36 [STASH_COMPACT] §f                §3§l>>> §3§lCLICK HERE§b to pick them up! §3§l<<<
11:35:36 [STASH_COMPACT]   
11:35:36 [STASH_COMPACT] §f                 §7You have §3812 §7materials stashed away!
11:35:36 [STASH_COMPACT] §f              §8(This totals 6 types of materials stashed!)
11:35:36 [STASH_COMPACT] §f                §3§l>>> §3§lCLICK HERE§b to pick them up! §3§l<<<
11:35:36 [STASH_COMPACT]   
11:36:36 [STASH_COMPACT] §f                 §7You have §3812 §7materials stashed away!
11:36:36 [STASH_COMPACT] §f              §8(This totals 6 types of materials stashed!)
11:36:36 [STASH_COMPACT] §f                §3§l>>> §3§lCLICK HERE§b to pick them up! §3§l<<<
11:36:36 [STASH_COMPACT]   
11:37:37 [STASH_COMPACT] §f                 §7You have §3812 §7materials stashed away!
11:37:37 [STASH_COMPACT] §f              §8(This totals 6 types of materials stashed!)
11:37:37 [STASH_COMPACT] §f                §3§l>>> §3§lCLICK HERE§b to pick them up! §3§l<<<
11:37:37 [STASH_COMPACT]   
11:38:37 [STASH_COMPACT] §f                 §7You have §3812 §7materials stashed away!
11:38:37 [STASH_COMPACT] §f              §8(This totals 6 types of materials stashed!)
11:38:37 [STASH_COMPACT] §f                §3§l>>> §3§lCLICK HERE§b to pick them up! §3§l<<<
11:38:37 [STASH_COMPACT]   
11:39:37 [STASH_COMPACT] §f                 §7You have §3812 §7materials stashed away!
11:39:37 [STASH_COMPACT] §f              §8(This totals 6 types of materials stashed!)
11:39:37 [STASH_COMPACT] §f                §3§l>>> §3§lCLICK HERE§b to pick them up! §3§l<<<
11:39:37 [STASH_COMPACT]   
11:40:15 [GARDEN_VISITOR_MESSAGE] §e[NPC] §aRhys§f: §r§fThank you! Discovery awaits.
11:40:37 [STASH_COMPACT] §f                 §7You have §3812 §7materials stashed away!
11:40:37 [STASH_COMPACT] §f              §8(This totals 6 types of materials stashed!)
11:40:37 [STASH_COMPACT] §f                §3§l>>> §3§lCLICK HERE§b to pick them up! §3§l<<<
11:40:37 [STASH_COMPACT]   
11:41:26 [NEW_VISITOR_ARRIVED] §a§r§aTrevor §r§ehas arrived on your §r§aGarden§r§e!
11:41:37 [STASH_COMPACT] §f                 §7You have §3812 §7materials stashed away!
11:41:37 [STASH_COMPACT] §f              §8(This totals 6 types of materials stashed!)
11:41:37 [STASH_COMPACT] §f                §3§l>>> §3§lCLICK HERE§b to pick them up! §3§l<<<
11:41:37 [STASH_COMPACT]   
11:41:39 [GARDEN_VISITOR_MESSAGE] §e[NPC] §aTrevor§f: §r§fI've been tracking an animal for the past few days. Got anything I could use as bait?
11:42:37 [STASH_COMPACT] §f                 §7You have §3812 §7materials stashed away!
11:42:37 [STASH_COMPACT] §f              §8(This totals 6 types of materials stashed!)
11:42:37 [STASH_COMPACT] §f                §3§l>>> §3§lCLICK HERE§b to pick them up! §3§l<<<
11:42:37 [STASH_COMPACT]   
11:43:37 [STASH_COMPACT] §f                 §7You have §3812 §7materials stashed away!
11:43:37 [STASH_COMPACT] §f              §8(This totals 6 types of materials stashed!)
11:43:37 [STASH_COMPACT] §f                §3§l>>> §3§lCLICK HERE§b to pick them up! §3§l<<<
11:43:37 [STASH_COMPACT]   
11:44:37 [STASH_COMPACT] §f                 §7You have §3812 §7materials stashed away!
11:44:37 [STASH_COMPACT] §f              §8(This totals 6 types of materials stashed!)
11:44:37 [STASH_COMPACT] §f                §3§l>>> §3§lCLICK HERE§b to pick them up! §3§l<<<
11:44:37 [STASH_COMPACT]   
11:45:37 [STASH_COMPACT] §f                 §7You have §3812 §7materials stashed away!
11:45:37 [STASH_COMPACT] §f              §8(This totals 6 types of materials stashed!)
11:45:37 [STASH_COMPACT] §f                §3§l>>> §3§lCLICK HERE§b to pick them up! §3§l<<<
11:45:37 [STASH_COMPACT]   
11:46:37 [STASH_COMPACT] §f                 §7You have §3812 §7materials stashed away!
11:46:37 [STASH_COMPACT] §f              §8(This totals 6 types of materials stashed!)
11:46:37 [STASH_COMPACT] §f                §3§l>>> §3§lCLICK HERE§b to pick them up! §3§l<<<
11:46:37 [STASH_COMPACT]   
11:47:37 [STASH_COMPACT] §f                 §7You have §3812 §7materials stashed away!
11:47:37 [STASH_COMPACT] §f              §8(This totals 6 types of materials stashed!)
11:47:37 [STASH_COMPACT] §f                §3§l>>> §3§lCLICK HERE§b to pick them up! §3§l<<<
11:47:37 [STASH_COMPACT]   
11:48:09 [STASH_COMPACT] §f                 §7You have §3812 §7materials stashed away!
11:48:09 [STASH_COMPACT] §f              §8(This totals 6 types of materials stashed!)
11:48:09 [STASH_COMPACT] §f                §3§l>>> §3§lCLICK HERE§b to pick them up! §3§l<<<
11:48:09 [STASH_COMPACT]   
11:48:29 [STASH_COMPACT] §f                 §7You have §3812 §7materials stashed away!
11:48:29 [STASH_COMPACT] §f              §8(This totals 6 types of materials stashed!)
11:48:29 [STASH_COMPACT] §f                §3§l>>> §3§lCLICK HERE§b to pick them up! §3§l<<<
11:48:29 [STASH_COMPACT]   
11:48:30 [STASH_COMPACT] §f                 §7You have §3812 §7materials stashed away!
11:48:30 [STASH_COMPACT] §f              §8(This totals 6 types of materials stashed!)
11:48:30 [STASH_COMPACT] §f                §3§l>>> §3§lCLICK HERE§b to pick them up! §3§l<<<
11:48:30 [STASH_COMPACT]   
11:49:30 [STASH_COMPACT] §f                 §7You have §3812 §7materials stashed away!
11:49:30 [STASH_COMPACT] §f              §8(This totals 6 types of materials stashed!)
11:49:30 [STASH_COMPACT] §f                §3§l>>> §3§lCLICK HERE§b to pick them up! §3§l<<<
11:49:30 [STASH_COMPACT]   
11:50:30 [STASH_COMPACT] §f                 §7You have §3812 §7materials stashed away!
11:50:30 [STASH_COMPACT] §f              §8(This totals 6 types of materials stashed!)
11:50:30 [STASH_COMPACT] §f                §3§l>>> §3§lCLICK HERE§b to pick them up! §3§l<<<
11:50:30 [STASH_COMPACT]   
11:51:30 [STASH_COMPACT] §f                 §7You have §3812 §7materials stashed away!
11:51:30 [STASH_COMPACT] §f              §8(This totals 6 types of materials stashed!)
11:51:30 [STASH_COMPACT] §f                §3§l>>> §3§lCLICK HERE§b to pick them up! §3§l<<<
11:51:30 [STASH_COMPACT]   
11:52:23 [NEW_VISITOR_ARRIVED] §9§r§9Grandma Wolf §r§ehas arrived on your §r§aGarden§r§e!
11:52:30 [STASH_COMPACT] §f                 §7You have §3812 §7materials stashed away!
11:52:30 [STASH_COMPACT] §f              §8(This totals 6 types of materials stashed!)
11:52:30 [STASH_COMPACT] §f                §3§l>>> §3§lCLICK HERE§b to pick them up! §3§l<<<
11:52:30 [STASH_COMPACT]   
11:53:30 [STASH_COMPACT] §f                 §7You have §3812 §7materials stashed away!
11:53:30 [STASH_COMPACT] §f              §8(This totals 6 types of materials stashed!)
11:53:30 [STASH_COMPACT] §f                §3§l>>> §3§lCLICK HERE§b to pick them up! §3§l<<<
11:53:30 [STASH_COMPACT]   
11:54:31 [STASH_COMPACT] §f                 §7You have §3812 §7materials stashed away!
11:54:31 [STASH_COMPACT] §f              §8(This totals 6 types of materials stashed!)
11:54:31 [STASH_COMPACT] §f                §3§l>>> §3§lCLICK HERE§b to pick them up! §3§l<<<
11:54:31 [STASH_COMPACT]   
11:55:31 [STASH_COMPACT] §f                 §7You have §3812 §7materials stashed away!
11:55:31 [STASH_COMPACT] §f              §8(This totals 6 types of materials stashed!)
11:55:31 [STASH_COMPACT] §f                §3§l>>> §3§lCLICK HERE§b to pick them up! §3§l<<<
11:55:31 [STASH_COMPACT]   
11:56:31 [STASH_COMPACT] §f                 §7You have §3812 §7materials stashed away!
11:56:31 [STASH_COMPACT] §f              §8(This totals 6 types of materials stashed!)
11:56:31 [STASH_COMPACT] §f                §3§l>>> §3§lCLICK HERE§b to pick them up! §3§l<<<
11:56:31 [STASH_COMPACT]   
11:57:31 [STASH_COMPACT] §f                 §7You have §3812 §7materials stashed away!
11:57:31 [STASH_COMPACT] §f              §8(This totals 6 types of materials stashed!)
11:57:31 [STASH_COMPACT] §f                §3§l>>> §3§lCLICK HERE§b to pick them up! §3§l<<<
11:57:31 [STASH_COMPACT]   
11:58:31 [STASH_COMPACT] §f                 §7You have §3812 §7materials stashed away!
11:58:31 [STASH_COMPACT] §f              §8(This totals 6 types of materials stashed!)
11:58:31 [STASH_COMPACT] §f                §3§l>>> §3§lCLICK HERE§b to pick them up! §3§l<<<
11:58:31 [STASH_COMPACT]   
11:59:10 [NEW_VISITOR_ARRIVED] §a§r§aFriendly Hiker §r§ehas arrived on your §r§aGarden§r§e!
11:59:31 [STASH_COMPACT] §f                 §7You have §3812 §7materials stashed away!
11:59:31 [STASH_COMPACT] §f              §8(This totals 6 types of materials stashed!)
11:59:31 [STASH_COMPACT] §f                §3§l>>> §3§lCLICK HERE§b to pick them up! §3§l<<<
11:59:31 [STASH_COMPACT]   
12:00:31 [STASH_COMPACT] §f                 §7You have §3812 §7materials stashed away!
12:00:31 [STASH_COMPACT] §f              §8(This totals 6 types of materials stashed!)
12:00:31 [STASH_COMPACT] §f                §3§l>>> §3§lCLICK HERE§b to pick them up! §3§l<<<
12:00:31 [STASH_COMPACT]   
12:01:31 [STASH_COMPACT] §f                 §7You have §3812 §7materials stashed away!
12:01:31 [STASH_COMPACT] §f              §8(This totals 6 types of materials stashed!)
12:01:31 [STASH_COMPACT] §f                §3§l>>> §3§lCLICK HERE§b to pick them up! §3§l<<<
12:01:31 [STASH_COMPACT]   
12:02:31 [STASH_COMPACT] §f                 §7You have §3812 §7materials stashed away!
12:02:31 [STASH_COMPACT] §f              §8(This totals 6 types of materials stashed!)
12:02:31 [STASH_COMPACT] §f                §3§l>>> §3§lCLICK HERE§b to pick them up! §3§l<<<
12:02:31 [STASH_COMPACT]   
12:03:32 [STASH_COMPACT] §f                 §7You have §3812 §7materials stashed away!
12:03:32 [STASH_COMPACT] §f              §8(This totals 6 types of materials stashed!)
12:03:32 [STASH_COMPACT] §f                §3§l>>> §3§lCLICK HERE§b to pick them up! §3§l<<<
12:03:32 [STASH_COMPACT]   
12:04:32 [STASH_COMPACT] §f                 §7You have §3812 §7materials stashed away!
12:04:32 [STASH_COMPACT] §f              §8(This totals 6 types of materials stashed!)
12:04:32 [STASH_COMPACT] §f                §3§l>>> §3§lCLICK HERE§b to pick them up! §3§l<<<
12:04:32 [STASH_COMPACT]   
12:05:29 [GARDEN_VISITOR_MESSAGE] §e[NPC] §aFriendly Hiker§f: §r§fI'm planning to head back into the gorge to fetch my hiker friend, but I'll need some meat to cook before I head in there.
12:05:32 [STASH_COMPACT] §f                 §7You have §3812 §7materials stashed away!
12:05:32 [STASH_COMPACT] §f              §8(This totals 6 types of materials stashed!)
12:05:32 [STASH_COMPACT] §f                §3§l>>> §3§lCLICK HERE§b to pick them up! §3§l<<<
12:05:32 [STASH_COMPACT]   
12:05:35 [GARDEN_VISITOR_MESSAGE] §e[NPC] §9Grandma Wolf§f: §r§fMy little child, you don't look so good. You should eat something. I have an idea, give me some ingredients and I'll make you a nice soup.
12:05:43 [GARDEN_VISITOR_MESSAGE] §e[NPC] §aTrevor§f: §r§fI've been tracking an animal for the past few days. Got anything I could use as bait?
12:06:32 [STASH_COMPACT] §f                 §7You have §3812 §7materials stashed away!
12:06:32 [STASH_COMPACT] §f              §8(This totals 6 types of materials stashed!)
12:06:32 [STASH_COMPACT] §f                §3§l>>> §3§lCLICK HERE§b to pick them up! §3§l<<<
12:06:32 [STASH_COMPACT]   
12:07:00 [NEW_VISITOR_ARRIVED] §6§r§6Jerry §r§ehas arrived on your §r§aGarden§r§e!
12:07:05 [GARDEN_VISITOR_MESSAGE] §e[NPC] §6Jerry§f: §rHello §bGAMEME794§f. Glad to meet you here. I need some §9Enchanted Melon Block§f.
12:07:32 [STASH_COMPACT] §f                 §7You have §3812 §7materials stashed away!
12:07:32 [STASH_COMPACT] §f              §8(This totals 6 types of materials stashed!)
12:07:32 [STASH_COMPACT] §f                §3§l>>> §3§lCLICK HERE§b to pick them up! §3§l<<<
12:07:32 [STASH_COMPACT]   
12:08:33 [STASH_COMPACT] §f                 §7You have §3812 §7materials stashed away!
12:08:33 [STASH_COMPACT] §f              §8(This totals 6 types of materials stashed!)
12:08:33 [STASH_COMPACT] §f                §3§l>>> §3§lCLICK HERE§b to pick them up! §3§l<<<
12:08:33 [STASH_COMPACT]   
