09:58:53 §e[SkyHanni] Reloaded 7280 items in the NEU repo§r
10:01:22 §e[SkyHanni] §bYou have §3771 §bmaterials in stash, §btotalling §34 types§b. §bClick to §3pickup §byour stash!§r
10:01:23 §e[SkyHanni] You have gained §b489 §eBits.§r
10:14:32 §6§lBESTIARY §r§b§lFrosty §7§8II §8➡§b §bIII§r
10:14:50 §6§lBESTIARY §r§b§lGuardian Defender §7§8II §8➡§b §bIII§r
10:15:05 §6§lBESTIARY §r§b§lGrinch §7§8III §8➡§b §bIV§r
10:15:24 §6§lBESTIARY §r§b§lFrosty §7§8III §8➡§b §bIV§r
10:15:43 §6§lBESTIARY §r§b§lSea Archer §7§8V §8➡§b §bVI§r
10:15:56 §6§lBESTIARY §r§b§lFrosty §7§8IV §8➡§b §bV§r
10:16:06 §6§lBESTIARY §r§b§lFrozen Steve §7§8V §8➡§b §bVI§r
10:17:41 §6§lBESTIARY §r§b§lCatfish §7§8VI §8➡§b §bVII§r
10:31:45 §6§lBESTIARY §r§b§lAgarimoo §7§bI§r
10:32:04 §6§lBESTIARY §r§b§lGrinch §7§8IV §8➡§b §bV§r
10:32:37 §6§lBESTIARY §r§b§lNutcracker §7§8IV §8➡§b §bV§r
10:33:07 §e[SkyHanni] §b+7 SkyBlock XP §7(Collections§7)§b (60/100)§r
10:33:57 §e[SkyHanni] §bYou have §3786 §bmaterials in stash, §btotalling §35 types§b. §bClick to §3pickup §byour stash!§r
10:34:13 §6§lBESTIARY §r§b§lFrosty §7§8V §8➡§b §bVI§r
10:35:27 §6§lBESTIARY §r§b§lGrinch §7§8V §8➡§b §bVI§r
10:36:47 §6§lBESTIARY §r§b§lNutcracker §7§8V §8➡§b §bVI§r
10:36:55 §6§lBESTIARY §r§b§lAgarimoo §7§8I §8➡§b §bII§r
10:38:00 §e[SkyHanni] §bYou have §3812 §bmaterials in stash, §btotalling §36 types§b. §bClick to §3pickup §byour stash!§r
10:39:06 §e[SkyHanni] §eTo edit hidden GUI elements:
 §7- §e1. Set a key in /sh edit.
 §7- §e2. Click that key while the GUI element is visible.§r
10:42:59 §e[SkyHanni] §b+7 SkyBlock XP §7(Accessory Bag§7)§b (67/100)§r
10:49:30 §6§lBESTIARY §r§b§lSea Guardian §7§8V §8➡§b §bVI§r
10:49:38 §e[SkyHanni] You have gained §b29 §eBits.§r
10:49:44 §6§lBESTIARY §r§b§lYeti §7§8IV §8➡§b §bV§r
10:50:42 §6§lBESTIARY §r§b§lAgarimoo §7§8II §8➡§b §bIII§r
10:51:38 §6§lBESTIARY §r§b§lRider of the Deep §7§8V §8➡§b §bVI§r
10:51:38 §6§lBESTIARY §r§b§lAgarimoo §7§8III §8➡§b §bIV§r
10:52:09 §e[SkyHanni] §b+7 SkyBlock XP §7(Accessory Bag§7)§b (91/100)§r
10:52:17 §6§lBESTIARY §r§b§lDeep Sea Protector §7§8II §8➡§b §bIII§r
10:52:53 §6§lBESTIARY §r§b§lFrozen Steve §7§8VI §8➡§b §bVII§r
10:53:02 §6§lBESTIARY §r§b§lAgarimoo §7§8IV §8➡§b §bV§r
10:54:26 §6§lBESTIARY §r§b§lGrinch §7§8VI §8➡§b §bVII§r
10:55:16 §6§lBESTIARY §r§b§lFrosty §7§8VI §8➡§b §bVII§r
11:01:53 §e[SkyHanni] §b+20 SkyBlock XP §7(Skill Level Up§7)§b (16/100)§r
11:24:37 §e[SkyHanni] §aLynn §eis visiting your garden!§r
11:24:37 §e[SkyHanni] §aVex §eis visiting your garden!§r
11:24:37 §e[SkyHanni] §aRhys §eis visiting your garden!§r
11:24:37 §e[SkyHanni] §aTom §eis visiting your garden!§r
11:24:37 §e[SkyHanni] §aAndrew §eis visiting your garden!§r
11:24:38 §e[SkyHanni] Successfully loaded this year's contests from elitebot.dev automatically!§r
11:27:16 §e[SkyHanni] You have gained §b10 §eBits.§r
11:27:19 §e[SkyHanni] §aPlumber Joe §eis visiting your garden!§r
11:27:34 §e[SkyHanni] You have gained §b20 §eBits.§r
11:27:38 §e[SkyHanni] You have gained §b20 §eBits.§r
11:29:55 §e[SkyHanni] You have gained §b10 §eBits.§r
11:30:04 §e[SkyHanni] Saved Jacob NPC location. Real Jacob visitors are now getting detected correctly.§r
11:32:37 §e[SkyHanni] You have gained §b978 §eBits.§r
11:35:53 §e[SkyHanni] Loaded Pumpkin milestone data from tab list!§r
11:40:13 §e[SkyHanni] §aRhys §eis visiting your garden!§r
11:40:16 §e[SkyHanni] You have gained §b10 §eBits.§r
11:41:27 §e[SkyHanni] §aTrevor §eis visiting your garden!§r
11:45:12 §e[SkyHanni] §aTrevor §eis visiting your garden!§r
11:45:13 §e[SkyHanni] Started tracking your Jacob Contest Blocks Per Second!§r
11:45:18 §e[SkyHanni] Loaded Carrot milestone data from tab list!§r
11:52:23 §e[SkyHanni] §9Grandma Wolf §eis visiting your garden!§r
11:59:12 §e[SkyHanni] §aFriendly Hiker §eis visiting your garden!§r
12:03:11 §e[SkyHanni] You have gained §b489 §eBits.§r
12:05:01 §e[SkyHanni] Stats for Carrot Contest:§r
12:05:01 §e[SkyHanni] §7Blocks Broken in total: §e15,356§r
12:05:01 §e[SkyHanni] §7Average Blocks Per Second: §a12.94§r
12:05:01 §e[SkyHanni] §7Participated for §b19m 47s§r
12:07:01 §e[SkyHanni] §6Jerry §eis visiting your garden!§r
