20:00:36 [allowed] §f §r§r§r§f §r§r§r§1 §r§r§r§0 §r§r§r§2 §r§r§r§f §r§r§r§f §r§r§r§2 §r§r§r§0 §r§r§r§4 §r§r§r§3 §r§r§r§9 §r§r§r§2 §r§r§r§0 §r§r§r§0 §r§r§r§3 §r§r§r§9 §r§r§r§2 §r§r§r§0 §r§r§r§0 §r§r§r§3 §r§r§r§9 §r§r§r§2 §r§r§r§0 §r§r§r§0 
20:00:36 [allowed] §b✦ §r§7You earned §r§b20 §r§7Mystery Dust!
20:00:36 [allowed] §b[MVP§c+§b] GAMEME7§f §6joined the lobby!
20:00:37 [allowed] §b[MVP§c+§b] laxuty§f §6joined the lobby!
20:00:37 [allowed] §aYou have §b4 §aunclaimed leveling rewards!
20:00:37 [allowed] §eClick here to view them!
20:00:37 [allowed] §aYou have §61 §aunclaimed achievement reward!
20:00:37 [allowed] §eClick here to view it!
20:00:37 [allowed] §b[MVP§9+§b] st3fi_§f §6joined the lobby!
20:00:37 [allowed] §b[MVP§6+§b] Pataloo48§f §6joined the lobby!
20:00:37 [allowed] §b[MVP§9+§b] SkyWeathery§f §6joined the lobby!
20:00:37 [allowed]   §r§f§l➤ §r§6You have reached your Hype limit! Add Hype to Prototype Lobby minigames by right-clicking with the Hype Diamond!
20:00:39 [allowed] §9§m-----------------------------------------------------
20:00:39 [allowed] §cYou are not currently in a party.
20:00:39 [allowed] §9§m-----------------------------------------------------
20:00:39 [allowed] §b[MVP§8+§b] oAnx§f §6joined the lobby!
20:00:39 [allowed] §b[MVP§c+§b] badmintonsweat§f §6joined the lobby!
20:00:40 [allowed] §b[MVP§c+§b] IncredibileJuJu§f §6joined the lobby!
20:00:40 [allowed] §b[MVP§c+§b] Dishonored_I§f §6joined the lobby!
20:00:44 [allowed] §b[MVP§c+§b] ClownFish_1§f §6joined the lobby!
20:00:45 [allowed] §b[MVP§6+§b] Herovitabomb§f §6joined the lobby!
20:00:46 [allowed] §b[MVP§3+§b] Sauce_Flare§f §6joined the lobby!
20:00:47 [allowed] §b[MVP§1+§b] OwODeath§f §6joined the lobby!
20:00:47 [allowed] §b[MVP§a+§b] Zhu09§f §6joined the lobby!
20:00:50 [allowed] §b[MVP§c+§b] Falancio808§f §6joined the lobby!
20:00:52 [allowed] §b[MVP§8+§b] sveefy§f §6joined the lobby!
20:00:54 [allowed] §b[MVP§9+§b] BenjiSWE§f §6joined the lobby!
20:00:55 [allowed] §b[MVP§2+§b] Hayden_A§f §6joined the lobby!
20:00:57 [allowed] §b[MVP§2+§b] MTOnline69§f §6joined the lobby!
20:00:57 [allowed] §b[MVP§d+§b] PotatoAnomaly§f §6joined the lobby!
20:00:58 [allowed] §b[MVP§4+§b] Tobiiiii5§f §6joined the lobby!
20:01:01 [allowed] §b[MVP§c+§b] mayoric§f §6joined the lobby!
20:01:01 [allowed] §b[MVP§3+§b] TheCheesyBaker§f §6joined the lobby!
20:01:04 [allowed] §b[MVP§8+§b] fourmicroonde§f §6joined the lobby!
20:01:05 [allowed] §b[MVP§c+§b] benjidu835§f §6joined the lobby!
20:01:06 [allowed] §a[VIP] StRooPeRs4§f§r§f: s
20:01:09 [allowed] §b[MVP§d+§b] dreifachnull000§f §6joined the lobby!
20:01:09 [allowed] §b[MVP§d+§b] Rasmas§f §6joined the lobby!
20:01:10 [allowed] §b[MVP§d+§b] oFleeK§f §6joined the lobby!
20:01:12 [allowed] §b[MVP§8+§b] CeskejPlevel§f §6joined the lobby!
20:01:13 [allowed]  §b>§c>§a>§r §r§6[MVP§4++§6] Tridy§f §6joined the lobby!§r §a<§c<§b<
20:01:15 [allowed] §b[MVP§2+§b] ViperSkyblock§f §6joined the lobby!
20:01:15 [allowed]  §b>§c>§a>§r §r§b[MVP§1++§b] UTOPlA§f §6joined the lobby!§r §a<§c<§b<
20:01:17 [allowed] §b[MVP§3+§b] RedN§f §6joined the lobby!
20:01:17 [allowed] §b[MVP§c+§b] Noah090111§f §6joined the lobby!
20:01:19 [allowed] §b[MVP§d+§b] NoJVa§f §6joined the lobby!
20:01:20 [allowed] §b[MVP§c+§b] Sprafo§f §6joined the lobby!
20:01:20 [allowed] §b[MVP§2+§b] Ignatis§f §6joined the lobby!
20:01:22 [allowed]  §b>§c>§a>§r §r§6[MVP§a++§6] DeveledHACKS§f §6joined the lobby!§r §a<§c<§b<
20:01:22 [allowed] §b[MVP§9+§b] ImPandah_z§f §6joined the lobby!
20:01:23 [allowed] §b[MVP§a+§b] BaneBlight§f §6joined the lobby!
20:01:24 [allowed] §b[MVP§d+§b] Willburis§f §6joined the lobby!
20:01:25 [allowed] §b[MVP§9+§b] THEBEASTcraftRS§f §6joined the lobby!
20:01:25 [allowed] §b[MVP§f+§b] twdi§f §6joined the lobby!
20:01:29 [allowed] §b[MVP§2+§b] Asayyyy§f §6joined the lobby!
20:01:30 [allowed]  §b>§c>§a>§r §r§6[MVP§6++§6] Crixton§f §6joined the lobby!§r §a<§c<§b<
20:01:30 [allowed] §b[MVP§c+§b] GehZurSeite§f §6joined the lobby!
20:01:31 [allowed] §b[MVP§0+§b] 5kk§f §6joined the lobby!
20:01:31 [allowed] §b[MVP§d+§b] EEPICC§f §6joined the lobby!
20:01:31 [allowed] §b[MVP§c+§b] Ema75_§f §6joined the lobby!
20:01:32 [allowed] §b[MVP§d+§b] 1luv§f §6joined the lobby!
20:01:34 [allowed] §b[MVP§c+§b] Mojangsocks§f §6joined the lobby!
20:01:35 [allowed] §b[MVP§f+§b] daredevilsb§f §6joined the lobby!
20:01:36 [allowed] §b[MVP§d+§b] 1NVM§f §6joined the lobby!
20:01:36 [allowed] §b[MVP§9+§b] Dimi_96§f §6joined the lobby!
20:01:36 [allowed] §b[MVP§c+§b] Panda_Bear_64§f §6joined the lobby!
20:01:36 [allowed] §b[MVP§4+§b] HaadLIT§f §6joined the lobby!
20:01:36 [allowed] §b[MVP§d+§b] Turturl§f §6joined the lobby!
20:01:37 [allowed] §b[MVP§f+§b] Kilixn_123§f §6joined the lobby!
20:01:40 [allowed] §b[MVP§3+§b] ksndq§f §6joined the lobby!
20:01:42 [allowed]  §b>§c>§a>§r §r§6[MVP§2++§6] thisiscad§f §6joined the lobby!§r §a<§c<§b<
20:01:43 [allowed] §b[MVP§c+§b] Kentokk§f §6joined the lobby!
20:01:43 [allowed] §b[MVP§6+§b] Culfre§f §6joined the lobby!
20:01:44 [allowed] §b[MVP§e+§b] JustBasti§f §6joined the lobby!
20:01:45 [allowed]  §b>§c>§a>§r §r§6[MVP§2++§6] AirHadesZockt§f §6joined the lobby!§r §a<§c<§b<
20:01:47 [allowed] §b[MVP§f+§b] Kilixn_123§f§r§f: Was Hypixel down?
20:01:50 [allowed] §b[MVP§d+§b] ehhh_hh§f §6joined the lobby!
20:01:53 [allowed] §b[MVP§c+§b] Laaaaaar§f §6joined the lobby!
20:01:53 [allowed] §b[MVP§c+§b] Fahler2§f §6joined the lobby!
20:01:53 [allowed] §6[MVP§2++§6] AirHadesZockt§f§r§f: Geig nicht
20:01:53 [allowed] §b[MVP§e+§b] Vipex_Trysan§f §6joined the lobby!
20:01:55 [allowed] §b[MVP§3+§b] Red_sandstone§f §6joined the lobby!
20:01:55 [allowed] §a[VIP§6+§a] bunnyfan1000§f§r§f: idk
20:01:56 [allowed]  §b>§c>§a>§r §r§6[MVP§0++§6] Childline§f §6joined the lobby!§r §a<§c<§b<
20:01:59 [allowed] §b[MVP§f+§b] Takemichi___§f §6joined the lobby!
20:01:59 [allowed] §b[MVP§d+§b] AimeyIV§f §6joined the lobby!
20:02:00 [allowed] §b[MVP§a+§b] Penguin9824_§f §6joined the lobby!
20:02:03 [allowed] §b[MVP§d+§b] Squillie99§f §6joined the lobby!
20:02:04 [allowed] §b[MVP§e+§b] ROPoppy§f§r§f: i think it was
20:02:07 [allowed] §b[MVP§d+§b] Lodnwuzl§f §6joined the lobby!
20:02:08 [allowed] §b[MVP§3+§b] Happy_Deathday§f §6joined the lobby!
20:02:09 [allowed] §b[MVP§6+§b] Druckz§f §6joined the lobby!
20:02:11 [allowed] §b[MVP§2+§b] C00KIEM0NSTRR1§f §6joined the lobby!
20:02:20 [allowed] §b[MVP§6+§b] WaffleEZXD§f §6joined the lobby!
20:02:21 [allowed] §b[MVP§c+§b] Nrgardner§f §6joined the lobby!
20:02:25 [allowed] §b[MVP§9+§b] Crashgator§f §6joined the lobby!
20:02:26 [allowed] §b[MVP§c+§b] Balqnce_§f §6joined the lobby!
20:02:29 [allowed] §b[MVP§e+§b] Stippled§f §6joined the lobby!
20:02:29 [allowed] §b[MVP§0+§b] AxM_§f §6joined the lobby!
20:02:35 [allowed] §b[MVP§c+§b] Nozennnn§f §6joined the lobby!
20:02:38 [allowed] §b[MVP§f+§b] NeveNoodle§f §6joined the lobby!
20:02:38 [allowed] §b[MVP§c+§b] Bad_story§f §6joined the lobby!
20:02:41 [allowed] §b[MVP§c+§b] Katie_328§f §6joined the lobby!
20:02:42 [allowed] §b[MVP§c+§b] Destroyer60000§f §6joined the lobby!
20:02:44 [allowed] §cYou are AFK. Move around to return from AFK.
20:05:27 [allowed] §f §r§r§r§f §r§r§r§1 §r§r§r§0 §r§r§r§2 §r§r§r§f §r§r§r§f §r§r§r§2 §r§r§r§0 §r§r§r§4 §r§r§r§3 §r§r§r§9 §r§r§r§2 §r§r§r§0 §r§r§r§0 §r§r§r§3 §r§r§r§9 §r§r§r§2 §r§r§r§0 §r§r§r§0 §r§r§r§3 §r§r§r§9 §r§r§r§2 §r§r§r§0 §r§r§r§0 
20:05:27 [allowed] §b[MVP§c+§b] GAMEME7§f §6joined the lobby!
20:05:27 [allowed] §b[MVP§d+§b] _gogomignon_§f §6joined the lobby!
20:05:28 [allowed] §aYou have §b4 §aunclaimed leveling rewards!
20:05:28 [allowed] §eClick here to view them!
20:05:28 [allowed] §aYou have §61 §aunclaimed achievement reward!
20:05:28 [allowed] §eClick here to view it!
20:05:28 [allowed] §b[MVP§6+§b] marfy_rsb§f §6joined the lobby!
20:05:29 [allowed] §b[MVP§9+§b] PPchaan§f §6joined the lobby!
20:05:29 [allowed]   §r§f§l➤ §r§6You have reached your Hype limit! Add Hype to Prototype Lobby minigames by right-clicking with the Hype Diamond!
20:05:33 [allowed] §b[MVP§6+§b] Schnoppiii§f §6joined the lobby!
20:05:35 [allowed] §b[MVP§4+§b] lupare§f §6joined the lobby!
20:05:35 [allowed] §b[MVP§f+§b] kwaiowo§f §6joined the lobby!
20:05:39 [allowed] §b[MVP§e+§b] ink_awa§f §6joined the lobby!
20:05:39 [allowed] §b[MVP§c+§b] VainZoom§f §6joined the lobby!
20:05:40 [allowed] §b[MVP§2+§b] ryzuai§f §6joined the lobby!
20:05:40 [allowed] §b[MVP§9+§b] QuantumFlux§f §6joined the lobby!
20:05:44 [allowed] §b[MVP§c+§b] Gu_best§f §6joined the lobby!
20:05:51 [allowed] §b[MVP§d+§b] maccageorge§f §6joined the lobby!
20:05:53 [allowed] §b[MVP§5+§b] GarnetMaster§f §6joined the lobby!
20:05:54 [allowed] §b[MVP§6+§b] Lime_Ss§f §6joined the lobby!
20:05:54 [allowed] §b[MVP§f+§b] seropero§f §6joined the lobby!
20:05:54 [allowed] §b[MVP§6+§b] Serpang06§f §6joined the lobby!
20:05:56 [allowed] §b[MVP§3+§b] uurik§f §6joined the lobby!
20:05:58 [allowed]  §b>§c>§a>§r §r§6[MVP§e++§6] Shika_Noko§f §6joined the lobby!§r §a<§c<§b<
20:06:00 [allowed] §b[MVP§6+§b] lijv§f §6joined the lobby!
20:06:00 [allowed] §b[MVP§9+§b] kotlin_dsl§f §6joined the lobby!
20:06:01 [allowed] §b[MVP§0+§b] o_oi§f §6joined the lobby!
20:06:01 [allowed] §b[MVP§c+§b] SimonZocktYT§f §6joined the lobby!
20:06:07 [allowed] §b[MVP§6+§b] TheSuperistGuyYT§f §6joined the lobby!
20:06:07 [allowed] §b[MVP§c+§b] MayorColeOiledUp§f §6joined the lobby!
20:06:08 [allowed] §b[MVP§a+§b] 1hetao§f §6joined the lobby!
20:06:12 [allowed] §b[MVP§c+§b] profzunami§f §6joined the lobby!
20:06:13 [allowed] §b[MVP§c+§b] Gamanchi§f §6joined the lobby!
20:06:13 [allowed] §b[MVP§d+§b] Synthicate§f §6joined the lobby!
20:06:15 [allowed] §b[MVP§c+§b] zennunnn§f §6joined the lobby!
20:06:16 [allowed] §b[MVP§c+§b] M0nkeyDRuffy§f §6joined the lobby!
20:06:17 [allowed] §b[MVP§0+§b] oGodzilla§f §6joined the lobby!
20:06:19 [allowed] §b[MVP§6+§b] SkyTalks§f §6joined the lobby!
20:06:23 [allowed] §b[MVP§6+§b] Kaltria§f §6joined the lobby!
20:06:24 [allowed] §b[MVP§f+§b] JoGlei§f §6joined the lobby!
20:06:26 [allowed] §b[MVP§2+§b] knooked§f §6joined the lobby!
20:06:32 [allowed]  §b>§c>§a>§r §r§6[MVP§5++§6] rainbode§f §6joined the lobby!§r §a<§c<§b<
20:06:35 [allowed] §b[MVP§4+§b] LazeVV§f §6joined the lobby!
20:06:37 [allowed] §b[MVP§a+§b] sSikee§f §6joined the lobby!
20:06:39 [allowed] §b[MVP§c+§b] poolorber§f §6joined the lobby!
20:06:41 [allowed] §b[MVP§f+§b] HoshimiMiyabi§f §6joined the lobby!
20:06:42 [allowed] §b[MVP§c+§b] SirLukeV§f §6joined the lobby!
20:06:43 [allowed] §b[MVP§a+§b] moulamax_§f §6joined the lobby!
20:06:44 [allowed] §b[MVP§d+§b] Garri881§f §6joined the lobby!
20:06:44 [allowed] §b[MVP§3+§b] BraveheartOnFire§f §6joined the lobby!
20:06:45 [allowed] §b[MVP§c+§b] NoamBoma§f §6joined the lobby!
20:06:45 [allowed] §b[MVP§d+§b] spyder981§f §6joined the lobby!
20:06:46 [allowed] §b[MVP§d+§b] Jesper312§f §6joined the lobby!
20:06:48 [allowed] §b[MVP§2+§b] bubblycleaner§f §6joined the lobby!
20:06:50 [allowed] §b[MVP§0+§b] PXLated§f §6joined the lobby!
20:06:52 [allowed] §b[MVP§2+§b] Sizzlor_§f §6joined the lobby!
20:06:55 [allowed] §b[MVP§c+§b] therealvolans§f §6joined the lobby!
20:07:00 [allowed] §b[MVP§8+§b] BadJay§f §6joined the lobby!
20:07:01 [allowed] §b[MVP§a+§b] Jadamir§f §6joined the lobby!
20:07:01 [allowed] §b[MVP§0+§b] donggyuda§f §6joined the lobby!
20:07:01 [allowed] §b[MVP§c+§b] ikemenoosaru§f §6joined the lobby!
20:07:03 [allowed] §b[MVP§a+§b] therealpicahow§f §6joined the lobby!
20:07:03 [allowed]  §b>§c>§a>§r §r§6[MVP§0++§6] Arout§f §6joined the lobby!§r §a<§c<§b<
20:07:06 [allowed] §b[MVP§c+§b] Ryan_G__§f §6joined the lobby!
20:07:07 [allowed] §b[MVP§9+§b] ChocoNoob§f §6joined the lobby!
20:07:09 [allowed] §b[MVP§c+§b] ilyAquatic§f §6joined the lobby!
20:07:10 [allowed] §b[MVP§c+§b] ThermosPlayOnDay§f §6joined the lobby!
20:07:11 [allowed]  §b>§c>§a>§r §r§b[MVP§9++§b] BABAJI_21§f §6joined the lobby!§r §a<§c<§b<
20:07:12 [allowed] §b[MVP§f+§b] s14keloveshakken§f §6joined the lobby!
20:07:16 [allowed] §b[MVP§2+§b] JustBr1an§f §6joined the lobby!
20:07:21 [allowed] §b[MVP§a+§b] Norn1220§f §6joined the lobby!
20:07:22 [allowed] §b[MVP§9+§b] DeepSeaHank§f §6joined the lobby!
20:07:24 [allowed] §b[MVP§f+§b] FluffyGeorgette§f §6joined the lobby!
20:07:24 [allowed] §b[MVP§3+§b] MinimiLinusUwU§f §6joined the lobby!
20:07:24 [allowed] §b[MVP§e+§b] BlueKnight2113§f §6joined the lobby!
20:07:25 [allowed] §b[MVP§2+§b] Mrblablacar§f §6joined the lobby!
20:07:30 [allowed] §b[MVP§9+§b] ItsActuallyBlood§f §6joined the lobby!
20:07:35 [allowed] §b[MVP§c+§b] yenchun§f §6joined the lobby!
20:07:37 [allowed] §b[MVP§f+§b] jancstarcan§f §6joined the lobby!
20:07:38 [allowed] §b[MVP§6+§b] _MEZMO_§f §6joined the lobby!
20:07:38 [allowed] §b[MVP§2+§b] ybug§f §6joined the lobby!
20:07:42 [allowed] §b[MVP§e+§b] CelestialSeraph§f §6joined the lobby!
20:07:42 [allowed] §b[MVP§c+§b] AbjectScoundrel§f §6joined the lobby!
20:07:44 [allowed]  §b>§c>§a>§r §r§6[MVP§0++§6] Arout§f §6joined the lobby!§r §a<§c<§b<
20:07:44 [allowed] §b[MVP§9+§b] CallMeMadBoy§f §6joined the lobby!
20:07:44 [allowed] §b[MVP§c+§b] Daddo_Is_Raddo§f §6joined the lobby!
20:07:45 [allowed] §b[MVP§2+§b] tyyu§f §6joined the lobby!
20:07:47 [allowed] §b[MVP§f+§b] Blqr§f §6joined the lobby!
20:07:49 [allowed] §b[MVP§c+§b] SuperDaDa16§f §6joined the lobby!
20:07:52 [allowed] §b[MVP§c+§b] mclainn§f §6joined the lobby!
20:07:57 [allowed] §b[MVP§f+§b] devilmine§f §6joined the lobby!
20:07:58 [allowed] §b[MVP§d+§b] YNWpergen§f §6joined the lobby!
20:07:59 [allowed]  §b>§c>§a>§r §r§6[MVP§0++§6] CLAlRE§f §6joined the lobby!§r §a<§c<§b<
20:08:02 [allowed] §cYou are AFK. Move around to return from AFK.
