12:15:45 HypixelApiJoinEvent(alpha=false)
12:15:45 Connected to Hypixel
12:15:48 HypixelApiServerChangeEvent(serverName=dynamiclobby21A, serverType=PROTOTYPE, lobbyName=prototypelobby4, mode=null, map=null)
12:16:05 HypixelApiServerChangeEvent(serverName=mini234A, serverType=SKYBLOCK, lobbyName=null, mode=dynamic, map=Private Island)
12:16:05 Island detected: 'PRIVATE_ISLAND'
12:16:05 Island change: 'NONE' -> 'PRIVATE_ISLAND'
12:16:05 ERROR: HypixelData.skyBlock: false, inSkyblock: true, HypixelData.hypixelLive: true, inHypixel: true, HypixelData.skyBlockIsland: NONE, island: PRIVATE_ISLAND, HypixelData.serverId: null, serverId: mini234A, serverType: SKYBLOCK, map: Private Island
12:16:05 ERROR: HypixelData.skyBlock: false, inSkyblock: true, HypixelData.hypixelLive: true, inHypixel: true, HypixelData.skyBlockIsland: NONE, island: PRIVATE_ISLAND, HypixelData.serverId: null, serverId: mini234A, serverType: SKYBLOCK, map: Private Island
12:16:05 ERROR: HypixelData.skyBlock: false, inSkyblock: true, HypixelData.hypixelLive: true, inHypixel: true, HypixelData.skyBlockIsland: NONE, island: PRIVATE_ISLAND, HypixelData.serverId: null, serverId: mini234A, serverType: SKYBLOCK, map: Private Island
12:16:05 ERROR: HypixelData.skyBlock: false, inSkyblock: true, HypixelData.hypixelLive: true, inHypixel: true, HypixelData.skyBlockIsland: NONE, island: PRIVATE_ISLAND, HypixelData.serverId: null, serverId: mini234A, serverType: SKYBLOCK, map: Private Island
12:16:05 ERROR: HypixelData.skyBlock: false, inSkyblock: true, HypixelData.hypixelLive: true, inHypixel: true, HypixelData.skyBlockIsland: NONE, island: PRIVATE_ISLAND, HypixelData.serverId: null, serverId: mini234A, serverType: SKYBLOCK, map: Private Island
12:16:05 ERROR: HypixelData.skyBlock: false, inSkyblock: true, HypixelData.hypixelLive: true, inHypixel: true, HypixelData.skyBlockIsland: NONE, island: PRIVATE_ISLAND, HypixelData.serverId: null, serverId: mini234A, serverType: SKYBLOCK, map: Private Island
12:16:05 ERROR: HypixelData.skyBlock: false, inSkyblock: true, HypixelData.hypixelLive: true, inHypixel: true, HypixelData.skyBlockIsland: NONE, island: PRIVATE_ISLAND, HypixelData.serverId: null, serverId: mini234A, serverType: SKYBLOCK, map: Private Island
12:16:05 ERROR: HypixelData.skyBlock: false, inSkyblock: true, HypixelData.hypixelLive: true, inHypixel: true, HypixelData.skyBlockIsland: NONE, island: PRIVATE_ISLAND, HypixelData.serverId: null, serverId: mini234A, serverType: SKYBLOCK, map: Private Island
12:16:05 ERROR: HypixelData.skyBlock: false, inSkyblock: true, HypixelData.hypixelLive: true, inHypixel: true, HypixelData.skyBlockIsland: NONE, island: PRIVATE_ISLAND, HypixelData.serverId: null, serverId: mini234A, serverType: SKYBLOCK, map: Private Island
12:16:05 ERROR: HypixelData.skyBlock: false, inSkyblock: true, HypixelData.hypixelLive: true, inHypixel: true, HypixelData.skyBlockIsland: NONE, island: PRIVATE_ISLAND, HypixelData.serverId: null, serverId: mini234A, serverType: SKYBLOCK, map: Private Island
12:16:05 ERROR: HypixelData.skyBlock: false, inSkyblock: true, HypixelData.hypixelLive: true, inHypixel: true, HypixelData.skyBlockIsland: NONE, island: PRIVATE_ISLAND, HypixelData.serverId: null, serverId: mini234A, serverType: SKYBLOCK, map: Private Island
12:16:05 ERROR: HypixelData.skyBlock: false, inSkyblock: true, HypixelData.hypixelLive: true, inHypixel: true, HypixelData.skyBlockIsland: NONE, island: PRIVATE_ISLAND, HypixelData.serverId: null, serverId: mini234A, serverType: SKYBLOCK, map: Private Island
12:16:05 ERROR: HypixelData.skyBlock: false, inSkyblock: true, HypixelData.hypixelLive: true, inHypixel: true, HypixelData.skyBlockIsland: NONE, island: PRIVATE_ISLAND, HypixelData.serverId: null, serverId: mini234A, serverType: SKYBLOCK, map: Private Island
12:16:05 ERROR: HypixelData.skyBlock: false, inSkyblock: true, HypixelData.hypixelLive: true, inHypixel: true, HypixelData.skyBlockIsland: NONE, island: PRIVATE_ISLAND, HypixelData.serverId: null, serverId: mini234A, serverType: SKYBLOCK, map: Private Island
12:16:05 ERROR: HypixelData.skyBlock: false, inSkyblock: true, HypixelData.hypixelLive: true, inHypixel: true, HypixelData.skyBlockIsland: NONE, island: PRIVATE_ISLAND, HypixelData.serverId: null, serverId: mini234A, serverType: SKYBLOCK, map: Private Island
12:16:05 ERROR: HypixelData.skyBlock: false, inSkyblock: true, HypixelData.hypixelLive: true, inHypixel: true, HypixelData.skyBlockIsland: NONE, island: PRIVATE_ISLAND, HypixelData.serverId: null, serverId: mini234A, serverType: SKYBLOCK, map: Private Island
12:16:05 ERROR: HypixelData.skyBlock: false, inSkyblock: true, HypixelData.hypixelLive: true, inHypixel: true, HypixelData.skyBlockIsland: NONE, island: PRIVATE_ISLAND, HypixelData.serverId: null, serverId: mini234A, serverType: SKYBLOCK, map: Private Island
12:16:05 ERROR: HypixelData.skyBlock: false, inSkyblock: true, HypixelData.hypixelLive: true, inHypixel: true, HypixelData.skyBlockIsland: NONE, island: PRIVATE_ISLAND, HypixelData.serverId: null, serverId: mini234A, serverType: SKYBLOCK, map: Private Island
12:16:05 ERROR: HypixelData.skyBlock: false, inSkyblock: true, HypixelData.hypixelLive: true, inHypixel: true, HypixelData.skyBlockIsland: NONE, island: PRIVATE_ISLAND, HypixelData.serverId: null, serverId: mini234A, serverType: SKYBLOCK, map: Private Island
12:16:05 ERROR: HypixelData.skyBlock: false, inSkyblock: true, HypixelData.hypixelLive: true, inHypixel: true, HypixelData.skyBlockIsland: NONE, island: PRIVATE_ISLAND, HypixelData.serverId: null, serverId: mini234A, serverType: SKYBLOCK, map: Private Island
12:16:05 ERROR: HypixelData.skyBlock: false, inSkyblock: true, HypixelData.hypixelLive: true, inHypixel: true, HypixelData.skyBlockIsland: NONE, island: PRIVATE_ISLAND, HypixelData.serverId: null, serverId: mini234A, serverType: SKYBLOCK, map: Private Island
12:16:06 ERROR: HypixelData.skyBlock: true, inSkyblock: true, HypixelData.hypixelLive: true, inHypixel: true, HypixelData.skyBlockIsland: PRIVATE_ISLAND, island: PRIVATE_ISLAND, HypixelData.serverId: null, serverId: mini234A, serverType: SKYBLOCK, map: Private Island
12:16:06 ERROR: HypixelData.skyBlock: true, inSkyblock: true, HypixelData.hypixelLive: true, inHypixel: true, HypixelData.skyBlockIsland: PRIVATE_ISLAND, island: PRIVATE_ISLAND, HypixelData.serverId: null, serverId: mini234A, serverType: SKYBLOCK, map: Private Island
12:16:06 ERROR: HypixelData.skyBlock: true, inSkyblock: true, HypixelData.hypixelLive: true, inHypixel: true, HypixelData.skyBlockIsland: PRIVATE_ISLAND, island: PRIVATE_ISLAND, HypixelData.serverId: null, serverId: mini234A, serverType: SKYBLOCK, map: Private Island
12:16:06 ERROR: HypixelData.skyBlock: true, inSkyblock: true, HypixelData.hypixelLive: true, inHypixel: true, HypixelData.skyBlockIsland: PRIVATE_ISLAND, island: PRIVATE_ISLAND, HypixelData.serverId: null, serverId: mini234A, serverType: SKYBLOCK, map: Private Island
12:16:06 ERROR: HypixelData.skyBlock: true, inSkyblock: true, HypixelData.hypixelLive: true, inHypixel: true, HypixelData.skyBlockIsland: PRIVATE_ISLAND, island: PRIVATE_ISLAND, HypixelData.serverId: null, serverId: mini234A, serverType: SKYBLOCK, map: Private Island
12:16:06 ERROR: HypixelData.skyBlock: true, inSkyblock: true, HypixelData.hypixelLive: true, inHypixel: true, HypixelData.skyBlockIsland: PRIVATE_ISLAND, island: PRIVATE_ISLAND, HypixelData.serverId: null, serverId: mini234A, serverType: SKYBLOCK, map: Private Island
12:16:06 ERROR: HypixelData.skyBlock: true, inSkyblock: true, HypixelData.hypixelLive: true, inHypixel: true, HypixelData.skyBlockIsland: PRIVATE_ISLAND, island: PRIVATE_ISLAND, HypixelData.serverId: null, serverId: mini234A, serverType: SKYBLOCK, map: Private Island
12:16:06 ERROR: HypixelData.skyBlock: true, inSkyblock: true, HypixelData.hypixelLive: true, inHypixel: true, HypixelData.skyBlockIsland: PRIVATE_ISLAND, island: PRIVATE_ISLAND, HypixelData.serverId: null, serverId: mini234A, serverType: SKYBLOCK, map: Private Island
12:16:06 ERROR: HypixelData.skyBlock: true, inSkyblock: true, HypixelData.hypixelLive: true, inHypixel: true, HypixelData.skyBlockIsland: PRIVATE_ISLAND, island: PRIVATE_ISLAND, HypixelData.serverId: null, serverId: mini234A, serverType: SKYBLOCK, map: Private Island
12:16:06 ERROR: HypixelData.skyBlock: true, inSkyblock: true, HypixelData.hypixelLive: true, inHypixel: true, HypixelData.skyBlockIsland: PRIVATE_ISLAND, island: PRIVATE_ISLAND, HypixelData.serverId: null, serverId: mini234A, serverType: SKYBLOCK, map: Private Island
12:20:06 HypixelApiServerChangeEvent(serverName=mini9DE, serverType=SKYBLOCK, lobbyName=null, mode=combat_3, map=The End)
12:20:06 Island detected: 'THE_END'
12:20:06 Island change: 'PRIVATE_ISLAND' -> 'THE_END'
12:20:06 ERROR: HypixelData.skyBlock: false, inSkyblock: true, HypixelData.hypixelLive: true, inHypixel: true, HypixelData.skyBlockIsland: PRIVATE_ISLAND, island: THE_END, HypixelData.serverId: null, serverId: mini9DE, serverType: SKYBLOCK, map: The End
12:20:06 ERROR: HypixelData.skyBlock: false, inSkyblock: true, HypixelData.hypixelLive: true, inHypixel: true, HypixelData.skyBlockIsland: PRIVATE_ISLAND, island: THE_END, HypixelData.serverId: null, serverId: mini9DE, serverType: SKYBLOCK, map: The End
12:20:06 ERROR: HypixelData.skyBlock: false, inSkyblock: true, HypixelData.hypixelLive: true, inHypixel: true, HypixelData.skyBlockIsland: PRIVATE_ISLAND, island: THE_END, HypixelData.serverId: null, serverId: mini9DE, serverType: SKYBLOCK, map: The End
12:20:06 ERROR: HypixelData.skyBlock: false, inSkyblock: true, HypixelData.hypixelLive: true, inHypixel: true, HypixelData.skyBlockIsland: PRIVATE_ISLAND, island: THE_END, HypixelData.serverId: null, serverId: mini9DE, serverType: SKYBLOCK, map: The End
12:20:06 ERROR: HypixelData.skyBlock: false, inSkyblock: true, HypixelData.hypixelLive: true, inHypixel: true, HypixelData.skyBlockIsland: PRIVATE_ISLAND, island: THE_END, HypixelData.serverId: null, serverId: mini9DE, serverType: SKYBLOCK, map: The End
12:20:06 ERROR: HypixelData.skyBlock: false, inSkyblock: true, HypixelData.hypixelLive: true, inHypixel: true, HypixelData.skyBlockIsland: PRIVATE_ISLAND, island: THE_END, HypixelData.serverId: null, serverId: mini9DE, serverType: SKYBLOCK, map: The End
12:20:06 ERROR: HypixelData.skyBlock: false, inSkyblock: true, HypixelData.hypixelLive: true, inHypixel: true, HypixelData.skyBlockIsland: NONE, island: THE_END, HypixelData.serverId: null, serverId: mini9DE, serverType: SKYBLOCK, map: The End
12:20:06 ERROR: HypixelData.skyBlock: true, inSkyblock: true, HypixelData.hypixelLive: true, inHypixel: true, HypixelData.skyBlockIsland: NONE, island: THE_END, HypixelData.serverId: null, serverId: mini9DE, serverType: SKYBLOCK, map: The End
12:20:06 ERROR: HypixelData.skyBlock: true, inSkyblock: true, HypixelData.hypixelLive: true, inHypixel: true, HypixelData.skyBlockIsland: NONE, island: THE_END, HypixelData.serverId: null, serverId: mini9DE, serverType: SKYBLOCK, map: The End
12:20:06 ERROR: HypixelData.skyBlock: true, inSkyblock: true, HypixelData.hypixelLive: true, inHypixel: true, HypixelData.skyBlockIsland: NONE, island: THE_END, HypixelData.serverId: null, serverId: mini9DE, serverType: SKYBLOCK, map: The End
12:20:06 ERROR: HypixelData.skyBlock: true, inSkyblock: true, HypixelData.hypixelLive: true, inHypixel: true, HypixelData.skyBlockIsland: NONE, island: THE_END, HypixelData.serverId: null, serverId: mini9DE, serverType: SKYBLOCK, map: The End
12:20:06 ERROR: HypixelData.skyBlock: true, inSkyblock: true, HypixelData.hypixelLive: true, inHypixel: true, HypixelData.skyBlockIsland: THE_END, island: THE_END, HypixelData.serverId: null, serverId: mini9DE, serverType: SKYBLOCK, map: The End
12:20:06 ERROR: HypixelData.skyBlock: true, inSkyblock: true, HypixelData.hypixelLive: true, inHypixel: true, HypixelData.skyBlockIsland: THE_END, island: THE_END, HypixelData.serverId: null, serverId: mini9DE, serverType: SKYBLOCK, map: The End
12:20:06 ERROR: HypixelData.skyBlock: true, inSkyblock: true, HypixelData.hypixelLive: true, inHypixel: true, HypixelData.skyBlockIsland: THE_END, island: THE_END, HypixelData.serverId: null, serverId: mini9DE, serverType: SKYBLOCK, map: The End
12:20:06 ERROR: HypixelData.skyBlock: true, inSkyblock: true, HypixelData.hypixelLive: true, inHypixel: true, HypixelData.skyBlockIsland: THE_END, island: THE_END, HypixelData.serverId: null, serverId: mini9DE, serverType: SKYBLOCK, map: The End
12:20:06 ERROR: HypixelData.skyBlock: true, inSkyblock: true, HypixelData.hypixelLive: true, inHypixel: true, HypixelData.skyBlockIsland: THE_END, island: THE_END, HypixelData.serverId: null, serverId: mini9DE, serverType: SKYBLOCK, map: The End
12:20:06 ERROR: HypixelData.skyBlock: true, inSkyblock: true, HypixelData.hypixelLive: true, inHypixel: true, HypixelData.skyBlockIsland: THE_END, island: THE_END, HypixelData.serverId: null, serverId: mini9DE, serverType: SKYBLOCK, map: The End
12:20:06 ERROR: HypixelData.skyBlock: true, inSkyblock: true, HypixelData.hypixelLive: true, inHypixel: true, HypixelData.skyBlockIsland: THE_END, island: THE_END, HypixelData.serverId: null, serverId: mini9DE, serverType: SKYBLOCK, map: The End
12:20:06 ERROR: HypixelData.skyBlock: true, inSkyblock: true, HypixelData.hypixelLive: true, inHypixel: true, HypixelData.skyBlockIsland: THE_END, island: THE_END, HypixelData.serverId: null, serverId: mini9DE, serverType: SKYBLOCK, map: The End
12:20:07 ERROR: HypixelData.skyBlock: true, inSkyblock: true, HypixelData.hypixelLive: true, inHypixel: true, HypixelData.skyBlockIsland: THE_END, island: THE_END, HypixelData.serverId: null, serverId: mini9DE, serverType: SKYBLOCK, map: The End
12:21:12 HypixelApiServerChangeEvent(serverName=mini62AB, serverType=SKYBLOCK, lobbyName=null, mode=dynamic, map=Private Island)
12:21:12 Island detected: 'PRIVATE_ISLAND'
12:21:12 ERROR: HypixelData.skyBlock: false, inSkyblock: true, HypixelData.hypixelLive: true, inHypixel: true, HypixelData.skyBlockIsland: THE_END, island: THE_END, HypixelData.serverId: null, serverId: mini62AB, serverType: SKYBLOCK, map: Private Island
12:21:12 ERROR: HypixelData.skyBlock: false, inSkyblock: true, HypixelData.hypixelLive: true, inHypixel: true, HypixelData.skyBlockIsland: THE_END, island: THE_END, HypixelData.serverId: null, serverId: mini62AB, serverType: SKYBLOCK, map: Private Island
12:21:12 ERROR: HypixelData.skyBlock: false, inSkyblock: true, HypixelData.hypixelLive: true, inHypixel: true, HypixelData.skyBlockIsland: THE_END, island: THE_END, HypixelData.serverId: null, serverId: mini62AB, serverType: SKYBLOCK, map: Private Island
12:21:12 ERROR: HypixelData.skyBlock: false, inSkyblock: true, HypixelData.hypixelLive: true, inHypixel: true, HypixelData.skyBlockIsland: THE_END, island: THE_END, HypixelData.serverId: null, serverId: mini62AB, serverType: SKYBLOCK, map: Private Island
12:21:12 ERROR: HypixelData.skyBlock: false, inSkyblock: true, HypixelData.hypixelLive: true, inHypixel: true, HypixelData.skyBlockIsland: THE_END, island: THE_END, HypixelData.serverId: null, serverId: mini62AB, serverType: SKYBLOCK, map: Private Island
12:21:12 ERROR: HypixelData.skyBlock: false, inSkyblock: true, HypixelData.hypixelLive: true, inHypixel: true, HypixelData.skyBlockIsland: THE_END, island: THE_END, HypixelData.serverId: null, serverId: mini62AB, serverType: SKYBLOCK, map: Private Island
12:21:12 ERROR: HypixelData.skyBlock: false, inSkyblock: true, HypixelData.hypixelLive: true, inHypixel: true, HypixelData.skyBlockIsland: THE_END, island: THE_END, HypixelData.serverId: null, serverId: mini62AB, serverType: SKYBLOCK, map: Private Island
12:21:12 ERROR: HypixelData.skyBlock: false, inSkyblock: true, HypixelData.hypixelLive: true, inHypixel: true, HypixelData.skyBlockIsland: THE_END, island: THE_END, HypixelData.serverId: null, serverId: mini62AB, serverType: SKYBLOCK, map: Private Island
12:21:12 ERROR: HypixelData.skyBlock: false, inSkyblock: true, HypixelData.hypixelLive: true, inHypixel: true, HypixelData.skyBlockIsland: THE_END, island: THE_END, HypixelData.serverId: null, serverId: mini62AB, serverType: SKYBLOCK, map: Private Island
12:21:12 ERROR: HypixelData.skyBlock: false, inSkyblock: true, HypixelData.hypixelLive: true, inHypixel: true, HypixelData.skyBlockIsland: THE_END, island: THE_END, HypixelData.serverId: null, serverId: mini62AB, serverType: SKYBLOCK, map: Private Island
12:21:12 Island change: 'THE_END' -> 'PRIVATE_ISLAND'
12:21:12 ERROR: HypixelData.skyBlock: false, inSkyblock: true, HypixelData.hypixelLive: true, inHypixel: true, HypixelData.skyBlockIsland: THE_END, island: PRIVATE_ISLAND, HypixelData.serverId: null, serverId: mini62AB, serverType: SKYBLOCK, map: Private Island
12:21:12 ERROR: HypixelData.skyBlock: false, inSkyblock: true, HypixelData.hypixelLive: true, inHypixel: true, HypixelData.skyBlockIsland: THE_END, island: PRIVATE_ISLAND, HypixelData.serverId: null, serverId: mini62AB, serverType: SKYBLOCK, map: Private Island
12:21:12 ERROR: HypixelData.skyBlock: false, inSkyblock: true, HypixelData.hypixelLive: true, inHypixel: true, HypixelData.skyBlockIsland: THE_END, island: PRIVATE_ISLAND, HypixelData.serverId: null, serverId: mini62AB, serverType: SKYBLOCK, map: Private Island
12:21:12 ERROR: HypixelData.skyBlock: false, inSkyblock: true, HypixelData.hypixelLive: true, inHypixel: true, HypixelData.skyBlockIsland: THE_END, island: PRIVATE_ISLAND, HypixelData.serverId: null, serverId: mini62AB, serverType: SKYBLOCK, map: Private Island
12:21:12 ERROR: HypixelData.skyBlock: false, inSkyblock: true, HypixelData.hypixelLive: true, inHypixel: true, HypixelData.skyBlockIsland: NONE, island: PRIVATE_ISLAND, HypixelData.serverId: null, serverId: mini62AB, serverType: SKYBLOCK, map: Private Island
12:21:12 ERROR: HypixelData.skyBlock: false, inSkyblock: true, HypixelData.hypixelLive: true, inHypixel: true, HypixelData.skyBlockIsland: NONE, island: PRIVATE_ISLAND, HypixelData.serverId: null, serverId: mini62AB, serverType: SKYBLOCK, map: Private Island
12:21:12 ERROR: HypixelData.skyBlock: true, inSkyblock: true, HypixelData.hypixelLive: true, inHypixel: true, HypixelData.skyBlockIsland: NONE, island: PRIVATE_ISLAND, HypixelData.serverId: null, serverId: mini62AB, serverType: SKYBLOCK, map: Private Island
12:21:12 ERROR: HypixelData.skyBlock: true, inSkyblock: true, HypixelData.hypixelLive: true, inHypixel: true, HypixelData.skyBlockIsland: NONE, island: PRIVATE_ISLAND, HypixelData.serverId: null, serverId: mini62AB, serverType: SKYBLOCK, map: Private Island
12:21:12 ERROR: HypixelData.skyBlock: true, inSkyblock: true, HypixelData.hypixelLive: true, inHypixel: true, HypixelData.skyBlockIsland: NONE, island: PRIVATE_ISLAND, HypixelData.serverId: null, serverId: mini62AB, serverType: SKYBLOCK, map: Private Island
12:21:12 ERROR: HypixelData.skyBlock: true, inSkyblock: true, HypixelData.hypixelLive: true, inHypixel: true, HypixelData.skyBlockIsland: PRIVATE_ISLAND, island: PRIVATE_ISLAND, HypixelData.serverId: null, serverId: mini62AB, serverType: SKYBLOCK, map: Private Island
12:21:12 ERROR: HypixelData.skyBlock: true, inSkyblock: true, HypixelData.hypixelLive: true, inHypixel: true, HypixelData.skyBlockIsland: PRIVATE_ISLAND, island: PRIVATE_ISLAND, HypixelData.serverId: null, serverId: mini62AB, serverType: SKYBLOCK, map: Private Island
12:21:13 ERROR: HypixelData.skyBlock: true, inSkyblock: true, HypixelData.hypixelLive: true, inHypixel: true, HypixelData.skyBlockIsland: PRIVATE_ISLAND, island: PRIVATE_ISLAND, HypixelData.serverId: null, serverId: mini62AB, serverType: SKYBLOCK, map: Private Island
12:21:13 ERROR: HypixelData.skyBlock: true, inSkyblock: true, HypixelData.hypixelLive: true, inHypixel: true, HypixelData.skyBlockIsland: PRIVATE_ISLAND, island: PRIVATE_ISLAND, HypixelData.serverId: null, serverId: mini62AB, serverType: SKYBLOCK, map: Private Island
12:21:13 ERROR: HypixelData.skyBlock: true, inSkyblock: true, HypixelData.hypixelLive: true, inHypixel: true, HypixelData.skyBlockIsland: PRIVATE_ISLAND, island: PRIVATE_ISLAND, HypixelData.serverId: null, serverId: mini62AB, serverType: SKYBLOCK, map: Private Island
12:21:13 ERROR: HypixelData.skyBlock: true, inSkyblock: true, HypixelData.hypixelLive: true, inHypixel: true, HypixelData.skyBlockIsland: PRIVATE_ISLAND, island: PRIVATE_ISLAND, HypixelData.serverId: null, serverId: mini62AB, serverType: SKYBLOCK, map: Private Island
12:21:13 ERROR: HypixelData.skyBlock: true, inSkyblock: true, HypixelData.hypixelLive: true, inHypixel: true, HypixelData.skyBlockIsland: PRIVATE_ISLAND, island: PRIVATE_ISLAND, HypixelData.serverId: null, serverId: mini62AB, serverType: SKYBLOCK, map: Private Island
12:21:13 ERROR: HypixelData.skyBlock: true, inSkyblock: true, HypixelData.hypixelLive: true, inHypixel: true, HypixelData.skyBlockIsland: PRIVATE_ISLAND, island: PRIVATE_ISLAND, HypixelData.serverId: null, serverId: mini62AB, serverType: SKYBLOCK, map: Private Island
12:21:13 ERROR: HypixelData.skyBlock: true, inSkyblock: true, HypixelData.hypixelLive: true, inHypixel: true, HypixelData.skyBlockIsland: PRIVATE_ISLAND, island: PRIVATE_ISLAND, HypixelData.serverId: null, serverId: mini62AB, serverType: SKYBLOCK, map: Private Island
12:21:13 ERROR: HypixelData.skyBlock: true, inSkyblock: true, HypixelData.hypixelLive: true, inHypixel: true, HypixelData.skyBlockIsland: PRIVATE_ISLAND, island: PRIVATE_ISLAND, HypixelData.serverId: null, serverId: mini62AB, serverType: SKYBLOCK, map: Private Island
12:21:13 ERROR: HypixelData.skyBlock: true, inSkyblock: true, HypixelData.hypixelLive: true, inHypixel: true, HypixelData.skyBlockIsland: PRIVATE_ISLAND, island: PRIVATE_ISLAND, HypixelData.serverId: null, serverId: mini62AB, serverType: SKYBLOCK, map: Private Island
12:21:13 ERROR: HypixelData.skyBlock: true, inSkyblock: true, HypixelData.hypixelLive: true, inHypixel: true, HypixelData.skyBlockIsland: PRIVATE_ISLAND, island: PRIVATE_ISLAND, HypixelData.serverId: null, serverId: mini62AB, serverType: SKYBLOCK, map: Private Island
12:21:13 ERROR: HypixelData.skyBlock: true, inSkyblock: true, HypixelData.hypixelLive: true, inHypixel: true, HypixelData.skyBlockIsland: PRIVATE_ISLAND, island: PRIVATE_ISLAND, HypixelData.serverId: null, serverId: mini62AB, serverType: SKYBLOCK, map: Private Island
12:21:13 ERROR: HypixelData.skyBlock: true, inSkyblock: true, HypixelData.hypixelLive: true, inHypixel: true, HypixelData.skyBlockIsland: PRIVATE_ISLAND, island: PRIVATE_ISLAND, HypixelData.serverId: null, serverId: mini62AB, serverType: SKYBLOCK, map: Private Island
12:21:13 ERROR: HypixelData.skyBlock: true, inSkyblock: true, HypixelData.hypixelLive: true, inHypixel: true, HypixelData.skyBlockIsland: PRIVATE_ISLAND, island: PRIVATE_ISLAND, HypixelData.serverId: null, serverId: mini62AB, serverType: SKYBLOCK, map: Private Island
12:21:13 ERROR: HypixelData.skyBlock: true, inSkyblock: true, HypixelData.hypixelLive: true, inHypixel: true, HypixelData.skyBlockIsland: PRIVATE_ISLAND, island: PRIVATE_ISLAND, HypixelData.serverId: null, serverId: mini62AB, serverType: SKYBLOCK, map: Private Island
12:21:13 ERROR: HypixelData.skyBlock: true, inSkyblock: true, HypixelData.hypixelLive: true, inHypixel: true, HypixelData.skyBlockIsland: PRIVATE_ISLAND, island: PRIVATE_ISLAND, HypixelData.serverId: null, serverId: mini62AB, serverType: SKYBLOCK, map: Private Island
12:21:13 ERROR: HypixelData.skyBlock: true, inSkyblock: true, HypixelData.hypixelLive: true, inHypixel: true, HypixelData.skyBlockIsland: PRIVATE_ISLAND, island: PRIVATE_ISLAND, HypixelData.serverId: null, serverId: mini62AB, serverType: SKYBLOCK, map: Private Island
12:21:13 ERROR: HypixelData.skyBlock: true, inSkyblock: true, HypixelData.hypixelLive: true, inHypixel: true, HypixelData.skyBlockIsland: PRIVATE_ISLAND, island: PRIVATE_ISLAND, HypixelData.serverId: null, serverId: mini62AB, serverType: SKYBLOCK, map: Private Island
12:24:16 HypixelApiServerChangeEvent(serverName=mini3CM, serverType=SKYBLOCK, lobbyName=null, mode=dungeon_hub, map=Dungeon Hub)
12:24:16 Island detected: 'DUNGEON_HUB'
12:24:16 Island change: 'PRIVATE_ISLAND' -> 'DUNGEON_HUB'
12:24:16 ERROR: HypixelData.skyBlock: false, inSkyblock: true, HypixelData.hypixelLive: true, inHypixel: true, HypixelData.skyBlockIsland: PRIVATE_ISLAND, island: DUNGEON_HUB, HypixelData.serverId: null, serverId: mini3CM, serverType: SKYBLOCK, map: Dungeon Hub
12:24:16 ERROR: HypixelData.skyBlock: false, inSkyblock: true, HypixelData.hypixelLive: true, inHypixel: true, HypixelData.skyBlockIsland: PRIVATE_ISLAND, island: DUNGEON_HUB, HypixelData.serverId: null, serverId: mini3CM, serverType: SKYBLOCK, map: Dungeon Hub
12:24:16 ERROR: HypixelData.skyBlock: false, inSkyblock: true, HypixelData.hypixelLive: true, inHypixel: true, HypixelData.skyBlockIsland: PRIVATE_ISLAND, island: DUNGEON_HUB, HypixelData.serverId: null, serverId: mini3CM, serverType: SKYBLOCK, map: Dungeon Hub
12:24:16 ERROR: HypixelData.skyBlock: false, inSkyblock: true, HypixelData.hypixelLive: true, inHypixel: true, HypixelData.skyBlockIsland: PRIVATE_ISLAND, island: DUNGEON_HUB, HypixelData.serverId: null, serverId: mini3CM, serverType: SKYBLOCK, map: Dungeon Hub
12:24:16 ERROR: HypixelData.skyBlock: false, inSkyblock: true, HypixelData.hypixelLive: true, inHypixel: true, HypixelData.skyBlockIsland: PRIVATE_ISLAND, island: DUNGEON_HUB, HypixelData.serverId: null, serverId: mini3CM, serverType: SKYBLOCK, map: Dungeon Hub
12:24:16 ERROR: HypixelData.skyBlock: false, inSkyblock: true, HypixelData.hypixelLive: true, inHypixel: true, HypixelData.skyBlockIsland: PRIVATE_ISLAND, island: DUNGEON_HUB, HypixelData.serverId: null, serverId: mini3CM, serverType: SKYBLOCK, map: Dungeon Hub
12:24:16 ERROR: HypixelData.skyBlock: false, inSkyblock: true, HypixelData.hypixelLive: true, inHypixel: true, HypixelData.skyBlockIsland: PRIVATE_ISLAND, island: DUNGEON_HUB, HypixelData.serverId: null, serverId: mini3CM, serverType: SKYBLOCK, map: Dungeon Hub
12:24:16 ERROR: HypixelData.skyBlock: false, inSkyblock: true, HypixelData.hypixelLive: true, inHypixel: true, HypixelData.skyBlockIsland: PRIVATE_ISLAND, island: DUNGEON_HUB, HypixelData.serverId: null, serverId: mini3CM, serverType: SKYBLOCK, map: Dungeon Hub
12:24:16 ERROR: HypixelData.skyBlock: false, inSkyblock: true, HypixelData.hypixelLive: true, inHypixel: true, HypixelData.skyBlockIsland: PRIVATE_ISLAND, island: DUNGEON_HUB, HypixelData.serverId: null, serverId: mini3CM, serverType: SKYBLOCK, map: Dungeon Hub
12:24:16 ERROR: HypixelData.skyBlock: false, inSkyblock: true, HypixelData.hypixelLive: true, inHypixel: true, HypixelData.skyBlockIsland: NONE, island: DUNGEON_HUB, HypixelData.serverId: null, serverId: mini3CM, serverType: SKYBLOCK, map: Dungeon Hub
12:24:16 ERROR: HypixelData.skyBlock: true, inSkyblock: true, HypixelData.hypixelLive: true, inHypixel: true, HypixelData.skyBlockIsland: NONE, island: DUNGEON_HUB, HypixelData.serverId: null, serverId: mini3CM, serverType: SKYBLOCK, map: Dungeon Hub
12:24:16 ERROR: HypixelData.skyBlock: true, inSkyblock: true, HypixelData.hypixelLive: true, inHypixel: true, HypixelData.skyBlockIsland: NONE, island: DUNGEON_HUB, HypixelData.serverId: null, serverId: mini3CM, serverType: SKYBLOCK, map: Dungeon Hub
12:24:16 ERROR: HypixelData.skyBlock: true, inSkyblock: true, HypixelData.hypixelLive: true, inHypixel: true, HypixelData.skyBlockIsland: NONE, island: DUNGEON_HUB, HypixelData.serverId: null, serverId: mini3CM, serverType: SKYBLOCK, map: Dungeon Hub
12:24:16 ERROR: HypixelData.skyBlock: true, inSkyblock: true, HypixelData.hypixelLive: true, inHypixel: true, HypixelData.skyBlockIsland: NONE, island: DUNGEON_HUB, HypixelData.serverId: null, serverId: mini3CM, serverType: SKYBLOCK, map: Dungeon Hub
12:24:16 ERROR: HypixelData.skyBlock: true, inSkyblock: true, HypixelData.hypixelLive: true, inHypixel: true, HypixelData.skyBlockIsland: NONE, island: DUNGEON_HUB, HypixelData.serverId: null, serverId: mini3CM, serverType: SKYBLOCK, map: Dungeon Hub
12:24:16 ERROR: HypixelData.skyBlock: true, inSkyblock: true, HypixelData.hypixelLive: true, inHypixel: true, HypixelData.skyBlockIsland: NONE, island: DUNGEON_HUB, HypixelData.serverId: null, serverId: mini3CM, serverType: SKYBLOCK, map: Dungeon Hub
12:24:16 ERROR: HypixelData.skyBlock: true, inSkyblock: true, HypixelData.hypixelLive: true, inHypixel: true, HypixelData.skyBlockIsland: NONE, island: DUNGEON_HUB, HypixelData.serverId: null, serverId: mini3CM, serverType: SKYBLOCK, map: Dungeon Hub
12:24:16 ERROR: HypixelData.skyBlock: true, inSkyblock: true, HypixelData.hypixelLive: true, inHypixel: true, HypixelData.skyBlockIsland: NONE, island: DUNGEON_HUB, HypixelData.serverId: null, serverId: mini3CM, serverType: SKYBLOCK, map: Dungeon Hub
12:24:16 ERROR: HypixelData.skyBlock: true, inSkyblock: true, HypixelData.hypixelLive: true, inHypixel: true, HypixelData.skyBlockIsland: NONE, island: DUNGEON_HUB, HypixelData.serverId: null, serverId: mini3CM, serverType: SKYBLOCK, map: Dungeon Hub
12:24:16 ERROR: HypixelData.skyBlock: true, inSkyblock: true, HypixelData.hypixelLive: true, inHypixel: true, HypixelData.skyBlockIsland: NONE, island: DUNGEON_HUB, HypixelData.serverId: null, serverId: mini3CM, serverType: SKYBLOCK, map: Dungeon Hub
12:24:16 ERROR: HypixelData.skyBlock: true, inSkyblock: true, HypixelData.hypixelLive: true, inHypixel: true, HypixelData.skyBlockIsland: NONE, island: DUNGEON_HUB, HypixelData.serverId: null, serverId: mini3CM, serverType: SKYBLOCK, map: Dungeon Hub
12:24:17 ERROR: HypixelData.skyBlock: true, inSkyblock: true, HypixelData.hypixelLive: true, inHypixel: true, HypixelData.skyBlockIsland: DUNGEON_HUB, island: DUNGEON_HUB, HypixelData.serverId: null, serverId: mini3CM, serverType: SKYBLOCK, map: Dungeon Hub
12:24:17 ERROR: HypixelData.skyBlock: true, inSkyblock: true, HypixelData.hypixelLive: true, inHypixel: true, HypixelData.skyBlockIsland: DUNGEON_HUB, island: DUNGEON_HUB, HypixelData.serverId: null, serverId: mini3CM, serverType: SKYBLOCK, map: Dungeon Hub
12:24:17 ERROR: HypixelData.skyBlock: true, inSkyblock: true, HypixelData.hypixelLive: true, inHypixel: true, HypixelData.skyBlockIsland: DUNGEON_HUB, island: DUNGEON_HUB, HypixelData.serverId: null, serverId: mini3CM, serverType: SKYBLOCK, map: Dungeon Hub
12:24:17 ERROR: HypixelData.skyBlock: true, inSkyblock: true, HypixelData.hypixelLive: true, inHypixel: true, HypixelData.skyBlockIsland: DUNGEON_HUB, island: DUNGEON_HUB, HypixelData.serverId: null, serverId: mini3CM, serverType: SKYBLOCK, map: Dungeon Hub
12:26:35 HypixelApiServerChangeEvent(serverName=mini250K, serverType=SKYBLOCK, lobbyName=null, mode=dungeon, map=Dungeon)
12:26:35 Island detected: 'CATACOMBS'
12:26:35 Island change: 'DUNGEON_HUB' -> 'CATACOMBS'
12:26:35 ERROR: HypixelData.skyBlock: false, inSkyblock: true, HypixelData.hypixelLive: true, inHypixel: true, HypixelData.skyBlockIsland: DUNGEON_HUB, island: CATACOMBS, HypixelData.serverId: null, serverId: mini250K, serverType: SKYBLOCK, map: Dungeon
12:26:35 ERROR: HypixelData.skyBlock: false, inSkyblock: true, HypixelData.hypixelLive: true, inHypixel: true, HypixelData.skyBlockIsland: DUNGEON_HUB, island: CATACOMBS, HypixelData.serverId: null, serverId: mini250K, serverType: SKYBLOCK, map: Dungeon
12:26:35 ERROR: HypixelData.skyBlock: false, inSkyblock: true, HypixelData.hypixelLive: true, inHypixel: true, HypixelData.skyBlockIsland: DUNGEON_HUB, island: CATACOMBS, HypixelData.serverId: null, serverId: mini250K, serverType: SKYBLOCK, map: Dungeon
12:26:35 ERROR: HypixelData.skyBlock: false, inSkyblock: true, HypixelData.hypixelLive: true, inHypixel: true, HypixelData.skyBlockIsland: DUNGEON_HUB, island: CATACOMBS, HypixelData.serverId: null, serverId: mini250K, serverType: SKYBLOCK, map: Dungeon
12:26:35 ERROR: HypixelData.skyBlock: false, inSkyblock: true, HypixelData.hypixelLive: true, inHypixel: true, HypixelData.skyBlockIsland: DUNGEON_HUB, island: CATACOMBS, HypixelData.serverId: null, serverId: mini250K, serverType: SKYBLOCK, map: Dungeon
12:26:35 ERROR: HypixelData.skyBlock: false, inSkyblock: true, HypixelData.hypixelLive: true, inHypixel: true, HypixelData.skyBlockIsland: DUNGEON_HUB, island: CATACOMBS, HypixelData.serverId: null, serverId: mini250K, serverType: SKYBLOCK, map: Dungeon
12:26:35 ERROR: HypixelData.skyBlock: false, inSkyblock: true, HypixelData.hypixelLive: true, inHypixel: true, HypixelData.skyBlockIsland: DUNGEON_HUB, island: CATACOMBS, HypixelData.serverId: null, serverId: mini250K, serverType: SKYBLOCK, map: Dungeon
12:26:35 ERROR: HypixelData.skyBlock: false, inSkyblock: true, HypixelData.hypixelLive: true, inHypixel: true, HypixelData.skyBlockIsland: DUNGEON_HUB, island: CATACOMBS, HypixelData.serverId: null, serverId: mini250K, serverType: SKYBLOCK, map: Dungeon
12:26:35 ERROR: HypixelData.skyBlock: false, inSkyblock: true, HypixelData.hypixelLive: true, inHypixel: true, HypixelData.skyBlockIsland: DUNGEON_HUB, island: CATACOMBS, HypixelData.serverId: null, serverId: mini250K, serverType: SKYBLOCK, map: Dungeon
12:26:35 ERROR: HypixelData.skyBlock: true, inSkyblock: true, HypixelData.hypixelLive: true, inHypixel: true, HypixelData.skyBlockIsland: NONE, island: CATACOMBS, HypixelData.serverId: null, serverId: mini250K, serverType: SKYBLOCK, map: Dungeon
12:26:35 ERROR: HypixelData.skyBlock: true, inSkyblock: true, HypixelData.hypixelLive: true, inHypixel: true, HypixelData.skyBlockIsland: NONE, island: CATACOMBS, HypixelData.serverId: null, serverId: mini250K, serverType: SKYBLOCK, map: Dungeon
12:26:35 ERROR: HypixelData.skyBlock: true, inSkyblock: true, HypixelData.hypixelLive: true, inHypixel: true, HypixelData.skyBlockIsland: NONE, island: CATACOMBS, HypixelData.serverId: null, serverId: mini250K, serverType: SKYBLOCK, map: Dungeon
12:26:35 ERROR: HypixelData.skyBlock: true, inSkyblock: true, HypixelData.hypixelLive: true, inHypixel: true, HypixelData.skyBlockIsland: NONE, island: CATACOMBS, HypixelData.serverId: null, serverId: mini250K, serverType: SKYBLOCK, map: Dungeon
12:26:35 ERROR: HypixelData.skyBlock: true, inSkyblock: true, HypixelData.hypixelLive: true, inHypixel: true, HypixelData.skyBlockIsland: NONE, island: CATACOMBS, HypixelData.serverId: null, serverId: mini250K, serverType: SKYBLOCK, map: Dungeon
12:26:35 ERROR: HypixelData.skyBlock: true, inSkyblock: true, HypixelData.hypixelLive: true, inHypixel: true, HypixelData.skyBlockIsland: NONE, island: CATACOMBS, HypixelData.serverId: null, serverId: mini250K, serverType: SKYBLOCK, map: Dungeon
12:26:35 ERROR: HypixelData.skyBlock: true, inSkyblock: true, HypixelData.hypixelLive: true, inHypixel: true, HypixelData.skyBlockIsland: NONE, island: CATACOMBS, HypixelData.serverId: null, serverId: mini250K, serverType: SKYBLOCK, map: Dungeon
12:26:35 ERROR: HypixelData.skyBlock: true, inSkyblock: true, HypixelData.hypixelLive: true, inHypixel: true, HypixelData.skyBlockIsland: NONE, island: CATACOMBS, HypixelData.serverId: null, serverId: mini250K, serverType: SKYBLOCK, map: Dungeon
12:26:35 ERROR: HypixelData.skyBlock: true, inSkyblock: true, HypixelData.hypixelLive: true, inHypixel: true, HypixelData.skyBlockIsland: NONE, island: CATACOMBS, HypixelData.serverId: null, serverId: mini250K, serverType: SKYBLOCK, map: Dungeon
12:26:35 ERROR: HypixelData.skyBlock: true, inSkyblock: true, HypixelData.hypixelLive: true, inHypixel: true, HypixelData.skyBlockIsland: NONE, island: CATACOMBS, HypixelData.serverId: null, serverId: mini250K, serverType: SKYBLOCK, map: Dungeon
12:26:36 ERROR: HypixelData.skyBlock: true, inSkyblock: true, HypixelData.hypixelLive: true, inHypixel: true, HypixelData.skyBlockIsland: NONE, island: CATACOMBS, HypixelData.serverId: null, serverId: mini250K, serverType: SKYBLOCK, map: Dungeon
12:34:56 HypixelApiServerChangeEvent(serverName=mini3CM, serverType=SKYBLOCK, lobbyName=null, mode=dungeon_hub, map=Dungeon Hub)
12:34:56 Island detected: 'DUNGEON_HUB'
12:34:56 Island change: 'CATACOMBS' -> 'DUNGEON_HUB'
12:34:57 ERROR: HypixelData.skyBlock: false, inSkyblock: true, HypixelData.hypixelLive: true, inHypixel: true, HypixelData.skyBlockIsland: CATACOMBS, island: DUNGEON_HUB, HypixelData.serverId: null, serverId: mini3CM, serverType: SKYBLOCK, map: Dungeon Hub
12:34:57 ERROR: HypixelData.skyBlock: false, inSkyblock: true, HypixelData.hypixelLive: true, inHypixel: true, HypixelData.skyBlockIsland: CATACOMBS, island: DUNGEON_HUB, HypixelData.serverId: null, serverId: mini3CM, serverType: SKYBLOCK, map: Dungeon Hub
12:34:57 ERROR: HypixelData.skyBlock: false, inSkyblock: true, HypixelData.hypixelLive: true, inHypixel: true, HypixelData.skyBlockIsland: CATACOMBS, island: DUNGEON_HUB, HypixelData.serverId: null, serverId: mini3CM, serverType: SKYBLOCK, map: Dungeon Hub
12:34:57 ERROR: HypixelData.skyBlock: false, inSkyblock: true, HypixelData.hypixelLive: true, inHypixel: true, HypixelData.skyBlockIsland: CATACOMBS, island: DUNGEON_HUB, HypixelData.serverId: null, serverId: mini3CM, serverType: SKYBLOCK, map: Dungeon Hub
12:34:57 ERROR: HypixelData.skyBlock: false, inSkyblock: true, HypixelData.hypixelLive: true, inHypixel: true, HypixelData.skyBlockIsland: CATACOMBS, island: DUNGEON_HUB, HypixelData.serverId: null, serverId: mini3CM, serverType: SKYBLOCK, map: Dungeon Hub
12:34:57 ERROR: HypixelData.skyBlock: false, inSkyblock: true, HypixelData.hypixelLive: true, inHypixel: true, HypixelData.skyBlockIsland: CATACOMBS, island: DUNGEON_HUB, HypixelData.serverId: null, serverId: mini3CM, serverType: SKYBLOCK, map: Dungeon Hub
12:34:57 ERROR: HypixelData.skyBlock: false, inSkyblock: true, HypixelData.hypixelLive: true, inHypixel: true, HypixelData.skyBlockIsland: CATACOMBS, island: DUNGEON_HUB, HypixelData.serverId: null, serverId: mini3CM, serverType: SKYBLOCK, map: Dungeon Hub
12:34:57 ERROR: HypixelData.skyBlock: false, inSkyblock: true, HypixelData.hypixelLive: true, inHypixel: true, HypixelData.skyBlockIsland: CATACOMBS, island: DUNGEON_HUB, HypixelData.serverId: null, serverId: mini3CM, serverType: SKYBLOCK, map: Dungeon Hub
12:34:57 ERROR: HypixelData.skyBlock: false, inSkyblock: true, HypixelData.hypixelLive: true, inHypixel: true, HypixelData.skyBlockIsland: NONE, island: DUNGEON_HUB, HypixelData.serverId: null, serverId: mini3CM, serverType: SKYBLOCK, map: Dungeon Hub
12:34:57 ERROR: HypixelData.skyBlock: true, inSkyblock: true, HypixelData.hypixelLive: true, inHypixel: true, HypixelData.skyBlockIsland: NONE, island: DUNGEON_HUB, HypixelData.serverId: null, serverId: mini3CM, serverType: SKYBLOCK, map: Dungeon Hub
12:34:57 ERROR: HypixelData.skyBlock: true, inSkyblock: true, HypixelData.hypixelLive: true, inHypixel: true, HypixelData.skyBlockIsland: NONE, island: DUNGEON_HUB, HypixelData.serverId: null, serverId: mini3CM, serverType: SKYBLOCK, map: Dungeon Hub
12:34:57 ERROR: HypixelData.skyBlock: true, inSkyblock: true, HypixelData.hypixelLive: true, inHypixel: true, HypixelData.skyBlockIsland: NONE, island: DUNGEON_HUB, HypixelData.serverId: null, serverId: mini3CM, serverType: SKYBLOCK, map: Dungeon Hub
12:34:57 ERROR: HypixelData.skyBlock: true, inSkyblock: true, HypixelData.hypixelLive: true, inHypixel: true, HypixelData.skyBlockIsland: NONE, island: DUNGEON_HUB, HypixelData.serverId: null, serverId: mini3CM, serverType: SKYBLOCK, map: Dungeon Hub
12:34:57 ERROR: HypixelData.skyBlock: true, inSkyblock: true, HypixelData.hypixelLive: true, inHypixel: true, HypixelData.skyBlockIsland: NONE, island: DUNGEON_HUB, HypixelData.serverId: null, serverId: mini3CM, serverType: SKYBLOCK, map: Dungeon Hub
12:34:57 ERROR: HypixelData.skyBlock: true, inSkyblock: true, HypixelData.hypixelLive: true, inHypixel: true, HypixelData.skyBlockIsland: NONE, island: DUNGEON_HUB, HypixelData.serverId: null, serverId: mini3CM, serverType: SKYBLOCK, map: Dungeon Hub
12:34:57 ERROR: HypixelData.skyBlock: true, inSkyblock: true, HypixelData.hypixelLive: true, inHypixel: true, HypixelData.skyBlockIsland: NONE, island: DUNGEON_HUB, HypixelData.serverId: null, serverId: mini3CM, serverType: SKYBLOCK, map: Dungeon Hub
12:34:57 ERROR: HypixelData.skyBlock: true, inSkyblock: true, HypixelData.hypixelLive: true, inHypixel: true, HypixelData.skyBlockIsland: DUNGEON_HUB, island: DUNGEON_HUB, HypixelData.serverId: null, serverId: mini3CM, serverType: SKYBLOCK, map: Dungeon Hub
12:34:57 ERROR: HypixelData.skyBlock: true, inSkyblock: true, HypixelData.hypixelLive: true, inHypixel: true, HypixelData.skyBlockIsland: DUNGEON_HUB, island: DUNGEON_HUB, HypixelData.serverId: null, serverId: mini3CM, serverType: SKYBLOCK, map: Dungeon Hub
12:34:57 ERROR: HypixelData.skyBlock: true, inSkyblock: true, HypixelData.hypixelLive: true, inHypixel: true, HypixelData.skyBlockIsland: DUNGEON_HUB, island: DUNGEON_HUB, HypixelData.serverId: null, serverId: mini3CM, serverType: SKYBLOCK, map: Dungeon Hub
12:34:57 ERROR: HypixelData.skyBlock: true, inSkyblock: true, HypixelData.hypixelLive: true, inHypixel: true, HypixelData.skyBlockIsland: DUNGEON_HUB, island: DUNGEON_HUB, HypixelData.serverId: null, serverId: mini3CM, serverType: SKYBLOCK, map: Dungeon Hub
12:34:58 ERROR: HypixelData.skyBlock: true, inSkyblock: true, HypixelData.hypixelLive: true, inHypixel: true, HypixelData.skyBlockIsland: DUNGEON_HUB, island: DUNGEON_HUB, HypixelData.serverId: null, serverId: mini3CM, serverType: SKYBLOCK, map: Dungeon Hub
12:34:58 ERROR: HypixelData.skyBlock: true, inSkyblock: true, HypixelData.hypixelLive: true, inHypixel: true, HypixelData.skyBlockIsland: DUNGEON_HUB, island: DUNGEON_HUB, HypixelData.serverId: null, serverId: mini3CM, serverType: SKYBLOCK, map: Dungeon Hub
12:34:58 ERROR: HypixelData.skyBlock: true, inSkyblock: true, HypixelData.hypixelLive: true, inHypixel: true, HypixelData.skyBlockIsland: DUNGEON_HUB, island: DUNGEON_HUB, HypixelData.serverId: null, serverId: mini3CM, serverType: SKYBLOCK, map: Dungeon Hub
12:34:58 ERROR: HypixelData.skyBlock: true, inSkyblock: true, HypixelData.hypixelLive: true, inHypixel: true, HypixelData.skyBlockIsland: DUNGEON_HUB, island: DUNGEON_HUB, HypixelData.serverId: null, serverId: mini3CM, serverType: SKYBLOCK, map: Dungeon Hub
12:38:08 ERROR: HypixelData.skyBlock: false, inSkyblock: true, HypixelData.hypixelLive: true, inHypixel: true, HypixelData.skyBlockIsland: DUNGEON_HUB, island: DUNGEON_HUB, HypixelData.serverId: null, serverId: mini3CM, serverType: SKYBLOCK, map: Dungeon Hub
12:38:08 ERROR: HypixelData.skyBlock: false, inSkyblock: true, HypixelData.hypixelLive: true, inHypixel: true, HypixelData.skyBlockIsland: DUNGEON_HUB, island: DUNGEON_HUB, HypixelData.serverId: null, serverId: mini3CM, serverType: SKYBLOCK, map: Dungeon Hub
12:38:08 ERROR: HypixelData.skyBlock: false, inSkyblock: true, HypixelData.hypixelLive: true, inHypixel: true, HypixelData.skyBlockIsland: DUNGEON_HUB, island: DUNGEON_HUB, HypixelData.serverId: null, serverId: mini3CM, serverType: SKYBLOCK, map: Dungeon Hub
12:38:08 ERROR: HypixelData.skyBlock: false, inSkyblock: true, HypixelData.hypixelLive: true, inHypixel: true, HypixelData.skyBlockIsland: DUNGEON_HUB, island: DUNGEON_HUB, HypixelData.serverId: null, serverId: mini3CM, serverType: SKYBLOCK, map: Dungeon Hub
12:38:08 ERROR: HypixelData.skyBlock: false, inSkyblock: true, HypixelData.hypixelLive: true, inHypixel: true, HypixelData.skyBlockIsland: DUNGEON_HUB, island: DUNGEON_HUB, HypixelData.serverId: null, serverId: mini3CM, serverType: SKYBLOCK, map: Dungeon Hub
12:38:08 ERROR: HypixelData.skyBlock: false, inSkyblock: true, HypixelData.hypixelLive: true, inHypixel: true, HypixelData.skyBlockIsland: DUNGEON_HUB, island: DUNGEON_HUB, HypixelData.serverId: null, serverId: mini3CM, serverType: SKYBLOCK, map: Dungeon Hub
12:38:08 ERROR: HypixelData.skyBlock: false, inSkyblock: true, HypixelData.hypixelLive: true, inHypixel: true, HypixelData.skyBlockIsland: DUNGEON_HUB, island: DUNGEON_HUB, HypixelData.serverId: null, serverId: mini3CM, serverType: SKYBLOCK, map: Dungeon Hub
12:38:08 ERROR: HypixelData.skyBlock: false, inSkyblock: true, HypixelData.hypixelLive: true, inHypixel: true, HypixelData.skyBlockIsland: DUNGEON_HUB, island: DUNGEON_HUB, HypixelData.serverId: null, serverId: mini3CM, serverType: SKYBLOCK, map: Dungeon Hub
12:38:08 ERROR: HypixelData.skyBlock: false, inSkyblock: true, HypixelData.hypixelLive: true, inHypixel: true, HypixelData.skyBlockIsland: DUNGEON_HUB, island: DUNGEON_HUB, HypixelData.serverId: null, serverId: mini3CM, serverType: SKYBLOCK, map: Dungeon Hub
12:38:08 HypixelApiServerChangeEvent(serverName=mini197DU, serverType=SKYBLOCK, lobbyName=null, mode=dungeon, map=Dungeon)
12:38:08 Island detected: 'CATACOMBS'
12:38:08 Island change: 'DUNGEON_HUB' -> 'CATACOMBS'
12:38:08 ERROR: HypixelData.skyBlock: false, inSkyblock: true, HypixelData.hypixelLive: true, inHypixel: true, HypixelData.skyBlockIsland: NONE, island: CATACOMBS, HypixelData.serverId: null, serverId: mini197DU, serverType: SKYBLOCK, map: Dungeon
12:38:08 ERROR: HypixelData.skyBlock: true, inSkyblock: true, HypixelData.hypixelLive: true, inHypixel: true, HypixelData.skyBlockIsland: NONE, island: CATACOMBS, HypixelData.serverId: null, serverId: mini197DU, serverType: SKYBLOCK, map: Dungeon
12:38:08 ERROR: HypixelData.skyBlock: true, inSkyblock: true, HypixelData.hypixelLive: true, inHypixel: true, HypixelData.skyBlockIsland: NONE, island: CATACOMBS, HypixelData.serverId: null, serverId: mini197DU, serverType: SKYBLOCK, map: Dungeon
12:38:08 ERROR: HypixelData.skyBlock: true, inSkyblock: true, HypixelData.hypixelLive: true, inHypixel: true, HypixelData.skyBlockIsland: NONE, island: CATACOMBS, HypixelData.serverId: null, serverId: mini197DU, serverType: SKYBLOCK, map: Dungeon
12:38:08 ERROR: HypixelData.skyBlock: true, inSkyblock: true, HypixelData.hypixelLive: true, inHypixel: true, HypixelData.skyBlockIsland: NONE, island: CATACOMBS, HypixelData.serverId: null, serverId: mini197DU, serverType: SKYBLOCK, map: Dungeon
12:38:09 ERROR: HypixelData.skyBlock: true, inSkyblock: true, HypixelData.hypixelLive: true, inHypixel: true, HypixelData.skyBlockIsland: NONE, island: CATACOMBS, HypixelData.serverId: null, serverId: mini197DU, serverType: SKYBLOCK, map: Dungeon
12:38:09 ERROR: HypixelData.skyBlock: true, inSkyblock: true, HypixelData.hypixelLive: true, inHypixel: true, HypixelData.skyBlockIsland: NONE, island: CATACOMBS, HypixelData.serverId: null, serverId: mini197DU, serverType: SKYBLOCK, map: Dungeon
12:38:09 ERROR: HypixelData.skyBlock: true, inSkyblock: true, HypixelData.hypixelLive: true, inHypixel: true, HypixelData.skyBlockIsland: NONE, island: CATACOMBS, HypixelData.serverId: null, serverId: mini197DU, serverType: SKYBLOCK, map: Dungeon
12:38:09 ERROR: HypixelData.skyBlock: true, inSkyblock: true, HypixelData.hypixelLive: true, inHypixel: true, HypixelData.skyBlockIsland: NONE, island: CATACOMBS, HypixelData.serverId: null, serverId: mini197DU, serverType: SKYBLOCK, map: Dungeon
12:38:09 ERROR: HypixelData.skyBlock: true, inSkyblock: true, HypixelData.hypixelLive: true, inHypixel: true, HypixelData.skyBlockIsland: NONE, island: CATACOMBS, HypixelData.serverId: null, serverId: mini197DU, serverType: SKYBLOCK, map: Dungeon
12:38:09 ERROR: HypixelData.skyBlock: true, inSkyblock: true, HypixelData.hypixelLive: true, inHypixel: true, HypixelData.skyBlockIsland: NONE, island: CATACOMBS, HypixelData.serverId: null, serverId: mini197DU, serverType: SKYBLOCK, map: Dungeon
12:38:09 ERROR: HypixelData.skyBlock: true, inSkyblock: true, HypixelData.hypixelLive: true, inHypixel: true, HypixelData.skyBlockIsland: CATACOMBS, island: CATACOMBS, HypixelData.serverId: null, serverId: mini197DU, serverType: SKYBLOCK, map: Dungeon
12:38:09 ERROR: HypixelData.skyBlock: true, inSkyblock: true, HypixelData.hypixelLive: true, inHypixel: true, HypixelData.skyBlockIsland: CATACOMBS, island: CATACOMBS, HypixelData.serverId: null, serverId: mini197DU, serverType: SKYBLOCK, map: Dungeon
12:38:09 ERROR: HypixelData.skyBlock: true, inSkyblock: true, HypixelData.hypixelLive: true, inHypixel: true, HypixelData.skyBlockIsland: CATACOMBS, island: CATACOMBS, HypixelData.serverId: null, serverId: mini197DU, serverType: SKYBLOCK, map: Dungeon
12:44:27 HypixelApiServerChangeEvent(serverName=mini2CA, serverType=SKYBLOCK, lobbyName=null, mode=dungeon_hub, map=Dungeon Hub)
12:44:27 Island detected: 'DUNGEON_HUB'
12:44:27 Island change: 'CATACOMBS' -> 'DUNGEON_HUB'
12:44:27 ERROR: HypixelData.skyBlock: false, inSkyblock: true, HypixelData.hypixelLive: true, inHypixel: true, HypixelData.skyBlockIsland: CATACOMBS, island: DUNGEON_HUB, HypixelData.serverId: null, serverId: mini2CA, serverType: SKYBLOCK, map: Dungeon Hub
12:44:27 ERROR: HypixelData.skyBlock: false, inSkyblock: true, HypixelData.hypixelLive: true, inHypixel: true, HypixelData.skyBlockIsland: CATACOMBS, island: DUNGEON_HUB, HypixelData.serverId: null, serverId: mini2CA, serverType: SKYBLOCK, map: Dungeon Hub
12:44:27 ERROR: HypixelData.skyBlock: false, inSkyblock: true, HypixelData.hypixelLive: true, inHypixel: true, HypixelData.skyBlockIsland: CATACOMBS, island: DUNGEON_HUB, HypixelData.serverId: null, serverId: mini2CA, serverType: SKYBLOCK, map: Dungeon Hub
12:44:27 ERROR: HypixelData.skyBlock: false, inSkyblock: true, HypixelData.hypixelLive: true, inHypixel: true, HypixelData.skyBlockIsland: CATACOMBS, island: DUNGEON_HUB, HypixelData.serverId: null, serverId: mini2CA, serverType: SKYBLOCK, map: Dungeon Hub
12:44:27 ERROR: HypixelData.skyBlock: false, inSkyblock: true, HypixelData.hypixelLive: true, inHypixel: true, HypixelData.skyBlockIsland: CATACOMBS, island: DUNGEON_HUB, HypixelData.serverId: null, serverId: mini2CA, serverType: SKYBLOCK, map: Dungeon Hub
12:44:27 ERROR: HypixelData.skyBlock: false, inSkyblock: true, HypixelData.hypixelLive: true, inHypixel: true, HypixelData.skyBlockIsland: CATACOMBS, island: DUNGEON_HUB, HypixelData.serverId: null, serverId: mini2CA, serverType: SKYBLOCK, map: Dungeon Hub
12:44:27 ERROR: HypixelData.skyBlock: false, inSkyblock: true, HypixelData.hypixelLive: true, inHypixel: true, HypixelData.skyBlockIsland: CATACOMBS, island: DUNGEON_HUB, HypixelData.serverId: null, serverId: mini2CA, serverType: SKYBLOCK, map: Dungeon Hub
12:44:27 ERROR: HypixelData.skyBlock: false, inSkyblock: true, HypixelData.hypixelLive: true, inHypixel: true, HypixelData.skyBlockIsland: CATACOMBS, island: DUNGEON_HUB, HypixelData.serverId: null, serverId: mini2CA, serverType: SKYBLOCK, map: Dungeon Hub
12:44:27 ERROR: HypixelData.skyBlock: false, inSkyblock: true, HypixelData.hypixelLive: true, inHypixel: true, HypixelData.skyBlockIsland: CATACOMBS, island: DUNGEON_HUB, HypixelData.serverId: null, serverId: mini2CA, serverType: SKYBLOCK, map: Dungeon Hub
12:44:27 ERROR: HypixelData.skyBlock: false, inSkyblock: true, HypixelData.hypixelLive: true, inHypixel: true, HypixelData.skyBlockIsland: CATACOMBS, island: DUNGEON_HUB, HypixelData.serverId: null, serverId: mini2CA, serverType: SKYBLOCK, map: Dungeon Hub
12:44:27 ERROR: HypixelData.skyBlock: false, inSkyblock: true, HypixelData.hypixelLive: true, inHypixel: true, HypixelData.skyBlockIsland: CATACOMBS, island: DUNGEON_HUB, HypixelData.serverId: null, serverId: mini2CA, serverType: SKYBLOCK, map: Dungeon Hub
12:44:27 ERROR: HypixelData.skyBlock: false, inSkyblock: true, HypixelData.hypixelLive: true, inHypixel: true, HypixelData.skyBlockIsland: NONE, island: DUNGEON_HUB, HypixelData.serverId: null, serverId: mini2CA, serverType: SKYBLOCK, map: Dungeon Hub
12:44:27 ERROR: HypixelData.skyBlock: true, inSkyblock: true, HypixelData.hypixelLive: true, inHypixel: true, HypixelData.skyBlockIsland: NONE, island: DUNGEON_HUB, HypixelData.serverId: null, serverId: mini2CA, serverType: SKYBLOCK, map: Dungeon Hub
12:44:27 ERROR: HypixelData.skyBlock: true, inSkyblock: true, HypixelData.hypixelLive: true, inHypixel: true, HypixelData.skyBlockIsland: NONE, island: DUNGEON_HUB, HypixelData.serverId: null, serverId: mini2CA, serverType: SKYBLOCK, map: Dungeon Hub
12:44:27 ERROR: HypixelData.skyBlock: true, inSkyblock: true, HypixelData.hypixelLive: true, inHypixel: true, HypixelData.skyBlockIsland: NONE, island: DUNGEON_HUB, HypixelData.serverId: null, serverId: mini2CA, serverType: SKYBLOCK, map: Dungeon Hub
12:44:27 ERROR: HypixelData.skyBlock: true, inSkyblock: true, HypixelData.hypixelLive: true, inHypixel: true, HypixelData.skyBlockIsland: NONE, island: DUNGEON_HUB, HypixelData.serverId: null, serverId: mini2CA, serverType: SKYBLOCK, map: Dungeon Hub
12:44:27 ERROR: HypixelData.skyBlock: true, inSkyblock: true, HypixelData.hypixelLive: true, inHypixel: true, HypixelData.skyBlockIsland: NONE, island: DUNGEON_HUB, HypixelData.serverId: null, serverId: mini2CA, serverType: SKYBLOCK, map: Dungeon Hub
12:44:27 ERROR: HypixelData.skyBlock: true, inSkyblock: true, HypixelData.hypixelLive: true, inHypixel: true, HypixelData.skyBlockIsland: NONE, island: DUNGEON_HUB, HypixelData.serverId: null, serverId: mini2CA, serverType: SKYBLOCK, map: Dungeon Hub
12:44:27 ERROR: HypixelData.skyBlock: true, inSkyblock: true, HypixelData.hypixelLive: true, inHypixel: true, HypixelData.skyBlockIsland: NONE, island: DUNGEON_HUB, HypixelData.serverId: null, serverId: mini2CA, serverType: SKYBLOCK, map: Dungeon Hub
12:44:27 ERROR: HypixelData.skyBlock: true, inSkyblock: true, HypixelData.hypixelLive: true, inHypixel: true, HypixelData.skyBlockIsland: NONE, island: DUNGEON_HUB, HypixelData.serverId: null, serverId: mini2CA, serverType: SKYBLOCK, map: Dungeon Hub
12:44:27 ERROR: HypixelData.skyBlock: true, inSkyblock: true, HypixelData.hypixelLive: true, inHypixel: true, HypixelData.skyBlockIsland: NONE, island: DUNGEON_HUB, HypixelData.serverId: null, serverId: mini2CA, serverType: SKYBLOCK, map: Dungeon Hub
12:44:28 ERROR: HypixelData.skyBlock: true, inSkyblock: true, HypixelData.hypixelLive: true, inHypixel: true, HypixelData.skyBlockIsland: NONE, island: DUNGEON_HUB, HypixelData.serverId: null, serverId: mini2CA, serverType: SKYBLOCK, map: Dungeon Hub
12:44:28 ERROR: HypixelData.skyBlock: true, inSkyblock: true, HypixelData.hypixelLive: true, inHypixel: true, HypixelData.skyBlockIsland: NONE, island: DUNGEON_HUB, HypixelData.serverId: null, serverId: mini2CA, serverType: SKYBLOCK, map: Dungeon Hub
12:44:28 ERROR: HypixelData.skyBlock: true, inSkyblock: true, HypixelData.hypixelLive: true, inHypixel: true, HypixelData.skyBlockIsland: NONE, island: DUNGEON_HUB, HypixelData.serverId: null, serverId: mini2CA, serverType: SKYBLOCK, map: Dungeon Hub
12:44:28 ERROR: HypixelData.skyBlock: true, inSkyblock: true, HypixelData.hypixelLive: true, inHypixel: true, HypixelData.skyBlockIsland: NONE, island: DUNGEON_HUB, HypixelData.serverId: null, serverId: mini2CA, serverType: SKYBLOCK, map: Dungeon Hub
12:44:28 ERROR: HypixelData.skyBlock: true, inSkyblock: true, HypixelData.hypixelLive: true, inHypixel: true, HypixelData.skyBlockIsland: NONE, island: DUNGEON_HUB, HypixelData.serverId: null, serverId: mini2CA, serverType: SKYBLOCK, map: Dungeon Hub
12:44:28 ERROR: HypixelData.skyBlock: true, inSkyblock: true, HypixelData.hypixelLive: true, inHypixel: true, HypixelData.skyBlockIsland: NONE, island: DUNGEON_HUB, HypixelData.serverId: null, serverId: mini2CA, serverType: SKYBLOCK, map: Dungeon Hub
12:44:28 ERROR: HypixelData.skyBlock: true, inSkyblock: true, HypixelData.hypixelLive: true, inHypixel: true, HypixelData.skyBlockIsland: NONE, island: DUNGEON_HUB, HypixelData.serverId: null, serverId: mini2CA, serverType: SKYBLOCK, map: Dungeon Hub
12:44:28 ERROR: HypixelData.skyBlock: true, inSkyblock: true, HypixelData.hypixelLive: true, inHypixel: true, HypixelData.skyBlockIsland: NONE, island: DUNGEON_HUB, HypixelData.serverId: null, serverId: mini2CA, serverType: SKYBLOCK, map: Dungeon Hub
12:44:28 ERROR: HypixelData.skyBlock: true, inSkyblock: true, HypixelData.hypixelLive: true, inHypixel: true, HypixelData.skyBlockIsland: NONE, island: DUNGEON_HUB, HypixelData.serverId: null, serverId: mini2CA, serverType: SKYBLOCK, map: Dungeon Hub
12:44:28 ERROR: HypixelData.skyBlock: true, inSkyblock: true, HypixelData.hypixelLive: true, inHypixel: true, HypixelData.skyBlockIsland: NONE, island: DUNGEON_HUB, HypixelData.serverId: null, serverId: mini2CA, serverType: SKYBLOCK, map: Dungeon Hub
12:44:28 ERROR: HypixelData.skyBlock: true, inSkyblock: true, HypixelData.hypixelLive: true, inHypixel: true, HypixelData.skyBlockIsland: NONE, island: DUNGEON_HUB, HypixelData.serverId: null, serverId: mini2CA, serverType: SKYBLOCK, map: Dungeon Hub
12:44:28 ERROR: HypixelData.skyBlock: true, inSkyblock: true, HypixelData.hypixelLive: true, inHypixel: true, HypixelData.skyBlockIsland: NONE, island: DUNGEON_HUB, HypixelData.serverId: null, serverId: mini2CA, serverType: SKYBLOCK, map: Dungeon Hub
12:44:28 ERROR: HypixelData.skyBlock: true, inSkyblock: true, HypixelData.hypixelLive: true, inHypixel: true, HypixelData.skyBlockIsland: NONE, island: DUNGEON_HUB, HypixelData.serverId: null, serverId: mini2CA, serverType: SKYBLOCK, map: Dungeon Hub
12:44:28 ERROR: HypixelData.skyBlock: true, inSkyblock: true, HypixelData.hypixelLive: true, inHypixel: true, HypixelData.skyBlockIsland: NONE, island: DUNGEON_HUB, HypixelData.serverId: null, serverId: mini2CA, serverType: SKYBLOCK, map: Dungeon Hub
12:44:28 ERROR: HypixelData.skyBlock: true, inSkyblock: true, HypixelData.hypixelLive: true, inHypixel: true, HypixelData.skyBlockIsland: NONE, island: DUNGEON_HUB, HypixelData.serverId: null, serverId: mini2CA, serverType: SKYBLOCK, map: Dungeon Hub
12:44:28 ERROR: HypixelData.skyBlock: true, inSkyblock: true, HypixelData.hypixelLive: true, inHypixel: true, HypixelData.skyBlockIsland: DUNGEON_HUB, island: DUNGEON_HUB, HypixelData.serverId: null, serverId: mini2CA, serverType: SKYBLOCK, map: Dungeon Hub
12:44:28 ERROR: HypixelData.skyBlock: true, inSkyblock: true, HypixelData.hypixelLive: true, inHypixel: true, HypixelData.skyBlockIsland: DUNGEON_HUB, island: DUNGEON_HUB, HypixelData.serverId: null, serverId: mini2CA, serverType: SKYBLOCK, map: Dungeon Hub
12:44:28 ERROR: HypixelData.skyBlock: true, inSkyblock: true, HypixelData.hypixelLive: true, inHypixel: true, HypixelData.skyBlockIsland: DUNGEON_HUB, island: DUNGEON_HUB, HypixelData.serverId: null, serverId: mini2CA, serverType: SKYBLOCK, map: Dungeon Hub
12:44:28 ERROR: HypixelData.skyBlock: true, inSkyblock: true, HypixelData.hypixelLive: true, inHypixel: true, HypixelData.skyBlockIsland: DUNGEON_HUB, island: DUNGEON_HUB, HypixelData.serverId: null, serverId: mini2CA, serverType: SKYBLOCK, map: Dungeon Hub
12:44:28 ERROR: HypixelData.skyBlock: true, inSkyblock: true, HypixelData.hypixelLive: true, inHypixel: true, HypixelData.skyBlockIsland: DUNGEON_HUB, island: DUNGEON_HUB, HypixelData.serverId: null, serverId: mini2CA, serverType: SKYBLOCK, map: Dungeon Hub
12:44:28 ERROR: HypixelData.skyBlock: true, inSkyblock: true, HypixelData.hypixelLive: true, inHypixel: true, HypixelData.skyBlockIsland: DUNGEON_HUB, island: DUNGEON_HUB, HypixelData.serverId: null, serverId: mini2CA, serverType: SKYBLOCK, map: Dungeon Hub
12:44:28 ERROR: HypixelData.skyBlock: true, inSkyblock: true, HypixelData.hypixelLive: true, inHypixel: true, HypixelData.skyBlockIsland: DUNGEON_HUB, island: DUNGEON_HUB, HypixelData.serverId: null, serverId: mini2CA, serverType: SKYBLOCK, map: Dungeon Hub
12:45:37 HypixelApiServerChangeEvent(serverName=mini194CQ, serverType=SKYBLOCK, lobbyName=null, mode=hub, map=Hub)
12:45:37 Island detected: 'HUB'
12:45:37 Island change: 'DUNGEON_HUB' -> 'HUB'
12:45:37 ERROR: HypixelData.skyBlock: false, inSkyblock: true, HypixelData.hypixelLive: true, inHypixel: true, HypixelData.skyBlockIsland: DUNGEON_HUB, island: HUB, HypixelData.serverId: null, serverId: mini194CQ, serverType: SKYBLOCK, map: Hub
12:45:37 ERROR: HypixelData.skyBlock: false, inSkyblock: true, HypixelData.hypixelLive: true, inHypixel: true, HypixelData.skyBlockIsland: DUNGEON_HUB, island: HUB, HypixelData.serverId: null, serverId: mini194CQ, serverType: SKYBLOCK, map: Hub
12:45:37 ERROR: HypixelData.skyBlock: false, inSkyblock: true, HypixelData.hypixelLive: true, inHypixel: true, HypixelData.skyBlockIsland: DUNGEON_HUB, island: HUB, HypixelData.serverId: null, serverId: mini194CQ, serverType: SKYBLOCK, map: Hub
12:45:37 ERROR: HypixelData.skyBlock: false, inSkyblock: true, HypixelData.hypixelLive: true, inHypixel: true, HypixelData.skyBlockIsland: DUNGEON_HUB, island: HUB, HypixelData.serverId: null, serverId: mini194CQ, serverType: SKYBLOCK, map: Hub
12:45:37 ERROR: HypixelData.skyBlock: false, inSkyblock: true, HypixelData.hypixelLive: true, inHypixel: true, HypixelData.skyBlockIsland: DUNGEON_HUB, island: HUB, HypixelData.serverId: null, serverId: mini194CQ, serverType: SKYBLOCK, map: Hub
12:45:37 ERROR: HypixelData.skyBlock: false, inSkyblock: true, HypixelData.hypixelLive: true, inHypixel: true, HypixelData.skyBlockIsland: DUNGEON_HUB, island: HUB, HypixelData.serverId: null, serverId: mini194CQ, serverType: SKYBLOCK, map: Hub
12:45:37 ERROR: HypixelData.skyBlock: false, inSkyblock: true, HypixelData.hypixelLive: true, inHypixel: true, HypixelData.skyBlockIsland: DUNGEON_HUB, island: HUB, HypixelData.serverId: null, serverId: mini194CQ, serverType: SKYBLOCK, map: Hub
12:45:37 ERROR: HypixelData.skyBlock: false, inSkyblock: true, HypixelData.hypixelLive: true, inHypixel: true, HypixelData.skyBlockIsland: DUNGEON_HUB, island: HUB, HypixelData.serverId: null, serverId: mini194CQ, serverType: SKYBLOCK, map: Hub
12:45:37 ERROR: HypixelData.skyBlock: false, inSkyblock: true, HypixelData.hypixelLive: true, inHypixel: true, HypixelData.skyBlockIsland: DUNGEON_HUB, island: HUB, HypixelData.serverId: null, serverId: mini194CQ, serverType: SKYBLOCK, map: Hub
12:45:37 ERROR: HypixelData.skyBlock: false, inSkyblock: true, HypixelData.hypixelLive: true, inHypixel: true, HypixelData.skyBlockIsland: DUNGEON_HUB, island: HUB, HypixelData.serverId: null, serverId: mini194CQ, serverType: SKYBLOCK, map: Hub
12:45:37 ERROR: HypixelData.skyBlock: false, inSkyblock: true, HypixelData.hypixelLive: true, inHypixel: true, HypixelData.skyBlockIsland: DUNGEON_HUB, island: HUB, HypixelData.serverId: null, serverId: mini194CQ, serverType: SKYBLOCK, map: Hub
12:45:37 ERROR: HypixelData.skyBlock: true, inSkyblock: true, HypixelData.hypixelLive: true, inHypixel: true, HypixelData.skyBlockIsland: NONE, island: HUB, HypixelData.serverId: null, serverId: mini194CQ, serverType: SKYBLOCK, map: Hub
12:45:37 ERROR: HypixelData.skyBlock: true, inSkyblock: true, HypixelData.hypixelLive: true, inHypixel: true, HypixelData.skyBlockIsland: NONE, island: HUB, HypixelData.serverId: null, serverId: mini194CQ, serverType: SKYBLOCK, map: Hub
12:45:37 ERROR: HypixelData.skyBlock: true, inSkyblock: true, HypixelData.hypixelLive: true, inHypixel: true, HypixelData.skyBlockIsland: NONE, island: HUB, HypixelData.serverId: null, serverId: mini194CQ, serverType: SKYBLOCK, map: Hub
12:45:37 ERROR: HypixelData.skyBlock: true, inSkyblock: true, HypixelData.hypixelLive: true, inHypixel: true, HypixelData.skyBlockIsland: NONE, island: HUB, HypixelData.serverId: null, serverId: mini194CQ, serverType: SKYBLOCK, map: Hub
12:45:37 ERROR: HypixelData.skyBlock: true, inSkyblock: true, HypixelData.hypixelLive: true, inHypixel: true, HypixelData.skyBlockIsland: NONE, island: HUB, HypixelData.serverId: null, serverId: mini194CQ, serverType: SKYBLOCK, map: Hub
12:45:37 ERROR: HypixelData.skyBlock: true, inSkyblock: true, HypixelData.hypixelLive: true, inHypixel: true, HypixelData.skyBlockIsland: NONE, island: HUB, HypixelData.serverId: null, serverId: mini194CQ, serverType: SKYBLOCK, map: Hub
12:45:37 ERROR: HypixelData.skyBlock: true, inSkyblock: true, HypixelData.hypixelLive: true, inHypixel: true, HypixelData.skyBlockIsland: NONE, island: HUB, HypixelData.serverId: null, serverId: mini194CQ, serverType: SKYBLOCK, map: Hub
12:45:37 ERROR: HypixelData.skyBlock: true, inSkyblock: true, HypixelData.hypixelLive: true, inHypixel: true, HypixelData.skyBlockIsland: NONE, island: HUB, HypixelData.serverId: null, serverId: mini194CQ, serverType: SKYBLOCK, map: Hub
12:45:37 ERROR: HypixelData.skyBlock: true, inSkyblock: true, HypixelData.hypixelLive: true, inHypixel: true, HypixelData.skyBlockIsland: NONE, island: HUB, HypixelData.serverId: null, serverId: mini194CQ, serverType: SKYBLOCK, map: Hub
12:45:37 ERROR: HypixelData.skyBlock: true, inSkyblock: true, HypixelData.hypixelLive: true, inHypixel: true, HypixelData.skyBlockIsland: NONE, island: HUB, HypixelData.serverId: null, serverId: mini194CQ, serverType: SKYBLOCK, map: Hub
12:45:38 ERROR: HypixelData.skyBlock: true, inSkyblock: true, HypixelData.hypixelLive: true, inHypixel: true, HypixelData.skyBlockIsland: HUB, island: HUB, HypixelData.serverId: null, serverId: mini194CQ, serverType: SKYBLOCK, map: Hub
12:45:38 ERROR: HypixelData.skyBlock: true, inSkyblock: true, HypixelData.hypixelLive: true, inHypixel: true, HypixelData.skyBlockIsland: HUB, island: HUB, HypixelData.serverId: null, serverId: mini194CQ, serverType: SKYBLOCK, map: Hub
12:45:38 ERROR: HypixelData.skyBlock: true, inSkyblock: true, HypixelData.hypixelLive: true, inHypixel: true, HypixelData.skyBlockIsland: HUB, island: HUB, HypixelData.serverId: null, serverId: mini194CQ, serverType: SKYBLOCK, map: Hub
12:45:38 ERROR: HypixelData.skyBlock: true, inSkyblock: true, HypixelData.hypixelLive: true, inHypixel: true, HypixelData.skyBlockIsland: HUB, island: HUB, HypixelData.serverId: null, serverId: mini194CQ, serverType: SKYBLOCK, map: Hub
12:45:38 ERROR: HypixelData.skyBlock: true, inSkyblock: true, HypixelData.hypixelLive: true, inHypixel: true, HypixelData.skyBlockIsland: HUB, island: HUB, HypixelData.serverId: null, serverId: mini194CQ, serverType: SKYBLOCK, map: Hub
12:45:38 ERROR: HypixelData.skyBlock: true, inSkyblock: true, HypixelData.hypixelLive: true, inHypixel: true, HypixelData.skyBlockIsland: HUB, island: HUB, HypixelData.serverId: null, serverId: mini194CQ, serverType: SKYBLOCK, map: Hub
12:45:38 ERROR: HypixelData.skyBlock: true, inSkyblock: true, HypixelData.hypixelLive: true, inHypixel: true, HypixelData.skyBlockIsland: HUB, island: HUB, HypixelData.serverId: null, serverId: mini194CQ, serverType: SKYBLOCK, map: Hub
12:45:38 ERROR: HypixelData.skyBlock: true, inSkyblock: true, HypixelData.hypixelLive: true, inHypixel: true, HypixelData.skyBlockIsland: HUB, island: HUB, HypixelData.serverId: null, serverId: mini194CQ, serverType: SKYBLOCK, map: Hub
12:45:38 ERROR: HypixelData.skyBlock: true, inSkyblock: true, HypixelData.hypixelLive: true, inHypixel: true, HypixelData.skyBlockIsland: HUB, island: HUB, HypixelData.serverId: null, serverId: mini194CQ, serverType: SKYBLOCK, map: Hub
12:45:38 ERROR: HypixelData.skyBlock: true, inSkyblock: true, HypixelData.hypixelLive: true, inHypixel: true, HypixelData.skyBlockIsland: HUB, island: HUB, HypixelData.serverId: null, serverId: mini194CQ, serverType: SKYBLOCK, map: Hub
12:45:38 ERROR: HypixelData.skyBlock: true, inSkyblock: true, HypixelData.hypixelLive: true, inHypixel: true, HypixelData.skyBlockIsland: HUB, island: HUB, HypixelData.serverId: null, serverId: mini194CQ, serverType: SKYBLOCK, map: Hub
12:45:38 ERROR: HypixelData.skyBlock: true, inSkyblock: true, HypixelData.hypixelLive: true, inHypixel: true, HypixelData.skyBlockIsland: HUB, island: HUB, HypixelData.serverId: null, serverId: mini194CQ, serverType: SKYBLOCK, map: Hub
12:45:38 ERROR: HypixelData.skyBlock: true, inSkyblock: true, HypixelData.hypixelLive: true, inHypixel: true, HypixelData.skyBlockIsland: HUB, island: HUB, HypixelData.serverId: null, serverId: mini194CQ, serverType: SKYBLOCK, map: Hub
12:50:04 ERROR: HypixelData.skyBlock: false, inSkyblock: true, HypixelData.hypixelLive: true, inHypixel: true, HypixelData.skyBlockIsland: HUB, island: HUB, HypixelData.serverId: null, serverId: mini194CQ, serverType: SKYBLOCK, map: Hub
12:50:04 ERROR: HypixelData.skyBlock: false, inSkyblock: true, HypixelData.hypixelLive: true, inHypixel: true, HypixelData.skyBlockIsland: HUB, island: HUB, HypixelData.serverId: null, serverId: mini194CQ, serverType: SKYBLOCK, map: Hub
12:50:04 ERROR: HypixelData.skyBlock: false, inSkyblock: true, HypixelData.hypixelLive: true, inHypixel: true, HypixelData.skyBlockIsland: HUB, island: HUB, HypixelData.serverId: null, serverId: mini194CQ, serverType: SKYBLOCK, map: Hub
12:50:04 ERROR: HypixelData.skyBlock: false, inSkyblock: true, HypixelData.hypixelLive: true, inHypixel: true, HypixelData.skyBlockIsland: HUB, island: HUB, HypixelData.serverId: null, serverId: mini194CQ, serverType: SKYBLOCK, map: Hub
12:50:04 ERROR: HypixelData.skyBlock: false, inSkyblock: true, HypixelData.hypixelLive: true, inHypixel: true, HypixelData.skyBlockIsland: HUB, island: HUB, HypixelData.serverId: null, serverId: mini194CQ, serverType: SKYBLOCK, map: Hub
12:50:04 ERROR: HypixelData.skyBlock: false, inSkyblock: true, HypixelData.hypixelLive: true, inHypixel: true, HypixelData.skyBlockIsland: HUB, island: HUB, HypixelData.serverId: null, serverId: mini194CQ, serverType: SKYBLOCK, map: Hub
12:50:04 ERROR: HypixelData.skyBlock: false, inSkyblock: true, HypixelData.hypixelLive: true, inHypixel: true, HypixelData.skyBlockIsland: HUB, island: HUB, HypixelData.serverId: null, serverId: mini194CQ, serverType: SKYBLOCK, map: Hub
12:50:04 ERROR: HypixelData.skyBlock: false, inSkyblock: true, HypixelData.hypixelLive: true, inHypixel: true, HypixelData.skyBlockIsland: HUB, island: HUB, HypixelData.serverId: null, serverId: mini194CQ, serverType: SKYBLOCK, map: Hub
12:50:04 ERROR: HypixelData.skyBlock: false, inSkyblock: true, HypixelData.hypixelLive: true, inHypixel: true, HypixelData.skyBlockIsland: HUB, island: HUB, HypixelData.serverId: null, serverId: mini194CQ, serverType: SKYBLOCK, map: Hub
12:50:04 ERROR: HypixelData.skyBlock: false, inSkyblock: true, HypixelData.hypixelLive: true, inHypixel: true, HypixelData.skyBlockIsland: HUB, island: HUB, HypixelData.serverId: null, serverId: mini194CQ, serverType: SKYBLOCK, map: Hub
12:50:04 ERROR: HypixelData.skyBlock: false, inSkyblock: true, HypixelData.hypixelLive: true, inHypixel: true, HypixelData.skyBlockIsland: HUB, island: HUB, HypixelData.serverId: null, serverId: mini194CQ, serverType: SKYBLOCK, map: Hub
12:50:04 HypixelApiServerChangeEvent(serverName=mini191CF, serverType=SKYBLOCK, lobbyName=null, mode=dungeon_hub, map=Dungeon Hub)
12:50:04 Island detected: 'DUNGEON_HUB'
12:50:04 Island change: 'HUB' -> 'DUNGEON_HUB'
12:50:04 ERROR: HypixelData.skyBlock: false, inSkyblock: true, HypixelData.hypixelLive: true, inHypixel: true, HypixelData.skyBlockIsland: NONE, island: DUNGEON_HUB, HypixelData.serverId: null, serverId: mini191CF, serverType: SKYBLOCK, map: Dungeon Hub
12:50:04 ERROR: HypixelData.skyBlock: true, inSkyblock: true, HypixelData.hypixelLive: true, inHypixel: true, HypixelData.skyBlockIsland: DUNGEON_HUB, island: DUNGEON_HUB, HypixelData.serverId: null, serverId: mini191CF, serverType: SKYBLOCK, map: Dungeon Hub
12:50:04 ERROR: HypixelData.skyBlock: true, inSkyblock: true, HypixelData.hypixelLive: true, inHypixel: true, HypixelData.skyBlockIsland: DUNGEON_HUB, island: DUNGEON_HUB, HypixelData.serverId: null, serverId: mini191CF, serverType: SKYBLOCK, map: Dungeon Hub
12:50:04 ERROR: HypixelData.skyBlock: true, inSkyblock: true, HypixelData.hypixelLive: true, inHypixel: true, HypixelData.skyBlockIsland: DUNGEON_HUB, island: DUNGEON_HUB, HypixelData.serverId: null, serverId: mini191CF, serverType: SKYBLOCK, map: Dungeon Hub
12:50:04 ERROR: HypixelData.skyBlock: true, inSkyblock: true, HypixelData.hypixelLive: true, inHypixel: true, HypixelData.skyBlockIsland: DUNGEON_HUB, island: DUNGEON_HUB, HypixelData.serverId: null, serverId: mini191CF, serverType: SKYBLOCK, map: Dungeon Hub
12:50:04 ERROR: HypixelData.skyBlock: true, inSkyblock: true, HypixelData.hypixelLive: true, inHypixel: true, HypixelData.skyBlockIsland: DUNGEON_HUB, island: DUNGEON_HUB, HypixelData.serverId: null, serverId: mini191CF, serverType: SKYBLOCK, map: Dungeon Hub
12:50:04 ERROR: HypixelData.skyBlock: true, inSkyblock: true, HypixelData.hypixelLive: true, inHypixel: true, HypixelData.skyBlockIsland: DUNGEON_HUB, island: DUNGEON_HUB, HypixelData.serverId: null, serverId: mini191CF, serverType: SKYBLOCK, map: Dungeon Hub
12:50:04 ERROR: HypixelData.skyBlock: true, inSkyblock: true, HypixelData.hypixelLive: true, inHypixel: true, HypixelData.skyBlockIsland: DUNGEON_HUB, island: DUNGEON_HUB, HypixelData.serverId: null, serverId: mini191CF, serverType: SKYBLOCK, map: Dungeon Hub
12:50:05 ERROR: HypixelData.skyBlock: true, inSkyblock: true, HypixelData.hypixelLive: true, inHypixel: true, HypixelData.skyBlockIsland: DUNGEON_HUB, island: DUNGEON_HUB, HypixelData.serverId: null, serverId: mini191CF, serverType: SKYBLOCK, map: Dungeon Hub
12:50:05 ERROR: HypixelData.skyBlock: true, inSkyblock: true, HypixelData.hypixelLive: true, inHypixel: true, HypixelData.skyBlockIsland: DUNGEON_HUB, island: DUNGEON_HUB, HypixelData.serverId: null, serverId: mini191CF, serverType: SKYBLOCK, map: Dungeon Hub
12:50:05 ERROR: HypixelData.skyBlock: true, inSkyblock: true, HypixelData.hypixelLive: true, inHypixel: true, HypixelData.skyBlockIsland: DUNGEON_HUB, island: DUNGEON_HUB, HypixelData.serverId: null, serverId: mini191CF, serverType: SKYBLOCK, map: Dungeon Hub
12:50:05 ERROR: HypixelData.skyBlock: true, inSkyblock: true, HypixelData.hypixelLive: true, inHypixel: true, HypixelData.skyBlockIsland: DUNGEON_HUB, island: DUNGEON_HUB, HypixelData.serverId: null, serverId: mini191CF, serverType: SKYBLOCK, map: Dungeon Hub
12:50:05 ERROR: HypixelData.skyBlock: true, inSkyblock: true, HypixelData.hypixelLive: true, inHypixel: true, HypixelData.skyBlockIsland: DUNGEON_HUB, island: DUNGEON_HUB, HypixelData.serverId: null, serverId: mini191CF, serverType: SKYBLOCK, map: Dungeon Hub
12:50:05 ERROR: HypixelData.skyBlock: true, inSkyblock: true, HypixelData.hypixelLive: true, inHypixel: true, HypixelData.skyBlockIsland: DUNGEON_HUB, island: DUNGEON_HUB, HypixelData.serverId: null, serverId: mini191CF, serverType: SKYBLOCK, map: Dungeon Hub
12:50:05 ERROR: HypixelData.skyBlock: true, inSkyblock: true, HypixelData.hypixelLive: true, inHypixel: true, HypixelData.skyBlockIsland: DUNGEON_HUB, island: DUNGEON_HUB, HypixelData.serverId: null, serverId: mini191CF, serverType: SKYBLOCK, map: Dungeon Hub
12:50:05 ERROR: HypixelData.skyBlock: true, inSkyblock: true, HypixelData.hypixelLive: true, inHypixel: true, HypixelData.skyBlockIsland: DUNGEON_HUB, island: DUNGEON_HUB, HypixelData.serverId: null, serverId: mini191CF, serverType: SKYBLOCK, map: Dungeon Hub
12:50:05 ERROR: HypixelData.skyBlock: true, inSkyblock: true, HypixelData.hypixelLive: true, inHypixel: true, HypixelData.skyBlockIsland: DUNGEON_HUB, island: DUNGEON_HUB, HypixelData.serverId: null, serverId: mini191CF, serverType: SKYBLOCK, map: Dungeon Hub
12:50:05 ERROR: HypixelData.skyBlock: true, inSkyblock: true, HypixelData.hypixelLive: true, inHypixel: true, HypixelData.skyBlockIsland: DUNGEON_HUB, island: DUNGEON_HUB, HypixelData.serverId: null, serverId: mini191CF, serverType: SKYBLOCK, map: Dungeon Hub
12:50:05 ERROR: HypixelData.skyBlock: true, inSkyblock: true, HypixelData.hypixelLive: true, inHypixel: true, HypixelData.skyBlockIsland: DUNGEON_HUB, island: DUNGEON_HUB, HypixelData.serverId: null, serverId: mini191CF, serverType: SKYBLOCK, map: Dungeon Hub
12:50:05 ERROR: HypixelData.skyBlock: true, inSkyblock: true, HypixelData.hypixelLive: true, inHypixel: true, HypixelData.skyBlockIsland: DUNGEON_HUB, island: DUNGEON_HUB, HypixelData.serverId: null, serverId: mini191CF, serverType: SKYBLOCK, map: Dungeon Hub
12:50:05 ERROR: HypixelData.skyBlock: true, inSkyblock: true, HypixelData.hypixelLive: true, inHypixel: true, HypixelData.skyBlockIsland: DUNGEON_HUB, island: DUNGEON_HUB, HypixelData.serverId: null, serverId: mini191CF, serverType: SKYBLOCK, map: Dungeon Hub
12:50:05 ERROR: HypixelData.skyBlock: true, inSkyblock: true, HypixelData.hypixelLive: true, inHypixel: true, HypixelData.skyBlockIsland: DUNGEON_HUB, island: DUNGEON_HUB, HypixelData.serverId: null, serverId: mini191CF, serverType: SKYBLOCK, map: Dungeon Hub
12:50:05 ERROR: HypixelData.skyBlock: true, inSkyblock: true, HypixelData.hypixelLive: true, inHypixel: true, HypixelData.skyBlockIsland: DUNGEON_HUB, island: DUNGEON_HUB, HypixelData.serverId: null, serverId: mini191CF, serverType: SKYBLOCK, map: Dungeon Hub
12:50:20 HypixelApiServerChangeEvent(serverName=mini10AE, serverType=SKYBLOCK, lobbyName=null, mode=hub, map=Hub)
12:50:20 Island detected: 'HUB'
12:50:20 Island change: 'DUNGEON_HUB' -> 'HUB'
12:50:20 ERROR: HypixelData.skyBlock: false, inSkyblock: true, HypixelData.hypixelLive: true, inHypixel: true, HypixelData.skyBlockIsland: DUNGEON_HUB, island: HUB, HypixelData.serverId: null, serverId: mini10AE, serverType: SKYBLOCK, map: Hub
12:50:20 ERROR: HypixelData.skyBlock: false, inSkyblock: true, HypixelData.hypixelLive: true, inHypixel: true, HypixelData.skyBlockIsland: DUNGEON_HUB, island: HUB, HypixelData.serverId: null, serverId: mini10AE, serverType: SKYBLOCK, map: Hub
12:50:20 ERROR: HypixelData.skyBlock: false, inSkyblock: true, HypixelData.hypixelLive: true, inHypixel: true, HypixelData.skyBlockIsland: DUNGEON_HUB, island: HUB, HypixelData.serverId: null, serverId: mini10AE, serverType: SKYBLOCK, map: Hub
12:50:20 ERROR: HypixelData.skyBlock: false, inSkyblock: true, HypixelData.hypixelLive: true, inHypixel: true, HypixelData.skyBlockIsland: DUNGEON_HUB, island: HUB, HypixelData.serverId: null, serverId: mini10AE, serverType: SKYBLOCK, map: Hub
12:50:20 ERROR: HypixelData.skyBlock: false, inSkyblock: true, HypixelData.hypixelLive: true, inHypixel: true, HypixelData.skyBlockIsland: DUNGEON_HUB, island: HUB, HypixelData.serverId: null, serverId: mini10AE, serverType: SKYBLOCK, map: Hub
12:50:20 ERROR: HypixelData.skyBlock: false, inSkyblock: true, HypixelData.hypixelLive: true, inHypixel: true, HypixelData.skyBlockIsland: DUNGEON_HUB, island: HUB, HypixelData.serverId: null, serverId: mini10AE, serverType: SKYBLOCK, map: Hub
12:50:20 ERROR: HypixelData.skyBlock: false, inSkyblock: true, HypixelData.hypixelLive: true, inHypixel: true, HypixelData.skyBlockIsland: DUNGEON_HUB, island: HUB, HypixelData.serverId: null, serverId: mini10AE, serverType: SKYBLOCK, map: Hub
12:50:20 ERROR: HypixelData.skyBlock: false, inSkyblock: true, HypixelData.hypixelLive: true, inHypixel: true, HypixelData.skyBlockIsland: DUNGEON_HUB, island: HUB, HypixelData.serverId: null, serverId: mini10AE, serverType: SKYBLOCK, map: Hub
12:50:20 ERROR: HypixelData.skyBlock: false, inSkyblock: true, HypixelData.hypixelLive: true, inHypixel: true, HypixelData.skyBlockIsland: DUNGEON_HUB, island: HUB, HypixelData.serverId: null, serverId: mini10AE, serverType: SKYBLOCK, map: Hub
12:50:20 ERROR: HypixelData.skyBlock: false, inSkyblock: true, HypixelData.hypixelLive: true, inHypixel: true, HypixelData.skyBlockIsland: DUNGEON_HUB, island: HUB, HypixelData.serverId: null, serverId: mini10AE, serverType: SKYBLOCK, map: Hub
12:50:20 ERROR: HypixelData.skyBlock: false, inSkyblock: true, HypixelData.hypixelLive: true, inHypixel: true, HypixelData.skyBlockIsland: NONE, island: HUB, HypixelData.serverId: null, serverId: mini10AE, serverType: SKYBLOCK, map: Hub
12:50:20 ERROR: HypixelData.skyBlock: true, inSkyblock: true, HypixelData.hypixelLive: true, inHypixel: true, HypixelData.skyBlockIsland: NONE, island: HUB, HypixelData.serverId: null, serverId: mini10AE, serverType: SKYBLOCK, map: Hub
12:50:20 ERROR: HypixelData.skyBlock: true, inSkyblock: true, HypixelData.hypixelLive: true, inHypixel: true, HypixelData.skyBlockIsland: NONE, island: HUB, HypixelData.serverId: null, serverId: mini10AE, serverType: SKYBLOCK, map: Hub
12:50:20 ERROR: HypixelData.skyBlock: true, inSkyblock: true, HypixelData.hypixelLive: true, inHypixel: true, HypixelData.skyBlockIsland: NONE, island: HUB, HypixelData.serverId: null, serverId: mini10AE, serverType: SKYBLOCK, map: Hub
12:50:20 ERROR: HypixelData.skyBlock: true, inSkyblock: true, HypixelData.hypixelLive: true, inHypixel: true, HypixelData.skyBlockIsland: NONE, island: HUB, HypixelData.serverId: null, serverId: mini10AE, serverType: SKYBLOCK, map: Hub
12:50:20 ERROR: HypixelData.skyBlock: true, inSkyblock: true, HypixelData.hypixelLive: true, inHypixel: true, HypixelData.skyBlockIsland: NONE, island: HUB, HypixelData.serverId: null, serverId: mini10AE, serverType: SKYBLOCK, map: Hub
12:50:21 ERROR: HypixelData.skyBlock: true, inSkyblock: true, HypixelData.hypixelLive: true, inHypixel: true, HypixelData.skyBlockIsland: NONE, island: HUB, HypixelData.serverId: null, serverId: mini10AE, serverType: SKYBLOCK, map: Hub
12:50:21 ERROR: HypixelData.skyBlock: true, inSkyblock: true, HypixelData.hypixelLive: true, inHypixel: true, HypixelData.skyBlockIsland: NONE, island: HUB, HypixelData.serverId: null, serverId: mini10AE, serverType: SKYBLOCK, map: Hub
12:50:21 ERROR: HypixelData.skyBlock: true, inSkyblock: true, HypixelData.hypixelLive: true, inHypixel: true, HypixelData.skyBlockIsland: NONE, island: HUB, HypixelData.serverId: null, serverId: mini10AE, serverType: SKYBLOCK, map: Hub
12:50:21 ERROR: HypixelData.skyBlock: true, inSkyblock: true, HypixelData.hypixelLive: true, inHypixel: true, HypixelData.skyBlockIsland: NONE, island: HUB, HypixelData.serverId: null, serverId: mini10AE, serverType: SKYBLOCK, map: Hub
12:50:21 ERROR: HypixelData.skyBlock: true, inSkyblock: true, HypixelData.hypixelLive: true, inHypixel: true, HypixelData.skyBlockIsland: NONE, island: HUB, HypixelData.serverId: null, serverId: mini10AE, serverType: SKYBLOCK, map: Hub
12:50:21 ERROR: HypixelData.skyBlock: true, inSkyblock: true, HypixelData.hypixelLive: true, inHypixel: true, HypixelData.skyBlockIsland: HUB, island: HUB, HypixelData.serverId: null, serverId: mini10AE, serverType: SKYBLOCK, map: Hub
12:50:21 ERROR: HypixelData.skyBlock: true, inSkyblock: true, HypixelData.hypixelLive: true, inHypixel: true, HypixelData.skyBlockIsland: HUB, island: HUB, HypixelData.serverId: null, serverId: mini10AE, serverType: SKYBLOCK, map: Hub
12:50:54 ERROR: HypixelData.skyBlock: false, inSkyblock: true, HypixelData.hypixelLive: true, inHypixel: true, HypixelData.skyBlockIsland: HUB, island: HUB, HypixelData.serverId: null, serverId: mini10AE, serverType: SKYBLOCK, map: Hub
12:50:54 ERROR: HypixelData.skyBlock: false, inSkyblock: true, HypixelData.hypixelLive: true, inHypixel: true, HypixelData.skyBlockIsland: HUB, island: HUB, HypixelData.serverId: null, serverId: mini10AE, serverType: SKYBLOCK, map: Hub
12:50:54 ERROR: HypixelData.skyBlock: false, inSkyblock: true, HypixelData.hypixelLive: true, inHypixel: true, HypixelData.skyBlockIsland: HUB, island: HUB, HypixelData.serverId: null, serverId: mini10AE, serverType: SKYBLOCK, map: Hub
12:50:54 ERROR: HypixelData.skyBlock: false, inSkyblock: true, HypixelData.hypixelLive: true, inHypixel: true, HypixelData.skyBlockIsland: HUB, island: HUB, HypixelData.serverId: null, serverId: mini10AE, serverType: SKYBLOCK, map: Hub
12:50:55 HypixelApiServerChangeEvent(serverName=mega33A, serverType=SKYBLOCK, lobbyName=null, mode=hub, map=Hub)
12:50:55 Island detected: 'HUB'
12:50:55 ERROR: HypixelData.skyBlock: false, inSkyblock: true, HypixelData.hypixelLive: true, inHypixel: true, HypixelData.skyBlockIsland: HUB, island: HUB, HypixelData.serverId: null, serverId: mega33A, serverType: SKYBLOCK, map: Hub
12:50:55 ERROR: HypixelData.skyBlock: false, inSkyblock: true, HypixelData.hypixelLive: true, inHypixel: true, HypixelData.skyBlockIsland: HUB, island: HUB, HypixelData.serverId: null, serverId: mega33A, serverType: SKYBLOCK, map: Hub
12:50:55 ERROR: HypixelData.skyBlock: false, inSkyblock: true, HypixelData.hypixelLive: true, inHypixel: true, HypixelData.skyBlockIsland: HUB, island: HUB, HypixelData.serverId: null, serverId: mega33A, serverType: SKYBLOCK, map: Hub
12:50:55 ERROR: HypixelData.skyBlock: false, inSkyblock: true, HypixelData.hypixelLive: true, inHypixel: true, HypixelData.skyBlockIsland: HUB, island: HUB, HypixelData.serverId: null, serverId: mega33A, serverType: SKYBLOCK, map: Hub
12:50:55 ERROR: HypixelData.skyBlock: false, inSkyblock: true, HypixelData.hypixelLive: true, inHypixel: true, HypixelData.skyBlockIsland: HUB, island: HUB, HypixelData.serverId: null, serverId: mega33A, serverType: SKYBLOCK, map: Hub
12:50:55 ERROR: HypixelData.skyBlock: false, inSkyblock: true, HypixelData.hypixelLive: true, inHypixel: true, HypixelData.skyBlockIsland: HUB, island: HUB, HypixelData.serverId: null, serverId: mega33A, serverType: SKYBLOCK, map: Hub
12:50:55 ERROR: HypixelData.skyBlock: false, inSkyblock: true, HypixelData.hypixelLive: true, inHypixel: true, HypixelData.skyBlockIsland: HUB, island: HUB, HypixelData.serverId: null, serverId: mega33A, serverType: SKYBLOCK, map: Hub
12:50:55 ERROR: HypixelData.skyBlock: false, inSkyblock: true, HypixelData.hypixelLive: true, inHypixel: true, HypixelData.skyBlockIsland: HUB, island: HUB, HypixelData.serverId: null, serverId: mega33A, serverType: SKYBLOCK, map: Hub
12:50:55 ERROR: HypixelData.skyBlock: true, inSkyblock: true, HypixelData.hypixelLive: true, inHypixel: true, HypixelData.skyBlockIsland: NONE, island: HUB, HypixelData.serverId: null, serverId: mega33A, serverType: SKYBLOCK, map: Hub
12:50:55 ERROR: HypixelData.skyBlock: true, inSkyblock: true, HypixelData.hypixelLive: true, inHypixel: true, HypixelData.skyBlockIsland: NONE, island: HUB, HypixelData.serverId: null, serverId: mega33A, serverType: SKYBLOCK, map: Hub
12:50:55 ERROR: HypixelData.skyBlock: true, inSkyblock: true, HypixelData.hypixelLive: true, inHypixel: true, HypixelData.skyBlockIsland: NONE, island: HUB, HypixelData.serverId: null, serverId: mega33A, serverType: SKYBLOCK, map: Hub
12:50:55 ERROR: HypixelData.skyBlock: true, inSkyblock: true, HypixelData.hypixelLive: true, inHypixel: true, HypixelData.skyBlockIsland: NONE, island: HUB, HypixelData.serverId: null, serverId: mega33A, serverType: SKYBLOCK, map: Hub
12:50:55 ERROR: HypixelData.skyBlock: true, inSkyblock: true, HypixelData.hypixelLive: true, inHypixel: true, HypixelData.skyBlockIsland: NONE, island: HUB, HypixelData.serverId: null, serverId: mega33A, serverType: SKYBLOCK, map: Hub
12:50:55 ERROR: HypixelData.skyBlock: true, inSkyblock: true, HypixelData.hypixelLive: true, inHypixel: true, HypixelData.skyBlockIsland: NONE, island: HUB, HypixelData.serverId: null, serverId: mega33A, serverType: SKYBLOCK, map: Hub
12:50:55 ERROR: HypixelData.skyBlock: true, inSkyblock: true, HypixelData.hypixelLive: true, inHypixel: true, HypixelData.skyBlockIsland: NONE, island: HUB, HypixelData.serverId: null, serverId: mega33A, serverType: SKYBLOCK, map: Hub
12:50:55 ERROR: HypixelData.skyBlock: true, inSkyblock: true, HypixelData.hypixelLive: true, inHypixel: true, HypixelData.skyBlockIsland: NONE, island: HUB, HypixelData.serverId: null, serverId: mega33A, serverType: SKYBLOCK, map: Hub
12:50:55 ERROR: HypixelData.skyBlock: true, inSkyblock: true, HypixelData.hypixelLive: true, inHypixel: true, HypixelData.skyBlockIsland: HUB, island: HUB, HypixelData.serverId: null, serverId: mega33A, serverType: SKYBLOCK, map: Hub
12:50:55 ERROR: HypixelData.skyBlock: true, inSkyblock: true, HypixelData.hypixelLive: true, inHypixel: true, HypixelData.skyBlockIsland: HUB, island: HUB, HypixelData.serverId: null, serverId: mega33A, serverType: SKYBLOCK, map: Hub
12:50:56 ERROR: HypixelData.skyBlock: true, inSkyblock: true, HypixelData.hypixelLive: true, inHypixel: true, HypixelData.skyBlockIsland: HUB, island: HUB, HypixelData.serverId: null, serverId: mega33A, serverType: SKYBLOCK, map: Hub
12:50:56 ERROR: HypixelData.skyBlock: true, inSkyblock: true, HypixelData.hypixelLive: true, inHypixel: true, HypixelData.skyBlockIsland: HUB, island: HUB, HypixelData.serverId: null, serverId: mega33A, serverType: SKYBLOCK, map: Hub
12:50:56 ERROR: HypixelData.skyBlock: true, inSkyblock: true, HypixelData.hypixelLive: true, inHypixel: true, HypixelData.skyBlockIsland: HUB, island: HUB, HypixelData.serverId: null, serverId: mega33A, serverType: SKYBLOCK, map: Hub
12:50:56 ERROR: HypixelData.skyBlock: true, inSkyblock: true, HypixelData.hypixelLive: true, inHypixel: true, HypixelData.skyBlockIsland: HUB, island: HUB, HypixelData.serverId: null, serverId: mega33A, serverType: SKYBLOCK, map: Hub
12:50:56 ERROR: HypixelData.skyBlock: true, inSkyblock: true, HypixelData.hypixelLive: true, inHypixel: true, HypixelData.skyBlockIsland: HUB, island: HUB, HypixelData.serverId: null, serverId: mega33A, serverType: SKYBLOCK, map: Hub
12:50:56 ERROR: HypixelData.skyBlock: true, inSkyblock: true, HypixelData.hypixelLive: true, inHypixel: true, HypixelData.skyBlockIsland: HUB, island: HUB, HypixelData.serverId: null, serverId: mega33A, serverType: SKYBLOCK, map: Hub
12:50:56 ERROR: HypixelData.skyBlock: true, inSkyblock: true, HypixelData.hypixelLive: true, inHypixel: true, HypixelData.skyBlockIsland: HUB, island: HUB, HypixelData.serverId: null, serverId: mega33A, serverType: SKYBLOCK, map: Hub
12:50:56 ERROR: HypixelData.skyBlock: true, inSkyblock: true, HypixelData.hypixelLive: true, inHypixel: true, HypixelData.skyBlockIsland: HUB, island: HUB, HypixelData.serverId: null, serverId: mega33A, serverType: SKYBLOCK, map: Hub
12:50:56 ERROR: HypixelData.skyBlock: true, inSkyblock: true, HypixelData.hypixelLive: true, inHypixel: true, HypixelData.skyBlockIsland: HUB, island: HUB, HypixelData.serverId: null, serverId: mega33A, serverType: SKYBLOCK, map: Hub
12:50:56 ERROR: HypixelData.skyBlock: true, inSkyblock: true, HypixelData.hypixelLive: true, inHypixel: true, HypixelData.skyBlockIsland: HUB, island: HUB, HypixelData.serverId: null, serverId: mega33A, serverType: SKYBLOCK, map: Hub
12:50:56 ERROR: HypixelData.skyBlock: true, inSkyblock: true, HypixelData.hypixelLive: true, inHypixel: true, HypixelData.skyBlockIsland: HUB, island: HUB, HypixelData.serverId: null, serverId: mega33A, serverType: SKYBLOCK, map: Hub
12:50:56 ERROR: HypixelData.skyBlock: true, inSkyblock: true, HypixelData.hypixelLive: true, inHypixel: true, HypixelData.skyBlockIsland: HUB, island: HUB, HypixelData.serverId: null, serverId: mega33A, serverType: SKYBLOCK, map: Hub
12:50:56 ERROR: HypixelData.skyBlock: true, inSkyblock: true, HypixelData.hypixelLive: true, inHypixel: true, HypixelData.skyBlockIsland: HUB, island: HUB, HypixelData.serverId: null, serverId: mega33A, serverType: SKYBLOCK, map: Hub
12:50:56 ERROR: HypixelData.skyBlock: true, inSkyblock: true, HypixelData.hypixelLive: true, inHypixel: true, HypixelData.skyBlockIsland: HUB, island: HUB, HypixelData.serverId: null, serverId: mega33A, serverType: SKYBLOCK, map: Hub
12:51:06 HypixelApiServerChangeEvent(serverName=mini195AK, serverType=SKYBLOCK, lobbyName=null, mode=hub, map=Hub)
12:51:06 Island detected: 'HUB'
12:51:06 ERROR: HypixelData.skyBlock: false, inSkyblock: true, HypixelData.hypixelLive: true, inHypixel: true, HypixelData.skyBlockIsland: HUB, island: HUB, HypixelData.serverId: null, serverId: mini195AK, serverType: SKYBLOCK, map: Hub
12:51:06 ERROR: HypixelData.skyBlock: false, inSkyblock: true, HypixelData.hypixelLive: true, inHypixel: true, HypixelData.skyBlockIsland: HUB, island: HUB, HypixelData.serverId: null, serverId: mini195AK, serverType: SKYBLOCK, map: Hub
12:51:06 ERROR: HypixelData.skyBlock: false, inSkyblock: true, HypixelData.hypixelLive: true, inHypixel: true, HypixelData.skyBlockIsland: HUB, island: HUB, HypixelData.serverId: null, serverId: mini195AK, serverType: SKYBLOCK, map: Hub
12:51:06 ERROR: HypixelData.skyBlock: false, inSkyblock: true, HypixelData.hypixelLive: true, inHypixel: true, HypixelData.skyBlockIsland: HUB, island: HUB, HypixelData.serverId: null, serverId: mini195AK, serverType: SKYBLOCK, map: Hub
12:51:06 ERROR: HypixelData.skyBlock: false, inSkyblock: true, HypixelData.hypixelLive: true, inHypixel: true, HypixelData.skyBlockIsland: HUB, island: HUB, HypixelData.serverId: null, serverId: mini195AK, serverType: SKYBLOCK, map: Hub
12:51:06 ERROR: HypixelData.skyBlock: false, inSkyblock: true, HypixelData.hypixelLive: true, inHypixel: true, HypixelData.skyBlockIsland: HUB, island: HUB, HypixelData.serverId: null, serverId: mini195AK, serverType: SKYBLOCK, map: Hub
12:51:06 ERROR: HypixelData.skyBlock: false, inSkyblock: true, HypixelData.hypixelLive: true, inHypixel: true, HypixelData.skyBlockIsland: HUB, island: HUB, HypixelData.serverId: null, serverId: mini195AK, serverType: SKYBLOCK, map: Hub
12:51:06 ERROR: HypixelData.skyBlock: false, inSkyblock: true, HypixelData.hypixelLive: true, inHypixel: true, HypixelData.skyBlockIsland: HUB, island: HUB, HypixelData.serverId: null, serverId: mini195AK, serverType: SKYBLOCK, map: Hub
12:51:06 ERROR: HypixelData.skyBlock: false, inSkyblock: true, HypixelData.hypixelLive: true, inHypixel: true, HypixelData.skyBlockIsland: HUB, island: HUB, HypixelData.serverId: null, serverId: mini195AK, serverType: SKYBLOCK, map: Hub
12:51:06 ERROR: HypixelData.skyBlock: false, inSkyblock: true, HypixelData.hypixelLive: true, inHypixel: true, HypixelData.skyBlockIsland: HUB, island: HUB, HypixelData.serverId: null, serverId: mini195AK, serverType: SKYBLOCK, map: Hub
12:51:06 ERROR: HypixelData.skyBlock: true, inSkyblock: true, HypixelData.hypixelLive: true, inHypixel: true, HypixelData.skyBlockIsland: NONE, island: HUB, HypixelData.serverId: null, serverId: mini195AK, serverType: SKYBLOCK, map: Hub
12:51:06 ERROR: HypixelData.skyBlock: true, inSkyblock: true, HypixelData.hypixelLive: true, inHypixel: true, HypixelData.skyBlockIsland: NONE, island: HUB, HypixelData.serverId: null, serverId: mini195AK, serverType: SKYBLOCK, map: Hub
12:51:07 ERROR: HypixelData.skyBlock: true, inSkyblock: true, HypixelData.hypixelLive: true, inHypixel: true, HypixelData.skyBlockIsland: NONE, island: HUB, HypixelData.serverId: null, serverId: mini195AK, serverType: SKYBLOCK, map: Hub
12:51:07 ERROR: HypixelData.skyBlock: true, inSkyblock: true, HypixelData.hypixelLive: true, inHypixel: true, HypixelData.skyBlockIsland: NONE, island: HUB, HypixelData.serverId: null, serverId: mini195AK, serverType: SKYBLOCK, map: Hub
12:51:07 ERROR: HypixelData.skyBlock: true, inSkyblock: true, HypixelData.hypixelLive: true, inHypixel: true, HypixelData.skyBlockIsland: NONE, island: HUB, HypixelData.serverId: null, serverId: mini195AK, serverType: SKYBLOCK, map: Hub
12:51:07 ERROR: HypixelData.skyBlock: true, inSkyblock: true, HypixelData.hypixelLive: true, inHypixel: true, HypixelData.skyBlockIsland: NONE, island: HUB, HypixelData.serverId: null, serverId: mini195AK, serverType: SKYBLOCK, map: Hub
12:51:07 ERROR: HypixelData.skyBlock: true, inSkyblock: true, HypixelData.hypixelLive: true, inHypixel: true, HypixelData.skyBlockIsland: HUB, island: HUB, HypixelData.serverId: null, serverId: mini195AK, serverType: SKYBLOCK, map: Hub
12:51:07 ERROR: HypixelData.skyBlock: true, inSkyblock: true, HypixelData.hypixelLive: true, inHypixel: true, HypixelData.skyBlockIsland: HUB, island: HUB, HypixelData.serverId: null, serverId: mini195AK, serverType: SKYBLOCK, map: Hub
12:51:07 ERROR: HypixelData.skyBlock: true, inSkyblock: true, HypixelData.hypixelLive: true, inHypixel: true, HypixelData.skyBlockIsland: HUB, island: HUB, HypixelData.serverId: null, serverId: mini195AK, serverType: SKYBLOCK, map: Hub
12:51:07 ERROR: HypixelData.skyBlock: true, inSkyblock: true, HypixelData.hypixelLive: true, inHypixel: true, HypixelData.skyBlockIsland: HUB, island: HUB, HypixelData.serverId: null, serverId: mini195AK, serverType: SKYBLOCK, map: Hub
12:51:07 ERROR: HypixelData.skyBlock: true, inSkyblock: true, HypixelData.hypixelLive: true, inHypixel: true, HypixelData.skyBlockIsland: HUB, island: HUB, HypixelData.serverId: null, serverId: mini195AK, serverType: SKYBLOCK, map: Hub
12:51:07 ERROR: HypixelData.skyBlock: true, inSkyblock: true, HypixelData.hypixelLive: true, inHypixel: true, HypixelData.skyBlockIsland: HUB, island: HUB, HypixelData.serverId: null, serverId: mini195AK, serverType: SKYBLOCK, map: Hub
12:51:07 ERROR: HypixelData.skyBlock: true, inSkyblock: true, HypixelData.hypixelLive: true, inHypixel: true, HypixelData.skyBlockIsland: HUB, island: HUB, HypixelData.serverId: null, serverId: mini195AK, serverType: SKYBLOCK, map: Hub
12:51:07 ERROR: HypixelData.skyBlock: true, inSkyblock: true, HypixelData.hypixelLive: true, inHypixel: true, HypixelData.skyBlockIsland: HUB, island: HUB, HypixelData.serverId: null, serverId: mini195AK, serverType: SKYBLOCK, map: Hub
12:51:07 ERROR: HypixelData.skyBlock: true, inSkyblock: true, HypixelData.hypixelLive: true, inHypixel: true, HypixelData.skyBlockIsland: HUB, island: HUB, HypixelData.serverId: null, serverId: mini195AK, serverType: SKYBLOCK, map: Hub
12:51:07 ERROR: HypixelData.skyBlock: true, inSkyblock: true, HypixelData.hypixelLive: true, inHypixel: true, HypixelData.skyBlockIsland: HUB, island: HUB, HypixelData.serverId: null, serverId: mini195AK, serverType: SKYBLOCK, map: Hub
12:51:07 ERROR: HypixelData.skyBlock: true, inSkyblock: true, HypixelData.hypixelLive: true, inHypixel: true, HypixelData.skyBlockIsland: HUB, island: HUB, HypixelData.serverId: null, serverId: mini195AK, serverType: SKYBLOCK, map: Hub
12:51:07 ERROR: HypixelData.skyBlock: true, inSkyblock: true, HypixelData.hypixelLive: true, inHypixel: true, HypixelData.skyBlockIsland: HUB, island: HUB, HypixelData.serverId: null, serverId: mini195AK, serverType: SKYBLOCK, map: Hub
12:51:07 ERROR: HypixelData.skyBlock: true, inSkyblock: true, HypixelData.hypixelLive: true, inHypixel: true, HypixelData.skyBlockIsland: HUB, island: HUB, HypixelData.serverId: null, serverId: mini195AK, serverType: SKYBLOCK, map: Hub
12:51:07 ERROR: HypixelData.skyBlock: true, inSkyblock: true, HypixelData.hypixelLive: true, inHypixel: true, HypixelData.skyBlockIsland: HUB, island: HUB, HypixelData.serverId: null, serverId: mini195AK, serverType: SKYBLOCK, map: Hub
12:51:07 ERROR: HypixelData.skyBlock: true, inSkyblock: true, HypixelData.hypixelLive: true, inHypixel: true, HypixelData.skyBlockIsland: HUB, island: HUB, HypixelData.serverId: null, serverId: mini195AK, serverType: SKYBLOCK, map: Hub
12:51:07 ERROR: HypixelData.skyBlock: true, inSkyblock: true, HypixelData.hypixelLive: true, inHypixel: true, HypixelData.skyBlockIsland: HUB, island: HUB, HypixelData.serverId: null, serverId: mini195AK, serverType: SKYBLOCK, map: Hub
12:51:07 ERROR: HypixelData.skyBlock: true, inSkyblock: true, HypixelData.hypixelLive: true, inHypixel: true, HypixelData.skyBlockIsland: HUB, island: HUB, HypixelData.serverId: null, serverId: mini195AK, serverType: SKYBLOCK, map: Hub
