12:58:22 §f                                  §6§lBESTIARY
12:58:22 §f                             §b§lGrunt §7§8VII §8➡§b §bVIII
12:58:22 
12:58:22 §f                                  §r§6§lREWARDS
12:58:22 §f                          §r§8+§r§a3 Grunt §r§b✯ Magic Find
12:58:22 §f                           §r§8+§r§a3 Grunt §r§c❁ Strength
12:58:22 §f                              §r§8+§r§62% §r§aGrunt §r§7coins
12:58:22 §f                    §r§8+§r§a50% §r§7chance for extra XP orbs
12:58:22 §f                               §r§8+§r§b1 SkyBlock XP
12:58:22 
12:58:22 §3§l▬▬▬▬▬▬▬▬▬▬▬▬▬▬▬▬▬▬▬▬▬▬▬▬▬▬▬▬▬▬▬▬▬▬▬▬▬▬▬▬▬▬▬▬▬▬▬▬▬▬▬▬▬▬▬▬▬▬▬▬▬▬▬▬
13:09:00 §f                                  §6§lBESTIARY
13:09:00 §f                               §b§lThyst §7§8IV §8➡§b §bV
13:09:00 
13:09:00 §f                                  §r§6§lREWARDS
13:09:00 §f                          §r§8+§r§a2 Thyst §r§b✯ Magic Find
13:09:00 §f                           §r§8+§r§a2 Thyst §r§c❁ Strength
13:09:00 §f                              §r§8+§r§62% §r§aThyst §r§7coins
13:09:00 §f                    §r§8+§r§a50% §r§7chance for extra XP orbs
13:09:00 §f                               §r§8+§r§b1 SkyBlock XP
13:09:00 
13:09:00 §3§l▬▬▬▬▬▬▬▬▬▬▬▬▬▬▬▬▬▬▬▬▬▬▬▬▬▬▬▬▬▬▬▬▬▬▬▬▬▬▬▬▬▬▬▬▬▬▬▬▬▬▬▬▬▬▬▬▬▬▬▬▬▬▬▬
14:08:16 §f                                  §6§lBESTIARY
14:08:16 §f                              §b§lUndead §7§8X §8➡§b §bXI
14:08:16 
14:08:16 §f                                  §r§6§lREWARDS
14:08:16 §f                         §r§8+§r§a4 §r§4§lUndead §r§b✯ Magic Find
14:08:16 §f                         §r§8+§r§a4 §r§4§lUndead §r§c❁ Strength
14:08:16 §f                             §r§8+§r§62% §r§a§r§4§lUndead §r§7coins
14:08:16 §f                    §r§8+§r§a50% §r§7chance for extra XP orbs
14:08:16 §f                               §r§8+§r§b1 SkyBlock XP
14:08:16 
14:08:16 §3§l▬▬▬▬▬▬▬▬▬▬▬▬▬▬▬▬▬▬▬▬▬▬▬▬▬▬▬▬▬▬▬▬▬▬▬▬▬▬▬▬▬▬▬▬▬▬▬▬▬▬▬▬▬▬▬▬▬▬▬▬▬▬▬▬
14:12:06 §f                                  §6§lBESTIARY
14:12:06 §f                     §b§lSkeleton Master §7§8XIII §8➡§b §bXIV
14:12:06 
14:12:06 §f                                  §r§6§lREWARDS
14:12:06 §f                    §r§8+§r§a4 Skeleton Master §r§b✯ Magic Find
14:12:06 §f                     §r§8+§r§a4 Skeleton Master §r§c❁ Strength
14:12:06 §f                        §r§8+§r§62% §r§aSkeleton Master §r§7coins
14:12:06 §f                    §r§8+§r§a50% §r§7chance for extra XP orbs
14:12:06 §f                               §r§8+§r§b1 SkyBlock XP
14:12:06 
14:12:06 §3§l▬▬▬▬▬▬▬▬▬▬▬▬▬▬▬▬▬▬▬▬▬▬▬▬▬▬▬▬▬▬▬▬▬▬▬▬▬▬▬▬▬▬▬▬▬▬▬▬▬▬▬▬▬▬▬▬▬▬▬▬▬▬▬▬
14:33:58 §f                                  §6§lBESTIARY
14:33:58 §f                     §b§lCrypt Souleater §7§8XIII §8➡§b §bXIV
14:33:58 
14:33:58 §f                                  §r§6§lREWARDS
14:33:58 §f                    §r§8+§r§a4 Crypt Souleater §r§b✯ Magic Find
14:33:58 §f                     §r§8+§r§a4 Crypt Souleater §r§c❁ Strength
14:33:58 §f                        §r§8+§r§62% §r§aCrypt Souleater §r§7coins
14:33:58 §f                    §r§8+§r§a50% §r§7chance for extra XP orbs
14:33:58 §f                               §r§8+§r§b1 SkyBlock XP
14:33:58 
14:33:58 §3§l▬▬▬▬▬▬▬▬▬▬▬▬▬▬▬▬▬▬▬▬▬▬▬▬▬▬▬▬▬▬▬▬▬▬▬▬▬▬▬▬▬▬▬▬▬▬▬▬▬▬▬▬▬▬▬▬▬▬▬▬▬▬▬▬
14:42:18 §f                                  §6§lBESTIARY
14:42:18 §f                          §b§lSkeletor §7§8XVII §8➡§b §bXVIII
14:42:18 
14:42:18 §f                                  §r§6§lREWARDS
14:42:18 §f                         §r§8+§r§a5 Skeletor §r§b✯ Magic Find
14:42:18 §f                         §r§8+§r§a5 Skeletor §r§c❁ Strength
14:42:18 §f                             §r§8+§r§62% §r§aSkeletor §r§7coins
14:42:18 §f                    §r§8+§r§a50% §r§7chance for extra XP orbs
14:42:18 §f                               §r§8+§r§b1 SkyBlock XP
14:42:18 
14:42:18   §r§f                         §6§lBESTIARY MILESTONE
14:42:18   §r§f                                   §8CII➡§eCIII
14:42:18 
14:42:18 §3§l▬▬▬▬▬▬▬▬▬▬▬▬▬▬▬▬▬▬▬▬▬▬▬▬▬▬▬▬▬▬▬▬▬▬▬▬▬▬▬▬▬▬▬▬▬▬▬▬▬▬▬▬▬▬▬▬▬▬▬▬▬▬▬▬
14:51:58 §f                                  §6§lBESTIARY
14:51:58 §f                          §b§lCellar Spider §7§8IX §8➡§b §bX
14:51:58 
14:51:58 §f                                  §r§6§lREWARDS
14:51:58 §f                      §r§8+§r§a3 Cellar Spider §r§b✯ Magic Find
14:51:58 §f                      §r§8+§r§a3 Cellar Spider §r§c❁ Strength
14:51:58 §f                          §r§8+§r§62% §r§aCellar Spider §r§7coins
14:51:58 §f                    §r§8+§r§a50% §r§7chance for extra XP orbs
14:51:58 §f                               §r§8+§r§b1 SkyBlock XP
14:51:58 
14:51:58 §3§l▬▬▬▬▬▬▬▬▬▬▬▬▬▬▬▬▬▬▬▬▬▬▬▬▬▬▬▬▬▬▬▬▬▬▬▬▬▬▬▬▬▬▬▬▬▬▬▬▬▬▬▬▬▬▬▬▬▬▬▬▬▬▬▬
