12:38:13 §f                 §7You have §3771 §7materials stashed away!
12:38:13 §f              §8(This totals 4 types of materials stashed!)
12:38:13 §f                §3§l>>> §3§lCLICK HERE§b to pick them up! §3§l<<<
12:38:13   
12:38:52 §f                 §7You have §3771 §7materials stashed away!
12:38:52 §f              §8(This totals 4 types of materials stashed!)
12:38:52 §f                §3§l>>> §3§lCLICK HERE§b to pick them up! §3§l<<<
12:38:52   
12:38:53 §f                 §7You have §3771 §7materials stashed away!
12:38:53 §f              §8(This totals 4 types of materials stashed!)
12:38:53 §f                §3§l>>> §3§lCLICK HERE§b to pick them up! §3§l<<<
12:38:53   
12:38:59 §f                 §7You have §3771 §7materials stashed away!
12:38:59 §f              §8(This totals 4 types of materials stashed!)
12:38:59 §f                §3§l>>> §3§lCLICK HERE§b to pick them up! §3§l<<<
12:38:59   
12:39:17 §f                 §7You have §3771 §7materials stashed away!
12:39:17 §f              §8(This totals 4 types of materials stashed!)
12:39:17 §f                §3§l>>> §3§lCLICK HERE§b to pick them up! §3§l<<<
12:39:17   
12:40:17 §f                 §7You have §3771 §7materials stashed away!
12:40:17 §f              §8(This totals 4 types of materials stashed!)
12:40:17 §f                §3§l>>> §3§lCLICK HERE§b to pick them up! §3§l<<<
12:40:17   
12:41:18 §f                 §7You have §3771 §7materials stashed away!
12:41:18 §f              §8(This totals 4 types of materials stashed!)
12:41:18 §f                §3§l>>> §3§lCLICK HERE§b to pick them up! §3§l<<<
12:41:18   
12:41:52 §f                 §7You have §3771 §7materials stashed away!
12:41:52 §f              §8(This totals 4 types of materials stashed!)
12:41:52 §f                §3§l>>> §3§lCLICK HERE§b to pick them up! §3§l<<<
12:41:52   
12:41:56 §f                 §7You have §3771 §7materials stashed away!
12:41:56 §f              §8(This totals 4 types of materials stashed!)
12:41:56 §f                §3§l>>> §3§lCLICK HERE§b to pick them up! §3§l<<<
12:41:56   
12:42:35 §f                 §7You have §3771 §7materials stashed away!
12:42:35 §f              §8(This totals 4 types of materials stashed!)
12:42:35 §f                §3§l>>> §3§lCLICK HERE§b to pick them up! §3§l<<<
12:42:35   
12:43:38 §f                 §7You have §3771 §7materials stashed away!
12:43:38 §f              §8(This totals 4 types of materials stashed!)
12:43:38 §f                §3§l>>> §3§lCLICK HERE§b to pick them up! §3§l<<<
12:43:38   
12:44:37 §f                 §7You have §3771 §7materials stashed away!
12:44:37 §f              §8(This totals 4 types of materials stashed!)
12:44:37 §f                §3§l>>> §3§lCLICK HERE§b to pick them up! §3§l<<<
12:44:37   
12:45:37 §f                 §7You have §3771 §7materials stashed away!
12:45:37 §f              §8(This totals 4 types of materials stashed!)
12:45:37 §f                §3§l>>> §3§lCLICK HERE§b to pick them up! §3§l<<<
12:45:37   
12:46:38 §f                 §7You have §3771 §7materials stashed away!
12:46:38 §f              §8(This totals 4 types of materials stashed!)
12:46:38 §f                §3§l>>> §3§lCLICK HERE§b to pick them up! §3§l<<<
12:46:38   
12:47:39 §f                 §7You have §3771 §7materials stashed away!
12:47:39 §f              §8(This totals 4 types of materials stashed!)
12:47:39 §f                §3§l>>> §3§lCLICK HERE§b to pick them up! §3§l<<<
12:47:39   
12:48:39 §f                 §7You have §3771 §7materials stashed away!
12:48:39 §f              §8(This totals 4 types of materials stashed!)
12:48:39 §f                §3§l>>> §3§lCLICK HERE§b to pick them up! §3§l<<<
12:48:39   
12:49:41 §f                 §7You have §3771 §7materials stashed away!
12:49:41 §f              §8(This totals 4 types of materials stashed!)
12:49:41 §f                §3§l>>> §3§lCLICK HERE§b to pick them up! §3§l<<<
12:49:42   
12:50:40 §f                 §7You have §3771 §7materials stashed away!
12:50:40 §f              §8(This totals 4 types of materials stashed!)
12:50:40 §f                §3§l>>> §3§lCLICK HERE§b to pick them up! §3§l<<<
12:50:40   
12:51:41 §f                 §7You have §3771 §7materials stashed away!
12:51:41 §f              §8(This totals 4 types of materials stashed!)
12:51:41 §f                §3§l>>> §3§lCLICK HERE§b to pick them up! §3§l<<<
12:51:41   
12:52:41 §f                 §7You have §3771 §7materials stashed away!
12:52:41 §f              §8(This totals 4 types of materials stashed!)
12:52:41 §f                §3§l>>> §3§lCLICK HERE§b to pick them up! §3§l<<<
12:52:41   
12:53:41 §f                 §7You have §3771 §7materials stashed away!
12:53:41 §f              §8(This totals 4 types of materials stashed!)
12:53:41 §f                §3§l>>> §3§lCLICK HERE§b to pick them up! §3§l<<<
12:53:41   
12:54:41 §f                 §7You have §3771 §7materials stashed away!
12:54:41 §f              §8(This totals 4 types of materials stashed!)
12:54:41 §f                §3§l>>> §3§lCLICK HERE§b to pick them up! §3§l<<<
12:54:41   
12:55:41 §f                 §7You have §3771 §7materials stashed away!
12:55:41 §f              §8(This totals 4 types of materials stashed!)
12:55:41 §f                §3§l>>> §3§lCLICK HERE§b to pick them up! §3§l<<<
12:55:41   
12:56:41 §f                 §7You have §3771 §7materials stashed away!
12:56:41 §f              §8(This totals 4 types of materials stashed!)
12:56:41 §f                §3§l>>> §3§lCLICK HERE§b to pick them up! §3§l<<<
12:56:41   
12:57:41 §f                 §7You have §3771 §7materials stashed away!
12:57:41 §f              §8(This totals 4 types of materials stashed!)
12:57:41 §f                §3§l>>> §3§lCLICK HERE§b to pick them up! §3§l<<<
12:57:41   
12:58:41 §f                 §7You have §3771 §7materials stashed away!
12:58:41 §f              §8(This totals 4 types of materials stashed!)
12:58:41 §f                §3§l>>> §3§lCLICK HERE§b to pick them up! §3§l<<<
12:58:41   
12:59:42 §f                 §7You have §3771 §7materials stashed away!
12:59:42 §f              §8(This totals 4 types of materials stashed!)
12:59:42 §f                §3§l>>> §3§lCLICK HERE§b to pick them up! §3§l<<<
12:59:42   
13:00:42 §f                 §7You have §3771 §7materials stashed away!
13:00:42 §f              §8(This totals 4 types of materials stashed!)
13:00:42 §f                §3§l>>> §3§lCLICK HERE§b to pick them up! §3§l<<<
13:00:42   
13:01:42 §f                 §7You have §3771 §7materials stashed away!
13:01:42 §f              §8(This totals 4 types of materials stashed!)
13:01:42 §f                §3§l>>> §3§lCLICK HERE§b to pick them up! §3§l<<<
13:01:42   
13:02:42 §f                 §7You have §3771 §7materials stashed away!
13:02:42 §f              §8(This totals 4 types of materials stashed!)
13:02:42 §f                §3§l>>> §3§lCLICK HERE§b to pick them up! §3§l<<<
13:02:42   
13:03:42 §f                 §7You have §3771 §7materials stashed away!
13:03:42 §f              §8(This totals 4 types of materials stashed!)
13:03:42 §f                §3§l>>> §3§lCLICK HERE§b to pick them up! §3§l<<<
13:03:42   
13:04:42 §f                 §7You have §3771 §7materials stashed away!
13:04:42 §f              §8(This totals 4 types of materials stashed!)
13:04:42 §f                §3§l>>> §3§lCLICK HERE§b to pick them up! §3§l<<<
13:04:42   
13:05:43 §f                 §7You have §3771 §7materials stashed away!
13:05:43 §f              §8(This totals 4 types of materials stashed!)
13:05:43 §f                §3§l>>> §3§lCLICK HERE§b to pick them up! §3§l<<<
13:05:43   
13:06:43 §f                 §7You have §3771 §7materials stashed away!
13:06:43 §f              §8(This totals 4 types of materials stashed!)
13:06:43 §f                §3§l>>> §3§lCLICK HERE§b to pick them up! §3§l<<<
13:06:43   
13:07:43 §f                 §7You have §3771 §7materials stashed away!
13:07:43 §f              §8(This totals 4 types of materials stashed!)
13:07:43 §f                §3§l>>> §3§lCLICK HERE§b to pick them up! §3§l<<<
13:07:43   
13:08:43 §f                 §7You have §3771 §7materials stashed away!
13:08:43 §f              §8(This totals 4 types of materials stashed!)
13:08:43 §f                §3§l>>> §3§lCLICK HERE§b to pick them up! §3§l<<<
13:08:43   
13:09:19 §f                 §7You have §3771 §7materials stashed away!
13:09:19 §f              §8(This totals 4 types of materials stashed!)
13:09:19 §f                §3§l>>> §3§lCLICK HERE§b to pick them up! §3§l<<<
13:09:19   
13:09:44 §f                 §7You have §3771 §7materials stashed away!
13:09:44 §f              §8(This totals 4 types of materials stashed!)
13:09:44 §f                §3§l>>> §3§lCLICK HERE§b to pick them up! §3§l<<<
13:09:44   
13:10:45 §f                 §7You have §3771 §7materials stashed away!
13:10:45 §f              §8(This totals 4 types of materials stashed!)
13:10:45 §f                §3§l>>> §3§lCLICK HERE§b to pick them up! §3§l<<<
13:10:45   
13:11:46 §f                 §7You have §3771 §7materials stashed away!
13:11:46 §f              §8(This totals 4 types of materials stashed!)
13:11:46 §f                §3§l>>> §3§lCLICK HERE§b to pick them up! §3§l<<<
13:11:46   
13:12:47 §f                 §7You have §3771 §7materials stashed away!
13:12:47 §f              §8(This totals 4 types of materials stashed!)
13:12:47 §f                §3§l>>> §3§lCLICK HERE§b to pick them up! §3§l<<<
13:12:47   
13:13:48 §f                 §7You have §3771 §7materials stashed away!
13:13:48 §f              §8(This totals 4 types of materials stashed!)
13:13:48 §f                §3§l>>> §3§lCLICK HERE§b to pick them up! §3§l<<<
13:13:48   
13:14:49 §f                 §7You have §3771 §7materials stashed away!
13:14:49 §f              §8(This totals 4 types of materials stashed!)
13:14:49 §f                §3§l>>> §3§lCLICK HERE§b to pick them up! §3§l<<<
13:14:49   
13:15:50 §f                 §7You have §3771 §7materials stashed away!
13:15:50 §f              §8(This totals 4 types of materials stashed!)
13:15:50 §f                §3§l>>> §3§lCLICK HERE§b to pick them up! §3§l<<<
13:15:50   
13:16:51 §f                 §7You have §3771 §7materials stashed away!
13:16:51 §f              §8(This totals 4 types of materials stashed!)
13:16:51 §f                §3§l>>> §3§lCLICK HERE§b to pick them up! §3§l<<<
13:16:51   
13:17:52 §f                 §7You have §3771 §7materials stashed away!
13:17:52 §f              §8(This totals 4 types of materials stashed!)
13:17:52 §f                §3§l>>> §3§lCLICK HERE§b to pick them up! §3§l<<<
13:17:52   
13:18:53 §f                 §7You have §3771 §7materials stashed away!
13:18:53 §f              §8(This totals 4 types of materials stashed!)
13:18:53 §f                §3§l>>> §3§lCLICK HERE§b to pick them up! §3§l<<<
13:18:53   
13:19:55 §f                 §7You have §3771 §7materials stashed away!
13:19:55 §f              §8(This totals 4 types of materials stashed!)
13:19:55 §f                §3§l>>> §3§lCLICK HERE§b to pick them up! §3§l<<<
13:19:55   
13:20:56 §f                 §7You have §3771 §7materials stashed away!
13:20:56 §f              §8(This totals 4 types of materials stashed!)
13:20:56 §f                §3§l>>> §3§lCLICK HERE§b to pick them up! §3§l<<<
13:20:56   
13:21:57 §f                 §7You have §3771 §7materials stashed away!
13:21:57 §f              §8(This totals 4 types of materials stashed!)
13:21:57 §f                §3§l>>> §3§lCLICK HERE§b to pick them up! §3§l<<<
13:21:57   
13:22:58 §f                 §7You have §3771 §7materials stashed away!
13:22:58 §f              §8(This totals 4 types of materials stashed!)
13:22:58 §f                §3§l>>> §3§lCLICK HERE§b to pick them up! §3§l<<<
13:22:58   
13:23:59 §f                 §7You have §3771 §7materials stashed away!
13:23:59 §f              §8(This totals 4 types of materials stashed!)
13:23:59 §f                §3§l>>> §3§lCLICK HERE§b to pick them up! §3§l<<<
13:23:59   
13:25:00 §f                 §7You have §3771 §7materials stashed away!
13:25:00 §f              §8(This totals 4 types of materials stashed!)
13:25:00 §f                §3§l>>> §3§lCLICK HERE§b to pick them up! §3§l<<<
13:25:00   
13:26:01 §f                 §7You have §3771 §7materials stashed away!
13:26:01 §f              §8(This totals 4 types of materials stashed!)
13:26:01 §f                §3§l>>> §3§lCLICK HERE§b to pick them up! §3§l<<<
13:26:01   
13:27:02 §f                 §7You have §3771 §7materials stashed away!
13:27:02 §f              §8(This totals 4 types of materials stashed!)
13:27:02 §f                §3§l>>> §3§lCLICK HERE§b to pick them up! §3§l<<<
13:27:02   
13:28:03 §f                 §7You have §3771 §7materials stashed away!
13:28:03 §f              §8(This totals 4 types of materials stashed!)
13:28:03 §f                §3§l>>> §3§lCLICK HERE§b to pick them up! §3§l<<<
13:28:03   
13:29:24 §f                 §7You have §3771 §7materials stashed away!
13:29:24 §f              §8(This totals 4 types of materials stashed!)
13:29:24 §f                §3§l>>> §3§lCLICK HERE§b to pick them up! §3§l<<<
13:29:24   
13:30:05 §f                 §7You have §3771 §7materials stashed away!
13:30:05 §f              §8(This totals 4 types of materials stashed!)
13:30:05 §f                §3§l>>> §3§lCLICK HERE§b to pick them up! §3§l<<<
13:30:05   
13:31:05 §f                 §7You have §3771 §7materials stashed away!
13:31:05 §f              §8(This totals 4 types of materials stashed!)
13:31:05 §f                §3§l>>> §3§lCLICK HERE§b to pick them up! §3§l<<<
13:31:05   
13:32:06 §f                 §7You have §3771 §7materials stashed away!
13:32:06 §f              §8(This totals 4 types of materials stashed!)
13:32:06 §f                §3§l>>> §3§lCLICK HERE§b to pick them up! §3§l<<<
13:32:06   
13:33:06 §f                 §7You have §3771 §7materials stashed away!
13:33:06 §f              §8(This totals 4 types of materials stashed!)
13:33:06 §f                §3§l>>> §3§lCLICK HERE§b to pick them up! §3§l<<<
13:33:06   
13:33:37 §f                 §7You have §3771 §7materials stashed away!
13:33:37 §f              §8(This totals 4 types of materials stashed!)
13:33:37 §f                §3§l>>> §3§lCLICK HERE§b to pick them up! §3§l<<<
13:33:37   
13:33:52 §f                 §7You have §3771 §7materials stashed away!
13:33:52 §f              §8(This totals 4 types of materials stashed!)
13:33:52 §f                §3§l>>> §3§lCLICK HERE§b to pick them up! §3§l<<<
13:33:52   
13:34:30 §f                 §7You have §3771 §7materials stashed away!
13:34:30 §f              §8(This totals 4 types of materials stashed!)
13:34:30 §f                §3§l>>> §3§lCLICK HERE§b to pick them up! §3§l<<<
13:34:30   
13:34:31 §f                 §7You have §3771 §7materials stashed away!
13:34:31 §f              §8(This totals 4 types of materials stashed!)
13:34:31 §f                §3§l>>> §3§lCLICK HERE§b to pick them up! §3§l<<<
13:34:31   
13:35:31 §f                 §7You have §3771 §7materials stashed away!
13:35:31 §f              §8(This totals 4 types of materials stashed!)
13:35:31 §f                §3§l>>> §3§lCLICK HERE§b to pick them up! §3§l<<<
13:35:31   
13:36:31 §f                 §7You have §3771 §7materials stashed away!
13:36:31 §f              §8(This totals 4 types of materials stashed!)
13:36:31 §f                §3§l>>> §3§lCLICK HERE§b to pick them up! §3§l<<<
13:36:31   
13:37:31 §f                 §7You have §3771 §7materials stashed away!
13:37:31 §f              §8(This totals 4 types of materials stashed!)
13:37:31 §f                §3§l>>> §3§lCLICK HERE§b to pick them up! §3§l<<<
13:37:31   
13:38:31 §f                 §7You have §3771 §7materials stashed away!
13:38:31 §f              §8(This totals 4 types of materials stashed!)
13:38:31 §f                §3§l>>> §3§lCLICK HERE§b to pick them up! §3§l<<<
13:38:31   
13:39:31 §f                 §7You have §3771 §7materials stashed away!
13:39:31 §f              §8(This totals 4 types of materials stashed!)
13:39:31 §f                §3§l>>> §3§lCLICK HERE§b to pick them up! §3§l<<<
13:39:31   
13:40:39 §f                 §7You have §3771 §7materials stashed away!
13:40:39 §f              §8(This totals 4 types of materials stashed!)
13:40:39 §f                §3§l>>> §3§lCLICK HERE§b to pick them up! §3§l<<<
13:40:39   
13:40:40 §f                 §7You have §3771 §7materials stashed away!
13:40:40 §f              §8(This totals 4 types of materials stashed!)
13:40:40 §f                §3§l>>> §3§lCLICK HERE§b to pick them up! §3§l<<<
13:40:40   
13:40:52 §f                 §7You have §3771 §7materials stashed away!
13:40:52 §f              §8(This totals 4 types of materials stashed!)
13:40:52 §f                §3§l>>> §3§lCLICK HERE§b to pick them up! §3§l<<<
13:40:52   
13:41:33 §f                 §7You have §3771 §7materials stashed away!
13:41:33 §f              §8(This totals 4 types of materials stashed!)
13:41:33 §f                §3§l>>> §3§lCLICK HERE§b to pick them up! §3§l<<<
13:41:33   
13:42:37 §f                 §7You have §3771 §7materials stashed away!
13:42:37 §f              §8(This totals 4 types of materials stashed!)
13:42:37 §f                §3§l>>> §3§lCLICK HERE§b to pick them up! §3§l<<<
13:42:37   
13:43:40 §f                 §7You have §3771 §7materials stashed away!
13:43:40 §f              §8(This totals 4 types of materials stashed!)
13:43:40 §f                §3§l>>> §3§lCLICK HERE§b to pick them up! §3§l<<<
13:43:40   
13:44:40 §f                 §7You have §3771 §7materials stashed away!
13:44:40 §f              §8(This totals 4 types of materials stashed!)
13:44:40 §f                §3§l>>> §3§lCLICK HERE§b to pick them up! §3§l<<<
13:44:40   
13:45:40 §f                 §7You have §3771 §7materials stashed away!
13:45:40 §f              §8(This totals 4 types of materials stashed!)
13:45:40 §f                §3§l>>> §3§lCLICK HERE§b to pick them up! §3§l<<<
13:45:40   
13:46:41 §f                 §7You have §3771 §7materials stashed away!
13:46:41 §f              §8(This totals 4 types of materials stashed!)
13:46:41 §f                §3§l>>> §3§lCLICK HERE§b to pick them up! §3§l<<<
13:46:41   
13:47:41 §f                 §7You have §3771 §7materials stashed away!
13:47:41 §f              §8(This totals 4 types of materials stashed!)
13:47:41 §f                §3§l>>> §3§lCLICK HERE§b to pick them up! §3§l<<<
13:47:41   
13:48:42 §f                 §7You have §3771 §7materials stashed away!
13:48:42 §f              §8(This totals 4 types of materials stashed!)
13:48:42 §f                §3§l>>> §3§lCLICK HERE§b to pick them up! §3§l<<<
13:48:42   
13:49:38 §f                 §7You have §3771 §7materials stashed away!
13:49:38 §f              §8(This totals 4 types of materials stashed!)
13:49:38 §f                §3§l>>> §3§lCLICK HERE§b to pick them up! §3§l<<<
13:49:38   
13:50:07 §f                 §7You have §3771 §7materials stashed away!
13:50:07 §f              §8(This totals 4 types of materials stashed!)
13:50:07 §f                §3§l>>> §3§lCLICK HERE§b to pick them up! §3§l<<<
13:50:07   
13:51:07 §f                 §7You have §3771 §7materials stashed away!
13:51:07 §f              §8(This totals 4 types of materials stashed!)
13:51:07 §f                §3§l>>> §3§lCLICK HERE§b to pick them up! §3§l<<<
13:51:07   
13:52:08 §f                 §7You have §3771 §7materials stashed away!
13:52:08 §f              §8(This totals 4 types of materials stashed!)
13:52:08 §f                §3§l>>> §3§lCLICK HERE§b to pick them up! §3§l<<<
13:52:08   
13:53:09 §f                 §7You have §3771 §7materials stashed away!
13:53:09 §f              §8(This totals 4 types of materials stashed!)
13:53:09 §f                §3§l>>> §3§lCLICK HERE§b to pick them up! §3§l<<<
13:53:09   
13:54:09 §f                 §7You have §3771 §7materials stashed away!
13:54:09 §f              §8(This totals 4 types of materials stashed!)
13:54:09 §f                §3§l>>> §3§lCLICK HERE§b to pick them up! §3§l<<<
13:54:09   
13:55:09 §f                 §7You have §3771 §7materials stashed away!
13:55:09 §f              §8(This totals 4 types of materials stashed!)
13:55:09 §f                §3§l>>> §3§lCLICK HERE§b to pick them up! §3§l<<<
13:55:09   
13:56:10 §f                 §7You have §3771 §7materials stashed away!
13:56:10 §f              §8(This totals 4 types of materials stashed!)
13:56:10 §f                §3§l>>> §3§lCLICK HERE§b to pick them up! §3§l<<<
13:56:10   
13:57:10 §f                 §7You have §3771 §7materials stashed away!
13:57:10 §f              §8(This totals 4 types of materials stashed!)
13:57:10 §f                §3§l>>> §3§lCLICK HERE§b to pick them up! §3§l<<<
13:57:10   
13:58:09 §f                 §7You have §3771 §7materials stashed away!
13:58:09 §f              §8(This totals 4 types of materials stashed!)
13:58:09 §f                §3§l>>> §3§lCLICK HERE§b to pick them up! §3§l<<<
13:58:09   
13:58:10 §f                 §7You have §3771 §7materials stashed away!
13:58:10 §f              §8(This totals 4 types of materials stashed!)
13:58:10 §f                §3§l>>> §3§lCLICK HERE§b to pick them up! §3§l<<<
13:58:10   
13:58:17 §f                 §7You have §3771 §7materials stashed away!
13:58:17 §f              §8(This totals 4 types of materials stashed!)
13:58:17 §f                §3§l>>> §3§lCLICK HERE§b to pick them up! §3§l<<<
13:58:17   
13:58:18 §f                 §7You have §3771 §7materials stashed away!
13:58:18 §f              §8(This totals 4 types of materials stashed!)
13:58:18 §f                §3§l>>> §3§lCLICK HERE§b to pick them up! §3§l<<<
13:58:18   
13:58:24 §f                 §7You have §3771 §7materials stashed away!
13:58:24 §f              §8(This totals 4 types of materials stashed!)
13:58:24 §f                §3§l>>> §3§lCLICK HERE§b to pick them up! §3§l<<<
13:58:24   
13:59:19 §f                 §7You have §3771 §7materials stashed away!
13:59:19 §f              §8(This totals 4 types of materials stashed!)
13:59:19 §f                §3§l>>> §3§lCLICK HERE§b to pick them up! §3§l<<<
13:59:19   
13:59:39 §f                 §7You have §3771 §7materials stashed away!
13:59:39 §f              §8(This totals 4 types of materials stashed!)
13:59:39 §f                §3§l>>> §3§lCLICK HERE§b to pick them up! §3§l<<<
13:59:39   
13:59:40 §f                 §7You have §3771 §7materials stashed away!
13:59:40 §f              §8(This totals 4 types of materials stashed!)
13:59:40 §f                §3§l>>> §3§lCLICK HERE§b to pick them up! §3§l<<<
13:59:40   
14:00:40 §f                 §7You have §3771 §7materials stashed away!
14:00:40 §f              §8(This totals 4 types of materials stashed!)
14:00:40 §f                §3§l>>> §3§lCLICK HERE§b to pick them up! §3§l<<<
14:00:40   
14:01:41 §f                 §7You have §3771 §7materials stashed away!
14:01:41 §f              §8(This totals 4 types of materials stashed!)
14:01:41 §f                §3§l>>> §3§lCLICK HERE§b to pick them up! §3§l<<<
14:01:41   
14:02:00 §f                 §7You have §3771 §7materials stashed away!
14:02:00 §f              §8(This totals 4 types of materials stashed!)
14:02:00 §f                §3§l>>> §3§lCLICK HERE§b to pick them up! §3§l<<<
14:02:00   
14:02:07 §f                 §7You have §3771 §7materials stashed away!
14:02:07 §f              §8(This totals 4 types of materials stashed!)
14:02:07 §f                §3§l>>> §3§lCLICK HERE§b to pick them up! §3§l<<<
14:02:07   
14:02:07 §f                 §7You have §3771 §7materials stashed away!
14:02:07 §f              §8(This totals 4 types of materials stashed!)
14:02:07 §f                §3§l>>> §3§lCLICK HERE§b to pick them up! §3§l<<<
14:02:07   
14:03:07 §f                 §7You have §3771 §7materials stashed away!
14:03:07 §f              §8(This totals 4 types of materials stashed!)
14:03:07 §f                §3§l>>> §3§lCLICK HERE§b to pick them up! §3§l<<<
14:03:07   
14:04:09 §f                 §7You have §3771 §7materials stashed away!
14:04:09 §f              §8(This totals 4 types of materials stashed!)
14:04:09 §f                §3§l>>> §3§lCLICK HERE§b to pick them up! §3§l<<<
14:04:09   
14:05:09 §f                 §7You have §3771 §7materials stashed away!
14:05:09 §f              §8(This totals 4 types of materials stashed!)
14:05:09 §f                §3§l>>> §3§lCLICK HERE§b to pick them up! §3§l<<<
14:05:09   
14:06:09 §f                 §7You have §3771 §7materials stashed away!
14:06:09 §f              §8(This totals 4 types of materials stashed!)
14:06:09 §f                §3§l>>> §3§lCLICK HERE§b to pick them up! §3§l<<<
14:06:09   
14:07:09 §f                 §7You have §3771 §7materials stashed away!
14:07:09 §f              §8(This totals 4 types of materials stashed!)
14:07:09 §f                §3§l>>> §3§lCLICK HERE§b to pick them up! §3§l<<<
14:07:09   
14:08:11 §f                 §7You have §3771 §7materials stashed away!
14:08:11 §f              §8(This totals 4 types of materials stashed!)
14:08:11 §f                §3§l>>> §3§lCLICK HERE§b to pick them up! §3§l<<<
14:08:11   
14:09:12 §f                 §7You have §3771 §7materials stashed away!
14:09:12 §f              §8(This totals 4 types of materials stashed!)
14:09:12 §f                §3§l>>> §3§lCLICK HERE§b to pick them up! §3§l<<<
14:09:12   
14:10:14 §f                 §7You have §3771 §7materials stashed away!
14:10:14 §f              §8(This totals 4 types of materials stashed!)
14:10:14 §f                §3§l>>> §3§lCLICK HERE§b to pick them up! §3§l<<<
14:10:14   
14:11:14 §f                 §7You have §3771 §7materials stashed away!
14:11:14 §f              §8(This totals 4 types of materials stashed!)
14:11:14 §f                §3§l>>> §3§lCLICK HERE§b to pick them up! §3§l<<<
14:11:14   
14:11:23 §f                 §7You have §3771 §7materials stashed away!
14:11:23 §f              §8(This totals 4 types of materials stashed!)
14:11:23 §f                §3§l>>> §3§lCLICK HERE§b to pick them up! §3§l<<<
14:11:23   
14:11:50 §f                 §7You have §3771 §7materials stashed away!
14:11:50 §f              §8(This totals 4 types of materials stashed!)
14:11:50 §f                §3§l>>> §3§lCLICK HERE§b to pick them up! §3§l<<<
14:11:50   
14:11:50 §f                 §7You have §3771 §7materials stashed away!
14:11:50 §f              §8(This totals 4 types of materials stashed!)
14:11:50 §f                §3§l>>> §3§lCLICK HERE§b to pick them up! §3§l<<<
14:11:50   
14:12:50 §f                 §7You have §3771 §7materials stashed away!
14:12:50 §f              §8(This totals 4 types of materials stashed!)
14:12:50 §f                §3§l>>> §3§lCLICK HERE§b to pick them up! §3§l<<<
14:12:50   
14:13:50 §f                 §7You have §3771 §7materials stashed away!
14:13:50 §f              §8(This totals 4 types of materials stashed!)
14:13:50 §f                §3§l>>> §3§lCLICK HERE§b to pick them up! §3§l<<<
14:13:50   
14:14:52 §f                 §7You have §3771 §7materials stashed away!
14:14:52 §f              §8(This totals 4 types of materials stashed!)
14:14:52 §f                §3§l>>> §3§lCLICK HERE§b to pick them up! §3§l<<<
14:14:52   
14:15:52 §f                 §7You have §3771 §7materials stashed away!
14:15:52 §f              §8(This totals 4 types of materials stashed!)
14:15:52 §f                §3§l>>> §3§lCLICK HERE§b to pick them up! §3§l<<<
14:15:52   
14:16:54 §f                 §7You have §3771 §7materials stashed away!
14:16:54 §f              §8(This totals 4 types of materials stashed!)
14:16:54 §f                §3§l>>> §3§lCLICK HERE§b to pick them up! §3§l<<<
14:16:54   
14:17:54 §f                 §7You have §3771 §7materials stashed away!
14:17:54 §f              §8(This totals 4 types of materials stashed!)
14:17:54 §f                §3§l>>> §3§lCLICK HERE§b to pick them up! §3§l<<<
14:17:54   
14:18:55 §f                 §7You have §3771 §7materials stashed away!
14:18:55 §f              §8(This totals 4 types of materials stashed!)
14:18:55 §f                §3§l>>> §3§lCLICK HERE§b to pick them up! §3§l<<<
14:18:55   
14:19:55 §f                 §7You have §3771 §7materials stashed away!
14:19:55 §f              §8(This totals 4 types of materials stashed!)
14:19:55 §f                §3§l>>> §3§lCLICK HERE§b to pick them up! §3§l<<<
14:19:55   
14:20:07 §f                 §7You have §3771 §7materials stashed away!
14:20:07 §f              §8(This totals 4 types of materials stashed!)
14:20:07 §f                §3§l>>> §3§lCLICK HERE§b to pick them up! §3§l<<<
14:20:07   
14:20:09 §f                 §7You have §3771 §7materials stashed away!
14:20:09 §f              §8(This totals 4 types of materials stashed!)
14:20:09 §f                §3§l>>> §3§lCLICK HERE§b to pick them up! §3§l<<<
14:20:09   
14:20:23 §f                 §7You have §3771 §7materials stashed away!
14:20:23 §f              §8(This totals 4 types of materials stashed!)
14:20:23 §f                §3§l>>> §3§lCLICK HERE§b to pick them up! §3§l<<<
14:20:23   
14:20:24 §f                 §7You have §3771 §7materials stashed away!
14:20:24 §f              §8(This totals 4 types of materials stashed!)
14:20:24 §f                §3§l>>> §3§lCLICK HERE§b to pick them up! §3§l<<<
14:20:24   
14:21:25 §f                 §7You have §3771 §7materials stashed away!
14:21:25 §f              §8(This totals 4 types of materials stashed!)
14:21:25 §f                §3§l>>> §3§lCLICK HERE§b to pick them up! §3§l<<<
14:21:25   
14:22:27 §f                 §7You have §3771 §7materials stashed away!
14:22:27 §f              §8(This totals 4 types of materials stashed!)
14:22:27 §f                §3§l>>> §3§lCLICK HERE§b to pick them up! §3§l<<<
14:22:27   
14:23:28 §f                 §7You have §3771 §7materials stashed away!
14:23:28 §f              §8(This totals 4 types of materials stashed!)
14:23:28 §f                §3§l>>> §3§lCLICK HERE§b to pick them up! §3§l<<<
14:23:28   
14:24:29 §f                 §7You have §3771 §7materials stashed away!
14:24:29 §f              §8(This totals 4 types of materials stashed!)
14:24:29 §f                §3§l>>> §3§lCLICK HERE§b to pick them up! §3§l<<<
14:24:29   
14:25:30 §f                 §7You have §3771 §7materials stashed away!
14:25:30 §f              §8(This totals 4 types of materials stashed!)
14:25:30 §f                §3§l>>> §3§lCLICK HERE§b to pick them up! §3§l<<<
14:25:30   
14:26:31 §f                 §7You have §3771 §7materials stashed away!
14:26:31 §f              §8(This totals 4 types of materials stashed!)
14:26:31 §f                §3§l>>> §3§lCLICK HERE§b to pick them up! §3§l<<<
14:26:31   
14:27:31 §f                 §7You have §3771 §7materials stashed away!
14:27:31 §f              §8(This totals 4 types of materials stashed!)
14:27:31 §f                §3§l>>> §3§lCLICK HERE§b to pick them up! §3§l<<<
14:27:31   
14:28:32 §f                 §7You have §3771 §7materials stashed away!
14:28:32 §f              §8(This totals 4 types of materials stashed!)
14:28:32 §f                §3§l>>> §3§lCLICK HERE§b to pick them up! §3§l<<<
14:28:32   
14:28:33 §f                 §7You have §3771 §7materials stashed away!
14:28:33 §f              §8(This totals 4 types of materials stashed!)
14:28:33 §f                §3§l>>> §3§lCLICK HERE§b to pick them up! §3§l<<<
14:28:33   
14:29:34 §f                 §7You have §3771 §7materials stashed away!
14:29:34 §f              §8(This totals 4 types of materials stashed!)
14:29:34 §f                §3§l>>> §3§lCLICK HERE§b to pick them up! §3§l<<<
14:29:34   
14:30:03 §f                 §7You have §3771 §7materials stashed away!
14:30:03 §f              §8(This totals 4 types of materials stashed!)
14:30:03 §f                §3§l>>> §3§lCLICK HERE§b to pick them up! §3§l<<<
14:30:03   
14:30:04 §f                 §7You have §3771 §7materials stashed away!
14:30:04 §f              §8(This totals 4 types of materials stashed!)
14:30:04 §f                §3§l>>> §3§lCLICK HERE§b to pick them up! §3§l<<<
14:30:04   
14:31:05 §f                 §7You have §3771 §7materials stashed away!
14:31:05 §f              §8(This totals 4 types of materials stashed!)
14:31:05 §f                §3§l>>> §3§lCLICK HERE§b to pick them up! §3§l<<<
14:31:05   
14:32:08 §f                 §7You have §3771 §7materials stashed away!
14:32:08 §f              §8(This totals 4 types of materials stashed!)
14:32:08 §f                §3§l>>> §3§lCLICK HERE§b to pick them up! §3§l<<<
14:32:08   
14:33:10 §f                 §7You have §3771 §7materials stashed away!
14:33:10 §f              §8(This totals 4 types of materials stashed!)
14:33:10 §f                §3§l>>> §3§lCLICK HERE§b to pick them up! §3§l<<<
14:33:10   
14:34:11 §f                 §7You have §3771 §7materials stashed away!
14:34:11 §f              §8(This totals 4 types of materials stashed!)
14:34:11 §f                §3§l>>> §3§lCLICK HERE§b to pick them up! §3§l<<<
14:34:11   
14:35:13 §f                 §7You have §3771 §7materials stashed away!
14:35:13 §f              §8(This totals 4 types of materials stashed!)
14:35:13 §f                §3§l>>> §3§lCLICK HERE§b to pick them up! §3§l<<<
14:35:13   
14:36:14 §f                 §7You have §3771 §7materials stashed away!
14:36:14 §f              §8(This totals 4 types of materials stashed!)
14:36:14 §f                §3§l>>> §3§lCLICK HERE§b to pick them up! §3§l<<<
14:36:14   
14:37:14 §f                 §7You have §3771 §7materials stashed away!
14:37:14 §f              §8(This totals 4 types of materials stashed!)
14:37:14 §f                §3§l>>> §3§lCLICK HERE§b to pick them up! §3§l<<<
14:37:14   
14:38:16 §f                 §7You have §3771 §7materials stashed away!
14:38:16 §f              §8(This totals 4 types of materials stashed!)
14:38:16 §f                §3§l>>> §3§lCLICK HERE§b to pick them up! §3§l<<<
14:38:16   
14:38:24 §f                 §7You have §3771 §7materials stashed away!
14:38:24 §f              §8(This totals 4 types of materials stashed!)
14:38:24 §f                §3§l>>> §3§lCLICK HERE§b to pick them up! §3§l<<<
14:38:24   
14:38:30 §f                 §7You have §3771 §7materials stashed away!
14:38:30 §f              §8(This totals 4 types of materials stashed!)
14:38:30 §f                §3§l>>> §3§lCLICK HERE§b to pick them up! §3§l<<<
14:38:30   
14:39:30 §f                 §7You have §3771 §7materials stashed away!
14:39:30 §f              §8(This totals 4 types of materials stashed!)
14:39:30 §f                §3§l>>> §3§lCLICK HERE§b to pick them up! §3§l<<<
14:39:30   
14:39:51 §f                 §7You have §3771 §7materials stashed away!
14:39:51 §f              §8(This totals 4 types of materials stashed!)
14:39:51 §f                §3§l>>> §3§lCLICK HERE§b to pick them up! §3§l<<<
14:39:51   
14:39:51 §f                 §7You have §3771 §7materials stashed away!
14:39:51 §f              §8(This totals 4 types of materials stashed!)
14:39:51 §f                §3§l>>> §3§lCLICK HERE§b to pick them up! §3§l<<<
14:39:51   
14:40:51 §f                 §7You have §3771 §7materials stashed away!
14:40:51 §f              §8(This totals 4 types of materials stashed!)
14:40:51 §f                §3§l>>> §3§lCLICK HERE§b to pick them up! §3§l<<<
14:40:51   
14:41:52 §f                 §7You have §3771 §7materials stashed away!
14:41:52 §f              §8(This totals 4 types of materials stashed!)
14:41:52 §f                §3§l>>> §3§lCLICK HERE§b to pick them up! §3§l<<<
14:41:52   
14:42:53 §f                 §7You have §3771 §7materials stashed away!
14:42:53 §f              §8(This totals 4 types of materials stashed!)
14:42:53 §f                §3§l>>> §3§lCLICK HERE§b to pick them up! §3§l<<<
14:42:53   
14:43:53 §f                 §7You have §3771 §7materials stashed away!
14:43:53 §f              §8(This totals 4 types of materials stashed!)
14:43:53 §f                §3§l>>> §3§lCLICK HERE§b to pick them up! §3§l<<<
14:43:53   
14:44:53 §f                 §7You have §3771 §7materials stashed away!
14:44:53 §f              §8(This totals 4 types of materials stashed!)
14:44:53 §f                §3§l>>> §3§lCLICK HERE§b to pick them up! §3§l<<<
14:44:53   
14:45:54 §f                 §7You have §3771 §7materials stashed away!
14:45:54 §f              §8(This totals 4 types of materials stashed!)
14:45:54 §f                §3§l>>> §3§lCLICK HERE§b to pick them up! §3§l<<<
14:45:54   
14:46:22 §f                 §7You have §3771 §7materials stashed away!
14:46:22 §f              §8(This totals 4 types of materials stashed!)
14:46:22 §f                §3§l>>> §3§lCLICK HERE§b to pick them up! §3§l<<<
14:46:22   
14:46:33 §f                 §7You have §3771 §7materials stashed away!
14:46:33 §f              §8(This totals 4 types of materials stashed!)
14:46:33 §f                §3§l>>> §3§lCLICK HERE§b to pick them up! §3§l<<<
14:46:33   
14:47:33 §f                 §7You have §3771 §7materials stashed away!
14:47:33 §f              §8(This totals 4 types of materials stashed!)
14:47:33 §f                §3§l>>> §3§lCLICK HERE§b to pick them up! §3§l<<<
14:47:33   
14:47:42 §f                 §7You have §3771 §7materials stashed away!
14:47:42 §f              §8(This totals 4 types of materials stashed!)
14:47:42 §f                §3§l>>> §3§lCLICK HERE§b to pick them up! §3§l<<<
14:47:42   
14:47:43 §f                 §7You have §3771 §7materials stashed away!
14:47:43 §f              §8(This totals 4 types of materials stashed!)
14:47:43 §f                §3§l>>> §3§lCLICK HERE§b to pick them up! §3§l<<<
14:47:43   
14:48:43 §f                 §7You have §3771 §7materials stashed away!
14:48:43 §f              §8(This totals 4 types of materials stashed!)
14:48:43 §f                §3§l>>> §3§lCLICK HERE§b to pick them up! §3§l<<<
14:48:43   
14:49:43 §f                 §7You have §3771 §7materials stashed away!
14:49:43 §f              §8(This totals 4 types of materials stashed!)
14:49:43 §f                §3§l>>> §3§lCLICK HERE§b to pick them up! §3§l<<<
14:49:43   
14:50:45 §f                 §7You have §3771 §7materials stashed away!
14:50:45 §f              §8(This totals 4 types of materials stashed!)
14:50:45 §f                §3§l>>> §3§lCLICK HERE§b to pick them up! §3§l<<<
14:50:45   
14:51:45 §f                 §7You have §3771 §7materials stashed away!
14:51:45 §f              §8(This totals 4 types of materials stashed!)
14:51:45 §f                §3§l>>> §3§lCLICK HERE§b to pick them up! §3§l<<<
14:51:45   
14:52:45 §f                 §7You have §3771 §7materials stashed away!
14:52:45 §f              §8(This totals 4 types of materials stashed!)
14:52:45 §f                §3§l>>> §3§lCLICK HERE§b to pick them up! §3§l<<<
14:52:45   
14:53:45 §f                 §7You have §3771 §7materials stashed away!
14:53:45 §f              §8(This totals 4 types of materials stashed!)
14:53:45 §f                §3§l>>> §3§lCLICK HERE§b to pick them up! §3§l<<<
14:53:45   
14:54:32 §f                 §7You have §3771 §7materials stashed away!
14:54:32 §f              §8(This totals 4 types of materials stashed!)
14:54:32 §f                §3§l>>> §3§lCLICK HERE§b to pick them up! §3§l<<<
14:54:32   
14:54:40 §f                 §7You have §3771 §7materials stashed away!
14:54:40 §f              §8(This totals 4 types of materials stashed!)
14:54:40 §f                §3§l>>> §3§lCLICK HERE§b to pick them up! §3§l<<<
14:54:40   
14:55:40 §f                 §7You have §3771 §7materials stashed away!
14:55:40 §f              §8(This totals 4 types of materials stashed!)
14:55:40 §f                §3§l>>> §3§lCLICK HERE§b to pick them up! §3§l<<<
14:55:40   
14:56:41 §f                 §7You have §3771 §7materials stashed away!
14:56:41 §f              §8(This totals 4 types of materials stashed!)
14:56:41 §f                §3§l>>> §3§lCLICK HERE§b to pick them up! §3§l<<<
14:56:41   
14:57:13 §f                 §7You have §3771 §7materials stashed away!
14:57:13 §f              §8(This totals 4 types of materials stashed!)
14:57:13 §f                §3§l>>> §3§lCLICK HERE§b to pick them up! §3§l<<<
14:57:13   
14:57:14 §f                 §7You have §3771 §7materials stashed away!
14:57:14 §f              §8(This totals 4 types of materials stashed!)
14:57:14 §f                §3§l>>> §3§lCLICK HERE§b to pick them up! §3§l<<<
14:57:14   
14:58:14 §f                 §7You have §3771 §7materials stashed away!
14:58:14 §f              §8(This totals 4 types of materials stashed!)
14:58:14 §f                §3§l>>> §3§lCLICK HERE§b to pick them up! §3§l<<<
14:58:14   
14:59:14 §f                 §7You have §3771 §7materials stashed away!
14:59:14 §f              §8(This totals 4 types of materials stashed!)
14:59:14 §f                §3§l>>> §3§lCLICK HERE§b to pick them up! §3§l<<<
14:59:14   
15:00:14 §f                 §7You have §3771 §7materials stashed away!
15:00:14 §f              §8(This totals 4 types of materials stashed!)
15:00:14 §f                §3§l>>> §3§lCLICK HERE§b to pick them up! §3§l<<<
15:00:14   
15:01:15 §f                 §7You have §3771 §7materials stashed away!
15:01:15 §f              §8(This totals 4 types of materials stashed!)
15:01:15 §f                §3§l>>> §3§lCLICK HERE§b to pick them up! §3§l<<<
15:01:15   
15:02:15 §f                 §7You have §3771 §7materials stashed away!
15:02:15 §f              §8(This totals 4 types of materials stashed!)
15:02:15 §f                §3§l>>> §3§lCLICK HERE§b to pick them up! §3§l<<<
15:02:15   
15:03:15 §f                 §7You have §3771 §7materials stashed away!
15:03:15 §f              §8(This totals 4 types of materials stashed!)
15:03:15 §f                §3§l>>> §3§lCLICK HERE§b to pick them up! §3§l<<<
15:03:15   
15:04:15 §f                 §7You have §3771 §7materials stashed away!
15:04:15 §f              §8(This totals 4 types of materials stashed!)
15:04:15 §f                §3§l>>> §3§lCLICK HERE§b to pick them up! §3§l<<<
15:04:15   
15:05:15 §f                 §7You have §3771 §7materials stashed away!
15:05:15 §f              §8(This totals 4 types of materials stashed!)
15:05:15 §f                §3§l>>> §3§lCLICK HERE§b to pick them up! §3§l<<<
15:05:15   
15:06:15 §f                 §7You have §3771 §7materials stashed away!
15:06:15 §f              §8(This totals 4 types of materials stashed!)
15:06:15 §f                §3§l>>> §3§lCLICK HERE§b to pick them up! §3§l<<<
15:06:15   
15:07:15 §f                 §7You have §3771 §7materials stashed away!
15:07:15 §f              §8(This totals 4 types of materials stashed!)
15:07:15 §f                §3§l>>> §3§lCLICK HERE§b to pick them up! §3§l<<<
15:07:15   
15:08:16 §f                 §7You have §3771 §7materials stashed away!
15:08:16 §f              §8(This totals 4 types of materials stashed!)
15:08:16 §f                §3§l>>> §3§lCLICK HERE§b to pick them up! §3§l<<<
15:08:16   
15:09:16 §f                 §7You have §3771 §7materials stashed away!
15:09:16 §f              §8(This totals 4 types of materials stashed!)
15:09:16 §f                §3§l>>> §3§lCLICK HERE§b to pick them up! §3§l<<<
15:09:16   
15:10:16 §f                 §7You have §3771 §7materials stashed away!
15:10:16 §f              §8(This totals 4 types of materials stashed!)
15:10:16 §f                §3§l>>> §3§lCLICK HERE§b to pick them up! §3§l<<<
15:10:16   
15:11:16 §f                 §7You have §3771 §7materials stashed away!
15:11:16 §f              §8(This totals 4 types of materials stashed!)
15:11:16 §f                §3§l>>> §3§lCLICK HERE§b to pick them up! §3§l<<<
15:11:16   
15:12:16 §f                 §7You have §3771 §7materials stashed away!
15:12:16 §f              §8(This totals 4 types of materials stashed!)
15:12:16 §f                §3§l>>> §3§lCLICK HERE§b to pick them up! §3§l<<<
15:12:16   
15:13:16 §f                 §7You have §3771 §7materials stashed away!
15:13:16 §f              §8(This totals 4 types of materials stashed!)
15:13:16 §f                §3§l>>> §3§lCLICK HERE§b to pick them up! §3§l<<<
15:13:16   
15:14:16 §f                 §7You have §3771 §7materials stashed away!
15:14:16 §f              §8(This totals 4 types of materials stashed!)
15:14:16 §f                §3§l>>> §3§lCLICK HERE§b to pick them up! §3§l<<<
15:14:16   
15:15:16 §f                 §7You have §3771 §7materials stashed away!
15:15:16 §f              §8(This totals 4 types of materials stashed!)
15:15:16 §f                §3§l>>> §3§lCLICK HERE§b to pick them up! §3§l<<<
15:15:16   
15:16:17 §f                 §7You have §3771 §7materials stashed away!
15:16:17 §f              §8(This totals 4 types of materials stashed!)
15:16:17 §f                §3§l>>> §3§lCLICK HERE§b to pick them up! §3§l<<<
15:16:17   
15:17:17 §f                 §7You have §3771 §7materials stashed away!
15:17:17 §f              §8(This totals 4 types of materials stashed!)
15:17:17 §f                §3§l>>> §3§lCLICK HERE§b to pick them up! §3§l<<<
15:17:17   
15:18:17 §f                 §7You have §3771 §7materials stashed away!
15:18:17 §f              §8(This totals 4 types of materials stashed!)
15:18:17 §f                §3§l>>> §3§lCLICK HERE§b to pick them up! §3§l<<<
15:18:17   
