23:46:53 Trying to load config from config\skyhanni\config.json
23:46:53 Setting config to be blank as it did not exist. It will be saved once something is written to it
23:46:53 Trying to load sacks from config\skyhanni\sacks.json
23:46:53 Setting sacks to be blank as it did not exist. It will be saved once something is written to it
23:46:53 Trying to load friends from config\skyhanni\friends.json
23:46:53 Setting friends to be blank as it did not exist. It will be saved once something is written to it
23:46:53 Trying to load known_features from config\skyhanni\known_features.json
23:46:53 Setting known_features to be blank as it did not exist. It will be saved once something is written to it
23:46:53 Trying to load jacob_contests from config\skyhanni\jacob_contests.json
23:46:53 Setting jacob_contests to be blank as it did not exist. It will be saved once something is written to it
23:46:53 Trying to load visual_words from config\skyhanni\visual_words.json
23:46:53 Setting visual_words to be blank as it did not exist. It will be saved once something is written to it
23:47:53 saveConfig: auto-save-60s
23:47:53 Saving config file
23:48:53 saveConfig: auto-save-60s
23:48:53 Saving config file
23:49:53 saveConfig: auto-save-60s
23:49:53 Saving config file
23:49:58 saveConfig: Save file
23:49:58 Saving friends file
23:49:58 saveConfig: Updated known feature flags
23:49:58 Saving known_features file
23:50:53 saveConfig: auto-save-60s
23:50:53 Saving config file
23:51:53 saveConfig: auto-save-60s
23:51:53 Saving config file
23:52:53 saveConfig: auto-save-60s
23:52:53 Saving config file
23:53:53 saveConfig: auto-save-60s
23:53:53 Saving config file
23:54:53 saveConfig: auto-save-60s
23:54:53 Saving config file
23:55:53 saveConfig: auto-save-60s
23:55:53 Saving config file
23:56:53 saveConfig: auto-save-60s
23:56:53 Saving config file
23:57:53 saveConfig: auto-save-60s
23:57:53 Saving config file
23:58:53 saveConfig: auto-save-60s
23:58:53 Saving config file
23:59:53 saveConfig: auto-save-60s
23:59:53 Saving config file
00:00:53 saveConfig: auto-save-60s
00:00:53 Saving config file
00:01:53 saveConfig: auto-save-60s
00:01:53 Saving config file
00:02:53 saveConfig: auto-save-60s
00:02:53 Saving config file
