21:27:32 §f                 §7You have §3817 §7materials stashed away!
21:27:32 §f             §8(This totals 10 types of materials stashed!)
21:27:32 §f                §3§l>>> §3§lCLICK HERE§b to pick them up! §3§l<<<
21:27:32   
21:27:44 §f                 §7You have §3817 §7materials stashed away!
21:27:44 §f             §8(This totals 10 types of materials stashed!)
21:27:44 §f                §3§l>>> §3§lCLICK HERE§b to pick them up! §3§l<<<
21:27:44   
21:28:45 §f                 §7You have §3802 §7materials stashed away!
21:28:45 §f              §8(This totals 9 types of materials stashed!)
21:28:45 §f                §3§l>>> §3§lCLICK HERE§b to pick them up! §3§l<<<
21:28:45   
21:29:46 §f                 §7You have §3802 §7materials stashed away!
21:29:46 §f              §8(This totals 9 types of materials stashed!)
21:29:46 §f                §3§l>>> §3§lCLICK HERE§b to pick them up! §3§l<<<
21:29:46   
21:30:47 §f                 §7You have §3802 §7materials stashed away!
21:30:47 §f              §8(This totals 9 types of materials stashed!)
21:30:47 §f                §3§l>>> §3§lCLICK HERE§b to pick them up! §3§l<<<
21:30:47   
21:31:48 §f                 §7You have §3802 §7materials stashed away!
21:31:48 §f              §8(This totals 9 types of materials stashed!)
21:31:48 §f                §3§l>>> §3§lCLICK HERE§b to pick them up! §3§l<<<
21:31:48   
21:32:49 §f                 §7You have §3802 §7materials stashed away!
21:32:49 §f              §8(This totals 9 types of materials stashed!)
21:32:49 §f                §3§l>>> §3§lCLICK HERE§b to pick them up! §3§l<<<
21:32:49   
21:33:50 §f                 §7You have §3802 §7materials stashed away!
21:33:50 §f              §8(This totals 9 types of materials stashed!)
21:33:50 §f                §3§l>>> §3§lCLICK HERE§b to pick them up! §3§l<<<
21:33:50   
21:34:50 §f                 §7You have §3802 §7materials stashed away!
21:34:50 §f              §8(This totals 9 types of materials stashed!)
21:34:50 §f                §3§l>>> §3§lCLICK HERE§b to pick them up! §3§l<<<
21:34:50   
21:35:51 §f                 §7You have §3802 §7materials stashed away!
21:35:51 §f              §8(This totals 9 types of materials stashed!)
21:35:51 §f                §3§l>>> §3§lCLICK HERE§b to pick them up! §3§l<<<
21:35:51   
21:36:52 §f                 §7You have §3802 §7materials stashed away!
21:36:52 §f              §8(This totals 9 types of materials stashed!)
21:36:52 §f                §3§l>>> §3§lCLICK HERE§b to pick them up! §3§l<<<
21:36:52   
21:37:52 §f                 §7You have §3802 §7materials stashed away!
21:37:52 §f              §8(This totals 9 types of materials stashed!)
21:37:52 §f                §3§l>>> §3§lCLICK HERE§b to pick them up! §3§l<<<
21:37:52   
21:38:53 §f                 §7You have §3802 §7materials stashed away!
21:38:53 §f              §8(This totals 9 types of materials stashed!)
21:38:53 §f                §3§l>>> §3§lCLICK HERE§b to pick them up! §3§l<<<
21:38:53   
21:39:54 §f                 §7You have §3802 §7materials stashed away!
21:39:54 §f              §8(This totals 9 types of materials stashed!)
21:39:54 §f                §3§l>>> §3§lCLICK HERE§b to pick them up! §3§l<<<
21:39:54   
21:40:54 §f                 §7You have §3802 §7materials stashed away!
21:40:54 §f              §8(This totals 9 types of materials stashed!)
21:40:54 §f                §3§l>>> §3§lCLICK HERE§b to pick them up! §3§l<<<
21:40:54   
21:41:55 §f                 §7You have §3802 §7materials stashed away!
21:41:55 §f              §8(This totals 9 types of materials stashed!)
21:41:55 §f                §3§l>>> §3§lCLICK HERE§b to pick them up! §3§l<<<
21:41:55   
21:42:56 §f                 §7You have §3802 §7materials stashed away!
21:42:56 §f              §8(This totals 9 types of materials stashed!)
21:42:56 §f                §3§l>>> §3§lCLICK HERE§b to pick them up! §3§l<<<
21:42:56   
21:43:57 §f                 §7You have §3802 §7materials stashed away!
21:43:57 §f              §8(This totals 9 types of materials stashed!)
21:43:57 §f                §3§l>>> §3§lCLICK HERE§b to pick them up! §3§l<<<
21:43:57   
21:44:57 §f                 §7You have §3802 §7materials stashed away!
21:44:57 §f              §8(This totals 9 types of materials stashed!)
21:44:57 §f                §3§l>>> §3§lCLICK HERE§b to pick them up! §3§l<<<
21:44:57   
21:45:58 §f                 §7You have §3802 §7materials stashed away!
21:45:58 §f              §8(This totals 9 types of materials stashed!)
21:45:58 §f                §3§l>>> §3§lCLICK HERE§b to pick them up! §3§l<<<
21:45:58   
21:46:58 §f                 §7You have §3802 §7materials stashed away!
21:46:58 §f              §8(This totals 9 types of materials stashed!)
21:46:58 §f                §3§l>>> §3§lCLICK HERE§b to pick them up! §3§l<<<
21:46:58   
21:47:59 §f                 §7You have §3802 §7materials stashed away!
21:47:59 §f              §8(This totals 9 types of materials stashed!)
21:47:59 §f                §3§l>>> §3§lCLICK HERE§b to pick them up! §3§l<<<
21:47:59   
21:49:00 §f                 §7You have §3802 §7materials stashed away!
21:49:00 §f              §8(This totals 9 types of materials stashed!)
21:49:00 §f                §3§l>>> §3§lCLICK HERE§b to pick them up! §3§l<<<
21:49:00   
21:50:01 §f                 §7You have §3802 §7materials stashed away!
21:50:01 §f              §8(This totals 9 types of materials stashed!)
21:50:01 §f                §3§l>>> §3§lCLICK HERE§b to pick them up! §3§l<<<
21:50:01   
21:51:02 §f                 §7You have §3802 §7materials stashed away!
21:51:02 §f              §8(This totals 9 types of materials stashed!)
21:51:02 §f                §3§l>>> §3§lCLICK HERE§b to pick them up! §3§l<<<
21:51:02   
21:52:02 §f                 §7You have §3802 §7materials stashed away!
21:52:02 §f              §8(This totals 9 types of materials stashed!)
21:52:02 §f                §3§l>>> §3§lCLICK HERE§b to pick them up! §3§l<<<
21:52:02   
21:53:03 §f                 §7You have §3802 §7materials stashed away!
21:53:03 §f              §8(This totals 9 types of materials stashed!)
21:53:03 §f                §3§l>>> §3§lCLICK HERE§b to pick them up! §3§l<<<
21:53:03   
21:54:04 §f                 §7You have §3802 §7materials stashed away!
21:54:04 §f              §8(This totals 9 types of materials stashed!)
21:54:04 §f                §3§l>>> §3§lCLICK HERE§b to pick them up! §3§l<<<
21:54:04   
21:55:04 §f                 §7You have §3802 §7materials stashed away!
21:55:04 §f              §8(This totals 9 types of materials stashed!)
21:55:04 §f                §3§l>>> §3§lCLICK HERE§b to pick them up! §3§l<<<
21:55:04   
21:56:05 §f                 §7You have §3802 §7materials stashed away!
21:56:05 §f              §8(This totals 9 types of materials stashed!)
21:56:05 §f                §3§l>>> §3§lCLICK HERE§b to pick them up! §3§l<<<
21:56:05   
21:57:06 §f                 §7You have §3802 §7materials stashed away!
21:57:06 §f              §8(This totals 9 types of materials stashed!)
21:57:06 §f                §3§l>>> §3§lCLICK HERE§b to pick them up! §3§l<<<
21:57:06   
21:58:06 §f                 §7You have §3802 §7materials stashed away!
21:58:06 §f              §8(This totals 9 types of materials stashed!)
21:58:06 §f                §3§l>>> §3§lCLICK HERE§b to pick them up! §3§l<<<
21:58:06   
21:59:07 §f                 §7You have §3802 §7materials stashed away!
21:59:07 §f              §8(This totals 9 types of materials stashed!)
21:59:07 §f                §3§l>>> §3§lCLICK HERE§b to pick them up! §3§l<<<
21:59:07   
22:00:08 §f                 §7You have §3802 §7materials stashed away!
22:00:08 §f              §8(This totals 9 types of materials stashed!)
22:00:08 §f                §3§l>>> §3§lCLICK HERE§b to pick them up! §3§l<<<
22:00:08   
22:01:08 §f                 §7You have §3802 §7materials stashed away!
22:01:08 §f              §8(This totals 9 types of materials stashed!)
22:01:08 §f                §3§l>>> §3§lCLICK HERE§b to pick them up! §3§l<<<
22:01:08   
22:02:09 §f                 §7You have §3802 §7materials stashed away!
22:02:09 §f              §8(This totals 9 types of materials stashed!)
22:02:09 §f                §3§l>>> §3§lCLICK HERE§b to pick them up! §3§l<<<
22:02:09   
22:03:10 §f                 §7You have §3802 §7materials stashed away!
22:03:10 §f              §8(This totals 9 types of materials stashed!)
22:03:10 §f                §3§l>>> §3§lCLICK HERE§b to pick them up! §3§l<<<
22:03:10   
22:04:10 §f                 §7You have §3802 §7materials stashed away!
22:04:10 §f              §8(This totals 9 types of materials stashed!)
22:04:10 §f                §3§l>>> §3§lCLICK HERE§b to pick them up! §3§l<<<
22:04:10   
22:05:11 §f                 §7You have §3802 §7materials stashed away!
22:05:11 §f              §8(This totals 9 types of materials stashed!)
22:05:11 §f                §3§l>>> §3§lCLICK HERE§b to pick them up! §3§l<<<
22:05:11   
22:06:12 §f                 §7You have §3802 §7materials stashed away!
22:06:12 §f              §8(This totals 9 types of materials stashed!)
22:06:12 §f                §3§l>>> §3§lCLICK HERE§b to pick them up! §3§l<<<
22:06:12   
22:07:12 §f                 §7You have §3802 §7materials stashed away!
22:07:12 §f              §8(This totals 9 types of materials stashed!)
22:07:12 §f                §3§l>>> §3§lCLICK HERE§b to pick them up! §3§l<<<
22:07:12   
22:08:12 §f                 §7You have §3802 §7materials stashed away!
22:08:12 §f              §8(This totals 9 types of materials stashed!)
22:08:12 §f                §3§l>>> §3§lCLICK HERE§b to pick them up! §3§l<<<
22:08:12   
22:09:13 §f                 §7You have §3802 §7materials stashed away!
22:09:13 §f              §8(This totals 9 types of materials stashed!)
22:09:13 §f                §3§l>>> §3§lCLICK HERE§b to pick them up! §3§l<<<
22:09:13   
22:10:13 §f                 §7You have §3802 §7materials stashed away!
22:10:13 §f              §8(This totals 9 types of materials stashed!)
22:10:13 §f                §3§l>>> §3§lCLICK HERE§b to pick them up! §3§l<<<
22:10:13   
22:11:14 §f                 §7You have §3802 §7materials stashed away!
22:11:14 §f              §8(This totals 9 types of materials stashed!)
22:11:14 §f                §3§l>>> §3§lCLICK HERE§b to pick them up! §3§l<<<
22:11:14   
22:12:15 §f                 §7You have §3802 §7materials stashed away!
22:12:15 §f              §8(This totals 9 types of materials stashed!)
22:12:15 §f                §3§l>>> §3§lCLICK HERE§b to pick them up! §3§l<<<
22:12:15   
22:13:15 §f                 §7You have §3802 §7materials stashed away!
22:13:15 §f              §8(This totals 9 types of materials stashed!)
22:13:15 §f                §3§l>>> §3§lCLICK HERE§b to pick them up! §3§l<<<
22:13:15   
22:14:16 §f                 §7You have §3802 §7materials stashed away!
22:14:16 §f              §8(This totals 9 types of materials stashed!)
22:14:16 §f                §3§l>>> §3§lCLICK HERE§b to pick them up! §3§l<<<
22:14:16   
22:15:17 §f                 §7You have §3802 §7materials stashed away!
22:15:17 §f              §8(This totals 9 types of materials stashed!)
22:15:17 §f                §3§l>>> §3§lCLICK HERE§b to pick them up! §3§l<<<
22:15:17   
22:16:18 §f                 §7You have §3802 §7materials stashed away!
22:16:18 §f              §8(This totals 9 types of materials stashed!)
22:16:18 §f                §3§l>>> §3§lCLICK HERE§b to pick them up! §3§l<<<
22:16:18   
22:17:19 §f                 §7You have §3802 §7materials stashed away!
22:17:19 §f              §8(This totals 9 types of materials stashed!)
22:17:19 §f                §3§l>>> §3§lCLICK HERE§b to pick them up! §3§l<<<
22:17:19   
22:18:21 §f                 §7You have §3802 §7materials stashed away!
22:18:21 §f              §8(This totals 9 types of materials stashed!)
22:18:21 §f                §3§l>>> §3§lCLICK HERE§b to pick them up! §3§l<<<
22:18:21   
22:19:21 §f                 §7You have §3802 §7materials stashed away!
22:19:21 §f              §8(This totals 9 types of materials stashed!)
22:19:21 §f                §3§l>>> §3§lCLICK HERE§b to pick them up! §3§l<<<
22:19:21   
22:20:22 §f                 §7You have §3802 §7materials stashed away!
22:20:22 §f              §8(This totals 9 types of materials stashed!)
22:20:22 §f                §3§l>>> §3§lCLICK HERE§b to pick them up! §3§l<<<
22:20:22   
22:21:23 §f                 §7You have §3802 §7materials stashed away!
22:21:23 §f              §8(This totals 9 types of materials stashed!)
22:21:23 §f                §3§l>>> §3§lCLICK HERE§b to pick them up! §3§l<<<
22:21:23   
22:22:23 §f                 §7You have §3802 §7materials stashed away!
22:22:23 §f              §8(This totals 9 types of materials stashed!)
22:22:23 §f                §3§l>>> §3§lCLICK HERE§b to pick them up! §3§l<<<
22:22:23   
22:23:24 §f                 §7You have §3802 §7materials stashed away!
22:23:24 §f              §8(This totals 9 types of materials stashed!)
22:23:24 §f                §3§l>>> §3§lCLICK HERE§b to pick them up! §3§l<<<
22:23:24   
22:24:25 §f                 §7You have §3802 §7materials stashed away!
22:24:25 §f              §8(This totals 9 types of materials stashed!)
22:24:25 §f                §3§l>>> §3§lCLICK HERE§b to pick them up! §3§l<<<
22:24:25   
22:25:26 §f                 §7You have §3802 §7materials stashed away!
22:25:26 §f              §8(This totals 9 types of materials stashed!)
22:25:26 §f                §3§l>>> §3§lCLICK HERE§b to pick them up! §3§l<<<
22:25:26   
22:26:27 §f                 §7You have §3802 §7materials stashed away!
22:26:27 §f              §8(This totals 9 types of materials stashed!)
22:26:27 §f                §3§l>>> §3§lCLICK HERE§b to pick them up! §3§l<<<
22:26:27   
22:27:27 §f                 §7You have §3802 §7materials stashed away!
22:27:27 §f              §8(This totals 9 types of materials stashed!)
22:27:27 §f                §3§l>>> §3§lCLICK HERE§b to pick them up! §3§l<<<
22:27:27   
22:28:28 §f                 §7You have §3802 §7materials stashed away!
22:28:28 §f              §8(This totals 9 types of materials stashed!)
22:28:28 §f                §3§l>>> §3§lCLICK HERE§b to pick them up! §3§l<<<
22:28:28   
22:28:29 §f                 §7You have §3802 §7materials stashed away!
22:28:29 §f              §8(This totals 9 types of materials stashed!)
22:28:29 §f                §3§l>>> §3§lCLICK HERE§b to pick them up! §3§l<<<
22:28:29   
22:29:30 §f                 §7You have §3802 §7materials stashed away!
22:29:30 §f              §8(This totals 9 types of materials stashed!)
22:29:30 §f                §3§l>>> §3§lCLICK HERE§b to pick them up! §3§l<<<
22:29:30   
22:30:31 §f                 §7You have §3802 §7materials stashed away!
22:30:31 §f              §8(This totals 9 types of materials stashed!)
22:30:31 §f                §3§l>>> §3§lCLICK HERE§b to pick them up! §3§l<<<
22:30:31   
22:31:31 §f                 §7You have §3802 §7materials stashed away!
22:31:31 §f              §8(This totals 9 types of materials stashed!)
22:31:31 §f                §3§l>>> §3§lCLICK HERE§b to pick them up! §3§l<<<
22:31:31   
22:32:32 §f                 §7You have §3802 §7materials stashed away!
22:32:32 §f              §8(This totals 9 types of materials stashed!)
22:32:32 §f                §3§l>>> §3§lCLICK HERE§b to pick them up! §3§l<<<
22:32:32   
22:33:32 §f                 §7You have §3802 §7materials stashed away!
22:33:32 §f              §8(This totals 9 types of materials stashed!)
22:33:32 §f                §3§l>>> §3§lCLICK HERE§b to pick them up! §3§l<<<
22:33:32   
22:34:33 §f                 §7You have §3802 §7materials stashed away!
22:34:33 §f              §8(This totals 9 types of materials stashed!)
22:34:33 §f                §3§l>>> §3§lCLICK HERE§b to pick them up! §3§l<<<
22:34:33   
22:35:34 §f                 §7You have §3802 §7materials stashed away!
22:35:34 §f              §8(This totals 9 types of materials stashed!)
22:35:34 §f                §3§l>>> §3§lCLICK HERE§b to pick them up! §3§l<<<
22:35:34   
22:36:34 §f                 §7You have §3802 §7materials stashed away!
22:36:34 §f              §8(This totals 9 types of materials stashed!)
22:36:34 §f                §3§l>>> §3§lCLICK HERE§b to pick them up! §3§l<<<
22:36:34   
22:37:05 §f                 §7You have §3802 §7materials stashed away!
22:37:05 §f              §8(This totals 9 types of materials stashed!)
22:37:05 §f                §3§l>>> §3§lCLICK HERE§b to pick them up! §3§l<<<
22:37:05   
22:37:05 §f                 §7You have §3802 §7materials stashed away!
22:37:05 §f              §8(This totals 9 types of materials stashed!)
22:37:05 §f                §3§l>>> §3§lCLICK HERE§b to pick them up! §3§l<<<
22:37:05   
22:38:06 §f                 §7You have §3802 §7materials stashed away!
22:38:06 §f              §8(This totals 9 types of materials stashed!)
22:38:06 §f                §3§l>>> §3§lCLICK HERE§b to pick them up! §3§l<<<
22:38:06   
22:39:06 §f                 §7You have §3802 §7materials stashed away!
22:39:06 §f              §8(This totals 9 types of materials stashed!)
22:39:06 §f                §3§l>>> §3§lCLICK HERE§b to pick them up! §3§l<<<
22:39:06   
22:40:06 §f                 §7You have §3802 §7materials stashed away!
22:40:06 §f              §8(This totals 9 types of materials stashed!)
22:40:06 §f                §3§l>>> §3§lCLICK HERE§b to pick them up! §3§l<<<
22:40:06   
22:41:07 §f                 §7You have §3802 §7materials stashed away!
22:41:07 §f              §8(This totals 9 types of materials stashed!)
22:41:07 §f                §3§l>>> §3§lCLICK HERE§b to pick them up! §3§l<<<
22:41:07   
22:42:07 §f                 §7You have §3802 §7materials stashed away!
22:42:07 §f              §8(This totals 9 types of materials stashed!)
22:42:07 §f                §3§l>>> §3§lCLICK HERE§b to pick them up! §3§l<<<
22:42:07   
22:43:07 §f                 §7You have §3802 §7materials stashed away!
22:43:07 §f              §8(This totals 9 types of materials stashed!)
22:43:07 §f                §3§l>>> §3§lCLICK HERE§b to pick them up! §3§l<<<
22:43:07   
22:44:07 §f                 §7You have §3802 §7materials stashed away!
22:44:07 §f              §8(This totals 9 types of materials stashed!)
22:44:07 §f                §3§l>>> §3§lCLICK HERE§b to pick them up! §3§l<<<
22:44:07   
22:45:07 §f                 §7You have §3802 §7materials stashed away!
22:45:07 §f              §8(This totals 9 types of materials stashed!)
22:45:07 §f                §3§l>>> §3§lCLICK HERE§b to pick them up! §3§l<<<
22:45:07   
22:46:07 §f                 §7You have §3802 §7materials stashed away!
22:46:07 §f              §8(This totals 9 types of materials stashed!)
22:46:07 §f                §3§l>>> §3§lCLICK HERE§b to pick them up! §3§l<<<
22:46:07   
22:47:08 §f                 §7You have §3802 §7materials stashed away!
22:47:08 §f              §8(This totals 9 types of materials stashed!)
22:47:08 §f                §3§l>>> §3§lCLICK HERE§b to pick them up! §3§l<<<
22:47:08   
22:48:08 §f                 §7You have §3802 §7materials stashed away!
22:48:08 §f              §8(This totals 9 types of materials stashed!)
22:48:08 §f                §3§l>>> §3§lCLICK HERE§b to pick them up! §3§l<<<
22:48:08   
22:48:18 §f                 §7You have §3802 §7materials stashed away!
22:48:18 §f              §8(This totals 9 types of materials stashed!)
22:48:18 §f                §3§l>>> §3§lCLICK HERE§b to pick them up! §3§l<<<
22:48:18   
22:49:12 §f                 §7You have §3802 §7materials stashed away!
22:49:12 §f              §8(This totals 9 types of materials stashed!)
22:49:12 §f                §3§l>>> §3§lCLICK HERE§b to pick them up! §3§l<<<
22:49:12   
22:50:13 §f                 §7You have §3802 §7materials stashed away!
22:50:13 §f              §8(This totals 9 types of materials stashed!)
22:50:13 §f                §3§l>>> §3§lCLICK HERE§b to pick them up! §3§l<<<
22:50:13   
22:51:14 §f                 §7You have §3802 §7materials stashed away!
22:51:14 §f              §8(This totals 9 types of materials stashed!)
22:51:14 §f                §3§l>>> §3§lCLICK HERE§b to pick them up! §3§l<<<
22:51:14   
22:52:15 §f                 §7You have §3802 §7materials stashed away!
22:52:15 §f              §8(This totals 9 types of materials stashed!)
22:52:15 §f                §3§l>>> §3§lCLICK HERE§b to pick them up! §3§l<<<
22:52:15   
22:53:16 §f                 §7You have §3802 §7materials stashed away!
22:53:16 §f              §8(This totals 9 types of materials stashed!)
22:53:16 §f                §3§l>>> §3§lCLICK HERE§b to pick them up! §3§l<<<
22:53:16   
22:53:39 §f                 §7You have §3802 §7materials stashed away!
22:53:39 §f              §8(This totals 9 types of materials stashed!)
22:53:39 §f                §3§l>>> §3§lCLICK HERE§b to pick them up! §3§l<<<
22:53:39   
22:53:39 §f                 §7You have §3802 §7materials stashed away!
22:53:39 §f              §8(This totals 9 types of materials stashed!)
22:53:39 §f                §3§l>>> §3§lCLICK HERE§b to pick them up! §3§l<<<
22:53:39   
22:54:40 §f                 §7You have §3802 §7materials stashed away!
22:54:40 §f              §8(This totals 9 types of materials stashed!)
22:54:40 §f                §3§l>>> §3§lCLICK HERE§b to pick them up! §3§l<<<
22:54:40   
22:55:40 §f                 §7You have §3802 §7materials stashed away!
22:55:40 §f              §8(This totals 9 types of materials stashed!)
22:55:40 §f                §3§l>>> §3§lCLICK HERE§b to pick them up! §3§l<<<
22:55:40   
22:56:40 §f                 §7You have §3802 §7materials stashed away!
22:56:40 §f              §8(This totals 9 types of materials stashed!)
22:56:40 §f                §3§l>>> §3§lCLICK HERE§b to pick them up! §3§l<<<
22:56:40   
22:57:40 §f                 §7You have §3802 §7materials stashed away!
22:57:40 §f              §8(This totals 9 types of materials stashed!)
22:57:40 §f                §3§l>>> §3§lCLICK HERE§b to pick them up! §3§l<<<
22:57:40   
22:58:41 §f                 §7You have §3802 §7materials stashed away!
22:58:41 §f              §8(This totals 9 types of materials stashed!)
22:58:41 §f                §3§l>>> §3§lCLICK HERE§b to pick them up! §3§l<<<
22:58:41   
22:59:41 §f                 §7You have §3802 §7materials stashed away!
22:59:41 §f              §8(This totals 9 types of materials stashed!)
22:59:41 §f                §3§l>>> §3§lCLICK HERE§b to pick them up! §3§l<<<
22:59:41   
23:00:41 §f                 §7You have §3802 §7materials stashed away!
23:00:41 §f              §8(This totals 9 types of materials stashed!)
23:00:41 §f                §3§l>>> §3§lCLICK HERE§b to pick them up! §3§l<<<
23:00:41   
23:01:41 §f                 §7You have §3802 §7materials stashed away!
23:01:41 §f              §8(This totals 9 types of materials stashed!)
23:01:41 §f                §3§l>>> §3§lCLICK HERE§b to pick them up! §3§l<<<
23:01:41   
23:02:41 §f                 §7You have §3802 §7materials stashed away!
23:02:41 §f              §8(This totals 9 types of materials stashed!)
23:02:41 §f                §3§l>>> §3§lCLICK HERE§b to pick them up! §3§l<<<
23:02:41   
23:03:42 §f                 §7You have §3802 §7materials stashed away!
23:03:42 §f              §8(This totals 9 types of materials stashed!)
23:03:42 §f                §3§l>>> §3§lCLICK HERE§b to pick them up! §3§l<<<
23:03:42   
23:04:42 §f                 §7You have §3802 §7materials stashed away!
23:04:42 §f              §8(This totals 9 types of materials stashed!)
23:04:42 §f                §3§l>>> §3§lCLICK HERE§b to pick them up! §3§l<<<
23:04:42   
23:05:42 §f                 §7You have §3802 §7materials stashed away!
23:05:42 §f              §8(This totals 9 types of materials stashed!)
23:05:42 §f                §3§l>>> §3§lCLICK HERE§b to pick them up! §3§l<<<
23:05:42   
