21:25:12 Trying to load config from config\skyhanni\config.json
21:25:12 load-config-now
21:25:12 Loaded config from file
21:25:12 Trying to load sacks from config\skyhanni\sacks.json
21:25:13 load-sacks-now
21:25:13 Loaded sacks from file
21:25:13 Trying to load friends from config\skyhanni\friends.json
21:25:13 load-friends-now
21:25:13 Loaded friends from file
21:25:13 Trying to load known_features from config\skyhanni\known_features.json
21:25:13 load-known_features-now
21:25:13 Loaded known_features from file
21:25:13 Trying to load jacob_contests from config\skyhanni\jacob_contests.json
21:25:13 load-jacob_contests-now
21:25:13 Loaded jacob_contests from file
21:25:13 Trying to load visual_words from config\skyhanni\visual_words.json
21:25:13 Setting visual_words to be blank as it did not exist. It will be saved once something is written to it
21:26:13 saveConfig: auto-save-60s
21:26:13 Saving config file
21:26:13 Saved config file successfully
21:26:13 saveConfig: auto-save-60s
21:26:13 Saving config file
21:26:13 Saved config file successfully
21:27:09 saveConfig: Updated known feature flags
21:27:09 Saving known_features file
21:27:09 Saved known_features file successfully
21:27:09 saveConfig: Updated known feature flags
21:27:09 Saving known_features file
21:27:09 Saved known_features file successfully
21:27:13 saveConfig: auto-save-60s
21:27:13 Saving config file
21:27:13 Saved config file successfully
21:27:13 saveConfig: auto-save-60s
21:27:13 Saving config file
21:27:13 Saved config file successfully
21:28:13 saveConfig: auto-save-60s
21:28:13 Saving config file
21:28:13 Saved config file successfully
21:28:13 saveConfig: auto-save-60s
21:28:13 Saving config file
21:28:13 Saved config file successfully
21:28:20 saveConfig: saving-data
21:28:20 Saving sacks file
21:28:20 Saved sacks file successfully
21:28:20 saveConfig: saving-data
21:28:20 Saving sacks file
21:28:20 Saved sacks file successfully
21:28:44 saveConfig: saving-data
21:28:44 Saving sacks file
21:28:44 Saved sacks file successfully
21:28:44 saveConfig: saving-data
21:28:44 Saving sacks file
21:28:44 Saved sacks file successfully
21:29:13 saveConfig: auto-save-60s
21:29:13 Saving config file
21:29:13 Saved config file successfully
21:29:13 saveConfig: auto-save-60s
21:29:13 Saving config file
21:29:13 Saved config file successfully
21:30:13 saveConfig: auto-save-60s
21:30:13 Saving config file
21:30:13 Saved config file successfully
21:30:13 saveConfig: auto-save-60s
21:30:13 Saving config file
21:30:13 Saved config file successfully
21:31:13 saveConfig: auto-save-60s
21:31:13 Saving config file
21:31:13 Saved config file successfully
21:31:13 saveConfig: auto-save-60s
21:31:13 Saving config file
21:31:13 Saved config file successfully
21:32:13 saveConfig: auto-save-60s
21:32:13 Saving config file
21:32:13 Saved config file successfully
21:32:13 saveConfig: auto-save-60s
21:32:13 Saving config file
21:32:13 Saved config file successfully
21:33:13 saveConfig: auto-save-60s
21:33:13 Saving config file
21:33:13 Saved config file successfully
21:33:13 saveConfig: auto-save-60s
21:33:13 Saving config file
21:33:13 Saved config file successfully
21:34:13 saveConfig: auto-save-60s
21:34:13 Saving config file
21:34:13 Saved config file successfully
21:34:13 saveConfig: auto-save-60s
21:34:13 Saving config file
21:34:13 Saved config file successfully
21:35:13 saveConfig: auto-save-60s
21:35:13 Saving config file
21:35:13 Saved config file successfully
21:35:13 saveConfig: auto-save-60s
21:35:13 Saving config file
21:35:13 Saved config file successfully
21:36:13 saveConfig: auto-save-60s
21:36:13 Saving config file
21:36:13 Saved config file successfully
21:36:13 saveConfig: auto-save-60s
21:36:13 Saving config file
21:36:13 Saved config file successfully
21:37:13 saveConfig: auto-save-60s
21:37:13 Saving config file
21:37:13 Saved config file successfully
21:37:13 saveConfig: auto-save-60s
21:37:13 Saving config file
21:37:13 Saved config file successfully
21:38:13 saveConfig: auto-save-60s
21:38:13 Saving config file
21:38:13 Saved config file successfully
21:38:13 saveConfig: auto-save-60s
21:38:13 Saving config file
21:38:13 Saved config file successfully
21:39:13 saveConfig: auto-save-60s
21:39:13 Saving config file
21:39:13 Saved config file successfully
21:39:13 saveConfig: auto-save-60s
21:39:13 Saving config file
21:39:13 Saved config file successfully
21:39:31 saveConfig: saving-data
21:39:31 Saving sacks file
21:39:31 Saved sacks file successfully
21:39:31 saveConfig: saving-data
21:39:31 Saving sacks file
21:39:31 Saved sacks file successfully
21:40:05 saveConfig: saving-data
21:40:05 Saving sacks file
21:40:05 Saved sacks file successfully
21:40:05 saveConfig: saving-data
21:40:05 Saving sacks file
21:40:05 Saved sacks file successfully
21:40:13 saveConfig: auto-save-60s
21:40:13 Saving config file
21:40:13 Saved config file successfully
21:40:13 saveConfig: auto-save-60s
21:40:13 Saving config file
21:40:13 Saved config file successfully
21:41:13 saveConfig: auto-save-60s
21:41:13 Saving config file
21:41:13 Saved config file successfully
21:41:13 saveConfig: auto-save-60s
21:41:13 Saving config file
21:41:13 Saved config file successfully
21:42:13 saveConfig: auto-save-60s
21:42:13 Saving config file
21:42:13 Saved config file successfully
21:42:13 saveConfig: auto-save-60s
21:42:13 Saving config file
21:42:13 Saved config file successfully
21:42:16 saveConfig: saving-data
21:42:16 Saving sacks file
21:42:16 Saved sacks file successfully
21:42:16 saveConfig: saving-data
21:42:16 Saving sacks file
21:42:16 Saved sacks file successfully
21:42:26 saveConfig: saving-data
21:42:26 Saving sacks file
21:42:26 Saved sacks file successfully
21:42:26 saveConfig: saving-data
21:42:26 Saving sacks file
21:42:26 Saved sacks file successfully
21:42:35 saveConfig: saving-data
21:42:35 Saving sacks file
21:42:35 Saved sacks file successfully
21:42:35 saveConfig: saving-data
21:42:35 Saving sacks file
21:42:35 Saved sacks file successfully
21:43:13 saveConfig: auto-save-60s
21:43:13 Saving config file
21:43:13 Saved config file successfully
21:43:13 saveConfig: auto-save-60s
21:43:13 Saving config file
21:43:13 Saved config file successfully
21:43:31 saveConfig: saving-data
21:43:31 Saving sacks file
21:43:31 Saved sacks file successfully
21:43:31 saveConfig: saving-data
21:43:31 Saving sacks file
21:43:31 Saved sacks file successfully
21:44:13 saveConfig: auto-save-60s
21:44:13 Saving config file
21:44:13 Saved config file successfully
21:44:13 saveConfig: auto-save-60s
21:44:13 Saving config file
21:44:13 Saved config file successfully
21:44:15 saveConfig: saving-data
21:44:15 Saving sacks file
21:44:15 Saved sacks file successfully
21:44:15 saveConfig: saving-data
21:44:15 Saving sacks file
21:44:15 Saved sacks file successfully
21:44:21 saveConfig: saving-data
21:44:21 Saving sacks file
21:44:21 Saved sacks file successfully
21:44:21 saveConfig: saving-data
21:44:21 Saving sacks file
21:44:21 Saved sacks file successfully
21:45:13 saveConfig: auto-save-60s
21:45:13 Saving config file
21:45:13 Saved config file successfully
21:45:13 saveConfig: auto-save-60s
21:45:13 Saving config file
21:45:13 Saved config file successfully
21:45:29 saveConfig: saving-data
21:45:29 Saving sacks file
21:45:29 Saved sacks file successfully
21:45:29 saveConfig: saving-data
21:45:29 Saving sacks file
21:45:29 Saved sacks file successfully
21:45:40 saveConfig: saving-data
21:45:40 Saving sacks file
21:45:40 Saved sacks file successfully
21:45:40 saveConfig: saving-data
21:45:40 Saving sacks file
21:45:40 Saved sacks file successfully
21:46:13 saveConfig: auto-save-60s
21:46:13 Saving config file
21:46:13 Saved config file successfully
21:46:13 saveConfig: auto-save-60s
21:46:13 Saving config file
21:46:13 Saved config file successfully
21:46:27 saveConfig: saving-data
21:46:27 Saving sacks file
21:46:27 Saved sacks file successfully
21:46:27 saveConfig: saving-data
21:46:27 Saving sacks file
21:46:27 Saved sacks file successfully
21:47:13 saveConfig: auto-save-60s
21:47:13 Saving config file
21:47:13 Saved config file successfully
21:47:13 saveConfig: auto-save-60s
21:47:13 Saving config file
21:47:13 Saved config file successfully
21:48:00 saveConfig: saving-data
21:48:00 Saving sacks file
21:48:00 Saved sacks file successfully
21:48:00 saveConfig: saving-data
21:48:00 Saving sacks file
21:48:00 Saved sacks file successfully
21:48:13 saveConfig: auto-save-60s
21:48:13 Saving config file
21:48:13 Saved config file successfully
21:48:13 saveConfig: auto-save-60s
21:48:13 Saving config file
21:48:13 Saved config file successfully
21:49:13 saveConfig: auto-save-60s
21:49:13 Saving config file
21:49:13 Saved config file successfully
21:49:13 saveConfig: auto-save-60s
21:49:13 Saving config file
21:49:13 Saved config file successfully
21:49:29 saveConfig: saving-data
21:49:29 Saving sacks file
21:49:29 Saved sacks file successfully
21:49:29 saveConfig: saving-data
21:49:29 Saving sacks file
21:49:29 Saved sacks file successfully
21:49:41 saveConfig: saving-data
21:49:41 Saving sacks file
21:49:41 Saved sacks file successfully
21:49:41 saveConfig: saving-data
21:49:41 Saving sacks file
21:49:41 Saved sacks file successfully
21:49:47 saveConfig: saving-data
21:49:47 Saving sacks file
21:49:47 Saved sacks file successfully
21:49:47 saveConfig: saving-data
21:49:47 Saving sacks file
21:49:47 Saved sacks file successfully
21:50:13 saveConfig: auto-save-60s
21:50:13 Saving config file
21:50:13 Saved config file successfully
21:50:13 saveConfig: auto-save-60s
21:50:13 Saving config file
21:50:13 Saved config file successfully
21:51:13 saveConfig: auto-save-60s
21:51:13 Saving config file
21:51:13 Saved config file successfully
21:51:13 saveConfig: auto-save-60s
21:51:13 Saving config file
21:51:13 Saved config file successfully
21:51:42 saveConfig: saving-data
21:51:42 Saving sacks file
21:51:42 Saved sacks file successfully
21:51:42 saveConfig: saving-data
21:51:42 Saving sacks file
21:51:42 Saved sacks file successfully
21:52:05 saveConfig: saving-data
21:52:05 Saving sacks file
21:52:05 Saved sacks file successfully
21:52:05 saveConfig: saving-data
21:52:05 Saving sacks file
21:52:05 Saved sacks file successfully
21:52:13 saveConfig: auto-save-60s
21:52:13 Saving config file
21:52:13 Saved config file successfully
21:52:13 saveConfig: auto-save-60s
21:52:13 Saving config file
21:52:13 Saved config file successfully
21:52:14 saveConfig: saving-data
21:52:14 Saving sacks file
21:52:14 Saved sacks file successfully
21:52:14 saveConfig: saving-data
21:52:14 Saving sacks file
21:52:14 Saved sacks file successfully
21:53:06 saveConfig: saving-data
21:53:06 Saving sacks file
21:53:06 Saved sacks file successfully
21:53:06 saveConfig: saving-data
21:53:06 Saving sacks file
21:53:06 Saved sacks file successfully
21:53:12 saveConfig: saving-data
21:53:12 Saving sacks file
21:53:12 Saved sacks file successfully
21:53:12 saveConfig: saving-data
21:53:12 Saving sacks file
21:53:12 Saved sacks file successfully
21:53:13 saveConfig: auto-save-60s
21:53:13 Saving config file
21:53:13 Saved config file successfully
21:53:13 saveConfig: auto-save-60s
21:53:13 Saving config file
21:53:13 Saved config file successfully
21:54:13 saveConfig: auto-save-60s
21:54:13 Saving config file
21:54:13 Saved config file successfully
21:54:13 saveConfig: auto-save-60s
21:54:13 Saving config file
21:54:13 Saved config file successfully
21:54:18 saveConfig: saving-data
21:54:18 Saving sacks file
21:54:18 Saved sacks file successfully
21:54:18 saveConfig: saving-data
21:54:18 Saving sacks file
21:54:18 Saved sacks file successfully
21:54:28 saveConfig: saving-data
21:54:28 Saving sacks file
21:54:28 Saved sacks file successfully
21:54:28 saveConfig: saving-data
21:54:28 Saving sacks file
21:54:28 Saved sacks file successfully
21:55:13 saveConfig: auto-save-60s
21:55:13 Saving config file
21:55:13 Saved config file successfully
21:55:13 saveConfig: auto-save-60s
21:55:13 Saving config file
21:55:13 Saved config file successfully
21:55:34 saveConfig: saving-data
21:55:34 Saving sacks file
21:55:34 Saved sacks file successfully
21:55:34 saveConfig: saving-data
21:55:34 Saving sacks file
21:55:34 Saved sacks file successfully
21:56:13 saveConfig: auto-save-60s
21:56:13 Saving config file
21:56:13 Saved config file successfully
21:56:13 saveConfig: auto-save-60s
21:56:13 Saving config file
21:56:13 Saved config file successfully
21:56:33 saveConfig: saving-data
21:56:33 Saving sacks file
21:56:33 Saved sacks file successfully
21:56:33 saveConfig: saving-data
21:56:33 Saving sacks file
21:56:33 Saved sacks file successfully
21:57:13 saveConfig: auto-save-60s
21:57:13 Saving config file
21:57:13 Saved config file successfully
21:57:13 saveConfig: auto-save-60s
21:57:13 Saving config file
21:57:13 Saved config file successfully
21:57:29 saveConfig: saving-data
21:57:29 Saving sacks file
21:57:29 Saved sacks file successfully
21:57:29 saveConfig: saving-data
21:57:29 Saving sacks file
21:57:29 Saved sacks file successfully
21:58:13 saveConfig: auto-save-60s
21:58:13 Saving config file
21:58:13 Saved config file successfully
21:58:13 saveConfig: auto-save-60s
21:58:13 Saving config file
21:58:13 Saved config file successfully
21:58:22 saveConfig: saving-data
21:58:22 Saving sacks file
21:58:22 Saved sacks file successfully
21:58:22 saveConfig: saving-data
21:58:22 Saving sacks file
21:58:23 Saved sacks file successfully
21:59:13 saveConfig: auto-save-60s
21:59:13 Saving config file
21:59:13 Saved config file successfully
21:59:13 saveConfig: auto-save-60s
21:59:13 Saving config file
21:59:13 Saved config file successfully
21:59:31 saveConfig: saving-data
21:59:31 Saving sacks file
21:59:31 Saved sacks file successfully
21:59:31 saveConfig: saving-data
21:59:31 Saving sacks file
21:59:31 Saved sacks file successfully
22:00:13 saveConfig: auto-save-60s
22:00:13 Saving config file
22:00:13 Saved config file successfully
22:00:13 saveConfig: auto-save-60s
22:00:13 Saving config file
22:00:13 Saved config file successfully
22:00:29 saveConfig: saving-data
22:00:29 Saving sacks file
22:00:29 Saved sacks file successfully
22:00:29 saveConfig: saving-data
22:00:29 Saving sacks file
22:00:29 Saved sacks file successfully
22:01:13 saveConfig: auto-save-60s
22:01:13 Saving config file
22:01:13 Saved config file successfully
22:01:13 saveConfig: auto-save-60s
22:01:13 Saving config file
22:01:13 Saved config file successfully
22:01:27 saveConfig: saving-data
22:01:27 Saving sacks file
22:01:27 Saved sacks file successfully
22:01:27 saveConfig: saving-data
22:01:27 Saving sacks file
22:01:27 Saved sacks file successfully
22:02:13 saveConfig: auto-save-60s
22:02:13 Saving config file
22:02:13 Saved config file successfully
22:02:13 saveConfig: auto-save-60s
22:02:13 Saving config file
22:02:13 Saved config file successfully
22:02:26 saveConfig: saving-data
22:02:26 Saving sacks file
22:02:26 Saved sacks file successfully
22:02:26 saveConfig: saving-data
22:02:26 Saving sacks file
22:02:26 Saved sacks file successfully
22:02:36 saveConfig: saving-data
22:02:36 Saving sacks file
22:02:36 Saved sacks file successfully
22:02:36 saveConfig: saving-data
22:02:36 Saving sacks file
22:02:36 Saved sacks file successfully
22:03:13 saveConfig: auto-save-60s
22:03:13 Saving config file
22:03:13 Saved config file successfully
22:03:13 saveConfig: auto-save-60s
22:03:13 Saving config file
22:03:13 Saved config file successfully
22:03:44 saveConfig: saving-data
22:03:44 Saving sacks file
22:03:44 Saved sacks file successfully
22:03:44 saveConfig: saving-data
22:03:44 Saving sacks file
22:03:44 Saved sacks file successfully
22:04:13 saveConfig: auto-save-60s
22:04:13 Saving config file
22:04:13 Saved config file successfully
22:04:13 saveConfig: auto-save-60s
22:04:13 Saving config file
22:04:13 Saved config file successfully
22:05:11 saveConfig: saving-data
22:05:11 Saving sacks file
22:05:11 Saved sacks file successfully
22:05:11 saveConfig: saving-data
22:05:11 Saving sacks file
22:05:11 Saved sacks file successfully
22:05:13 saveConfig: auto-save-60s
22:05:13 Saving config file
22:05:13 Saved config file successfully
22:05:13 saveConfig: auto-save-60s
22:05:13 Saving config file
22:05:13 Saved config file successfully
22:06:13 saveConfig: auto-save-60s
22:06:13 Saving config file
22:06:13 Saved config file successfully
22:06:13 saveConfig: auto-save-60s
22:06:13 Saving config file
22:06:13 Saved config file successfully
22:06:24 saveConfig: saving-data
22:06:24 Saving sacks file
22:06:24 Saved sacks file successfully
22:06:24 saveConfig: saving-data
22:06:24 Saving sacks file
22:06:24 Saved sacks file successfully
22:06:35 saveConfig: saving-data
22:06:35 Saving sacks file
22:06:35 Saved sacks file successfully
22:06:35 saveConfig: saving-data
22:06:35 Saving sacks file
22:06:35 Saved sacks file successfully
22:07:01 saveConfig: saving-data
22:07:01 Saving sacks file
22:07:01 Saved sacks file successfully
22:07:01 saveConfig: saving-data
22:07:01 Saving sacks file
22:07:01 Saved sacks file successfully
22:07:13 saveConfig: auto-save-60s
22:07:13 Saving config file
22:07:13 Saved config file successfully
22:07:13 saveConfig: auto-save-60s
22:07:13 Saving config file
22:07:13 Saved config file successfully
22:08:13 saveConfig: auto-save-60s
22:08:13 Saving config file
22:08:13 Saved config file successfully
22:08:13 saveConfig: auto-save-60s
22:08:13 Saving config file
22:08:13 Saved config file successfully
22:09:13 saveConfig: auto-save-60s
22:09:13 Saving config file
22:09:13 Saved config file successfully
22:09:13 saveConfig: auto-save-60s
22:09:13 Saving config file
22:09:13 Saved config file successfully
22:10:13 saveConfig: auto-save-60s
22:10:13 Saving config file
22:10:13 Saved config file successfully
22:10:13 saveConfig: auto-save-60s
22:10:13 Saving config file
22:10:13 Saved config file successfully
22:10:24 saveConfig: saving-data
22:10:24 Saving sacks file
22:10:24 Saved sacks file successfully
22:10:24 saveConfig: saving-data
22:10:24 Saving sacks file
22:10:24 Saved sacks file successfully
22:10:32 saveConfig: saving-data
22:10:32 Saving sacks file
22:10:32 Saved sacks file successfully
22:10:32 saveConfig: saving-data
22:10:32 Saving sacks file
22:10:33 Saved sacks file successfully
22:10:44 saveConfig: saving-data
22:10:44 Saving sacks file
22:10:44 Saved sacks file successfully
22:10:44 saveConfig: saving-data
22:10:44 Saving sacks file
22:10:44 Saved sacks file successfully
22:10:50 saveConfig: saving-data
22:10:50 Saving sacks file
22:10:50 Saved sacks file successfully
22:10:50 saveConfig: saving-data
22:10:50 Saving sacks file
22:10:50 Saved sacks file successfully
22:11:13 saveConfig: auto-save-60s
22:11:13 Saving config file
22:11:13 Saved config file successfully
22:11:13 saveConfig: auto-save-60s
22:11:13 Saving config file
22:11:13 Saved config file successfully
22:11:58 saveConfig: saving-data
22:11:58 Saving sacks file
22:11:58 Saved sacks file successfully
22:11:58 saveConfig: saving-data
22:11:58 Saving sacks file
22:11:58 Saved sacks file successfully
22:12:12 saveConfig: saving-data
22:12:12 Saving sacks file
22:12:12 Saved sacks file successfully
22:12:12 saveConfig: saving-data
22:12:12 Saving sacks file
22:12:12 Saved sacks file successfully
22:12:13 saveConfig: auto-save-60s
22:12:13 Saving config file
22:12:13 Saved config file successfully
22:12:13 saveConfig: auto-save-60s
22:12:13 Saving config file
22:12:13 Saved config file successfully
22:12:20 saveConfig: saving-data
22:12:20 Saving sacks file
22:12:20 Saved sacks file successfully
22:12:20 saveConfig: saving-data
22:12:20 Saving sacks file
22:12:20 Saved sacks file successfully
22:12:32 saveConfig: saving-data
22:12:32 Saving sacks file
22:12:32 Saved sacks file successfully
22:12:32 saveConfig: saving-data
22:12:32 Saving sacks file
22:12:32 Saved sacks file successfully
22:12:50 saveConfig: saving-data
22:12:50 Saving sacks file
22:12:50 Saved sacks file successfully
22:12:50 saveConfig: saving-data
22:12:50 Saving sacks file
22:12:50 Saved sacks file successfully
22:13:13 saveConfig: auto-save-60s
22:13:13 Saving config file
22:13:13 Saved config file successfully
22:13:13 saveConfig: auto-save-60s
22:13:13 Saving config file
22:13:13 Saved config file successfully
22:13:32 saveConfig: saving-data
22:13:32 Saving sacks file
22:13:32 Saved sacks file successfully
22:13:32 saveConfig: saving-data
22:13:32 Saving sacks file
22:13:32 Saved sacks file successfully
22:13:42 saveConfig: saving-data
22:13:42 Saving sacks file
22:13:42 Saved sacks file successfully
22:13:42 saveConfig: saving-data
22:13:42 Saving sacks file
22:13:42 Saved sacks file successfully
22:14:06 saveConfig: saving-data
22:14:06 Saving sacks file
22:14:06 Saved sacks file successfully
22:14:06 saveConfig: saving-data
22:14:06 Saving sacks file
22:14:06 Saved sacks file successfully
22:14:13 saveConfig: auto-save-60s
22:14:13 Saving config file
22:14:13 Saved config file successfully
22:14:13 saveConfig: auto-save-60s
22:14:13 Saving config file
22:14:13 Saved config file successfully
22:14:20 saveConfig: saving-data
22:14:20 Saving sacks file
22:14:20 Saved sacks file successfully
22:14:20 saveConfig: saving-data
22:14:20 Saving sacks file
22:14:20 Saved sacks file successfully
22:14:40 saveConfig: saving-data
22:14:40 Saving sacks file
22:14:40 Saved sacks file successfully
22:14:40 saveConfig: saving-data
22:14:40 Saving sacks file
22:14:40 Saved sacks file successfully
22:14:52 saveConfig: saving-data
22:14:52 Saving sacks file
22:14:52 Saved sacks file successfully
22:14:52 saveConfig: saving-data
22:14:52 Saving sacks file
22:14:52 Saved sacks file successfully
22:15:13 saveConfig: auto-save-60s
22:15:13 Saving config file
22:15:13 Saved config file successfully
22:15:13 saveConfig: auto-save-60s
22:15:13 Saving config file
22:15:13 Saved config file successfully
22:15:25 saveConfig: saving-data
22:15:25 Saving sacks file
22:15:25 Saved sacks file successfully
22:15:25 saveConfig: saving-data
22:15:25 Saving sacks file
22:15:25 Saved sacks file successfully
22:15:51 saveConfig: saving-data
22:15:51 Saving sacks file
22:15:51 Saved sacks file successfully
22:15:51 saveConfig: saving-data
22:15:51 Saving sacks file
22:15:51 Saved sacks file successfully
22:16:13 saveConfig: auto-save-60s
22:16:13 Saving config file
22:16:13 Saved config file successfully
22:16:13 saveConfig: auto-save-60s
22:16:13 Saving config file
22:16:13 Saved config file successfully
22:17:02 saveConfig: saving-data
22:17:02 Saving sacks file
22:17:02 Saved sacks file successfully
22:17:02 saveConfig: saving-data
22:17:02 Saving sacks file
22:17:02 Saved sacks file successfully
22:17:08 saveConfig: saving-data
22:17:08 Saving sacks file
22:17:08 Saved sacks file successfully
22:17:08 saveConfig: saving-data
22:17:08 Saving sacks file
22:17:08 Saved sacks file successfully
22:17:13 saveConfig: auto-save-60s
22:17:13 Saving config file
22:17:13 Saved config file successfully
22:17:13 saveConfig: auto-save-60s
22:17:13 Saving config file
22:17:13 Saved config file successfully
22:17:29 saveConfig: saving-data
22:17:29 Saving sacks file
22:17:29 Saved sacks file successfully
22:17:29 saveConfig: saving-data
22:17:29 Saving sacks file
22:17:29 Saved sacks file successfully
22:18:13 saveConfig: auto-save-60s
22:18:13 Saving config file
22:18:13 Saved config file successfully
22:18:13 saveConfig: auto-save-60s
22:18:13 Saving config file
22:18:13 Saved config file successfully
22:18:22 saveConfig: saving-data
22:18:22 Saving sacks file
22:18:22 Saved sacks file successfully
22:18:22 saveConfig: saving-data
22:18:22 Saving sacks file
22:18:22 Saved sacks file successfully
22:18:38 saveConfig: saving-data
22:18:38 Saving sacks file
22:18:38 Saved sacks file successfully
22:18:38 saveConfig: saving-data
22:18:38 Saving sacks file
22:18:38 Saved sacks file successfully
22:18:48 saveConfig: saving-data
22:18:48 Saving sacks file
22:18:48 Saved sacks file successfully
22:18:48 saveConfig: saving-data
22:18:48 Saving sacks file
22:18:48 Saved sacks file successfully
22:18:57 saveConfig: saving-data
22:18:57 Saving sacks file
22:18:57 Saved sacks file successfully
22:18:57 saveConfig: saving-data
22:18:57 Saving sacks file
22:18:57 Saved sacks file successfully
22:19:12 saveConfig: saving-data
22:19:12 Saving sacks file
22:19:12 Saved sacks file successfully
22:19:12 saveConfig: saving-data
22:19:12 Saving sacks file
22:19:12 Saved sacks file successfully
22:19:13 saveConfig: auto-save-60s
22:19:13 Saving config file
22:19:13 Saved config file successfully
22:19:13 saveConfig: auto-save-60s
22:19:13 Saving config file
22:19:13 Saved config file successfully
22:19:24 saveConfig: saving-data
22:19:24 Saving sacks file
22:19:24 Saved sacks file successfully
22:19:24 saveConfig: saving-data
22:19:24 Saving sacks file
22:19:24 Saved sacks file successfully
22:20:13 saveConfig: auto-save-60s
22:20:13 Saving config file
22:20:13 Saved config file successfully
22:20:13 saveConfig: auto-save-60s
22:20:13 Saving config file
22:20:13 Saved config file successfully
22:20:27 saveConfig: saving-data
22:20:27 Saving sacks file
22:20:27 Saved sacks file successfully
22:20:27 saveConfig: saving-data
22:20:27 Saving sacks file
22:20:27 Saved sacks file successfully
22:21:13 saveConfig: auto-save-60s
22:21:13 Saving config file
22:21:13 Saved config file successfully
22:21:13 saveConfig: auto-save-60s
22:21:13 Saving config file
22:21:13 Saved config file successfully
22:21:19 saveConfig: saving-data
22:21:19 Saving sacks file
22:21:19 Saved sacks file successfully
22:21:19 saveConfig: saving-data
22:21:19 Saving sacks file
22:21:19 Saved sacks file successfully
22:21:40 saveConfig: saving-data
22:21:40 Saving sacks file
22:21:41 Saved sacks file successfully
22:21:41 saveConfig: saving-data
22:21:41 Saving sacks file
22:21:41 Saved sacks file successfully
22:21:51 saveConfig: saving-data
22:21:51 Saving sacks file
22:21:51 Saved sacks file successfully
22:21:51 saveConfig: saving-data
22:21:51 Saving sacks file
22:21:51 Saved sacks file successfully
22:22:13 saveConfig: auto-save-60s
22:22:13 Saving config file
22:22:13 Saved config file successfully
22:22:13 saveConfig: auto-save-60s
22:22:13 Saving config file
22:22:13 Saved config file successfully
22:23:13 saveConfig: auto-save-60s
22:23:13 Saving config file
22:23:13 Saved config file successfully
22:23:13 saveConfig: auto-save-60s
22:23:13 Saving config file
22:23:13 Saved config file successfully
22:24:13 saveConfig: auto-save-60s
22:24:13 Saving config file
22:24:13 Saved config file successfully
22:24:13 saveConfig: auto-save-60s
22:24:13 Saving config file
22:24:13 Saved config file successfully
22:24:30 saveConfig: saving-data
22:24:30 Saving sacks file
22:24:30 Saved sacks file successfully
22:24:30 saveConfig: saving-data
22:24:30 Saving sacks file
22:24:30 Saved sacks file successfully
22:24:46 saveConfig: saving-data
22:24:46 Saving sacks file
22:24:46 Saved sacks file successfully
22:24:46 saveConfig: saving-data
22:24:46 Saving sacks file
22:24:46 Saved sacks file successfully
22:25:13 saveConfig: auto-save-60s
22:25:13 Saving config file
22:25:13 Saved config file successfully
22:25:13 saveConfig: auto-save-60s
22:25:13 Saving config file
22:25:13 Saved config file successfully
22:25:25 saveConfig: saving-data
22:25:25 Saving sacks file
22:25:25 Saved sacks file successfully
22:25:25 saveConfig: saving-data
22:25:25 Saving sacks file
22:25:25 Saved sacks file successfully
22:25:37 saveConfig: saving-data
22:25:37 Saving sacks file
22:25:37 Saved sacks file successfully
22:25:37 saveConfig: saving-data
22:25:37 Saving sacks file
22:25:37 Saved sacks file successfully
22:25:44 saveConfig: saving-data
22:25:44 Saving sacks file
22:25:44 Saved sacks file successfully
22:25:44 saveConfig: saving-data
22:25:44 Saving sacks file
22:25:44 Saved sacks file successfully
22:26:13 saveConfig: auto-save-60s
22:26:13 Saving config file
22:26:13 Saved config file successfully
22:26:13 saveConfig: auto-save-60s
22:26:13 Saving config file
22:26:13 Saved config file successfully
22:26:40 saveConfig: saving-data
22:26:40 Saving sacks file
22:26:40 Saved sacks file successfully
22:26:40 saveConfig: saving-data
22:26:40 Saving sacks file
22:26:40 Saved sacks file successfully
22:26:54 saveConfig: saving-data
22:26:54 Saving sacks file
22:26:54 Saved sacks file successfully
22:26:54 saveConfig: saving-data
22:26:54 Saving sacks file
22:26:54 Saved sacks file successfully
22:27:10 saveConfig: saving-data
22:27:10 Saving sacks file
22:27:10 Saved sacks file successfully
22:27:10 saveConfig: saving-data
22:27:10 Saving sacks file
22:27:10 Saved sacks file successfully
22:27:13 saveConfig: auto-save-60s
22:27:13 Saving config file
22:27:13 Saved config file successfully
22:27:13 saveConfig: auto-save-60s
22:27:13 Saving config file
22:27:13 Saved config file successfully
22:28:13 saveConfig: auto-save-60s
22:28:13 Saving config file
22:28:13 Saved config file successfully
22:28:13 saveConfig: auto-save-60s
22:28:13 Saving config file
22:28:13 Saved config file successfully
22:29:13 saveConfig: auto-save-60s
22:29:13 Saving config file
22:29:13 Saved config file successfully
22:29:13 saveConfig: auto-save-60s
22:29:13 Saving config file
22:29:13 Saved config file successfully
22:30:13 saveConfig: auto-save-60s
22:30:13 Saving config file
22:30:13 Saved config file successfully
22:30:13 saveConfig: auto-save-60s
22:30:13 Saving config file
22:30:13 Saved config file successfully
22:31:13 saveConfig: auto-save-60s
22:31:13 Saving config file
22:31:13 Saved config file successfully
22:31:13 saveConfig: auto-save-60s
22:31:13 Saving config file
22:31:13 Saved config file successfully
22:32:13 saveConfig: auto-save-60s
22:32:13 Saving config file
22:32:13 Saved config file successfully
22:32:13 saveConfig: auto-save-60s
22:32:13 Saving config file
22:32:13 Saved config file successfully
22:33:13 saveConfig: auto-save-60s
22:33:13 Saving config file
22:33:13 Saved config file successfully
22:33:13 saveConfig: auto-save-60s
22:33:13 Saving config file
22:33:13 Saved config file successfully
22:34:13 saveConfig: auto-save-60s
22:34:13 Saving config file
22:34:13 Saved config file successfully
22:34:13 saveConfig: auto-save-60s
22:34:13 Saving config file
22:34:13 Saved config file successfully
22:35:13 saveConfig: auto-save-60s
22:35:13 Saving config file
22:35:13 Saved config file successfully
22:35:13 saveConfig: auto-save-60s
22:35:13 Saving config file
22:35:13 Saved config file successfully
22:36:13 saveConfig: auto-save-60s
22:36:13 Saving config file
22:36:13 Saved config file successfully
22:36:13 saveConfig: auto-save-60s
22:36:13 Saving config file
22:36:13 Saved config file successfully
22:37:13 saveConfig: auto-save-60s
22:37:13 Saving config file
22:37:13 Saved config file successfully
22:37:13 saveConfig: auto-save-60s
22:37:13 Saving config file
22:37:13 Saved config file successfully
22:38:13 saveConfig: auto-save-60s
22:38:13 Saving config file
22:38:13 Saved config file successfully
22:38:13 saveConfig: auto-save-60s
22:38:13 Saving config file
22:38:13 Saved config file successfully
22:39:13 saveConfig: auto-save-60s
22:39:13 Saving config file
22:39:13 Saved config file successfully
22:39:13 saveConfig: auto-save-60s
22:39:13 Saving config file
22:39:13 Saved config file successfully
22:40:13 saveConfig: auto-save-60s
22:40:13 Saving config file
22:40:13 Saved config file successfully
22:40:13 saveConfig: auto-save-60s
22:40:13 Saving config file
22:40:13 Saved config file successfully
22:41:13 saveConfig: auto-save-60s
22:41:13 Saving config file
22:41:13 Saved config file successfully
22:41:13 saveConfig: auto-save-60s
22:41:13 Saving config file
22:41:13 Saved config file successfully
22:42:13 saveConfig: auto-save-60s
22:42:13 Saving config file
22:42:13 Saved config file successfully
22:42:13 saveConfig: auto-save-60s
22:42:13 Saving config file
22:42:13 Saved config file successfully
22:43:13 saveConfig: auto-save-60s
22:43:13 Saving config file
22:43:13 Saved config file successfully
22:43:13 saveConfig: auto-save-60s
22:43:13 Saving config file
22:43:13 Saved config file successfully
22:44:13 saveConfig: auto-save-60s
22:44:13 Saving config file
22:44:13 Saved config file successfully
22:44:13 saveConfig: auto-save-60s
22:44:13 Saving config file
22:44:13 Saved config file successfully
22:45:13 saveConfig: auto-save-60s
22:45:13 Saving config file
22:45:13 Saved config file successfully
22:45:13 saveConfig: auto-save-60s
22:45:13 Saving config file
22:45:13 Saved config file successfully
22:46:13 saveConfig: auto-save-60s
22:46:13 Saving config file
22:46:13 Saved config file successfully
22:46:13 saveConfig: auto-save-60s
22:46:13 Saving config file
22:46:13 Saved config file successfully
22:47:13 saveConfig: auto-save-60s
22:47:13 Saving config file
22:47:13 Saved config file successfully
22:47:13 saveConfig: auto-save-60s
22:47:13 Saving config file
22:47:13 Saved config file successfully
22:48:13 saveConfig: auto-save-60s
22:48:13 Saving config file
22:48:13 Saved config file successfully
22:48:13 saveConfig: auto-save-60s
22:48:13 Saving config file
22:48:13 Saved config file successfully
22:49:13 saveConfig: auto-save-60s
22:49:13 Saving config file
22:49:13 Saved config file successfully
22:49:13 saveConfig: auto-save-60s
22:49:13 Saving config file
22:49:13 Saved config file successfully
22:50:13 saveConfig: auto-save-60s
22:50:13 Saving config file
22:50:13 Saved config file successfully
22:50:13 saveConfig: auto-save-60s
22:50:13 Saving config file
22:50:13 Saved config file successfully
22:51:13 saveConfig: auto-save-60s
22:51:13 Saving config file
22:51:13 Saved config file successfully
22:51:13 saveConfig: auto-save-60s
22:51:13 Saving config file
22:51:13 Saved config file successfully
22:52:13 saveConfig: auto-save-60s
22:52:13 Saving config file
22:52:13 Saved config file successfully
22:52:13 saveConfig: auto-save-60s
22:52:13 Saving config file
22:52:13 Saved config file successfully
22:53:13 saveConfig: auto-save-60s
22:53:13 Saving config file
22:53:13 Saved config file successfully
22:53:13 saveConfig: auto-save-60s
22:53:13 Saving config file
22:53:13 Saved config file successfully
22:54:13 saveConfig: auto-save-60s
22:54:13 Saving config file
22:54:13 Saved config file successfully
22:54:13 saveConfig: auto-save-60s
22:54:13 Saving config file
22:54:13 Saved config file successfully
22:55:13 saveConfig: auto-save-60s
22:55:13 Saving config file
22:55:13 Saved config file successfully
22:55:13 saveConfig: auto-save-60s
22:55:13 Saving config file
22:55:13 Saved config file successfully
22:56:13 saveConfig: auto-save-60s
22:56:13 Saving config file
22:56:13 Saved config file successfully
22:56:13 saveConfig: auto-save-60s
22:56:13 Saving config file
22:56:13 Saved config file successfully
22:57:13 saveConfig: auto-save-60s
22:57:13 Saving config file
22:57:13 Saved config file successfully
22:57:13 saveConfig: auto-save-60s
22:57:13 Saving config file
22:57:13 Saved config file successfully
22:57:35 saveConfig: saving-data
22:57:35 Saving sacks file
22:57:35 Saved sacks file successfully
22:57:35 saveConfig: saving-data
22:57:35 Saving sacks file
22:57:35 Saved sacks file successfully
22:57:42 saveConfig: saving-data
22:57:42 Saving sacks file
22:57:42 Saved sacks file successfully
22:57:42 saveConfig: saving-data
22:57:42 Saving sacks file
22:57:42 Saved sacks file successfully
22:58:13 saveConfig: auto-save-60s
22:58:13 Saving config file
22:58:13 Saved config file successfully
22:58:13 saveConfig: auto-save-60s
22:58:13 Saving config file
22:58:13 Saved config file successfully
22:59:13 saveConfig: auto-save-60s
22:59:13 Saving config file
22:59:13 Saved config file successfully
22:59:13 saveConfig: auto-save-60s
22:59:13 Saving config file
22:59:13 Saved config file successfully
23:00:13 saveConfig: auto-save-60s
23:00:13 Saving config file
23:00:13 Saved config file successfully
23:00:13 saveConfig: auto-save-60s
23:00:13 Saving config file
23:00:13 Saved config file successfully
23:00:33 saveConfig: saving-data
23:00:33 Saving sacks file
23:00:33 Saved sacks file successfully
23:00:33 saveConfig: saving-data
23:00:33 Saving sacks file
23:00:33 Saved sacks file successfully
23:01:13 saveConfig: auto-save-60s
23:01:13 Saving config file
23:01:13 Saved config file successfully
23:01:13 saveConfig: auto-save-60s
23:01:13 Saving config file
23:01:13 Saved config file successfully
23:02:13 saveConfig: auto-save-60s
23:02:13 Saving config file
23:02:13 Saved config file successfully
23:02:13 saveConfig: auto-save-60s
23:02:13 Saving config file
23:02:13 Saved config file successfully
23:03:13 saveConfig: auto-save-60s
23:03:13 Saving config file
23:03:13 Saved config file successfully
23:03:13 saveConfig: auto-save-60s
23:03:13 Saving config file
23:03:13 Saved config file successfully
23:04:13 saveConfig: auto-save-60s
23:04:13 Saving config file
23:04:13 Saved config file successfully
23:04:13 saveConfig: auto-save-60s
23:04:13 Saving config file
23:04:13 Saved config file successfully
23:05:13 saveConfig: auto-save-60s
23:05:13 Saving config file
23:05:13 Saved config file successfully
23:05:13 saveConfig: auto-save-60s
23:05:13 Saving config file
23:05:13 Saved config file successfully
23:06:13 saveConfig: auto-save-60s
23:06:13 Saving config file
23:06:13 Saved config file successfully
23:06:13 saveConfig: auto-save-60s
23:06:13 Saving config file
23:06:13 Saved config file successfully
23:06:28 saveConfig: shutdown-hook
23:06:28 Saving config file
