09:57:45 Trying to load config from config\skyhanni\config.json
09:57:45 load-config-now
09:57:45 Loaded config from file
09:57:45 Trying to load sacks from config\skyhanni\sacks.json
09:57:45 load-sacks-now
09:57:45 Loaded sacks from file
09:57:45 Trying to load friends from config\skyhanni\friends.json
09:57:45 load-friends-now
09:57:45 Loaded friends from file
09:57:45 Trying to load known_features from config\skyhanni\known_features.json
09:57:45 load-known_features-now
09:57:45 Loaded known_features from file
09:57:45 Trying to load jacob_contests from config\skyhanni\jacob_contests.json
09:57:45 Setting jacob_contests to be blank as it did not exist. It will be saved once something is written to it
09:57:45 Trying to load visual_words from config\skyhanni\visual_words.json
09:57:45 Setting visual_words to be blank as it did not exist. It will be saved once something is written to it
09:58:45 saveConfig: auto-save-60s
09:58:45 Saving config file
09:58:46 Saved config file successfully
09:58:46 saveConfig: auto-save-60s
09:58:46 Saving config file
09:58:46 Saved config file successfully
09:59:46 saveConfig: auto-save-60s
09:59:46 Saving config file
09:59:46 Saved config file successfully
09:59:46 saveConfig: auto-save-60s
09:59:46 Saving config file
09:59:46 Saved config file successfully
10:00:45 saveConfig: auto-save-60s
10:00:45 Saving config file
10:00:46 Saved config file successfully
10:00:46 saveConfig: auto-save-60s
10:00:46 Saving config file
10:00:46 Saved config file successfully
10:01:11 saveConfig: Updated known feature flags
10:01:11 Saving known_features file
10:01:11 Saved known_features file successfully
10:01:11 saveConfig: Updated known feature flags
10:01:11 Saving known_features file
10:01:11 Saved known_features file successfully
10:01:45 saveConfig: auto-save-60s
10:01:45 Saving config file
10:01:46 Saved config file successfully
10:01:46 saveConfig: auto-save-60s
10:01:46 Saving config file
10:01:46 Saved config file successfully
10:02:45 saveConfig: auto-save-60s
10:02:45 Saving config file
10:02:45 Saved config file successfully
10:02:45 saveConfig: auto-save-60s
10:02:45 Saving config file
10:02:46 Saved config file successfully
10:03:45 saveConfig: auto-save-60s
10:03:45 Saving config file
10:03:46 Saved config file successfully
10:03:46 saveConfig: auto-save-60s
10:03:46 Saving config file
10:03:46 Saved config file successfully
10:04:45 saveConfig: auto-save-60s
10:04:45 Saving config file
10:04:45 Saved config file successfully
10:04:45 saveConfig: auto-save-60s
10:04:45 Saving config file
10:04:46 Saved config file successfully
10:05:45 saveConfig: auto-save-60s
10:05:45 Saving config file
10:05:46 Saved config file successfully
10:05:46 saveConfig: auto-save-60s
10:05:46 Saving config file
10:05:46 Saved config file successfully
10:06:45 saveConfig: auto-save-60s
10:06:45 Saving config file
10:06:46 Saved config file successfully
10:06:46 saveConfig: auto-save-60s
10:06:46 Saving config file
10:06:46 Saved config file successfully
10:06:57 saveConfig: saving-data
10:06:57 Saving sacks file
10:06:57 Saved sacks file successfully
10:06:57 saveConfig: saving-data
10:06:57 Saving sacks file
10:06:57 Saved sacks file successfully
10:07:19 saveConfig: saving-data
10:07:19 Saving sacks file
10:07:19 Saved sacks file successfully
10:07:19 saveConfig: saving-data
10:07:19 Saving sacks file
10:07:19 Saved sacks file successfully
10:07:37 saveConfig: saving-data
10:07:37 Saving sacks file
10:07:37 Saved sacks file successfully
10:07:37 saveConfig: saving-data
10:07:37 Saving sacks file
10:07:38 Saved sacks file successfully
10:07:45 saveConfig: auto-save-60s
10:07:45 Saving config file
10:07:46 Saved config file successfully
10:07:46 saveConfig: auto-save-60s
10:07:46 Saving config file
10:07:46 Saved config file successfully
10:07:49 saveConfig: saving-data
10:07:49 Saving sacks file
10:07:49 Saved sacks file successfully
10:07:49 saveConfig: saving-data
10:07:49 Saving sacks file
10:07:49 Saved sacks file successfully
10:07:55 saveConfig: saving-data
10:07:55 Saving sacks file
10:07:55 Saved sacks file successfully
10:07:55 saveConfig: saving-data
10:07:55 Saving sacks file
10:07:55 Saved sacks file successfully
10:08:24 saveConfig: saving-data
10:08:24 Saving sacks file
10:08:24 Saved sacks file successfully
10:08:24 saveConfig: saving-data
10:08:24 Saving sacks file
10:08:24 Saved sacks file successfully
10:08:32 saveConfig: saving-data
10:08:32 Saving sacks file
10:08:32 Saved sacks file successfully
10:08:32 saveConfig: saving-data
10:08:32 Saving sacks file
10:08:32 Saved sacks file successfully
10:08:45 saveConfig: auto-save-60s
10:08:45 Saving config file
10:08:45 Saved config file successfully
10:08:45 saveConfig: auto-save-60s
10:08:45 Saving config file
10:08:46 Saved config file successfully
10:08:48 saveConfig: saving-data
10:08:48 Saving sacks file
10:08:48 Saved sacks file successfully
10:08:48 saveConfig: saving-data
10:08:48 Saving sacks file
10:08:48 Saved sacks file successfully
10:08:54 saveConfig: saving-data
10:08:54 Saving sacks file
10:08:54 Saved sacks file successfully
10:08:54 saveConfig: saving-data
10:08:54 Saving sacks file
10:08:54 Saved sacks file successfully
10:09:07 saveConfig: saving-data
10:09:07 Saving sacks file
10:09:07 Saved sacks file successfully
10:09:07 saveConfig: saving-data
10:09:07 Saving sacks file
10:09:07 Saved sacks file successfully
10:09:13 saveConfig: saving-data
10:09:13 Saving sacks file
10:09:13 Saved sacks file successfully
10:09:13 saveConfig: saving-data
10:09:13 Saving sacks file
10:09:13 Saved sacks file successfully
10:09:28 saveConfig: saving-data
10:09:28 Saving sacks file
10:09:28 Saved sacks file successfully
10:09:28 saveConfig: saving-data
10:09:28 Saving sacks file
10:09:28 Saved sacks file successfully
10:09:38 saveConfig: saving-data
10:09:38 Saving sacks file
10:09:38 Saved sacks file successfully
10:09:38 saveConfig: saving-data
10:09:38 Saving sacks file
10:09:38 Saved sacks file successfully
10:09:45 saveConfig: auto-save-60s
10:09:45 Saving config file
10:09:46 Saved config file successfully
10:09:46 saveConfig: auto-save-60s
10:09:46 Saving config file
10:09:46 Saved config file successfully
10:09:50 saveConfig: saving-data
10:09:50 Saving sacks file
10:09:50 Saved sacks file successfully
10:09:50 saveConfig: saving-data
10:09:50 Saving sacks file
10:09:50 Saved sacks file successfully
10:09:57 saveConfig: saving-data
10:09:57 Saving sacks file
10:09:57 Saved sacks file successfully
10:09:57 saveConfig: saving-data
10:09:57 Saving sacks file
10:09:57 Saved sacks file successfully
10:10:39 saveConfig: saving-data
10:10:39 Saving sacks file
10:10:39 Saved sacks file successfully
10:10:39 saveConfig: saving-data
10:10:39 Saving sacks file
10:10:39 Saved sacks file successfully
10:10:45 saveConfig: auto-save-60s
10:10:45 Saving config file
10:10:46 Saved config file successfully
10:10:46 saveConfig: auto-save-60s
10:10:46 Saving config file
10:10:46 Saved config file successfully
10:11:12 saveConfig: saving-data
10:11:12 Saving sacks file
10:11:12 Saved sacks file successfully
10:11:12 saveConfig: saving-data
10:11:12 Saving sacks file
10:11:12 Saved sacks file successfully
10:11:24 saveConfig: saving-data
10:11:24 Saving sacks file
10:11:24 Saved sacks file successfully
10:11:24 saveConfig: saving-data
10:11:24 Saving sacks file
10:11:24 Saved sacks file successfully
10:11:44 saveConfig: saving-data
10:11:44 Saving sacks file
10:11:44 Saved sacks file successfully
10:11:44 saveConfig: saving-data
10:11:44 Saving sacks file
10:11:44 Saved sacks file successfully
10:11:45 saveConfig: auto-save-60s
10:11:45 Saving config file
10:11:45 Saved config file successfully
10:11:45 saveConfig: auto-save-60s
10:11:45 Saving config file
10:11:46 Saved config file successfully
10:11:51 saveConfig: saving-data
10:11:51 Saving sacks file
10:11:51 Saved sacks file successfully
10:11:51 saveConfig: saving-data
10:11:51 Saving sacks file
10:11:51 Saved sacks file successfully
10:12:05 saveConfig: saving-data
10:12:05 Saving sacks file
10:12:05 Saved sacks file successfully
10:12:05 saveConfig: saving-data
10:12:05 Saving sacks file
10:12:05 Saved sacks file successfully
10:12:16 saveConfig: saving-data
10:12:16 Saving sacks file
10:12:16 Saved sacks file successfully
10:12:16 saveConfig: saving-data
10:12:16 Saving sacks file
10:12:16 Saved sacks file successfully
10:12:30 saveConfig: saving-data
10:12:30 Saving sacks file
10:12:30 Saved sacks file successfully
10:12:30 saveConfig: saving-data
10:12:30 Saving sacks file
10:12:30 Saved sacks file successfully
10:12:40 saveConfig: saving-data
10:12:40 Saving sacks file
10:12:40 Saved sacks file successfully
10:12:40 saveConfig: saving-data
10:12:40 Saving sacks file
10:12:40 Saved sacks file successfully
10:12:45 saveConfig: auto-save-60s
10:12:45 Saving config file
10:12:45 Saved config file successfully
10:12:45 saveConfig: auto-save-60s
10:12:45 Saving config file
10:12:46 Saved config file successfully
10:13:22 saveConfig: saving-data
10:13:22 Saving sacks file
10:13:22 Saved sacks file successfully
10:13:22 saveConfig: saving-data
10:13:22 Saving sacks file
10:13:22 Saved sacks file successfully
10:13:40 saveConfig: saving-data
10:13:40 Saving sacks file
10:13:40 Saved sacks file successfully
10:13:40 saveConfig: saving-data
10:13:40 Saving sacks file
10:13:40 Saved sacks file successfully
10:13:45 saveConfig: auto-save-60s
10:13:45 Saving config file
10:13:45 Saved config file successfully
10:13:45 saveConfig: auto-save-60s
10:13:45 Saving config file
10:13:46 Saved config file successfully
10:13:51 saveConfig: saving-data
10:13:51 Saving sacks file
10:13:51 Saved sacks file successfully
10:13:51 saveConfig: saving-data
10:13:51 Saving sacks file
10:13:51 Saved sacks file successfully
10:14:41 saveConfig: saving-data
10:14:41 Saving sacks file
10:14:41 Saved sacks file successfully
10:14:41 saveConfig: saving-data
10:14:41 Saving sacks file
10:14:41 Saved sacks file successfully
10:14:45 saveConfig: auto-save-60s
10:14:45 Saving config file
10:14:45 Saved config file successfully
10:14:45 saveConfig: auto-save-60s
10:14:45 Saving config file
10:14:46 Saved config file successfully
10:15:05 saveConfig: saving-data
10:15:05 Saving sacks file
10:15:05 Saved sacks file successfully
10:15:05 saveConfig: saving-data
10:15:05 Saving sacks file
10:15:05 Saved sacks file successfully
10:15:12 saveConfig: saving-data
10:15:12 Saving sacks file
10:15:12 Saved sacks file successfully
10:15:12 saveConfig: saving-data
10:15:12 Saving sacks file
10:15:12 Saved sacks file successfully
10:15:29 saveConfig: saving-data
10:15:29 Saving sacks file
10:15:29 Saved sacks file successfully
10:15:29 saveConfig: saving-data
10:15:29 Saving sacks file
10:15:29 Saved sacks file successfully
10:15:45 saveConfig: auto-save-60s
10:15:45 Saving config file
10:15:46 Saved config file successfully
10:15:46 saveConfig: auto-save-60s
10:15:46 Saving config file
10:15:46 Saved config file successfully
10:15:46 saveConfig: saving-data
10:15:46 Saving sacks file
10:15:46 Saved sacks file successfully
10:15:46 saveConfig: saving-data
10:15:46 Saving sacks file
10:15:46 Saved sacks file successfully
10:15:53 saveConfig: saving-data
10:15:53 Saving sacks file
10:15:53 Saved sacks file successfully
10:15:53 saveConfig: saving-data
10:15:53 Saving sacks file
10:15:53 Saved sacks file successfully
10:16:16 saveConfig: saving-data
10:16:16 Saving sacks file
10:16:16 Saved sacks file successfully
10:16:16 saveConfig: saving-data
10:16:16 Saving sacks file
10:16:16 Saved sacks file successfully
10:16:25 saveConfig: saving-data
10:16:25 Saving sacks file
10:16:25 Saved sacks file successfully
10:16:25 saveConfig: saving-data
10:16:25 Saving sacks file
10:16:25 Saved sacks file successfully
10:16:45 saveConfig: auto-save-60s
10:16:45 Saving config file
10:16:46 Saved config file successfully
10:16:46 saveConfig: auto-save-60s
10:16:46 Saving config file
10:16:46 Saved config file successfully
10:17:26 saveConfig: saving-data
10:17:26 Saving sacks file
10:17:26 Saved sacks file successfully
10:17:26 saveConfig: saving-data
10:17:26 Saving sacks file
10:17:26 Saved sacks file successfully
10:17:45 saveConfig: auto-save-60s
10:17:45 Saving config file
10:17:46 Saved config file successfully
10:17:46 saveConfig: auto-save-60s
10:17:46 Saving config file
10:17:46 Saved config file successfully
10:17:56 saveConfig: saving-data
10:17:56 Saving sacks file
10:17:56 Saved sacks file successfully
10:17:56 saveConfig: saving-data
10:17:56 Saving sacks file
10:17:56 Saved sacks file successfully
10:18:02 saveConfig: saving-data
10:18:02 Saving sacks file
10:18:02 Saved sacks file successfully
10:18:02 saveConfig: saving-data
10:18:02 Saving sacks file
10:18:02 Saved sacks file successfully
10:18:11 saveConfig: saving-data
10:18:11 Saving sacks file
10:18:11 Saved sacks file successfully
10:18:11 saveConfig: saving-data
10:18:11 Saving sacks file
10:18:11 Saved sacks file successfully
10:18:45 saveConfig: auto-save-60s
10:18:45 Saving config file
10:18:45 Saved config file successfully
10:18:45 saveConfig: auto-save-60s
10:18:45 Saving config file
10:18:46 Saved config file successfully
10:19:45 saveConfig: auto-save-60s
10:19:45 Saving config file
10:19:45 Saved config file successfully
10:19:45 saveConfig: auto-save-60s
10:19:45 Saving config file
10:19:46 Saved config file successfully
10:20:45 saveConfig: auto-save-60s
10:20:45 Saving config file
10:20:45 Saved config file successfully
10:20:45 saveConfig: auto-save-60s
10:20:45 Saving config file
10:20:46 Saved config file successfully
10:21:45 saveConfig: auto-save-60s
10:21:45 Saving config file
10:21:45 Saved config file successfully
10:21:45 saveConfig: auto-save-60s
10:21:45 Saving config file
10:21:46 Saved config file successfully
10:22:45 saveConfig: auto-save-60s
10:22:45 Saving config file
10:22:45 Saved config file successfully
10:22:45 saveConfig: auto-save-60s
10:22:45 Saving config file
10:22:46 Saved config file successfully
10:23:45 saveConfig: auto-save-60s
10:23:45 Saving config file
10:23:45 Saved config file successfully
10:23:45 saveConfig: auto-save-60s
10:23:45 Saving config file
10:23:46 Saved config file successfully
10:24:45 saveConfig: auto-save-60s
10:24:45 Saving config file
10:24:45 Saved config file successfully
10:24:45 saveConfig: auto-save-60s
10:24:45 Saving config file
10:24:46 Saved config file successfully
10:25:45 saveConfig: auto-save-60s
10:25:45 Saving config file
10:25:45 Saved config file successfully
10:25:45 saveConfig: auto-save-60s
10:25:45 Saving config file
10:25:46 Saved config file successfully
10:26:45 saveConfig: auto-save-60s
10:26:45 Saving config file
10:26:45 Saved config file successfully
10:26:45 saveConfig: auto-save-60s
10:26:45 Saving config file
10:26:46 Saved config file successfully
10:27:45 saveConfig: auto-save-60s
10:27:45 Saving config file
10:27:45 Saved config file successfully
10:27:45 saveConfig: auto-save-60s
10:27:45 Saving config file
10:27:46 Saved config file successfully
10:28:45 saveConfig: auto-save-60s
10:28:45 Saving config file
10:28:45 Saved config file successfully
10:28:45 saveConfig: auto-save-60s
10:28:45 Saving config file
10:28:46 Saved config file successfully
10:29:45 saveConfig: auto-save-60s
10:29:45 Saving config file
10:29:45 Saved config file successfully
10:29:45 saveConfig: auto-save-60s
10:29:45 Saving config file
10:29:46 Saved config file successfully
10:30:45 saveConfig: auto-save-60s
10:30:45 Saving config file
10:30:45 Saved config file successfully
10:30:45 saveConfig: auto-save-60s
10:30:45 Saving config file
10:30:46 Saved config file successfully
10:31:18 saveConfig: saving-data
10:31:18 Saving sacks file
10:31:18 Saved sacks file successfully
10:31:18 saveConfig: saving-data
10:31:18 Saving sacks file
10:31:18 Saved sacks file successfully
10:31:28 saveConfig: saving-data
10:31:28 Saving sacks file
10:31:28 Saved sacks file successfully
10:31:28 saveConfig: saving-data
10:31:28 Saving sacks file
10:31:28 Saved sacks file successfully
10:31:45 saveConfig: auto-save-60s
10:31:45 Saving config file
10:31:45 Saved config file successfully
10:31:45 saveConfig: auto-save-60s
10:31:45 Saving config file
10:31:46 Saved config file successfully
10:32:02 saveConfig: saving-data
10:32:02 Saving sacks file
10:32:02 Saved sacks file successfully
10:32:02 saveConfig: saving-data
10:32:02 Saving sacks file
10:32:02 Saved sacks file successfully
10:32:43 saveConfig: saving-data
10:32:43 Saving sacks file
10:32:43 Saved sacks file successfully
10:32:43 saveConfig: saving-data
10:32:43 Saving sacks file
10:32:43 Saved sacks file successfully
10:32:45 saveConfig: auto-save-60s
10:32:45 Saving config file
10:32:45 Saved config file successfully
10:32:45 saveConfig: auto-save-60s
10:32:45 Saving config file
10:32:46 Saved config file successfully
10:33:21 saveConfig: saving-data
10:33:21 Saving sacks file
10:33:21 Saved sacks file successfully
10:33:21 saveConfig: saving-data
10:33:21 Saving sacks file
10:33:21 Saved sacks file successfully
10:33:45 saveConfig: auto-save-60s
10:33:45 Saving config file
10:33:45 Saved config file successfully
10:33:45 saveConfig: auto-save-60s
10:33:45 Saving config file
10:33:46 Saved config file successfully
10:33:51 saveConfig: saving-data
10:33:51 Saving sacks file
10:33:51 Saved sacks file successfully
10:33:51 saveConfig: saving-data
10:33:51 Saving sacks file
10:33:51 Saved sacks file successfully
10:34:13 saveConfig: saving-data
10:34:13 Saving sacks file
10:34:13 Saved sacks file successfully
10:34:13 saveConfig: saving-data
10:34:13 Saving sacks file
10:34:13 Saved sacks file successfully
10:34:19 saveConfig: saving-data
10:34:19 Saving sacks file
10:34:19 Saved sacks file successfully
10:34:19 saveConfig: saving-data
10:34:19 Saving sacks file
10:34:19 Saved sacks file successfully
10:34:45 saveConfig: auto-save-60s
10:34:45 Saving config file
10:34:45 Saved config file successfully
10:34:45 saveConfig: auto-save-60s
10:34:45 Saving config file
10:34:46 Saved config file successfully
10:34:47 saveConfig: saving-data
10:34:47 Saving sacks file
10:34:47 Saved sacks file successfully
10:34:47 saveConfig: saving-data
10:34:47 Saving sacks file
10:34:47 Saved sacks file successfully
10:35:02 saveConfig: saving-data
10:35:02 Saving sacks file
10:35:02 Saved sacks file successfully
10:35:02 saveConfig: saving-data
10:35:02 Saving sacks file
10:35:02 Saved sacks file successfully
10:35:13 saveConfig: saving-data
10:35:13 Saving sacks file
10:35:13 Saved sacks file successfully
10:35:13 saveConfig: saving-data
10:35:13 Saving sacks file
10:35:13 Saved sacks file successfully
10:35:20 saveConfig: saving-data
10:35:20 Saving sacks file
10:35:20 Saved sacks file successfully
10:35:20 saveConfig: saving-data
10:35:20 Saving sacks file
10:35:20 Saved sacks file successfully
10:35:36 saveConfig: saving-data
10:35:36 Saving sacks file
10:35:36 Saved sacks file successfully
10:35:36 saveConfig: saving-data
10:35:36 Saving sacks file
10:35:36 Saved sacks file successfully
10:35:45 saveConfig: auto-save-60s
10:35:45 Saving config file
10:35:45 Saved config file successfully
10:35:45 saveConfig: auto-save-60s
10:35:45 Saving config file
10:35:46 Saved config file successfully
10:35:50 saveConfig: saving-data
10:35:50 Saving sacks file
10:35:50 Saved sacks file successfully
10:35:50 saveConfig: saving-data
10:35:50 Saving sacks file
10:35:50 Saved sacks file successfully
10:36:21 saveConfig: saving-data
10:36:21 Saving sacks file
10:36:21 Saved sacks file successfully
10:36:21 saveConfig: saving-data
10:36:21 Saving sacks file
10:36:21 Saved sacks file successfully
10:36:45 saveConfig: auto-save-60s
10:36:45 Saving config file
10:36:45 Saved config file successfully
10:36:45 saveConfig: auto-save-60s
10:36:45 Saving config file
10:36:46 Saved config file successfully
10:36:47 saveConfig: saving-data
10:36:47 Saving sacks file
10:36:47 Saved sacks file successfully
10:36:47 saveConfig: saving-data
10:36:47 Saving sacks file
10:36:47 Saved sacks file successfully
10:36:54 saveConfig: saving-data
10:36:54 Saving sacks file
10:36:54 Saved sacks file successfully
10:36:54 saveConfig: saving-data
10:36:54 Saving sacks file
10:36:54 Saved sacks file successfully
10:37:12 saveConfig: saving-data
10:37:12 Saving sacks file
10:37:12 Saved sacks file successfully
10:37:12 saveConfig: saving-data
10:37:12 Saving sacks file
10:37:12 Saved sacks file successfully
10:37:45 saveConfig: auto-save-60s
10:37:45 Saving config file
10:37:45 Saved config file successfully
10:37:45 saveConfig: auto-save-60s
10:37:45 Saving config file
10:37:46 Saved config file successfully
10:38:45 saveConfig: auto-save-60s
10:38:45 Saving config file
10:38:46 Saved config file successfully
10:38:46 saveConfig: auto-save-60s
10:38:46 Saving config file
10:38:46 Saved config file successfully
10:39:45 saveConfig: auto-save-60s
10:39:45 Saving config file
10:39:45 Saved config file successfully
10:39:45 saveConfig: auto-save-60s
10:39:45 Saving config file
10:39:46 Saved config file successfully
10:40:45 saveConfig: auto-save-60s
10:40:45 Saving config file
10:40:46 Saved config file successfully
10:40:46 saveConfig: auto-save-60s
10:40:46 Saving config file
10:40:46 Saved config file successfully
10:41:44 saveConfig: saving-data
10:41:44 Saving sacks file
10:41:44 Saved sacks file successfully
10:41:44 saveConfig: saving-data
10:41:44 Saving sacks file
10:41:44 Saved sacks file successfully
10:41:45 saveConfig: auto-save-60s
10:41:45 Saving config file
10:41:45 Saved config file successfully
10:41:45 saveConfig: auto-save-60s
10:41:45 Saving config file
10:41:46 Saved config file successfully
10:42:21 saveConfig: saving-data
10:42:21 Saving sacks file
10:42:21 Saved sacks file successfully
10:42:21 saveConfig: saving-data
10:42:21 Saving sacks file
10:42:21 Saved sacks file successfully
10:42:45 saveConfig: auto-save-60s
10:42:45 Saving config file
10:42:45 Saved config file successfully
10:42:45 saveConfig: auto-save-60s
10:42:45 Saving config file
10:42:46 Saved config file successfully
10:43:22 saveConfig: saving-data
10:43:22 Saving sacks file
10:43:22 Saved sacks file successfully
10:43:22 saveConfig: saving-data
10:43:22 Saving sacks file
10:43:22 Saved sacks file successfully
10:43:45 saveConfig: auto-save-60s
10:43:45 Saving config file
10:43:45 Saved config file successfully
10:43:45 saveConfig: auto-save-60s
10:43:45 Saving config file
10:43:46 Saved config file successfully
10:44:45 saveConfig: auto-save-60s
10:44:45 Saving config file
10:44:46 Saved config file successfully
10:44:46 saveConfig: auto-save-60s
10:44:46 Saving config file
10:44:46 Saved config file successfully
10:45:45 saveConfig: auto-save-60s
10:45:45 Saving config file
10:45:45 Saved config file successfully
10:45:45 saveConfig: auto-save-60s
10:45:45 Saving config file
10:45:46 Saved config file successfully
10:46:45 saveConfig: auto-save-60s
10:46:45 Saving config file
10:46:45 Saved config file successfully
10:46:45 saveConfig: auto-save-60s
10:46:45 Saving config file
10:46:46 Saved config file successfully
10:47:45 saveConfig: auto-save-60s
10:47:45 Saving config file
10:47:45 Saved config file successfully
10:47:45 saveConfig: auto-save-60s
10:47:45 Saving config file
10:47:46 Saved config file successfully
10:47:54 saveConfig: saving-data
10:47:54 Saving sacks file
10:47:54 Saved sacks file successfully
10:47:54 saveConfig: saving-data
10:47:54 Saving sacks file
10:47:54 Saved sacks file successfully
10:48:45 saveConfig: auto-save-60s
10:48:45 Saving config file
10:48:46 Saved config file successfully
10:48:46 saveConfig: auto-save-60s
10:48:46 Saving config file
10:48:46 Saved config file successfully
10:49:18 saveConfig: saving-data
10:49:18 Saving sacks file
10:49:18 Saved sacks file successfully
10:49:18 saveConfig: saving-data
10:49:18 Saving sacks file
10:49:18 Saved sacks file successfully
10:49:32 saveConfig: saving-data
10:49:32 Saving sacks file
10:49:32 Saved sacks file successfully
10:49:32 saveConfig: saving-data
10:49:32 Saving sacks file
10:49:32 Saved sacks file successfully
10:49:44 saveConfig: saving-data
10:49:44 Saving sacks file
10:49:44 Saved sacks file successfully
10:49:44 saveConfig: saving-data
10:49:44 Saving sacks file
10:49:44 Saved sacks file successfully
10:49:45 saveConfig: auto-save-60s
10:49:45 Saving config file
10:49:45 Saved config file successfully
10:49:45 saveConfig: auto-save-60s
10:49:45 Saving config file
10:49:46 Saved config file successfully
10:49:52 saveConfig: saving-data
10:49:52 Saving sacks file
10:49:52 Saved sacks file successfully
10:49:52 saveConfig: saving-data
10:49:52 Saving sacks file
10:49:52 Saved sacks file successfully
10:50:08 saveConfig: saving-data
10:50:08 Saving sacks file
10:50:08 Saved sacks file successfully
10:50:08 saveConfig: saving-data
10:50:08 Saving sacks file
10:50:08 Saved sacks file successfully
10:50:15 saveConfig: saving-data
10:50:15 Saving sacks file
10:50:15 Saved sacks file successfully
10:50:15 saveConfig: saving-data
10:50:15 Saving sacks file
10:50:15 Saved sacks file successfully
10:50:33 saveConfig: saving-data
10:50:33 Saving sacks file
10:50:33 Saved sacks file successfully
10:50:33 saveConfig: saving-data
10:50:33 Saving sacks file
10:50:33 Saved sacks file successfully
10:50:43 saveConfig: saving-data
10:50:43 Saving sacks file
10:50:43 Saved sacks file successfully
10:50:43 saveConfig: saving-data
10:50:43 Saving sacks file
10:50:43 Saved sacks file successfully
10:50:45 saveConfig: auto-save-60s
10:50:45 Saving config file
10:50:45 Saved config file successfully
10:50:45 saveConfig: auto-save-60s
10:50:45 Saving config file
10:50:46 Saved config file successfully
10:51:08 saveConfig: saving-data
10:51:08 Saving sacks file
10:51:08 Saved sacks file successfully
10:51:08 saveConfig: saving-data
10:51:08 Saving sacks file
10:51:08 Saved sacks file successfully
10:51:23 saveConfig: saving-data
10:51:23 Saving sacks file
10:51:23 Saved sacks file successfully
10:51:23 saveConfig: saving-data
10:51:23 Saving sacks file
10:51:23 Saved sacks file successfully
10:51:41 saveConfig: saving-data
10:51:41 Saving sacks file
10:51:41 Saved sacks file successfully
10:51:41 saveConfig: saving-data
10:51:41 Saving sacks file
10:51:41 Saved sacks file successfully
10:51:45 saveConfig: auto-save-60s
10:51:45 Saving config file
10:51:45 Saved config file successfully
10:51:45 saveConfig: auto-save-60s
10:51:45 Saving config file
10:51:46 Saved config file successfully
10:51:52 saveConfig: saving-data
10:51:52 Saving sacks file
10:51:52 Saved sacks file successfully
10:51:52 saveConfig: saving-data
10:51:52 Saving sacks file
10:51:52 Saved sacks file successfully
10:52:10 saveConfig: saving-data
10:52:10 Saving sacks file
10:52:10 Saved sacks file successfully
10:52:10 saveConfig: saving-data
10:52:10 Saving sacks file
10:52:10 Saved sacks file successfully
10:52:23 saveConfig: saving-data
10:52:23 Saving sacks file
10:52:23 Saved sacks file successfully
10:52:23 saveConfig: saving-data
10:52:23 Saving sacks file
10:52:23 Saved sacks file successfully
10:52:45 saveConfig: auto-save-60s
10:52:45 Saving config file
10:52:45 Saved config file successfully
10:52:45 saveConfig: auto-save-60s
10:52:45 Saving config file
10:52:46 Saved config file successfully
10:53:01 saveConfig: saving-data
10:53:01 Saving sacks file
10:53:01 Saved sacks file successfully
10:53:01 saveConfig: saving-data
10:53:01 Saving sacks file
10:53:01 Saved sacks file successfully
10:53:07 saveConfig: saving-data
10:53:07 Saving sacks file
10:53:07 Saved sacks file successfully
10:53:07 saveConfig: saving-data
10:53:07 Saving sacks file
10:53:07 Saved sacks file successfully
10:53:45 saveConfig: auto-save-60s
10:53:45 Saving config file
10:53:46 Saved config file successfully
10:53:46 saveConfig: auto-save-60s
10:53:46 Saving config file
10:53:46 Saved config file successfully
10:53:59 saveConfig: saving-data
10:53:59 Saving sacks file
10:53:59 Saved sacks file successfully
10:53:59 saveConfig: saving-data
10:53:59 Saving sacks file
10:53:59 Saved sacks file successfully
10:54:32 saveConfig: saving-data
10:54:32 Saving sacks file
10:54:32 Saved sacks file successfully
10:54:32 saveConfig: saving-data
10:54:32 Saving sacks file
10:54:32 Saved sacks file successfully
10:54:45 saveConfig: auto-save-60s
10:54:45 Saving config file
10:54:45 Saved config file successfully
10:54:45 saveConfig: auto-save-60s
10:54:45 Saving config file
10:54:46 Saved config file successfully
10:54:50 saveConfig: saving-data
10:54:50 Saving sacks file
10:54:50 Saved sacks file successfully
10:54:50 saveConfig: saving-data
10:54:50 Saving sacks file
10:54:50 Saved sacks file successfully
10:54:59 saveConfig: saving-data
10:54:59 Saving sacks file
10:54:59 Saved sacks file successfully
10:54:59 saveConfig: saving-data
10:54:59 Saving sacks file
10:54:59 Saved sacks file successfully
10:55:21 saveConfig: saving-data
10:55:21 Saving sacks file
10:55:21 Saved sacks file successfully
10:55:21 saveConfig: saving-data
10:55:21 Saving sacks file
10:55:21 Saved sacks file successfully
10:55:45 saveConfig: auto-save-60s
10:55:45 Saving config file
10:55:45 Saved config file successfully
10:55:45 saveConfig: auto-save-60s
10:55:45 Saving config file
10:55:46 Saved config file successfully
10:55:52 saveConfig: saving-data
10:55:52 Saving sacks file
10:55:52 Saved sacks file successfully
10:55:52 saveConfig: saving-data
10:55:52 Saving sacks file
10:55:52 Saved sacks file successfully
10:56:45 saveConfig: auto-save-60s
10:56:45 Saving config file
10:56:45 Saved config file successfully
10:56:45 saveConfig: auto-save-60s
10:56:45 Saving config file
10:56:46 Saved config file successfully
10:57:45 saveConfig: auto-save-60s
10:57:45 Saving config file
10:57:45 Saved config file successfully
10:57:45 saveConfig: auto-save-60s
10:57:45 Saving config file
10:57:46 Saved config file successfully
10:58:45 saveConfig: auto-save-60s
10:58:45 Saving config file
10:58:45 Saved config file successfully
10:58:45 saveConfig: auto-save-60s
10:58:45 Saving config file
10:58:46 Saved config file successfully
10:59:45 saveConfig: auto-save-60s
10:59:45 Saving config file
10:59:45 Saved config file successfully
10:59:45 saveConfig: auto-save-60s
10:59:45 Saving config file
10:59:46 Saved config file successfully
11:00:28 saveConfig: saving-data
11:00:28 Saving sacks file
11:00:28 Saved sacks file successfully
11:00:28 saveConfig: saving-data
11:00:28 Saving sacks file
11:00:28 Saved sacks file successfully
11:00:45 saveConfig: auto-save-60s
11:00:45 Saving config file
11:00:45 Saved config file successfully
11:00:45 saveConfig: auto-save-60s
11:00:45 Saving config file
11:00:46 Saved config file successfully
11:01:45 saveConfig: auto-save-60s
11:01:45 Saving config file
11:01:45 Saved config file successfully
11:01:45 saveConfig: auto-save-60s
11:01:45 Saving config file
11:01:46 Saved config file successfully
11:02:45 saveConfig: auto-save-60s
11:02:45 Saving config file
11:02:46 Saved config file successfully
11:02:46 saveConfig: auto-save-60s
11:02:46 Saving config file
11:02:46 Saved config file successfully
11:03:45 saveConfig: auto-save-60s
11:03:45 Saving config file
11:03:46 Saved config file successfully
11:03:46 saveConfig: auto-save-60s
11:03:46 Saving config file
11:03:46 Saved config file successfully
11:04:45 saveConfig: auto-save-60s
11:04:45 Saving config file
11:04:46 Saved config file successfully
11:04:46 saveConfig: auto-save-60s
11:04:46 Saving config file
11:04:46 Saved config file successfully
11:04:48 saveConfig: saving-data
11:04:48 Saving sacks file
11:04:48 Saved sacks file successfully
11:04:48 saveConfig: saving-data
11:04:48 Saving sacks file
11:04:48 Saved sacks file successfully
11:04:59 saveConfig: saving-data
11:04:59 Saving sacks file
11:04:59 Saved sacks file successfully
11:04:59 saveConfig: saving-data
11:04:59 Saving sacks file
11:04:59 Saved sacks file successfully
11:05:45 saveConfig: auto-save-60s
11:05:45 Saving config file
11:05:46 Saved config file successfully
11:05:46 saveConfig: auto-save-60s
11:05:46 Saving config file
11:05:46 Saved config file successfully
11:06:45 saveConfig: auto-save-60s
11:06:45 Saving config file
11:06:46 Saved config file successfully
11:06:46 saveConfig: auto-save-60s
11:06:46 Saving config file
11:06:46 Saved config file successfully
11:07:34 saveConfig: saving-data
11:07:34 Saving sacks file
11:07:34 Saved sacks file successfully
11:07:34 saveConfig: saving-data
11:07:34 Saving sacks file
11:07:34 Saved sacks file successfully
11:07:45 saveConfig: auto-save-60s
11:07:45 Saving config file
11:07:46 Saved config file successfully
11:07:46 saveConfig: auto-save-60s
11:07:46 Saving config file
11:07:46 Saved config file successfully
11:08:45 saveConfig: auto-save-60s
11:08:45 Saving config file
11:08:46 Saved config file successfully
11:08:46 saveConfig: auto-save-60s
11:08:46 Saving config file
11:08:46 Saved config file successfully
11:09:45 saveConfig: auto-save-60s
11:09:45 Saving config file
11:09:46 Saved config file successfully
11:09:46 saveConfig: auto-save-60s
11:09:46 Saving config file
11:09:46 Saved config file successfully
11:10:45 saveConfig: auto-save-60s
11:10:45 Saving config file
11:10:46 Saved config file successfully
11:10:46 saveConfig: auto-save-60s
11:10:46 Saving config file
11:10:46 Saved config file successfully
11:11:45 saveConfig: auto-save-60s
11:11:45 Saving config file
11:11:46 Saved config file successfully
11:11:46 saveConfig: auto-save-60s
11:11:46 Saving config file
11:11:46 Saved config file successfully
11:12:45 saveConfig: auto-save-60s
11:12:45 Saving config file
11:12:46 Saved config file successfully
11:12:46 saveConfig: auto-save-60s
11:12:46 Saving config file
11:12:46 Saved config file successfully
11:13:45 saveConfig: auto-save-60s
11:13:45 Saving config file
11:13:46 Saved config file successfully
11:13:46 saveConfig: auto-save-60s
11:13:46 Saving config file
11:13:46 Saved config file successfully
11:14:45 saveConfig: auto-save-60s
11:14:45 Saving config file
11:14:46 Saved config file successfully
11:14:46 saveConfig: auto-save-60s
11:14:46 Saving config file
11:14:46 Saved config file successfully
11:15:45 saveConfig: auto-save-60s
11:15:45 Saving config file
11:15:46 Saved config file successfully
11:15:46 saveConfig: auto-save-60s
11:15:46 Saving config file
11:15:46 Saved config file successfully
11:16:45 saveConfig: auto-save-60s
11:16:45 Saving config file
11:16:46 Saved config file successfully
11:16:46 saveConfig: auto-save-60s
11:16:46 Saving config file
11:16:46 Saved config file successfully
11:17:45 saveConfig: auto-save-60s
11:17:45 Saving config file
11:17:46 Saved config file successfully
11:17:46 saveConfig: auto-save-60s
11:17:46 Saving config file
11:17:46 Saved config file successfully
11:18:45 saveConfig: auto-save-60s
11:18:45 Saving config file
11:18:46 Saved config file successfully
11:18:46 saveConfig: auto-save-60s
11:18:46 Saving config file
11:18:46 Saved config file successfully
11:19:45 saveConfig: auto-save-60s
11:19:45 Saving config file
11:19:45 Saved config file successfully
11:19:45 saveConfig: auto-save-60s
11:19:45 Saving config file
11:19:46 Saved config file successfully
11:20:45 saveConfig: auto-save-60s
11:20:45 Saving config file
11:20:46 Saved config file successfully
11:20:46 saveConfig: auto-save-60s
11:20:46 Saving config file
11:20:46 Saved config file successfully
11:21:45 saveConfig: auto-save-60s
11:21:45 Saving config file
11:21:46 Saved config file successfully
11:21:46 saveConfig: auto-save-60s
11:21:46 Saving config file
11:21:46 Saved config file successfully
11:22:45 saveConfig: auto-save-60s
11:22:45 Saving config file
11:22:46 Saved config file successfully
11:22:46 saveConfig: auto-save-60s
11:22:46 Saving config file
11:22:46 Saved config file successfully
11:23:45 saveConfig: auto-save-60s
11:23:45 Saving config file
11:23:46 Saved config file successfully
11:23:46 saveConfig: auto-save-60s
11:23:46 Saving config file
11:23:46 Saved config file successfully
11:24:38 saveConfig: Save contests
11:24:38 Saving jacob_contests file
11:24:38 Saved jacob_contests file successfully
11:24:38 saveConfig: Save contests
11:24:38 Saving jacob_contests file
11:24:38 Saved jacob_contests file successfully
11:24:45 saveConfig: auto-save-60s
11:24:45 Saving config file
11:24:45 Saved config file successfully
11:24:45 saveConfig: auto-save-60s
11:24:45 Saving config file
11:24:46 Saved config file successfully
11:25:45 saveConfig: auto-save-60s
11:25:45 Saving config file
11:25:45 Saved config file successfully
11:25:45 saveConfig: auto-save-60s
11:25:45 Saving config file
11:25:46 Saved config file successfully
11:26:45 saveConfig: auto-save-60s
11:26:45 Saving config file
11:26:45 Saved config file successfully
11:26:45 saveConfig: auto-save-60s
11:26:45 Saving config file
11:26:46 Saved config file successfully
11:27:45 saveConfig: auto-save-60s
11:27:45 Saving config file
11:27:45 Saved config file successfully
11:27:45 saveConfig: auto-save-60s
11:27:45 Saving config file
11:27:46 Saved config file successfully
11:28:45 saveConfig: auto-save-60s
11:28:45 Saving config file
11:28:46 Saved config file successfully
11:28:46 saveConfig: auto-save-60s
11:28:46 Saving config file
11:28:46 Saved config file successfully
11:29:45 saveConfig: auto-save-60s
11:29:45 Saving config file
11:29:45 Saved config file successfully
11:29:45 saveConfig: auto-save-60s
11:29:45 Saving config file
11:29:46 Saved config file successfully
11:30:45 saveConfig: auto-save-60s
11:30:45 Saving config file
11:30:45 Saved config file successfully
11:30:45 saveConfig: auto-save-60s
11:30:45 Saving config file
11:30:46 Saved config file successfully
11:31:45 saveConfig: auto-save-60s
11:31:45 Saving config file
11:31:45 Saved config file successfully
11:31:45 saveConfig: auto-save-60s
11:31:45 Saving config file
11:31:46 Saved config file successfully
11:32:45 saveConfig: auto-save-60s
11:32:45 Saving config file
11:32:45 Saved config file successfully
11:32:45 saveConfig: auto-save-60s
11:32:45 Saving config file
11:32:46 Saved config file successfully
11:33:45 saveConfig: auto-save-60s
11:33:45 Saving config file
11:33:46 Saved config file successfully
11:33:46 saveConfig: auto-save-60s
11:33:46 Saving config file
11:33:46 Saved config file successfully
11:34:45 saveConfig: auto-save-60s
11:34:45 Saving config file
11:34:46 Saved config file successfully
11:34:46 saveConfig: auto-save-60s
11:34:46 Saving config file
11:34:46 Saved config file successfully
11:35:45 saveConfig: auto-save-60s
11:35:45 Saving config file
11:35:45 Saved config file successfully
11:35:45 saveConfig: auto-save-60s
11:35:45 Saving config file
11:35:46 Saved config file successfully
11:36:45 saveConfig: auto-save-60s
11:36:45 Saving config file
11:36:46 Saved config file successfully
11:36:46 saveConfig: auto-save-60s
11:36:46 Saving config file
11:36:46 Saved config file successfully
11:37:45 saveConfig: auto-save-60s
11:37:45 Saving config file
11:37:45 Saved config file successfully
11:37:45 saveConfig: auto-save-60s
11:37:45 Saving config file
11:37:46 Saved config file successfully
11:38:45 saveConfig: auto-save-60s
11:38:45 Saving config file
11:38:45 Saved config file successfully
11:38:45 saveConfig: auto-save-60s
11:38:45 Saving config file
11:38:46 Saved config file successfully
11:39:45 saveConfig: auto-save-60s
11:39:45 Saving config file
11:39:46 Saved config file successfully
11:39:46 saveConfig: auto-save-60s
11:39:46 Saving config file
11:39:46 Saved config file successfully
11:40:45 saveConfig: auto-save-60s
11:40:45 Saving config file
11:40:46 Saved config file successfully
11:40:46 saveConfig: auto-save-60s
11:40:46 Saving config file
11:40:46 Saved config file successfully
11:41:45 saveConfig: auto-save-60s
11:41:45 Saving config file
11:41:46 Saved config file successfully
11:41:46 saveConfig: auto-save-60s
11:41:46 Saving config file
11:41:46 Saved config file successfully
11:42:45 saveConfig: auto-save-60s
11:42:45 Saving config file
11:42:45 Saved config file successfully
11:42:45 saveConfig: auto-save-60s
11:42:45 Saving config file
11:42:46 Saved config file successfully
11:43:45 saveConfig: auto-save-60s
11:43:45 Saving config file
11:43:45 Saved config file successfully
11:43:45 saveConfig: auto-save-60s
11:43:45 Saving config file
11:43:46 Saved config file successfully
11:44:45 saveConfig: auto-save-60s
11:44:45 Saving config file
11:44:46 Saved config file successfully
11:44:46 saveConfig: auto-save-60s
11:44:46 Saving config file
11:44:46 Saved config file successfully
11:45:45 saveConfig: auto-save-60s
11:45:45 Saving config file
11:45:45 Saved config file successfully
11:45:45 saveConfig: auto-save-60s
11:45:45 Saving config file
11:45:46 Saved config file successfully
11:46:45 saveConfig: auto-save-60s
11:46:45 Saving config file
11:46:46 Saved config file successfully
11:46:46 saveConfig: auto-save-60s
11:46:46 Saving config file
11:46:46 Saved config file successfully
11:47:45 saveConfig: auto-save-60s
11:47:45 Saving config file
11:47:46 Saved config file successfully
11:47:46 saveConfig: auto-save-60s
11:47:46 Saving config file
11:47:46 Saved config file successfully
11:48:45 saveConfig: auto-save-60s
11:48:45 Saving config file
11:48:46 Saved config file successfully
11:48:46 saveConfig: auto-save-60s
11:48:46 Saving config file
11:48:46 Saved config file successfully
11:49:45 saveConfig: auto-save-60s
11:49:45 Saving config file
11:49:46 Saved config file successfully
11:49:46 saveConfig: auto-save-60s
11:49:46 Saving config file
11:49:46 Saved config file successfully
11:50:45 saveConfig: auto-save-60s
11:50:45 Saving config file
11:50:45 Saved config file successfully
11:50:45 saveConfig: auto-save-60s
11:50:45 Saving config file
11:50:46 Saved config file successfully
11:51:45 saveConfig: auto-save-60s
11:51:45 Saving config file
11:51:46 Saved config file successfully
11:51:46 saveConfig: auto-save-60s
11:51:46 Saving config file
11:51:46 Saved config file successfully
11:52:45 saveConfig: auto-save-60s
11:52:45 Saving config file
11:52:46 Saved config file successfully
11:52:46 saveConfig: auto-save-60s
11:52:46 Saving config file
11:52:46 Saved config file successfully
11:53:45 saveConfig: auto-save-60s
11:53:45 Saving config file
11:53:46 Saved config file successfully
11:53:46 saveConfig: auto-save-60s
11:53:46 Saving config file
11:53:46 Saved config file successfully
11:54:45 saveConfig: auto-save-60s
11:54:45 Saving config file
11:54:46 Saved config file successfully
11:54:46 saveConfig: auto-save-60s
11:54:46 Saving config file
11:54:46 Saved config file successfully
11:55:45 saveConfig: auto-save-60s
11:55:45 Saving config file
11:55:46 Saved config file successfully
11:55:46 saveConfig: auto-save-60s
11:55:46 Saving config file
11:55:46 Saved config file successfully
11:56:45 saveConfig: auto-save-60s
11:56:45 Saving config file
11:56:46 Saved config file successfully
11:56:46 saveConfig: auto-save-60s
11:56:46 Saving config file
11:56:46 Saved config file successfully
11:57:45 saveConfig: auto-save-60s
11:57:45 Saving config file
11:57:45 Saved config file successfully
11:57:45 saveConfig: auto-save-60s
11:57:45 Saving config file
11:57:46 Saved config file successfully
11:58:45 saveConfig: auto-save-60s
11:58:45 Saving config file
11:58:46 Saved config file successfully
11:58:46 saveConfig: auto-save-60s
11:58:46 Saving config file
11:58:46 Saved config file successfully
11:59:45 saveConfig: auto-save-60s
11:59:45 Saving config file
11:59:45 Saved config file successfully
11:59:45 saveConfig: auto-save-60s
11:59:45 Saving config file
11:59:46 Saved config file successfully
12:00:45 saveConfig: auto-save-60s
12:00:45 Saving config file
12:00:46 Saved config file successfully
12:00:46 saveConfig: auto-save-60s
12:00:46 Saving config file
12:00:46 Saved config file successfully
12:01:45 saveConfig: auto-save-60s
12:01:45 Saving config file
12:01:46 Saved config file successfully
12:01:46 saveConfig: auto-save-60s
12:01:46 Saving config file
12:01:46 Saved config file successfully
12:02:45 saveConfig: auto-save-60s
12:02:45 Saving config file
12:02:46 Saved config file successfully
12:02:46 saveConfig: auto-save-60s
12:02:46 Saving config file
12:02:46 Saved config file successfully
12:03:45 saveConfig: auto-save-60s
12:03:45 Saving config file
12:03:46 Saved config file successfully
12:03:46 saveConfig: auto-save-60s
12:03:46 Saving config file
12:03:46 Saved config file successfully
12:04:45 saveConfig: auto-save-60s
12:04:45 Saving config file
12:04:46 Saved config file successfully
12:04:46 saveConfig: auto-save-60s
12:04:46 Saving config file
12:04:46 Saved config file successfully
12:05:45 saveConfig: auto-save-60s
12:05:45 Saving config file
12:05:46 Saved config file successfully
12:05:46 saveConfig: auto-save-60s
12:05:46 Saving config file
12:05:46 Saved config file successfully
12:06:45 saveConfig: auto-save-60s
12:06:45 Saving config file
12:06:46 Saved config file successfully
12:06:46 saveConfig: auto-save-60s
12:06:46 Saving config file
12:06:46 Saved config file successfully
12:07:45 saveConfig: auto-save-60s
12:07:45 Saving config file
12:07:46 Saved config file successfully
12:07:46 saveConfig: auto-save-60s
12:07:46 Saving config file
12:07:46 Saved config file successfully
12:08:45 saveConfig: auto-save-60s
12:08:45 Saving config file
12:08:45 Saved config file successfully
12:08:45 saveConfig: auto-save-60s
12:08:45 Saving config file
12:08:46 Saved config file successfully
12:09:45 saveConfig: auto-save-60s
12:09:45 Saving config file
12:09:45 Saved config file successfully
12:09:45 saveConfig: auto-save-60s
12:09:45 Saving config file
12:09:46 Saved config file successfully
12:10:31 saveConfig: shutdown-hook
12:10:31 Saving config file
