18:11:30 [allowed] §f §r§r§r§f §r§r§r§1 §r§r§r§0 §r§r§r§2 §r§r§r§f §r§r§r§f §r§r§r§2 §r§r§r§0 §r§r§r§4 §r§r§r§3 §r§r§r§9 §r§r§r§2 §r§r§r§0 §r§r§r§0 §r§r§r§3 §r§r§r§9 §r§r§r§2 §r§r§r§0 §r§r§r§0 §r§r§r§3 §r§r§r§9 §r§r§r§2 §r§r§r§0 §r§r§r§0 
18:11:30 [allowed] §b[MVP§c+§b] GAMEME7§f §6joined the lobby!
18:11:30 [allowed] §aYou have §b4 §aunclaimed leveling rewards!
18:11:30 [allowed] §eClick here to view them!
18:11:30 [allowed] §aYou have §61 §aunclaimed achievement reward!
18:11:30 [allowed] §eClick here to view it!
18:11:30 [allowed] §9§m-----------------------------------------------------
18:11:30 [allowed] §cYou are not currently in a party.
18:11:30 [allowed] §9§m-----------------------------------------------------
18:11:31 [allowed] §b[MVP§c+§b] trokkie_§f §6joined the lobby!
18:11:31 [allowed]   §r§f§l➤ §r§6You have reached your Hype limit! Add Hype to Prototype Lobby minigames by right-clicking with the Hype Diamond!
18:11:31 [allowed] §b[MVP§9+§b] Squashguy64§f §6joined the lobby!
18:11:34 [allowed] §b[MVP§d+§b] Twardowsky§f §6joined the lobby!
18:11:35 [allowed] 
§r§f§l➔ §r§6§lWelcome to the Prototype Lobby§r
§r§aAll games in this lobby are currently in development.§r
§r§eClick here to leave feedback!§r§f ➤ §r§b§nhttps://hypixel.net/PTL

18:11:36 [allowed] §7Sending to server mini224U...
18:11:37 [allowed] §8 §r§8 §r§1 §r§3 §r§3 §r§7 §r§8 
18:11:39 [allowed] 
18:11:39 [allowed] §eWelcome to §r§aHypixel SkyBlock§r§e!
18:11:39 [allowed] 
18:11:39 [allowed] §eLatest update: §bSkyBlock v0.21.3 §e§lCLICK
18:11:40 [allowed] §aYou are playing on profile: §ePear§b (Co-op)
18:11:40 [allowed] §8Profile ID: 2797ee8a-6337-44f9-a30a-41314379be0d
18:11:41 [allowed] §6§lALLOWANCE! §r§eYou earned §r§650,000 coins§r§e!
18:11:59 [allowed] §7[§bSkyblockAddons§7] §aTIP: You can adjust the scaling with the mouse wheel and increase the ratio by holding Shift. With right mouse click you can change the scale of that feature to default. You can also move the hovered feature with the WASD or arrow keys. You can also open the settings by hovering your mouse over the feature you want to open the settings for and clicking the mouse wheel button.
18:12:39 [allowed] §f §r§r§r§f §r§r§r§1 §r§r§r§0 §r§r§r§2 §r§r§r§f §r§r§r§f §r§r§r§2 §r§r§r§0 §r§r§r§4 §r§r§r§3 §r§r§r§9 §r§r§r§2 §r§r§r§0 §r§r§r§0 §r§r§r§3 §r§r§r§9 §r§r§r§2 §r§r§r§0 §r§r§r§0 §r§r§r§3 §r§r§r§9 §r§r§r§2 §r§r§r§0 §r§r§r§0 
18:12:39 [allowed] §b✦ §r§7You earned §r§b18 §r§7Mystery Dust!
18:12:39 [allowed] §b[MVP§c+§b] GAMEME794§f §6joined the lobby!
18:12:39 [allowed] §b[MVP§c+§b] K0nradKA§f §6joined the lobby!
18:12:39 [allowed] §aYou have §b1 §aunclaimed leveling reward!
18:12:39 [allowed] §eClick here to view it!
18:12:39 [allowed] §aYou have §61 §aunclaimed achievement reward!
18:12:39 [allowed] §eClick here to view it!
18:12:45 [allowed] §7Sending to server mini151AH...
18:12:46 [allowed] §8 §r§8 §r§1 §r§3 §r§3 §r§7 §r§8 
18:12:48 [allowed] 
18:12:48 [allowed] §eWelcome to §r§aHypixel SkyBlock§r§e!
18:12:48 [allowed] 
18:12:48 [allowed] §eLatest update: §bSkyBlock v0.21.3 §e§lCLICK
18:12:49 [allowed] §aYou are playing on profile: §eCucumber
18:12:49 [allowed] §8Profile ID: d3b760d9-e0d9-41d4-8f47-31e118afcace
18:12:49 [allowed]  
18:12:50 [allowed]  
18:13:21 [allowed] §7Sending to server mini82T...
18:13:21 [allowed] §8 §r§8 §r§1 §r§3 §r§3 §r§7 §r§8 
18:13:24 [allowed] §aYou are playing on profile: §eCucumber
18:13:24 [allowed] §8Profile ID: d3b760d9-e0d9-41d4-8f47-31e118afcace
18:13:25 [allowed]  
18:13:38 [allowed] §7Your §r§aWishing Compass §r§7shattered into pieces!
18:13:46 [allowed] §7Your §r§aWishing Compass §r§7shattered into pieces!
18:14:04 [allowed]  
18:14:38 [allowed] §b§lCOMPACT! §r§fYou found an §r§aEnchanted Hard Stone§r§f!
18:14:44 [allowed] §aRolling miner granted you double drops!
18:14:47 [allowed] §d§lPRISTINE! §r§fYou found §r§a☘ Flawed Jade Gemstone §r§8x7§r§f!
18:15:05 [allowed]  
18:15:08 [allowed] §6[Sacks] §r§a+1,736§r§e items§r§e.§r§8 (Last 30s.)
18:15:27 [allowed] §aYou uncovered a treasure chest!
18:15:32 [allowed] §e§l▬▬▬▬▬▬▬▬▬▬▬▬▬▬▬▬▬▬▬▬▬▬▬▬▬▬▬▬▬▬▬▬▬▬▬▬▬▬▬▬▬▬▬▬▬▬▬▬▬▬▬▬▬▬▬▬▬▬▬▬▬▬▬▬
18:15:32 [allowed]   §r§6§lCHEST LOCKPICKED 
18:15:32 [allowed] 
18:15:32 [allowed]   §r§a§lREWARDS
18:15:32 [allowed]     §r§f☘ Rough Jade Gemstone §r§8x128
18:15:32 [allowed]     §r§dDiamond Essence
18:15:32 [allowed] §e§l▬▬▬▬▬▬▬▬▬▬▬▬▬▬▬▬▬▬▬▬▬▬▬▬▬▬▬▬▬▬▬▬▬▬▬▬▬▬▬▬▬▬▬▬▬▬▬▬▬▬▬▬▬▬▬▬▬▬▬▬▬▬▬▬
18:15:36 [allowed] §b§lCOMPACT! §r§fYou found an §r§aEnchanted Hard Stone§r§f!
18:15:36 [allowed] §aYou uncovered a treasure chest!
18:15:38 [allowed] §eYour armadillo is full of energy!
18:15:39 [allowed] §6[Sacks] §r§a+2,228§r§e items§r§e.§r§8 (Last 30s.)
18:15:59 [allowed] §e§l▬▬▬▬▬▬▬▬▬▬▬▬▬▬▬▬▬▬▬▬▬▬▬▬▬▬▬▬▬▬▬▬▬▬▬▬▬▬▬▬▬▬▬▬▬▬▬▬▬▬▬▬▬▬▬▬▬▬▬▬▬▬▬▬
18:15:59 [allowed]   §r§6§lCHEST LOCKPICKED 
18:15:59 [allowed] 
18:15:59 [allowed]   §r§a§lREWARDS
18:15:59 [allowed]     §r§f☘ Rough Jade Gemstone §r§8x80
18:15:59 [allowed]     §r§a☘ Flawed Jade Gemstone
18:15:59 [allowed]     §r§dDiamond Essence
18:15:59 [allowed]     §r§dGemstone Powder §r§8x222
18:15:59 [allowed] §e§l▬▬▬▬▬▬▬▬▬▬▬▬▬▬▬▬▬▬▬▬▬▬▬▬▬▬▬▬▬▬▬▬▬▬▬▬▬▬▬▬▬▬▬▬▬▬▬▬▬▬▬▬▬▬▬▬▬▬▬▬▬▬▬▬
18:16:05 [allowed] §6[Sacks] §r§a+81§r§e items§r§e.§r§8 (Last 5s.)
18:16:05 [allowed]  
18:16:28 [allowed] §eYour armadillo is full of energy!
18:16:30 [allowed] §aYou uncovered a treasure chest!
18:16:31 [allowed] §b§lCOMPACT! §r§fYou found an §r§aEnchanted Hard Stone§r§f!
18:16:32 [allowed] §aFriend > §r§aUtkrista §r§eleft.
18:16:37 [allowed] §e§l▬▬▬▬▬▬▬▬▬▬▬▬▬▬▬▬▬▬▬▬▬▬▬▬▬▬▬▬▬▬▬▬▬▬▬▬▬▬▬▬▬▬▬▬▬▬▬▬▬▬▬▬▬▬▬▬▬▬▬▬▬▬▬▬
18:16:37 [allowed]   §r§6§lCHEST LOCKPICKED 
18:16:37 [allowed] 
18:16:37 [allowed]   §r§a§lREWARDS
18:16:37 [allowed]     §r§f❤ Rough Ruby Gemstone §r§8x8
18:16:37 [allowed]     §r§dGold Essence §r§8x2
18:16:37 [allowed]     §r§dGemstone Powder §r§8x1,319
18:16:37 [allowed] §e§l▬▬▬▬▬▬▬▬▬▬▬▬▬▬▬▬▬▬▬▬▬▬▬▬▬▬▬▬▬▬▬▬▬▬▬▬▬▬▬▬▬▬▬▬▬▬▬▬▬▬▬▬▬▬▬▬▬▬▬▬▬▬▬▬
18:16:39 [allowed] §aYou uncovered a treasure chest!
18:16:42 [allowed] §d§lHOPPITY'S HUNT §r§dA §r§9Chocolate Lunch Egg §r§dhas appeared!
18:16:46 [allowed] §aYou uncovered a treasure chest!
18:16:51 [allowed] §e§l▬▬▬▬▬▬▬▬▬▬▬▬▬▬▬▬▬▬▬▬▬▬▬▬▬▬▬▬▬▬▬▬▬▬▬▬▬▬▬▬▬▬▬▬▬▬▬▬▬▬▬▬▬▬▬▬▬▬▬▬▬▬▬▬
18:16:51 [allowed]   §r§6§lCHEST LOCKPICKED 
18:16:51 [allowed] 
18:16:51 [allowed]   §r§a§lREWARDS
18:16:51 [allowed]     §r§f☘ Rough Jade Gemstone §r§8x80
18:16:51 [allowed]     §r§f❤ Rough Ruby Gemstone §r§8x24
18:16:51 [allowed]     §r§dGold Essence
18:16:51 [allowed]     §r§dGemstone Powder §r§8x101
18:16:51 [allowed] §e§l▬▬▬▬▬▬▬▬▬▬▬▬▬▬▬▬▬▬▬▬▬▬▬▬▬▬▬▬▬▬▬▬▬▬▬▬▬▬▬▬▬▬▬▬▬▬▬▬▬▬▬▬▬▬▬▬▬▬▬▬▬▬▬▬
18:16:55 [allowed] §e§l▬▬▬▬▬▬▬▬▬▬▬▬▬▬▬▬▬▬▬▬▬▬▬▬▬▬▬▬▬▬▬▬▬▬▬▬▬▬▬▬▬▬▬▬▬▬▬▬▬▬▬▬▬▬▬▬▬▬▬▬▬▬▬▬
18:16:55 [allowed]   §r§6§lCHEST LOCKPICKED 
18:16:55 [allowed] 
18:16:55 [allowed]   §r§a§lREWARDS
18:16:55 [allowed]     §r§f☘ Rough Jade Gemstone §r§8x24
18:16:55 [allowed]     §r§f❤ Rough Ruby Gemstone §r§8x8
18:16:55 [allowed]     §r§dGemstone Powder §r§8x3,202
18:16:55 [allowed] §e§l▬▬▬▬▬▬▬▬▬▬▬▬▬▬▬▬▬▬▬▬▬▬▬▬▬▬▬▬▬▬▬▬▬▬▬▬▬▬▬▬▬▬▬▬▬▬▬▬▬▬▬▬▬▬▬▬▬▬▬▬▬▬▬▬
18:16:55 [allowed] §6[Sacks] §r§a+2,343§r§e items§r§e.§r§8 (Last 30s.)
18:16:55 [allowed] §c ☠ §r§7§r§aBuckoBeeeee§r§7 was killed by Automaton§r§7§r§7.
18:16:56 [allowed] §eYour armadillo is full of energy!
18:17:02 [allowed] §b§lCOMPACT! §r§fYou found an §r§aEnchanted Hard Stone§r§f!
18:17:06 [allowed]  
18:17:26 [allowed] §6[Sacks] §r§a+1,815§r§e items§r§e.§r§8 (Last 30s.)
18:17:33 [allowed] §aYou uncovered a treasure chest!
18:17:35 [allowed] §a§l▬▬▬▬▬▬▬▬▬▬▬▬▬▬▬▬▬▬▬▬▬▬▬▬▬▬▬▬▬▬▬▬▬▬▬▬▬▬▬▬▬▬▬▬▬▬▬▬▬▬▬▬▬▬▬▬▬▬▬▬▬▬▬▬
18:17:35 [allowed] §f                      §r§d§lBETTER TOGETHER ENDED!
18:17:35 [allowed] §f                           §r§7Passive Active Event
18:17:35 [allowed] 
18:17:35 [allowed] §f   The festival has ended, but the Dwarven cooperative spirit
18:17:35 [allowed] §f§r§f                                 never dies.
18:17:35 [allowed] §a§l▬▬▬▬▬▬▬▬▬▬▬▬▬▬▬▬▬▬▬▬▬▬▬▬▬▬▬▬▬▬▬▬▬▬▬▬▬▬▬▬▬▬▬▬▬▬▬▬▬▬▬▬▬▬▬▬▬▬▬▬▬▬▬▬
18:17:36 [allowed] §b§lCOMPACT! §r§fYou found an §r§aEnchanted Hard Stone§r§f!
18:17:37 [allowed] §aYou uncovered a treasure chest!
18:17:44 [allowed] §e§l▬▬▬▬▬▬▬▬▬▬▬▬▬▬▬▬▬▬▬▬▬▬▬▬▬▬▬▬▬▬▬▬▬▬▬▬▬▬▬▬▬▬▬▬▬▬▬▬▬▬▬▬▬▬▬▬▬▬▬▬▬▬▬▬
18:17:44 [allowed]   §r§6§lCHEST LOCKPICKED 
18:17:44 [allowed] 
18:17:44 [allowed]   §r§a§lREWARDS
18:17:44 [allowed]     §r§9Ascension Rope
18:17:44 [allowed]     §r§f☘ Rough Jade Gemstone §r§8x24
18:17:44 [allowed]     §r§dGemstone Powder §r§8x432
18:17:44 [allowed] §e§l▬▬▬▬▬▬▬▬▬▬▬▬▬▬▬▬▬▬▬▬▬▬▬▬▬▬▬▬▬▬▬▬▬▬▬▬▬▬▬▬▬▬▬▬▬▬▬▬▬▬▬▬▬▬▬▬▬▬▬▬▬▬▬▬
18:17:46 [allowed] §eYour armadillo is full of energy!
18:17:57 [allowed] §6[Sacks] §r§a+2,371§r§e items§r§e.§r§8 (Last 30s.)
18:17:59 [allowed] §eYour armadillo is full of energy!
18:18:07 [allowed]  
18:18:09 [allowed] §6[Sacks] §r§a+368§r§e items§r§e.§r§8 (Last 10s.)
18:18:30 [allowed] §aYou found §r§f❁ Rough Jasper Gemstone §r§8x40 §r§awith your §r§cMetal Detector§r§a!
18:18:30 [allowed] §6§lPICK IT UP!
18:18:38 [allowed] §6[Sacks] §r§a+40§r§e items§r§e.§r§8 (Last 5s.)
18:18:41 [allowed] §aYou found §r§dGemstone Powder §r§8x167 §r§awith your §r§cMetal Detector§r§a!
18:18:54 [allowed] §aYou found §r§cScavenged Lapis Sword §r§awith your §r§cMetal Detector§r§a!
18:19:03 [allowed] §aYou found §r§a❁ Flawed Jasper Gemstone §r§awith your §r§cMetal Detector§r§a!
18:19:03 [allowed] §6§lPICK IT UP!
18:19:04 [allowed] §aYou earned §r§2532 GEXP §r§afrom playing SkyBlock!
18:19:04 [allowed]  §9⚑ §eThe §9Gone with the Wind §eevent starts in §a20 §eseconds!
 §eThis is a passive event! §bIt's happening everywhere in the §bCrystal Hollows!
18:19:08 [allowed]  
18:19:09 [allowed] §6[Sacks] §r§a+1§r§e item§r§e.§r§8 (Last 5s.)
18:19:16 [allowed] §aYou found §r§dGemstone Powder §r§8x530 §r§awith your §r§cMetal Detector§r§a!
18:19:19 [allowed] §aYou found §r§cScavenged Golden Hammer §r§awith your §r§cMetal Detector§r§a!
18:19:24 [allowed] §a§l▬▬▬▬▬▬▬▬▬▬▬▬▬▬▬▬▬▬▬▬▬▬▬▬▬▬▬▬▬▬▬▬▬▬▬▬▬▬▬▬▬▬▬▬▬▬▬▬▬▬▬▬▬▬▬▬▬▬▬▬▬▬▬▬
18:19:24 [allowed] §f                   §r§9§lGONE WITH THE WIND STARTED!
18:19:24 [allowed] §f                           §r§7Passive Active Event
18:19:24 [allowed] §f                                        
18:19:24 [allowed] §f  The cavern is windy today! Mining in the direction of the wind
18:19:24 [allowed] §f§r§f                      will give §r§6+600⸕ Mining Speed§r§f.
18:19:24 [allowed] §a§l▬▬▬▬▬▬▬▬▬▬▬▬▬▬▬▬▬▬▬▬▬▬▬▬▬▬▬▬▬▬▬▬▬▬▬▬▬▬▬▬▬▬▬▬▬▬▬▬▬▬▬▬▬▬▬▬▬▬▬▬▬▬▬▬
18:19:47 [allowed] §aYou found §r§dGemstone Powder §r§8x223 §r§awith your §r§cMetal Detector§r§a!
18:19:53 [allowed] §aYou found §r§a✎ Flawed Sapphire Gemstone §r§awith your §r§cMetal Detector§r§a!
18:19:53 [allowed] §6§lPICK IT UP!
18:20:00 [allowed] §6[Sacks] §r§a+1§r§e item§r§e.§r§8 (Last 5s.)
18:20:03 [allowed] §aYou found §r§a☘ Flawed Jade Gemstone §r§8x2 §r§awith your §r§cMetal Detector§r§a!
18:20:03 [allowed] §6§lPICK IT UP!
18:20:08 [allowed]  
18:20:13 [allowed] §6[Sacks] §r§a+2§r§e items§r§e.§r§8 (Last 5s.)
18:20:19 [allowed] §6[Sacks] §r§a+65§r§e items§r§e.§r§8 (Last 5s.)
18:20:25 [allowed] §aThe wind has changed direction!
18:20:26 [allowed] §aYou found §r§cScavenged Diamond Axe §r§awith your §r§cMetal Detector§r§a!
18:20:34 [allowed] §aYou found §r§f❁ Rough Jasper Gemstone §r§8x40 §r§awith your §r§cMetal Detector§r§a!
18:20:34 [allowed] §6§lPICK IT UP!
18:20:34 [allowed] §8[§r§b213§r§8] §r§b[MVP§8+§b] B00DY§f§r§f: bruh
18:20:40 [allowed] §aYou found §r§a✎ Flawed Sapphire Gemstone §r§awith your §r§cMetal Detector§r§a!
18:20:40 [allowed] §6§lPICK IT UP!
18:20:54 [allowed] §aYou found §r§a☘ Flawed Jade Gemstone §r§8x2 §r§awith your §r§cMetal Detector§r§a!
18:20:54 [allowed] §6§lPICK IT UP!
18:20:57 [allowed] §aYou found §r§dGemstone Powder §r§8x295 §r§awith your §r§cMetal Detector§r§a!
18:20:59 [allowed] §6[Sacks] §r§a+2§r§e items§r§e.§r§8 (Last 5s.)
18:21:08 [allowed] §aYou found §r§dGemstone Powder §r§8x672 §r§awith your §r§cMetal Detector§r§a!
18:21:09 [allowed]  
18:21:13 [allowed] §aYou found §r§a☘ Flawed Jade Gemstone §r§8x2 §r§awith your §r§cMetal Detector§r§a!
18:21:13 [allowed] §6§lPICK IT UP!
18:21:19 [allowed] §aYou found §r§a❁ Flawed Jasper Gemstone §r§awith your §r§cMetal Detector§r§a!
18:21:19 [allowed] §6§lPICK IT UP!
18:21:20 [allowed] §6[Sacks] §r§a+2§r§e items§r§e.§r§8 (Last 5s.)
18:21:21 [allowed] §aThe wind has changed direction!
18:21:27 [allowed] §6[Sacks] §r§a+1§r§e item§r§e.§r§8 (Last 5s.)
18:21:30 [allowed] §aYou found §r§dGemstone Powder §r§8x476 §r§awith your §r§cMetal Detector§r§a!
18:21:44 [allowed] §aYou found §r§dGemstone Powder §r§8x194 §r§awith your §r§cMetal Detector§r§a!
18:21:50 [allowed] §aYou found §r§a❤ Flawed Ruby Gemstone §r§8x2 §r§awith your §r§cMetal Detector§r§a!
18:21:50 [allowed] §6§lPICK IT UP!
18:21:56 [allowed] §6[Sacks] §r§a+2§r§e items§r§e.§r§8 (Last 5s.)
18:22:07 [allowed] §aYou found §r§a☘ Flawed Jade Gemstone §r§8x4 §r§awith your §r§cMetal Detector§r§a!
18:22:07 [allowed] §6§lPICK IT UP!
18:22:10 [allowed]  
18:22:13 [allowed] §6[Sacks] §r§a+4§r§e items§r§e.§r§8 (Last 5s.)
18:22:22 [allowed] §aYou found §r§a❁ Flawed Jasper Gemstone §r§awith your §r§cMetal Detector§r§a!
18:22:22 [allowed] §6§lPICK IT UP!
18:22:29 [allowed] §6[Sacks] §r§a+1§r§e item§r§e.§r§8 (Last 5s.)
18:22:31 [allowed] §d§lHOPPITY'S HUNT §r§dA §r§aChocolate Dinner Egg §r§dhas appeared!
18:22:37 [allowed] §aYou found §r§a⸕ Flawed Amber Gemstone §r§awith your §r§cMetal Detector§r§a!
18:22:37 [allowed] §6§lPICK IT UP!
18:22:42 [allowed] §aYou found §r§a❈ Flawed Amethyst Gemstone §r§8x2 §r§awith your §r§cMetal Detector§r§a!
18:22:42 [allowed] §6§lPICK IT UP!
18:22:48 [allowed] §6[Sacks] §r§a+2§r§e items§r§e.§r§8 (Last 5s.)
18:23:02 [allowed] §aThe wind has changed direction!
18:23:11 [allowed]  
18:23:16 [allowed] §e§ka§a>>   §aAchievement Unlocked: §6§r§6Divan's Treasures III§r§a   <<§e§ka
18:23:16 [allowed] §aYou found §r§a⸕ Flawed Amber Gemstone §r§awith your §r§cMetal Detector§r§a!
18:23:16 [allowed] §6§lPICK IT UP!
18:23:21 [allowed] §6[Sacks] §r§a+1§r§e item§r§e.§r§8 (Last 5s.)
18:23:22 [allowed] §aYou found §r§a✎ Flawed Sapphire Gemstone §r§8x2 §r§awith your §r§cMetal Detector§r§a!
18:23:22 [allowed] §6§lPICK IT UP!
18:23:27 [allowed] §aYou found §r§a✎ Flawed Sapphire Gemstone §r§8x2 §r§awith your §r§cMetal Detector§r§a!
18:23:27 [allowed] §6§lPICK IT UP!
18:23:29 [allowed] §6[Sacks] §r§a+2§r§e items§r§e.§r§8 (Last 5s.)
18:23:35 [allowed] §6[Sacks] §r§a+2§r§e items§r§e.§r§8 (Last 5s.)
18:23:38 [allowed] §aYou summoned your §r§6Mole§r§a!
18:23:48 [allowed] §aThe wind has changed direction!
18:23:58 [allowed] §aYou found §r§a❤ Flawed Ruby Gemstone §r§8x2 §r§awith your §r§cMetal Detector§r§a!
18:23:58 [allowed] §6§lPICK IT UP!
18:24:08 [allowed] §aYou earned §r§2750 GEXP §r§afrom playing SkyBlock!
18:24:12 [allowed]  
18:24:14 [allowed] §6[Sacks] §r§a+455§r§e items§r§e.§r§8 (Last 8s.)
18:24:24 [allowed] §aYou found §r§a✧ Flawed Topaz Gemstone §r§8x2 §r§awith your §r§cMetal Detector§r§a!
18:24:24 [allowed] §6§lPICK IT UP!
18:24:29 [allowed] §aThe wind has changed direction!
18:24:52 [allowed] §aYou found §r§dGemstone Powder §r§8x478 §r§awith your §r§cMetal Detector§r§a!
18:25:04 [allowed] §aThe wind has changed direction!
18:25:06 [allowed] §aYou found §r§cScavenged Emerald Hammer §r§awith your §r§cMetal Detector§r§a!
18:25:11 [allowed] §e[NPC] §6Keeper of Lapis§f: §rYou haven't placed the §aJade Crystal §ryet!
18:25:13 [allowed]  
18:25:13 [allowed] §e[NPC] §6Keeper of Lapis§f: §rGo to the §5Crystal Nucleus §rto place it!
18:25:15 [allowed] §e[NPC] §6Keeper of Emerald§f: §rYou haven't placed the §aJade Crystal §ryet!
18:25:17 [allowed] §e[NPC] §6Keeper of Emerald§f: §rGo to the §5Crystal Nucleus §rto place it!
18:25:20 [allowed] §e[NPC] §6Keeper of Diamond§f: §rYou haven't placed the §aJade Crystal §ryet!
18:25:22 [allowed] §e[NPC] §6Keeper of Diamond§f: §rGo to the §5Crystal Nucleus §rto place it!
18:25:35 [allowed] §aThe wind has changed direction!
18:25:37 [allowed] §cThere are blocks in the way!
18:25:38 [allowed] §cThere are blocks in the way!
18:25:38 [allowed] §cThere are blocks in the way!
18:26:01 [allowed] §6[Sacks] §r§a+30§r§e items§r§e.§r§8 (Last 5s.)
18:26:05 [allowed] §aThe wind has changed direction!
18:26:10 [allowed] §cThere are blocks in the way!
18:26:14 [allowed]  
18:26:21 [allowed] §cThere are blocks in the way!
18:26:22 [allowed] §cThere are blocks in the way!
18:26:22 [allowed] §cThere are blocks in the way!
18:26:56 [allowed] §6[Sacks] §r§a+1,335§r§e items§r§e.§r§8 (Last 30s.)
18:27:13 [allowed] §aYou uncovered a treasure chest!
18:27:14 [allowed]  
18:27:20 [allowed] §e§l▬▬▬▬▬▬▬▬▬▬▬▬▬▬▬▬▬▬▬▬▬▬▬▬▬▬▬▬▬▬▬▬▬▬▬▬▬▬▬▬▬▬▬▬▬▬▬▬▬▬▬▬▬▬▬▬▬▬▬▬▬▬▬▬
18:27:20 [allowed]   §r§6§lCHEST LOCKPICKED 
18:27:20 [allowed] 
18:27:20 [allowed]   §r§a§lREWARDS
18:27:20 [allowed]     §r§f✎ Rough Sapphire Gemstone §r§8x48
18:27:20 [allowed]     §r§dDiamond Essence
18:27:20 [allowed]     §r§dGemstone Powder §r§8x548
18:27:20 [allowed] §e§l▬▬▬▬▬▬▬▬▬▬▬▬▬▬▬▬▬▬▬▬▬▬▬▬▬▬▬▬▬▬▬▬▬▬▬▬▬▬▬▬▬▬▬▬▬▬▬▬▬▬▬▬▬▬▬▬▬▬▬▬▬▬▬▬
18:27:27 [allowed] §6[Sacks] §r§a+1,548§r§e items§r§e.§r§8 (Last 30s.)
18:27:31 [allowed] §b§lCOMPACT! §r§fYou found an §r§aEnchanted Hard Stone§r§f!
18:27:33 [allowed] §aYou uncovered a treasure chest!
18:27:39 [allowed] §cA magical force surrounding this area prevents you from breaking blocks!
18:27:41 [allowed] §cA magical force surrounding this area prevents you from breaking blocks!
18:27:57 [allowed] §6[Sacks] §r§a+1,023§r§e items§r§e.§r§8 (Last 28s.)
18:28:03 [allowed] §d§lHOPPITY'S HUNT §r§dYou found a §r§6Chocolate Breakfast Egg §r§don a ledge next to the stairwell§r§d!
18:28:03 [allowed] §D§LHOPPITY'S HUNT §7You found §fJoey §7(§F§LCOMMON§7)!
18:28:03 [allowed] §d§lNEW RABBIT! §6+1 Chocolate §7and §6+0.002x Chocolate §7per second!
18:28:07 [allowed] §aThe wind has changed direction!
18:28:11 [allowed] §5§l✦ §r§dYou placed the §r§aJade Crystal§r§d!
18:28:11 [allowed]   §r§dKeep exploring the §r§5Crystal Hollows §r§dto find the rest!
18:28:11 [allowed] §cA magical force surrounding this area prevents you from breaking blocks!
18:28:15 [allowed]  
18:28:22 [allowed] §cA magical force surrounding this area prevents you from breaking blocks!
18:28:37 [allowed] §aThe wind has changed direction!
18:29:04 [allowed] §7Your §r§aWishing Compass §r§7shattered into pieces!
18:29:07 [allowed] §aThe wind has changed direction!
18:29:13 [allowed] §aYou earned §r§2743 GEXP §r§afrom playing SkyBlock!
18:29:14 [allowed] §7Your §r§aWishing Compass §r§7shattered into pieces!
18:29:16 [allowed]  
18:29:38 [allowed] §aThe wind has changed direction!
18:29:53 [allowed] §aYou uncovered a treasure chest!
18:29:54 [allowed] §6[Sacks] §r§a+2,167§r§e items§r§e.§r§8 (Last 30s.)
18:29:58 [allowed] §e§l▬▬▬▬▬▬▬▬▬▬▬▬▬▬▬▬▬▬▬▬▬▬▬▬▬▬▬▬▬▬▬▬▬▬▬▬▬▬▬▬▬▬▬▬▬▬▬▬▬▬▬▬▬▬▬▬▬▬▬▬▬▬▬▬
18:29:58 [allowed]   §r§6§lCHEST LOCKPICKED 
18:29:58 [allowed] 
18:29:58 [allowed]   §r§a§lREWARDS
18:29:58 [allowed]     §r§9Superlite Motor
18:29:58 [allowed]     §r§f✎ Rough Sapphire Gemstone §r§8x40
18:29:58 [allowed]     §r§dDiamond Essence §r§8x2
18:29:58 [allowed]     §r§dGold Essence
18:29:58 [allowed] §e§l▬▬▬▬▬▬▬▬▬▬▬▬▬▬▬▬▬▬▬▬▬▬▬▬▬▬▬▬▬▬▬▬▬▬▬▬▬▬▬▬▬▬▬▬▬▬▬▬▬▬▬▬▬▬▬▬▬▬▬▬▬▬▬▬
18:30:01 [allowed] §aYou uncovered a treasure chest!
18:30:06 [allowed] §e§l▬▬▬▬▬▬▬▬▬▬▬▬▬▬▬▬▬▬▬▬▬▬▬▬▬▬▬▬▬▬▬▬▬▬▬▬▬▬▬▬▬▬▬▬▬▬▬▬▬▬▬▬▬▬▬▬▬▬▬▬▬▬▬▬
18:30:06 [allowed]   §r§6§lCHEST LOCKPICKED 
18:30:06 [allowed] 
18:30:06 [allowed]   §r§a§lREWARDS
18:30:06 [allowed]     §r§f✎ Rough Sapphire Gemstone §r§8x40
18:30:06 [allowed]     §r§dGemstone Powder §r§8x240
18:30:06 [allowed] §e§l▬▬▬▬▬▬▬▬▬▬▬▬▬▬▬▬▬▬▬▬▬▬▬▬▬▬▬▬▬▬▬▬▬▬▬▬▬▬▬▬▬▬▬▬▬▬▬▬▬▬▬▬▬▬▬▬▬▬▬▬▬▬▬▬
18:30:09 [allowed] §aThe wind has changed direction!
18:30:10 [allowed] §aYou uncovered a treasure chest!
18:30:16 [allowed] §e§l▬▬▬▬▬▬▬▬▬▬▬▬▬▬▬▬▬▬▬▬▬▬▬▬▬▬▬▬▬▬▬▬▬▬▬▬▬▬▬▬▬▬▬▬▬▬▬▬▬▬▬▬▬▬▬▬▬▬▬▬▬▬▬▬
18:30:16 [allowed]   §r§6§lCHEST LOCKPICKED 
18:30:16 [allowed] 
18:30:16 [allowed]   §r§a§lREWARDS
18:30:16 [allowed]     §r§f✎ Rough Sapphire Gemstone §r§8x24
18:30:16 [allowed]     §r§a✎ Flawed Sapphire Gemstone §r§8x2
18:30:16 [allowed]     §r§dGold Essence
18:30:16 [allowed]     §r§dGemstone Powder §r§8x126
18:30:16 [allowed] §e§l▬▬▬▬▬▬▬▬▬▬▬▬▬▬▬▬▬▬▬▬▬▬▬▬▬▬▬▬▬▬▬▬▬▬▬▬▬▬▬▬▬▬▬▬▬▬▬▬▬▬▬▬▬▬▬▬▬▬▬▬▬▬▬▬
18:30:17 [allowed]  
18:30:23 [allowed] §aYou uncovered a treasure chest!
18:30:25 [allowed] §6[Sacks] §r§a+1,290§r§e items§r§e.§r§8 (Last 30s.)
18:30:26 [allowed] §e§l▬▬▬▬▬▬▬▬▬▬▬▬▬▬▬▬▬▬▬▬▬▬▬▬▬▬▬▬▬▬▬▬▬▬▬▬▬▬▬▬▬▬▬▬▬▬▬▬▬▬▬▬▬▬▬▬▬▬▬▬▬▬▬▬
18:30:26 [allowed]   §r§6§lCHEST LOCKPICKED 
18:30:26 [allowed] 
18:30:26 [allowed]   §r§a§lREWARDS
18:30:26 [allowed]     §r§f✎ Rough Sapphire Gemstone §r§8x24
18:30:26 [allowed]     §r§dGold Essence
18:30:26 [allowed]     §r§dGemstone Powder §r§8x101
18:30:26 [allowed] §e§l▬▬▬▬▬▬▬▬▬▬▬▬▬▬▬▬▬▬▬▬▬▬▬▬▬▬▬▬▬▬▬▬▬▬▬▬▬▬▬▬▬▬▬▬▬▬▬▬▬▬▬▬▬▬▬▬▬▬▬▬▬▬▬▬
18:30:39 [allowed] §aThe wind has changed direction!
18:30:52 [allowed] §d§lHOPPITY'S HUNT §r§dA §r§6Chocolate Brunch Egg §r§dhas appeared!
18:30:53 [allowed] §6[Sacks] §r§a+632§r§e items§r§e.§r§8 (Last 26s.)
18:30:56 [allowed] §a§l+5 Kill Combo §r§b+3% §r§b✯ Magic Find
18:31:05 [allowed] §a§l+10 Kill Combo §r§8+§r§610 §r§7coins per kill
18:31:15 [allowed] §9§l+15 Kill Combo §r§b+3% §r§b✯ Magic Find
18:31:18 [allowed]  
18:31:20 [allowed] §cYour Kill Combo has expired! You reached a 15 Kill Combo!
18:31:21 [allowed] §6[Sacks] §r§a+273§r§e items§r§e.§r§8 (Last 25s.)
18:31:29 [allowed] §c ☠ §r§7§r§7koubiac76§r§7 was killed by Yog§r§7§r§7.
18:31:32 [allowed] §6[Sacks] §r§a+63§r§e items§r§e.§r§8 (Last 10s.)
18:31:39 [allowed] §6[Sacks] §r§a+23§r§e items§r§e.§r§8 (Last 5s.)
18:31:43 [allowed] §a§l+5 Kill Combo §r§b+3% §r§b✯ Magic Find
18:31:48 [allowed] §6[Sacks] §r§a+23§r§e items§r§e.§r§8 (Last 5s.)
18:31:51 [allowed] §cYour Kill Combo has expired! You reached a 5 Kill Combo!
18:32:10 [allowed] §6[Sacks] §r§a+18§r§e items§r§e.§r§8 (Last 5s.)
18:32:19 [allowed]  
18:32:21 [allowed] §6[Sacks] §r§a+23§r§e items§r§e.§r§8 (Last 5s.)
18:32:32 [allowed] §6[Sacks] §r§a+53§r§e items§r§e.§r§8 (Last 8s.)
18:32:39 [allowed] §a§l+5 Kill Combo §r§b+3% §r§b✯ Magic Find
18:32:52 [allowed] §a§l+10 Kill Combo §r§8+§r§610 §r§7coins per kill
18:33:07 [allowed] §6[Sacks] §r§a+216§r§e items§r§e.§r§8 (Last 30s.)
18:33:15 [allowed] §cYour Kill Combo has expired! You reached a 14 Kill Combo!
18:33:15 [allowed] §6[Sacks] §r§a+15§r§e items§r§e.§r§8 (Last 5s.)
18:33:20 [allowed]  
18:33:27 [allowed] §6[Sacks] §r§a+105§r§e items§r§e.§r§8 (Last 11s.)
18:33:42 [allowed] §aThe wind has changed direction!
18:33:45 [allowed] §6[Sacks] §r§a+28§r§e items§r§e.§r§8 (Last 5s.)
18:33:59 [allowed] §c ☠ §r§7§r§aBionicNinja§r§7 was killed by Yog§r§7§r§7.
18:34:03 [allowed] §6[Sacks] §r§a+23§r§e items§r§e.§r§8 (Last 5s.)
18:34:11 [allowed] §a§l+5 Kill Combo §r§b+3% §r§b✯ Magic Find
18:34:16 [allowed] §6[Sacks] §r§a+97§r§e items§r§e.§r§8 (Last 12s.)
18:34:18 [allowed] §aYou earned §r§2735 GEXP §r§afrom playing SkyBlock!
18:34:18 [allowed] §cYour Kill Combo has expired! You reached a 5 Kill Combo!
18:34:21 [allowed] §8[§r§e118§r§8] §r§7☃ §r§b[MVP§c+§b] AyRaYs§f§r§f: corleone known ?
18:34:21 [allowed]  
18:34:27 [allowed] §a§l+5 Kill Combo §r§b+3% §r§b✯ Magic Find
18:34:37 [allowed] §6[Sacks] §r§a+158§r§e items§r§e.§r§8 (Last 18s.)
18:34:47 [allowed] §6[Sacks] §r§a+74§r§e items§r§e.§r§8 (Last 8s.)
18:34:47 [allowed] §a§l+10 Kill Combo §r§8+§r§610 §r§7coins per kill
18:34:53 [allowed] §6[Sacks] §r§a+20§r§e items§r§e.§r§8 (Last 5s.)
18:34:53 [allowed] §cYour Kill Combo has expired! You reached a 10 Kill Combo!
18:35:12 [allowed] §c ☠ §r§7§r§bAyRaYs§r§7 was killed by Yog§r§7§r§7.
18:35:14 [allowed] §aThe wind has changed direction!
18:35:22 [allowed] §6[Sacks] §r§a+28§r§e items§r§e.§r§8 (Last 5s.)
18:35:22 [allowed]  
18:35:32 [allowed] §6[Sacks] §r§a+441§r§e items§r§e.§r§8 (Last 8s.)
18:35:37 [allowed] §a§l+5 Kill Combo §r§b+3% §r§b✯ Magic Find
18:35:57 [allowed] §a§l+10 Kill Combo §r§8+§r§610 §r§7coins per kill
18:36:04 [allowed] §6[Sacks] §r§a+1,626§r§e items§r§e.§r§8 (Last 30s.)
18:36:10 [allowed] §9§l+15 Kill Combo §r§b+3% §r§b✯ Magic Find
18:36:15 [allowed] §cYour Kill Combo has expired! You reached a 15 Kill Combo!
18:36:15 [allowed] §aThe wind has changed direction!
18:36:23 [allowed] §8[§r§3252§r§8] §r§a[VIP§6+§a] kiled §7♲§f§r§f: someone put me on gdrag coords
18:36:23 [allowed]  
18:36:24 [allowed] §6[Sacks] §r§a+767§r§e items§r§e.§r§8 (Last 18s.)
18:36:32 [allowed] §6[Sacks] §r§a+212§r§e items§r§e.§r§8 (Last 5s.)
18:36:32 [allowed] §8[§r§3252§r§8] §r§a[VIP§6+§a] kiled §7♲§f§r§f: :pray:
18:36:41 [allowed] §d§lHOPPITY'S HUNT §r§dA §r§9Chocolate Déjeuner Egg §r§dhas appeared!
