19:34:44 [allowed] §f §r§r§r§f §r§r§r§1 §r§r§r§0 §r§r§r§2 §r§r§r§f §r§r§r§f §r§r§r§2 §r§r§r§0 §r§r§r§4 §r§r§r§3 §r§r§r§9 §r§r§r§2 §r§r§r§0 §r§r§r§0 §r§r§r§3 §r§r§r§9 §r§r§r§2 §r§r§r§0 §r§r§r§0 §r§r§r§3 §r§r§r§9 §r§r§r§2 §r§r§r§0 §r§r§r§0 
19:34:44 [allowed] §b[MVP§c+§b] GAMEME7§f §6joined the lobby!
19:34:44 [allowed] §aYou have §b4 §aunclaimed leveling rewards!
19:34:44 [allowed] §eClick here to view them!
19:34:44 [allowed] §aYou have §61 §aunclaimed achievement reward!
19:34:44 [allowed] §eClick here to view it!
19:34:44 [allowed] §b[MVP§d+§b] mms_entity§f §6joined the lobby!
19:34:44 [allowed] §9§m-----------------------------------------------------
19:34:44 [allowed] §cYou are not currently in a party.
19:34:44 [allowed] §9§m-----------------------------------------------------
19:34:44 [allowed] §b[MVP§c+§b] Briseis§f §6joined the lobby!
19:34:44 [allowed]   §r§f§l➤ §r§6You have reached your Hype limit! Add Hype to Prototype Lobby minigames by right-clicking with the Hype Diamond!
19:34:47 [allowed] §b[MVP§e+§b] TitaniumKillz§f §6joined the lobby!
19:34:51 [allowed] §b[MVP§d+§b] LordMohg17§f §6joined the lobby!
19:34:53 [allowed] §7Sending to server mini99DQ...
19:34:53 [allowed] §8 §r§8 §r§1 §r§3 §r§3 §r§7 §r§8 
19:34:54 [allowed] §b-----------------------------------------------------
19:34:54 [allowed] §aYou have just received §r§6250,000 coins §r§aas interest in your co-op bank account!
19:34:54 [allowed] §b-----------------------------------------------------
19:34:55 [allowed] 
19:34:56 [allowed] §eWelcome to §r§aHypixel SkyBlock§r§e!
19:34:56 [allowed] 
19:34:56 [allowed] §eLatest update: §bSkyBlock v0.21.3 §e§lCLICK
19:34:56 [allowed] §aYou are playing on profile: §ePear§b (Co-op)
19:34:56 [allowed] §8Profile ID: 2797ee8a-6337-44f9-a30a-41314379be0d
19:34:57 [allowed] §6§lALLOWANCE! §r§eYou earned §r§650,000 coins§r§e!
