10:01:20 PRIVATE_ISLAND
10:06:00 NONE
10:06:00 WINTER
10:19:22 NONE
10:19:22 PRIVATE_ISLAND
10:19:58 NONE
10:19:59 DUNGEON_HUB
10:20:16 NONE
10:20:16 PRIVATE_ISLAND
10:30:53 NONE
10:30:54 WINTER
11:01:27 NONE
11:01:28 PRIVATE_ISLAND
11:03:32 NONE
11:03:33 THE_END
11:04:18 NONE
11:04:19 PRIVATE_ISLAND
11:16:27 NONE
11:16:28 HUB
11:22:43 NONE
11:22:44 PRIVATE_ISLAND
11:24:35 NONE
11:24:36 GARDEN
11:31:52 NONE
11:31:52 PRIVATE_ISLAND
11:33:40 NONE
11:33:41 HUB
11:35:32 GARDEN
11:48:05 NONE
11:48:05 HUB
11:48:25 NONE
11:48:26 GARDEN
