17:18:17 §f                                  §6§lBESTIARY
17:18:17 §f                               §b§lFels §7§8XV §8➡§b §bXVI
17:18:17 
17:18:17 §f                                  §r§6§lREWARDS
17:18:17 §f                           §r§8+§r§a5 Fels §r§b✯ Magic Find
17:18:17 §f                            §r§8+§r§a5 Fels §r§c❁ Strength
17:18:17 §f                               §r§8+§r§62% §r§aFels §r§7coins
17:18:17 §f                    §r§8+§r§a50% §r§7chance for extra XP orbs
17:18:17 §f                               §r§8+§r§b1 SkyBlock XP
17:18:17 
17:18:17 §3§l▬▬▬▬▬▬▬▬▬▬▬▬▬▬▬▬▬▬▬▬▬▬▬▬▬▬▬▬▬▬▬▬▬▬▬▬▬▬▬▬▬▬▬▬▬▬▬▬▬▬▬▬▬▬▬▬▬▬▬▬▬▬▬▬
18:06:15 §f                                  §6§lBESTIARY
18:06:15 §f                               §b§lThyst §7§8III §8➡§b §bIV
18:06:15 
18:06:15 §f                                  §r§6§lREWARDS
18:06:15 §f                          §r§8+§r§a2 Thyst §r§b✯ Magic Find
18:06:15 §f                           §r§8+§r§a2 Thyst §r§c❁ Strength
18:06:15 §f                              §r§8+§r§62% §r§aThyst §r§7coins
18:06:15 §f                    §r§8+§r§a50% §r§7chance for extra XP orbs
18:06:15 §f                               §r§8+§r§b1 SkyBlock XP
18:06:15 
18:06:15 §3§l▬▬▬▬▬▬▬▬▬▬▬▬▬▬▬▬▬▬▬▬▬▬▬▬▬▬▬▬▬▬▬▬▬▬▬▬▬▬▬▬▬▬▬▬▬▬▬▬▬▬▬▬▬▬▬▬▬▬▬▬▬▬▬▬
