21:33:59 Trying to load config from config\skyhanni\config.json
21:33:59 load-config-now
21:33:59 Loaded config from file
21:33:59 Trying to load sacks from config\skyhanni\sacks.json
21:33:59 load-sacks-now
21:33:59 Loaded sacks from file
21:33:59 Trying to load friends from config\skyhanni\friends.json
21:33:59 load-friends-now
21:33:59 Loaded friends from file
21:33:59 Trying to load known_features from config\skyhanni\known_features.json
21:33:59 load-known_features-now
21:33:59 Loaded known_features from file
21:33:59 Trying to load jacob_contests from config\skyhanni\jacob_contests.json
21:33:59 load-jacob_contests-now
21:33:59 Loaded jacob_contests from file
21:33:59 Trying to load visual_words from config\skyhanni\visual_words.json
21:33:59 Setting visual_words to be blank as it did not exist. It will be saved once something is written to it
21:34:59 saveConfig: auto-save-60s
21:34:59 Saving config file
21:34:59 Saved config file successfully
21:34:59 saveConfig: auto-save-60s
21:34:59 Saving config file
21:34:59 Saved config file successfully
21:35:59 saveConfig: auto-save-60s
21:35:59 Saving config file
21:35:59 Saved config file successfully
21:35:59 saveConfig: auto-save-60s
21:35:59 Saving config file
21:35:59 Saved config file successfully
21:36:37 saveConfig: shutdown-hook
21:36:37 Saving config file
