12:15:46 [allowed] §f §r§r§r§f §r§r§r§1 §r§r§r§0 §r§r§r§2 §r§r§r§f §r§r§r§f §r§r§r§2 §r§r§r§0 §r§r§r§4 §r§r§r§3 §r§r§r§9 §r§r§r§2 §r§r§r§0 §r§r§r§0 §r§r§r§3 §r§r§r§9 §r§r§r§2 §r§r§r§0 §r§r§r§0 §r§r§r§3 §r§r§r§9 §r§r§r§2 §r§r§r§0 §r§r§r§0 
12:15:46 [allowed] §b[MVP§c+§b] GAMEME794§f §6joined the lobby!
12:15:48 [allowed] §aYou have §b1 §aunclaimed leveling reward!
12:15:48 [allowed] §eClick here to view it!
12:15:48 [allowed] §aYou have §61 §aunclaimed achievement reward!
12:15:48 [allowed] §eClick here to view it!
12:15:48 [allowed] §9§m-----------------------------------------------------
12:15:48 [allowed] §cYou are not currently in a party.
12:15:48 [allowed] §9§m-----------------------------------------------------
12:15:49 [allowed]   §r§f§l➤ §r§6You have reached your Hype limit! Add Hype to Prototype Lobby minigames by right-clicking with the Hype Diamond!
12:15:49 [allowed] §b[MVP§c+§b] Dufjgjgh§f §6joined the lobby!
12:15:49 [allowed] §b[MVP§9+§b] Bunable§f §6joined the lobby!
12:15:49 [allowed] §b[MVP§d+§b] UndercoverTaco99§f §6joined the lobby!
12:15:49 [allowed] §b[MVP§9+§b] coldGR§f §6joined the lobby!
12:15:50 [allowed] §b[MVP§f+§b] Mnk3y_§f §6joined the lobby!
12:15:52 [allowed] §b[MVP§3+§b] BearishAuto§f §6joined the lobby!
12:15:53 [allowed] §b[MVP§d+§b] Jordylol_§f §6joined the lobby!
12:16:03 [allowed] 
§r§f§l➔ §r§6§lWelcome to the Prototype Lobby§r
§r§aAll games in this lobby are currently in development.§r
§r§eClick here to leave feedback!§r§f ➤ §r§b§nhttps://hypixel.net/PTL

12:16:04 [allowed] §7Sending to server mini234A...
12:16:05 [allowed] §8 §r§8 §r§1 §r§3 §r§3 §r§7 §r§8 
12:16:07 [allowed] 
12:16:07 [allowed] §eWelcome to §r§aHypixel SkyBlock§r§e!
12:16:07 [allowed] 
12:16:07 [allowed] §6§lMAINTENANCE!
12:16:07 [allowed] §7 SkyBlock will be temporarily unavailable on §r§eMarch 18th @ 8am EDT §r§7for maintenance.
12:16:07 [allowed] §7 Check the status page for more info: §r§b§nhttps://status.hypixel.net
12:16:07 [allowed] §eLatest update: §bSkyBlock v0.21.3 §e§lCLICK
12:16:08 [allowed] §aYou are playing on profile: §eCucumber
12:16:08 [allowed] §8Profile ID: d3b760d9-e0d9-41d4-8f47-31e118afcace
12:16:08 [allowed]  
12:16:09 [allowed] §6§lALLOWANCE! §r§eYou earned §r§620,000 coins§r§e!
12:16:09 [allowed]  
12:17:09 [allowed]  
12:18:09 [allowed]  
12:19:09 [allowed]  
12:20:05 [allowed] §7Sending to server mini9DE...
12:20:06 [allowed] §8 §r§8 §r§1 §r§3 §r§3 §r§7 §r§8 
12:20:09 [allowed] §aYou are playing on profile: §eCucumber
12:20:09 [allowed] §8Profile ID: d3b760d9-e0d9-41d4-8f47-31e118afcace
12:20:09 [allowed]  
12:20:23 [allowed]  
12:20:29 [allowed] §aA special §r§5Zealot §r§ahas spawned nearby!§r§7 (1)
12:20:32 [allowed] §6§lRARE DROP! §r§5Summoning Eye
12:20:37 [allowed] §7Your Witherborn hit §r§c1 §r§7enemy for §r§c1,074,093.6 §r§7damage.
12:20:39 [allowed] §c ☠ §r§7§r§7HeinzWasEaten§r§7 was killed by Enderman§r§7§r§7.
12:20:40 [allowed] §c§lYou feel a tremor from beneath the earth!
12:20:47 [allowed] §c ☠ §r§7§r§7zergzergzerg§r§7 was killed by Nest Endermite§r§7§r§7.
12:21:01 [allowed] §a§l+5 Kill Combo §r§b+3% §r§b✯ Magic Find
12:21:07 [allowed] §6[Sacks] §r§a+38§r§e items§r§e.§r§8 (Last 14s.)
12:21:09 [allowed] §7Your Witherborn hit §r§c1 §r§7enemy for §r§c1,140,971.4 §r§7damage.
12:21:10 [allowed] §c ☠ §r§7§r§7sahilv22§r§7 was killed by Voidgloom Seraph§r§7§r§7.
12:21:11 [allowed] §c ☠ §r§7§r§7yudofu1960§r§7 was killed by Endermite§r§7§r§7.
12:21:11 [allowed] §7Warping you to your SkyBlock island...
12:21:11 [allowed] §7Sending to server mini62AB...
12:21:12 [allowed] §8 §r§8 §r§1 §r§3 §r§3 §r§7 §r§8 
12:21:15 [allowed] §aYou are playing on profile: §eCucumber
12:21:15 [allowed] §8Profile ID: d3b760d9-e0d9-41d4-8f47-31e118afcace
12:21:15 [allowed]  
12:21:16 [allowed]  
12:22:17 [allowed]  
12:23:17 [allowed]  
12:24:15 [allowed] §7Warping...
12:24:15 [allowed] §7Sending to server mini3CM...
12:24:16 [allowed] §8 §r§8 §r§1 §r§3 §r§3 §r§7 §r§8 
12:24:19 [allowed] §aYou are playing on profile: §eCucumber
12:24:19 [allowed] §8Profile ID: d3b760d9-e0d9-41d4-8f47-31e118afcace
12:24:19 [allowed] §8[§r§6411§r§8] §r§6[MVP§0++§6] kalabash§f§r§f: what are those
12:24:19 [allowed]  
12:24:23 [allowed] §8[§r§e101§r§8] §r§b[MVP§6+§b] isdisagudname§f§r§f: what what
12:24:23 [allowed] §8[§r§5395§r§8] §r§6[MVP§9++§6] EloWello§f§r§f: gp p5 not recom lf gems?
12:24:27 [allowed] §8[§r§e101§r§8] §r§b[MVP§6+§b] isdisagudname§f§r§f: SHUT UP
12:24:30 [allowed] §8[§r§e101§r§8] §r§b[MVP§6+§b] isdisagudname§f§r§f: its a new account
12:24:33 [allowed] §8[§r§5395§r§8] §r§6[MVP§9++§6] EloWello§f§r§f: fierce on the head????
12:24:34 [allowed] §aAttempting to add you to the party...
12:24:34 [allowed] §dParty Finder §r§f> §r§bGAMEME794 §r§ejoined the dungeon group! (§r§bBerserk Level 26§r§e)
12:24:34 [allowed] §9§m-----------------------------------------------------
12:24:34 [allowed] §6Party Members (3)
12:24:34 [allowed] §f
12:24:34 [allowed] §eParty Leader: §r§7Andreyka239 §r§a●
12:24:34 [allowed] §eParty Members: §r§7dredge4321§r§a ● §r§b[MVP§r§c+§r§b] GAMEME794§r§a ● 
12:24:34 [allowed] §9§m-----------------------------------------------------
12:24:35 [allowed] §eDungeons Guide §7:: §eAndreyka239§f's Profile §r§7view
12:24:35 [allowed] §eDungeons Guide §7:: §edredge4321§f's Profile §r§7view
12:24:35 [allowed] §eDungeons Guide §7:: §eGAMEME794§f's Profile §r§7view
12:24:39 [allowed] §8[§r§5395§r§8] §r§6[MVP§9++§6] EloWello§f§r§f: lf fumings
12:24:39 [allowed] §8[§r§e101§r§8] §r§b[MVP§6+§b] isdisagudname§f§r§f: im on 100 hours rn
12:24:41 [allowed] §9Party §8> §b[MVP§c+§b] GAMEME794§f: §rstart
12:24:43 [allowed] §8[§r§e101§r§8] §r§b[MVP§6+§b] isdisagudname§f§r§f: give me a second
12:24:49 [allowed] §8[§r§6411§r§8] §r§6[MVP§0++§6] kalabash§f§r§f: you cant even use ll
12:24:52 [allowed] §8[§r§e101§r§8] §r§b[MVP§6+§b] isdisagudname§f§r§f: You have 107 hours and 26 minutes playtime!
12:24:55 [allowed] §9Party §8> §b[MVP§c+§b] GAMEME794§f: §rstarttttt
12:25:02 [allowed] §8[§r§6411§r§8] §r§6[MVP§0++§6] kalabash§f§r§f: juju non
12:25:07 [allowed]  
12:25:08 [allowed] §8[§r§e101§r§8] §r§b[MVP§6+§b] isdisagudname§f§r§f: bro what
12:25:09 [allowed] §8[§r§5395§r§8] §r§6[MVP§9++§6] EloWello§f§r§f: dungeon non behaviour
12:25:12 [allowed] §8[§r§e101§r§8] §r§b[MVP§6+§b] isdisagudname§f§r§f: its a term
12:25:13 [allowed] §8[§r§6411§r§8] §r§6[MVP§0++§6] kalabash§f§r§f: MAGIC 8 BALL! Your bonus for this season is: +25☘ Farming Fortune and +1☯ Farming Wisdom!
12:25:15 [allowed] §8[§r§e101§r§8] §r§b[MVP§6+§b] isdisagudname§f§r§f: dyslexic?
12:25:17 [allowed] §8[§r§6411§r§8] §r§6[MVP§0++§6] kalabash§f§r§f: guess i got farming
12:25:22 [allowed] §8[§r§6411§r§8] §r§6[MVP§0++§6] kalabash§f§r§f: proof?
12:25:27 [allowed] §7The §r§aTraining Weights §r§7shatter as you remove them...
12:25:27 [allowed] §7You suddenly feel a bit stronger!
12:25:27 [allowed] §aYou gained §r§c+1❁ Strength §r§afor 2 minutes.
12:25:27 [allowed] §8The Training Weights shatter as they hit the ground.
12:25:27 [allowed] §e⚠ §aYour drops can't be seen by other players in §bSkyBlock§a!
§aOnly you can pickup your dropped items!
§eClick here to disable this alert forever!
12:25:28 [allowed] §dParty Finder §r§f> §r§aVirtueOfHumility §r§ejoined the dungeon group! (§r§bHealer Level 4§r§e)
12:25:29 [allowed] §9§m-----------------------------------------------------
12:25:29 [allowed] §6Party Members (4)
12:25:29 [allowed] §f
12:25:29 [allowed] §eParty Leader: §r§7Andreyka239 §r§a●
12:25:29 [allowed] §eParty Members: §r§7dredge4321§r§a ● §r§a[VIP] VirtueOfHumility§r§a ● §r§b[MVP§r§c+§r§b] GAMEME794§r§a ● 
12:25:29 [allowed] §9§m-----------------------------------------------------
12:25:29 [allowed] §eDungeons Guide §7:: §eVirtueOfHumility§f's Profile §r§7view
12:25:36 [allowed] §8[§r§5395§r§8] §r§6[MVP§9++§6] EloWello§f§r§f: p6?
12:25:36 [allowed] §8[§r§6411§r§8] §r§6[MVP§0++§6] kalabash§f§r§f: lf fumings?
12:25:36 [allowed]  §9§l» §7dredge4321 §eis traveling to §aDungeon Hub §e§lFOLLOW
12:25:38 [allowed] §9Party §8> §b[MVP§c+§b] GAMEME794§f: §rstart bruh
12:25:42 [allowed] §8[§r§6411§r§8] §r§6[MVP§0++§6] kalabash§f§r§f: also why term if no armor
12:25:43 [allowed] §8[§r§5395§r§8] §r§6[MVP§9++§6] EloWello§f§r§f: lf art of war
12:25:46 [allowed] §eThe §r§aTraveling Zoo §r§eis visiting the §r§bSkyBlock Hub§r§e!
12:25:46 [allowed] §e§lCLICK HERE §eto shop for §6exotic pets§e!
12:25:47 [allowed] §dParty Finder §r§f> §r§7Koaking787 §r§ejoined the dungeon group! (§r§bTank Level 2§r§e)
12:25:47 [allowed] §9§m-----------------------------------------------------
12:25:47 [allowed] §6Party Members (5)
12:25:47 [allowed] §f
12:25:47 [allowed] §eParty Leader: §r§7Andreyka239 §r§a●
12:25:47 [allowed] §eParty Members: §r§7Koaking787§r§a ● §r§7dredge4321§r§a ● §r§a[VIP] VirtueOfHumility§r§a ● §r§b[MVP§r§c+§r§b] GAMEME794§r§a ● 
12:25:47 [allowed] §9§m-----------------------------------------------------
12:25:48 [allowed] §eDungeons Guide §7:: §eKoaking787§f's Profile §r§7view
12:26:02 [allowed] §8[§r§717§r§8] §r§7dredge4321§7§r§7: BRO START!!!
12:26:04 [allowed] §9Party §8> §a[VIP] VirtueOfHumility§f: §rstart?
12:26:07 [allowed]  
12:26:12 [allowed] §8[§r§6411§r§8] §r§6[MVP§0++§6] kalabash§f§r§f: where is the duplex term
12:26:21 [allowed] §aYou have just received §r§60 coins §r§aas interest in your personal bank account!
12:26:25 [allowed] §8[§r§5395§r§8] §r§6[MVP§9++§6] EloWello§f§r§f: §r§d( ﾟ◡ﾟ)/
12:26:25 [allowed] §8[§r§5395§r§8] §r§6[MVP§9++§6] EloWello§f§r§f: cya
12:26:26 [allowed] §8[§r§6411§r§8] §r§6[MVP§0++§6] kalabash§f§r§f: Party Finder > Your dungeon group is full! Click here to warp to the dungeon!
12:26:27 [allowed] §9§m-----------------------------------------------------
12:26:27 [allowed] §6Party Members (5)
12:26:27 [allowed] §f
12:26:27 [allowed] §eParty Leader: §r§7Andreyka239 §r§a●
12:26:27 [allowed] §eParty Members: §r§7Koaking787§r§a ● §r§7dredge4321§r§a ● §r§a[VIP] VirtueOfHumility§r§a ● §r§b[MVP§r§c+§r§b] GAMEME794§r§a ● 
12:26:27 [allowed] §9§m-----------------------------------------------------
12:26:33 [allowed] §9§m-----------------------------
§r§7Andreyka239§r§7 §r§eentered §r§aThe Catacombs§r§e, §r§eEntrance§r§e!
§r§9§m-----------------------------
12:26:34 [allowed] §7Sending to server mini250K...
12:26:35 [allowed] §8 §r§8 §r§1 §r§3 §r§3 §r§7 §r§8 
12:26:37 [allowed] §7Andreyka239§r§a is now ready!
12:26:37 [allowed] §bGAMEME794§r§a is now ready!
12:26:37 [allowed] §aVirtueOfHumility§r§a is now ready!
12:26:38 [allowed] §aYou are playing on profile: §eCucumber
12:26:38 [allowed] §8Profile ID: d3b760d9-e0d9-41d4-8f47-31e118afcace
12:26:38 [allowed]  
12:26:38 [allowed]  
12:26:42 [allowed] §7dredge4321§r§a is now ready!
12:26:53 [allowed] §8[§r§a133§r§8] §r§b[MVP§r§c+§r§b] GAMEME794§r§f: ***** ready
12:27:04 [allowed] §7Koaking787§r§a is now ready!
12:27:04 [allowed] §aStarting in 4 seconds.
12:27:05 [allowed] §aStarting in 3 seconds.
12:27:06 [allowed] §aStarting in 2 seconds.
12:27:07 [allowed] §aStarting in 1 second.
12:27:08 [allowed] §e[NPC] §bMort§f: §rHere, I found this map when I first entered the dungeon.
12:27:10 [allowed] §e[NPC] §bMort§f: §rYou should find it useful if you get lost.
12:27:12 [allowed] §e[NPC] §bMort§f: §rGood luck.
12:27:14 [allowed] §a§l+5 Kill Combo §r§b+3% §r§b✯ Magic Find
12:27:14 [allowed] §7Your Witherborn hit §r§c2 §r§7enemies for §r§c1,578,537.4 §r§7damage.
12:27:20 [allowed] §a§l+10 Kill Combo §r§8+§r§610 §r§7coins per kill
12:27:24 [allowed] §9§l+15 Kill Combo §r§b+3% §r§b✯ Magic Find
12:27:28 [allowed] §c ☠ §r§7§r§7dredge4321§r§7 was killed by Crypt Dreadlord§r§7 and became a ghost§r§7.
12:27:29 [allowed] §a ❣ §r§7§r§aVirtueOfHumility §r§7is reviving §r§7dredge4321§r§7!
12:27:29 [allowed] §cYour Kill Combo has expired! You reached a 16 Kill Combo!
12:27:31 [allowed] §cYou do not have the key for this door!
12:27:33 [allowed] §6Ragnarok§r§a is ready to use! Press §r§6§lDROP§r§a to activate it!
12:27:35 [allowed] §a ❣ §r§7§r§7dredge4321§r§a was revived by §r§aVirtueOfHumility§r§a!
12:27:35 [allowed] §c◕ §r§7dredge4321 §r§epicked up your Ability Damage Orb!
12:27:36 [allowed] §7Your Witherborn hit §r§c1 §r§7enemy for §r§c1,180,767.2 §r§7damage.
12:27:39 [allowed] §a§l+5 Kill Combo §r§b+3% §r§b✯ Magic Find
12:27:39 [allowed]  
12:27:40 [allowed] §c ☠ §r§7§r§7Koaking787§r§7 was killed by Undead Skeleton§r§7 and became a ghost§r§7.
12:27:42 [allowed] §c ☠ §r§7§r§7dredge4321§r§7 was killed by Crypt Dreadlord§r§7 and became a ghost§r§7.
12:27:43 [allowed] §c◕ §r§aVirtueOfHumility §r§epicked up your Ability Damage Orb!
12:27:43 [allowed] §c ☠ §r§7§r§7Andreyka239§r§7 was killed by Crypt Souleater§r§7 and became a ghost§r§7.
12:27:44 [allowed] §c◕ §r§eYou picked up a Ability Damage Orb from §r§aVirtueOfHumility §r§ehealing you for §r§c0❤ §r§eand granting you +§r§c20% §r§eAbility Damage for §r§b10 §r§eseconds.
12:27:45 [allowed] §cThere are blocks in the way!
12:27:46 [allowed] §cYour Kill Combo has expired! You reached a 5 Kill Combo!
12:27:56 [allowed] §a ❣ §r§7§r§7Koaking787§r§a was revived!
12:27:58 [allowed] §aUsed §r§6Throwing Axe§r§a!
12:27:58 [allowed] §7Your Giant's Sword hit §r§c1 §r§7enemy for §r§c1,373,763 §r§7damage.
12:27:58 [allowed] §cThis ability is on cooldown for 10s.
12:27:58 [allowed] §cThis ability is on cooldown for 30s.
12:27:58 [allowed] §a ❣ §r§7§r§7dredge4321§r§a was revived!
12:27:59 [allowed] §a ❣ §r§7§r§7Andreyka239§r§a was revived!
12:28:00 [allowed] §c ☠ §r§7§r§aVirtueOfHumility§r§7 was killed by Skeleton Grunt§r§7 and became a ghost§r§7.
12:28:03 [allowed] §c ☠ §r§7§r§7Andreyka239§r§7 was killed by Skeleton Grunt§r§7 and became a ghost§r§7.
12:28:04 [allowed] §6Ragnarok§r§a is ready to use! Press §r§6§lDROP§r§a to activate it!
12:28:06 [allowed] §a§l+5 Kill Combo §r§b+3% §r§b✯ Magic Find
12:28:08 [allowed] §a§r§6Throwing Axe §r§ais now available!
12:28:08 [allowed] §cThere are blocks in the way!
12:28:08 [allowed] §cThere are blocks in the way!
12:28:08 [allowed] §cThere are blocks in the way!
12:28:09 [allowed] §cThere are blocks in the way!
12:28:09 [allowed] §cThere are blocks in the way!
12:28:09 [allowed] §cThere are blocks in the way!
12:28:10 [allowed] §cThere are blocks in the way!
12:28:14 [allowed] §cYour Kill Combo has expired! You reached a 5 Kill Combo!
12:28:16 [allowed] §a ❣ §r§7§r§aVirtueOfHumility§r§a was revived!
12:28:19 [allowed] §a ❣ §r§7§r§7Andreyka239§r§a was revived!
12:28:21 [allowed] §b[MVP§r§c+§r§b] GAMEME794§r§f §r§ehas obtained §r§a§r§dBlessing of Wisdom§r§e!
12:28:21 [allowed] §6§lDUNGEON BUFF! §r§fYou found a §r§dBlessing of Wisdom V§r§f! (§r§a01m 12s§r§f)
12:28:21 [allowed]      §r§7Granted you §r§a§r§a+20§r§7 & §r§a+1.1x §r§b✎ Intelligence §r§7and §r§a+20 §r§f✦ Speed§r§7.
12:28:21 [allowed] §b[MVP§r§c+§r§b] GAMEME794§r§f §r§ehas obtained §r§a§r§9Superboom TNT §r§8x2§r§e!
12:28:23 [allowed] §cThe Tripwire Trap hit you for 1,901.3 damage!
12:28:23 [allowed] §a§l+5 Kill Combo §r§b+3% §r§b✯ Magic Find
12:28:23 [allowed] §7Your Witherborn hit §r§c1 §r§7enemy for §r§c534,357.1 §r§7damage.
12:28:24 [allowed] §c ☠ §r§7§r§7Andreyka239§r§7 was killed by §r§d§lLost Adventurer§r§7 and became a ghost§r§7.
12:28:25 [allowed] §a§l+10 Kill Combo §r§8+§r§610 §r§7coins per kill
12:28:26 [allowed] §c ☠ §r§7§r§7Koaking787§r§7 was killed by Skeleton Grunt§r§7 and became a ghost§r§7.
12:28:33 [allowed] §9§l+15 Kill Combo §r§b+3% §r§b✯ Magic Find
12:28:34 [allowed] §6Ragnarok§r§a is ready to use! Press §r§6§lDROP§r§a to activate it!
12:28:35 [allowed] §7Your Witherborn hit §r§c1 §r§7enemy for §r§c51,203.9 §r§7damage.
12:28:36 [allowed] §5§l+20 Kill Combo §r§8§r§3+15☯ Combat Wisdom
12:28:36 [allowed] §3§l▬▬▬▬▬▬▬▬▬▬▬▬▬▬▬▬▬▬▬▬▬▬▬▬▬▬▬▬▬▬▬▬▬▬▬▬▬▬▬▬▬▬▬▬▬▬▬▬▬▬▬▬▬▬▬▬▬▬▬▬▬▬▬▬
12:28:36 [allowed]  
12:28:38 [allowed] §5§l+25 Kill Combo §r§b+3% §r§b✯ Magic Find
12:28:39 [allowed]  
12:28:40 [allowed] §6§lDUNGEON BUFF! §r§aVirtueOfHumility §r§ffound a §r§dBlessing of Stone II§r§f!
12:28:40 [allowed]      §r§7Granted you §r§a§r§a+8§r§7 & §r§a+1.04x §r§a❈ Defense §r§7and §r§a+12 §r§c❁ Damage§r§7.
12:28:40 [allowed] §a ❣ §r§7§r§7Andreyka239§r§a was revived!
12:28:41 [allowed] §cYour Kill Combo has expired! You reached a 26 Kill Combo!
12:28:42 [allowed] §a ❣ §r§7§r§7Koaking787§r§a was revived!
12:28:44 [allowed] §c ☠ §r§7§r§7Andreyka239§r§7 was killed by §r§d§lLost Adventurer§r§7 and became a ghost§r§7.
12:28:48 [allowed] §a§l+5 Kill Combo §r§b+3% §r§b✯ Magic Find
12:28:55 [allowed] §a ❣ §r§7§r§aVirtueOfHumility §r§7is reviving §r§7Andreyka239§r§7!
12:28:57 [allowed] §cThere are blocks in the way!
12:28:59 [allowed] §cYour Kill Combo has expired! You reached a 9 Kill Combo!
12:29:00 [allowed] §c ☠ §r§7§r§7Koaking787§r§7 died to a trap and became a ghost§r§7.
12:29:00 [allowed] §6§lDUNGEON BUFF! §r§aVirtueOfHumility §r§ffound a §r§dBlessing of Life I§r§f!
12:29:00 [allowed]      §r§7Granted you §r§a§r§a+1.03x HP §r§7and §r§a§r§a+1.03x §r§c❣ Health Regen§r§7.
12:29:01 [allowed] §a ❣ §r§7§r§7Andreyka239§r§a was revived by §r§aVirtueOfHumility§r§a!
12:29:08 [allowed] §6Ragnarok§r§a is ready to use! Press §r§6§lDROP§r§a to activate it!
12:29:08 [allowed] §cThere are blocks in the way!
12:29:09 [allowed] §aUsed §r§6Throwing Axe§r§a!
12:29:19 [allowed] §a§r§6Throwing Axe §r§ais now available!
12:29:19 [allowed] §cThere are blocks in the way!
12:29:19 [allowed] §a ❣ §r§7§r§7Koaking787§r§a was revived!
12:29:24 [allowed] §cThere are blocks in the way!
12:29:24 [allowed] §cThere are blocks in the way!
12:29:24 [allowed] §cThere are blocks in the way!
12:29:25 [allowed] §cThere are blocks in the way!
12:29:29 [allowed] §6§lDUNGEON BUFF! §r§aVirtueOfHumility §r§ffound a §r§dBlessing of Power II§r§f!
12:29:29 [allowed]      §r§7Granted you §r§a§r§a+8§r§7 & §r§a+1.04x §r§c❁ Strength§r§7.
12:29:29 [allowed]      §r§7Also granted you §r§a§r§a+8§r§7 & §r§a+1.04x §r§9☠ Crit Damage§r§7.
12:29:34 [allowed] §cThere are blocks in the way!
12:29:34 [allowed] §cThere are blocks in the way!
12:29:34 [allowed] §cThere are blocks in the way!
12:29:36 [allowed] §aUsed §r§6Throwing Axe§r§a!
12:29:38 [allowed] §cThere are blocks in the way!
12:29:38 [allowed] §6Ragnarok§r§a is ready to use! Press §r§6§lDROP§r§a to activate it!
12:29:38 [allowed] §cThere are blocks in the way!
12:29:38 [allowed] §cThere are blocks in the way!
12:29:41 [allowed] §c ☠ §r§7§r§7dredge4321§r§7 was killed by Undead Skeleton§r§7 and became a ghost§r§7.
12:29:43 [allowed]  
12:29:43 [allowed] §cThere are blocks in the way!
12:29:46 [allowed] §a§r§6Throwing Axe §r§ais now available!
12:29:46 [allowed] §cThere are blocks in the way!
12:29:56 [allowed] §cThere are blocks in the way!
12:29:57 [allowed] §a ❣ §r§7§r§7dredge4321§r§a was revived!
12:29:59 [allowed] §6§lDUNGEON BUFF! §r§aVirtueOfHumility §r§ffound a §r§dBlessing of Life I§r§f!
12:29:59 [allowed]      §r§7Granted you §r§a§r§a+1.03x HP §r§7and §r§a§r§a+1.03x §r§c❣ Health Regen§r§7.
12:30:01 [allowed] §cThis lever has already been used.
12:30:08 [allowed] §6Ragnarok§r§a is ready to use! Press §r§6§lDROP§r§a to activate it!
12:30:14 [allowed] §cThere are blocks in the way!
12:30:18 [allowed] §7Your Witherborn hit §r§c1 §r§7enemy for §r§c271,617 §r§7damage.
12:30:32 [allowed] §cThere are blocks in the way!
12:30:32 [allowed] §c ☠ §r§7§r§aVirtueOfHumility§r§7 was killed by §r§d§lLost Adventurer§r§7 and became a ghost§r§7.
12:30:32 [allowed] §cThere are blocks in the way!
12:30:32 [allowed] §cThere are blocks in the way!
12:30:32 [allowed] §a ❣ §r§7§r§aVirtueOfHumility §r§7is reviving §r§aVirtueOfHumility§r§7!
12:30:33 [allowed] §c ☠ §r§7§r§7Koaking787§r§7 died to a trap and became a ghost§r§7.
12:30:38 [allowed] §6Ragnarok§r§a is ready to use! Press §r§6§lDROP§r§a to activate it!
12:30:38 [allowed] §a ❣ §r§7§r§aVirtueOfHumility§r§a was revived by §r§aVirtueOfHumility§r§a!
12:30:42 [allowed] §a§l+5 Kill Combo §r§b+3% §r§b✯ Magic Find
12:30:43 [allowed]  
12:30:45 [allowed] §a§l+10 Kill Combo §r§8+§r§610 §r§7coins per kill
12:30:49 [allowed] §a ❣ §r§7§r§7Koaking787§r§a was revived!
12:30:50 [allowed] §cYour Kill Combo has expired! You reached a 10 Kill Combo!
12:30:53 [allowed] §cThere are blocks in the way!
12:30:56 [allowed] §cThere are blocks in the way!
12:31:03 [allowed] §cThere are blocks in the way!
12:31:08 [allowed] §6Ragnarok§r§a is ready to use! Press §r§6§lDROP§r§a to activate it!
12:31:09 [allowed] §cThere are blocks in the way!
12:31:10 [allowed] §cThere are blocks in the way!
12:31:33 [allowed] §aUsed §r§6Throwing Axe§r§a!
12:31:38 [allowed] §6Ragnarok§r§a is ready to use! Press §r§6§lDROP§r§a to activate it!
12:31:39 [allowed] §aYou earned §r§2550 GEXP §r§afrom playing SkyBlock!
12:31:43 [allowed] §a§r§6Throwing Axe §r§ais now available!
12:31:43 [allowed]  
12:31:46 [allowed] §a[VIP] VirtueOfHumility§r§f §r§ehas obtained §r§a§r§dBlessing of Life§r§e!
12:31:46 [allowed] §6§lDUNGEON BUFF! §r§aVirtueOfHumility §r§ffound a §r§dBlessing of Life V§r§f! (§r§a04m 37s§r§f)
12:31:46 [allowed]      §r§7Granted you §r§a§r§a+1.15x HP §r§7and §r§a§r§a+1.15x §r§c❣ Health Regen§r§7.
12:31:46 [allowed] §a[VIP] VirtueOfHumility§r§f §r§ehas obtained §r§a§r§6§r§8Wither Key§r§e!
12:31:46 [allowed] §e§lRIGHT CLICK §r§7on §r§7a §r§8WITHER §r§7door§r§7 to open it. This key can only be used to open §r§a1§r§7 door!
12:31:46 [allowed] §a[VIP] VirtueOfHumility§r§f §r§ehas obtained §r§a§r§9Superboom TNT§r§e!
12:31:48 [allowed] §8[§r§a133§r§8] §r§b[MVP§r§c+§r§b] GAMEME794§r§f: where the f is that key guy
12:31:50 [allowed] §cThere are blocks in the way!
12:31:51 [allowed] §a§r§aVirtueOfHumility§r§a opened a §r§8§lWITHER §r§adoor!
12:31:56 [allowed] §a§l+5 Kill Combo §r§b+3% §r§b✯ Magic Find
12:31:59 [allowed] §a§l+10 Kill Combo §r§8+§r§610 §r§7coins per kill
12:32:06 [allowed] §cYour Kill Combo has expired! You reached a 11 Kill Combo!
12:32:06 [allowed] §cThe Arrow Trap hit you for 3,450.8 damage!
12:32:08 [allowed] §6Ragnarok§r§a is ready to use! Press §r§6§lDROP§r§a to activate it!
12:32:12 [allowed] §a§l+5 Kill Combo §r§b+3% §r§b✯ Magic Find
12:32:16 [allowed] §a§l+10 Kill Combo §r§8+§r§610 §r§7coins per kill
12:32:17 [allowed] §7Your Witherborn hit §r§c1 §r§7enemy for §r§c839,700.6 §r§7damage.
12:32:24 [allowed] §cYour Kill Combo has expired! You reached a 13 Kill Combo!
12:32:29 [allowed] §cThere are blocks in the way!
12:32:38 [allowed] §6Ragnarok§r§a is ready to use! Press §r§6§lDROP§r§a to activate it!
12:32:39 [allowed] §cThere are blocks in the way!
12:32:39 [allowed] §cThere are blocks in the way!
12:32:39 [allowed] §cThere are blocks in the way!
12:32:39 [allowed] §cThere are blocks in the way!
12:32:41 [allowed] §c◕ §r§7Koaking787 §r§epicked up your Ability Damage Orb!
12:32:41 [allowed] §cThe Arrow Trap hit you for 3,450.8 damage!
12:32:43 [allowed]  
12:32:48 [allowed] §7Your Witherborn hit §r§c1 §r§7enemy for §r§c1,067,588.5 §r§7damage.
12:32:54 [allowed] §a§lPUZZLE SOLVED! §r§aVirtueOfHumility §r§etied Tic Tac Toe! §r§4G§r§co§r§6o§r§ed§r§a §r§2j§r§bo§r§3b§r§5!
12:32:59 [allowed] §6§lDUNGEON BUFF! §r§aVirtueOfHumility §r§ffound a §r§dBlessing of Life V§r§f!
12:32:59 [allowed]      §r§7Granted you §r§a§r§a+1.15x HP §r§7and §r§a§r§a+1.15x §r§c❣ Health Regen§r§7.
12:33:05 [allowed] §6§lDUNGEON BUFF! §r§fYou found a §r§dBlessing of Stone I§r§f!
12:33:05 [allowed]      §r§7Granted you §r§a§r§a+4§r§7 & §r§a+1.02x §r§a❈ Defense §r§7and §r§a+6 §r§c❁ Damage§r§7.
12:33:08 [allowed] §6Ragnarok§r§a is ready to use! Press §r§6§lDROP§r§a to activate it!
12:33:13 [allowed] §b[MVP§r§c+§r§b] GAMEME794§r§f §r§ehas obtained §r§a§r§dBlessing of Stone§r§e!
12:33:13 [allowed] §6§lDUNGEON BUFF! §r§fYou found a §r§dBlessing of Stone V§r§f! (§r§a06m 05s§r§f)
12:33:13 [allowed]      §r§7Granted you §r§a§r§a+20§r§7 & §r§a+1.1x §r§a❈ Defense §r§7and §r§a+30 §r§c❁ Damage§r§7.
12:33:13 [allowed] §b[MVP§r§c+§r§b] GAMEME794§r§f §r§ehas obtained §r§a§r§6§r§8Wither Key§r§e!
12:33:13 [allowed] §e§lRIGHT CLICK §r§7on §r§7a §r§8WITHER §r§7door§r§7 to open it. This key can only be used to open §r§a1§r§7 door!
12:33:14 [allowed] §b[MVP§r§c+§r§b] GAMEME794§r§f §r§ehas obtained §r§a§r§9Superboom TNT§r§e!
12:33:22 [allowed] §cThere are blocks in the way!
12:33:24 [allowed] §cThere are blocks in the way!
12:33:28 [allowed] §cThere are blocks in the way!
12:33:29 [allowed] §a§r§aVirtueOfHumility§r§a opened a §r§8§lWITHER §r§adoor!
12:33:35 [allowed] §a§l+5 Kill Combo §r§b+3% §r§b✯ Magic Find
12:33:37 [allowed] §c◕ §r§aVirtueOfHumility §r§epicked up your Damage Orb!
12:33:37 [allowed] §a§l+10 Kill Combo §r§8+§r§610 §r§7coins per kill
12:33:38 [allowed] §6Ragnarok§r§a is ready to use! Press §r§6§lDROP§r§a to activate it!
12:33:40 [allowed] §b[MVP§r§c+§r§b] GAMEME794§r§f §r§ehas obtained §r§a§r§c§r§cBlood Key§r§e!
12:33:40 [allowed] §e§lRIGHT CLICK §r§7on §r§7the §r§cBLOOD DOOR§r§7 to open it. This key can only be used to open §r§a1§r§7 door!
12:33:40 [allowed] §b[MVP§r§c+§r§b] GAMEME794§r§f §r§ehas obtained §r§a§r§9Superboom TNT §r§8x2§r§e!
12:33:42 [allowed] §cThe §r§c§lBLOOD DOOR§r§c has been opened!
12:33:42 [allowed] §5A shiver runs down your spine...
12:33:42 [allowed] §c[BOSS] The Watcher§r§f: Congratulations, you made it through the Entrance.
12:33:43 [allowed]  
12:33:44 [allowed] §6§lESSENCE! §r§aVirtueOfHumility §r§ffound §r§bx10 Ice Essence§r§f!
12:33:46 [allowed] §c[BOSS] The Watcher§r§f: I have been watching you closely...
12:33:49 [allowed] §c[BOSS] The Watcher§r§f: Unfortunately, for now, this is the end of the road.
12:33:50 [allowed] §cYour Kill Combo has expired! You reached a 13 Kill Combo!
12:33:53 [allowed] §c[BOSS] The Watcher§r§f: I sense many dead spirits eager to return to the living..
12:33:57 [allowed] §c[BOSS] The Watcher§r§f: I will bring some of them back. Watch this.
12:33:58 [allowed] §6§lDUNGEON BUFF! §r§aVirtueOfHumility §r§ffound a §r§dBlessing of Wisdom II§r§f!
12:33:58 [allowed]      §r§7Granted you §r§a§r§a+8§r§7 & §r§a+1.04x §r§b✎ Intelligence §r§7and §r§a+8 §r§f✦ Speed§r§7.
12:34:00 [allowed] §a§l+5 Kill Combo §r§b+3% §r§b✯ Magic Find
12:34:00 [allowed] §7Your Witherborn hit §r§c7 §r§7enemies for §r§c4,400,994.5 §r§7damage.
12:34:04 [allowed] §c[BOSS] The Watcher§r§f: You'll do.
12:34:07 [allowed] §c[BOSS] The Watcher§r§f: This guy looks like a fighter.
12:34:08 [allowed] §6Ragnarok§r§a is ready to use! Press §r§6§lDROP§r§a to activate it!
12:34:10 [allowed] §c◕ §r§aVirtueOfHumility §r§epicked up your Defense Orb!
12:34:10 [allowed] §c[BOSS] The Watcher§r§f: Let's see how you can handle this.
12:34:14 [allowed] §a§l+10 Kill Combo §r§8+§r§610 §r§7coins per kill
12:34:15 [allowed] §c[BOSS] The Watcher§r§f: Not bad.
12:34:17 [allowed] §c[BOSS] The Watcher§r§f: Aw, I liked that one.
12:34:19 [allowed] §c[BOSS] The Watcher§r§f: That one was weak anyway.
12:34:21 [allowed] §c[BOSS] The Watcher§r§f: Go and live again!
12:34:26 [allowed] §9§l+15 Kill Combo §r§b+3% §r§b✯ Magic Find
12:34:26 [allowed] §c[BOSS] The Watcher§r§f: You'll do.
12:34:30 [allowed] §c[BOSS] The Watcher§r§f: That will be enough for now.
12:34:33 [allowed] §c[BOSS] The Watcher§r§f: You have proven yourself. You may pass.
12:34:33 [allowed] §c◕ §r§7Koaking787 §r§epicked up your Damage Orb!
12:34:36 [allowed] §a§l▬▬▬▬▬▬▬▬▬▬▬▬▬▬▬▬▬▬▬▬▬▬▬▬▬▬▬▬▬▬▬▬▬▬▬▬▬▬▬▬▬▬▬▬▬▬▬▬▬▬▬▬▬▬▬▬▬▬▬▬▬▬▬▬
12:34:36 [allowed] §f                        §r§cThe Catacombs §r§8- §r§eEntrance
12:34:36 [allowed] 
12:34:36 [allowed] §f                            §r§fTeam Score: §r§a167 §r§f(§r§eB§r§f)
12:34:36 [allowed] §f                  §r§c☠ §r§eDefeated §r§cThe Watcher §r§ein §r§a07m 27s
12:34:36 [allowed] §f                             §6> §e§lEXTRA STATS §6<
12:34:36 [allowed] §f                       §r§8+§r§360.2 Catacombs Experience
12:34:36 [allowed] §f                        §r§8+§r§349.5 Berserk Experience
12:34:36 [allowed] §f                §r§8+§r§312.4 Healer Experience §r§b(Team Bonus)
12:34:36 [allowed] §f                 §r§8+§r§312.4 Tank Experience §r§b(Team Bonus)
12:34:36 [allowed] §a§l▬▬▬▬▬▬▬▬▬▬▬▬▬▬▬▬▬▬▬▬▬▬▬▬▬▬▬▬▬▬▬▬▬▬▬▬▬▬▬▬▬▬▬▬▬▬▬▬▬▬▬▬▬▬▬▬▬▬▬▬▬▬▬▬
12:34:36 [allowed] §cYour Kill Combo has expired! You reached a 17 Kill Combo!
12:34:36 [allowed] §a§l▬▬▬▬▬▬▬▬▬▬▬▬▬▬▬▬▬▬▬▬▬▬▬▬▬▬▬▬▬▬▬▬▬▬▬▬▬▬▬▬▬▬▬▬▬▬▬▬▬▬▬▬▬▬▬▬▬▬▬▬▬▬▬▬
12:34:36 [allowed] §f                    §r§cThe Catacombs §r§8- §r§eEntrance Stats
12:34:36 [allowed] 
12:34:36 [allowed] §f                            §r§fTeam Score: §r§a172 §r§f(§r§eB§r§f)
12:34:36 [allowed] 
12:34:36 [allowed] §f                  §r§fTotal Damage as Berserk: §r§a1,675,628
12:34:36 [allowed] §f                   §r§fAlly Healing: §r§a316 §r§d§l(NEW RECORD!)
12:34:36 [allowed] §f                             §r§fEnemies Killed: §r§a133
12:34:36 [allowed] §f                                   §r§fDeaths: §r§c0
12:34:36 [allowed] §f                              §r§fSecrets Found: §r§b4
12:34:36 [allowed] 
12:34:36 [allowed] §a§l▬▬▬▬▬▬▬▬▬▬▬▬▬▬▬▬▬▬▬▬▬▬▬▬▬▬▬▬▬▬▬▬▬▬▬▬▬▬▬▬▬▬▬▬▬▬▬▬▬▬▬▬▬▬▬▬▬▬▬▬▬▬▬▬
12:34:38 [allowed] §9§m-----------------------------------------------------
12:34:38 [allowed] §a[VIP] VirtueOfHumility §r§ehas left the party.
12:34:38 [allowed] §9§m-----------------------------------------------------
12:34:38 [allowed] §6Ragnarok§r§a is ready to use! Press §r§6§lDROP§r§a to activate it!
12:34:41 [allowed] §aUsed §r§6Throwing Axe§r§a!
12:34:43 [allowed]  §9§l» §7Koaking787 §eis traveling to §aDungeon Hub §e§lFOLLOW
12:34:43 [allowed]  
12:34:46 [allowed] §cWarning! §r§eThe instance will §r§cclose §r§ein §r§a10s§r§e.
12:34:46 [allowed]  §9§l» §7dredge4321 §eis traveling to §aDungeon Hub §e§lFOLLOW
12:34:47 [allowed] §9§m-----------------------------------------------------
12:34:47 [allowed] §eYou left the party.
12:34:47 [allowed] §9§m-----------------------------------------------------
12:34:51 [allowed] §a§r§6Throwing Axe §r§ais now available!
12:34:56 [allowed] §7Sending to server mini3CM...
12:34:56 [allowed] §8 §r§8 §r§1 §r§3 §r§3 §r§7 §r§8 
12:35:00 [allowed] §aYou are playing on profile: §eCucumber
12:35:00 [allowed] §8Profile ID: d3b760d9-e0d9-41d4-8f47-31e118afcace
12:35:00 [allowed]  
12:35:11 [allowed]  
12:36:11 [allowed]  
12:37:12 [allowed]  
12:37:48 [allowed] §aAttempting to add you to the party...
12:37:48 [allowed] §dParty Finder §r§f> §r§cThis group has been de-listed.
12:37:54 [allowed] §aAttempting to add you to the party...
12:37:54 [allowed] §dParty Finder §r§f> §r§bGAMEME794 §r§ejoined the dungeon group! (§r§bBerserk Level 26§r§e)
12:37:55 [allowed] §9§m-----------------------------------------------------
12:37:55 [allowed] §6Party Members (2)
12:37:55 [allowed] §f
12:37:55 [allowed] §eParty Leader: §r§a[VIP] Chintubaba1757 §r§a●
12:37:55 [allowed] §eParty Members: §r§b[MVP§r§c+§r§b] GAMEME794§r§a ● 
12:37:55 [allowed] §9§m-----------------------------------------------------
12:37:55 [allowed] §eDungeons Guide §7:: §eGAMEME794§f's Profile §r§7view
12:37:56 [allowed] §eDungeons Guide §7:: §eChintubaba1757§f's Profile §r§7view
12:37:58 [allowed] §dParty Finder §r§f> §r§7Zhezz §r§ejoined the dungeon group! (§r§bBerserk Level 19§r§e)
12:37:58 [allowed] §9§m-----------------------------------------------------
12:37:58 [allowed] §6Party Members (3)
12:37:58 [allowed] §f
12:37:58 [allowed] §eParty Leader: §r§a[VIP] Chintubaba1757 §r§a●
12:37:58 [allowed] §eParty Members: §r§7Zhezz§r§a ● §r§b[MVP§r§c+§r§b] GAMEME794§r§a ● 
12:37:58 [allowed] §9§m-----------------------------------------------------
12:37:59 [allowed] §eDungeons Guide §7:: §eZhezz§f's Profile §r§7view
12:38:00 [allowed] §dParty Finder §r§f> §r§bsketchydog §r§ejoined the dungeon group! (§r§bBerserk Level 17§r§e)
12:38:00 [allowed] §9§m-----------------------------------------------------
12:38:00 [allowed] §6Party Members (4)
12:38:00 [allowed] §f
12:38:00 [allowed] §eParty Leader: §r§a[VIP] Chintubaba1757 §r§a●
12:38:00 [allowed] §eParty Members: §r§7Zhezz§r§a ● §r§b[MVP] sketchydog§r§a ● §r§b[MVP§r§c+§r§b] GAMEME794§r§a ● 
12:38:00 [allowed] §9§m-----------------------------------------------------
12:38:01 [allowed] §eDungeons Guide §7:: §esketchydog§f's Profile §r§7view
12:38:02 [allowed] §dParty Finder §r§f> §r§aGLuoQiXi §r§ejoined the dungeon group! (§r§bBerserk Level 23§r§e)
12:38:03 [allowed] §eDungeons Guide §7:: §eGLuoQiXi§f's Profile §r§7view
12:38:03 [allowed] §9§m-----------------------------------------------------
12:38:03 [allowed] §6Party Members (5)
12:38:03 [allowed] §f
12:38:03 [allowed] §eParty Leader: §r§a[VIP] Chintubaba1757 §r§a●
12:38:03 [allowed] §eParty Members: §r§7Zhezz§r§a ● §r§a[VIP] GLuoQiXi§r§a ● §r§b[MVP] sketchydog§r§a ● §r§b[MVP§r§c+§r§b] GAMEME794§r§a ● 
12:38:03 [allowed] §9§m-----------------------------------------------------
12:38:04 [allowed] §aYou salvaged §b7 §aitems for:
12:38:04 [allowed]    §r§f55x §r§dUndead Essence§r§f!
12:38:06 [allowed] §9§m-----------------------------
§r§a[VIP] Chintubaba1757§r§f §r§eentered §r§aThe Catacombs§r§e, §r§eFloor V§r§e!
§r§9§m-----------------------------
12:38:08 [allowed] §7Sending to server mini197DU...
12:38:08 [allowed] §8 §r§8 §r§1 §r§3 §r§3 §r§7 §r§8 
12:38:10 [allowed] §aChintubaba1757§r§a is now ready!
12:38:10 [allowed] §aGLuoQiXi§r§a is now ready!
12:38:10 [allowed] §bGAMEME794§r§a is now ready!
12:38:10 [allowed] §bsketchydog§r§a is now ready!
12:38:11 [allowed] §aYou are playing on profile: §eCucumber
12:38:11 [allowed] §8Profile ID: d3b760d9-e0d9-41d4-8f47-31e118afcace
12:38:11 [allowed]  
12:38:11 [allowed]  
12:38:22 [allowed] §7Zhezz§r§a is now ready!
12:38:23 [allowed] §aStarting in 4 seconds.
12:38:24 [allowed] §aStarting in 3 seconds.
12:38:25 [allowed] §aStarting in 2 seconds.
12:38:26 [allowed] §aStarting in 1 second.
12:38:27 [allowed] §e[NPC] §bMort§f: §rHere, I found this map when I first entered the dungeon.
12:38:29 [allowed] §e[NPC] §bMort§f: §rYou should find it useful if you get lost.
12:38:29 [allowed] §e§lBerserk Milestone §r§e❶§r§7: You have dealt §r§c350,000§r§7 Total Damage so far! §r§a02s
12:38:30 [allowed] §e[NPC] §bMort§f: §rGood luck.
12:38:35 [allowed] §a§l+5 Kill Combo §r§b+3% §r§b✯ Magic Find
12:38:36 [allowed] §e§lBerserk Milestone §r§e❷§r§7: You have dealt §r§c1,750,000§r§7 Total Damage so far! §r§a09s
12:38:37 [allowed] §6Ragnarok§r§a is ready to use! Press §r§6§lDROP§r§a to activate it!
12:38:38 [allowed] §cYou do not have the key for this door!
12:38:44 [allowed] §a§l+10 Kill Combo §r§8+§r§610 §r§7coins per kill
12:38:46 [allowed] §aUsed §r§6Ragnarok§r§a!
12:38:50 [allowed] §cYour Kill Combo has expired! You reached a 10 Kill Combo!
12:38:59 [allowed] §a[VIP] GLuoQiXi§r§f §r§ehas obtained §r§a§r§6§r§8Wither Key§r§e!
12:38:59 [allowed] §e§lRIGHT CLICK §r§7on §r§7a §r§8WITHER §r§7door§r§7 to open it. This key can only be used to open §r§a1§r§7 door!
12:38:59 [allowed] §a[VIP] GLuoQiXi§r§f §r§ehas obtained §r§a§r§9Superboom TNT§r§e!
12:39:02 [allowed] §6§lDUNGEON BUFF! §r§bsketchydog §r§ffound a §r§dBlessing of Life V§r§f!
12:39:02 [allowed]      §r§7Granted you §r§a§r§a+1.18x HP §r§7and §r§a§r§a+1.18x §r§c❣ Health Regen§r§7.
12:39:04 [allowed] §a§l+5 Kill Combo §r§b+3% §r§b✯ Magic Find
12:39:05 [allowed] §a§r§aGLuoQiXi§r§a opened a §r§8§lWITHER §r§adoor!
12:39:07 [allowed] §e§lBerserk Milestone §r§e❸§r§7: You have dealt §r§c7,000,000§r§7 Total Damage so far! §r§a40s
12:39:10 [allowed] §a§l+10 Kill Combo §r§8+§r§610 §r§7coins per kill
12:39:10 [allowed] §7Your Witherborn hit §r§c1 §r§7enemy for §r§c905,927 §r§7damage.
12:39:12 [allowed]  
12:39:14 [allowed] §a[VIP] GLuoQiXi§r§f §r§ehas obtained §r§a§r§9Superboom TNT §r§8x2§r§e!
12:39:14 [allowed] §a[VIP] GLuoQiXi§r§f §r§ehas obtained §r§a§r§6§r§8Wither Key§r§e!
12:39:14 [allowed] §e§lRIGHT CLICK §r§7on §r§7a §r§8WITHER §r§7door§r§7 to open it. This key can only be used to open §r§a1§r§7 door!
12:39:14 [allowed] §6§lDUNGEON BUFF! §r§7Zhezz §r§ffound a §r§dBlessing of Life V§r§f!
12:39:14 [allowed]      §r§7Granted you §r§a§r§a+1.18x HP §r§7and §r§a§r§a+1.18x §r§c❣ Health Regen§r§7.
12:39:18 [allowed] §eDungeons Guide §7:: §eBox Solver §7:: Solution Found!
12:39:19 [allowed] §a[VIP] Chintubaba1757§r§f §r§ehas obtained §r§a§r§dBlessing of Stone§r§e!
12:39:19 [allowed] §6§lDUNGEON BUFF! §r§aChintubaba1757 §r§ffound a §r§dBlessing of Stone V§r§f! (§r§a51s§r§f)
12:39:19 [allowed]      §r§7Granted you §r§a§r§a+24§r§7 & §r§a+1.12x §r§a❈ Defense §r§7and §r§a+36 §r§c❁ Damage§r§7.
12:39:19 [allowed] §a[VIP] Chintubaba1757§r§f §r§ehas obtained §r§a§r§9Superboom TNT §r§8x2§r§e!
12:39:20 [allowed] §cYour Kill Combo has expired! You reached a 11 Kill Combo!
12:39:28 [allowed] §6§lDUNGEON BUFF! §r§7Zhezz §r§ffound a §r§dBlessing of Stone I§r§f!
12:39:28 [allowed]      §r§7Granted you §r§a§r§a+4.8§r§7 & §r§a+1.02x §r§a❈ Defense §r§7and §r§a+7.2 §r§c❁ Damage§r§7.
12:39:36 [allowed] §a§l+5 Kill Combo §r§b+3% §r§b✯ Magic Find
12:39:39 [allowed] §a§r§7Zhezz§r§a opened a §r§8§lWITHER §r§adoor!
12:39:42 [allowed] §6§lDUNGEON BUFF! §r§aGLuoQiXi §r§ffound a §r§dBlessing of Wisdom V§r§f!
12:39:42 [allowed]      §r§7Granted you §r§a§r§a+24§r§7 & §r§a+1.12x §r§b✎ Intelligence §r§7and §r§a+24 §r§f✦ Speed§r§7.
12:39:43 [allowed] §cThere are blocks in the way!
12:39:43 [allowed] §cThere are blocks in the way!
12:39:44 [allowed] §cYour Kill Combo has expired! You reached a 7 Kill Combo!
12:39:45 [allowed] §cThere are blocks in the way!
12:39:46 [allowed] §7Zhezz's §r§6Wish §r§ehealed you for §r§a0 §r§ehealth and granted you an absorption shield with §r§a5,771 §r§ehealth!
12:39:47 [allowed] §aYour Berserk §r§e§lULTIMATE§r§a §r§6Ragnarok §r§ais now available!
12:39:48 [allowed] §cThere are blocks in the way!
12:39:50 [allowed] §6§lDUNGEON BUFF! §r§aGLuoQiXi §r§ffound a §r§dBlessing of Wisdom I§r§f!
12:39:50 [allowed]      §r§7Granted you §r§a§r§a+4.8§r§7 & §r§a+1.02x §r§b✎ Intelligence §r§7and §r§a+4.8 §r§f✦ Speed§r§7.
12:39:57 [allowed] §7Zhezz§r§7 §r§ehas obtained §r§a§r§6§r§8Wither Key§r§e!
12:39:57 [allowed] §e§lRIGHT CLICK §r§7on §r§7a §r§8WITHER §r§7door§r§7 to open it. This key can only be used to open §r§a1§r§7 door!
12:39:58 [allowed] §7Zhezz§r§7 §r§ehas obtained §r§a§r§9Superboom TNT§r§e!
12:39:59 [allowed] §cThere are blocks in the way!
12:39:59 [allowed] §cThere are blocks in the way!
12:39:59 [allowed] §cThere are blocks in the way!
12:40:00 [allowed] §cThere are blocks in the way!
12:40:02 [allowed] §cThere are blocks in the way!
12:40:04 [allowed] §cYou hear the sound of something opening...
12:40:07 [allowed] §6Ragnarok§r§a is ready to use! Press §r§6§lDROP§r§a to activate it!
12:40:08 [allowed] §cThere are blocks in the way!
12:40:08 [allowed] §cThere are blocks in the way!
12:40:08 [allowed] §cThere are blocks in the way!
12:40:12 [allowed]  
12:40:19 [allowed] §6§lDUNGEON BUFF! §r§aGLuoQiXi §r§ffound a §r§dBlessing of Life V§r§f!
12:40:19 [allowed]      §r§7Granted you §r§a§r§a+1.18x HP §r§7and §r§a§r§a+1.18x §r§c❣ Health Regen§r§7.
12:40:24 [allowed] §cThere are blocks in the way!
12:40:25 [allowed] §a§r§aGLuoQiXi§r§a opened a §r§8§lWITHER §r§adoor!
12:40:37 [allowed] §cThe Arrow Trap hit you for 4,391.9 damage!
12:40:37 [allowed] §6Ragnarok§r§a is ready to use! Press §r§6§lDROP§r§a to activate it!
12:40:43 [allowed] §a[VIP] GLuoQiXi§r§f §r§ehas obtained §r§a§r§9Superboom TNT §r§8x2§r§e!
12:40:43 [allowed] §a[VIP] GLuoQiXi§r§f §r§ehas obtained §r§a§r§c§r§cBlood Key§r§e!
12:40:43 [allowed] §e§lRIGHT CLICK §r§7on §r§7the §r§cBLOOD DOOR§r§7 to open it. This key can only be used to open §r§a1§r§7 door!
12:40:45 [allowed] §cThe §r§c§lBLOOD DOOR§r§c has been opened!
12:40:45 [allowed] §5A shiver runs down your spine...
12:40:45 [allowed] §c[BOSS] The Watcher§r§f: I'm starting to get tired of seeing you around here...
12:40:45 [allowed] §cThere are blocks in the way!
12:40:46 [allowed] §cThere are blocks in the way!
12:40:49 [allowed] §c[BOSS] The Watcher§r§f: This time I've imbued my minions with special properties!
12:40:54 [allowed] §c[BOSS] The Watcher§r§f: These will be stubborn and unwilling to change!
12:40:55 [allowed] §cThere are blocks in the way!
12:40:55 [allowed] §cThere are blocks in the way!
12:40:56 [allowed] §cThere are blocks in the way!
12:41:00 [allowed] §a[VIP] Chintubaba1757§r§f §r§ehas obtained §r§a§r§9Superboom TNT§r§e!
12:41:03 [allowed] §c[BOSS] The Watcher§r§f: You'll do.
12:41:03 [allowed] §cThere are blocks in the way!
12:41:03 [allowed] §6§lDUNGEON BUFF! §r§7Zhezz §r§ffound a §r§dBlessing of Life II§r§f!
12:41:03 [allowed]      §r§7Granted you §r§a§r§a+1.07x HP §r§7and §r§a§r§a+1.07x §r§c❣ Health Regen§r§7.
12:41:03 [allowed] §cThere are blocks in the way!
12:41:03 [allowed] §cThere are blocks in the way!
12:41:04 [allowed] §cThere are blocks in the way!
12:41:05 [allowed] §cThere are blocks in the way!
12:41:05 [allowed] §cThere are blocks in the way!
12:41:05 [allowed] §cThere are blocks in the way!
12:41:06 [allowed] §c[BOSS] The Watcher§r§f: Let's see how you can handle this.
12:41:08 [allowed] §6Ragnarok§r§a is ready to use! Press §r§6§lDROP§r§a to activate it!
12:41:10 [allowed] §c[BOSS] The Watcher§r§f: Aw, I liked that one.
12:41:11 [allowed] §c[BOSS] Scarf§r§f: If you win, you live. If you lose, you die. If you don't fight, you can't win.
12:41:12 [allowed] §c[BOSS] The Watcher§r§f: Very nice.
12:41:13 [allowed]  
12:41:14 [allowed] §c[BOSS] The Watcher§r§f: You'll do.
12:41:15 [allowed] §cThere are blocks in the way!
12:41:17 [allowed] §cThere are blocks in the way!
12:41:17 [allowed] §cThere are blocks in the way!
12:41:17 [allowed] §cThere are blocks in the way!
12:41:17 [allowed] §c[BOSS] The Watcher§r§f: Very nice.
12:41:19 [allowed] §a§l+5 Kill Combo §r§b+3% §r§b✯ Magic Find
12:41:22 [allowed] §6§lDUNGEON BUFF! §r§fYou found a §r§dBlessing of Power II§r§f!
12:41:22 [allowed]      §r§7Granted you §r§a§r§a+9.6§r§7 & §r§a+1.05x §r§c❁ Strength§r§7.
12:41:22 [allowed]      §r§7Also granted you §r§a§r§a+9.6§r§7 & §r§a+1.05x §r§9☠ Crit Damage§r§7.
12:41:24 [allowed] §aUsed §r§6Throwing Axe§r§a!
12:41:26 [allowed] §cYour Kill Combo has expired! You reached a 5 Kill Combo!
12:41:30 [allowed] §6§lDUNGEON BUFF! §r§7Zhezz §r§ffound a §r§dBlessing of Stone I§r§f!
12:41:30 [allowed]      §r§7Granted you §r§a§r§a+4.8§r§7 & §r§a+1.02x §r§a❈ Defense §r§7and §r§a+7.2 §r§c❁ Damage§r§7.
12:41:34 [allowed] §cThis ability is on cooldown for 1s.
12:41:34 [allowed] §cThis ability is on cooldown for 21s.
12:41:34 [allowed] §cThis ability is on cooldown for 1s.
12:41:34 [allowed] §cThis ability is on cooldown for 21s.
12:41:34 [allowed] §a§r§6Throwing Axe §r§ais now available!
12:41:35 [allowed] §cThere are blocks in the way!
12:41:35 [allowed] §cThere are blocks in the way!
12:41:37 [allowed] §cThere are blocks in the way!
12:41:38 [allowed] §6Ragnarok§r§a is ready to use! Press §r§6§lDROP§r§a to activate it!
12:41:46 [allowed] §cThere are blocks in the way!
12:41:47 [allowed] §cThere are blocks in the way!
12:41:48 [allowed] §a[VIP] Chintubaba1757§r§f §r§ehas obtained §r§a§r§dBlessing of Wisdom§r§e!
12:41:48 [allowed] §6§lDUNGEON BUFF! §r§aChintubaba1757 §r§ffound a §r§dBlessing of Wisdom V§r§f! (§r§a03m 21s§r§f)
12:41:48 [allowed]      §r§7Granted you §r§a§r§a+24§r§7 & §r§a+1.12x §r§b✎ Intelligence §r§7and §r§a+24 §r§f✦ Speed§r§7.
12:41:48 [allowed] §a[VIP] Chintubaba1757§r§f §r§ehas obtained §r§a§r§9Superboom TNT§r§e!
12:41:49 [allowed] §c[BOSS] The Watcher§r§f: Hmmm... this one!
12:41:49 [allowed] §cThere are blocks in the way!
12:41:53 [allowed] §6§lDUNGEON BUFF! §r§fYou found a §r§dBlessing of Power I§r§f!
12:41:53 [allowed]      §r§7Granted you §r§a§r§a+4.8§r§7 & §r§a+1.02x §r§c❁ Strength§r§7.
12:41:53 [allowed]      §r§7Also granted you §r§a§r§a+4.8§r§7 & §r§a+1.02x §r§9☠ Crit Damage§r§7.
12:41:54 [allowed] §cThere are blocks in the way!
12:41:55 [allowed] §c[BOSS] The Watcher§r§f: This guy looks like a fighter.
12:41:55 [allowed] §aGLuoQiXi §r§ffound a §r§dWither Essence§r§f! Everyone gains an extra essence!
12:42:04 [allowed] §cThe Flamethrower hit you for 2,298.6 damage!
12:42:08 [allowed] §6Ragnarok§r§a is ready to use! Press §r§6§lDROP§r§a to activate it!
12:42:09 [allowed] §cThe Tripwire Trap hit you for 3,064.8 damage!
12:42:11 [allowed] §6§lDUNGEON BUFF! §r§7Zhezz §r§ffound a §r§dBlessing of Life I§r§f!
12:42:11 [allowed]      §r§7Granted you §r§a§r§a+1.04x HP §r§7and §r§a§r§a+1.04x §r§c❣ Health Regen§r§7.
12:42:13 [allowed] §c[BOSS] The Watcher§r§f: This guy looks like a fighter.
12:42:13 [allowed] §cThere are blocks in the way!
12:42:13 [allowed]  
12:42:13 [allowed] §cThere are blocks in the way!
12:42:14 [allowed] §6§lDUNGEON BUFF! §r§7Zhezz §r§ffound a §r§dBlessing of Life I§r§f!
12:42:14 [allowed]      §r§7Granted you §r§a§r§a+1.04x HP §r§7and §r§a§r§a+1.04x §r§c❣ Health Regen§r§7.
12:42:14 [allowed] §cYou hear the sound of something opening...
12:42:18 [allowed] §cThere are blocks in the way!
12:42:21 [allowed] §6§lDUNGEON BUFF! §r§fYou found a §r§dBlessing of Stone II§r§f!
12:42:21 [allowed]      §r§7Granted you §r§a§r§a+9.6§r§7 & §r§a+1.05x §r§a❈ Defense §r§7and §r§a+14.4 §r§c❁ Damage§r§7.
12:42:24 [allowed] §cThere are blocks in the way!
12:42:26 [allowed] §7Zhezz's §r§6Wish §r§ehealed you for §r§a1,696 §r§ehealth and granted you an absorption shield with §r§a7,146 §r§ehealth!
12:42:27 [allowed] §c[BOSS] The Watcher§r§f: That will be enough for now.
12:42:33 [allowed] §cThere are blocks in the way!
12:42:36 [allowed] §7Your Witherborn hit §r§c2 §r§7enemies for §r§c843,126.2 §r§7damage.
12:42:38 [allowed] §6Ragnarok§r§a is ready to use! Press §r§6§lDROP§r§a to activate it!
12:42:40 [allowed] §cThere are blocks in the way!
12:42:43 [allowed] §cThere are blocks in the way!
12:42:46 [allowed] §cThere are blocks in the way!
12:42:46 [allowed] §cThere are blocks in the way!
12:42:46 [allowed] §cThere are blocks in the way!
12:42:46 [allowed] §cThere are blocks in the way!
12:42:49 [allowed] §6§lDUNGEON BUFF! §r§aGLuoQiXi §r§ffound a §r§dBlessing of Power V§r§f!
12:42:49 [allowed]      §r§7Granted you §r§a§r§a+24§r§7 & §r§a+1.12x §r§c❁ Strength§r§7.
12:42:49 [allowed]      §r§7Also granted you §r§a§r§a+24§r§7 & §r§a+1.12x §r§9☠ Crit Damage§r§7.
12:42:55 [allowed] §7Your Witherborn hit §r§c1 §r§7enemy for §r§c594,543.6 §r§7damage.
12:42:56 [allowed] §cThere are blocks in the way!
12:42:57 [allowed] §aUsed §r§6Throwing Axe§r§a!
12:43:00 [allowed] §cThere are blocks in the way!
12:43:00 [allowed] §cThere are blocks in the way!
12:43:00 [allowed] §cThere are blocks in the way!
12:43:01 [allowed] §cThere are blocks in the way!
12:43:01 [allowed] §cThere are blocks in the way!
12:43:01 [allowed] §cThere are blocks in the way!
12:43:04 [allowed] §cThere are blocks in the way!
12:43:04 [allowed] §cThere are blocks in the way!
12:43:04 [allowed] §cThere are blocks in the way!
12:43:08 [allowed] §a§r§6Throwing Axe §r§ais now available!
12:43:09 [allowed] §6Ragnarok§r§a is ready to use! Press §r§6§lDROP§r§a to activate it!
12:43:10 [allowed] §aYou earned §r§2550 GEXP §r§afrom playing SkyBlock!
12:43:11 [allowed] §cThere are blocks in the way!
12:43:11 [allowed] §cThere are blocks in the way!
12:43:11 [allowed] §cThere are blocks in the way!
12:43:12 [allowed] §cThere are blocks in the way!
12:43:13 [allowed] §cThere are blocks in the way!
12:43:13 [allowed] §cThere are blocks in the way!
12:43:13 [allowed] §cThere are blocks in the way!
12:43:14 [allowed]  
12:43:16 [allowed] §c◕ §r§7Zhezz §r§epicked up your Damage Orb!
12:43:18 [allowed] §c[BOSS] The Watcher§r§f: Not bad.
12:43:19 [allowed] §cThere are blocks in the way!
12:43:20 [allowed] §cThere are blocks in the way!
12:43:20 [allowed] §c[BOSS] The Watcher§r§f: That one was weak anyway.
12:43:21 [allowed] §c[BOSS] The Watcher§r§f: You have proven yourself. You may pass.
12:43:25 [allowed] §c◕ §r§bsketchydog §r§epicked up your Defense Orb!
12:43:26 [allowed] §a[VIP] GLuoQiXi§r§f §r§ehas obtained §r§a§r§dBlessing of Power§r§e!
12:43:26 [allowed] §6§lDUNGEON BUFF! §r§aGLuoQiXi §r§ffound a §r§dBlessing of Power V§r§f! (§r§a04m 59s§r§f)
12:43:26 [allowed]      §r§7Granted you §r§a§r§a+24§r§7 & §r§a+1.12x §r§c❁ Strength§r§7.
12:43:26 [allowed]      §r§7Also granted you §r§a§r§a+24§r§7 & §r§a+1.12x §r§9☠ Crit Damage§r§7.
12:43:27 [allowed] §a[VIP] GLuoQiXi§r§f §r§ehas obtained §r§a§r§dBlessing of Life§r§e!
12:43:27 [allowed] §6§lDUNGEON BUFF! §r§aGLuoQiXi §r§ffound a §r§dBlessing of Life V§r§f! (§r§a05m 00s§r§f)
12:43:27 [allowed]      §r§7Granted you §r§a§r§a+1.18x HP §r§7and §r§a§r§a+1.18x §r§c❣ Health Regen§r§7.
12:43:28 [allowed] §c[BOSS] Livid§r§f: Welcome, you've arrived right on time. I am Livid, the Master of Shadows.
12:43:32 [allowed] §c[BOSS] Livid§r§f: This Orb you see, is Thorn, or what is left of him.
12:43:35 [allowed] §c[BOSS] Livid§r§f: In a way, I have to thank you for finally getting rid of him.
12:43:38 [allowed] §c[BOSS] Livid§r§f: I can now turn those Spirits into shadows of myself, identical to their creator.
12:43:39 [allowed] §6Ragnarok§r§a is ready to use! Press §r§6§lDROP§r§a to activate it!
12:43:42 [allowed] §c[BOSS] Livid§r§f: I respect you for making it to here, but I'll be your undoing.
12:43:47 [allowed] §7Your Witherborn hit §r§c1 §r§7enemy for §r§c51,467.4 §r§7damage.
12:43:50 [allowed] §aUsed §r§6Throwing Axe§r§a!
12:43:50 [allowed] §7Your Giant's Sword hit §r§c3 §r§7enemies for §r§c547,289 §r§7damage.
12:43:50 [allowed] §7Your Throwing Axe hit §r§c2 §r§7enemies for §r§c678,764.1 §r§7damage.
12:43:51 [allowed] §7Zhezz's §r§6Wish §r§ehealed you for §r§a0 §r§ehealth and granted you an absorption shield with §r§a7,910 §r§ehealth!
12:43:52 [allowed] §e§lBerserk Milestone §r§e❹§r§7: You have dealt §r§c17,500,000§r§7 Total Damage so far! §r§a05m 25s
12:43:57 [allowed] §c[BOSS] Frog Livid§r§f: Impossible! How did you figure out which one I was?!
12:44:00 [allowed] §a§r§6Throwing Axe §r§ais now available!
12:44:01 [allowed] §c[BOSS] Frog Livid§r§f: If you think this is the end, you are so wrong!
12:44:05 [allowed] §c[BOSS] Frog Livid§r§f: My shadows are everywhere, THEY WILL FIND YOU!!
12:44:06 [allowed] §a§l▬▬▬▬▬▬▬▬▬▬▬▬▬▬▬▬▬▬▬▬▬▬▬▬▬▬▬▬▬▬▬▬▬▬▬▬▬▬▬▬▬▬▬▬▬▬▬▬▬▬▬▬▬▬▬▬▬▬▬▬▬▬▬▬
12:44:06 [allowed] §f                         §r§cThe Catacombs §r§8- §r§eFloor V
12:44:06 [allowed] 
12:44:06 [allowed] §f                           §r§fTeam Score: §r§a304 §r§f(§r§b§lS+§r§f)
12:44:06 [allowed] §f                       §r§c☠ §r§eDefeated §r§cLivid §r§ein §r§a05m 39s
12:44:06 [allowed] §f                             §6> §e§lEXTRA STATS §6<
12:44:06 [allowed] §f                     §r§8+§r§36,332.9 Catacombs Experience
12:44:06 [allowed] §f                      §r§8+§r§33,472.9 Berserk Experience
12:44:06 [allowed] §f               §r§8+§r§3868.2 Healer Experience §r§b(Team Bonus)
12:44:06 [allowed] §a§l▬▬▬▬▬▬▬▬▬▬▬▬▬▬▬▬▬▬▬▬▬▬▬▬▬▬▬▬▬▬▬▬▬▬▬▬▬▬▬▬▬▬▬▬▬▬▬▬▬▬▬▬▬▬▬▬▬▬▬▬▬▬▬▬
12:44:07 [allowed] §a§l▬▬▬▬▬▬▬▬▬▬▬▬▬▬▬▬▬▬▬▬▬▬▬▬▬▬▬▬▬▬▬▬▬▬▬▬▬▬▬▬▬▬▬▬▬▬▬▬▬▬▬▬▬▬▬▬▬▬▬▬▬▬▬▬
12:44:07 [allowed] §f                     §r§cThe Catacombs §r§8- §r§eFloor V Stats
12:44:07 [allowed] 
12:44:07 [allowed] §f                           §r§fTeam Score: §r§a304 §r§f(§r§b§lS+§r§f)
12:44:07 [allowed] §f                       §r§c☠ §r§eDefeated §r§cLivid §r§ein §r§a05m 39s
12:44:07 [allowed] 
12:44:07 [allowed] §f                 §r§fTotal Damage as Berserk: §r§a21,633,694
12:44:07 [allowed] §f                              §r§fEnemies Killed: §r§a35
12:44:07 [allowed] §f                                   §r§fDeaths: §r§c0
12:44:07 [allowed] §f                             §r§fSecrets Found: §r§b11
12:44:07 [allowed] 
12:44:07 [allowed] §a§l▬▬▬▬▬▬▬▬▬▬▬▬▬▬▬▬▬▬▬▬▬▬▬▬▬▬▬▬▬▬▬▬▬▬▬▬▬▬▬▬▬▬▬▬▬▬▬▬▬▬▬▬▬▬▬▬▬▬▬▬▬▬▬▬
12:44:09 [allowed] §6Ragnarok§r§a is ready to use! Press §r§6§lDROP§r§a to activate it!
12:44:11 [allowed] §d§lRNG METER! §r§aReselected the §aEnchanted Book (§d§lLegion I§a) §afor §cCatacombs - Floor 5§a! §e§lCLICK HERE §r§ato select a new drop!
12:44:14 [allowed]  
12:44:20 [allowed] §a[VIP] GLuoQiXi§r§f §r§eunlocked §r§dWither Essence §r§8x32§r§e!
12:44:21 [allowed] §a[VIP] GLuoQiXi§r§f §r§eunlocked §r§dUndead Essence §r§8x40§r§e!
12:44:26 [allowed] §cCouldn't warp you! Try again later. §r§7(PLAYER_TRANSFER_COOLDOWN)
12:44:26 [allowed] §cCouldn't warp you! Try again later. §r§7(PLAYER_TRANSFER_COOLDOWN)
12:44:26 [allowed] §7Sending to server mini2CA...
12:44:26 [allowed] §cCouldn't warp you! Try again later. §r§7(PLAYER_TRANSFER_COOLDOWN)
12:44:27 [allowed] §8 §r§8 §r§1 §r§3 §r§3 §r§7 §r§8 
12:44:27 [allowed]  §9§l» §aGLuoQiXi §eis traveling to §aDungeon Hub §e§lFOLLOW
12:44:29 [allowed] §cThere are blocks in the way!
12:44:30 [allowed] §aYou are playing on profile: §eCucumber
12:44:30 [allowed] §8Profile ID: d3b760d9-e0d9-41d4-8f47-31e118afcace
12:44:30 [allowed]  §9§l» §7Zhezz §eis traveling to §aDungeon Hub §e§lFOLLOW
12:44:30 [allowed]  
12:44:35 [allowed] §cYou don't have any Rare items in your inventory to salvage!
12:44:35 [allowed]  §9§l» §bsketchydog §eis traveling to §aDungeon Hub §e§lFOLLOW
12:44:36 [allowed] §8[§r§6411§r§8] §r§6[MVP§0++§6] kalabash§f§r§f: Party > [MVP+] Rwob: hi willie
12:44:37 [allowed] §cWhoa! Slow down there!
12:44:38 [allowed] §cYou don't have any Epic items in your inventory to salvage!
12:45:17 [allowed] §cThere are blocks in the way!
12:45:17 [allowed] §9§m-----------------------------------------------------
12:45:17 [allowed] §a[VIP] Chintubaba1757 §r§ehas disbanded the party!
12:45:17 [allowed] §9§m-----------------------------------------------------
12:45:21 [allowed]  
12:45:25 [allowed] §c§r§eYou need the §r§dCookie Buff §r§eto use this feature!
12:45:25 [allowed] §eObtain a §r§6Booster Cookie §r§efrom the community shop in the hub!
12:45:32 [allowed] §8[§r§e87§r§8] §r§a[VIP§6+§a] Kingofmineton§f§r§f: hub
12:45:35 [allowed] §cThere are blocks in the way!
12:45:36 [allowed] §7Sending to server mini194CQ...
12:45:37 [allowed] §8 §r§8 §r§1 §r§3 §r§3 §r§7 §r§8 
12:45:40 [allowed] §aYou are playing on profile: §eCucumber
12:45:40 [allowed] §8Profile ID: d3b760d9-e0d9-41d4-8f47-31e118afcace
12:45:40 [allowed]  
12:45:43 [allowed] §aOringo §r§ebrought exotic pets for sale at the hub plaza, in front of the §r§dFlower House§r§e!
12:45:46 [allowed]  
12:46:26 [allowed] §e[NPC] §dElizabeth§f: §b✆ §f§r§fOh dear, I would add you as a contact, but I ran out of room on my Abiphone!
12:46:28 [allowed] §e[NPC] §dElizabeth§f: §b✆ §f§r§fIf you hand me an §cAbiphone Contacts Trio§f, I'll add you for sure!
12:46:28 [allowed] §a§l[GIVE ITEM] 
12:46:33 [allowed] §8[§r§e114§r§8] §r§7☃ §r§a[VIP] Bhanji69§f§r§f: yo
12:46:35 [allowed] §e[NPC] §dElizabeth§f: §b✆ §f§r§fYou can purchase an §cAbiphone Contacts Trio §ffrom the §bBits Shop§f. Just click me!
12:46:38 [allowed] §8[§r§e114§r§8] §r§7☃ §r§a[VIP] Bhanji69§f§r§f: i need help
12:46:41 [allowed] §e[NPC] §dElizabeth§f: §b✆ §f§r§fOh dear, I would add you as a contact, but I ran out of room on my Abiphone!
12:46:41 [allowed] §8[§r§e114§r§8] §r§7☃ §r§a[VIP] Bhanji69§f§r§f: financial advice
12:46:43 [allowed] §e[NPC] §dElizabeth§f: §b✆ §f§r§fIf you hand me an §cAbiphone Contacts Trio§f, I'll add you for sure!
12:46:43 [allowed] §a§l[GIVE ITEM] 
12:46:45 [allowed] §8[§r§f76§r§8] §r§b[MVP§2+§b] pratato§f§r§f: no
12:46:47 [allowed]  
12:46:48 [allowed] §8[§r§e114§r§8] §r§7☃ §r§a[VIP] Bhanji69§f§r§f: ;(
12:46:54 [allowed] §8[§r§e114§r§8] §r§7☃ §r§a[VIP] Bhanji69§f§r§f: mkc lodu
12:47:38 [allowed] §eGoal: §r§fShoot all targets in 12s
12:47:39 [allowed] §cCancelled! You cannot leave the pressure plate!
12:47:42 [allowed] §eGoal: §r§fShoot all targets in 12s
12:47:43 [allowed] §cCancelled! You cannot leave the pressure plate!
12:47:44 [allowed] §aYou earned §r§290 GEXP §r§afrom playing SkyBlock!
12:47:47 [allowed] §eGoal: §r§fShoot all targets in 12s
12:47:48 [allowed]  
12:48:02 [allowed] §cYou ran out of time!
12:48:06 [allowed] §eGoal: §r§fShoot all targets in 12s
12:48:22 [allowed] §cYou ran out of time!
12:48:26 [allowed] §eGoal: §r§fShoot all targets in 12s
12:48:42 [allowed] §cYou ran out of time!
12:48:45 [allowed] §eGoal: §r§fShoot all targets in 12s
12:48:49 [allowed]  
12:49:00 [allowed] §cYou ran out of time!
12:49:04 [allowed] §eGoal: §r§fShoot all targets in 12s
12:49:20 [allowed] §cCancelled! You cannot leave the pressure plate!
12:49:20 [allowed] §eGoal: §r§fShoot all targets in 12s
12:49:20 [allowed] §cCancelled! You cannot leave the pressure plate!
12:49:49 [allowed]  
12:50:04 [allowed] §7Sending to server mini191CF...
12:50:04 [allowed] §8 §r§8 §r§1 §r§3 §r§3 §r§7 §r§8 
12:50:07 [allowed] §aYou are playing on profile: §eCucumber
12:50:07 [allowed] §8Profile ID: d3b760d9-e0d9-41d4-8f47-31e118afcace
12:50:08 [allowed]  
12:50:12 [allowed] §aYou filled your quiver with §r§f2,714 §r§aextra arrows!
12:50:16 [allowed]  
12:50:20 [allowed] §7Sending to server mini10AE...
12:50:20 [allowed] §8 §r§8 §r§1 §r§3 §r§3 §r§7 §r§8 
12:50:23 [allowed] §aYou are playing on profile: §eCucumber
12:50:23 [allowed] §8Profile ID: d3b760d9-e0d9-41d4-8f47-31e118afcace
12:50:24 [allowed]  
12:50:26 [allowed] §aOringo §r§ebrought exotic pets for sale at the hub plaza, in front of the §r§dFlower House§r§e!
12:50:54 [allowed] §7Request join for Hub #28 (mega33A)...
12:50:54 [allowed] §7Sending to server mega33A...
12:50:55 [allowed] §8 §r§8 §r§1 §r§3 §r§3 §r§7 §r§8 
12:50:58 [allowed] §aYou are playing on profile: §eCucumber
12:50:58 [allowed] §8Profile ID: d3b760d9-e0d9-41d4-8f47-31e118afcace
12:50:58 [allowed]  
12:51:00 [allowed] §aOringo §r§ebrought exotic pets for sale at the hub plaza, in front of the §r§dFlower House§r§e!
12:51:02 [allowed] §8[§r§5395§r§8] §r§b§lꕪ §r§b[MVP§6+§b] kwratster§f§r§f: 200m at lvl 90? sus
12:51:05 [allowed] §7Request join for Hub mini195AK...
12:51:06 [allowed] §7Sending to server mini195AK...
12:51:06 [allowed] §8 §r§8 §r§1 §r§3 §r§3 §r§7 §r§8 
12:51:09 [allowed] §aYou are playing on profile: §eCucumber
12:51:09 [allowed] §8Profile ID: d3b760d9-e0d9-41d4-8f47-31e118afcace
12:51:10 [allowed]  
12:51:12 [allowed] §aOringo §r§ebrought exotic pets for sale at the hub plaza, in front of the §r§dFlower House§r§e!
12:51:21 [allowed] §eYou consumed a §r§6Booster Cookie§r§e! §r§dDelectable!
12:51:30 [allowed] §eGoal: §r§fShoot all targets in 12s
12:51:30 [allowed] §cCancelled! You cannot leave the pressure plate!
12:51:32 [allowed] §eGoal: §r§fShoot all targets in 12s
12:51:34 [allowed]  
12:51:47 [allowed] §cYou ran out of time!
12:51:50 [allowed] §eGoal: §r§fShoot all targets in 12s
12:52:05 [allowed] §cYou ran out of time!
12:52:08 [allowed] §eGoal: §r§fShoot all targets in 12s
12:52:22 [allowed] §cYou ran out of time!
12:52:24 [allowed] §eGoal: §r§fShoot all targets in 12s
12:52:29 [allowed] §aYou earned §r§233 GEXP §r§afrom playing SkyBlock!
12:52:31 [allowed] §cCancelled! You cannot leave the pressure plate!
12:52:34 [allowed]  
