12:16:08 [STASH_COMPACT] §f                 §7You have §3771 §7materials stashed away!
12:16:08 [STASH_COMPACT] §f              §8(This totals 4 types of materials stashed!)
12:16:08 [STASH_COMPACT] §f                §3§l>>> §3§lCLICK HERE§b to pick them up! §3§l<<<
12:16:08 [STASH_COMPACT]   
12:16:09 [STASH_COMPACT] §f                 §7You have §3771 §7materials stashed away!
12:16:09 [STASH_COMPACT] §f              §8(This totals 4 types of materials stashed!)
12:16:09 [STASH_COMPACT] §f                §3§l>>> §3§lCLICK HERE§b to pick them up! §3§l<<<
12:16:09 [STASH_COMPACT]   
12:17:09 [STASH_COMPACT] §f                 §7You have §3771 §7materials stashed away!
12:17:09 [STASH_COMPACT] §f              §8(This totals 4 types of materials stashed!)
12:17:09 [STASH_COMPACT] §f                §3§l>>> §3§lCLICK HERE§b to pick them up! §3§l<<<
12:17:09 [STASH_COMPACT]   
12:18:09 [STASH_COMPACT] §f                 §7You have §3771 §7materials stashed away!
12:18:09 [STASH_COMPACT] §f              §8(This totals 4 types of materials stashed!)
12:18:09 [STASH_COMPACT] §f                §3§l>>> §3§lCLICK HERE§b to pick them up! §3§l<<<
12:18:09 [STASH_COMPACT]   
12:19:09 [STASH_COMPACT] §f                 §7You have §3771 §7materials stashed away!
12:19:09 [STASH_COMPACT] §f              §8(This totals 4 types of materials stashed!)
12:19:09 [STASH_COMPACT] §f                §3§l>>> §3§lCLICK HERE§b to pick them up! §3§l<<<
12:19:09 [STASH_COMPACT]   
12:20:09 [STASH_COMPACT] §f                 §7You have §3771 §7materials stashed away!
12:20:09 [STASH_COMPACT] §f              §8(This totals 4 types of materials stashed!)
12:20:09 [STASH_COMPACT] §f                §3§l>>> §3§lCLICK HERE§b to pick them up! §3§l<<<
12:20:09 [STASH_COMPACT]   
12:20:23 [STASH_COMPACT] §f                 §7You have §3771 §7materials stashed away!
12:20:23 [STASH_COMPACT] §f              §8(This totals 4 types of materials stashed!)
12:20:23 [STASH_COMPACT] §f                §3§l>>> §3§lCLICK HERE§b to pick them up! §3§l<<<
12:20:23 [STASH_COMPACT]   
12:21:15 [STASH_COMPACT] §f                 §7You have §3771 §7materials stashed away!
12:21:15 [STASH_COMPACT] §f              §8(This totals 4 types of materials stashed!)
12:21:15 [STASH_COMPACT] §f                §3§l>>> §3§lCLICK HERE§b to pick them up! §3§l<<<
12:21:15 [STASH_COMPACT]   
12:21:16 [STASH_COMPACT] §f                 §7You have §3771 §7materials stashed away!
12:21:16 [STASH_COMPACT] §f              §8(This totals 4 types of materials stashed!)
12:21:16 [STASH_COMPACT] §f                §3§l>>> §3§lCLICK HERE§b to pick them up! §3§l<<<
12:21:16 [STASH_COMPACT]   
12:22:17 [STASH_COMPACT] §f                 §7You have §3771 §7materials stashed away!
12:22:17 [STASH_COMPACT] §f              §8(This totals 4 types of materials stashed!)
12:22:17 [STASH_COMPACT] §f                §3§l>>> §3§lCLICK HERE§b to pick them up! §3§l<<<
12:22:17 [STASH_COMPACT]   
12:23:17 [STASH_COMPACT] §f                 §7You have §3771 §7materials stashed away!
12:23:17 [STASH_COMPACT] §f              §8(This totals 4 types of materials stashed!)
12:23:17 [STASH_COMPACT] §f                §3§l>>> §3§lCLICK HERE§b to pick them up! §3§l<<<
12:23:17 [STASH_COMPACT]   
12:24:19 [STASH_COMPACT] §f                 §7You have §3771 §7materials stashed away!
12:24:19 [STASH_COMPACT] §f              §8(This totals 4 types of materials stashed!)
12:24:19 [STASH_COMPACT] §f                §3§l>>> §3§lCLICK HERE§b to pick them up! §3§l<<<
12:24:19 [STASH_COMPACT]   
12:25:07 [STASH_COMPACT] §f                 §7You have §3771 §7materials stashed away!
12:25:07 [STASH_COMPACT] §f              §8(This totals 4 types of materials stashed!)
12:25:07 [STASH_COMPACT] §f                §3§l>>> §3§lCLICK HERE§b to pick them up! §3§l<<<
12:25:07 [STASH_COMPACT]   
12:26:07 [STASH_COMPACT] §f                 §7You have §3771 §7materials stashed away!
12:26:07 [STASH_COMPACT] §f              §8(This totals 4 types of materials stashed!)
12:26:07 [STASH_COMPACT] §f                §3§l>>> §3§lCLICK HERE§b to pick them up! §3§l<<<
12:26:07 [STASH_COMPACT]   
12:26:38 [STASH_COMPACT] §f                 §7You have §3771 §7materials stashed away!
12:26:38 [STASH_COMPACT] §f              §8(This totals 4 types of materials stashed!)
12:26:38 [STASH_COMPACT] §f                §3§l>>> §3§lCLICK HERE§b to pick them up! §3§l<<<
12:26:38 [STASH_COMPACT]   
12:26:38 [STASH_COMPACT] §f                 §7You have §3771 §7materials stashed away!
12:26:38 [STASH_COMPACT] §f              §8(This totals 4 types of materials stashed!)
12:26:38 [STASH_COMPACT] §f                §3§l>>> §3§lCLICK HERE§b to pick them up! §3§l<<<
12:26:38 [STASH_COMPACT]   
12:27:39 [STASH_COMPACT] §f                 §7You have §3771 §7materials stashed away!
12:27:39 [STASH_COMPACT] §f              §8(This totals 4 types of materials stashed!)
12:27:39 [STASH_COMPACT] §f                §3§l>>> §3§lCLICK HERE§b to pick them up! §3§l<<<
12:27:39 [STASH_COMPACT]   
12:28:36 [BESTIARY] §f                                  §6§lBESTIARY
12:28:36 [BESTIARY] §f                         §b§lSkeleton Grunt §7§8X §8➡§b §bXI
12:28:36 [BESTIARY] 
12:28:36 [BESTIARY] §f                                  §r§6§lREWARDS
12:28:36 [BESTIARY] §f                     §r§8+§r§a4 Skeleton Grunt §r§b✯ Magic Find
12:28:36 [BESTIARY] §f                     §r§8+§r§a4 Skeleton Grunt §r§c❁ Strength
12:28:36 [BESTIARY] §f                         §r§8+§r§62% §r§aSkeleton Grunt §r§7coins
12:28:36 [BESTIARY] §f                    §r§8+§r§a50% §r§7chance for extra XP orbs
12:28:36 [BESTIARY] §f                               §r§8+§r§b1 SkyBlock XP
12:28:36 [BESTIARY] 
12:28:36 [BESTIARY] §3§l▬▬▬▬▬▬▬▬▬▬▬▬▬▬▬▬▬▬▬▬▬▬▬▬▬▬▬▬▬▬▬▬▬▬▬▬▬▬▬▬▬▬▬▬▬▬▬▬▬▬▬▬▬▬▬▬▬▬▬▬▬▬▬▬
12:28:39 [STASH_COMPACT] §f                 §7You have §3771 §7materials stashed away!
12:28:39 [STASH_COMPACT] §f              §8(This totals 4 types of materials stashed!)
12:28:39 [STASH_COMPACT] §f                §3§l>>> §3§lCLICK HERE§b to pick them up! §3§l<<<
12:28:39 [STASH_COMPACT]   
12:29:43 [STASH_COMPACT] §f                 §7You have §3771 §7materials stashed away!
12:29:43 [STASH_COMPACT] §f              §8(This totals 4 types of materials stashed!)
12:29:43 [STASH_COMPACT] §f                §3§l>>> §3§lCLICK HERE§b to pick them up! §3§l<<<
12:29:43 [STASH_COMPACT]   
12:30:43 [STASH_COMPACT] §f                 §7You have §3771 §7materials stashed away!
12:30:43 [STASH_COMPACT] §f              §8(This totals 4 types of materials stashed!)
12:30:43 [STASH_COMPACT] §f                §3§l>>> §3§lCLICK HERE§b to pick them up! §3§l<<<
12:30:43 [STASH_COMPACT]   
12:31:43 [STASH_COMPACT] §f                 §7You have §3771 §7materials stashed away!
12:31:43 [STASH_COMPACT] §f              §8(This totals 4 types of materials stashed!)
12:31:43 [STASH_COMPACT] §f                §3§l>>> §3§lCLICK HERE§b to pick them up! §3§l<<<
12:31:43 [STASH_COMPACT]   
12:32:43 [STASH_COMPACT] §f                 §7You have §3771 §7materials stashed away!
12:32:43 [STASH_COMPACT] §f              §8(This totals 4 types of materials stashed!)
12:32:43 [STASH_COMPACT] §f                §3§l>>> §3§lCLICK HERE§b to pick them up! §3§l<<<
12:32:43 [STASH_COMPACT]   
12:33:43 [STASH_COMPACT] §f                 §7You have §3771 §7materials stashed away!
12:33:43 [STASH_COMPACT] §f              §8(This totals 4 types of materials stashed!)
12:33:43 [STASH_COMPACT] §f                §3§l>>> §3§lCLICK HERE§b to pick them up! §3§l<<<
12:33:43 [STASH_COMPACT]   
12:34:43 [STASH_COMPACT] §f                 §7You have §3771 §7materials stashed away!
12:34:43 [STASH_COMPACT] §f              §8(This totals 4 types of materials stashed!)
12:34:43 [STASH_COMPACT] §f                §3§l>>> §3§lCLICK HERE§b to pick them up! §3§l<<<
12:34:43 [STASH_COMPACT]   
12:35:00 [STASH_COMPACT] §f                 §7You have §3771 §7materials stashed away!
12:35:00 [STASH_COMPACT] §f              §8(This totals 4 types of materials stashed!)
12:35:00 [STASH_COMPACT] §f                §3§l>>> §3§lCLICK HERE§b to pick them up! §3§l<<<
12:35:00 [STASH_COMPACT]   
12:35:11 [STASH_COMPACT] §f                 §7You have §3771 §7materials stashed away!
12:35:11 [STASH_COMPACT] §f              §8(This totals 4 types of materials stashed!)
12:35:11 [STASH_COMPACT] §f                §3§l>>> §3§lCLICK HERE§b to pick them up! §3§l<<<
12:35:11 [STASH_COMPACT]   
12:36:11 [STASH_COMPACT] §f                 §7You have §3771 §7materials stashed away!
12:36:11 [STASH_COMPACT] §f              §8(This totals 4 types of materials stashed!)
12:36:11 [STASH_COMPACT] §f                §3§l>>> §3§lCLICK HERE§b to pick them up! §3§l<<<
12:36:11 [STASH_COMPACT]   
12:37:12 [STASH_COMPACT] §f                 §7You have §3771 §7materials stashed away!
12:37:12 [STASH_COMPACT] §f              §8(This totals 4 types of materials stashed!)
12:37:12 [STASH_COMPACT] §f                §3§l>>> §3§lCLICK HERE§b to pick them up! §3§l<<<
12:37:12 [STASH_COMPACT]   
12:38:11 [STASH_COMPACT] §f                 §7You have §3771 §7materials stashed away!
12:38:11 [STASH_COMPACT] §f              §8(This totals 4 types of materials stashed!)
12:38:11 [STASH_COMPACT] §f                §3§l>>> §3§lCLICK HERE§b to pick them up! §3§l<<<
12:38:11 [STASH_COMPACT]   
12:38:12 [STASH_COMPACT] §f                 §7You have §3771 §7materials stashed away!
12:38:12 [STASH_COMPACT] §f              §8(This totals 4 types of materials stashed!)
12:38:12 [STASH_COMPACT] §f                §3§l>>> §3§lCLICK HERE§b to pick them up! §3§l<<<
12:38:12 [STASH_COMPACT]   
12:39:12 [STASH_COMPACT] §f                 §7You have §3771 §7materials stashed away!
12:39:12 [STASH_COMPACT] §f              §8(This totals 4 types of materials stashed!)
12:39:12 [STASH_COMPACT] §f                §3§l>>> §3§lCLICK HERE§b to pick them up! §3§l<<<
12:39:12 [STASH_COMPACT]   
12:40:12 [STASH_COMPACT] §f                 §7You have §3771 §7materials stashed away!
12:40:12 [STASH_COMPACT] §f              §8(This totals 4 types of materials stashed!)
12:40:12 [STASH_COMPACT] §f                §3§l>>> §3§lCLICK HERE§b to pick them up! §3§l<<<
12:40:12 [STASH_COMPACT]   
12:41:13 [STASH_COMPACT] §f                 §7You have §3771 §7materials stashed away!
12:41:13 [STASH_COMPACT] §f              §8(This totals 4 types of materials stashed!)
12:41:13 [STASH_COMPACT] §f                §3§l>>> §3§lCLICK HERE§b to pick them up! §3§l<<<
12:41:13 [STASH_COMPACT]   
12:42:13 [STASH_COMPACT] §f                 §7You have §3771 §7materials stashed away!
12:42:13 [STASH_COMPACT] §f              §8(This totals 4 types of materials stashed!)
12:42:13 [STASH_COMPACT] §f                §3§l>>> §3§lCLICK HERE§b to pick them up! §3§l<<<
12:42:13 [STASH_COMPACT]   
12:43:14 [STASH_COMPACT] §f                 §7You have §3771 §7materials stashed away!
12:43:14 [STASH_COMPACT] §f              §8(This totals 4 types of materials stashed!)
12:43:14 [STASH_COMPACT] §f                §3§l>>> §3§lCLICK HERE§b to pick them up! §3§l<<<
12:43:14 [STASH_COMPACT]   
12:44:14 [STASH_COMPACT] §f                 §7You have §3771 §7materials stashed away!
12:44:14 [STASH_COMPACT] §f              §8(This totals 4 types of materials stashed!)
12:44:14 [STASH_COMPACT] §f                §3§l>>> §3§lCLICK HERE§b to pick them up! §3§l<<<
12:44:14 [STASH_COMPACT]   
12:44:30 [STASH_COMPACT] §f                 §7You have §3771 §7materials stashed away!
12:44:30 [STASH_COMPACT] §f              §8(This totals 4 types of materials stashed!)
12:44:30 [STASH_COMPACT] §f                §3§l>>> §3§lCLICK HERE§b to pick them up! §3§l<<<
12:44:30 [STASH_COMPACT]   
12:45:21 [STASH_COMPACT] §f                 §7You have §3771 §7materials stashed away!
12:45:21 [STASH_COMPACT] §f              §8(This totals 4 types of materials stashed!)
12:45:21 [STASH_COMPACT] §f                §3§l>>> §3§lCLICK HERE§b to pick them up! §3§l<<<
12:45:21 [STASH_COMPACT]   
12:45:40 [STASH_COMPACT] §f                 §7You have §3771 §7materials stashed away!
12:45:40 [STASH_COMPACT] §f              §8(This totals 4 types of materials stashed!)
12:45:40 [STASH_COMPACT] §f                §3§l>>> §3§lCLICK HERE§b to pick them up! §3§l<<<
12:45:40 [STASH_COMPACT]   
12:45:47 [STASH_COMPACT] §f                 §7You have §3771 §7materials stashed away!
12:45:47 [STASH_COMPACT] §f              §8(This totals 4 types of materials stashed!)
12:45:47 [STASH_COMPACT] §f                §3§l>>> §3§lCLICK HERE§b to pick them up! §3§l<<<
12:45:47 [STASH_COMPACT]   
12:46:47 [STASH_COMPACT] §f                 §7You have §3771 §7materials stashed away!
12:46:47 [STASH_COMPACT] §f              §8(This totals 4 types of materials stashed!)
12:46:47 [STASH_COMPACT] §f                §3§l>>> §3§lCLICK HERE§b to pick them up! §3§l<<<
12:46:47 [STASH_COMPACT]   
12:47:48 [STASH_COMPACT] §f                 §7You have §3771 §7materials stashed away!
12:47:48 [STASH_COMPACT] §f              §8(This totals 4 types of materials stashed!)
12:47:48 [STASH_COMPACT] §f                §3§l>>> §3§lCLICK HERE§b to pick them up! §3§l<<<
12:47:48 [STASH_COMPACT]   
12:48:49 [STASH_COMPACT] §f                 §7You have §3771 §7materials stashed away!
12:48:49 [STASH_COMPACT] §f              §8(This totals 4 types of materials stashed!)
12:48:49 [STASH_COMPACT] §f                §3§l>>> §3§lCLICK HERE§b to pick them up! §3§l<<<
12:48:49 [STASH_COMPACT]   
12:49:49 [STASH_COMPACT] §f                 §7You have §3771 §7materials stashed away!
12:49:49 [STASH_COMPACT] §f              §8(This totals 4 types of materials stashed!)
12:49:49 [STASH_COMPACT] §f                §3§l>>> §3§lCLICK HERE§b to pick them up! §3§l<<<
12:49:49 [STASH_COMPACT]   
12:50:08 [STASH_COMPACT] §f                 §7You have §3771 §7materials stashed away!
12:50:08 [STASH_COMPACT] §f              §8(This totals 4 types of materials stashed!)
12:50:08 [STASH_COMPACT] §f                §3§l>>> §3§lCLICK HERE§b to pick them up! §3§l<<<
12:50:08 [STASH_COMPACT]   
12:50:16 [STASH_COMPACT] §f                 §7You have §3771 §7materials stashed away!
12:50:16 [STASH_COMPACT] §f              §8(This totals 4 types of materials stashed!)
12:50:16 [STASH_COMPACT] §f                §3§l>>> §3§lCLICK HERE§b to pick them up! §3§l<<<
12:50:16 [STASH_COMPACT]   
12:50:24 [STASH_COMPACT] §f                 §7You have §3771 §7materials stashed away!
12:50:24 [STASH_COMPACT] §f              §8(This totals 4 types of materials stashed!)
12:50:24 [STASH_COMPACT] §f                §3§l>>> §3§lCLICK HERE§b to pick them up! §3§l<<<
12:50:24 [STASH_COMPACT]   
12:50:58 [STASH_COMPACT] §f                 §7You have §3771 §7materials stashed away!
12:50:58 [STASH_COMPACT] §f              §8(This totals 4 types of materials stashed!)
12:50:58 [STASH_COMPACT] §f                §3§l>>> §3§lCLICK HERE§b to pick them up! §3§l<<<
12:50:58 [STASH_COMPACT]   
12:51:10 [STASH_COMPACT] §f                 §7You have §3771 §7materials stashed away!
12:51:10 [STASH_COMPACT] §f              §8(This totals 4 types of materials stashed!)
12:51:10 [STASH_COMPACT] §f                §3§l>>> §3§lCLICK HERE§b to pick them up! §3§l<<<
12:51:10 [STASH_COMPACT]   
12:51:34 [STASH_COMPACT] §f                 §7You have §3771 §7materials stashed away!
12:51:34 [STASH_COMPACT] §f              §8(This totals 4 types of materials stashed!)
12:51:34 [STASH_COMPACT] §f                §3§l>>> §3§lCLICK HERE§b to pick them up! §3§l<<<
12:51:34 [STASH_COMPACT]   
12:52:34 [STASH_COMPACT] §f                 §7You have §3771 §7materials stashed away!
12:52:34 [STASH_COMPACT] §f              §8(This totals 4 types of materials stashed!)
12:52:34 [STASH_COMPACT] §f                §3§l>>> §3§lCLICK HERE§b to pick them up! §3§l<<<
12:52:34 [STASH_COMPACT]   
