12:38:10 DWARVEN_MINES
12:38:49 NONE
12:38:49 PRIVATE_ISLAND
12:38:55 NONE
12:38:56 CRYSTAL_HOLLOWS
12:41:48 NONE
12:41:49 PRIVATE_ISLAND
12:41:52 NONE
12:41:53 CRYSTAL_HOLLOWS
13:09:16 NONE
13:09:17 HUB
13:29:21 HUB
13:33:33 NONE
13:33:34 DUNGEON_HUB
13:34:27 NONE
13:34:28 CATACOMBS
13:40:33 NONE
13:40:36 PRIVATE_ISLAND
13:40:48 NONE
13:41:15 CATACOMBS
13:49:34 NONE
13:49:35 DUNGEON_HUB
13:58:06 NONE
13:58:06 CATACOMBS
13:58:13 NONE
13:58:14 PRIVATE_ISLAND
13:58:21 NONE
13:58:21 DUNGEON_HUB
13:59:36 NONE
13:59:37 CATACOMBS
14:01:57 NONE
14:01:58 DUNGEON_HUB
14:02:03 NONE
14:02:04 CATACOMBS
14:11:19 NONE
14:11:20 DUNGEON_HUB
14:11:47 CATACOMBS
14:20:05 NONE
14:20:05 DUNGEON_HUB
14:20:20 NONE
14:20:20 CATACOMBS
14:28:28 DUNGEON_HUB
14:30:01 CATACOMBS
14:38:20 NONE
14:38:21 DUNGEON_HUB
14:39:48 CATACOMBS
14:46:19 NONE
14:46:19 DUNGEON_HUB
14:47:39 NONE
14:47:39 CATACOMBS
14:54:28 NONE
14:54:29 DUNGEON_HUB
14:57:09 NONE
14:57:10 PRIVATE_ISLAND
