18:46:24 §f                 §7You have §3812 §7materials stashed away!
18:46:24 §f              §8(This totals 6 types of materials stashed!)
18:46:24 §f                §3§l>>> §3§lCLICK HERE§b to pick them up! §3§l<<<
18:46:24   
18:46:25 §f                 §7You have §3812 §7materials stashed away!
18:46:25 §f              §8(This totals 6 types of materials stashed!)
18:46:25 §f                §3§l>>> §3§lCLICK HERE§b to pick them up! §3§l<<<
18:46:25   
18:47:25 §f                 §7You have §3812 §7materials stashed away!
18:47:25 §f              §8(This totals 6 types of materials stashed!)
18:47:25 §f                §3§l>>> §3§lCLICK HERE§b to pick them up! §3§l<<<
18:47:25   
18:48:25 §f                 §7You have §3812 §7materials stashed away!
18:48:25 §f              §8(This totals 6 types of materials stashed!)
18:48:25 §f                §3§l>>> §3§lCLICK HERE§b to pick them up! §3§l<<<
18:48:25   
18:49:25 §f                 §7You have §3812 §7materials stashed away!
18:49:25 §f              §8(This totals 6 types of materials stashed!)
18:49:25 §f                §3§l>>> §3§lCLICK HERE§b to pick them up! §3§l<<<
18:49:25   
18:50:14 §f                 §7You have §3812 §7materials stashed away!
18:50:14 §f              §8(This totals 6 types of materials stashed!)
18:50:14 §f                §3§l>>> §3§lCLICK HERE§b to pick them up! §3§l<<<
18:50:14   
18:50:15 §f                 §7You have §3812 §7materials stashed away!
18:50:15 §f              §8(This totals 6 types of materials stashed!)
18:50:15 §f                §3§l>>> §3§lCLICK HERE§b to pick them up! §3§l<<<
18:50:15   
18:50:21 §f                 §7You have §3812 §7materials stashed away!
18:50:21 §f              §8(This totals 6 types of materials stashed!)
18:50:21 §f                §3§l>>> §3§lCLICK HERE§b to pick them up! §3§l<<<
18:50:21   
18:51:11 §f                 §7You have §3812 §7materials stashed away!
18:51:11 §f              §8(This totals 6 types of materials stashed!)
18:51:11 §f                §3§l>>> §3§lCLICK HERE§b to pick them up! §3§l<<<
18:51:11   
18:51:14 §f                 §7You have §3812 §7materials stashed away!
18:51:14 §f              §8(This totals 6 types of materials stashed!)
18:51:14 §f                §3§l>>> §3§lCLICK HERE§b to pick them up! §3§l<<<
18:51:14   
18:51:18 §f                 §7You have §3812 §7materials stashed away!
18:51:18 §f              §8(This totals 6 types of materials stashed!)
18:51:18 §f                §3§l>>> §3§lCLICK HERE§b to pick them up! §3§l<<<
18:51:18   
18:52:15 §f                 §7You have §3812 §7materials stashed away!
18:52:15 §f              §8(This totals 6 types of materials stashed!)
18:52:15 §f                §3§l>>> §3§lCLICK HERE§b to pick them up! §3§l<<<
18:52:15   
18:53:15 §f                 §7You have §3812 §7materials stashed away!
18:53:15 §f              §8(This totals 6 types of materials stashed!)
18:53:15 §f                §3§l>>> §3§lCLICK HERE§b to pick them up! §3§l<<<
18:53:16   
18:54:16 §f                 §7You have §3812 §7materials stashed away!
18:54:16 §f              §8(This totals 6 types of materials stashed!)
18:54:16 §f                §3§l>>> §3§lCLICK HERE§b to pick them up! §3§l<<<
18:54:16   
18:55:16 §f                 §7You have §3812 §7materials stashed away!
18:55:16 §f              §8(This totals 6 types of materials stashed!)
18:55:16 §f                §3§l>>> §3§lCLICK HERE§b to pick them up! §3§l<<<
18:55:16   
18:56:17 §f                 §7You have §3812 §7materials stashed away!
18:56:17 §f              §8(This totals 6 types of materials stashed!)
18:56:17 §f                §3§l>>> §3§lCLICK HERE§b to pick them up! §3§l<<<
18:56:17   
18:57:18 §f                 §7You have §3812 §7materials stashed away!
18:57:18 §f              §8(This totals 6 types of materials stashed!)
18:57:18 §f                §3§l>>> §3§lCLICK HERE§b to pick them up! §3§l<<<
18:57:18   
18:58:18 §f                 §7You have §3812 §7materials stashed away!
18:58:18 §f              §8(This totals 6 types of materials stashed!)
18:58:18 §f                §3§l>>> §3§lCLICK HERE§b to pick them up! §3§l<<<
18:58:18   
18:59:18 §f                 §7You have §3812 §7materials stashed away!
18:59:18 §f              §8(This totals 6 types of materials stashed!)
18:59:18 §f                §3§l>>> §3§lCLICK HERE§b to pick them up! §3§l<<<
18:59:18   
19:00:19 §f                 §7You have §3812 §7materials stashed away!
19:00:19 §f              §8(This totals 6 types of materials stashed!)
19:00:19 §f                §3§l>>> §3§lCLICK HERE§b to pick them up! §3§l<<<
19:00:19   
19:01:19 §f                 §7You have §3812 §7materials stashed away!
19:01:19 §f              §8(This totals 6 types of materials stashed!)
19:01:19 §f                §3§l>>> §3§lCLICK HERE§b to pick them up! §3§l<<<
19:01:19   
19:02:20 §f                 §7You have §3812 §7materials stashed away!
19:02:20 §f              §8(This totals 6 types of materials stashed!)
19:02:20 §f                §3§l>>> §3§lCLICK HERE§b to pick them up! §3§l<<<
19:02:20   
19:03:20 §f                 §7You have §3812 §7materials stashed away!
19:03:20 §f              §8(This totals 6 types of materials stashed!)
19:03:20 §f                §3§l>>> §3§lCLICK HERE§b to pick them up! §3§l<<<
19:03:20   
19:04:21 §f                 §7You have §3812 §7materials stashed away!
19:04:21 §f              §8(This totals 6 types of materials stashed!)
19:04:21 §f                §3§l>>> §3§lCLICK HERE§b to pick them up! §3§l<<<
19:04:21   
19:05:21 §f                 §7You have §3812 §7materials stashed away!
19:05:21 §f              §8(This totals 6 types of materials stashed!)
19:05:21 §f                §3§l>>> §3§lCLICK HERE§b to pick them up! §3§l<<<
19:05:21   
19:06:22 §f                 §7You have §3812 §7materials stashed away!
19:06:22 §f              §8(This totals 6 types of materials stashed!)
19:06:22 §f                §3§l>>> §3§lCLICK HERE§b to pick them up! §3§l<<<
19:06:22   
19:07:22 §f                 §7You have §3812 §7materials stashed away!
19:07:22 §f              §8(This totals 6 types of materials stashed!)
19:07:22 §f                §3§l>>> §3§lCLICK HERE§b to pick them up! §3§l<<<
19:07:22   
19:08:23 §f                 §7You have §3812 §7materials stashed away!
19:08:23 §f              §8(This totals 6 types of materials stashed!)
19:08:23 §f                §3§l>>> §3§lCLICK HERE§b to pick them up! §3§l<<<
19:08:23   
19:09:23 §f                 §7You have §3812 §7materials stashed away!
19:09:23 §f              §8(This totals 6 types of materials stashed!)
19:09:23 §f                §3§l>>> §3§lCLICK HERE§b to pick them up! §3§l<<<
19:09:23   
19:10:24 §f                 §7You have §3812 §7materials stashed away!
19:10:24 §f              §8(This totals 6 types of materials stashed!)
19:10:24 §f                §3§l>>> §3§lCLICK HERE§b to pick them up! §3§l<<<
19:10:24   
19:11:24 §f                 §7You have §3812 §7materials stashed away!
19:11:24 §f              §8(This totals 6 types of materials stashed!)
19:11:24 §f                §3§l>>> §3§lCLICK HERE§b to pick them up! §3§l<<<
19:11:24   
19:12:24 §f                 §7You have §3812 §7materials stashed away!
19:12:24 §f              §8(This totals 6 types of materials stashed!)
19:12:24 §f                §3§l>>> §3§lCLICK HERE§b to pick them up! §3§l<<<
19:12:24   
19:13:25 §f                 §7You have §3812 §7materials stashed away!
19:13:25 §f              §8(This totals 6 types of materials stashed!)
19:13:25 §f                §3§l>>> §3§lCLICK HERE§b to pick them up! §3§l<<<
19:13:25   
19:13:55 §eOne or more items didn't fit in your inventory and were added to your material stash! §6Click here §eto pick them up!
19:13:55 §eOne or more items didn't fit in your inventory and were added to your item stash! §6Click here §eto pick them up!
19:13:57 §eOne or more items didn't fit in your inventory and were added to your material stash! §6Click here §eto pick them up!
19:13:57 §eOne or more items didn't fit in your inventory and were added to your item stash! §6Click here §eto pick them up!
19:13:57 §eOne or more items didn't fit in your inventory and were added to your item stash! §6Click here §eto pick them up!
19:14:25 §f                     §7You have §a1 §7item stashed away!
19:14:25 §f                  §6§l>>> §6§lCLICK HERE§e to pick it up! §6§l<<<
19:14:25   
19:14:25 §f                 §7You have §3814 §7materials stashed away!
19:14:25 §f              §8(This totals 8 types of materials stashed!)
19:14:25 §f                §3§l>>> §3§lCLICK HERE§b to pick them up! §3§l<<<
19:14:25   
19:15:26 §f                     §7You have §a1 §7item stashed away!
19:15:26 §f                  §6§l>>> §6§lCLICK HERE§e to pick it up! §6§l<<<
19:15:26   
19:15:26 §f                 §7You have §3814 §7materials stashed away!
19:15:26 §f              §8(This totals 8 types of materials stashed!)
19:15:26 §f                §3§l>>> §3§lCLICK HERE§b to pick them up! §3§l<<<
19:15:26   
19:16:26 §f                     §7You have §a1 §7item stashed away!
19:16:26 §f                  §6§l>>> §6§lCLICK HERE§e to pick it up! §6§l<<<
19:16:26   
19:16:26 §f                 §7You have §3814 §7materials stashed away!
19:16:26 §f              §8(This totals 8 types of materials stashed!)
19:16:26 §f                §3§l>>> §3§lCLICK HERE§b to pick them up! §3§l<<<
19:16:26   
19:17:27 §f                     §7You have §a1 §7item stashed away!
19:17:27 §f                  §6§l>>> §6§lCLICK HERE§e to pick it up! §6§l<<<
19:17:27   
19:17:27 §f                 §7You have §3814 §7materials stashed away!
19:17:27 §f              §8(This totals 8 types of materials stashed!)
19:17:27 §f                §3§l>>> §3§lCLICK HERE§b to pick them up! §3§l<<<
19:17:27   
19:18:27 §eOne or more items didn't fit in your inventory and were added to your material stash! §6Click here §eto pick them up!
19:18:27 §eOne or more items didn't fit in your inventory and were added to your item stash! §6Click here §eto pick them up!
19:18:27 §f                     §7You have §a1 §7item stashed away!
19:18:27 §f                  §6§l>>> §6§lCLICK HERE§e to pick it up! §6§l<<<
19:18:27   
19:18:27 §f                 §7You have §3815 §7materials stashed away!
19:18:27 §f              §8(This totals 9 types of materials stashed!)
19:18:27 §f                §3§l>>> §3§lCLICK HERE§b to pick them up! §3§l<<<
19:18:27   
19:18:27 §eOne or more items didn't fit in your inventory and were added to your item stash! §6Click here §eto pick them up!
19:18:59 §eOne or more items didn't fit in your inventory and were added to your item stash! §6Click here §eto pick them up!
19:19:02 §eOne or more items didn't fit in your inventory and were added to your material stash! §6Click here §eto pick them up!
19:19:02 §eOne or more items didn't fit in your inventory and were added to your item stash! §6Click here §eto pick them up!
19:19:06 §eOne or more items didn't fit in your inventory and were added to your item stash! §6Click here §eto pick them up!
19:19:11 §eOne or more items didn't fit in your inventory and were added to your item stash! §6Click here §eto pick them up!
19:19:13 §eOne or more items didn't fit in your inventory and were added to your material stash! §6Click here §eto pick them up!
19:19:13 §eOne or more items didn't fit in your inventory and were added to your item stash! §6Click here §eto pick them up!
19:19:14 §eOne or more items didn't fit in your inventory and were added to your item stash! §6Click here §eto pick them up!
19:19:28 §f                     §7You have §a6 §7items stashed away!
19:19:28 §f                §6§l>>> §6§lCLICK HERE§e to pick them up! §6§l<<<
19:19:28   
19:19:28 §f                 §7You have §3817 §7materials stashed away!
19:19:28 §f             §8(This totals 10 types of materials stashed!)
19:19:28 §f                §3§l>>> §3§lCLICK HERE§b to pick them up! §3§l<<<
19:19:28   
19:20:11 §eOne or more items didn't fit in your inventory and were added to your item stash! §6Click here §eto pick them up!
19:20:14 §eOne or more items didn't fit in your inventory and were added to your item stash! §6Click here §eto pick them up!
19:20:17 §eOne or more items didn't fit in your inventory and were added to your item stash! §6Click here §eto pick them up!
19:20:19 §eOne or more items didn't fit in your inventory and were added to your item stash! §6Click here §eto pick them up!
19:20:20 §eOne or more items didn't fit in your inventory and were added to your item stash! §6Click here §eto pick them up!
19:20:25 §eOne or more items didn't fit in your inventory and were added to your item stash! §6Click here §eto pick them up!
19:20:28 §f                    §7You have §a12 §7items stashed away!
19:20:28 §f                §6§l>>> §6§lCLICK HERE§e to pick them up! §6§l<<<
19:20:28   
19:20:28 §f                 §7You have §3817 §7materials stashed away!
19:20:28 §f             §8(This totals 10 types of materials stashed!)
19:20:28 §f                §3§l>>> §3§lCLICK HERE§b to pick them up! §3§l<<<
19:20:28   
19:20:32 §eOne or more items didn't fit in your inventory and were added to your item stash! §6Click here §eto pick them up!
19:20:33 §eOne or more items didn't fit in your inventory and were added to your item stash! §6Click here §eto pick them up!
19:21:29 §f                    §7You have §a14 §7items stashed away!
19:21:29 §f                §6§l>>> §6§lCLICK HERE§e to pick them up! §6§l<<<
19:21:29   
19:21:29 §f                 §7You have §3817 §7materials stashed away!
19:21:29 §f             §8(This totals 10 types of materials stashed!)
19:21:29 §f                §3§l>>> §3§lCLICK HERE§b to pick them up! §3§l<<<
19:21:29   
19:22:29 §f                    §7You have §a14 §7items stashed away!
19:22:29 §f                §6§l>>> §6§lCLICK HERE§e to pick them up! §6§l<<<
19:22:29   
19:22:29 §f                 §7You have §3817 §7materials stashed away!
19:22:29 §f             §8(This totals 10 types of materials stashed!)
19:22:29 §f                §3§l>>> §3§lCLICK HERE§b to pick them up! §3§l<<<
19:22:29   
19:23:29 §f                    §7You have §a14 §7items stashed away!
19:23:29 §f                §6§l>>> §6§lCLICK HERE§e to pick them up! §6§l<<<
19:23:29   
19:23:29 §f                 §7You have §3817 §7materials stashed away!
19:23:29 §f             §8(This totals 10 types of materials stashed!)
19:23:29 §f                §3§l>>> §3§lCLICK HERE§b to pick them up! §3§l<<<
19:23:29   
19:24:30 §f                    §7You have §a14 §7items stashed away!
19:24:30 §f                §6§l>>> §6§lCLICK HERE§e to pick them up! §6§l<<<
19:24:30   
19:24:30 §f                 §7You have §3817 §7materials stashed away!
19:24:30 §f             §8(This totals 10 types of materials stashed!)
19:24:30 §f                §3§l>>> §3§lCLICK HERE§b to pick them up! §3§l<<<
19:24:30   
19:25:31 §f                    §7You have §a14 §7items stashed away!
19:25:31 §f                §6§l>>> §6§lCLICK HERE§e to pick them up! §6§l<<<
19:25:31   
19:25:31 §f                 §7You have §3817 §7materials stashed away!
19:25:31 §f             §8(This totals 10 types of materials stashed!)
19:25:31 §f                §3§l>>> §3§lCLICK HERE§b to pick them up! §3§l<<<
19:25:31   
19:25:52 §f                    §7You have §a14 §7items stashed away!
19:25:52 §f                §6§l>>> §6§lCLICK HERE§e to pick them up! §6§l<<<
19:25:52   
19:25:52 §f                 §7You have §3817 §7materials stashed away!
19:25:52 §f             §8(This totals 10 types of materials stashed!)
19:25:52 §f                §3§l>>> §3§lCLICK HERE§b to pick them up! §3§l<<<
19:25:52   
19:25:53 §f                    §7You have §a14 §7items stashed away!
19:25:53 §f                §6§l>>> §6§lCLICK HERE§e to pick them up! §6§l<<<
19:25:53   
19:25:53 §f                 §7You have §3817 §7materials stashed away!
19:25:53 §f             §8(This totals 10 types of materials stashed!)
19:25:53 §f                §3§l>>> §3§lCLICK HERE§b to pick them up! §3§l<<<
19:25:53   
19:26:53 §f                    §7You have §a14 §7items stashed away!
19:26:53 §f                §6§l>>> §6§lCLICK HERE§e to pick them up! §6§l<<<
19:26:53   
19:26:53 §f                 §7You have §3817 §7materials stashed away!
19:26:53 §f             §8(This totals 10 types of materials stashed!)
19:26:53 §f                §3§l>>> §3§lCLICK HERE§b to pick them up! §3§l<<<
19:26:53   
19:27:54 §f                    §7You have §a14 §7items stashed away!
19:27:54 §f                §6§l>>> §6§lCLICK HERE§e to pick them up! §6§l<<<
19:27:54   
19:27:54 §f                 §7You have §3817 §7materials stashed away!
19:27:54 §f             §8(This totals 10 types of materials stashed!)
19:27:54 §f                §3§l>>> §3§lCLICK HERE§b to pick them up! §3§l<<<
19:27:54   
19:28:54 §f                    §7You have §a14 §7items stashed away!
19:28:54 §f                §6§l>>> §6§lCLICK HERE§e to pick them up! §6§l<<<
19:28:54   
19:28:54 §f                 §7You have §3817 §7materials stashed away!
19:28:54 §f             §8(This totals 10 types of materials stashed!)
19:28:54 §f                §3§l>>> §3§lCLICK HERE§b to pick them up! §3§l<<<
19:28:54   
19:29:54 §f                    §7You have §a14 §7items stashed away!
19:29:54 §f                §6§l>>> §6§lCLICK HERE§e to pick them up! §6§l<<<
19:29:54   
19:29:54 §f                 §7You have §3817 §7materials stashed away!
19:29:54 §f             §8(This totals 10 types of materials stashed!)
19:29:54 §f                §3§l>>> §3§lCLICK HERE§b to pick them up! §3§l<<<
19:29:54   
19:30:54 §f                    §7You have §a13 §7items stashed away!
19:30:54 §f                §6§l>>> §6§lCLICK HERE§e to pick them up! §6§l<<<
19:30:54   
19:30:54 §f                 §7You have §3817 §7materials stashed away!
19:30:54 §f             §8(This totals 10 types of materials stashed!)
19:30:54 §f                §3§l>>> §3§lCLICK HERE§b to pick them up! §3§l<<<
19:30:54   
19:31:54 §f                 §7You have §3817 §7materials stashed away!
19:31:54 §f             §8(This totals 10 types of materials stashed!)
19:31:54 §f                §3§l>>> §3§lCLICK HERE§b to pick them up! §3§l<<<
19:31:54   
19:32:54 §f                 §7You have §3817 §7materials stashed away!
19:32:54 §f             §8(This totals 10 types of materials stashed!)
19:32:54 §f                §3§l>>> §3§lCLICK HERE§b to pick them up! §3§l<<<
19:32:54   
19:33:54 §f                 §7You have §3817 §7materials stashed away!
19:33:54 §f             §8(This totals 10 types of materials stashed!)
19:33:54 §f                §3§l>>> §3§lCLICK HERE§b to pick them up! §3§l<<<
19:33:54   
19:34:54 §f                 §7You have §3817 §7materials stashed away!
19:34:54 §f             §8(This totals 10 types of materials stashed!)
19:34:54 §f                §3§l>>> §3§lCLICK HERE§b to pick them up! §3§l<<<
19:34:54   
19:35:55 §f                 §7You have §3817 §7materials stashed away!
19:35:55 §f             §8(This totals 10 types of materials stashed!)
19:35:55 §f                §3§l>>> §3§lCLICK HERE§b to pick them up! §3§l<<<
19:35:55   
19:36:55 §f                 §7You have §3817 §7materials stashed away!
19:36:55 §f             §8(This totals 10 types of materials stashed!)
19:36:55 §f                §3§l>>> §3§lCLICK HERE§b to pick them up! §3§l<<<
19:36:55   
19:37:55 §f                 §7You have §3817 §7materials stashed away!
19:37:55 §f             §8(This totals 10 types of materials stashed!)
19:37:55 §f                §3§l>>> §3§lCLICK HERE§b to pick them up! §3§l<<<
19:37:55   
19:38:55 §f                 §7You have §3817 §7materials stashed away!
19:38:55 §f             §8(This totals 10 types of materials stashed!)
19:38:55 §f                §3§l>>> §3§lCLICK HERE§b to pick them up! §3§l<<<
19:38:55   
19:39:55 §f                 §7You have §3817 §7materials stashed away!
19:39:55 §f             §8(This totals 10 types of materials stashed!)
19:39:55 §f                §3§l>>> §3§lCLICK HERE§b to pick them up! §3§l<<<
19:39:55   
19:40:55 §f                 §7You have §3817 §7materials stashed away!
19:40:55 §f             §8(This totals 10 types of materials stashed!)
19:40:55 §f                §3§l>>> §3§lCLICK HERE§b to pick them up! §3§l<<<
19:40:55   
19:41:55 §f                 §7You have §3817 §7materials stashed away!
19:41:55 §f             §8(This totals 10 types of materials stashed!)
19:41:55 §f                §3§l>>> §3§lCLICK HERE§b to pick them up! §3§l<<<
19:41:55   
19:42:55 §f                 §7You have §3817 §7materials stashed away!
19:42:55 §f             §8(This totals 10 types of materials stashed!)
19:42:55 §f                §3§l>>> §3§lCLICK HERE§b to pick them up! §3§l<<<
19:42:55   
19:43:55 §f                 §7You have §3817 §7materials stashed away!
19:43:55 §f             §8(This totals 10 types of materials stashed!)
19:43:55 §f                §3§l>>> §3§lCLICK HERE§b to pick them up! §3§l<<<
19:43:55   
19:44:55 §f                 §7You have §3817 §7materials stashed away!
19:44:55 §f             §8(This totals 10 types of materials stashed!)
19:44:55 §f                §3§l>>> §3§lCLICK HERE§b to pick them up! §3§l<<<
19:44:55   
19:45:56 §f                 §7You have §3817 §7materials stashed away!
19:45:56 §f             §8(This totals 10 types of materials stashed!)
19:45:56 §f                §3§l>>> §3§lCLICK HERE§b to pick them up! §3§l<<<
19:45:56   
19:46:56 §f                 §7You have §3817 §7materials stashed away!
19:46:56 §f             §8(This totals 10 types of materials stashed!)
19:46:56 §f                §3§l>>> §3§lCLICK HERE§b to pick them up! §3§l<<<
19:46:56   
19:47:56 §f                 §7You have §3817 §7materials stashed away!
19:47:56 §f             §8(This totals 10 types of materials stashed!)
19:47:56 §f                §3§l>>> §3§lCLICK HERE§b to pick them up! §3§l<<<
19:47:56   
19:48:56 §f                 §7You have §3817 §7materials stashed away!
19:48:56 §f             §8(This totals 10 types of materials stashed!)
19:48:56 §f                §3§l>>> §3§lCLICK HERE§b to pick them up! §3§l<<<
19:48:56   
19:49:56 §f                 §7You have §3817 §7materials stashed away!
19:49:56 §f             §8(This totals 10 types of materials stashed!)
19:49:56 §f                §3§l>>> §3§lCLICK HERE§b to pick them up! §3§l<<<
19:49:56   
19:50:56 §f                 §7You have §3817 §7materials stashed away!
19:50:56 §f             §8(This totals 10 types of materials stashed!)
19:50:56 §f                §3§l>>> §3§lCLICK HERE§b to pick them up! §3§l<<<
19:50:56   
19:51:56 §f                 §7You have §3817 §7materials stashed away!
19:51:56 §f             §8(This totals 10 types of materials stashed!)
19:51:56 §f                §3§l>>> §3§lCLICK HERE§b to pick them up! §3§l<<<
19:51:56   
19:52:27 §f                 §7You have §3817 §7materials stashed away!
19:52:27 §f             §8(This totals 10 types of materials stashed!)
19:52:27 §f                §3§l>>> §3§lCLICK HERE§b to pick them up! §3§l<<<
19:52:27   
19:53:09 §f                 §7You have §3817 §7materials stashed away!
19:53:09 §f             §8(This totals 10 types of materials stashed!)
19:53:09 §f                §3§l>>> §3§lCLICK HERE§b to pick them up! §3§l<<<
19:53:09   
19:54:09 §f                 §7You have §3817 §7materials stashed away!
19:54:09 §f             §8(This totals 10 types of materials stashed!)
19:54:09 §f                §3§l>>> §3§lCLICK HERE§b to pick them up! §3§l<<<
19:54:09   
19:55:10 §f                 §7You have §3817 §7materials stashed away!
19:55:10 §f             §8(This totals 10 types of materials stashed!)
19:55:10 §f                §3§l>>> §3§lCLICK HERE§b to pick them up! §3§l<<<
19:55:10   
19:56:10 §f                 §7You have §3817 §7materials stashed away!
19:56:10 §f             §8(This totals 10 types of materials stashed!)
19:56:10 §f                §3§l>>> §3§lCLICK HERE§b to pick them up! §3§l<<<
19:56:10   
19:57:10 §f                 §7You have §3817 §7materials stashed away!
19:57:10 §f             §8(This totals 10 types of materials stashed!)
19:57:10 §f                §3§l>>> §3§lCLICK HERE§b to pick them up! §3§l<<<
19:57:10   
19:58:11 §f                 §7You have §3817 §7materials stashed away!
19:58:11 §f             §8(This totals 10 types of materials stashed!)
19:58:11 §f                §3§l>>> §3§lCLICK HERE§b to pick them up! §3§l<<<
19:58:11   
19:59:11 §f                 §7You have §3817 §7materials stashed away!
19:59:11 §f             §8(This totals 10 types of materials stashed!)
19:59:11 §f                §3§l>>> §3§lCLICK HERE§b to pick them up! §3§l<<<
19:59:11   
20:00:11 §f                 §7You have §3817 §7materials stashed away!
20:00:11 §f             §8(This totals 10 types of materials stashed!)
20:00:11 §f                §3§l>>> §3§lCLICK HERE§b to pick them up! §3§l<<<
20:00:11   
20:01:12 §f                 §7You have §3817 §7materials stashed away!
20:01:12 §f             §8(This totals 10 types of materials stashed!)
20:01:12 §f                §3§l>>> §3§lCLICK HERE§b to pick them up! §3§l<<<
20:01:12   
20:01:27 §f                 §7You have §3817 §7materials stashed away!
20:01:27 §f             §8(This totals 10 types of materials stashed!)
20:01:27 §f                §3§l>>> §3§lCLICK HERE§b to pick them up! §3§l<<<
20:01:27   
20:01:28 §f                 §7You have §3817 §7materials stashed away!
20:01:28 §f             §8(This totals 10 types of materials stashed!)
20:01:28 §f                §3§l>>> §3§lCLICK HERE§b to pick them up! §3§l<<<
20:01:28   
20:02:45 §f                 §7You have §3817 §7materials stashed away!
20:02:45 §f             §8(This totals 10 types of materials stashed!)
20:02:45 §f                §3§l>>> §3§lCLICK HERE§b to pick them up! §3§l<<<
20:02:45   
20:03:46 §f                 §7You have §3817 §7materials stashed away!
20:03:46 §f             §8(This totals 10 types of materials stashed!)
20:03:46 §f                §3§l>>> §3§lCLICK HERE§b to pick them up! §3§l<<<
20:03:46   
20:04:52 §f                 §7You have §3817 §7materials stashed away!
20:04:52 §f             §8(This totals 10 types of materials stashed!)
20:04:52 §f                §3§l>>> §3§lCLICK HERE§b to pick them up! §3§l<<<
20:04:52   
20:05:46 §f                 §7You have §3817 §7materials stashed away!
20:05:46 §f             §8(This totals 10 types of materials stashed!)
20:05:46 §f                §3§l>>> §3§lCLICK HERE§b to pick them up! §3§l<<<
20:05:46   
20:05:46 §f                 §7You have §3817 §7materials stashed away!
20:05:46 §f             §8(This totals 10 types of materials stashed!)
20:05:46 §f                §3§l>>> §3§lCLICK HERE§b to pick them up! §3§l<<<
20:05:46   
20:06:47 §f                 §7You have §3817 §7materials stashed away!
20:06:47 §f             §8(This totals 10 types of materials stashed!)
20:06:47 §f                §3§l>>> §3§lCLICK HERE§b to pick them up! §3§l<<<
20:06:47   
20:07:48 §f                 §7You have §3817 §7materials stashed away!
20:07:48 §f             §8(This totals 10 types of materials stashed!)
20:07:48 §f                §3§l>>> §3§lCLICK HERE§b to pick them up! §3§l<<<
20:07:48   
20:08:48 §f                 §7You have §3817 §7materials stashed away!
20:08:48 §f             §8(This totals 10 types of materials stashed!)
20:08:48 §f                §3§l>>> §3§lCLICK HERE§b to pick them up! §3§l<<<
20:08:48   
20:09:49 §f                 §7You have §3817 §7materials stashed away!
20:09:49 §f             §8(This totals 10 types of materials stashed!)
20:09:49 §f                §3§l>>> §3§lCLICK HERE§b to pick them up! §3§l<<<
20:09:49   
20:10:28 §f                 §7You have §3817 §7materials stashed away!
20:10:28 §f             §8(This totals 10 types of materials stashed!)
20:10:28 §f                §3§l>>> §3§lCLICK HERE§b to pick them up! §3§l<<<
20:10:28   
20:11:05 §f                 §7You have §3817 §7materials stashed away!
20:11:05 §f             §8(This totals 10 types of materials stashed!)
20:11:05 §f                §3§l>>> §3§lCLICK HERE§b to pick them up! §3§l<<<
20:11:05   
20:11:42 §f                 §7You have §3817 §7materials stashed away!
20:11:42 §f             §8(This totals 10 types of materials stashed!)
20:11:42 §f                §3§l>>> §3§lCLICK HERE§b to pick them up! §3§l<<<
20:11:42   
20:11:42 §f                 §7You have §3817 §7materials stashed away!
20:11:42 §f             §8(This totals 10 types of materials stashed!)
20:11:42 §f                §3§l>>> §3§lCLICK HERE§b to pick them up! §3§l<<<
20:11:42   
20:12:43 §f                 §7You have §3817 §7materials stashed away!
20:12:43 §f             §8(This totals 10 types of materials stashed!)
20:12:43 §f                §3§l>>> §3§lCLICK HERE§b to pick them up! §3§l<<<
20:12:43   
20:13:44 §f                 §7You have §3817 §7materials stashed away!
20:13:44 §f             §8(This totals 10 types of materials stashed!)
20:13:44 §f                §3§l>>> §3§lCLICK HERE§b to pick them up! §3§l<<<
20:13:44   
20:14:44 §f                 §7You have §3817 §7materials stashed away!
20:14:44 §f             §8(This totals 10 types of materials stashed!)
20:14:44 §f                §3§l>>> §3§lCLICK HERE§b to pick them up! §3§l<<<
20:14:44   
20:15:44 §f                 §7You have §3817 §7materials stashed away!
20:15:44 §f             §8(This totals 10 types of materials stashed!)
20:15:44 §f                §3§l>>> §3§lCLICK HERE§b to pick them up! §3§l<<<
20:15:44   
20:16:10 §f                 §7You have §3817 §7materials stashed away!
20:16:10 §f             §8(This totals 10 types of materials stashed!)
20:16:10 §f                §3§l>>> §3§lCLICK HERE§b to pick them up! §3§l<<<
20:16:10   
20:16:10 §f                 §7You have §3817 §7materials stashed away!
20:16:10 §f             §8(This totals 10 types of materials stashed!)
20:16:10 §f                §3§l>>> §3§lCLICK HERE§b to pick them up! §3§l<<<
20:16:10   
20:17:14 §f                 §7You have §3817 §7materials stashed away!
20:17:14 §f             §8(This totals 10 types of materials stashed!)
20:17:14 §f                §3§l>>> §3§lCLICK HERE§b to pick them up! §3§l<<<
20:17:14   
20:18:16 §f                 §7You have §3817 §7materials stashed away!
20:18:16 §f             §8(This totals 10 types of materials stashed!)
20:18:16 §f                §3§l>>> §3§lCLICK HERE§b to pick them up! §3§l<<<
20:18:16   
20:19:17 §f                 §7You have §3817 §7materials stashed away!
20:19:17 §f             §8(This totals 10 types of materials stashed!)
20:19:17 §f                §3§l>>> §3§lCLICK HERE§b to pick them up! §3§l<<<
20:19:17   
20:19:39 §f                 §7You have §3817 §7materials stashed away!
20:19:39 §f             §8(This totals 10 types of materials stashed!)
20:19:39 §f                §3§l>>> §3§lCLICK HERE§b to pick them up! §3§l<<<
20:19:39   
20:19:40 §f                 §7You have §3817 §7materials stashed away!
20:19:40 §f             §8(This totals 10 types of materials stashed!)
20:19:40 §f                §3§l>>> §3§lCLICK HERE§b to pick them up! §3§l<<<
20:19:40   
20:20:40 §f                 §7You have §3817 §7materials stashed away!
20:20:40 §f             §8(This totals 10 types of materials stashed!)
20:20:40 §f                §3§l>>> §3§lCLICK HERE§b to pick them up! §3§l<<<
20:20:40   
20:21:42 §f                 §7You have §3817 §7materials stashed away!
20:21:42 §f             §8(This totals 10 types of materials stashed!)
20:21:42 §f                §3§l>>> §3§lCLICK HERE§b to pick them up! §3§l<<<
20:21:42   
20:22:42 §f                 §7You have §3817 §7materials stashed away!
20:22:42 §f             §8(This totals 10 types of materials stashed!)
20:22:42 §f                §3§l>>> §3§lCLICK HERE§b to pick them up! §3§l<<<
20:22:42   
20:23:40 §f                 §7You have §3817 §7materials stashed away!
20:23:40 §f             §8(This totals 10 types of materials stashed!)
20:23:40 §f                §3§l>>> §3§lCLICK HERE§b to pick them up! §3§l<<<
20:23:40   
20:24:18 §f                 §7You have §3817 §7materials stashed away!
20:24:18 §f             §8(This totals 10 types of materials stashed!)
20:24:18 §f                §3§l>>> §3§lCLICK HERE§b to pick them up! §3§l<<<
20:24:18   
20:24:48 §f                 §7You have §3817 §7materials stashed away!
20:24:48 §f             §8(This totals 10 types of materials stashed!)
20:24:48 §f                §3§l>>> §3§lCLICK HERE§b to pick them up! §3§l<<<
20:24:48   
20:25:21 §f                 §7You have §3817 §7materials stashed away!
20:25:21 §f             §8(This totals 10 types of materials stashed!)
20:25:21 §f                §3§l>>> §3§lCLICK HERE§b to pick them up! §3§l<<<
20:25:21   
20:25:43 §f                 §7You have §3817 §7materials stashed away!
20:25:43 §f             §8(This totals 10 types of materials stashed!)
20:25:43 §f                §3§l>>> §3§lCLICK HERE§b to pick them up! §3§l<<<
20:25:43   
20:25:44 §f                 §7You have §3817 §7materials stashed away!
20:25:44 §f             §8(This totals 10 types of materials stashed!)
20:25:44 §f                §3§l>>> §3§lCLICK HERE§b to pick them up! §3§l<<<
20:25:44   
20:26:44 §f                 §7You have §3817 §7materials stashed away!
20:26:44 §f             §8(This totals 10 types of materials stashed!)
20:26:44 §f                §3§l>>> §3§lCLICK HERE§b to pick them up! §3§l<<<
20:26:44   
20:27:44 §f                 §7You have §3817 §7materials stashed away!
20:27:44 §f             §8(This totals 10 types of materials stashed!)
20:27:44 §f                §3§l>>> §3§lCLICK HERE§b to pick them up! §3§l<<<
20:27:44   
20:28:37 §f                 §7You have §3817 §7materials stashed away!
20:28:37 §f             §8(This totals 10 types of materials stashed!)
20:28:37 §f                §3§l>>> §3§lCLICK HERE§b to pick them up! §3§l<<<
20:28:37   
20:29:18 §f                 §7You have §3817 §7materials stashed away!
20:29:18 §f             §8(This totals 10 types of materials stashed!)
20:29:18 §f                §3§l>>> §3§lCLICK HERE§b to pick them up! §3§l<<<
20:29:18   
20:30:02 §f                 §7You have §3817 §7materials stashed away!
20:30:02 §f             §8(This totals 10 types of materials stashed!)
20:30:02 §f                §3§l>>> §3§lCLICK HERE§b to pick them up! §3§l<<<
20:30:02   
20:30:02 §f                 §7You have §3817 §7materials stashed away!
20:30:02 §f             §8(This totals 10 types of materials stashed!)
20:30:02 §f                §3§l>>> §3§lCLICK HERE§b to pick them up! §3§l<<<
20:30:02   
20:31:04 §f                 §7You have §3817 §7materials stashed away!
20:31:04 §f             §8(This totals 10 types of materials stashed!)
20:31:04 §f                §3§l>>> §3§lCLICK HERE§b to pick them up! §3§l<<<
20:31:04   
20:32:04 §f                 §7You have §3817 §7materials stashed away!
20:32:04 §f             §8(This totals 10 types of materials stashed!)
20:32:04 §f                §3§l>>> §3§lCLICK HERE§b to pick them up! §3§l<<<
20:32:04   
20:33:04 §f                 §7You have §3817 §7materials stashed away!
20:33:04 §f             §8(This totals 10 types of materials stashed!)
20:33:04 §f                §3§l>>> §3§lCLICK HERE§b to pick them up! §3§l<<<
20:33:04   
20:34:04 §f                 §7You have §3817 §7materials stashed away!
20:34:04 §f             §8(This totals 10 types of materials stashed!)
20:34:04 §f                §3§l>>> §3§lCLICK HERE§b to pick them up! §3§l<<<
20:34:04   
20:35:09 §f                 §7You have §3817 §7materials stashed away!
20:35:09 §f             §8(This totals 10 types of materials stashed!)
20:35:09 §f                §3§l>>> §3§lCLICK HERE§b to pick them up! §3§l<<<
20:35:09   
20:36:09 §f                 §7You have §3817 §7materials stashed away!
20:36:09 §f             §8(This totals 10 types of materials stashed!)
20:36:09 §f                §3§l>>> §3§lCLICK HERE§b to pick them up! §3§l<<<
20:36:09   
20:37:09 §f                 §7You have §3817 §7materials stashed away!
20:37:09 §f             §8(This totals 10 types of materials stashed!)
20:37:09 §f                §3§l>>> §3§lCLICK HERE§b to pick them up! §3§l<<<
20:37:09   
20:38:10 §f                 §7You have §3817 §7materials stashed away!
20:38:10 §f             §8(This totals 10 types of materials stashed!)
20:38:10 §f                §3§l>>> §3§lCLICK HERE§b to pick them up! §3§l<<<
20:38:10   
20:39:10 §f                 §7You have §3817 §7materials stashed away!
20:39:10 §f             §8(This totals 10 types of materials stashed!)
20:39:10 §f                §3§l>>> §3§lCLICK HERE§b to pick them up! §3§l<<<
20:39:10   
20:40:10 §f                 §7You have §3817 §7materials stashed away!
20:40:10 §f             §8(This totals 10 types of materials stashed!)
20:40:10 §f                §3§l>>> §3§lCLICK HERE§b to pick them up! §3§l<<<
20:40:10   
20:40:43 §f                 §7You have §3817 §7materials stashed away!
20:40:43 §f             §8(This totals 10 types of materials stashed!)
20:40:43 §f                §3§l>>> §3§lCLICK HERE§b to pick them up! §3§l<<<
20:40:43   
20:41:12 §f                 §7You have §3817 §7materials stashed away!
20:41:12 §f             §8(This totals 10 types of materials stashed!)
20:41:12 §f                §3§l>>> §3§lCLICK HERE§b to pick them up! §3§l<<<
20:41:12   
