17:54:36 §f                 §7You have §3817 §7materials stashed away!
17:54:36 §f             §8(This totals 10 types of materials stashed!)
17:54:36 §f                §3§l>>> §3§lCLICK HERE§b to pick them up! §3§l<<<
17:54:36   
17:55:25 §f                 §7You have §3817 §7materials stashed away!
17:55:25 §f             §8(This totals 10 types of materials stashed!)
17:55:25 §f                §3§l>>> §3§lCLICK HERE§b to pick them up! §3§l<<<
17:55:25   
17:56:26 §f                 §7You have §3817 §7materials stashed away!
17:56:26 §f             §8(This totals 10 types of materials stashed!)
17:56:26 §f                §3§l>>> §3§lCLICK HERE§b to pick them up! §3§l<<<
17:56:26   
17:56:59 §f                 §7You have §3817 §7materials stashed away!
17:56:59 §f             §8(This totals 10 types of materials stashed!)
17:56:59 §f                §3§l>>> §3§lCLICK HERE§b to pick them up! §3§l<<<
17:56:59   
17:56:59 §f                 §7You have §3817 §7materials stashed away!
17:56:59 §f             §8(This totals 10 types of materials stashed!)
17:56:59 §f                §3§l>>> §3§lCLICK HERE§b to pick them up! §3§l<<<
17:56:59   
17:57:59 §f                 §7You have §3817 §7materials stashed away!
17:57:59 §f             §8(This totals 10 types of materials stashed!)
17:57:59 §f                §3§l>>> §3§lCLICK HERE§b to pick them up! §3§l<<<
17:57:59   
17:59:01 §f                 §7You have §3817 §7materials stashed away!
17:59:01 §f             §8(This totals 10 types of materials stashed!)
17:59:01 §f                §3§l>>> §3§lCLICK HERE§b to pick them up! §3§l<<<
17:59:01   
18:00:01 §f                 §7You have §3817 §7materials stashed away!
18:00:01 §f             §8(This totals 10 types of materials stashed!)
18:00:01 §f                §3§l>>> §3§lCLICK HERE§b to pick them up! §3§l<<<
18:00:01   
18:01:01 §f                 §7You have §3817 §7materials stashed away!
18:01:01 §f             §8(This totals 10 types of materials stashed!)
18:01:01 §f                §3§l>>> §3§lCLICK HERE§b to pick them up! §3§l<<<
18:01:01   
18:02:01 §f                 §7You have §3817 §7materials stashed away!
18:02:01 §f             §8(This totals 10 types of materials stashed!)
18:02:01 §f                §3§l>>> §3§lCLICK HERE§b to pick them up! §3§l<<<
18:02:01   
18:03:02 §f                 §7You have §3817 §7materials stashed away!
18:03:02 §f             §8(This totals 10 types of materials stashed!)
18:03:02 §f                §3§l>>> §3§lCLICK HERE§b to pick them up! §3§l<<<
18:03:02   
18:04:02 §f                 §7You have §3817 §7materials stashed away!
18:04:02 §f             §8(This totals 10 types of materials stashed!)
18:04:02 §f                §3§l>>> §3§lCLICK HERE§b to pick them up! §3§l<<<
18:04:02   
18:04:43 §f                 §7You have §3817 §7materials stashed away!
18:04:43 §f             §8(This totals 10 types of materials stashed!)
18:04:43 §f                §3§l>>> §3§lCLICK HERE§b to pick them up! §3§l<<<
18:04:43   
18:05:30 §f                 §7You have §3817 §7materials stashed away!
18:05:30 §f             §8(This totals 10 types of materials stashed!)
18:05:30 §f                §3§l>>> §3§lCLICK HERE§b to pick them up! §3§l<<<
18:05:30   
18:05:53 §f                 §7You have §3817 §7materials stashed away!
18:05:53 §f             §8(This totals 10 types of materials stashed!)
18:05:53 §f                §3§l>>> §3§lCLICK HERE§b to pick them up! §3§l<<<
18:05:53   
18:05:54 §f                 §7You have §3817 §7materials stashed away!
18:05:54 §f             §8(This totals 10 types of materials stashed!)
18:05:54 §f                §3§l>>> §3§lCLICK HERE§b to pick them up! §3§l<<<
18:05:54   
18:06:56 §f                 §7You have §3817 §7materials stashed away!
18:06:56 §f             §8(This totals 10 types of materials stashed!)
18:06:56 §f                §3§l>>> §3§lCLICK HERE§b to pick them up! §3§l<<<
18:06:56   
18:07:57 §f                 §7You have §3817 §7materials stashed away!
18:07:57 §f             §8(This totals 10 types of materials stashed!)
18:07:57 §f                §3§l>>> §3§lCLICK HERE§b to pick them up! §3§l<<<
18:07:57   
18:08:58 §f                 §7You have §3817 §7materials stashed away!
18:08:58 §f             §8(This totals 10 types of materials stashed!)
18:08:58 §f                §3§l>>> §3§lCLICK HERE§b to pick them up! §3§l<<<
18:08:58   
18:09:58 §f                 §7You have §3817 §7materials stashed away!
18:09:58 §f             §8(This totals 10 types of materials stashed!)
18:09:58 §f                §3§l>>> §3§lCLICK HERE§b to pick them up! §3§l<<<
18:09:58   
18:10:58 §f                 §7You have §3817 §7materials stashed away!
18:10:58 §f             §8(This totals 10 types of materials stashed!)
18:10:58 §f                §3§l>>> §3§lCLICK HERE§b to pick them up! §3§l<<<
18:10:58   
18:11:50 §f                 §7You have §3817 §7materials stashed away!
18:11:50 §f             §8(This totals 10 types of materials stashed!)
18:11:50 §f                §3§l>>> §3§lCLICK HERE§b to pick them up! §3§l<<<
18:11:50   
18:11:50 §f                 §7You have §3817 §7materials stashed away!
18:11:50 §f             §8(This totals 10 types of materials stashed!)
18:11:50 §f                §3§l>>> §3§lCLICK HERE§b to pick them up! §3§l<<<
18:11:50   
18:12:51 §f                 §7You have §3817 §7materials stashed away!
18:12:51 §f             §8(This totals 10 types of materials stashed!)
18:12:51 §f                §3§l>>> §3§lCLICK HERE§b to pick them up! §3§l<<<
18:12:51   
18:13:51 §f                 §7You have §3817 §7materials stashed away!
18:13:51 §f             §8(This totals 10 types of materials stashed!)
18:13:51 §f                §3§l>>> §3§lCLICK HERE§b to pick them up! §3§l<<<
18:13:51   
18:14:52 §f                 §7You have §3817 §7materials stashed away!
18:14:52 §f             §8(This totals 10 types of materials stashed!)
18:14:52 §f                §3§l>>> §3§lCLICK HERE§b to pick them up! §3§l<<<
18:14:52   
18:15:52 §f                 §7You have §3817 §7materials stashed away!
18:15:52 §f             §8(This totals 10 types of materials stashed!)
18:15:52 §f                §3§l>>> §3§lCLICK HERE§b to pick them up! §3§l<<<
18:15:52   
18:16:52 §f                 §7You have §3817 §7materials stashed away!
18:16:52 §f             §8(This totals 10 types of materials stashed!)
18:16:52 §f                §3§l>>> §3§lCLICK HERE§b to pick them up! §3§l<<<
18:16:52   
18:17:07 §f                 §7You have §3817 §7materials stashed away!
18:17:07 §f             §8(This totals 10 types of materials stashed!)
18:17:07 §f                §3§l>>> §3§lCLICK HERE§b to pick them up! §3§l<<<
18:17:07   
18:18:02 §f                 §7You have §3817 §7materials stashed away!
18:18:02 §f             §8(This totals 10 types of materials stashed!)
18:18:02 §f                §3§l>>> §3§lCLICK HERE§b to pick them up! §3§l<<<
18:18:02   
18:19:03 §f                 §7You have §3817 §7materials stashed away!
18:19:03 §f             §8(This totals 10 types of materials stashed!)
18:19:03 §f                §3§l>>> §3§lCLICK HERE§b to pick them up! §3§l<<<
18:19:03   
18:19:30 §f                 §7You have §3817 §7materials stashed away!
18:19:30 §f             §8(This totals 10 types of materials stashed!)
18:19:30 §f                §3§l>>> §3§lCLICK HERE§b to pick them up! §3§l<<<
18:19:30   
18:19:31 §f                 §7You have §3817 §7materials stashed away!
18:19:31 §f             §8(This totals 10 types of materials stashed!)
18:19:31 §f                §3§l>>> §3§lCLICK HERE§b to pick them up! §3§l<<<
18:19:31   
18:20:31 §f                 §7You have §3817 §7materials stashed away!
18:20:31 §f             §8(This totals 10 types of materials stashed!)
18:20:31 §f                §3§l>>> §3§lCLICK HERE§b to pick them up! §3§l<<<
18:20:31   
18:21:31 §f                 §7You have §3817 §7materials stashed away!
18:21:31 §f             §8(This totals 10 types of materials stashed!)
18:21:31 §f                §3§l>>> §3§lCLICK HERE§b to pick them up! §3§l<<<
18:21:31   
18:22:31 §f                 §7You have §3817 §7materials stashed away!
18:22:31 §f             §8(This totals 10 types of materials stashed!)
18:22:31 §f                §3§l>>> §3§lCLICK HERE§b to pick them up! §3§l<<<
18:22:31   
18:23:31 §f                 §7You have §3817 §7materials stashed away!
18:23:31 §f             §8(This totals 10 types of materials stashed!)
18:23:31 §f                §3§l>>> §3§lCLICK HERE§b to pick them up! §3§l<<<
18:23:31   
18:24:31 §f                 §7You have §3817 §7materials stashed away!
18:24:32 §f             §8(This totals 10 types of materials stashed!)
18:24:32 §f                §3§l>>> §3§lCLICK HERE§b to pick them up! §3§l<<<
18:24:32   
18:25:32 §f                 §7You have §3817 §7materials stashed away!
18:25:32 §f             §8(This totals 10 types of materials stashed!)
18:25:32 §f                §3§l>>> §3§lCLICK HERE§b to pick them up! §3§l<<<
18:25:32   
18:26:32 §f                 §7You have §3817 §7materials stashed away!
18:26:32 §f             §8(This totals 10 types of materials stashed!)
18:26:32 §f                §3§l>>> §3§lCLICK HERE§b to pick them up! §3§l<<<
18:26:32   
18:27:32 §f                 §7You have §3817 §7materials stashed away!
18:27:32 §f             §8(This totals 10 types of materials stashed!)
18:27:32 §f                §3§l>>> §3§lCLICK HERE§b to pick them up! §3§l<<<
18:27:32   
18:28:32 §f                 §7You have §3817 §7materials stashed away!
18:28:32 §f             §8(This totals 10 types of materials stashed!)
18:28:32 §f                §3§l>>> §3§lCLICK HERE§b to pick them up! §3§l<<<
18:28:32   
18:29:32 §f                 §7You have §3817 §7materials stashed away!
18:29:32 §f             §8(This totals 10 types of materials stashed!)
18:29:32 §f                §3§l>>> §3§lCLICK HERE§b to pick them up! §3§l<<<
18:29:32   
18:30:32 §f                 §7You have §3817 §7materials stashed away!
18:30:32 §f             §8(This totals 10 types of materials stashed!)
18:30:32 §f                §3§l>>> §3§lCLICK HERE§b to pick them up! §3§l<<<
18:30:32   
18:31:33 §f                 §7You have §3817 §7materials stashed away!
18:31:33 §f             §8(This totals 10 types of materials stashed!)
18:31:33 §f                §3§l>>> §3§lCLICK HERE§b to pick them up! §3§l<<<
18:31:33   
18:32:33 §f                 §7You have §3817 §7materials stashed away!
18:32:33 §f             §8(This totals 10 types of materials stashed!)
18:32:33 §f                §3§l>>> §3§lCLICK HERE§b to pick them up! §3§l<<<
18:32:33   
18:33:33 §f                 §7You have §3817 §7materials stashed away!
18:33:33 §f             §8(This totals 10 types of materials stashed!)
18:33:33 §f                §3§l>>> §3§lCLICK HERE§b to pick them up! §3§l<<<
18:33:33   
18:34:33 §f                 §7You have §3817 §7materials stashed away!
18:34:33 §f             §8(This totals 10 types of materials stashed!)
18:34:33 §f                §3§l>>> §3§lCLICK HERE§b to pick them up! §3§l<<<
18:34:33   
18:35:34 §f                 §7You have §3817 §7materials stashed away!
18:35:34 §f             §8(This totals 10 types of materials stashed!)
18:35:34 §f                §3§l>>> §3§lCLICK HERE§b to pick them up! §3§l<<<
18:35:34   
18:36:34 §f                 §7You have §3817 §7materials stashed away!
18:36:34 §f             §8(This totals 10 types of materials stashed!)
18:36:34 §f                §3§l>>> §3§lCLICK HERE§b to pick them up! §3§l<<<
18:36:34   
18:37:34 §f                 §7You have §3817 §7materials stashed away!
18:37:34 §f             §8(This totals 10 types of materials stashed!)
18:37:34 §f                §3§l>>> §3§lCLICK HERE§b to pick them up! §3§l<<<
18:37:34   
18:38:34 §f                 §7You have §3817 §7materials stashed away!
18:38:34 §f             §8(This totals 10 types of materials stashed!)
18:38:34 §f                §3§l>>> §3§lCLICK HERE§b to pick them up! §3§l<<<
18:38:34   
18:39:01 §f                 §7You have §3817 §7materials stashed away!
18:39:01 §f             §8(This totals 10 types of materials stashed!)
18:39:01 §f                §3§l>>> §3§lCLICK HERE§b to pick them up! §3§l<<<
18:39:01   
18:39:09 §f                 §7You have §3817 §7materials stashed away!
18:39:09 §f             §8(This totals 10 types of materials stashed!)
18:39:09 §f                §3§l>>> §3§lCLICK HERE§b to pick them up! §3§l<<<
18:39:09   
18:39:50 §f                 §7You have §3817 §7materials stashed away!
18:39:50 §f             §8(This totals 10 types of materials stashed!)
18:39:50 §f                §3§l>>> §3§lCLICK HERE§b to pick them up! §3§l<<<
18:39:50   
18:39:50 §f                 §7You have §3817 §7materials stashed away!
18:39:50 §f             §8(This totals 10 types of materials stashed!)
18:39:50 §f                §3§l>>> §3§lCLICK HERE§b to pick them up! §3§l<<<
18:39:50   
18:40:51 §f                 §7You have §3817 §7materials stashed away!
18:40:51 §f             §8(This totals 10 types of materials stashed!)
18:40:51 §f                §3§l>>> §3§lCLICK HERE§b to pick them up! §3§l<<<
18:40:51   
18:41:51 §f                 §7You have §3817 §7materials stashed away!
18:41:51 §f             §8(This totals 10 types of materials stashed!)
18:41:51 §f                §3§l>>> §3§lCLICK HERE§b to pick them up! §3§l<<<
18:41:51   
18:42:51 §f                 §7You have §3817 §7materials stashed away!
18:42:51 §f             §8(This totals 10 types of materials stashed!)
18:42:51 §f                §3§l>>> §3§lCLICK HERE§b to pick them up! §3§l<<<
18:42:51   
18:43:52 §f                 §7You have §3817 §7materials stashed away!
18:43:52 §f             §8(This totals 10 types of materials stashed!)
18:43:52 §f                §3§l>>> §3§lCLICK HERE§b to pick them up! §3§l<<<
18:43:52   
18:44:52 §f                 §7You have §3817 §7materials stashed away!
18:44:52 §f             §8(This totals 10 types of materials stashed!)
18:44:52 §f                §3§l>>> §3§lCLICK HERE§b to pick them up! §3§l<<<
18:44:52   
18:45:52 §f                 §7You have §3817 §7materials stashed away!
18:45:52 §f             §8(This totals 10 types of materials stashed!)
18:45:52 §f                §3§l>>> §3§lCLICK HERE§b to pick them up! §3§l<<<
18:45:52   
18:46:53 §f                 §7You have §3817 §7materials stashed away!
18:46:53 §f             §8(This totals 10 types of materials stashed!)
18:46:53 §f                §3§l>>> §3§lCLICK HERE§b to pick them up! §3§l<<<
18:46:53   
18:47:53 §f                 §7You have §3817 §7materials stashed away!
18:47:53 §f             §8(This totals 10 types of materials stashed!)
18:47:53 §f                §3§l>>> §3§lCLICK HERE§b to pick them up! §3§l<<<
18:47:53   
18:48:53 §f                 §7You have §3817 §7materials stashed away!
18:48:53 §f             §8(This totals 10 types of materials stashed!)
18:48:53 §f                §3§l>>> §3§lCLICK HERE§b to pick them up! §3§l<<<
18:48:53   
18:49:53 §f                 §7You have §3817 §7materials stashed away!
18:49:53 §f             §8(This totals 10 types of materials stashed!)
18:49:53 §f                §3§l>>> §3§lCLICK HERE§b to pick them up! §3§l<<<
18:49:53   
18:50:53 §f                 §7You have §3817 §7materials stashed away!
18:50:53 §f             §8(This totals 10 types of materials stashed!)
18:50:53 §f                §3§l>>> §3§lCLICK HERE§b to pick them up! §3§l<<<
18:50:53   
18:51:53 §f                 §7You have §3817 §7materials stashed away!
18:51:53 §f             §8(This totals 10 types of materials stashed!)
18:51:53 §f                §3§l>>> §3§lCLICK HERE§b to pick them up! §3§l<<<
18:51:53   
18:52:54 §f                 §7You have §3817 §7materials stashed away!
18:52:54 §f             §8(This totals 10 types of materials stashed!)
18:52:54 §f                §3§l>>> §3§lCLICK HERE§b to pick them up! §3§l<<<
18:52:54   
18:53:54 §f                 §7You have §3817 §7materials stashed away!
18:53:54 §f             §8(This totals 10 types of materials stashed!)
18:53:54 §f                §3§l>>> §3§lCLICK HERE§b to pick them up! §3§l<<<
18:53:54   
18:54:54 §f                 §7You have §3817 §7materials stashed away!
18:54:54 §f             §8(This totals 10 types of materials stashed!)
18:54:54 §f                §3§l>>> §3§lCLICK HERE§b to pick them up! §3§l<<<
18:54:54   
18:55:54 §f                 §7You have §3817 §7materials stashed away!
18:55:54 §f             §8(This totals 10 types of materials stashed!)
18:55:54 §f                §3§l>>> §3§lCLICK HERE§b to pick them up! §3§l<<<
18:55:54   
18:56:54 §f                 §7You have §3817 §7materials stashed away!
18:56:54 §f             §8(This totals 10 types of materials stashed!)
18:56:54 §f                §3§l>>> §3§lCLICK HERE§b to pick them up! §3§l<<<
18:56:54   
18:57:54 §f                 §7You have §3817 §7materials stashed away!
18:57:54 §f             §8(This totals 10 types of materials stashed!)
18:57:54 §f                §3§l>>> §3§lCLICK HERE§b to pick them up! §3§l<<<
18:57:54   
18:58:54 §f                 §7You have §3817 §7materials stashed away!
18:58:54 §f             §8(This totals 10 types of materials stashed!)
18:58:54 §f                §3§l>>> §3§lCLICK HERE§b to pick them up! §3§l<<<
18:58:54   
18:59:54 §f                 §7You have §3817 §7materials stashed away!
18:59:54 §f             §8(This totals 10 types of materials stashed!)
18:59:54 §f                §3§l>>> §3§lCLICK HERE§b to pick them up! §3§l<<<
18:59:54   
19:00:55 §f                 §7You have §3817 §7materials stashed away!
19:00:55 §f             §8(This totals 10 types of materials stashed!)
19:00:55 §f                §3§l>>> §3§lCLICK HERE§b to pick them up! §3§l<<<
19:00:55   
19:01:55 §f                 §7You have §3817 §7materials stashed away!
19:01:55 §f             §8(This totals 10 types of materials stashed!)
19:01:55 §f                §3§l>>> §3§lCLICK HERE§b to pick them up! §3§l<<<
19:01:55   
19:02:55 §f                 §7You have §3817 §7materials stashed away!
19:02:55 §f             §8(This totals 10 types of materials stashed!)
19:02:55 §f                §3§l>>> §3§lCLICK HERE§b to pick them up! §3§l<<<
19:02:55   
19:03:55 §f                 §7You have §3817 §7materials stashed away!
19:03:55 §f             §8(This totals 10 types of materials stashed!)
19:03:55 §f                §3§l>>> §3§lCLICK HERE§b to pick them up! §3§l<<<
19:03:55   
19:04:55 §f                 §7You have §3817 §7materials stashed away!
19:04:55 §f             §8(This totals 10 types of materials stashed!)
19:04:55 §f                §3§l>>> §3§lCLICK HERE§b to pick them up! §3§l<<<
19:04:55   
19:05:55 §f                 §7You have §3817 §7materials stashed away!
19:05:55 §f             §8(This totals 10 types of materials stashed!)
19:05:55 §f                §3§l>>> §3§lCLICK HERE§b to pick them up! §3§l<<<
19:05:55   
19:06:56 §f                 §7You have §3817 §7materials stashed away!
19:06:56 §f             §8(This totals 10 types of materials stashed!)
19:06:56 §f                §3§l>>> §3§lCLICK HERE§b to pick them up! §3§l<<<
19:06:56   
19:07:56 §f                 §7You have §3817 §7materials stashed away!
19:07:56 §f             §8(This totals 10 types of materials stashed!)
19:07:56 §f                §3§l>>> §3§lCLICK HERE§b to pick them up! §3§l<<<
19:07:56   
19:08:56 §f                 §7You have §3817 §7materials stashed away!
19:08:56 §f             §8(This totals 10 types of materials stashed!)
19:08:56 §f                §3§l>>> §3§lCLICK HERE§b to pick them up! §3§l<<<
19:08:56   
19:09:56 §f                 §7You have §3817 §7materials stashed away!
19:09:56 §f             §8(This totals 10 types of materials stashed!)
19:09:56 §f                §3§l>>> §3§lCLICK HERE§b to pick them up! §3§l<<<
19:09:56   
19:10:56 §f                 §7You have §3817 §7materials stashed away!
19:10:56 §f             §8(This totals 10 types of materials stashed!)
19:10:56 §f                §3§l>>> §3§lCLICK HERE§b to pick them up! §3§l<<<
19:10:56   
19:11:57 §f                 §7You have §3817 §7materials stashed away!
19:11:57 §f             §8(This totals 10 types of materials stashed!)
19:11:57 §f                §3§l>>> §3§lCLICK HERE§b to pick them up! §3§l<<<
19:11:57   
19:12:57 §f                 §7You have §3817 §7materials stashed away!
19:12:57 §f             §8(This totals 10 types of materials stashed!)
19:12:57 §f                §3§l>>> §3§lCLICK HERE§b to pick them up! §3§l<<<
19:12:57   
19:13:57 §f                 §7You have §3817 §7materials stashed away!
19:13:57 §f             §8(This totals 10 types of materials stashed!)
19:13:57 §f                §3§l>>> §3§lCLICK HERE§b to pick them up! §3§l<<<
19:13:57   
19:14:57 §f                 §7You have §3817 §7materials stashed away!
19:14:57 §f             §8(This totals 10 types of materials stashed!)
19:14:57 §f                §3§l>>> §3§lCLICK HERE§b to pick them up! §3§l<<<
19:14:57   
19:15:57 §f                 §7You have §3817 §7materials stashed away!
19:15:57 §f             §8(This totals 10 types of materials stashed!)
19:15:57 §f                §3§l>>> §3§lCLICK HERE§b to pick them up! §3§l<<<
19:15:57   
19:16:57 §f                 §7You have §3817 §7materials stashed away!
19:16:57 §f             §8(This totals 10 types of materials stashed!)
19:16:57 §f                §3§l>>> §3§lCLICK HERE§b to pick them up! §3§l<<<
19:16:57   
19:17:57 §f                 §7You have §3817 §7materials stashed away!
19:17:57 §f             §8(This totals 10 types of materials stashed!)
19:17:57 §f                §3§l>>> §3§lCLICK HERE§b to pick them up! §3§l<<<
19:17:57   
19:18:57 §f                 §7You have §3817 §7materials stashed away!
19:18:57 §f             §8(This totals 10 types of materials stashed!)
19:18:57 §f                §3§l>>> §3§lCLICK HERE§b to pick them up! §3§l<<<
19:18:57   
19:19:58 §f                 §7You have §3817 §7materials stashed away!
19:19:58 §f             §8(This totals 10 types of materials stashed!)
19:19:58 §f                §3§l>>> §3§lCLICK HERE§b to pick them up! §3§l<<<
19:19:58   
19:20:58 §f                 §7You have §3817 §7materials stashed away!
19:20:58 §f             §8(This totals 10 types of materials stashed!)
19:20:58 §f                §3§l>>> §3§lCLICK HERE§b to pick them up! §3§l<<<
19:20:58   
19:21:58 §f                 §7You have §3817 §7materials stashed away!
19:21:58 §f             §8(This totals 10 types of materials stashed!)
19:21:58 §f                §3§l>>> §3§lCLICK HERE§b to pick them up! §3§l<<<
19:21:58   
19:22:58 §f                 §7You have §3817 §7materials stashed away!
19:22:58 §f             §8(This totals 10 types of materials stashed!)
19:22:58 §f                §3§l>>> §3§lCLICK HERE§b to pick them up! §3§l<<<
19:22:58   
19:23:42 §f                 §7You have §3817 §7materials stashed away!
19:23:42 §f             §8(This totals 10 types of materials stashed!)
19:23:42 §f                §3§l>>> §3§lCLICK HERE§b to pick them up! §3§l<<<
19:23:42   
19:24:00 §f                 §7You have §3817 §7materials stashed away!
19:24:00 §f             §8(This totals 10 types of materials stashed!)
19:24:00 §f                §3§l>>> §3§lCLICK HERE§b to pick them up! §3§l<<<
19:24:00   
19:25:00 §f                 §7You have §3817 §7materials stashed away!
19:25:00 §f             §8(This totals 10 types of materials stashed!)
19:25:00 §f                §3§l>>> §3§lCLICK HERE§b to pick them up! §3§l<<<
19:25:00   
19:26:01 §f                 §7You have §3817 §7materials stashed away!
19:26:01 §f             §8(This totals 10 types of materials stashed!)
19:26:01 §f                §3§l>>> §3§lCLICK HERE§b to pick them up! §3§l<<<
19:26:01   
19:27:02 §f                 §7You have §3817 §7materials stashed away!
19:27:02 §f             §8(This totals 10 types of materials stashed!)
19:27:02 §f                §3§l>>> §3§lCLICK HERE§b to pick them up! §3§l<<<
19:27:02   
19:28:02 §f                 §7You have §3817 §7materials stashed away!
19:28:02 §f             §8(This totals 10 types of materials stashed!)
19:28:02 §f                §3§l>>> §3§lCLICK HERE§b to pick them up! §3§l<<<
19:28:02   
19:29:03 §f                 §7You have §3817 §7materials stashed away!
19:29:03 §f             §8(This totals 10 types of materials stashed!)
19:29:03 §f                §3§l>>> §3§lCLICK HERE§b to pick them up! §3§l<<<
19:29:03   
19:30:03 §f                 §7You have §3817 §7materials stashed away!
19:30:03 §f             §8(This totals 10 types of materials stashed!)
19:30:03 §f                §3§l>>> §3§lCLICK HERE§b to pick them up! §3§l<<<
19:30:03   
19:31:03 §f                 §7You have §3817 §7materials stashed away!
19:31:03 §f             §8(This totals 10 types of materials stashed!)
19:31:03 §f                §3§l>>> §3§lCLICK HERE§b to pick them up! §3§l<<<
19:31:03   
19:32:04 §f                 §7You have §3817 §7materials stashed away!
19:32:04 §f             §8(This totals 10 types of materials stashed!)
19:32:04 §f                §3§l>>> §3§lCLICK HERE§b to pick them up! §3§l<<<
19:32:04   
19:33:04 §f                 §7You have §3817 §7materials stashed away!
19:33:04 §f             §8(This totals 10 types of materials stashed!)
19:33:04 §f                §3§l>>> §3§lCLICK HERE§b to pick them up! §3§l<<<
19:33:04   
19:34:05 §f                 §7You have §3817 §7materials stashed away!
19:34:05 §f             §8(This totals 10 types of materials stashed!)
19:34:05 §f                §3§l>>> §3§lCLICK HERE§b to pick them up! §3§l<<<
19:34:05   
19:35:05 §f                 §7You have §3817 §7materials stashed away!
19:35:05 §f             §8(This totals 10 types of materials stashed!)
19:35:05 §f                §3§l>>> §3§lCLICK HERE§b to pick them up! §3§l<<<
19:35:05   
19:36:06 §f                 §7You have §3817 §7materials stashed away!
19:36:06 §f             §8(This totals 10 types of materials stashed!)
19:36:06 §f                §3§l>>> §3§lCLICK HERE§b to pick them up! §3§l<<<
19:36:06   
19:37:06 §f                 §7You have §3817 §7materials stashed away!
19:37:06 §f             §8(This totals 10 types of materials stashed!)
19:37:06 §f                §3§l>>> §3§lCLICK HERE§b to pick them up! §3§l<<<
19:37:06   
19:38:06 §f                 §7You have §3817 §7materials stashed away!
19:38:06 §f             §8(This totals 10 types of materials stashed!)
19:38:06 §f                §3§l>>> §3§lCLICK HERE§b to pick them up! §3§l<<<
19:38:06   
19:38:52 §f                 §7You have §3817 §7materials stashed away!
19:38:52 §f             §8(This totals 10 types of materials stashed!)
19:38:52 §f                §3§l>>> §3§lCLICK HERE§b to pick them up! §3§l<<<
19:38:52   
19:39:42 §f                 §7You have §3817 §7materials stashed away!
19:39:42 §f             §8(This totals 10 types of materials stashed!)
19:39:42 §f                §3§l>>> §3§lCLICK HERE§b to pick them up! §3§l<<<
19:39:42   
19:40:42 §f                 §7You have §3817 §7materials stashed away!
19:40:42 §f             §8(This totals 10 types of materials stashed!)
19:40:42 §f                §3§l>>> §3§lCLICK HERE§b to pick them up! §3§l<<<
19:40:42   
19:41:43 §f                 §7You have §3817 §7materials stashed away!
19:41:43 §f             §8(This totals 10 types of materials stashed!)
19:41:43 §f                §3§l>>> §3§lCLICK HERE§b to pick them up! §3§l<<<
19:41:43   
19:42:43 §f                 §7You have §3817 §7materials stashed away!
19:42:43 §f             §8(This totals 10 types of materials stashed!)
19:42:43 §f                §3§l>>> §3§lCLICK HERE§b to pick them up! §3§l<<<
19:42:43   
19:43:44 §f                 §7You have §3817 §7materials stashed away!
19:43:44 §f             §8(This totals 10 types of materials stashed!)
19:43:44 §f                §3§l>>> §3§lCLICK HERE§b to pick them up! §3§l<<<
19:43:44   
19:44:44 §f                 §7You have §3817 §7materials stashed away!
19:44:44 §f             §8(This totals 10 types of materials stashed!)
19:44:44 §f                §3§l>>> §3§lCLICK HERE§b to pick them up! §3§l<<<
19:44:44   
19:45:45 §f                 §7You have §3817 §7materials stashed away!
19:45:45 §f             §8(This totals 10 types of materials stashed!)
19:45:45 §f                §3§l>>> §3§lCLICK HERE§b to pick them up! §3§l<<<
19:45:45   
19:46:45 §f                 §7You have §3817 §7materials stashed away!
19:46:46 §f             §8(This totals 10 types of materials stashed!)
19:46:46 §f                §3§l>>> §3§lCLICK HERE§b to pick them up! §3§l<<<
19:46:46   
19:47:46 §f                 §7You have §3817 §7materials stashed away!
19:47:46 §f             §8(This totals 10 types of materials stashed!)
19:47:46 §f                §3§l>>> §3§lCLICK HERE§b to pick them up! §3§l<<<
19:47:46   
19:48:47 §f                 §7You have §3817 §7materials stashed away!
19:48:47 §f             §8(This totals 10 types of materials stashed!)
19:48:47 §f                §3§l>>> §3§lCLICK HERE§b to pick them up! §3§l<<<
19:48:47   
19:49:47 §f                 §7You have §3817 §7materials stashed away!
19:49:47 §f             §8(This totals 10 types of materials stashed!)
19:49:47 §f                §3§l>>> §3§lCLICK HERE§b to pick them up! §3§l<<<
19:49:47   
19:50:48 §f                 §7You have §3817 §7materials stashed away!
19:50:48 §f             §8(This totals 10 types of materials stashed!)
19:50:48 §f                §3§l>>> §3§lCLICK HERE§b to pick them up! §3§l<<<
19:50:48   
19:51:48 §f                 §7You have §3817 §7materials stashed away!
19:51:48 §f             §8(This totals 10 types of materials stashed!)
19:51:48 §f                §3§l>>> §3§lCLICK HERE§b to pick them up! §3§l<<<
19:51:48   
19:52:49 §f                 §7You have §3817 §7materials stashed away!
19:52:49 §f             §8(This totals 10 types of materials stashed!)
19:52:49 §f                §3§l>>> §3§lCLICK HERE§b to pick them up! §3§l<<<
19:52:49   
19:53:49 §f                 §7You have §3817 §7materials stashed away!
19:53:49 §f             §8(This totals 10 types of materials stashed!)
19:53:49 §f                §3§l>>> §3§lCLICK HERE§b to pick them up! §3§l<<<
19:53:49   
19:54:49 §f                 §7You have §3817 §7materials stashed away!
19:54:49 §f             §8(This totals 10 types of materials stashed!)
19:54:49 §f                §3§l>>> §3§lCLICK HERE§b to pick them up! §3§l<<<
19:54:49   
19:55:50 §f                 §7You have §3817 §7materials stashed away!
19:55:50 §f             §8(This totals 10 types of materials stashed!)
19:55:50 §f                §3§l>>> §3§lCLICK HERE§b to pick them up! §3§l<<<
19:55:50   
19:56:50 §f                 §7You have §3817 §7materials stashed away!
19:56:50 §f             §8(This totals 10 types of materials stashed!)
19:56:50 §f                §3§l>>> §3§lCLICK HERE§b to pick them up! §3§l<<<
19:56:50   
19:57:51 §f                 §7You have §3817 §7materials stashed away!
19:57:51 §f             §8(This totals 10 types of materials stashed!)
19:57:51 §f                §3§l>>> §3§lCLICK HERE§b to pick them up! §3§l<<<
19:57:51   
19:58:51 §f                 §7You have §3817 §7materials stashed away!
19:58:51 §f             §8(This totals 10 types of materials stashed!)
19:58:51 §f                §3§l>>> §3§lCLICK HERE§b to pick them up! §3§l<<<
19:58:51   
19:59:51 §f                 §7You have §3817 §7materials stashed away!
19:59:51 §f             §8(This totals 10 types of materials stashed!)
19:59:51 §f                §3§l>>> §3§lCLICK HERE§b to pick them up! §3§l<<<
19:59:51   
20:00:52 §f                 §7You have §3817 §7materials stashed away!
20:00:52 §f             §8(This totals 10 types of materials stashed!)
20:00:52 §f                §3§l>>> §3§lCLICK HERE§b to pick them up! §3§l<<<
20:00:52   
20:01:52 §f                 §7You have §3817 §7materials stashed away!
20:01:52 §f             §8(This totals 10 types of materials stashed!)
20:01:52 §f                §3§l>>> §3§lCLICK HERE§b to pick them up! §3§l<<<
20:01:52   
20:02:53 §f                 §7You have §3817 §7materials stashed away!
20:02:53 §f             §8(This totals 10 types of materials stashed!)
20:02:53 §f                §3§l>>> §3§lCLICK HERE§b to pick them up! §3§l<<<
20:02:53   
20:03:54 §f                 §7You have §3817 §7materials stashed away!
20:03:54 §f             §8(This totals 10 types of materials stashed!)
20:03:54 §f                §3§l>>> §3§lCLICK HERE§b to pick them up! §3§l<<<
20:03:54   
20:04:55 §f                 §7You have §3817 §7materials stashed away!
20:04:55 §f             §8(This totals 10 types of materials stashed!)
20:04:55 §f                §3§l>>> §3§lCLICK HERE§b to pick them up! §3§l<<<
20:04:55   
20:05:55 §f                 §7You have §3817 §7materials stashed away!
20:05:55 §f             §8(This totals 10 types of materials stashed!)
20:05:55 §f                §3§l>>> §3§lCLICK HERE§b to pick them up! §3§l<<<
20:05:55   
20:06:56 §f                 §7You have §3817 §7materials stashed away!
20:06:56 §f             §8(This totals 10 types of materials stashed!)
20:06:56 §f                §3§l>>> §3§lCLICK HERE§b to pick them up! §3§l<<<
20:06:56   
20:07:57 §f                 §7You have §3817 §7materials stashed away!
20:07:57 §f             §8(This totals 10 types of materials stashed!)
20:07:57 §f                §3§l>>> §3§lCLICK HERE§b to pick them up! §3§l<<<
20:07:57   
20:08:57 §f                 §7You have §3817 §7materials stashed away!
20:08:57 §f             §8(This totals 10 types of materials stashed!)
20:08:57 §f                §3§l>>> §3§lCLICK HERE§b to pick them up! §3§l<<<
20:08:57   
20:09:58 §f                 §7You have §3817 §7materials stashed away!
20:09:58 §f             §8(This totals 10 types of materials stashed!)
20:09:58 §f                §3§l>>> §3§lCLICK HERE§b to pick them up! §3§l<<<
20:09:58   
20:10:59 §f                 §7You have §3817 §7materials stashed away!
20:10:59 §f             §8(This totals 10 types of materials stashed!)
20:10:59 §f                §3§l>>> §3§lCLICK HERE§b to pick them up! §3§l<<<
20:10:59   
20:11:59 §f                 §7You have §3817 §7materials stashed away!
20:11:59 §f             §8(This totals 10 types of materials stashed!)
20:11:59 §f                §3§l>>> §3§lCLICK HERE§b to pick them up! §3§l<<<
20:11:59   
20:13:00 §f                 §7You have §3817 §7materials stashed away!
20:13:00 §f             §8(This totals 10 types of materials stashed!)
20:13:00 §f                §3§l>>> §3§lCLICK HERE§b to pick them up! §3§l<<<
20:13:00   
20:14:01 §f                 §7You have §3817 §7materials stashed away!
20:14:01 §f             §8(This totals 10 types of materials stashed!)
20:14:01 §f                §3§l>>> §3§lCLICK HERE§b to pick them up! §3§l<<<
20:14:01   
20:15:01 §f                 §7You have §3817 §7materials stashed away!
20:15:01 §f             §8(This totals 10 types of materials stashed!)
20:15:01 §f                §3§l>>> §3§lCLICK HERE§b to pick them up! §3§l<<<
20:15:01   
20:16:02 §f                 §7You have §3817 §7materials stashed away!
20:16:02 §f             §8(This totals 10 types of materials stashed!)
20:16:02 §f                §3§l>>> §3§lCLICK HERE§b to pick them up! §3§l<<<
20:16:02   
20:17:02 §f                 §7You have §3817 §7materials stashed away!
20:17:02 §f             §8(This totals 10 types of materials stashed!)
20:17:02 §f                §3§l>>> §3§lCLICK HERE§b to pick them up! §3§l<<<
20:17:02   
20:18:03 §f                 §7You have §3817 §7materials stashed away!
20:18:03 §f             §8(This totals 10 types of materials stashed!)
20:18:03 §f                §3§l>>> §3§lCLICK HERE§b to pick them up! §3§l<<<
20:18:03   
20:19:03 §f                 §7You have §3817 §7materials stashed away!
20:19:03 §f             §8(This totals 10 types of materials stashed!)
20:19:03 §f                §3§l>>> §3§lCLICK HERE§b to pick them up! §3§l<<<
20:19:03   
20:20:04 §f                 §7You have §3817 §7materials stashed away!
20:20:04 §f             §8(This totals 10 types of materials stashed!)
20:20:04 §f                §3§l>>> §3§lCLICK HERE§b to pick them up! §3§l<<<
20:20:04   
20:21:04 §f                 §7You have §3817 §7materials stashed away!
20:21:04 §f             §8(This totals 10 types of materials stashed!)
20:21:04 §f                §3§l>>> §3§lCLICK HERE§b to pick them up! §3§l<<<
20:21:04   
20:22:05 §f                 §7You have §3817 §7materials stashed away!
20:22:05 §f             §8(This totals 10 types of materials stashed!)
20:22:05 §f                §3§l>>> §3§lCLICK HERE§b to pick them up! §3§l<<<
20:22:05   
20:23:05 §f                 §7You have §3817 §7materials stashed away!
20:23:05 §f             §8(This totals 10 types of materials stashed!)
20:23:05 §f                §3§l>>> §3§lCLICK HERE§b to pick them up! §3§l<<<
20:23:05   
20:24:06 §f                 §7You have §3817 §7materials stashed away!
20:24:06 §f             §8(This totals 10 types of materials stashed!)
20:24:06 §f                §3§l>>> §3§lCLICK HERE§b to pick them up! §3§l<<<
20:24:06   
20:25:07 §f                 §7You have §3817 §7materials stashed away!
20:25:07 §f             §8(This totals 10 types of materials stashed!)
20:25:07 §f                §3§l>>> §3§lCLICK HERE§b to pick them up! §3§l<<<
20:25:07   
20:26:08 §f                 §7You have §3817 §7materials stashed away!
20:26:08 §f             §8(This totals 10 types of materials stashed!)
20:26:08 §f                §3§l>>> §3§lCLICK HERE§b to pick them up! §3§l<<<
20:26:08   
20:27:08 §f                 §7You have §3817 §7materials stashed away!
20:27:08 §f             §8(This totals 10 types of materials stashed!)
20:27:08 §f                §3§l>>> §3§lCLICK HERE§b to pick them up! §3§l<<<
20:27:08   
20:28:08 §f                 §7You have §3817 §7materials stashed away!
20:28:08 §f             §8(This totals 10 types of materials stashed!)
20:28:08 §f                §3§l>>> §3§lCLICK HERE§b to pick them up! §3§l<<<
20:28:08   
20:29:09 §f                 §7You have §3817 §7materials stashed away!
20:29:09 §f             §8(This totals 10 types of materials stashed!)
20:29:09 §f                §3§l>>> §3§lCLICK HERE§b to pick them up! §3§l<<<
20:29:09   
20:30:09 §f                 §7You have §3817 §7materials stashed away!
20:30:09 §f             §8(This totals 10 types of materials stashed!)
20:30:09 §f                §3§l>>> §3§lCLICK HERE§b to pick them up! §3§l<<<
20:30:09   
20:31:10 §f                 §7You have §3817 §7materials stashed away!
20:31:10 §f             §8(This totals 10 types of materials stashed!)
20:31:10 §f                §3§l>>> §3§lCLICK HERE§b to pick them up! §3§l<<<
20:31:10   
20:32:10 §f                 §7You have §3817 §7materials stashed away!
20:32:10 §f             §8(This totals 10 types of materials stashed!)
20:32:10 §f                §3§l>>> §3§lCLICK HERE§b to pick them up! §3§l<<<
20:32:10   
20:33:10 §f                 §7You have §3817 §7materials stashed away!
20:33:10 §f             §8(This totals 10 types of materials stashed!)
20:33:10 §f                §3§l>>> §3§lCLICK HERE§b to pick them up! §3§l<<<
20:33:10   
20:34:11 §f                 §7You have §3817 §7materials stashed away!
20:34:11 §f             §8(This totals 10 types of materials stashed!)
20:34:11 §f                §3§l>>> §3§lCLICK HERE§b to pick them up! §3§l<<<
20:34:11   
20:35:11 §f                 §7You have §3817 §7materials stashed away!
20:35:11 §f             §8(This totals 10 types of materials stashed!)
20:35:11 §f                §3§l>>> §3§lCLICK HERE§b to pick them up! §3§l<<<
20:35:11   
20:36:12 §f                 §7You have §3817 §7materials stashed away!
20:36:12 §f             §8(This totals 10 types of materials stashed!)
20:36:12 §f                §3§l>>> §3§lCLICK HERE§b to pick them up! §3§l<<<
20:36:12   
20:37:12 §f                 §7You have §3817 §7materials stashed away!
20:37:12 §f             §8(This totals 10 types of materials stashed!)
20:37:12 §f                §3§l>>> §3§lCLICK HERE§b to pick them up! §3§l<<<
20:37:12   
20:38:12 §f                 §7You have §3817 §7materials stashed away!
20:38:12 §f             §8(This totals 10 types of materials stashed!)
20:38:12 §f                §3§l>>> §3§lCLICK HERE§b to pick them up! §3§l<<<
20:38:12   
20:39:13 §f                 §7You have §3817 §7materials stashed away!
20:39:13 §f             §8(This totals 10 types of materials stashed!)
20:39:13 §f                §3§l>>> §3§lCLICK HERE§b to pick them up! §3§l<<<
20:39:13   
20:40:13 §f                 §7You have §3817 §7materials stashed away!
20:40:13 §f             §8(This totals 10 types of materials stashed!)
20:40:13 §f                §3§l>>> §3§lCLICK HERE§b to pick them up! §3§l<<<
20:40:13   
20:41:14 §f                 §7You have §3817 §7materials stashed away!
20:41:14 §f             §8(This totals 10 types of materials stashed!)
20:41:14 §f                §3§l>>> §3§lCLICK HERE§b to pick them up! §3§l<<<
20:41:14   
20:42:14 §f                 §7You have §3817 §7materials stashed away!
20:42:14 §f             §8(This totals 10 types of materials stashed!)
20:42:14 §f                §3§l>>> §3§lCLICK HERE§b to pick them up! §3§l<<<
20:42:14   
20:43:15 §f                 §7You have §3817 §7materials stashed away!
20:43:15 §f             §8(This totals 10 types of materials stashed!)
20:43:15 §f                §3§l>>> §3§lCLICK HERE§b to pick them up! §3§l<<<
20:43:15   
