18:10:26 [allowed] §f §r§r§r§f §r§r§r§1 §r§r§r§0 §r§r§r§2 §r§r§r§f §r§r§r§f §r§r§r§2 §r§r§r§0 §r§r§r§4 §r§r§r§3 §r§r§r§9 §r§r§r§2 §r§r§r§0 §r§r§r§0 §r§r§r§3 §r§r§r§9 §r§r§r§2 §r§r§r§0 §r§r§r§0 §r§r§r§3 §r§r§r§9 §r§r§r§2 §r§r§r§0 §r§r§r§0 
18:10:26 [allowed] §b[MVP§c+§b] GAMEME7§f §6joined the lobby!
18:10:26 [allowed] §aYou have §b4 §aunclaimed leveling rewards!
18:10:26 [allowed] §eClick here to view them!
18:10:26 [allowed] §aYou have §61 §aunclaimed achievement reward!
18:10:26 [allowed] §eClick here to view it!
18:10:26 [allowed] §9§m-----------------------------------------------------
18:10:26 [allowed] §cYou are not currently in a party.
18:10:26 [allowed] §9§m-----------------------------------------------------
18:10:27 [allowed]   §r§f§l➤ §r§6You have reached your Hype limit! Add Hype to Prototype Lobby minigames by right-clicking with the Hype Diamond!
18:10:31 [allowed] §b[MVP§2+§b] CatboyCatacombs§f §6joined the lobby!
18:10:32 [allowed] §b[MVP§c+§b] Schippey§f §6joined the lobby!
18:10:32 [allowed] §b[MVP§e+§b] JorgeSenpai4§f §6joined the lobby!
18:10:35 [allowed] §b[MVP§2+§b] HotSora§f §6joined the lobby!
18:10:35 [allowed] §b[MVP§2+§b] Gerdzius§f §6joined the lobby!
18:10:35 [allowed] 
§r§f§l➔ §r§6§lWelcome to the Prototype Lobby§r
§r§aAll games in this lobby are currently in development.§r
§r§eClick here to leave feedback!§r§f ➤ §r§b§nhttps://hypixel.net/PTL

18:10:37 [allowed] §7Sending to server mini38BG...
18:10:38 [allowed] §8 §r§8 §r§1 §r§3 §r§3 §r§7 §r§8 
18:10:38 [allowed] §b-----------------------------------------------------
18:10:38 [allowed] §aYou have just received §r§6250,000 coins §r§aas interest in your co-op bank account!
18:10:38 [allowed] §b-----------------------------------------------------
18:10:39 [allowed] 
18:10:39 [allowed] §eWelcome to §r§aHypixel SkyBlock§r§e!
18:10:40 [allowed] 
18:10:40 [allowed] §eLatest update: §bSkyBlock v0.21.3 §e§lCLICK
18:10:41 [allowed] §aYou are playing on profile: §ePear§b (Co-op)
18:10:41 [allowed] §8Profile ID: 2797ee8a-6337-44f9-a30a-41314379be0d
18:10:41 [allowed] §6§lALLOWANCE! §r§eYou earned §r§650,000 coins§r§e!
18:19:57 [allowed] Unknown command. Type "/help" for help. ('scrollabletooltips')
18:20:27 [allowed] §eYou need the §r§dCookie Buff §r§eto use this command!
18:20:27 [allowed] §eObtain a §r§6Booster Cookie §r§efrom the community shop in the hub!
18:20:29 [allowed] §7Warping...
18:20:30 [allowed] §7Sending to server mega14D...
18:20:30 [allowed] §8 §r§8 §r§1 §r§3 §r§3 §r§7 §r§8 
18:20:33 [allowed] §aYou are playing on profile: §ePear§b (Co-op)
18:20:33 [allowed] §8Profile ID: 2797ee8a-6337-44f9-a30a-41314379be0d
18:20:46 [allowed] §c ☠ §r§7§r§7Malahoff3000§r§7 was killed by Revenant Horror§r§7§r§7.
18:21:13 [allowed] §8[§r§2195§r§8] §r§a[VIP] TOMAS_KOO§f§r§f: selling mithril and snow minion t11 /p me!!!!!!!
18:21:37 [allowed] §7Warping you to your SkyBlock island...
18:21:37 [allowed] §7Sending to server mini154BM...
18:21:38 [allowed] §8 §r§8 §r§1 §r§3 §r§3 §r§7 §r§8 
18:21:41 [allowed] §aYou are playing on profile: §ePear§b (Co-op)
18:21:41 [allowed] §8Profile ID: 2797ee8a-6337-44f9-a30a-41314379be0d
