00:05:50 [allowed] §f §r§r§r§f §r§r§r§1 §r§r§r§0 §r§r§r§2 §r§r§r§f §r§r§r§f §r§r§r§2 §r§r§r§0 §r§r§r§4 §r§r§r§3 §r§r§r§9 §r§r§r§2 §r§r§r§0 §r§r§r§0 §r§r§r§3 §r§r§r§9 §r§r§r§2 §r§r§r§0 §r§r§r§0 §r§r§r§3 §r§r§r§9 §r§r§r§2 §r§r§r§0 §r§r§r§0 
00:05:50 [allowed] §b[MVP§c+§b] GAMEME794§f §6joined the lobby!
00:05:50 [allowed] §aYou have §b1 §aunclaimed leveling reward!
00:05:50 [allowed] §eClick here to view it!
00:05:50 [allowed] §aYou have §61 §aunclaimed achievement reward!
00:05:50 [allowed] §eClick here to view it!
00:05:51 [allowed] §9§m-----------------------------------------------------
00:05:51 [allowed] §cYou are not currently in a party.
00:05:51 [allowed] §9§m-----------------------------------------------------
00:06:16 [allowed] §9§m-----------------------------------------------------
00:06:16 [allowed] §cYou are not currently in a party.
00:06:16 [allowed] §9§m-----------------------------------------------------
00:06:33 [allowed] §7Sending to server mini74DE...
00:06:34 [allowed] §8 §r§8 §r§1 §r§3 §r§3 §r§7 §r§8 
00:06:36 [allowed] 
00:06:36 [allowed] §eWelcome to §r§aHypixel SkyBlock§r§e!
00:06:36 [allowed] 
00:06:36 [allowed] §eLatest update: §bSkyBlock v0.21.3 §e§lCLICK
00:06:37 [allowed] §aYou are playing on profile: §eCucumber
00:06:37 [allowed] §8Profile ID: d3b760d9-e0d9-41d4-8f47-31e118afcace
00:06:37 [allowed]  
00:06:37 [STASH_COMPACT] §f                 §7You have §3771 §7materials stashed away!
00:06:37 [STASH_COMPACT] §f              §8(This totals 4 types of materials stashed!)
00:06:37 [STASH_COMPACT] §f                §3§l>>> §3§lCLICK HERE§b to pick them up! §3§l<<<
00:06:37 [allowed]   
00:06:38 [allowed]  
00:06:38 [STASH_COMPACT] §f                 §7You have §3771 §7materials stashed away!
00:06:38 [STASH_COMPACT] §f              §8(This totals 4 types of materials stashed!)
00:06:38 [STASH_COMPACT] §f                §3§l>>> §3§lCLICK HERE§b to pick them up! §3§l<<<
00:06:38 [allowed]   
00:06:49 [allowed] §7Warping...
00:06:49 [allowed] §7Sending to server mini261K...
00:06:49 [allowed] §8 §r§8 §r§1 §r§3 §r§3 §r§7 §r§8 
00:06:50 [allowed] §7Warping...
00:06:52 [allowed] §aYou are playing on profile: §eCucumber
00:06:52 [allowed] §8Profile ID: d3b760d9-e0d9-41d4-8f47-31e118afcace
00:06:53 [allowed]  
00:06:53 [STASH_COMPACT] §f                 §7You have §3771 §7materials stashed away!
00:06:53 [STASH_COMPACT] §f              §8(This totals 4 types of materials stashed!)
00:06:53 [STASH_COMPACT] §f                §3§l>>> §3§lCLICK HERE§b to pick them up! §3§l<<<
00:06:53 [allowed]   
00:06:58 [allowed] §9§m-----------------------------
§r§b[MVP§r§c+§r§b] GAMEME794§r§f §r§eentered §r§aThe Catacombs§r§e, §r§eEntrance§r§e!
§r§9§m-----------------------------
00:06:58 [allowed] §8Queuing... (Attempt 1/3)
00:06:59 [allowed] §7Sending to server mini2DB...
00:06:59 [allowed] §8 §r§8 §r§1 §r§3 §r§3 §r§7 §r§8 
00:07:02 [allowed] §bGAMEME794§r§a is now ready!
00:07:02 [allowed] §aYou are playing on profile: §eCucumber
00:07:02 [allowed] §8Profile ID: d3b760d9-e0d9-41d4-8f47-31e118afcace
00:07:02 [allowed] §aStarting in 4 seconds.
00:07:03 [allowed]  
00:07:03 [STASH_COMPACT] §f                 §7You have §3771 §7materials stashed away!
00:07:03 [STASH_COMPACT] §f              §8(This totals 4 types of materials stashed!)
00:07:03 [STASH_COMPACT] §f                §3§l>>> §3§lCLICK HERE§b to pick them up! §3§l<<<
00:07:03 [allowed]   
00:07:03 [allowed] §aStarting in 3 seconds.
00:07:03 [allowed]  
00:07:03 [STASH_COMPACT] §f                 §7You have §3771 §7materials stashed away!
00:07:03 [STASH_COMPACT] §f              §8(This totals 4 types of materials stashed!)
00:07:03 [STASH_COMPACT] §f                §3§l>>> §3§lCLICK HERE§b to pick them up! §3§l<<<
00:07:03 [allowed]   
00:07:04 [allowed] §aStarting in 2 seconds.
00:07:05 [allowed] §aStarting in 1 second.
00:07:06 [allowed] §6Your §r§aArcher §r§6stats are doubled because you are the only player using this class!
00:07:06 [allowed] §a[Archer] §r§fExtra Arrow Chance §r§c71%§r§f -> §r§a121%
00:07:06 [allowed] §a[Archer] §r§fArrow Damage §r§c183.6%§r§f -> §r§a233.6%
00:07:06 [allowed] §e[NPC] §bMort§f: §rHere, I found this map when I first entered the dungeon.
00:07:09 [allowed] §e[NPC] §bMort§f: §rYou should find it useful if you get lost.
00:07:10 [allowed] §e[NPC] §bMort§f: §rGood luck.
00:07:23 [allowed] §a§l+5 Kill Combo §r§b+3% §r§b✯ Magic Find
00:07:30 [allowed] §6Rapid Fire§r§a is ready to use! Press §r§6§lDROP§r§a to activate it!
00:07:31 [allowed] §cYour Kill Combo has expired! You reached a 5 Kill Combo!
00:07:32 [allowed] §7Your Witherborn hit §r§c1 §r§7enemy for §r§c524,270.2 §r§7damage.
00:07:51 [allowed] §eYour bone plating reduced the damage you took by §r§c1,974.9§r§e!
00:08:00 [allowed] §6Rapid Fire§r§a is ready to use! Press §r§6§lDROP§r§a to activate it!
00:08:05 [allowed]  
00:08:05 [STASH_COMPACT] §f                 §7You have §3771 §7materials stashed away!
00:08:05 [STASH_COMPACT] §f              §8(This totals 4 types of materials stashed!)
00:08:05 [STASH_COMPACT] §f                §3§l>>> §3§lCLICK HERE§b to pick them up! §3§l<<<
00:08:05 [allowed]   
00:08:07 [allowed] §7Your Witherborn hit §r§c1 §r§7enemy for §r§c374,478.7 §r§7damage.
00:08:13 [allowed] §a§l+5 Kill Combo §r§b+3% §r§b✯ Magic Find
00:08:26 [allowed] §cYour Kill Combo has expired! You reached a 6 Kill Combo!
00:08:30 [allowed] §6Rapid Fire§r§a is ready to use! Press §r§6§lDROP§r§a to activate it!
00:08:34 [allowed] §7Your Witherborn hit §r§c2 §r§7enemies for §r§c1,048,540.4 §r§7damage.
00:08:35 [allowed] §b[MVP§r§c+§r§b] GAMEME794§r§f §r§ehas obtained §r§a§r§6§r§8Wither Key§r§e!
00:08:35 [allowed] §e§lRIGHT CLICK §r§7on §r§7a §r§8WITHER §r§7door§r§7 to open it. This key can only be used to open §r§a1§r§7 door!
00:08:35 [allowed] §b[MVP§r§c+§r§b] GAMEME794§r§f §r§ehas obtained §r§a§r§9Superboom TNT§r§e!
00:09:01 [allowed] §6Rapid Fire§r§a is ready to use! Press §r§6§lDROP§r§a to activate it!
00:09:06 [allowed]  
00:09:06 [STASH_COMPACT] §f                 §7You have §3771 §7materials stashed away!
00:09:06 [STASH_COMPACT] §f              §8(This totals 4 types of materials stashed!)
00:09:06 [STASH_COMPACT] §f                §3§l>>> §3§lCLICK HERE§b to pick them up! §3§l<<<
00:09:06 [allowed]   
00:09:31 [allowed] §6Rapid Fire§r§a is ready to use! Press §r§6§lDROP§r§a to activate it!
00:10:02 [allowed] §6Rapid Fire§r§a is ready to use! Press §r§6§lDROP§r§a to activate it!
00:10:06 [allowed]  
00:10:06 [STASH_COMPACT] §f                 §7You have §3771 §7materials stashed away!
00:10:06 [STASH_COMPACT] §f              §8(This totals 4 types of materials stashed!)
00:10:06 [STASH_COMPACT] §f                §3§l>>> §3§lCLICK HERE§b to pick them up! §3§l<<<
00:10:06 [allowed]   
00:10:31 [allowed] §6Rapid Fire§r§a is ready to use! Press §r§6§lDROP§r§a to activate it!
00:11:01 [allowed] §6Rapid Fire§r§a is ready to use! Press §r§6§lDROP§r§a to activate it!
00:11:06 [allowed]  
00:11:06 [STASH_COMPACT] §f                 §7You have §3771 §7materials stashed away!
00:11:06 [STASH_COMPACT] §f              §8(This totals 4 types of materials stashed!)
00:11:06 [STASH_COMPACT] §f                §3§l>>> §3§lCLICK HERE§b to pick them up! §3§l<<<
00:11:07 [allowed]   
00:11:32 [allowed] §6Rapid Fire§r§a is ready to use! Press §r§6§lDROP§r§a to activate it!
00:11:35 [allowed] §cThere are blocks in the way!
00:11:37 [allowed] §cThere are blocks in the way!
00:11:37 [allowed] §cThere are blocks in the way!
00:11:37 [allowed] §cThere are blocks in the way!
00:11:41 [allowed] §6§lDUNGEON BUFF! §r§fYou found a §r§dBlessing of Life II§r§f!
00:11:41 [allowed]      §r§7Granted you §r§a§r§a+1.07x HP §r§7and §r§a§r§a+1.07x §r§c❣ Health Regen§r§7.
00:11:41 [allowed] §cThere are blocks in the way!
00:11:41 [allowed] §cThere are blocks in the way!
00:11:41 [allowed] §cThere are blocks in the way!
00:11:55 [allowed] §cThere are blocks in the way!
00:11:58 [allowed] §a§r§bGAMEME794§r§a opened a §r§8§lWITHER §r§adoor!
00:12:02 [allowed] §6Rapid Fire§r§a is ready to use! Press §r§6§lDROP§r§a to activate it!
00:12:02 [allowed] §aYou earned §r§2246 GEXP §r§afrom playing SkyBlock!
00:12:07 [allowed]  
00:12:07 [STASH_COMPACT] §f                 §7You have §3771 §7materials stashed away!
00:12:07 [STASH_COMPACT] §f              §8(This totals 4 types of materials stashed!)
00:12:07 [STASH_COMPACT] §f                §3§l>>> §3§lCLICK HERE§b to pick them up! §3§l<<<
00:12:07 [allowed]   
00:12:08 [allowed] §a§l+5 Kill Combo §r§b+3% §r§b✯ Magic Find
00:12:11 [allowed] §b[MVP§r§c+§r§b] GAMEME794§r§f §r§ehas obtained §r§a§r§6Revive Stone§r§e!
00:12:11 [allowed] §b[MVP§r§c+§r§b] GAMEME794§r§f §r§ehas obtained §r§a§r§6§r§8Wither Key§r§e!
00:12:11 [allowed] §e§lRIGHT CLICK §r§7on §r§7a §r§8WITHER §r§7door§r§7 to open it. This key can only be used to open §r§a1§r§7 door!
00:12:11 [allowed] §b[MVP§r§c+§r§b] GAMEME794§r§f §r§ehas obtained §r§a§r§dBlessing of Stone§r§e!
00:12:11 [allowed] §6§lDUNGEON BUFF! §r§fYou found a §r§dBlessing of Stone V§r§f! (§r§a05m 04s§r§f)
00:12:11 [allowed]      §r§7Granted you §r§a§r§a+25§r§7 & §r§a+1.12x §r§a❈ Defense §r§7and §r§a+30 §r§c❁ Damage§r§7.
00:12:16 [allowed] §cYour Kill Combo has expired! You reached a 5 Kill Combo!
00:12:18 [allowed] §a§l+5 Kill Combo §r§b+3% §r§b✯ Magic Find
00:12:20 [allowed] §3§l▬▬▬▬▬▬▬▬▬▬▬▬▬▬▬▬▬▬▬▬▬▬▬▬▬▬▬▬▬▬▬▬▬▬▬▬▬▬▬▬▬▬▬▬▬▬▬▬▬▬▬▬▬▬▬▬▬▬▬▬▬▬▬▬
00:12:20 [allowed]  
00:12:20 [BESTIARY] §f                                  §6§lBESTIARY
00:12:20 [BESTIARY] §f                    §b§lUndead Skeleton §7§8XVII §8➡§b §bXVIII
00:12:20 [BESTIARY] 
00:12:20 [BESTIARY] §f                                  §r§6§lREWARDS
00:12:20 [BESTIARY] §f                    §r§8+§r§a5 Undead Skeleton §r§b✯ Magic Find
00:12:20 [BESTIARY] §f                    §r§8+§r§a5 Undead Skeleton §r§c❁ Strength
00:12:20 [BESTIARY] §f                        §r§8+§r§62% §r§aUndead Skeleton §r§7coins
00:12:20 [BESTIARY] §f                    §r§8+§r§a50% §r§7chance for extra XP orbs
00:12:20 [BESTIARY] §f                               §r§8+§r§b1 SkyBlock XP
00:12:20 [BESTIARY] 
00:12:20 [BESTIARY]   §r§f                         §6§lBESTIARY MILESTONE
00:12:20 [BESTIARY]   §r§f                                    §8CI➡§eCII
00:12:20 [BESTIARY] 
00:12:20 [BESTIARY] §3§l▬▬▬▬▬▬▬▬▬▬▬▬▬▬▬▬▬▬▬▬▬▬▬▬▬▬▬▬▬▬▬▬▬▬▬▬▬▬▬▬▬▬▬▬▬▬▬▬▬▬▬▬▬▬▬▬▬▬▬▬▬▬▬▬
00:12:21 [allowed] §a§l+10 Kill Combo §r§8+§r§610 §r§7coins per kill
00:12:23 [allowed] §b[MVP§r§c+§r§b] GAMEME794§r§f §r§ehas obtained §r§a§r§9Premium Flesh§r§e!
00:12:26 [allowed] §9§l+15 Kill Combo §r§b+3% §r§b✯ Magic Find
00:12:31 [allowed] §cYour Kill Combo has expired! You reached a 15 Kill Combo!
00:12:32 [allowed] §6Rapid Fire§r§a is ready to use! Press §r§6§lDROP§r§a to activate it!
00:13:00 [allowed] §cThere are blocks in the way!
00:13:02 [allowed] §a§r§bGAMEME794§r§a opened a §r§8§lWITHER §r§adoor!
00:13:02 [allowed] §6Rapid Fire§r§a is ready to use! Press §r§6§lDROP§r§a to activate it!
00:13:07 [allowed] §a§l+5 Kill Combo §r§b+3% §r§b✯ Magic Find
00:13:07 [allowed]  
00:13:07 [STASH_COMPACT] §f                 §7You have §3771 §7materials stashed away!
00:13:07 [STASH_COMPACT] §f              §8(This totals 4 types of materials stashed!)
00:13:07 [STASH_COMPACT] §f                §3§l>>> §3§lCLICK HERE§b to pick them up! §3§l<<<
00:13:07 [allowed]   
00:13:08 [allowed] §a§l+10 Kill Combo §r§8+§r§610 §r§7coins per kill
00:13:15 [allowed] §cYour Kill Combo has expired! You reached a 12 Kill Combo!
00:13:16 [allowed] §eYour bone plating reduced the damage you took by §r§c1,974.9§r§e!
00:13:20 [allowed] §a§l+5 Kill Combo §r§b+3% §r§b✯ Magic Find
00:13:31 [allowed] §cYour Kill Combo has expired! You reached a 6 Kill Combo!
00:13:32 [allowed] §6Rapid Fire§r§a is ready to use! Press §r§6§lDROP§r§a to activate it!
00:14:02 [allowed] §6Rapid Fire§r§a is ready to use! Press §r§6§lDROP§r§a to activate it!
00:14:03 [allowed] §eYour bone plating reduced the damage you took by §r§c1,974.9§r§e!
00:14:04 [allowed] §7Your Witherborn hit §r§c1 §r§7enemy for §r§c748,957.4 §r§7damage.
00:14:07 [allowed]  
00:14:07 [STASH_COMPACT] §f                 §7You have §3771 §7materials stashed away!
00:14:07 [STASH_COMPACT] §f              §8(This totals 4 types of materials stashed!)
00:14:07 [STASH_COMPACT] §f                §3§l>>> §3§lCLICK HERE§b to pick them up! §3§l<<<
00:14:07 [allowed]   
00:14:09 [allowed] §cThere are blocks in the way!
00:14:09 [allowed] §cThere are blocks in the way!
00:14:11 [allowed] §cThere are blocks in the way!
00:14:20 [allowed] §cThere are blocks in the way!
00:14:20 [allowed] §cThere are blocks in the way!
00:14:20 [allowed] §cThere are blocks in the way!
00:14:27 [allowed] §cThere are blocks in the way!
00:14:27 [allowed] §cThere are blocks in the way!
00:14:27 [allowed] §cThere are blocks in the way!
00:14:28 [allowed] §cThere are blocks in the way!
00:14:31 [allowed] §cThere are blocks in the way!
00:14:34 [allowed] §6Rapid Fire§r§a is ready to use! Press §r§6§lDROP§r§a to activate it!
00:14:36 [allowed] §7Your Witherborn hit §r§c2 §r§7enemies for §r§c1,048,540.4 §r§7damage.
00:14:49 [allowed] §eYour bone plating reduced the damage you took by §r§c1,478.7§r§e!
00:14:51 [allowed] §cYou hear the sound of something opening...
00:14:59 [allowed] §a§l+5 Kill Combo §r§b+3% §r§b✯ Magic Find
00:15:05 [allowed] §cInventory full? Don't forget to check out your Storage inside the SkyBlock Menu!
00:15:06 [allowed] §6Rapid Fire§r§a is ready to use! Press §r§6§lDROP§r§a to activate it!
00:15:07 [allowed] §a§l+10 Kill Combo §r§8+§r§610 §r§7coins per kill
00:15:08 [allowed] §9§l+15 Kill Combo §r§b+3% §r§b✯ Magic Find
00:15:11 [allowed]  
00:15:11 [STASH_COMPACT] §f                 §7You have §3771 §7materials stashed away!
00:15:11 [STASH_COMPACT] §f              §8(This totals 4 types of materials stashed!)
00:15:11 [STASH_COMPACT] §f                §3§l>>> §3§lCLICK HERE§b to pick them up! §3§l<<<
00:15:11 [allowed]   
00:15:14 [allowed] §cYour Kill Combo has expired! You reached a 16 Kill Combo!
00:15:16 [allowed] §cThere are blocks in the way!
00:15:17 [allowed] §cThe Arrow Trap hit you for 3,060.3 damage!
00:15:17 [allowed] §eYour bone plating reduced the damage you took by §r§c1,498.7§r§e!
00:15:19 [allowed] §6§lDUNGEON BUFF! §r§fYou found a §r§dBlessing of Stone II§r§f!
00:15:19 [allowed]      §r§7Granted you §r§a§r§a+10§r§7 & §r§a+1.05x §r§a❈ Defense §r§7and §r§a+12 §r§c❁ Damage§r§7.
00:15:21 [allowed] §cThere are blocks in the way!
00:15:36 [allowed] §b[MVP§r§c+§r§b] GAMEME794§r§f §r§ehas obtained §r§a§r§dBlessing of Wisdom§r§e!
00:15:36 [allowed] §6§lDUNGEON BUFF! §r§fYou found a §r§dBlessing of Wisdom V§r§f! (§r§a08m 29s§r§f)
00:15:36 [allowed]      §r§7Granted you §r§a§r§a+25§r§7 & §r§a+1.12x §r§b✎ Intelligence §r§7and §r§a+20 §r§f✦ Speed§r§7.
00:15:36 [allowed] §cYou don't have enough space in your inventory to pick up this item!
00:15:36 [allowed] §6Rapid Fire§r§a is ready to use! Press §r§6§lDROP§r§a to activate it!
00:15:55 [allowed] §eYour bone plating reduced the damage you took by §r§c1,478.7§r§e!
00:15:55 [allowed] §cThe Arrow Trap hit you for 3,060.3 damage!
00:15:59 [allowed] §a§l+5 Kill Combo §r§b+3% §r§b✯ Magic Find
00:16:02 [allowed] §a§l+10 Kill Combo §r§8+§r§610 §r§7coins per kill
00:16:05 [allowed] §cInventory full? Don't forget to check out your Storage inside the SkyBlock Menu!
00:16:06 [allowed] §6Rapid Fire§r§a is ready to use! Press §r§6§lDROP§r§a to activate it!
00:16:06 [allowed] §cYou don't have enough space in your inventory to pick up this item!
00:16:07 [allowed] §b[MVP§r§c+§r§b] GAMEME794§r§f §r§ehas obtained §r§a§r§6§r§8Wither Key§r§e!
00:16:07 [allowed] §e§lRIGHT CLICK §r§7on §r§7a §r§8WITHER §r§7door§r§7 to open it. This key can only be used to open §r§a1§r§7 door!
00:16:07 [allowed] §b[MVP§r§c+§r§b] GAMEME794§r§f §r§ehas obtained §r§a§r§dBlessing of Wisdom§r§e!
00:16:07 [allowed] §6§lDUNGEON BUFF! §r§fYou found a §r§dBlessing of Wisdom V§r§f! (§r§a09m 00s§r§f)
00:16:07 [allowed]      §r§7Granted you §r§a§r§a+25§r§7 & §r§a+1.12x §r§b✎ Intelligence §r§7and §r§a+20 §r§f✦ Speed§r§7.
00:16:09 [allowed] §cYour Kill Combo has expired! You reached a 11 Kill Combo!
00:16:11 [allowed]  
00:16:11 [STASH_COMPACT] §f                 §7You have §3771 §7materials stashed away!
00:16:11 [STASH_COMPACT] §f              §8(This totals 4 types of materials stashed!)
00:16:11 [STASH_COMPACT] §f                §3§l>>> §3§lCLICK HERE§b to pick them up! §3§l<<<
00:16:11 [allowed]   
00:16:12 [allowed] §cYou don't have enough space in your inventory to pick up this item!
00:16:14 [allowed] §b[MVP§r§c+§r§b] GAMEME794§r§f §r§ehas obtained §r§a§r§9Superboom TNT§r§e!
00:16:14 [allowed] §7The §r§aTraining Weights §r§7shatter as you remove them...
00:16:14 [allowed] §7You suddenly feel a bit stronger!
00:16:14 [allowed] §aYou gained §r§c+1❁ Strength §r§afor 2 minutes.
00:16:14 [allowed] §8The Training Weights shatter as they hit the ground.
00:16:14 [allowed] §e⚠ §aYour drops can't be seen by other players in §bSkyBlock§a!
§aOnly you can pickup your dropped items!
§eClick here to disable this alert forever!
00:16:20 [allowed] §cThere are blocks in the way!
00:16:20 [allowed] §cThere are blocks in the way!
00:16:36 [allowed] §6Rapid Fire§r§a is ready to use! Press §r§6§lDROP§r§a to activate it!
00:16:39 [allowed] §6§lDUNGEON BUFF! §r§fYou found a §r§dBlessing of Power I§r§f!
00:16:39 [allowed]      §r§7Granted you §r§a§r§a+5§r§7 & §r§a+1.02x §r§c❁ Strength§r§7.
00:16:39 [allowed]      §r§7Also granted you §r§a§r§a+5§r§7 & §r§a+1.02x §r§9☠ Crit Damage§r§7.
00:16:45 [allowed] §7Your Witherborn hit §r§c1 §r§7enemy for §r§c527,041.7 §r§7damage.
00:17:05 [allowed] §cInventory full? Don't forget to check out your Storage inside the SkyBlock Menu!
00:17:06 [allowed] §6Rapid Fire§r§a is ready to use! Press §r§6§lDROP§r§a to activate it!
00:17:07 [allowed] §aYou earned §r§2631 GEXP §r§afrom playing SkyBlock!
00:17:11 [allowed]  
00:17:11 [STASH_COMPACT] §f                 §7You have §3771 §7materials stashed away!
00:17:11 [STASH_COMPACT] §f              §8(This totals 4 types of materials stashed!)
00:17:11 [STASH_COMPACT] §f                §3§l>>> §3§lCLICK HERE§b to pick them up! §3§l<<<
00:17:11 [allowed]   
00:17:15 [allowed] §e[NPC] §cLuverne§f: §rMy chest doesn't have the reward. At least one of the others is telling the truth!
00:17:16 [allowed] §e[NPC] §cLino§f: §rMy chest doesn't have the reward. We are all telling the truth.
00:17:16 [allowed] §eDungeons Guide §7:: §eRiddle §7:: §e[NPC] §cLino§f §fhas the reward!
00:17:17 [allowed] §e[NPC] §cBaxter§f: §rOne of the others is lying!
00:17:19 [allowed] §a§lPUZZLE SOLVED! §r§bGAMEME794 §r§ewasn't fooled by §r§cLino§r§e! §r§4G§r§co§r§6o§r§ed§r§a §r§2j§r§bo§r§3b§r§5!
00:17:20 [allowed] §6§lDUNGEON BUFF! §r§fYou found a §r§dBlessing of Life V§r§f!
00:17:20 [allowed]      §r§7Granted you §r§a§r§a+1.19x HP §r§7and §r§a§r§a+1.19x §r§c❣ Health Regen§r§7.
00:17:36 [allowed] §a§r§bGAMEME794§r§a opened a §r§8§lWITHER §r§adoor!
00:17:37 [allowed] §6Rapid Fire§r§a is ready to use! Press §r§6§lDROP§r§a to activate it!
00:17:39 [allowed] §eYour bone plating reduced the damage you took by §r§c1,533.6§r§e!
00:17:41 [allowed] §a§l+5 Kill Combo §r§b+3% §r§b✯ Magic Find
00:17:46 [allowed] §a§l+10 Kill Combo §r§8+§r§610 §r§7coins per kill
00:17:46 [allowed] §7Your Witherborn hit §r§c1 §r§7enemy for §r§c748,957.4 §r§7damage.
00:17:54 [allowed] §9§l+15 Kill Combo §r§b+3% §r§b✯ Magic Find
00:17:58 [allowed] §cYour Kill Combo has expired! You reached a 16 Kill Combo!
00:17:59 [allowed] §eYour bone plating reduced the damage you took by §r§c2,021.6§r§e!
00:18:05 [allowed] §cInventory full? Don't forget to check out your Storage inside the SkyBlock Menu!
00:18:07 [allowed] §6Rapid Fire§r§a is ready to use! Press §r§6§lDROP§r§a to activate it!
00:18:08 [allowed] §cYou don't have enough space in your inventory to pick up this item!
00:18:08 [allowed] §b[MVP§r§c+§r§b] GAMEME794§r§f §r§ehas obtained §r§a§r§c§r§cBlood Key§r§e!
00:18:08 [allowed] §e§lRIGHT CLICK §r§7on §r§7the §r§cBLOOD DOOR§r§7 to open it. This key can only be used to open §r§a1§r§7 door!
00:18:10 [allowed] §cThe §r§c§lBLOOD DOOR§r§c has been opened!
00:18:10 [allowed] §5A shiver runs down your spine...
00:18:11 [allowed] §c[BOSS] The Watcher§r§f: Congratulations, you made it through the Entrance.
00:18:12 [allowed]  
00:18:12 [STASH_COMPACT] §f                 §7You have §3771 §7materials stashed away!
00:18:12 [STASH_COMPACT] §f              §8(This totals 4 types of materials stashed!)
00:18:12 [STASH_COMPACT] §f                §3§l>>> §3§lCLICK HERE§b to pick them up! §3§l<<<
00:18:12 [allowed]   
00:18:14 [allowed] §c[BOSS] The Watcher§r§f: I have been watching you closely...
00:18:17 [allowed] §c[BOSS] The Watcher§r§f: Unfortunately, for now, this is the end of the road.
00:18:21 [allowed] §c[BOSS] The Watcher§r§f: I sense many dead spirits eager to return to the living..
00:18:25 [allowed] §c[BOSS] The Watcher§r§f: I will bring some of them back. Watch this.
00:18:35 [allowed] §c[BOSS] The Watcher§r§f: You'll do.
00:18:37 [allowed] §6Rapid Fire§r§a is ready to use! Press §r§6§lDROP§r§a to activate it!
00:18:38 [allowed] §c[BOSS] The Watcher§r§f: Let's see how you can handle this.
00:18:43 [allowed] §c[BOSS] The Watcher§r§f: Go and live again!
00:18:51 [allowed] §c[BOSS] The Watcher§r§f: This guy looks like a fighter.
00:18:56 [allowed] §c[BOSS] The Watcher§r§f: You'll do.
00:19:00 [allowed] §c[BOSS] The Watcher§r§f: This guy looks like a fighter.
00:19:06 [allowed] §cInventory full? Don't forget to check out your Storage inside the SkyBlock Menu!
00:19:07 [allowed] §c[BOSS] The Watcher§r§f: This guy looks like a fighter.
00:19:08 [allowed] §6Rapid Fire§r§a is ready to use! Press §r§6§lDROP§r§a to activate it!
00:19:10 [allowed] §c[BOSS] The Watcher§r§f: That will be enough for now.
00:19:13 [allowed]  
00:19:13 [STASH_COMPACT] §f                 §7You have §3771 §7materials stashed away!
00:19:13 [STASH_COMPACT] §f              §8(This totals 4 types of materials stashed!)
00:19:13 [STASH_COMPACT] §f                §3§l>>> §3§lCLICK HERE§b to pick them up! §3§l<<<
00:19:13 [allowed]   
00:19:38 [allowed] §6Rapid Fire§r§a is ready to use! Press §r§6§lDROP§r§a to activate it!
00:20:06 [allowed] §cInventory full? Don't forget to check out your Storage inside the SkyBlock Menu!
00:20:08 [allowed] §6Rapid Fire§r§a is ready to use! Press §r§6§lDROP§r§a to activate it!
00:20:13 [allowed]  
00:20:13 [STASH_COMPACT] §f                 §7You have §3771 §7materials stashed away!
00:20:13 [STASH_COMPACT] §f              §8(This totals 4 types of materials stashed!)
00:20:13 [STASH_COMPACT] §f                §3§l>>> §3§lCLICK HERE§b to pick them up! §3§l<<<
00:20:13 [allowed]   
00:20:23 [allowed] §7Warping you to your SkyBlock island...
00:20:23 [allowed] §7Sending to server mini258F...
00:20:24 [allowed] §8 §r§8 §r§1 §r§3 §r§3 §r§7 §r§8 
00:20:25 [allowed]  
00:20:25 [allowed] §f       §7You have §31 §7pending §3Bestiary Milestone §7to be claimed!
00:20:25 [allowed] §f                    §6§l>>> §6§lCLICK HERE§e to claim it! §6§l<<<
00:20:25 [allowed]   
00:20:27 [allowed] §aYou are playing on profile: §eCucumber
00:20:27 [allowed] §8Profile ID: d3b760d9-e0d9-41d4-8f47-31e118afcace
00:20:28 [allowed]  
00:20:28 [STASH_COMPACT] §f                 §7You have §3771 §7materials stashed away!
00:20:28 [STASH_COMPACT] §f              §8(This totals 4 types of materials stashed!)
00:20:28 [STASH_COMPACT] §f                §3§l>>> §3§lCLICK HERE§b to pick them up! §3§l<<<
00:20:28 [allowed]   
00:20:28 [allowed]  
00:20:28 [STASH_COMPACT] §f                 §7You have §3771 §7materials stashed away!
00:20:28 [STASH_COMPACT] §f              §8(This totals 4 types of materials stashed!)
00:20:28 [STASH_COMPACT] §f                §3§l>>> §3§lCLICK HERE§b to pick them up! §3§l<<<
00:20:28 [allowed]   
00:20:30 [allowed] §3§l▬▬▬▬▬▬▬▬▬▬▬▬▬▬▬▬▬▬▬▬▬▬▬▬▬▬▬▬▬▬▬▬▬▬▬▬▬▬▬▬▬▬▬▬▬▬▬▬▬▬▬▬▬▬▬▬▬▬▬▬▬▬▬▬
00:20:30 [allowed]  
00:20:30 [allowed] §f                         §r§6§lBESTIARY MILESTONE
00:20:30 [allowed] §f                                   §r§8CI §r§8➡§r§e §r§eCII
00:20:30 [allowed]  
00:20:30 [allowed] §f                                   §r§6§lREWARD
00:20:30 [allowed] §f                                 §r§8+§r§a1 §r§c❤ Health
00:20:30 [allowed]  
00:20:30 [allowed] §3§l▬▬▬▬▬▬▬▬▬▬▬▬▬▬▬▬▬▬▬▬▬▬▬▬▬▬▬▬▬▬▬▬▬▬▬▬▬▬▬▬▬▬▬▬▬▬▬▬▬▬▬▬▬▬▬▬▬▬▬▬▬▬▬▬
00:20:57 [allowed] §7Warping...
00:20:57 [allowed] §7Sending to server mini198CN...
00:20:57 [allowed] §8 §r§8 §r§1 §r§3 §r§3 §r§7 §r§8 
00:21:00 [allowed] §aYou are playing on profile: §eCucumber
00:21:00 [allowed] §8Profile ID: d3b760d9-e0d9-41d4-8f47-31e118afcace
00:21:01 [allowed]  
00:21:01 [STASH_COMPACT] §f                 §7You have §3771 §7materials stashed away!
00:21:01 [STASH_COMPACT] §f              §8(This totals 4 types of materials stashed!)
00:21:01 [STASH_COMPACT] §f                §3§l>>> §3§lCLICK HERE§b to pick them up! §3§l<<<
00:21:01 [allowed]   
00:21:06 [allowed] §8[§r§716§r§8] §r§b[MVP§c+§b] HiSnowi§f§r§f: we gonna go again?
00:21:22 [allowed] §9§m-----------------------------
§r§b[MVP§r§c+§r§b] GAMEME794§r§f §r§eentered §r§aThe Catacombs§r§e, §r§eEntrance§r§e!
§r§9§m-----------------------------
00:21:22 [allowed] §8Queuing... (Attempt 1/3)
00:21:23 [allowed] §7Sending to server mini75CG...
00:21:23 [allowed] §8 §r§8 §r§1 §r§3 §r§3 §r§7 §r§8 
00:21:26 [allowed] §bGAMEME794§r§a is now ready!
00:21:26 [allowed] §aStarting in 4 seconds.
00:21:26 [allowed] §aYou are playing on profile: §eCucumber
00:21:26 [allowed] §8Profile ID: d3b760d9-e0d9-41d4-8f47-31e118afcace
00:21:27 [allowed]  
00:21:27 [STASH_COMPACT] §f                 §7You have §3771 §7materials stashed away!
00:21:27 [STASH_COMPACT] §f              §8(This totals 4 types of materials stashed!)
00:21:27 [STASH_COMPACT] §f                §3§l>>> §3§lCLICK HERE§b to pick them up! §3§l<<<
00:21:27 [allowed]   
00:21:27 [allowed] §aStarting in 3 seconds.
00:21:27 [allowed]  
00:21:27 [STASH_COMPACT] §f                 §7You have §3771 §7materials stashed away!
00:21:27 [STASH_COMPACT] §f              §8(This totals 4 types of materials stashed!)
00:21:27 [STASH_COMPACT] §f                §3§l>>> §3§lCLICK HERE§b to pick them up! §3§l<<<
00:21:27 [allowed]   
00:21:28 [allowed] §aStarting in 2 seconds.
00:21:29 [allowed] §aStarting in 1 second.
00:21:30 [allowed] §6Your §r§aArcher §r§6stats are doubled because you are the only player using this class!
00:21:30 [allowed] §a[Archer] §r§fExtra Arrow Chance §r§c71%§r§f -> §r§a121%
00:21:30 [allowed] §a[Archer] §r§fArrow Damage §r§c183.6%§r§f -> §r§a233.6%
00:21:30 [allowed] §e[NPC] §bMort§f: §rHere, I found this map when I first entered the dungeon.
00:21:32 [allowed] §e[NPC] §bMort§f: §rYou should find it useful if you get lost.
00:21:33 [allowed] §e[NPC] §bMort§f: §rGood luck.
00:21:41 [allowed] §eYour bone plating reduced the damage you took by §r§c1,974.9§r§e!
00:21:41 [allowed] §a§l+5 Kill Combo §r§b+3% §r§b✯ Magic Find
00:21:47 [allowed] §cInventory full? Don't forget to check out your Storage inside the SkyBlock Menu!
00:21:48 [allowed] §a§l+10 Kill Combo §r§8+§r§610 §r§7coins per kill
00:21:52 [allowed] §6Rapid Fire§r§a is ready to use! Press §r§6§lDROP§r§a to activate it!
00:21:54 [allowed] §cThere are blocks in the way!
00:21:54 [allowed] §cYour Kill Combo has expired! You reached a 12 Kill Combo!
00:22:02 [allowed] §cThere are blocks in the way!
00:22:03 [allowed] §fYou found a §r§dWither Essence§r§f! Everyone gains an extra essence!
00:22:08 [allowed] §cThere are blocks in the way!
00:22:15 [allowed] §7Your Witherborn hit §r§c1 §r§7enemy for §r§c674,061.7 §r§7damage.
00:22:16 [allowed] §b[MVP§r§c+§r§b] GAMEME794§r§f §r§ehas obtained §r§a§r§6§r§8Wither Key§r§e!
00:22:16 [allowed] §e§lRIGHT CLICK §r§7on §r§7a §r§8WITHER §r§7door§r§7 to open it. This key can only be used to open §r§a1§r§7 door!
00:22:16 [allowed] §cYou don't have enough space in your inventory to pick up this item!
00:22:17 [allowed] §b[MVP§r§c+§r§b] GAMEME794§r§f §r§ehas obtained §r§a§r§dBlessing of Stone§r§e!
00:22:17 [allowed] §6§lDUNGEON BUFF! §r§fYou found a §r§dBlessing of Stone V§r§f! (§r§a47s§r§f)
00:22:17 [allowed]      §r§7Granted you §r§a§r§a+25§r§7 & §r§a+1.12x §r§a❈ Defense §r§7and §r§a+30 §r§c❁ Damage§r§7.
00:22:20 [allowed] §e⚠ §aYour drops can't be seen by other players in §bSkyBlock§a!
§aOnly you can pickup your dropped items!
§eClick here to disable this alert forever!
00:22:21 [allowed] §cYou don't have enough space in your inventory to pick up this item!
00:22:22 [allowed] §6Rapid Fire§r§a is ready to use! Press §r§6§lDROP§r§a to activate it!
00:22:22 [allowed] §b[MVP§r§c+§r§b] GAMEME794§r§f §r§ehas obtained §r§a§r§9Superboom TNT§r§e!
00:22:23 [allowed] §e⚠ §aYour drops can't be seen by other players in §bSkyBlock§a!
§aOnly you can pickup your dropped items!
§eClick here to disable this alert forever!
00:22:27 [allowed]  
00:22:27 [STASH_COMPACT] §f                 §7You have §3771 §7materials stashed away!
00:22:27 [STASH_COMPACT] §f              §8(This totals 4 types of materials stashed!)
00:22:27 [STASH_COMPACT] §f                §3§l>>> §3§lCLICK HERE§b to pick them up! §3§l<<<
00:22:27 [allowed]   
00:22:33 [allowed] §a§r§bGAMEME794§r§a opened a §r§8§lWITHER §r§adoor!
00:22:37 [allowed] §eYour bone plating reduced the damage you took by §r§c1,974.9§r§e!
00:22:37 [allowed] §a§l+5 Kill Combo §r§b+3% §r§b✯ Magic Find
00:22:37 [allowed] §7Your Witherborn hit §r§c3 §r§7enemies for §r§c1,273,227.6 §r§7damage.
00:22:41 [allowed] §cThere are blocks in the way!
00:22:45 [allowed] §cYour Kill Combo has expired! You reached a 7 Kill Combo!
00:22:47 [allowed] §cInventory full? Don't forget to check out your Storage inside the SkyBlock Menu!
00:22:52 [allowed] §6Rapid Fire§r§a is ready to use! Press §r§6§lDROP§r§a to activate it!
00:22:54 [allowed] §cYou hear the sound of something opening...
00:23:01 [allowed] §6§lDUNGEON BUFF! §r§fYou found a §r§dBlessing of Stone I§r§f!
00:23:01 [allowed]      §r§7Granted you §r§a§r§a+5§r§7 & §r§a+1.02x §r§a❈ Defense §r§7and §r§a+6 §r§c❁ Damage§r§7.
00:23:08 [allowed] §6§lDUNGEON BUFF! §r§fYou found a §r§dBlessing of Life I§r§f!
00:23:08 [allowed]      §r§7Granted you §r§a§r§a+1.04x HP §r§7and §r§a§r§a+1.04x §r§c❣ Health Regen§r§7.
00:23:12 [allowed] §eYour bone plating reduced the damage you took by §r§c1,428.7§r§e!
00:23:22 [allowed] §6Rapid Fire§r§a is ready to use! Press §r§6§lDROP§r§a to activate it!
00:23:27 [allowed]  
00:23:27 [STASH_COMPACT] §f                 §7You have §3771 §7materials stashed away!
00:23:27 [STASH_COMPACT] §f              §8(This totals 4 types of materials stashed!)
00:23:27 [STASH_COMPACT] §f                §3§l>>> §3§lCLICK HERE§b to pick them up! §3§l<<<
00:23:27 [allowed]   
00:23:32 [allowed] §a§l+5 Kill Combo §r§b+3% §r§b✯ Magic Find
00:23:39 [allowed] §cYour Kill Combo has expired! You reached a 6 Kill Combo!
00:23:42 [allowed] §eYour bone plating reduced the damage you took by §r§c1,428.7§r§e!
00:23:53 [allowed] §6Rapid Fire§r§a is ready to use! Press §r§6§lDROP§r§a to activate it!
00:23:54 [allowed] §7Your Witherborn hit §r§c1 §r§7enemy for §r§c524,270.2 §r§7damage.
00:24:05 [allowed] §eYour bone plating reduced the damage you took by §r§c1,974.9§r§e!
00:24:07 [allowed] §aThe §r§c§r§d§lLost Adventurer §r§aused §r§6Dragon's Breath §r§aon you!
00:24:09 [allowed] §a§l+5 Kill Combo §r§b+3% §r§b✯ Magic Find
00:24:17 [allowed] §a§l+10 Kill Combo §r§8+§r§610 §r§7coins per kill
00:24:21 [allowed] §e§ka§a>>   §aAchievement Unlocked: §6§r§6Treasure Hunter V§r§a   <<§e§ka
00:24:23 [allowed] §6Rapid Fire§r§a is ready to use! Press §r§6§lDROP§r§a to activate it!
00:24:23 [allowed] §cYour Kill Combo has expired! You reached a 14 Kill Combo!
00:24:24 [allowed] §eYour bone plating reduced the damage you took by §r§c1,975§r§e!
00:24:28 [allowed]  
00:24:28 [STASH_COMPACT] §f                 §7You have §3771 §7materials stashed away!
00:24:28 [STASH_COMPACT] §f              §8(This totals 4 types of materials stashed!)
00:24:28 [STASH_COMPACT] §f                §3§l>>> §3§lCLICK HERE§b to pick them up! §3§l<<<
00:24:28 [allowed]   
00:24:30 [allowed] §7Your Witherborn hit §r§c1 §r§7enemy for §r§c748,957.4 §r§7damage.
00:24:33 [allowed] §cThere are blocks in the way!
00:24:33 [allowed] §cThere are blocks in the way!
00:24:36 [allowed] §cYou hear the sound of something opening...
00:24:40 [allowed] §cThere are blocks in the way!
00:24:41 [allowed] §eYour bone plating reduced the damage you took by §r§c1,498.9§r§e!
00:24:45 [allowed] §a§l+5 Kill Combo §r§b+3% §r§b✯ Magic Find
00:24:49 [allowed] §cThere are blocks in the way!
00:24:53 [allowed] §6Rapid Fire§r§a is ready to use! Press §r§6§lDROP§r§a to activate it!
00:24:54 [allowed] §6§lDUNGEON BUFF! §r§fYou found a §r§dBlessing of Life I§r§f!
00:24:54 [allowed]      §r§7Granted you §r§a§r§a+1.04x HP §r§7and §r§a§r§a+1.04x §r§c❣ Health Regen§r§7.
00:24:59 [allowed] §cThere are blocks in the way!
00:24:59 [allowed] §cYour Kill Combo has expired! You reached a 9 Kill Combo!
00:25:04 [allowed] §cThere are blocks in the way!
00:25:05 [allowed] §cThere are blocks in the way!
00:25:05 [allowed] §cThere are blocks in the way!
00:25:05 [allowed] §cThere are blocks in the way!
00:25:05 [allowed] §cThere are blocks in the way!
00:25:09 [allowed] §cThere are blocks in the way!
00:25:11 [allowed] §7Your Witherborn hit §r§c2 §r§7enemies for §r§c1,497,914.9 §r§7damage.
00:25:16 [allowed] §cThere are blocks in the way!
00:25:19 [allowed] §cThere are blocks in the way!
00:25:25 [allowed] §cThere are blocks in the way!
00:25:25 [allowed] §cThere are blocks in the way!
00:25:25 [allowed] §cThe Arrow Trap hit you for 3,060.9 damage!
00:25:25 [allowed] §eYour bone plating reduced the damage you took by §r§c1,498.9§r§e!
00:25:25 [allowed] §6Rapid Fire§r§a is ready to use! Press §r§6§lDROP§r§a to activate it!
00:25:28 [allowed] §6§lDUNGEON BUFF! §r§fYou found a §r§dBlessing of Stone II§r§f!
00:25:28 [allowed]      §r§7Granted you §r§a§r§a+10§r§7 & §r§a+1.05x §r§a❈ Defense §r§7and §r§a+12 §r§c❁ Damage§r§7.
00:25:29 [allowed] §cThere are blocks in the way!
00:25:30 [allowed]  
00:25:30 [STASH_COMPACT] §f                 §7You have §3771 §7materials stashed away!
00:25:30 [STASH_COMPACT] §f              §8(This totals 4 types of materials stashed!)
00:25:30 [STASH_COMPACT] §f                §3§l>>> §3§lCLICK HERE§b to pick them up! §3§l<<<
00:25:30 [allowed]   
00:25:33 [allowed] §cThere are blocks in the way!
00:25:37 [allowed] §cThere are blocks in the way!
00:25:37 [allowed] §cThere are blocks in the way!
00:25:37 [allowed] §cThere are blocks in the way!
00:25:40 [allowed] §cThere are blocks in the way!
00:25:53 [allowed] §cThere are blocks in the way!
00:25:56 [allowed] §6Rapid Fire§r§a is ready to use! Press §r§6§lDROP§r§a to activate it!
00:26:08 [allowed] §a§l+5 Kill Combo §r§b+3% §r§b✯ Magic Find
00:26:09 [allowed] §b[MVP§r§c+§r§b] GAMEME794§r§f §r§ehas obtained §r§a§r§dBlessing of Power§r§e!
00:26:09 [allowed] §6§lDUNGEON BUFF! §r§fYou found a §r§dBlessing of Power V§r§f! (§r§a04m 39s§r§f)
00:26:09 [allowed]      §r§7Granted you §r§a§r§a+25§r§7 & §r§a+1.12x §r§c❁ Strength§r§7.
00:26:09 [allowed]      §r§7Also granted you §r§a§r§a+25§r§7 & §r§a+1.12x §r§9☠ Crit Damage§r§7.
00:26:10 [allowed] §b[MVP§r§c+§r§b] GAMEME794§r§f §r§ehas obtained §r§a§r§6§r§8Wither Key§r§e!
00:26:10 [allowed] §e§lRIGHT CLICK §r§7on §r§7a §r§8WITHER §r§7door§r§7 to open it. This key can only be used to open §r§a1§r§7 door!
00:26:10 [allowed] §b[MVP§r§c+§r§b] GAMEME794§r§f §r§ehas obtained §r§a§r§9Superboom TNT§r§e!
00:26:12 [allowed] §cThere are blocks in the way!
00:26:14 [allowed] §cThere are blocks in the way!
00:26:16 [allowed] §cYour Kill Combo has expired! You reached a 6 Kill Combo!
00:26:22 [allowed] §cThere are blocks in the way!
00:26:23 [allowed] §a§r§bGAMEME794§r§a opened a §r§8§lWITHER §r§adoor!
00:26:25 [allowed] §a§l+5 Kill Combo §r§b+3% §r§b✯ Magic Find
00:26:26 [allowed] §6Rapid Fire§r§a is ready to use! Press §r§6§lDROP§r§a to activate it!
00:26:26 [allowed] §7Your Witherborn hit §r§c1 §r§7enemy for §r§c674,061.7 §r§7damage.
00:26:26 [allowed] §aYou earned §r§2570 GEXP §r§afrom playing SkyBlock!
00:26:27 [allowed] §a§l+10 Kill Combo §r§8+§r§610 §r§7coins per kill
00:26:28 [allowed] §7Your Witherborn hit §r§c1 §r§7enemy for §r§c748,957.4 §r§7damage.
00:26:31 [allowed]  
00:26:31 [STASH_COMPACT] §f                 §7You have §3771 §7materials stashed away!
00:26:31 [STASH_COMPACT] §f              §8(This totals 4 types of materials stashed!)
00:26:31 [STASH_COMPACT] §f                §3§l>>> §3§lCLICK HERE§b to pick them up! §3§l<<<
00:26:31 [allowed]   
00:26:33 [allowed] §9§l+15 Kill Combo §r§b+3% §r§b✯ Magic Find
00:26:35 [allowed] §b[MVP§r§c+§r§b] GAMEME794§r§f §r§ehas obtained §r§a§r§c§r§cBlood Key§r§e!
00:26:35 [allowed] §e§lRIGHT CLICK §r§7on §r§7the §r§cBLOOD DOOR§r§7 to open it. This key can only be used to open §r§a1§r§7 door!
00:26:35 [allowed] §b[MVP§r§c+§r§b] GAMEME794§r§f §r§ehas obtained §r§a§r§9Superboom TNT§r§e!
00:26:37 [allowed] §cYour Kill Combo has expired! You reached a 15 Kill Combo!
00:26:43 [allowed] §cThe §r§c§lBLOOD DOOR§r§c has been opened!
00:26:43 [allowed] §5A shiver runs down your spine...
00:26:43 [allowed] §c[BOSS] The Watcher§r§f: Congratulations, you made it through the Entrance.
00:26:47 [allowed] §c[BOSS] The Watcher§r§f: I have been watching you closely...
00:26:50 [allowed] §c[BOSS] The Watcher§r§f: Unfortunately, for now, this is the end of the road.
00:26:54 [allowed] §c[BOSS] The Watcher§r§f: I sense many dead spirits eager to return to the living..
00:26:56 [allowed] §6Rapid Fire§r§a is ready to use! Press §r§6§lDROP§r§a to activate it!
00:26:57 [allowed] §cThere are blocks in the way!
00:26:58 [allowed] §c[BOSS] The Watcher§r§f: I will bring some of them back. Watch this.
00:27:09 [allowed] §eDungeons Guide :: §fOneflow Solver :: §eStarting to calculate solution... 
00:27:09 [allowed] §eDungeons Guide :: §fOneflow Solver :: §cAn error occured while generating solution: kr.syeyoung.dungeonsguide.mod.dungeon.roomprocessor.waterpuzzle.Waterboard.nativeSolve(DDIIII)[Lkr/syeyoung/dungeonsguide/mod/dungeon/roomprocessor/waterpuzzle/Waterboard$Action; Report this problem at https://dungeons.guide/discord
00:27:09 [allowed] §eDungeons Guide :: §fOneflow Solver :: §eStarting to calculate solution... 
00:27:09 [allowed] §eDungeons Guide :: §fOneflow Solver :: §cUsing fallback solver (10x slower than C++ solver)
00:27:10 [allowed] §c[BOSS] The Watcher§r§f: Go and live again!
00:27:13 [allowed] §c[BOSS] The Watcher§r§f: Let's see how you can handle this.
00:27:22 [allowed] §c[BOSS] The Watcher§r§f: Hmmm... this one!
00:27:26 [allowed] §6Rapid Fire§r§a is ready to use! Press §r§6§lDROP§r§a to activate it!
00:27:29 [allowed] §c[BOSS] The Watcher§r§f: Go, fight!
00:27:31 [allowed]  
00:27:31 [STASH_COMPACT] §f                 §7You have §3771 §7materials stashed away!
00:27:31 [STASH_COMPACT] §f              §8(This totals 4 types of materials stashed!)
00:27:31 [STASH_COMPACT] §f                §3§l>>> §3§lCLICK HERE§b to pick them up! §3§l<<<
00:27:31 [allowed]   
00:27:33 [allowed] §eDungeons Guide :: §fOneflow Solver :: §eFound 10.75s solution in 24s!
00:27:47 [allowed] §c[BOSS] The Watcher§r§f: That will be enough for now.
00:27:55 [allowed] §6§lDUNGEON BUFF! §r§fYou found a §r§dBlessing of Life V§r§f!
00:27:55 [allowed]      §r§7Granted you §r§a§r§a+1.19x HP §r§7and §r§a§r§a+1.19x §r§c❣ Health Regen§r§7.
00:27:57 [allowed] §6Rapid Fire§r§a is ready to use! Press §r§6§lDROP§r§a to activate it!
00:27:57 [allowed] §eDungeons Guide :: §fOneflow Solver :: §eStarting to calculate solution... 
00:27:57 [allowed] §eDungeons Guide :: §fOneflow Solver :: §cUsing fallback solver (10x slower than C++ solver)
00:28:03 [allowed] §eDungeons Guide :: §fOneflow Solver :: §eFound 0.0s solution in 6s!
00:28:04 [allowed] §cThere are blocks in the way!
00:28:11 [allowed] §cThere are blocks in the way!
00:28:16 [allowed] §cThere are blocks in the way!
00:28:23 [allowed] §cThere are blocks in the way!
00:28:25 [allowed] §a§lPUZZLE SOLVED! §r§bGAMEME794 §r§etied Tic Tac Toe! §r§4G§r§co§r§6o§r§ed§r§a §r§2j§r§bo§r§3b§r§5!
00:28:26 [allowed] §cThere are blocks in the way!
00:28:27 [allowed] §6Rapid Fire§r§a is ready to use! Press §r§6§lDROP§r§a to activate it!
00:28:27 [allowed] §cYou hear the sound of something opening...
00:28:28 [allowed] §cThere are blocks in the way!
00:28:28 [allowed] §cThere are blocks in the way!
00:28:29 [allowed] §cThere are blocks in the way!
00:28:32 [allowed]  
00:28:32 [STASH_COMPACT] §f                 §7You have §3771 §7materials stashed away!
00:28:32 [STASH_COMPACT] §f              §8(This totals 4 types of materials stashed!)
00:28:32 [STASH_COMPACT] §f                §3§l>>> §3§lCLICK HERE§b to pick them up! §3§l<<<
00:28:32 [allowed]   
00:28:32 [allowed] §cThere are blocks in the way!
00:28:34 [allowed] §cThere are blocks in the way!
00:28:34 [allowed] §cThere are blocks in the way!
00:28:36 [allowed] §6§lDUNGEON BUFF! §r§fYou found a §r§dBlessing of Power I§r§f!
00:28:36 [allowed]      §r§7Granted you §r§a§r§a+5§r§7 & §r§a+1.02x §r§c❁ Strength§r§7.
00:28:36 [allowed]      §r§7Also granted you §r§a§r§a+5§r§7 & §r§a+1.02x §r§9☠ Crit Damage§r§7.
00:28:36 [allowed] §cThere are blocks in the way!
00:28:36 [allowed] §cThere are blocks in the way!
00:28:40 [allowed] §6§lDUNGEON BUFF! §r§fYou found a §r§dBlessing of Life V§r§f!
00:28:40 [allowed]      §r§7Granted you §r§a§r§a+1.19x HP §r§7and §r§a§r§a+1.19x §r§c❣ Health Regen§r§7.
00:28:46 [allowed] §cThere are blocks in the way!
00:28:46 [allowed] §cThere are blocks in the way!
00:28:50 [allowed] §cThe Arrow Trap hit you for 4,128.7 damage!
00:28:50 [allowed] §eYour bone plating reduced the damage you took by §r§c1,711.7§r§e!
00:28:57 [allowed] §6Rapid Fire§r§a is ready to use! Press §r§6§lDROP§r§a to activate it!
00:28:58 [allowed] §cThere are blocks in the way!
00:29:01 [allowed] §a§l+5 Kill Combo §r§b+3% §r§b✯ Magic Find
00:29:01 [allowed] §7Your Witherborn hit §r§c6 §r§7enemies for §r§c2,685,547.4 §r§7damage.
00:29:03 [allowed] §a§l+10 Kill Combo §r§8+§r§610 §r§7coins per kill
00:29:05 [allowed] §b[MVP§r§c+§r§b] GAMEME794§r§f §r§ehas obtained §r§a§r§dBlessing of Wisdom§r§e!
00:29:05 [allowed] §6§lDUNGEON BUFF! §r§fYou found a §r§dBlessing of Wisdom V§r§f! (§r§a07m 35s§r§f)
00:29:05 [allowed]      §r§7Granted you §r§a§r§a+25§r§7 & §r§a+1.12x §r§b✎ Intelligence §r§7and §r§a+20 §r§f✦ Speed§r§7.
00:29:05 [allowed] §b[MVP§r§c+§r§b] GAMEME794§r§f §r§ehas obtained §r§a§r§9Superboom TNT§r§e!
00:29:08 [allowed] §cYour Kill Combo has expired! You reached a 10 Kill Combo!
00:29:11 [allowed] §cThere are blocks in the way!
00:29:11 [allowed] §cThere are blocks in the way!
00:29:14 [allowed] §6§lDUNGEON BUFF! §r§fYou found a §r§dBlessing of Power II§r§f!
00:29:14 [allowed]      §r§7Granted you §r§a§r§a+10§r§7 & §r§a+1.05x §r§c❁ Strength§r§7.
00:29:14 [allowed]      §r§7Also granted you §r§a§r§a+10§r§7 & §r§a+1.05x §r§9☠ Crit Damage§r§7.
00:29:19 [allowed] §cThere are blocks in the way!
00:29:22 [allowed] §cThere are blocks in the way!
00:29:24 [allowed] §cThere are blocks in the way!
00:29:24 [allowed] §cThere are blocks in the way!
00:29:25 [allowed] §cYou hear the sound of something opening...
00:29:27 [allowed] §6Rapid Fire§r§a is ready to use! Press §r§6§lDROP§r§a to activate it!
00:29:32 [allowed]  
00:29:32 [STASH_COMPACT] §f                 §7You have §3771 §7materials stashed away!
00:29:32 [STASH_COMPACT] §f              §8(This totals 4 types of materials stashed!)
00:29:32 [STASH_COMPACT] §f                §3§l>>> §3§lCLICK HERE§b to pick them up! §3§l<<<
00:29:32 [allowed]   
00:29:32 [allowed] §eYour bone plating reduced the damage you took by §r§c2,358§r§e!
00:29:33 [allowed] §a§l+5 Kill Combo §r§b+3% §r§b✯ Magic Find
00:29:41 [allowed] §a§l+10 Kill Combo §r§8+§r§610 §r§7coins per kill
00:29:41 [allowed] §7Your Witherborn hit §r§c2 §r§7enemies for §r§c1,444,852.5 §r§7damage.
00:29:42 [allowed] §cThere are blocks in the way!
00:29:44 [allowed] §cThere are blocks in the way!
00:29:45 [allowed] §cThere are blocks in the way!
00:29:45 [allowed] §cThere are blocks in the way!
00:29:46 [allowed] §cYou hear the sound of something opening...
00:29:47 [allowed] §cYour Kill Combo has expired! You reached a 10 Kill Combo!
00:29:48 [allowed] §eYour bone plating reduced the damage you took by §r§c1,784.7§r§e!
00:29:57 [allowed] §6Rapid Fire§r§a is ready to use! Press §r§6§lDROP§r§a to activate it!
00:29:58 [allowed] §a§l+5 Kill Combo §r§b+3% §r§b✯ Magic Find
00:29:59 [allowed] §7Your Witherborn hit §r§c1 §r§7enemy for §r§c545,704 §r§7damage.
00:30:02 [allowed] §cThere are blocks in the way!
00:30:02 [allowed] §cThere are blocks in the way!
00:30:02 [allowed] §cThere are blocks in the way!
00:30:07 [allowed] §cYour Kill Combo has expired! You reached a 6 Kill Combo!
00:30:07 [allowed] §eYour bone plating reduced the damage you took by §r§c1,784.7§r§e!
00:30:09 [allowed] §cThere are blocks in the way!
00:30:16 [allowed] §a§l+5 Kill Combo §r§b+3% §r§b✯ Magic Find
00:30:18 [allowed] §cThe Flamethrower hit you for 2,064.3 damage!
00:30:18 [allowed] §a§l+10 Kill Combo §r§8+§r§610 §r§7coins per kill
00:30:26 [allowed] §cYour Kill Combo has expired! You reached a 14 Kill Combo!
00:30:27 [allowed] §6Rapid Fire§r§a is ready to use! Press §r§6§lDROP§r§a to activate it!
00:30:31 [allowed] §eYour bone plating reduced the damage you took by §r§c2,358§r§e!
00:30:32 [allowed] §7Your Witherborn hit §r§c2 §r§7enemies for §r§c1,198,331.9 §r§7damage.
00:30:32 [allowed]  
00:30:32 [STASH_COMPACT] §f                 §7You have §3771 §7materials stashed away!
00:30:32 [STASH_COMPACT] §f              §8(This totals 4 types of materials stashed!)
00:30:32 [STASH_COMPACT] §f                §3§l>>> §3§lCLICK HERE§b to pick them up! §3§l<<<
00:30:32 [allowed]   
00:30:39 [allowed] §a§l+5 Kill Combo §r§b+3% §r§b✯ Magic Find
00:30:46 [allowed] §cThere are blocks in the way!
00:30:47 [allowed] §cYour Kill Combo has expired! You reached a 5 Kill Combo!
00:30:58 [allowed] §6Rapid Fire§r§a is ready to use! Press §r§6§lDROP§r§a to activate it!
00:30:59 [allowed] §cThere are blocks in the way!
00:31:00 [allowed] §7Your Witherborn hit §r§c1 §r§7enemy for §r§c753,025.1 §r§7damage.
00:31:27 [allowed] §cThere are blocks in the way!
00:31:27 [allowed] §cThere are blocks in the way!
00:31:27 [allowed] §cThere are blocks in the way!
00:31:29 [allowed] §cThe Tripwire Trap hit you for 2,752.5 damage!
00:31:29 [allowed] §eYour bone plating reduced the damage you took by §r§c1,784.7§r§e!
00:31:29 [allowed] §6Rapid Fire§r§a is ready to use! Press §r§6§lDROP§r§a to activate it!
00:31:30 [allowed] §aYou earned §r§2750 GEXP §r§afrom playing SkyBlock!
00:31:30 [allowed] §7Your Witherborn hit §r§c2 §r§7enemies for §r§c1,048,540.4 §r§7damage.
00:31:32 [allowed] §b[MVP§r§c+§r§b] GAMEME794§r§f §r§ehas obtained §r§a§r§9Premium Flesh§r§e!
00:31:34 [allowed]  
00:31:34 [STASH_COMPACT] §f                 §7You have §3771 §7materials stashed away!
00:31:34 [STASH_COMPACT] §f              §8(This totals 4 types of materials stashed!)
00:31:34 [STASH_COMPACT] §f                §3§l>>> §3§lCLICK HERE§b to pick them up! §3§l<<<
00:31:34 [allowed]   
00:31:35 [allowed] §a§l+5 Kill Combo §r§b+3% §r§b✯ Magic Find
00:31:35 [allowed] §a§l+10 Kill Combo §r§8+§r§610 §r§7coins per kill
00:31:38 [allowed] §cThere are blocks in the way!
00:31:41 [allowed] §cThere are blocks in the way!
00:31:41 [allowed] §cThere are blocks in the way!
00:31:41 [allowed] §cThere are blocks in the way!
00:31:41 [allowed] §cThere are blocks in the way!
00:31:42 [allowed] §cThere are blocks in the way!
00:31:42 [allowed] §cYour Kill Combo has expired! You reached a 13 Kill Combo!
00:31:44 [allowed] §eYour bone plating reduced the damage you took by §r§c2,358§r§e!
00:31:56 [allowed] §a§l+5 Kill Combo §r§b+3% §r§b✯ Magic Find
00:32:00 [allowed] §6Rapid Fire§r§a is ready to use! Press §r§6§lDROP§r§a to activate it!
00:32:06 [allowed] §cYour Kill Combo has expired! You reached a 6 Kill Combo!
00:32:06 [allowed] §cThere are blocks in the way!
00:32:06 [allowed] §cThere are blocks in the way!
00:32:07 [allowed] §cThere are blocks in the way!
00:32:07 [allowed] §cThere are blocks in the way!
00:32:07 [allowed] §cThere are blocks in the way!
00:32:14 [allowed] §cThere are blocks in the way!
00:32:15 [allowed] §cThere are blocks in the way!
00:32:15 [allowed] §cThere are blocks in the way!
00:32:15 [allowed] §cThere are blocks in the way!
00:32:15 [allowed] §cThere are blocks in the way!
00:32:15 [allowed] §cThere are blocks in the way!
00:32:15 [allowed] §cThere are blocks in the way!
00:32:16 [allowed] §cThere are blocks in the way!
00:32:16 [allowed] §cThere are blocks in the way!
00:32:16 [allowed] §cThere are blocks in the way!
00:32:16 [allowed] §cThere are blocks in the way!
00:32:16 [allowed] §cThere are blocks in the way!
00:32:16 [allowed] §cThere are blocks in the way!
00:32:20 [allowed] §cYou hear the sound of something opening...
00:32:30 [allowed] §6Rapid Fire§r§a is ready to use! Press §r§6§lDROP§r§a to activate it!
00:32:32 [allowed] §cThere are blocks in the way!
00:32:32 [allowed] §cThere are blocks in the way!
00:32:32 [allowed] §eYour bone plating reduced the damage you took by §r§c1,784.7§r§e!
00:32:35 [allowed]  
00:32:35 [STASH_COMPACT] §f                 §7You have §3771 §7materials stashed away!
00:32:35 [STASH_COMPACT] §f              §8(This totals 4 types of materials stashed!)
00:32:35 [STASH_COMPACT] §f                §3§l>>> §3§lCLICK HERE§b to pick them up! §3§l<<<
00:32:35 [allowed]   
00:32:37 [allowed] §cThere are blocks in the way!
00:32:37 [allowed] §cThere are blocks in the way!
00:32:37 [allowed] §cThere are blocks in the way!
00:32:38 [allowed] §7Your Witherborn hit §r§c1 §r§7enemy for §r§c525,085.3 §r§7damage.
00:32:38 [allowed] §cThere are blocks in the way!
00:32:41 [allowed] §cThere are blocks in the way!
00:32:41 [allowed] §cThere are blocks in the way!
00:32:41 [allowed] §cThere are blocks in the way!
00:32:41 [allowed] §cThere are blocks in the way!
00:32:43 [allowed] §cThere are blocks in the way!
00:32:43 [allowed] §cThere are blocks in the way!
00:32:43 [allowed] §cThere are blocks in the way!
00:32:45 [allowed] §cThere are blocks in the way!
00:32:47 [allowed] §6§lESSENCE! §r§fYou found §r§5x10 Spider Essence§r§f!
00:32:49 [allowed] §6§lDUNGEON BUFF! §r§fYou found a §r§dBlessing of Wisdom I§r§f!
00:32:49 [allowed]      §r§7Granted you §r§a§r§a+5§r§7 & §r§a+1.02x §r§b✎ Intelligence §r§7and §r§a+4 §r§f✦ Speed§r§7.
00:32:50 [allowed] §6§lDUNGEON BUFF! §r§fYou found a §r§dBlessing of Wisdom II§r§f!
00:32:50 [allowed]      §r§7Granted you §r§a§r§a+10§r§7 & §r§a+1.05x §r§b✎ Intelligence §r§7and §r§a+8 §r§f✦ Speed§r§7.
00:33:00 [allowed] §6Rapid Fire§r§a is ready to use! Press §r§6§lDROP§r§a to activate it!
00:33:01 [allowed] §7Your Witherborn hit §r§c1 §r§7enemy for §r§c526,318.3 §r§7damage.
00:33:03 [allowed] §cThere are blocks in the way!
00:33:06 [allowed] §cThere are blocks in the way!
00:33:07 [allowed] §cThere are blocks in the way!
00:33:12 [allowed] §cThere are blocks in the way!
00:33:20 [allowed] §eYour bone plating reduced the damage you took by §r§c1,784.7§r§e!
00:33:23 [allowed] §cThe Flamethrower hit you for 2,064.3 damage!
00:33:34 [allowed] §6Rapid Fire§r§a is ready to use! Press §r§6§lDROP§r§a to activate it!
00:33:37 [allowed] §b[MVP§r§c+§r§b] GAMEME794§r§f §r§ehas obtained §r§a§r§dBlessing of Wisdom§r§e!
00:33:37 [allowed] §6§lDUNGEON BUFF! §r§fYou found a §r§dBlessing of Wisdom V§r§f! (§r§a12m 07s§r§f)
00:33:37 [allowed]      §r§7Granted you §r§a§r§a+25§r§7 & §r§a+1.12x §r§b✎ Intelligence §r§7and §r§a+20 §r§f✦ Speed§r§7.
00:33:37 [allowed] §b[MVP§r§c+§r§b] GAMEME794§r§f §r§ehas obtained §r§a§r§9Superboom TNT§r§e!
00:33:39 [allowed]  
00:33:39 [STASH_COMPACT] §f                 §7You have §3771 §7materials stashed away!
00:33:39 [STASH_COMPACT] §f              §8(This totals 4 types of materials stashed!)
00:33:39 [STASH_COMPACT] §f                §3§l>>> §3§lCLICK HERE§b to pick them up! §3§l<<<
00:33:39 [allowed]   
00:34:05 [allowed] §6Rapid Fire§r§a is ready to use! Press §r§6§lDROP§r§a to activate it!
00:34:14 [allowed] §c[BOSS] The Watcher§r§f: That one was weak anyway.
00:34:15 [allowed] §a§l+5 Kill Combo §r§b+3% §r§b✯ Magic Find
00:34:17 [allowed] §c[BOSS] The Watcher§r§f: That one was weak anyway.
00:34:18 [allowed] §c[BOSS] The Watcher§r§f: You have proven yourself. You may pass.
00:34:22 [allowed] §a§l▬▬▬▬▬▬▬▬▬▬▬▬▬▬▬▬▬▬▬▬▬▬▬▬▬▬▬▬▬▬▬▬▬▬▬▬▬▬▬▬▬▬▬▬▬▬▬▬▬▬▬▬▬▬▬▬▬▬▬▬▬▬▬▬
00:34:22 [allowed] §f                        §r§cThe Catacombs §r§8- §r§eEntrance
00:34:22 [allowed] 
00:34:22 [allowed] §f                 §r§fTeam Score: §r§a211 §r§f(§r§eB§r§f) §r§d§l(NEW RECORD!)
00:34:22 [allowed] §f                  §r§c☠ §r§eDefeated §r§cThe Watcher §r§ein §r§a12m 52s
00:34:22 [allowed] §f                             §6> §e§lEXTRA STATS §6<
00:34:22 [allowed] §f                                    §r§8+§r§b6 Bits
00:34:22 [allowed] §f                       §r§8+§r§389.2 Catacombs Experience
00:34:22 [allowed] §f                         §r§8+§r§374.6 Archer Experience
00:34:22 [allowed] §a§l▬▬▬▬▬▬▬▬▬▬▬▬▬▬▬▬▬▬▬▬▬▬▬▬▬▬▬▬▬▬▬▬▬▬▬▬▬▬▬▬▬▬▬▬▬▬▬▬▬▬▬▬▬▬▬▬▬▬▬▬▬▬▬▬
00:34:22 [allowed] §a§l▬▬▬▬▬▬▬▬▬▬▬▬▬▬▬▬▬▬▬▬▬▬▬▬▬▬▬▬▬▬▬▬▬▬▬▬▬▬▬▬▬▬▬▬▬▬▬▬▬▬▬▬▬▬▬▬▬▬▬▬▬▬▬▬
00:34:22 [allowed] §f                    §r§cThe Catacombs §r§8- §r§eEntrance Stats
00:34:22 [allowed] 
00:34:22 [allowed] §f                 §r§fTeam Score: §r§a218 §r§f(§r§eB§r§f) §r§d§l(NEW RECORD!)
00:34:22 [allowed] 
00:34:22 [allowed] §f        §r§fTotal Damage as Archer: §r§a2,642,500 §r§d§l(NEW RECORD!)
00:34:22 [allowed] §f                             §r§fEnemies Killed: §r§a167
00:34:22 [allowed] §f                                   §r§fDeaths: §r§c0
00:34:22 [allowed] §f                             §r§fSecrets Found: §r§b15
00:34:23 [allowed] 
00:34:23 [allowed] §a§l▬▬▬▬▬▬▬▬▬▬▬▬▬▬▬▬▬▬▬▬▬▬▬▬▬▬▬▬▬▬▬▬▬▬▬▬▬▬▬▬▬▬▬▬▬▬▬▬▬▬▬▬▬▬▬▬▬▬▬▬▬▬▬▬
00:34:24 [allowed] 
00:34:24 [allowed] §a§l▬▬▬▬▬▬▬▬▬▬▬▬▬▬▬▬▬▬▬▬▬▬▬▬▬▬▬▬▬▬▬▬▬▬▬▬▬▬▬▬▬▬▬▬▬▬▬▬▬▬▬▬▬▬▬▬▬▬▬▬▬▬▬▬
00:34:24 [allowed]       §r§7Click §e§lHERE §7to re-queue into §c§aThe Catacombs§7!
00:34:24 [allowed] §a§l▬▬▬▬▬▬▬▬▬▬▬▬▬▬▬▬▬▬▬▬▬▬▬▬▬▬▬▬▬▬▬▬▬▬▬▬▬▬▬▬▬▬▬▬▬▬▬▬▬▬▬▬▬▬▬▬▬▬▬▬▬▬▬▬
00:34:24 [allowed] 
00:34:25 [allowed] §cYour Kill Combo has expired! You reached a 9 Kill Combo!
