12:15:27 [allowed] §f §r§r§r§f §r§r§r§1 §r§r§r§0 §r§r§r§2 §r§r§r§f §r§r§r§f §r§r§r§2 §r§r§r§0 §r§r§r§4 §r§r§r§3 §r§r§r§9 §r§r§r§2 §r§r§r§0 §r§r§r§0 §r§r§r§3 §r§r§r§9 §r§r§r§2 §r§r§r§0 §r§r§r§0 §r§r§r§3 §r§r§r§9 §r§r§r§2 §r§r§r§0 §r§r§r§0 
12:15:27 [allowed] §b[MVP§c+§b] GAMEME794§f §6joined the lobby!
12:15:28 [allowed] §aYou have §b1 §aunclaimed leveling reward!
12:15:28 [allowed] §eClick here to view it!
12:15:28 [allowed] §aYou have §61 §aunclaimed achievement reward!
12:15:28 [allowed] §eClick here to view it!
12:15:29 [allowed] §9§m-----------------------------------------------------
12:15:29 [allowed] §cYou are not currently in a party.
12:15:29 [allowed] §9§m-----------------------------------------------------
12:15:34 [allowed] §b[MVP§c+§b] TheTadpole258§f §6joined the lobby!
12:15:56 [allowed] §7Sending to server mini80CH...
12:15:57 [allowed] §8 §r§8 §r§1 §r§3 §r§3 §r§7 §r§8 
12:15:57 [allowed] §aSince you've been away you earned §r§60 coins §r§aas interest in your personal bank account!
12:16:00 [allowed] 
12:16:00 [allowed] §eWelcome to §r§aHypixel SkyBlock§r§e!
12:16:00 [allowed] 
12:16:00 [allowed] §eLatest update: §bSkyBlock v0.21.3 §e§lCLICK
12:16:00 [allowed] §aYou are playing on profile: §eCucumber
12:16:00 [allowed] §8Profile ID: d3b760d9-e0d9-41d4-8f47-31e118afcace
12:16:00 [allowed]  
12:16:00 [STASH_COMPACT] §f                 §7You have §3771 §7materials stashed away!
12:16:00 [STASH_COMPACT] §f              §8(This totals 4 types of materials stashed!)
12:16:00 [STASH_COMPACT] §f                §3§l>>> §3§lCLICK HERE§b to pick them up! §3§l<<<
12:16:00 [STASH_COMPACT]   
12:16:00 [allowed]  
12:16:00 [STASH_COMPACT] §f                 §7You have §3771 §7materials stashed away!
12:16:00 [STASH_COMPACT] §f              §8(This totals 4 types of materials stashed!)
12:16:00 [STASH_COMPACT] §f                §3§l>>> §3§lCLICK HERE§b to pick them up! §3§l<<<
12:16:00 [STASH_COMPACT]   
12:16:00 [allowed] §6§lALLOWANCE! §r§eYou earned §r§620,000 coins§r§e!
12:16:18 [allowed] §b§m-----------------------------------------------------
12:16:18 [allowed] §6Guild Name: Oblivion SB
12:16:18 [allowed] §f
12:16:18 [allowed] §f                                §r§a-- Member --
12:16:18 [allowed] §b[MVP§r§c+§r§b] GAMEME794§r§a ●  
12:16:18 [allowed] §f
12:16:18 [allowed] §eTotal Members: §r§a11
12:16:18 [allowed] §eOnline Members: §r§a1
12:16:18 [allowed] §eOffline Members: §r§a10
12:16:18 [allowed] §b§m-----------------------------------------------------
12:16:40 [allowed] §e[NPC] §5Gwendolyn§f: §rGood luck in the mines!
12:16:48 [allowed] §bYou've seen all this before, click here to §e§lSKIP §bthe journey!
12:16:50 [allowed] §7Sending to server mini264A...
12:16:50 [allowed] §8 §r§8 §r§1 §r§3 §r§3 §r§7 §r§8 
12:16:57 [allowed] §aYou are playing on profile: §eCucumber
12:16:57 [allowed] §8Profile ID: d3b760d9-e0d9-41d4-8f47-31e118afcace
12:16:57 [allowed]  
12:16:57 [STASH_COMPACT] §f                 §7You have §3771 §7materials stashed away!
12:16:57 [STASH_COMPACT] §f              §8(This totals 4 types of materials stashed!)
12:16:57 [STASH_COMPACT] §f                §3§l>>> §3§lCLICK HERE§b to pick them up! §3§l<<<
12:16:57 [STASH_COMPACT]   
12:17:18 [allowed] §7Your §r§aWishing Compass §r§7shattered into pieces!
12:17:27 [allowed] §7Your §r§aWishing Compass §r§7shattered into pieces!
12:17:41 [allowed]  
12:17:41 [STASH_COMPACT] §f                 §7You have §3771 §7materials stashed away!
12:17:41 [STASH_COMPACT] §f              §8(This totals 4 types of materials stashed!)
12:17:41 [STASH_COMPACT] §f                §3§l>>> §3§lCLICK HERE§b to pick them up! §3§l<<<
12:17:41 [STASH_COMPACT]   
12:17:44 [allowed] §6[Sacks] §r§a+18§r§e items§r§e.§r§8 (Last 5s.)
12:18:04 [allowed] §cYou are entering the jungle temple, your speed is reduced and your jump boost will not work!
12:18:23 [allowed] §cA magical force surrounding this area prevents you from breaking blocks!
12:18:24 [allowed] §cA magical force surrounding this area prevents you from breaking blocks!
12:18:26 [allowed] §cA magical force surrounding this area prevents you from breaking blocks!
12:18:27 [allowed] §cA magical force surrounding this area prevents you from breaking blocks!
12:18:27 [allowed] §a§l+5 Kill Combo §r§b+3% §r§b✯ Magic Find
12:18:28 [allowed] §cA magical force surrounding this area prevents you from breaking blocks!
12:18:29 [allowed] §cA magical force surrounding this area prevents you from breaking blocks!
12:18:30 [allowed] §cA magical force surrounding this area prevents you from breaking blocks!
12:18:32 [allowed] §cA magical force surrounding this area prevents you from breaking blocks!
12:18:38 [allowed] §6[Sacks] §r§a+800§r§e items§r§e.§r§8 (Last 16s.)
12:18:40 [allowed] §cYour Kill Combo has expired! You reached a 7 Kill Combo!
12:18:42 [allowed]  §d⚑ §eThe §dBetter Together §eevent starts in §a20 §eseconds!
 §eThis is a passive event! §bIt's happening everywhere in the §bCrystal Hollows!
12:18:42 [allowed]  
12:18:42 [STASH_COMPACT] §f                 §7You have §3771 §7materials stashed away!
12:18:42 [STASH_COMPACT] §f              §8(This totals 4 types of materials stashed!)
12:18:42 [STASH_COMPACT] §f                §3§l>>> §3§lCLICK HERE§b to pick them up! §3§l<<<
12:18:42 [STASH_COMPACT]   
12:19:02 [allowed] §a§l▬▬▬▬▬▬▬▬▬▬▬▬▬▬▬▬▬▬▬▬▬▬▬▬▬▬▬▬▬▬▬▬▬▬▬▬▬▬▬▬▬▬▬▬▬▬▬▬▬▬▬▬▬▬▬▬▬▬▬▬▬▬▬▬
12:19:02 [allowed] §f                    §r§d§lBETTER TOGETHER STARTED!
12:19:02 [allowed] §f                           §r§7Passive Active Event
12:19:02 [allowed] §f                                        
12:19:02 [allowed] §f     The Better Together festival is underway! Dwarves love
12:19:02 [allowed] §f§r§f   working together, and this event celebrates friendship and
12:19:02 [allowed] §f§r§f                             jolly cooperation.
12:19:02 [allowed] §a§l▬▬▬▬▬▬▬▬▬▬▬▬▬▬▬▬▬▬▬▬▬▬▬▬▬▬▬▬▬▬▬▬▬▬▬▬▬▬▬▬▬▬▬▬▬▬▬▬▬▬▬▬▬▬▬▬▬▬▬▬▬▬▬▬
12:19:02 [allowed] §7§oYou can hear cooperative chattering coming from town…
12:19:02 [allowed] §7§oThe Better Together festival is active for 20 minutes!
12:19:20 [allowed] §e[NPC] §bKalhuiki Door Guardian§f: §rA Jungle Key! I will open the door for you.
12:19:20 [allowed] §aThe door opens!
12:19:46 [allowed]  
12:19:46 [STASH_COMPACT] §f                 §7You have §3771 §7materials stashed away!
12:19:46 [STASH_COMPACT] §f              §8(This totals 4 types of materials stashed!)
12:19:46 [STASH_COMPACT] §f                §3§l>>> §3§lCLICK HERE§b to pick them up! §3§l<<<
12:19:46 [STASH_COMPACT]   
12:19:46 [allowed] §cA magical force surrounding this area prevents you from breaking blocks!
12:20:38 [allowed] §cYou fell in lava and were teleported out!
12:20:43 [allowed]  
12:20:43 [STASH_COMPACT] §f                 §7You have §3771 §7materials stashed away!
12:20:43 [STASH_COMPACT] §f              §8(This totals 4 types of materials stashed!)
12:20:43 [STASH_COMPACT] §f                §3§l>>> §3§lCLICK HERE§b to pick them up! §3§l<<<
12:20:43 [STASH_COMPACT]   
12:20:45 [allowed] §8[§r§a133§r§8] §r§b[MVP§r§c+§r§b] GAMEME794§r§f: dude this ping
12:20:53 [allowed] §8[§r§a133§r§8] §r§b[MVP§r§c+§r§b] GAMEME794§r§f: 500+
12:20:58 [allowed] §8[§r§2180§r§8] §r§6§lᛝ §r§a[VIP] MercuryScience§f§r§f: where
12:21:03 [allowed] §8[§r§a133§r§8] §r§b[MVP§r§c+§r§b] GAMEME794§r§f: for me
12:21:26 [allowed] §8[§r§a133§r§8] §r§b[MVP§r§c+§r§b] GAMEME794§r§f: it is beacause red dead 2 is updating or idk
12:21:39 [allowed] §aYou earned §r§2398 GEXP §r§afrom playing SkyBlock!
12:21:44 [allowed]  
12:21:44 [STASH_COMPACT] §f                 §7You have §3771 §7materials stashed away!
12:21:44 [STASH_COMPACT] §f              §8(This totals 4 types of materials stashed!)
12:21:44 [STASH_COMPACT] §f                §3§l>>> §3§lCLICK HERE§b to pick them up! §3§l<<<
12:21:44 [STASH_COMPACT]   
12:21:45 [allowed] §cA magical force surrounding this area prevents you from breaking blocks!
12:22:19 [allowed] §cA magical force surrounding this area prevents you from breaking blocks!
12:22:45 [allowed]  
12:22:45 [STASH_COMPACT] §f                 §7You have §3771 §7materials stashed away!
12:22:45 [STASH_COMPACT] §f              §8(This totals 4 types of materials stashed!)
12:22:45 [STASH_COMPACT] §f                §3§l>>> §3§lCLICK HERE§b to pick them up! §3§l<<<
12:22:45 [STASH_COMPACT]   
12:23:03 [allowed] §cThe Arrow Trap hit you for 1,154.7 damage!
12:23:16 [allowed] §cYou are already opening a loot chest!
12:23:17 [allowed] §cYou are already opening a loot chest!
12:23:17 [allowed] §d§l▬▬▬▬▬▬▬▬▬▬▬▬▬▬▬▬▬▬▬▬▬▬▬▬▬▬▬▬▬▬▬▬▬▬▬▬▬▬▬▬▬▬▬▬▬▬▬▬▬▬▬▬▬▬▬▬▬▬▬▬▬▬▬▬
12:23:17 [allowed]   §r§5§lLOOT CHEST COLLECTED 
12:23:17 [allowed] 
12:23:17 [allowed]   §r§f§lREWARDS
12:23:17 [allowed]     §r§aOil Barrel
12:23:17 [allowed]     §r§f❈ Rough Amethyst Gemstone §r§8x40
12:23:17 [allowed]     §r§dGold Essence §r§8x3
12:23:17 [allowed]     §r§dGemstone Powder §r§8x584
12:23:17 [allowed] §d§l▬▬▬▬▬▬▬▬▬▬▬▬▬▬▬▬▬▬▬▬▬▬▬▬▬▬▬▬▬▬▬▬▬▬▬▬▬▬▬▬▬▬▬▬▬▬▬▬▬▬▬▬▬▬▬▬▬▬▬▬▬▬▬▬
12:23:19 [allowed] §5§l▬▬▬▬▬▬▬▬▬▬▬▬▬▬▬▬▬▬▬▬▬▬▬▬▬▬▬▬▬▬▬▬▬▬▬▬▬▬▬▬▬▬▬▬▬▬▬▬▬▬▬▬▬▬▬▬▬▬▬▬▬▬▬▬
12:23:19 [allowed] §f                       §r§5§l✦ CRYSTAL FOUND §r§7(3§r§7/5§r§7)
12:23:19 [allowed] §f                              §r§5Amethyst Crystal
12:23:19 [allowed] 
12:23:19 [allowed] §f            §r§7Place this Crystal in the §r§5Crystal Nucleus §r§7and
12:23:19 [allowed] §f             §r§7find all §r§a5 §r§7Crystals in the §r§5Crystal Hollows §r§7to
12:23:19 [allowed] §f                               §r§7earn §r§6rare loot§r§7!
12:23:19 [allowed] §5§l▬▬▬▬▬▬▬▬▬▬▬▬▬▬▬▬▬▬▬▬▬▬▬▬▬▬▬▬▬▬▬▬▬▬▬▬▬▬▬▬▬▬▬▬▬▬▬▬▬▬▬▬▬▬▬▬▬▬▬▬▬▬▬▬
12:23:19 [allowed] §a§lAMETHYST CRYSTAL HUNTER §r§eCommission Complete! Visit the King §r§eto claim your rewards!
12:23:19 [allowed] §cA magical force surrounding this area prevents you from breaking blocks!
12:23:19 [allowed] §cYou have already obtained this Crystal!
12:23:23 [allowed] §6[Sacks] §r§a+41§r§e items§r§e.§r§8 (Last 5s.)
12:23:23 [allowed] §d§l▬▬▬▬▬▬▬▬▬▬▬▬▬▬▬▬▬▬▬▬▬▬▬▬▬▬▬▬▬▬▬▬▬▬▬▬▬▬▬▬▬▬▬▬▬▬▬▬▬▬▬▬▬▬▬▬▬▬▬▬▬▬▬▬
12:23:23 [allowed]   §r§5§lLOOT CHEST COLLECTED 
12:23:23 [allowed] 
12:23:23 [allowed]   §r§f§lREWARDS
12:23:23 [allowed]     §r§f❈ Rough Amethyst Gemstone §r§8x112
12:23:23 [allowed]     §r§dDiamond Essence
12:23:23 [allowed]     §r§dGold Essence §r§8x2
12:23:23 [allowed]     §r§dGemstone Powder §r§8x104
12:23:23 [allowed] §d§l▬▬▬▬▬▬▬▬▬▬▬▬▬▬▬▬▬▬▬▬▬▬▬▬▬▬▬▬▬▬▬▬▬▬▬▬▬▬▬▬▬▬▬▬▬▬▬▬▬▬▬▬▬▬▬▬▬▬▬▬▬▬▬▬
12:23:25 [allowed] §aYou were teleported out!
12:23:29 [allowed] §6[Sacks] §r§a+112§r§e items§r§e.§r§8 (Last 5s.)
12:23:45 [allowed]  
12:23:45 [STASH_COMPACT] §f                 §7You have §3771 §7materials stashed away!
12:23:45 [STASH_COMPACT] §f              §8(This totals 4 types of materials stashed!)
12:23:45 [STASH_COMPACT] §f                §3§l>>> §3§lCLICK HERE§b to pick them up! §3§l<<<
12:23:45 [STASH_COMPACT]   
12:24:34 [allowed] §8[§r§a133§r§8] §r§b[MVP§r§c+§r§b] GAMEME794§r§f: anyone got coleron cords
12:24:46 [allowed]  
12:24:46 [STASH_COMPACT] §f                 §7You have §3771 §7materials stashed away!
12:24:46 [STASH_COMPACT] §f              §8(This totals 4 types of materials stashed!)
12:24:46 [STASH_COMPACT] §f                §3§l>>> §3§lCLICK HERE§b to pick them up! §3§l<<<
12:24:46 [STASH_COMPACT]   
12:25:18 [allowed] §6[Sacks] §r§a+276§r§e items§r§e.§r§8 (Last 7s.)
12:25:47 [allowed]  
12:25:47 [STASH_COMPACT] §f                 §7You have §3771 §7materials stashed away!
12:25:47 [STASH_COMPACT] §f              §8(This totals 4 types of materials stashed!)
12:25:47 [STASH_COMPACT] §f                §3§l>>> §3§lCLICK HERE§b to pick them up! §3§l<<<
12:25:47 [STASH_COMPACT]   
12:25:50 [allowed] §8[§r§2180§r§8] §r§6§lᛝ §r§a[VIP] MercuryScience§f§r§f: why bal no spawn
12:26:00 [allowed] §8[§r§a133§r§8] §r§b[MVP§r§c+§r§b] GAMEME794§r§f: time maybe
12:26:21 [allowed] §6[Sacks] §r§a+249§r§e items§r§e.§r§8 (Last 5s.)
12:26:29 [allowed] §cThere are blocks in the way!
12:26:29 [allowed] §cThere are blocks in the way!
12:26:29 [allowed] §cThere are blocks in the way!
12:26:36 [allowed] §cThere are blocks in the way!
12:26:43 [allowed] §aYou earned §r§2566 GEXP §r§afrom playing SkyBlock!
12:26:47 [allowed]  
12:26:47 [STASH_COMPACT] §f                 §7You have §3771 §7materials stashed away!
12:26:47 [STASH_COMPACT] §f              §8(This totals 4 types of materials stashed!)
12:26:47 [STASH_COMPACT] §f                §3§l>>> §3§lCLICK HERE§b to pick them up! §3§l<<<
12:26:47 [STASH_COMPACT]   
12:26:49 [allowed] §aYou uncovered a treasure chest!
12:26:50 [allowed] §aYou uncovered a treasure chest!
12:26:59 [allowed] §6[Sacks] §r§a+432§r§e items§r§e.§r§8 (Last 14s.)
12:27:02 [allowed] §aYou uncovered a treasure chest!
12:27:02 [allowed] §aYou uncovered a treasure chest!
12:27:08 [allowed] §6[Sacks] §r§a+85§r§e items§r§e.§r§8 (Last 6s.)
12:27:12 [allowed] §e§l▬▬▬▬▬▬▬▬▬▬▬▬▬▬▬▬▬▬▬▬▬▬▬▬▬▬▬▬▬▬▬▬▬▬▬▬▬▬▬▬▬▬▬▬▬▬▬▬▬▬▬▬▬▬▬▬▬▬▬▬▬▬▬▬
12:27:12 [allowed]   §r§6§lCHEST LOCKPICKED 
12:27:12 [allowed] 
12:27:12 [allowed]   §r§a§lREWARDS
12:27:12 [allowed]     §r§f☘ Rough Jade Gemstone §r§8x40
12:27:12 [allowed]     §r§f❤ Rough Ruby Gemstone §r§8x24
12:27:12 [allowed]     §r§dDiamond Essence
12:27:12 [allowed] §e§l▬▬▬▬▬▬▬▬▬▬▬▬▬▬▬▬▬▬▬▬▬▬▬▬▬▬▬▬▬▬▬▬▬▬▬▬▬▬▬▬▬▬▬▬▬▬▬▬▬▬▬▬▬▬▬▬▬▬▬▬▬▬▬▬
12:27:13 [allowed] §8[§r§2180§r§8] §r§6§lᛝ §r§a[VIP] MercuryScience§f§r§f: jax contact is so op
12:27:17 [allowed] §6[Sacks] §r§a+64§r§e items§r§e.§r§8 (Last 5s.)
12:27:19 [allowed] §e§l▬▬▬▬▬▬▬▬▬▬▬▬▬▬▬▬▬▬▬▬▬▬▬▬▬▬▬▬▬▬▬▬▬▬▬▬▬▬▬▬▬▬▬▬▬▬▬▬▬▬▬▬▬▬▬▬▬▬▬▬▬▬▬▬
12:27:19 [allowed]   §r§6§lCHEST LOCKPICKED 
12:27:19 [allowed] 
12:27:19 [allowed]   §r§a§lREWARDS
12:27:19 [allowed]     §r§f☘ Rough Jade Gemstone §r§8x16
12:27:19 [allowed]     §r§dDiamond Essence
12:27:19 [allowed]     §r§dGold Essence §r§8x2
12:27:19 [allowed]     §r§dGemstone Powder §r§8x171
12:27:19 [allowed] §e§l▬▬▬▬▬▬▬▬▬▬▬▬▬▬▬▬▬▬▬▬▬▬▬▬▬▬▬▬▬▬▬▬▬▬▬▬▬▬▬▬▬▬▬▬▬▬▬▬▬▬▬▬▬▬▬▬▬▬▬▬▬▬▬▬
12:27:28 [allowed] §6[Sacks] §r§a+87§r§e items§r§e.§r§8 (Last 9s.)
12:27:47 [allowed] §6[Sacks] §r§a+107§r§e items§r§e.§r§8 (Last 8s.)
12:27:48 [allowed]  
12:27:48 [STASH_COMPACT] §f                 §7You have §3771 §7materials stashed away!
12:27:48 [STASH_COMPACT] §f              §8(This totals 4 types of materials stashed!)
12:27:48 [STASH_COMPACT] §f                §3§l>>> §3§lCLICK HERE§b to pick them up! §3§l<<<
12:27:48 [STASH_COMPACT]   
12:28:23 [allowed] §6[Sacks] §r§a+925§r§e items§r§e.§r§8 (Last 18s.)
12:28:44 [allowed] §6[Sacks] §r§a+275§r§e items§r§e.§r§8 (Last 6s.)
12:28:49 [allowed]  
12:28:49 [STASH_COMPACT] §f                 §7You have §3771 §7materials stashed away!
12:28:49 [STASH_COMPACT] §f              §8(This totals 4 types of materials stashed!)
12:28:49 [STASH_COMPACT] §f                §3§l>>> §3§lCLICK HERE§b to pick them up! §3§l<<<
12:28:49 [STASH_COMPACT]   
12:28:57 [allowed] §8[§r§a133§r§8] §r§b[MVP§r§c+§r§b] GAMEME794§r§f: he spawn
12:29:31 [allowed] §6[Sacks] §r§a+245§r§e items§r§e.§r§8 (Last 5s.)
12:29:49 [allowed]  
12:29:49 [STASH_COMPACT] §f                 §7You have §3771 §7materials stashed away!
12:29:49 [STASH_COMPACT] §f              §8(This totals 4 types of materials stashed!)
12:29:49 [STASH_COMPACT] §f                §3§l>>> §3§lCLICK HERE§b to pick them up! §3§l<<<
12:29:49 [STASH_COMPACT]   
12:30:23 [allowed] §aYou summoned your §r§6Armadillo§r§a!
12:30:24 [allowed] §6[Sacks] §r§a+291§r§e items§r§e.§r§8 (Last 13s.)
12:30:27 [allowed] §eYour armadillo is full of energy!
12:30:28 [allowed] §eYour armadillo is full of energy!
12:30:30 [allowed] §eYour armadillo is full of energy!
12:30:34 [allowed] §6[Sacks] §r§a+147§r§e items§r§e.§r§8 (Last 7s.)
12:30:41 [allowed] §b§lCOMPACT! §r§fYou found an §r§aEnchanted Hard Stone§r§f!
12:30:48 [allowed] §6[Sacks] §r§a+434§r§e items§r§e.§r§8 (Last 13s.)
12:30:50 [allowed]  
12:30:50 [STASH_COMPACT] §f                 §7You have §3771 §7materials stashed away!
12:30:50 [STASH_COMPACT] §f              §8(This totals 4 types of materials stashed!)
12:30:50 [STASH_COMPACT] §f                §3§l>>> §3§lCLICK HERE§b to pick them up! §3§l<<<
12:30:50 [STASH_COMPACT]   
12:30:58 [allowed] §b§lCOMPACT! §r§fYou found an §r§aEnchanted Hard Stone§r§f!
12:30:59 [allowed] §b§lCOMPACT! §r§fYou found an §r§aEnchanted Hard Stone§r§f!
12:31:12 [allowed] §b§lCOMPACT! §r§fYou found an §r§aEnchanted Hard Stone§r§f!
12:31:12 [allowed] §aYou uncovered a treasure chest!
12:31:16 [allowed] §e§l▬▬▬▬▬▬▬▬▬▬▬▬▬▬▬▬▬▬▬▬▬▬▬▬▬▬▬▬▬▬▬▬▬▬▬▬▬▬▬▬▬▬▬▬▬▬▬▬▬▬▬▬▬▬▬▬▬▬▬▬▬▬▬▬
12:31:16 [allowed]   §r§6§lCHEST LOCKPICKED 
12:31:16 [allowed] 
12:31:16 [allowed]   §r§a§lREWARDS
12:31:16 [allowed]     §r§5Treasurite
12:31:16 [allowed]     §r§dGold Essence
12:31:16 [allowed]     §r§dGemstone Powder §r§8x531
12:31:16 [allowed] §e§l▬▬▬▬▬▬▬▬▬▬▬▬▬▬▬▬▬▬▬▬▬▬▬▬▬▬▬▬▬▬▬▬▬▬▬▬▬▬▬▬▬▬▬▬▬▬▬▬▬▬▬▬▬▬▬▬▬▬▬▬▬▬▬▬
12:31:19 [allowed] §aYou uncovered a treasure chest!
12:31:19 [allowed] §6[Sacks] §r§a+1,635§r§e items§r§e.§r§8 (Last 30s.)
12:31:27 [allowed] §6[Sacks] §r§a+92§r§e items§r§e.§r§8 (Last 6s.)
12:31:32 [allowed] §e§l▬▬▬▬▬▬▬▬▬▬▬▬▬▬▬▬▬▬▬▬▬▬▬▬▬▬▬▬▬▬▬▬▬▬▬▬▬▬▬▬▬▬▬▬▬▬▬▬▬▬▬▬▬▬▬▬▬▬▬▬▬▬▬▬
12:31:32 [allowed]   §r§6§lCHEST LOCKPICKED 
12:31:32 [allowed] 
12:31:32 [allowed]   §r§a§lREWARDS
12:31:32 [allowed]     §r§f☘ Rough Jade Gemstone §r§8x72
12:31:32 [allowed] §e§l▬▬▬▬▬▬▬▬▬▬▬▬▬▬▬▬▬▬▬▬▬▬▬▬▬▬▬▬▬▬▬▬▬▬▬▬▬▬▬▬▬▬▬▬▬▬▬▬▬▬▬▬▬▬▬▬▬▬▬▬▬▬▬▬
12:31:40 [allowed] §6[Sacks] §r§a+167§r§e items§r§e.§r§8 (Last 7s.)
12:31:46 [allowed] §aYou earned §r§2601 GEXP §r§afrom playing SkyBlock!
12:31:51 [allowed]  
12:31:51 [STASH_COMPACT] §f                 §7You have §3771 §7materials stashed away!
12:31:51 [STASH_COMPACT] §f              §8(This totals 4 types of materials stashed!)
12:31:51 [STASH_COMPACT] §f                §3§l>>> §3§lCLICK HERE§b to pick them up! §3§l<<<
12:31:51 [STASH_COMPACT]   
12:32:02 [allowed] §b§lCOMPACT! §r§fYou found an §r§aEnchanted Hard Stone§r§f!
12:32:04 [allowed] §aYou uncovered a treasure chest!
12:32:05 [allowed] §b§lCOMPACT! §r§fYou found an §r§aEnchanted Hard Stone§r§f!
12:32:05 [allowed] §aYou uncovered a treasure chest!
12:32:06 [allowed] §b§lCOMPACT! §r§fYou found an §r§aEnchanted Hard Stone§r§f!
12:32:11 [allowed] §6[Sacks] §r§a+680§r§e items§r§e.§r§8 (Last 22s.)
12:32:12 [allowed] §e§l▬▬▬▬▬▬▬▬▬▬▬▬▬▬▬▬▬▬▬▬▬▬▬▬▬▬▬▬▬▬▬▬▬▬▬▬▬▬▬▬▬▬▬▬▬▬▬▬▬▬▬▬▬▬▬▬▬▬▬▬▬▬▬▬
12:32:12 [allowed]   §r§6§lCHEST LOCKPICKED 
12:32:12 [allowed] 
12:32:12 [allowed]   §r§a§lREWARDS
12:32:12 [allowed]     §r§f☘ Rough Jade Gemstone §r§8x40
12:32:12 [allowed]     §r§dDiamond Essence §r§8x3
12:32:12 [allowed]     §r§dGemstone Powder §r§8x488
12:32:12 [allowed] §e§l▬▬▬▬▬▬▬▬▬▬▬▬▬▬▬▬▬▬▬▬▬▬▬▬▬▬▬▬▬▬▬▬▬▬▬▬▬▬▬▬▬▬▬▬▬▬▬▬▬▬▬▬▬▬▬▬▬▬▬▬▬▬▬▬
12:32:14 [allowed]  
12:32:14 [allowed] §f                          §r§3§lSKYBLOCK LEVEL UP
12:32:14 [allowed] §f                             §r§aLevel §r§8132 ➡ §r§8[§r§a133§r§8]
12:32:14 [allowed]  
12:32:14 [allowed] §f                                  §r§6§lREWARDS
12:32:14 [allowed] §f                                 §r§8+§r§a5 §r§c❤ Health
12:32:14 [allowed]  
12:32:17 [allowed] §6[Sacks] §r§a+40§r§e items§r§e.§r§8 (Last 5s.)
12:32:18 [allowed] §e§l▬▬▬▬▬▬▬▬▬▬▬▬▬▬▬▬▬▬▬▬▬▬▬▬▬▬▬▬▬▬▬▬▬▬▬▬▬▬▬▬▬▬▬▬▬▬▬▬▬▬▬▬▬▬▬▬▬▬▬▬▬▬▬▬
12:32:18 [allowed]   §r§6§lCHEST LOCKPICKED 
12:32:18 [allowed] 
12:32:18 [allowed]   §r§a§lREWARDS
12:32:18 [allowed]     §r§5Treasurite
12:32:19 [allowed]     §r§aWishing Compass §r§8x3
12:32:19 [allowed]     §r§f☘ Rough Jade Gemstone §r§8x40
12:32:19 [allowed]     §r§dDiamond Essence §r§8x2
12:32:19 [allowed] §e§l▬▬▬▬▬▬▬▬▬▬▬▬▬▬▬▬▬▬▬▬▬▬▬▬▬▬▬▬▬▬▬▬▬▬▬▬▬▬▬▬▬▬▬▬▬▬▬▬▬▬▬▬▬▬▬▬▬▬▬▬▬▬▬▬
12:32:23 [allowed] §eYour armadillo is full of energy!
12:32:25 [allowed] §6[Sacks] §r§a+41§r§e items§r§e.§r§8 (Last 5s.)
12:33:00 [allowed]  
12:33:00 [STASH_COMPACT] §f                 §7You have §3771 §7materials stashed away!
12:33:00 [STASH_COMPACT] §f              §8(This totals 4 types of materials stashed!)
12:33:00 [STASH_COMPACT] §f                §3§l>>> §3§lCLICK HERE§b to pick them up! §3§l<<<
12:33:00 [STASH_COMPACT]   
