17:50:39 §c[SkyHanni] Error with the repo detected, try /shupdaterepo to fix it!§r
17:51:39 §e[SkyHanni] Reloaded 7281 items in the NEU repo§r
17:54:36 §e[SkyHanni] §bYou have §3817 §bmaterials in stash, §btotalling §310 types§b. §bClick to §3pickup §byour stash!§r
17:54:45 §e[SkyHanni] You have gained §b489 §eBits.§r
18:11:55 §a§lPotion Effect! §r§4Regeneration III§r
18:11:55 §a§lPotion Effect! §r§4Strength IV§r
18:11:55 §a§lPotion Effect! §r§4Critical III§r
18:11:55 §a§lPotion Effect! §r§9Speed III§r
18:11:55 §a§lPotion Effect! §r§aResistance IV§r
18:11:55 §a§lPotion Effect! §r§bArchery II§r
18:17:35 §e[SkyHanni] §b+15 SkyBlock XP §7(Boss Collections§7)§b (31/100)§r
18:21:59 §e[SkyHanni] §b+4 SkyBlock XP §7(Collections§7)§b (35/100)§r
18:55:14 §e[SkyHanni] You have gained §b978 §eBits.§r
19:25:41 §e[SkyHanni] You have gained §b489 §eBits.§r
19:39:06 §e[SkyHanni] §eTo edit hidden GUI elements:
 §7- §e1. Set a key in /sh edit.
 §7- §e2. Click that key while the GUI element is visible.§r
19:40:35                    §eArachne took §b26.7s§e seconds to kill.§r
19:41:39                    §eArachne took §b21.2s§e seconds to kill.§r
19:42:59                    §eArachne took §b19.4s§e seconds to kill.§r
19:44:04                    §eArachne took §b23.5s§e seconds to kill.§r
19:45:09                    §eArachne took §b22.6s§e seconds to kill.§r
19:46:20                    §eArachne took §b31.8s§e seconds to kill.§r
19:47:05 §e[SkyHanni] The Broodmother was killed!§r
19:47:28                    §eArachne took §b23.1s§e seconds to kill.§r
19:50:09                    §eArachne took §b29.1s§e seconds to kill.§r
19:51:44                    §eArachne took §b31.5s§e seconds to kill.§r
19:53:05                    §eArachne took §b52.9s§e seconds to kill.§r
19:54:11                    §eArachne took §b30.1s§e seconds to kill.§r
19:55:18                    §eArachne took §b27.6s§e seconds to kill.§r
19:56:24                    §eArachne took §b35.8s§e seconds to kill.§r
19:58:13                    §eArachne took §b1m§e seconds to kill.§r
19:58:28 §c[SkyHanni-2.0.0]: Unknown chat color: z§c. Click here to copy the error into the clipboard.§r
19:58:28 §c[SkyHanni-2.0.0]: Error reading Player rank color§c. Click here to copy the error into the clipboard.§r
19:59:16                    §eArachne took §b28.8s§e seconds to kill.§r
20:00:22                    §eArachne took §b30.9s§e seconds to kill.§r
20:01:47 §e[SkyHanni] The Broodmother was killed!§r
20:01:54                    §eArachne took §b23.8s§e seconds to kill.§r
20:02:54                    §eArachne took §b17.8s§e seconds to kill.§r
20:04:04                    §eArachne took §b29.4s§e seconds to kill.§r
20:05:01                    §eArachne took §b22.2s§e seconds to kill.§r
20:05:54                    §eArachne took §b24.5s§e seconds to kill.§r
20:06:50                    §eArachne took §b28.6s§e seconds to kill.§r
20:08:18                    §eArachne took §b54.0s§e seconds to kill.§r
20:09:36                    §eArachne took §b31.8s§e seconds to kill.§r
20:10:34                    §eArachne took §b25.7s§e seconds to kill.§r
20:11:27                    §eArachne took §b18.7s§e seconds to kill.§r
20:12:35                    §eArachne took §b22.5s§e seconds to kill.§r
20:13:32                    §eArachne took §b28.9s§e seconds to kill.§r
20:14:31                    §eArachne took §b20.3s§e seconds to kill.§r
20:15:33                    §eArachne took §b32.7s§e seconds to kill.§r
20:16:42                    §eArachne took §b27.9s§e seconds to kill.§r
20:16:55 §e[SkyHanni] The Broodmother was killed!§r
20:18:19                    §eArachne took §b59.1s§e seconds to kill.§r
20:19:36                    §eArachne took §b38.9s§e seconds to kill.§r
20:20:57                    §eArachne took §b49.0s§e seconds to kill.§r
20:21:05 §6§lBESTIARY §r§b§lArachne's Keeper §7§8XI §8➡§b §bXII§r
20:23:19 §e[SkyHanni] You have gained §b1,868 §eBits.§r
20:23:53                    §eArachne took §b1m 14.5s§e seconds to kill.§r
20:24:56                    §eArachne took §b19.6s§e seconds to kill.§r
20:26:12 §e[SkyHanni] You have gained §b122 §eBits.§r
20:26:28 §e[SkyHanni] You have gained §b489 §eBits.§r
20:27:23 §e[SkyHanni] You have gained §b23 §eBits.§r
20:27:38                    §eArachne took §b2m 11.5s§e seconds to kill.§r
20:29:33                    §eArachne took §b58.6s§e seconds to kill.§r
20:30:47 §e[SkyHanni] The Broodmother was killed!§r
20:31:01                    §eArachne took §b29.6s§e seconds to kill.§r
20:32:13                    §eArachne took §b30.5s§e seconds to kill.§r
20:33:51 §e[SkyHanni] You have gained §b257 §eBits.§r
20:34:17 §6§lBESTIARY §r§b§lArachne §7§8XVI §8➡§b §bXVII§r
20:35:49 §e[SkyHanni] You have gained §b33 §eBits.§r
20:35:56 §e[SkyHanni] You have gained §b23 §eBits.§r
20:35:59                    §eArachne took §b56.0s§e seconds to kill.§r
20:36:34 §e[SkyHanni] You have gained §b33 §eBits.§r
20:37:42                    §eArachne took §b36.8s§e seconds to kill.§r
20:38:47                    §eArachne took §b31.9s§e seconds to kill.§r
20:38:51 §e[SkyHanni] You have gained §b66 §eBits.§r
20:40:15                    §eArachne took §b49.5s§e seconds to kill.§r
20:41:35                    §eArachne took §b43.0s§e seconds to kill.§r
20:43:09                    §eArachne took §b51.0s§e seconds to kill.§r
