13:03:42 PRIVATE_ISLAND
13:06:10 HUB
13:08:51 NONE
13:09:06 PRIVATE_ISLAND
13:09:33 NONE
13:09:34 HUB
13:10:15 PRIVATE_ISLAND
13:22:52 NONE
13:22:57 PRIVATE_ISLAND
13:25:28 NONE
13:25:29 HUB
13:28:31 NONE
13:28:31 DUNGEON_HUB
13:29:44 NONE
13:29:44 CATACOMBS
13:36:21 NONE
13:36:21 CATACOMBS
13:40:03 PRIVATE_ISLAND
13:41:42 NONE
13:41:42 DUNGEON_HUB
13:44:14 NONE
13:44:15 CATACOMBS
13:50:38 NONE
13:50:38 CATACOMBS
13:55:50 NONE
13:55:50 DUNGEON_HUB
13:56:15 NONE
13:56:15 CATACOMBS
14:01:57 DUNGEON_HUB
14:02:33 NONE
14:02:33 CATACOMBS
14:08:24 NONE
14:08:25 DUNGEON_HUB
