17:06:10 Trying to load config from config\skyhanni\config.json
17:06:10 load-config-now
17:06:10 Loaded config from file
17:06:10 Trying to load sacks from config\skyhanni\sacks.json
17:06:10 load-sacks-now
17:06:10 Loaded sacks from file
17:06:10 Trying to load friends from config\skyhanni\friends.json
17:06:10 load-friends-now
17:06:10 Loaded friends from file
17:06:10 Trying to load known_features from config\skyhanni\known_features.json
17:06:10 load-known_features-now
17:06:10 Loaded known_features from file
17:06:10 Trying to load jacob_contests from config\skyhanni\jacob_contests.json
17:06:10 Setting jacob_contests to be blank as it did not exist. It will be saved once something is written to it
17:06:10 Trying to load visual_words from config\skyhanni\visual_words.json
17:06:10 Setting visual_words to be blank as it did not exist. It will be saved once something is written to it
17:07:10 saveConfig: auto-save-60s
17:07:10 Saving config file
17:08:03 saveConfig: shutdown-hook
17:08:03 Saving config file
