14:50:17 §e[SkyHanni] §bYou have §3771 §bmaterials in stash, §btotalling §34 types§b. §bClick to §3pickup §byour stash!§r
14:50:21 §e[SkyHanni] You have gained §b489 §eBits.§r
15:03:34 §e[SkyHanni] Open your chocolate factory to see your barn's capacity status!§r
15:03:34 §e[SkyHanni] Click here to share the location of this chocolate egg with the server!§r
15:06:44 §e[SkyHanni] Wrong slayer selected! You have Revenant Horror selected and you are in an Tarantula Broodfather area!§r
15:08:57 §e[SkyHanni] You have gained §b23 §eBits.§r
15:09:15 §e[SkyHanni] §eTo edit hidden GUI elements:
 §7- §e1. Set a key in /sh edit.
 §7- §e2. Click that key while the GUI element is visible.§r
15:12:05 §e[SkyHanni] You have gained §b23 §eBits.§r
15:19:11 §6§lBESTIARY §r§b§lAngry Archaeologist §7§8XV §8➡§b §bXVI§r
15:20:39 §6§lBESTIARY §r§b§lTank Zombie §7§8X §8➡§b §bXI§r
15:27:48 §e[SkyHanni] You have gained §b489 §eBits.§r
15:31:03 §e[SkyHanni] §eNext egg available in §b5m 36s§e.§r
15:31:04 §e[SkyHanni] §eNext egg available in §b5m 35s§e.§r
15:39:15 §e[SkyHanni] §b+3 SkyBlock XP §7(Accessory Bag§7)§b (76/100)§r
15:39:59 §e[SkyHanni] §b+3 SkyBlock XP §7(Accessory Bag§7)§b (79/100)§r
15:41:35 §e[SkyHanni] Open your chocolate factory to see your barn's capacity status!§r
15:41:35 §e[SkyHanni] Click here to share the location of this chocolate egg with the server!§r
15:42:11 §e[SkyHanni] §eTo edit hidden GUI elements:
 §7- §e1. Set a key in /sh edit.
 §7- §e2. Click that key while the GUI element is visible.§r
15:43:26 §e[SkyHanni] Click here to share the location of this chocolate egg with the server!§r
15:43:29 §e[SkyHanni] Click here to share the location of this chocolate egg with the server!§r
15:51:07 §e[SkyHanni] You have gained §b489 §eBits.§r
15:52:09 §e[SkyHanni] Click here to share the location of this chocolate egg with the server!§r
15:55:58 §e[SkyHanni] §eRemoved invalid Account Upgrade information.§r
