13:02:48 Trying to load config from config\skyhanni\config.json
13:02:48 load-config-now
13:02:49 Loaded config from file
13:02:49 Trying to load sacks from config\skyhanni\sacks.json
13:02:49 load-sacks-now
13:02:49 Loaded sacks from file
13:02:49 Trying to load friends from config\skyhanni\friends.json
13:02:49 load-friends-now
13:02:49 Loaded friends from file
13:02:49 Trying to load known_features from config\skyhanni\known_features.json
13:02:49 load-known_features-now
13:02:49 Loaded known_features from file
13:02:49 Trying to load jacob_contests from config\skyhanni\jacob_contests.json
13:02:49 load-jacob_contests-now
13:02:49 Loaded jacob_contests from file
13:02:49 Trying to load visual_words from config\skyhanni\visual_words.json
13:02:49 Setting visual_words to be blank as it did not exist. It will be saved once something is written to it
13:03:41 saveConfig: Updated known feature flags
13:03:41 Saving known_features file
13:03:41 Saved known_features file successfully
13:03:41 saveConfig: Updated known feature flags
13:03:41 Saving known_features file
13:03:41 Saved known_features file successfully
13:03:49 saveConfig: auto-save-60s
13:03:49 Saving config file
13:03:49 Saved config file successfully
13:03:49 saveConfig: auto-save-60s
13:03:49 Saving config file
13:03:49 Saved config file successfully
13:04:49 saveConfig: auto-save-60s
13:04:49 Saving config file
13:04:49 Saved config file successfully
13:04:49 saveConfig: auto-save-60s
13:04:49 Saving config file
13:04:49 Saved config file successfully
13:05:49 saveConfig: auto-save-60s
13:05:49 Saving config file
13:05:49 Saved config file successfully
13:05:49 saveConfig: auto-save-60s
13:05:49 Saving config file
13:05:49 Saved config file successfully
13:06:49 saveConfig: auto-save-60s
13:06:49 Saving config file
13:06:49 Saved config file successfully
13:06:49 saveConfig: auto-save-60s
13:06:49 Saving config file
13:06:49 Saved config file successfully
13:07:49 saveConfig: auto-save-60s
13:07:49 Saving config file
13:07:49 Saved config file successfully
13:07:49 saveConfig: auto-save-60s
13:07:49 Saving config file
13:07:49 Saved config file successfully
13:08:49 saveConfig: auto-save-60s
13:08:49 Saving config file
13:08:49 Saved config file successfully
13:08:49 saveConfig: auto-save-60s
13:08:49 Saving config file
13:08:49 Saved config file successfully
13:09:49 saveConfig: auto-save-60s
13:09:49 Saving config file
13:09:49 Saved config file successfully
13:09:49 saveConfig: auto-save-60s
13:09:49 Saving config file
13:09:49 Saved config file successfully
13:10:49 saveConfig: auto-save-60s
13:10:49 Saving config file
13:10:49 Saved config file successfully
13:10:49 saveConfig: auto-save-60s
13:10:49 Saving config file
13:10:49 Saved config file successfully
13:11:49 saveConfig: auto-save-60s
13:11:49 Saving config file
13:11:49 Saved config file successfully
13:11:49 saveConfig: auto-save-60s
13:11:49 Saving config file
13:11:49 Saved config file successfully
13:12:49 saveConfig: auto-save-60s
13:12:49 Saving config file
13:12:49 Saved config file successfully
13:12:49 saveConfig: auto-save-60s
13:12:49 Saving config file
13:12:49 Saved config file successfully
13:13:49 saveConfig: auto-save-60s
13:13:49 Saving config file
13:13:49 Saved config file successfully
13:13:49 saveConfig: auto-save-60s
13:13:49 Saving config file
13:13:49 Saved config file successfully
13:14:49 saveConfig: auto-save-60s
13:14:49 Saving config file
13:14:49 Saved config file successfully
13:14:49 saveConfig: auto-save-60s
13:14:49 Saving config file
13:14:49 Saved config file successfully
13:15:49 saveConfig: auto-save-60s
13:15:49 Saving config file
13:15:49 Saved config file successfully
13:15:49 saveConfig: auto-save-60s
13:15:49 Saving config file
13:15:49 Saved config file successfully
13:16:49 saveConfig: auto-save-60s
13:16:49 Saving config file
13:16:49 Saved config file successfully
13:16:49 saveConfig: auto-save-60s
13:16:49 Saving config file
13:16:49 Saved config file successfully
13:16:59 saveConfig: saving-data
13:16:59 Saving sacks file
13:16:59 Saved sacks file successfully
13:16:59 saveConfig: saving-data
13:16:59 Saving sacks file
13:16:59 Saved sacks file successfully
13:17:12 saveConfig: saving-data
13:17:12 Saving sacks file
13:17:12 Saved sacks file successfully
13:17:12 saveConfig: saving-data
13:17:12 Saving sacks file
13:17:12 Saved sacks file successfully
13:17:49 saveConfig: auto-save-60s
13:17:49 Saving config file
13:17:49 Saved config file successfully
13:17:49 saveConfig: auto-save-60s
13:17:49 Saving config file
13:17:49 Saved config file successfully
13:18:49 saveConfig: auto-save-60s
13:18:49 Saving config file
13:18:49 Saved config file successfully
13:18:49 saveConfig: auto-save-60s
13:18:49 Saving config file
13:18:49 Saved config file successfully
13:19:49 saveConfig: auto-save-60s
13:19:49 Saving config file
13:19:49 Saved config file successfully
13:19:49 saveConfig: auto-save-60s
13:19:49 Saving config file
13:19:49 Saved config file successfully
13:20:49 saveConfig: auto-save-60s
13:20:49 Saving config file
13:20:49 Saved config file successfully
13:20:49 saveConfig: auto-save-60s
13:20:49 Saving config file
13:20:49 Saved config file successfully
13:21:49 saveConfig: auto-save-60s
13:21:49 Saving config file
13:21:49 Saved config file successfully
13:21:49 saveConfig: auto-save-60s
13:21:49 Saving config file
13:21:49 Saved config file successfully
13:22:49 saveConfig: auto-save-60s
13:22:49 Saving config file
13:22:49 Saved config file successfully
13:22:49 saveConfig: auto-save-60s
13:22:49 Saving config file
13:22:49 Saved config file successfully
13:23:49 saveConfig: auto-save-60s
13:23:49 Saving config file
13:23:49 Saved config file successfully
13:23:49 saveConfig: auto-save-60s
13:23:49 Saving config file
13:23:49 Saved config file successfully
13:24:49 saveConfig: auto-save-60s
13:24:49 Saving config file
13:24:49 Saved config file successfully
13:24:49 saveConfig: auto-save-60s
13:24:49 Saving config file
13:24:49 Saved config file successfully
13:25:49 saveConfig: auto-save-60s
13:25:49 Saving config file
13:25:49 Saved config file successfully
13:25:49 saveConfig: auto-save-60s
13:25:49 Saving config file
13:25:49 Saved config file successfully
13:26:49 saveConfig: auto-save-60s
13:26:49 Saving config file
13:26:49 Saved config file successfully
13:26:49 saveConfig: auto-save-60s
13:26:49 Saving config file
13:26:49 Saved config file successfully
13:27:49 saveConfig: auto-save-60s
13:27:49 Saving config file
13:27:49 Saved config file successfully
13:27:49 saveConfig: auto-save-60s
13:27:49 Saving config file
13:27:49 Saved config file successfully
13:28:49 saveConfig: auto-save-60s
13:28:49 Saving config file
13:28:49 Saved config file successfully
13:28:49 saveConfig: auto-save-60s
13:28:49 Saving config file
13:28:49 Saved config file successfully
13:29:49 saveConfig: auto-save-60s
13:29:49 Saving config file
13:29:49 Saved config file successfully
13:29:49 saveConfig: auto-save-60s
13:29:49 Saving config file
13:29:49 Saved config file successfully
13:30:41 saveConfig: saving-data
13:30:41 Saving sacks file
13:30:41 Saved sacks file successfully
13:30:41 saveConfig: saving-data
13:30:41 Saving sacks file
13:30:41 Saved sacks file successfully
13:30:49 saveConfig: auto-save-60s
13:30:49 Saving config file
13:30:49 Saved config file successfully
13:30:49 saveConfig: auto-save-60s
13:30:49 Saving config file
13:30:49 Saved config file successfully
13:30:51 saveConfig: saving-data
13:30:51 Saving sacks file
13:30:51 Saved sacks file successfully
13:30:51 saveConfig: saving-data
13:30:51 Saving sacks file
13:30:51 Saved sacks file successfully
13:31:49 saveConfig: auto-save-60s
13:31:49 Saving config file
13:31:49 Saved config file successfully
13:31:49 saveConfig: auto-save-60s
13:31:49 Saving config file
13:31:49 Saved config file successfully
13:32:41 saveConfig: saving-data
13:32:41 Saving sacks file
13:32:41 Saved sacks file successfully
13:32:41 saveConfig: saving-data
13:32:41 Saving sacks file
13:32:41 Saved sacks file successfully
13:32:49 saveConfig: auto-save-60s
13:32:49 Saving config file
13:32:49 Saved config file successfully
13:32:49 saveConfig: auto-save-60s
13:32:49 Saving config file
13:32:49 Saved config file successfully
13:33:49 saveConfig: auto-save-60s
13:33:49 Saving config file
13:33:49 Saved config file successfully
13:33:49 saveConfig: auto-save-60s
13:33:49 Saving config file
13:33:49 Saved config file successfully
13:34:34 saveConfig: saving-data
13:34:34 Saving sacks file
13:34:34 Saved sacks file successfully
13:34:34 saveConfig: saving-data
13:34:34 Saving sacks file
13:34:34 Saved sacks file successfully
13:34:49 saveConfig: auto-save-60s
13:34:49 Saving config file
13:34:49 Saved config file successfully
13:34:49 saveConfig: auto-save-60s
13:34:49 Saving config file
13:34:49 Saved config file successfully
13:34:57 saveConfig: saving-data
13:34:57 Saving sacks file
13:34:57 Saved sacks file successfully
13:34:57 saveConfig: saving-data
13:34:57 Saving sacks file
13:34:57 Saved sacks file successfully
13:35:49 saveConfig: auto-save-60s
13:35:49 Saving config file
13:35:49 Saved config file successfully
13:35:49 saveConfig: auto-save-60s
13:35:49 Saving config file
13:35:49 Saved config file successfully
13:36:49 saveConfig: auto-save-60s
13:36:49 Saving config file
13:36:49 Saved config file successfully
13:36:49 saveConfig: auto-save-60s
13:36:49 Saving config file
13:36:49 Saved config file successfully
13:36:54 saveConfig: saving-data
13:36:54 Saving sacks file
13:36:54 Saved sacks file successfully
13:36:54 saveConfig: saving-data
13:36:54 Saving sacks file
13:36:54 Saved sacks file successfully
13:37:20 saveConfig: saving-data
13:37:20 Saving sacks file
13:37:20 Saved sacks file successfully
13:37:20 saveConfig: saving-data
13:37:20 Saving sacks file
13:37:20 Saved sacks file successfully
13:37:49 saveConfig: auto-save-60s
13:37:49 Saving config file
13:37:49 Saved config file successfully
13:37:49 saveConfig: auto-save-60s
13:37:49 Saving config file
13:37:49 Saved config file successfully
13:38:49 saveConfig: auto-save-60s
13:38:49 Saving config file
13:38:49 Saved config file successfully
13:38:49 saveConfig: auto-save-60s
13:38:49 Saving config file
13:38:49 Saved config file successfully
13:39:49 saveConfig: auto-save-60s
13:39:49 Saving config file
13:39:49 Saved config file successfully
13:39:49 saveConfig: auto-save-60s
13:39:49 Saving config file
13:39:49 Saved config file successfully
13:40:49 saveConfig: auto-save-60s
13:40:49 Saving config file
13:40:49 Saved config file successfully
13:40:49 saveConfig: auto-save-60s
13:40:49 Saving config file
13:40:49 Saved config file successfully
13:41:49 saveConfig: auto-save-60s
13:41:49 Saving config file
13:41:49 Saved config file successfully
13:41:49 saveConfig: auto-save-60s
13:41:49 Saving config file
13:41:49 Saved config file successfully
13:42:49 saveConfig: auto-save-60s
13:42:49 Saving config file
13:42:49 Saved config file successfully
13:42:49 saveConfig: auto-save-60s
13:42:49 Saving config file
13:42:49 Saved config file successfully
13:43:49 saveConfig: auto-save-60s
13:43:49 Saving config file
13:43:49 Saved config file successfully
13:43:49 saveConfig: auto-save-60s
13:43:49 Saving config file
13:43:49 Saved config file successfully
13:44:32 saveConfig: saving-data
13:44:32 Saving sacks file
13:44:32 Saved sacks file successfully
13:44:32 saveConfig: saving-data
13:44:32 Saving sacks file
13:44:32 Saved sacks file successfully
13:44:49 saveConfig: auto-save-60s
13:44:49 Saving config file
13:44:49 Saved config file successfully
13:44:49 saveConfig: auto-save-60s
13:44:49 Saving config file
13:44:49 Saved config file successfully
13:45:49 saveConfig: auto-save-60s
13:45:49 Saving config file
13:45:49 Saved config file successfully
13:45:49 saveConfig: auto-save-60s
13:45:49 Saving config file
13:45:49 Saved config file successfully
13:46:49 saveConfig: auto-save-60s
13:46:49 Saving config file
13:46:49 Saved config file successfully
13:46:49 saveConfig: auto-save-60s
13:46:49 Saving config file
13:46:49 Saved config file successfully
13:47:03 saveConfig: saving-data
13:47:03 Saving sacks file
13:47:03 Saved sacks file successfully
13:47:03 saveConfig: saving-data
13:47:03 Saving sacks file
13:47:03 Saved sacks file successfully
13:47:49 saveConfig: auto-save-60s
13:47:49 Saving config file
13:47:49 Saved config file successfully
13:47:49 saveConfig: auto-save-60s
13:47:49 Saving config file
13:47:49 Saved config file successfully
13:48:18 saveConfig: saving-data
13:48:18 Saving sacks file
13:48:18 Saved sacks file successfully
13:48:18 saveConfig: saving-data
13:48:18 Saving sacks file
13:48:18 Saved sacks file successfully
13:48:49 saveConfig: auto-save-60s
13:48:49 Saving config file
13:48:49 Saved config file successfully
13:48:49 saveConfig: auto-save-60s
13:48:49 Saving config file
13:48:49 Saved config file successfully
13:49:49 saveConfig: auto-save-60s
13:49:49 Saving config file
13:49:49 Saved config file successfully
13:49:49 saveConfig: auto-save-60s
13:49:49 Saving config file
13:49:49 Saved config file successfully
13:50:49 saveConfig: auto-save-60s
13:50:49 Saving config file
13:50:49 Saved config file successfully
13:50:49 saveConfig: auto-save-60s
13:50:49 Saving config file
13:50:49 Saved config file successfully
13:51:22 saveConfig: saving-data
13:51:22 Saving sacks file
13:51:22 Saved sacks file successfully
13:51:22 saveConfig: saving-data
13:51:22 Saving sacks file
13:51:22 Saved sacks file successfully
13:51:39 saveConfig: saving-data
13:51:39 Saving sacks file
13:51:39 Saved sacks file successfully
13:51:39 saveConfig: saving-data
13:51:39 Saving sacks file
13:51:39 Saved sacks file successfully
13:51:49 saveConfig: auto-save-60s
13:51:49 Saving config file
13:51:49 Saved config file successfully
13:51:49 saveConfig: auto-save-60s
13:51:49 Saving config file
13:51:49 Saved config file successfully
13:52:21 saveConfig: saving-data
13:52:21 Saving sacks file
13:52:21 Saved sacks file successfully
13:52:21 saveConfig: saving-data
13:52:21 Saving sacks file
13:52:21 Saved sacks file successfully
13:52:27 saveConfig: saving-data
13:52:27 Saving sacks file
13:52:27 Saved sacks file successfully
13:52:27 saveConfig: saving-data
13:52:27 Saving sacks file
13:52:27 Saved sacks file successfully
13:52:49 saveConfig: auto-save-60s
13:52:49 Saving config file
13:52:49 Saved config file successfully
13:52:49 saveConfig: auto-save-60s
13:52:49 Saving config file
13:52:49 Saved config file successfully
13:52:54 saveConfig: saving-data
13:52:54 Saving sacks file
13:52:54 Saved sacks file successfully
13:52:54 saveConfig: saving-data
13:52:54 Saving sacks file
13:52:54 Saved sacks file successfully
13:53:49 saveConfig: auto-save-60s
13:53:49 Saving config file
13:53:49 Saved config file successfully
13:53:49 saveConfig: auto-save-60s
13:53:49 Saving config file
13:53:49 Saved config file successfully
13:54:49 saveConfig: auto-save-60s
13:54:49 Saving config file
13:54:49 Saved config file successfully
13:54:49 saveConfig: auto-save-60s
13:54:49 Saving config file
13:54:49 Saved config file successfully
13:55:49 saveConfig: auto-save-60s
13:55:49 Saving config file
13:55:49 Saved config file successfully
13:55:49 saveConfig: auto-save-60s
13:55:49 Saving config file
13:55:49 Saved config file successfully
13:56:49 saveConfig: auto-save-60s
13:56:49 Saving config file
13:56:49 Saved config file successfully
13:56:49 saveConfig: auto-save-60s
13:56:49 Saving config file
13:56:49 Saved config file successfully
13:57:49 saveConfig: auto-save-60s
13:57:49 Saving config file
13:57:49 Saved config file successfully
13:57:49 saveConfig: auto-save-60s
13:57:49 Saving config file
13:57:49 Saved config file successfully
13:58:41 saveConfig: saving-data
13:58:41 Saving sacks file
13:58:41 Saved sacks file successfully
13:58:41 saveConfig: saving-data
13:58:41 Saving sacks file
13:58:41 Saved sacks file successfully
13:58:49 saveConfig: auto-save-60s
13:58:49 Saving config file
13:58:49 Saved config file successfully
13:58:49 saveConfig: auto-save-60s
13:58:49 Saving config file
13:58:49 Saved config file successfully
13:59:49 saveConfig: auto-save-60s
13:59:49 Saving config file
13:59:49 Saved config file successfully
13:59:49 saveConfig: auto-save-60s
13:59:49 Saving config file
13:59:49 Saved config file successfully
14:00:49 saveConfig: auto-save-60s
14:00:49 Saving config file
14:00:49 Saved config file successfully
14:00:49 saveConfig: auto-save-60s
14:00:49 Saving config file
14:00:49 Saved config file successfully
14:01:49 saveConfig: auto-save-60s
14:01:49 Saving config file
14:01:49 Saved config file successfully
14:01:49 saveConfig: auto-save-60s
14:01:49 Saving config file
14:01:49 Saved config file successfully
14:02:49 saveConfig: auto-save-60s
14:02:49 Saving config file
14:02:49 Saved config file successfully
14:02:49 saveConfig: auto-save-60s
14:02:49 Saving config file
14:02:49 Saved config file successfully
14:03:22 saveConfig: saving-data
14:03:22 Saving sacks file
14:03:22 Saved sacks file successfully
14:03:22 saveConfig: saving-data
14:03:22 Saving sacks file
14:03:22 Saved sacks file successfully
14:03:47 saveConfig: saving-data
14:03:47 Saving sacks file
14:03:47 Saved sacks file successfully
14:03:47 saveConfig: saving-data
14:03:47 Saving sacks file
14:03:47 Saved sacks file successfully
14:03:49 saveConfig: auto-save-60s
14:03:49 Saving config file
14:03:49 Saved config file successfully
14:03:49 saveConfig: auto-save-60s
14:03:49 Saving config file
14:03:49 Saved config file successfully
14:04:14 saveConfig: saving-data
14:04:14 Saving sacks file
14:04:14 Saved sacks file successfully
14:04:14 saveConfig: saving-data
14:04:14 Saving sacks file
14:04:14 Saved sacks file successfully
14:04:27 saveConfig: saving-data
14:04:27 Saving sacks file
14:04:27 Saved sacks file successfully
14:04:27 saveConfig: saving-data
14:04:27 Saving sacks file
14:04:27 Saved sacks file successfully
14:04:49 saveConfig: auto-save-60s
14:04:49 Saving config file
14:04:49 Saved config file successfully
14:04:49 saveConfig: auto-save-60s
14:04:49 Saving config file
14:04:49 Saved config file successfully
14:05:05 saveConfig: saving-data
14:05:05 Saving sacks file
14:05:05 Saved sacks file successfully
14:05:05 saveConfig: saving-data
14:05:05 Saving sacks file
14:05:05 Saved sacks file successfully
14:05:49 saveConfig: auto-save-60s
14:05:49 Saving config file
14:05:49 Saved config file successfully
14:05:49 saveConfig: auto-save-60s
14:05:49 Saving config file
14:05:49 Saved config file successfully
14:06:21 saveConfig: saving-data
14:06:21 Saving sacks file
14:06:21 Saved sacks file successfully
14:06:21 saveConfig: saving-data
14:06:21 Saving sacks file
14:06:21 Saved sacks file successfully
14:06:43 saveConfig: saving-data
14:06:43 Saving sacks file
14:06:43 Saved sacks file successfully
14:06:43 saveConfig: saving-data
14:06:43 Saving sacks file
14:06:43 Saved sacks file successfully
14:06:49 saveConfig: auto-save-60s
14:06:49 Saving config file
14:06:49 Saved config file successfully
14:06:49 saveConfig: auto-save-60s
14:06:49 Saving config file
14:06:49 Saved config file successfully
14:07:49 saveConfig: auto-save-60s
14:07:49 Saving config file
14:07:49 Saved config file successfully
14:07:49 saveConfig: auto-save-60s
14:07:49 Saving config file
14:07:49 Saved config file successfully
14:08:49 saveConfig: auto-save-60s
14:08:49 Saving config file
14:08:49 Saved config file successfully
14:08:49 saveConfig: auto-save-60s
14:08:49 Saving config file
14:08:49 Saved config file successfully
14:09:49 saveConfig: auto-save-60s
14:09:49 Saving config file
14:09:49 Saved config file successfully
14:09:49 saveConfig: auto-save-60s
14:09:49 Saving config file
14:09:49 Saved config file successfully
14:10:45 saveConfig: shutdown-hook
14:10:45 Saving config file
