18:11:29 HypixelApiJoinEvent(alpha=false)
18:11:29 Connected to Hypixel
18:11:30 HypixelApiServerChangeEvent(serverName=dynamiclobby12H, serverType=PROTOTYPE, lobbyName=prototypelobby2, mode=null, map=null)
18:11:37 HypixelApiServerChangeEvent(serverName=mini224U, serverType=SKYBLOCK, lobbyName=null, mode=dynamic, map=Private Island)
18:11:37 Island detected: 'PRIVATE_ISLAND'
18:11:37 Island change: 'NONE' -> 'PRIVATE_ISLAND'
18:11:38 ERROR: HypixelData.skyBlock: true, inSkyblock: true, HypixelData.hypixelLive: true, inHypixel: true, HypixelData.skyBlockIsland: UNKNOWN, island: PRIVATE_ISLAND, HypixelData.serverId: null, serverId: mini224U, serverType: SKYBLOCK, map: Private Island
18:11:39 ERROR: HypixelData.skyBlock: true, inSkyblock: true, HypixelData.hypixelLive: true, inHypixel: true, HypixelData.skyBlockIsland: PRIVATE_ISLAND, island: PRIVATE_ISLAND, HypixelData.serverId: null, serverId: mini224U, serverType: SKYBLOCK, map: Private Island
18:11:39 ERROR: HypixelData.skyBlock: true, inSkyblock: true, HypixelData.hypixelLive: true, inHypixel: true, HypixelData.skyBlockIsland: PRIVATE_ISLAND, island: PRIVATE_ISLAND, HypixelData.serverId: null, serverId: mini224U, serverType: SKYBLOCK, map: Private Island
18:11:39 ERROR: HypixelData.skyBlock: true, inSkyblock: true, HypixelData.hypixelLive: true, inHypixel: true, HypixelData.skyBlockIsland: PRIVATE_ISLAND, island: PRIVATE_ISLAND, HypixelData.serverId: null, serverId: mini224U, serverType: SKYBLOCK, map: Private Island
18:11:39 ERROR: HypixelData.skyBlock: true, inSkyblock: true, HypixelData.hypixelLive: true, inHypixel: true, HypixelData.skyBlockIsland: PRIVATE_ISLAND, island: PRIVATE_ISLAND, HypixelData.serverId: null, serverId: mini224U, serverType: SKYBLOCK, map: Private Island
18:11:39 ERROR: HypixelData.skyBlock: true, inSkyblock: true, HypixelData.hypixelLive: true, inHypixel: true, HypixelData.skyBlockIsland: PRIVATE_ISLAND, island: PRIVATE_ISLAND, HypixelData.serverId: null, serverId: mini224U, serverType: SKYBLOCK, map: Private Island
18:11:39 ERROR: HypixelData.skyBlock: true, inSkyblock: true, HypixelData.hypixelLive: true, inHypixel: true, HypixelData.skyBlockIsland: PRIVATE_ISLAND, island: PRIVATE_ISLAND, HypixelData.serverId: null, serverId: mini224U, serverType: SKYBLOCK, map: Private Island
18:11:39 ERROR: HypixelData.skyBlock: true, inSkyblock: true, HypixelData.hypixelLive: true, inHypixel: true, HypixelData.skyBlockIsland: PRIVATE_ISLAND, island: PRIVATE_ISLAND, HypixelData.serverId: null, serverId: mini224U, serverType: SKYBLOCK, map: Private Island
18:11:39 ERROR: HypixelData.skyBlock: true, inSkyblock: true, HypixelData.hypixelLive: true, inHypixel: true, HypixelData.skyBlockIsland: PRIVATE_ISLAND, island: PRIVATE_ISLAND, HypixelData.serverId: null, serverId: mini224U, serverType: SKYBLOCK, map: Private Island
18:11:39 ERROR: HypixelData.skyBlock: true, inSkyblock: true, HypixelData.hypixelLive: true, inHypixel: true, HypixelData.skyBlockIsland: PRIVATE_ISLAND, island: PRIVATE_ISLAND, HypixelData.serverId: null, serverId: mini224U, serverType: SKYBLOCK, map: Private Island
18:11:39 ERROR: HypixelData.skyBlock: true, inSkyblock: true, HypixelData.hypixelLive: true, inHypixel: true, HypixelData.skyBlockIsland: PRIVATE_ISLAND, island: PRIVATE_ISLAND, HypixelData.serverId: null, serverId: mini224U, serverType: SKYBLOCK, map: Private Island
18:12:19 Disconnected
18:12:39 HypixelApiJoinEvent(alpha=false)
18:12:39 Connected to Hypixel
18:12:40 HypixelApiServerChangeEvent(serverName=dynamiclobby3E, serverType=WOOL_GAMES, lobbyName=woollobby3, mode=null, map=null)
18:12:40 ERROR: HypixelData.skyBlock: false, inSkyblock: false, HypixelData.hypixelLive: false, inHypixel: true, HypixelData.skyBlockIsland: PRIVATE_ISLAND, island: NONE, HypixelData.serverId: null, serverId: dynamiclobby3E, serverType: WOOL_GAMES, map: null
18:12:40 ERROR: HypixelData.skyBlock: false, inSkyblock: false, HypixelData.hypixelLive: false, inHypixel: true, HypixelData.skyBlockIsland: PRIVATE_ISLAND, island: NONE, HypixelData.serverId: null, serverId: dynamiclobby3E, serverType: WOOL_GAMES, map: null
18:12:40 ERROR: HypixelData.skyBlock: false, inSkyblock: false, HypixelData.hypixelLive: false, inHypixel: true, HypixelData.skyBlockIsland: PRIVATE_ISLAND, island: NONE, HypixelData.serverId: null, serverId: dynamiclobby3E, serverType: WOOL_GAMES, map: null
18:12:40 ERROR: HypixelData.skyBlock: false, inSkyblock: false, HypixelData.hypixelLive: false, inHypixel: true, HypixelData.skyBlockIsland: PRIVATE_ISLAND, island: NONE, HypixelData.serverId: null, serverId: dynamiclobby3E, serverType: WOOL_GAMES, map: null
18:12:40 ERROR: HypixelData.skyBlock: false, inSkyblock: false, HypixelData.hypixelLive: false, inHypixel: true, HypixelData.skyBlockIsland: PRIVATE_ISLAND, island: NONE, HypixelData.serverId: null, serverId: dynamiclobby3E, serverType: WOOL_GAMES, map: null
18:12:40 ERROR: HypixelData.skyBlock: false, inSkyblock: false, HypixelData.hypixelLive: false, inHypixel: true, HypixelData.skyBlockIsland: PRIVATE_ISLAND, island: NONE, HypixelData.serverId: null, serverId: dynamiclobby3E, serverType: WOOL_GAMES, map: null
18:12:40 ERROR: HypixelData.skyBlock: false, inSkyblock: false, HypixelData.hypixelLive: false, inHypixel: true, HypixelData.skyBlockIsland: PRIVATE_ISLAND, island: NONE, HypixelData.serverId: null, serverId: dynamiclobby3E, serverType: WOOL_GAMES, map: null
18:12:40 ERROR: HypixelData.skyBlock: false, inSkyblock: false, HypixelData.hypixelLive: false, inHypixel: true, HypixelData.skyBlockIsland: PRIVATE_ISLAND, island: NONE, HypixelData.serverId: null, serverId: dynamiclobby3E, serverType: WOOL_GAMES, map: null
18:12:40 ERROR: HypixelData.skyBlock: false, inSkyblock: false, HypixelData.hypixelLive: false, inHypixel: true, HypixelData.skyBlockIsland: PRIVATE_ISLAND, island: NONE, HypixelData.serverId: null, serverId: dynamiclobby3E, serverType: WOOL_GAMES, map: null
18:12:40 ERROR: HypixelData.skyBlock: false, inSkyblock: false, HypixelData.hypixelLive: false, inHypixel: true, HypixelData.skyBlockIsland: PRIVATE_ISLAND, island: NONE, HypixelData.serverId: null, serverId: dynamiclobby3E, serverType: WOOL_GAMES, map: null
18:12:40 ERROR: HypixelData.skyBlock: false, inSkyblock: false, HypixelData.hypixelLive: false, inHypixel: true, HypixelData.skyBlockIsland: PRIVATE_ISLAND, island: NONE, HypixelData.serverId: null, serverId: dynamiclobby3E, serverType: WOOL_GAMES, map: null
18:12:40 ERROR: HypixelData.skyBlock: false, inSkyblock: false, HypixelData.hypixelLive: false, inHypixel: true, HypixelData.skyBlockIsland: PRIVATE_ISLAND, island: NONE, HypixelData.serverId: null, serverId: dynamiclobby3E, serverType: WOOL_GAMES, map: null
18:12:40 ERROR: HypixelData.skyBlock: false, inSkyblock: false, HypixelData.hypixelLive: false, inHypixel: true, HypixelData.skyBlockIsland: PRIVATE_ISLAND, island: NONE, HypixelData.serverId: null, serverId: dynamiclobby3E, serverType: WOOL_GAMES, map: null
18:12:40 ERROR: HypixelData.skyBlock: false, inSkyblock: false, HypixelData.hypixelLive: false, inHypixel: true, HypixelData.skyBlockIsland: PRIVATE_ISLAND, island: NONE, HypixelData.serverId: null, serverId: dynamiclobby3E, serverType: WOOL_GAMES, map: null
18:12:40 ERROR: HypixelData.skyBlock: false, inSkyblock: false, HypixelData.hypixelLive: false, inHypixel: true, HypixelData.skyBlockIsland: PRIVATE_ISLAND, island: NONE, HypixelData.serverId: null, serverId: dynamiclobby3E, serverType: WOOL_GAMES, map: null
18:12:40 ERROR: HypixelData.skyBlock: false, inSkyblock: false, HypixelData.hypixelLive: false, inHypixel: true, HypixelData.skyBlockIsland: PRIVATE_ISLAND, island: NONE, HypixelData.serverId: null, serverId: dynamiclobby3E, serverType: WOOL_GAMES, map: null
18:12:40 ERROR: HypixelData.skyBlock: false, inSkyblock: false, HypixelData.hypixelLive: false, inHypixel: true, HypixelData.skyBlockIsland: PRIVATE_ISLAND, island: NONE, HypixelData.serverId: null, serverId: dynamiclobby3E, serverType: WOOL_GAMES, map: null
18:12:40 ERROR: HypixelData.skyBlock: false, inSkyblock: false, HypixelData.hypixelLive: false, inHypixel: true, HypixelData.skyBlockIsland: PRIVATE_ISLAND, island: NONE, HypixelData.serverId: null, serverId: dynamiclobby3E, serverType: WOOL_GAMES, map: null
18:12:40 ERROR: HypixelData.skyBlock: false, inSkyblock: false, HypixelData.hypixelLive: false, inHypixel: true, HypixelData.skyBlockIsland: PRIVATE_ISLAND, island: NONE, HypixelData.serverId: null, serverId: dynamiclobby3E, serverType: WOOL_GAMES, map: null
18:12:40 ERROR: HypixelData.skyBlock: false, inSkyblock: false, HypixelData.hypixelLive: false, inHypixel: true, HypixelData.skyBlockIsland: PRIVATE_ISLAND, island: NONE, HypixelData.serverId: null, serverId: dynamiclobby3E, serverType: WOOL_GAMES, map: null
18:12:46 HypixelApiServerChangeEvent(serverName=mini151AH, serverType=SKYBLOCK, lobbyName=null, mode=dynamic, map=Private Island)
18:12:46 Island detected: 'PRIVATE_ISLAND'
18:12:46 ERROR: HypixelData.skyBlock: false, inSkyblock: true, HypixelData.hypixelLive: true, inHypixel: true, HypixelData.skyBlockIsland: NONE, island: NONE, HypixelData.serverId: null, serverId: mini151AH, serverType: SKYBLOCK, map: Private Island
18:12:46 ERROR: HypixelData.skyBlock: false, inSkyblock: true, HypixelData.hypixelLive: true, inHypixel: true, HypixelData.skyBlockIsland: NONE, island: NONE, HypixelData.serverId: null, serverId: mini151AH, serverType: SKYBLOCK, map: Private Island
18:12:46 ERROR: HypixelData.skyBlock: false, inSkyblock: true, HypixelData.hypixelLive: true, inHypixel: true, HypixelData.skyBlockIsland: NONE, island: NONE, HypixelData.serverId: null, serverId: mini151AH, serverType: SKYBLOCK, map: Private Island
18:12:46 ERROR: HypixelData.skyBlock: false, inSkyblock: true, HypixelData.hypixelLive: true, inHypixel: true, HypixelData.skyBlockIsland: NONE, island: NONE, HypixelData.serverId: null, serverId: mini151AH, serverType: SKYBLOCK, map: Private Island
18:12:46 ERROR: HypixelData.skyBlock: false, inSkyblock: true, HypixelData.hypixelLive: true, inHypixel: true, HypixelData.skyBlockIsland: NONE, island: NONE, HypixelData.serverId: null, serverId: mini151AH, serverType: SKYBLOCK, map: Private Island
18:12:46 ERROR: HypixelData.skyBlock: false, inSkyblock: true, HypixelData.hypixelLive: true, inHypixel: true, HypixelData.skyBlockIsland: NONE, island: NONE, HypixelData.serverId: null, serverId: mini151AH, serverType: SKYBLOCK, map: Private Island
18:12:46 ERROR: HypixelData.skyBlock: false, inSkyblock: true, HypixelData.hypixelLive: true, inHypixel: true, HypixelData.skyBlockIsland: NONE, island: NONE, HypixelData.serverId: null, serverId: mini151AH, serverType: SKYBLOCK, map: Private Island
18:12:46 ERROR: HypixelData.skyBlock: false, inSkyblock: true, HypixelData.hypixelLive: true, inHypixel: true, HypixelData.skyBlockIsland: NONE, island: NONE, HypixelData.serverId: null, serverId: mini151AH, serverType: SKYBLOCK, map: Private Island
18:12:46 ERROR: HypixelData.skyBlock: false, inSkyblock: true, HypixelData.hypixelLive: true, inHypixel: true, HypixelData.skyBlockIsland: NONE, island: NONE, HypixelData.serverId: null, serverId: mini151AH, serverType: SKYBLOCK, map: Private Island
18:12:46 ERROR: HypixelData.skyBlock: false, inSkyblock: true, HypixelData.hypixelLive: true, inHypixel: true, HypixelData.skyBlockIsland: NONE, island: NONE, HypixelData.serverId: null, serverId: mini151AH, serverType: SKYBLOCK, map: Private Island
18:12:46 Island change: 'NONE' -> 'PRIVATE_ISLAND'
18:12:46 ERROR: HypixelData.skyBlock: false, inSkyblock: true, HypixelData.hypixelLive: true, inHypixel: true, HypixelData.skyBlockIsland: NONE, island: PRIVATE_ISLAND, HypixelData.serverId: null, serverId: mini151AH, serverType: SKYBLOCK, map: Private Island
18:12:46 ERROR: HypixelData.skyBlock: false, inSkyblock: true, HypixelData.hypixelLive: true, inHypixel: true, HypixelData.skyBlockIsland: NONE, island: PRIVATE_ISLAND, HypixelData.serverId: null, serverId: mini151AH, serverType: SKYBLOCK, map: Private Island
18:12:46 ERROR: HypixelData.skyBlock: true, inSkyblock: true, HypixelData.hypixelLive: true, inHypixel: true, HypixelData.skyBlockIsland: NONE, island: PRIVATE_ISLAND, HypixelData.serverId: null, serverId: mini151AH, serverType: SKYBLOCK, map: Private Island
18:12:46 ERROR: HypixelData.skyBlock: true, inSkyblock: true, HypixelData.hypixelLive: true, inHypixel: true, HypixelData.skyBlockIsland: NONE, island: PRIVATE_ISLAND, HypixelData.serverId: null, serverId: mini151AH, serverType: SKYBLOCK, map: Private Island
18:12:46 ERROR: HypixelData.skyBlock: true, inSkyblock: true, HypixelData.hypixelLive: true, inHypixel: true, HypixelData.skyBlockIsland: NONE, island: PRIVATE_ISLAND, HypixelData.serverId: null, serverId: mini151AH, serverType: SKYBLOCK, map: Private Island
18:12:46 ERROR: HypixelData.skyBlock: true, inSkyblock: true, HypixelData.hypixelLive: true, inHypixel: true, HypixelData.skyBlockIsland: NONE, island: PRIVATE_ISLAND, HypixelData.serverId: null, serverId: mini151AH, serverType: SKYBLOCK, map: Private Island
18:12:46 ERROR: HypixelData.skyBlock: true, inSkyblock: true, HypixelData.hypixelLive: true, inHypixel: true, HypixelData.skyBlockIsland: NONE, island: PRIVATE_ISLAND, HypixelData.serverId: null, serverId: mini151AH, serverType: SKYBLOCK, map: Private Island
18:12:46 ERROR: HypixelData.skyBlock: true, inSkyblock: true, HypixelData.hypixelLive: true, inHypixel: true, HypixelData.skyBlockIsland: NONE, island: PRIVATE_ISLAND, HypixelData.serverId: null, serverId: mini151AH, serverType: SKYBLOCK, map: Private Island
18:12:46 ERROR: HypixelData.skyBlock: true, inSkyblock: true, HypixelData.hypixelLive: true, inHypixel: true, HypixelData.skyBlockIsland: NONE, island: PRIVATE_ISLAND, HypixelData.serverId: null, serverId: mini151AH, serverType: SKYBLOCK, map: Private Island
18:12:47 ERROR: HypixelData.skyBlock: true, inSkyblock: true, HypixelData.hypixelLive: true, inHypixel: true, HypixelData.skyBlockIsland: PRIVATE_ISLAND, island: PRIVATE_ISLAND, HypixelData.serverId: null, serverId: mini151AH, serverType: SKYBLOCK, map: Private Island
18:12:47 ERROR: HypixelData.skyBlock: true, inSkyblock: true, HypixelData.hypixelLive: true, inHypixel: true, HypixelData.skyBlockIsland: PRIVATE_ISLAND, island: PRIVATE_ISLAND, HypixelData.serverId: null, serverId: mini151AH, serverType: SKYBLOCK, map: Private Island
18:12:47 ERROR: HypixelData.skyBlock: true, inSkyblock: true, HypixelData.hypixelLive: true, inHypixel: true, HypixelData.skyBlockIsland: PRIVATE_ISLAND, island: PRIVATE_ISLAND, HypixelData.serverId: null, serverId: mini151AH, serverType: SKYBLOCK, map: Private Island
18:12:47 ERROR: HypixelData.skyBlock: true, inSkyblock: true, HypixelData.hypixelLive: true, inHypixel: true, HypixelData.skyBlockIsland: PRIVATE_ISLAND, island: PRIVATE_ISLAND, HypixelData.serverId: null, serverId: mini151AH, serverType: SKYBLOCK, map: Private Island
18:12:47 ERROR: HypixelData.skyBlock: true, inSkyblock: true, HypixelData.hypixelLive: true, inHypixel: true, HypixelData.skyBlockIsland: PRIVATE_ISLAND, island: PRIVATE_ISLAND, HypixelData.serverId: null, serverId: mini151AH, serverType: SKYBLOCK, map: Private Island
18:12:47 ERROR: HypixelData.skyBlock: true, inSkyblock: true, HypixelData.hypixelLive: true, inHypixel: true, HypixelData.skyBlockIsland: PRIVATE_ISLAND, island: PRIVATE_ISLAND, HypixelData.serverId: null, serverId: mini151AH, serverType: SKYBLOCK, map: Private Island
18:12:47 ERROR: HypixelData.skyBlock: true, inSkyblock: true, HypixelData.hypixelLive: true, inHypixel: true, HypixelData.skyBlockIsland: PRIVATE_ISLAND, island: PRIVATE_ISLAND, HypixelData.serverId: null, serverId: mini151AH, serverType: SKYBLOCK, map: Private Island
18:12:47 ERROR: HypixelData.skyBlock: true, inSkyblock: true, HypixelData.hypixelLive: true, inHypixel: true, HypixelData.skyBlockIsland: PRIVATE_ISLAND, island: PRIVATE_ISLAND, HypixelData.serverId: null, serverId: mini151AH, serverType: SKYBLOCK, map: Private Island
18:12:47 ERROR: HypixelData.skyBlock: true, inSkyblock: true, HypixelData.hypixelLive: true, inHypixel: true, HypixelData.skyBlockIsland: PRIVATE_ISLAND, island: PRIVATE_ISLAND, HypixelData.serverId: null, serverId: mini151AH, serverType: SKYBLOCK, map: Private Island
18:12:47 ERROR: HypixelData.skyBlock: true, inSkyblock: true, HypixelData.hypixelLive: true, inHypixel: true, HypixelData.skyBlockIsland: PRIVATE_ISLAND, island: PRIVATE_ISLAND, HypixelData.serverId: null, serverId: mini151AH, serverType: SKYBLOCK, map: Private Island
18:12:47 ERROR: HypixelData.skyBlock: true, inSkyblock: true, HypixelData.hypixelLive: true, inHypixel: true, HypixelData.skyBlockIsland: PRIVATE_ISLAND, island: PRIVATE_ISLAND, HypixelData.serverId: null, serverId: mini151AH, serverType: SKYBLOCK, map: Private Island
18:12:47 ERROR: HypixelData.skyBlock: true, inSkyblock: true, HypixelData.hypixelLive: true, inHypixel: true, HypixelData.skyBlockIsland: PRIVATE_ISLAND, island: PRIVATE_ISLAND, HypixelData.serverId: null, serverId: mini151AH, serverType: SKYBLOCK, map: Private Island
18:12:47 ERROR: HypixelData.skyBlock: true, inSkyblock: true, HypixelData.hypixelLive: true, inHypixel: true, HypixelData.skyBlockIsland: PRIVATE_ISLAND, island: PRIVATE_ISLAND, HypixelData.serverId: null, serverId: mini151AH, serverType: SKYBLOCK, map: Private Island
18:12:47 ERROR: HypixelData.skyBlock: true, inSkyblock: true, HypixelData.hypixelLive: true, inHypixel: true, HypixelData.skyBlockIsland: PRIVATE_ISLAND, island: PRIVATE_ISLAND, HypixelData.serverId: null, serverId: mini151AH, serverType: SKYBLOCK, map: Private Island
18:13:21 HypixelApiServerChangeEvent(serverName=mini82T, serverType=SKYBLOCK, lobbyName=null, mode=crystal_hollows, map=Crystal Hollows)
18:13:21 Island detected: 'CRYSTAL_HOLLOWS'
18:13:21 Island change: 'PRIVATE_ISLAND' -> 'CRYSTAL_HOLLOWS'
18:13:21 ERROR: HypixelData.skyBlock: false, inSkyblock: true, HypixelData.hypixelLive: true, inHypixel: true, HypixelData.skyBlockIsland: PRIVATE_ISLAND, island: CRYSTAL_HOLLOWS, HypixelData.serverId: null, serverId: mini82T, serverType: SKYBLOCK, map: Crystal Hollows
18:13:21 ERROR: HypixelData.skyBlock: false, inSkyblock: true, HypixelData.hypixelLive: true, inHypixel: true, HypixelData.skyBlockIsland: PRIVATE_ISLAND, island: CRYSTAL_HOLLOWS, HypixelData.serverId: null, serverId: mini82T, serverType: SKYBLOCK, map: Crystal Hollows
18:13:21 ERROR: HypixelData.skyBlock: false, inSkyblock: true, HypixelData.hypixelLive: true, inHypixel: true, HypixelData.skyBlockIsland: PRIVATE_ISLAND, island: CRYSTAL_HOLLOWS, HypixelData.serverId: null, serverId: mini82T, serverType: SKYBLOCK, map: Crystal Hollows
18:13:21 ERROR: HypixelData.skyBlock: false, inSkyblock: true, HypixelData.hypixelLive: true, inHypixel: true, HypixelData.skyBlockIsland: PRIVATE_ISLAND, island: CRYSTAL_HOLLOWS, HypixelData.serverId: null, serverId: mini82T, serverType: SKYBLOCK, map: Crystal Hollows
18:13:21 ERROR: HypixelData.skyBlock: false, inSkyblock: true, HypixelData.hypixelLive: true, inHypixel: true, HypixelData.skyBlockIsland: PRIVATE_ISLAND, island: CRYSTAL_HOLLOWS, HypixelData.serverId: null, serverId: mini82T, serverType: SKYBLOCK, map: Crystal Hollows
18:13:21 ERROR: HypixelData.skyBlock: false, inSkyblock: true, HypixelData.hypixelLive: true, inHypixel: true, HypixelData.skyBlockIsland: PRIVATE_ISLAND, island: CRYSTAL_HOLLOWS, HypixelData.serverId: null, serverId: mini82T, serverType: SKYBLOCK, map: Crystal Hollows
18:13:21 ERROR: HypixelData.skyBlock: true, inSkyblock: true, HypixelData.hypixelLive: true, inHypixel: true, HypixelData.skyBlockIsland: NONE, island: CRYSTAL_HOLLOWS, HypixelData.serverId: null, serverId: mini82T, serverType: SKYBLOCK, map: Crystal Hollows
18:13:21 ERROR: HypixelData.skyBlock: true, inSkyblock: true, HypixelData.hypixelLive: true, inHypixel: true, HypixelData.skyBlockIsland: NONE, island: CRYSTAL_HOLLOWS, HypixelData.serverId: null, serverId: mini82T, serverType: SKYBLOCK, map: Crystal Hollows
18:13:21 ERROR: HypixelData.skyBlock: true, inSkyblock: true, HypixelData.hypixelLive: true, inHypixel: true, HypixelData.skyBlockIsland: NONE, island: CRYSTAL_HOLLOWS, HypixelData.serverId: null, serverId: mini82T, serverType: SKYBLOCK, map: Crystal Hollows
18:13:21 ERROR: HypixelData.skyBlock: true, inSkyblock: true, HypixelData.hypixelLive: true, inHypixel: true, HypixelData.skyBlockIsland: NONE, island: CRYSTAL_HOLLOWS, HypixelData.serverId: null, serverId: mini82T, serverType: SKYBLOCK, map: Crystal Hollows
18:13:21 ERROR: HypixelData.skyBlock: true, inSkyblock: true, HypixelData.hypixelLive: true, inHypixel: true, HypixelData.skyBlockIsland: NONE, island: CRYSTAL_HOLLOWS, HypixelData.serverId: null, serverId: mini82T, serverType: SKYBLOCK, map: Crystal Hollows
18:13:21 ERROR: HypixelData.skyBlock: true, inSkyblock: true, HypixelData.hypixelLive: true, inHypixel: true, HypixelData.skyBlockIsland: NONE, island: CRYSTAL_HOLLOWS, HypixelData.serverId: null, serverId: mini82T, serverType: SKYBLOCK, map: Crystal Hollows
18:13:21 ERROR: HypixelData.skyBlock: true, inSkyblock: true, HypixelData.hypixelLive: true, inHypixel: true, HypixelData.skyBlockIsland: NONE, island: CRYSTAL_HOLLOWS, HypixelData.serverId: null, serverId: mini82T, serverType: SKYBLOCK, map: Crystal Hollows
18:13:22 ERROR: HypixelData.skyBlock: true, inSkyblock: true, HypixelData.hypixelLive: true, inHypixel: true, HypixelData.skyBlockIsland: NONE, island: CRYSTAL_HOLLOWS, HypixelData.serverId: null, serverId: mini82T, serverType: SKYBLOCK, map: Crystal Hollows
18:13:22 ERROR: HypixelData.skyBlock: true, inSkyblock: true, HypixelData.hypixelLive: true, inHypixel: true, HypixelData.skyBlockIsland: NONE, island: CRYSTAL_HOLLOWS, HypixelData.serverId: null, serverId: mini82T, serverType: SKYBLOCK, map: Crystal Hollows
18:13:22 ERROR: HypixelData.skyBlock: true, inSkyblock: true, HypixelData.hypixelLive: true, inHypixel: true, HypixelData.skyBlockIsland: NONE, island: CRYSTAL_HOLLOWS, HypixelData.serverId: null, serverId: mini82T, serverType: SKYBLOCK, map: Crystal Hollows
18:13:22 ERROR: HypixelData.skyBlock: true, inSkyblock: true, HypixelData.hypixelLive: true, inHypixel: true, HypixelData.skyBlockIsland: NONE, island: CRYSTAL_HOLLOWS, HypixelData.serverId: null, serverId: mini82T, serverType: SKYBLOCK, map: Crystal Hollows
18:13:22 ERROR: HypixelData.skyBlock: true, inSkyblock: true, HypixelData.hypixelLive: true, inHypixel: true, HypixelData.skyBlockIsland: NONE, island: CRYSTAL_HOLLOWS, HypixelData.serverId: null, serverId: mini82T, serverType: SKYBLOCK, map: Crystal Hollows
18:13:22 ERROR: HypixelData.skyBlock: true, inSkyblock: true, HypixelData.hypixelLive: true, inHypixel: true, HypixelData.skyBlockIsland: NONE, island: CRYSTAL_HOLLOWS, HypixelData.serverId: null, serverId: mini82T, serverType: SKYBLOCK, map: Crystal Hollows
18:13:22 ERROR: HypixelData.skyBlock: true, inSkyblock: true, HypixelData.hypixelLive: true, inHypixel: true, HypixelData.skyBlockIsland: NONE, island: CRYSTAL_HOLLOWS, HypixelData.serverId: null, serverId: mini82T, serverType: SKYBLOCK, map: Crystal Hollows
