12:36:21 §e[SkyHanni] Reloaded 7279 items in the NEU repo§r
12:38:13 §e[SkyHanni] §bYou have §3771 §bmaterials in stash, §btotalling §34 types§b. §bClick to §3pickup §byour stash!§r
12:39:48 §e[SkyHanni] §b+2 SkyBlock XP §7(HOTM Progression§7)§b (12/100)§r
12:41:27 §e[SkyHanni] You have gained §b10 §eBits.§r
12:46:42 §e[SkyHanni] You have gained §b489 §eBits.§r
12:57:12 §e[SkyHanni] Profit for Crystal Nucleus Run§e: §6148k§r
12:57:12 §e[SkyHanni] §b+4 SkyBlock XP §7(Nucleus Run§7)§b (18/100)§r
12:57:15 §e[SkyHanni] You have gained §b39 §eBits.§r
12:58:22 §6§lBESTIARY §r§b§lGrunt §7§8VII §8➡§b §bVIII§r
12:59:22 §e[SkyHanni] §b+1 SkyBlock XP §7(HOTM Progression§7)§b (19/100)§r
13:04:05 §e[SkyHanni] §b+1 SkyBlock XP §7(HOTM Progression§7)§b (21/100)§r
13:05:20 §e[SkyHanni] You have gained §b10 §eBits.§r
13:09:00 §6§lBESTIARY §r§b§lThyst §7§8IV §8➡§b §bV§r
13:09:06 §e[SkyHanni] You have gained §b10 §eBits.§r
13:16:51 §e[SkyHanni] You have gained §b489 §eBits.§r
13:40:52 §e[SkyHanni] §cExtra Information from Tab list not found! Enable it: SkyBlock Menu ➜ Settings ➜ Personal ➜ User Interface ➜ Player List Info§r
13:40:54 §e[SkyHanni] §cExtra Information from Tab list not found! Enable it: SkyBlock Menu ➜ Settings ➜ Personal ➜ User Interface ➜ Player List Info§r§7 (2)§r
13:40:56 §e[SkyHanni] §cExtra Information from Tab list not found! Enable it: SkyBlock Menu ➜ Settings ➜ Personal ➜ User Interface ➜ Player List Info§r§7 (3)§r
13:40:58 §e[SkyHanni] §cExtra Information from Tab list not found! Enable it: SkyBlock Menu ➜ Settings ➜ Personal ➜ User Interface ➜ Player List Info§r§7 (4)§r
13:41:00 §e[SkyHanni] §cExtra Information from Tab list not found! Enable it: SkyBlock Menu ➜ Settings ➜ Personal ➜ User Interface ➜ Player List Info§r§7 (5)§r
13:41:02 §e[SkyHanni] §cExtra Information from Tab list not found! Enable it: SkyBlock Menu ➜ Settings ➜ Personal ➜ User Interface ➜ Player List Info§r§7 (6)§r
13:41:04 §e[SkyHanni] §cExtra Information from Tab list not found! Enable it: SkyBlock Menu ➜ Settings ➜ Personal ➜ User Interface ➜ Player List Info§r§7 (7)§r
13:41:06 §e[SkyHanni] §cExtra Information from Tab list not found! Enable it: SkyBlock Menu ➜ Settings ➜ Personal ➜ User Interface ➜ Player List Info§r§7 (8)§r
13:41:09 §e[SkyHanni] §cExtra Information from Tab list not found! Enable it: SkyBlock Menu ➜ Settings ➜ Personal ➜ User Interface ➜ Player List Info§r§7 (9)§r
13:41:11 §e[SkyHanni] §cExtra Information from Tab list not found! Enable it: SkyBlock Menu ➜ Settings ➜ Personal ➜ User Interface ➜ Player List Info§r§7 (10)§r
13:41:13 §e[SkyHanni] §cExtra Information from Tab list not found! Enable it: SkyBlock Menu ➜ Settings ➜ Personal ➜ User Interface ➜ Player List Info§r§7 (11)§r
13:41:15 §e[SkyHanni] §cExtra Information from Tab list not found! Enable it: SkyBlock Menu ➜ Settings ➜ Personal ➜ User Interface ➜ Player List Info§r§7 (12)§r
13:41:15 §c[SkyHanni-2.0.0]: Could not find server id§c. Click here to copy the error into the clipboard.§r
14:08:16 §6§lBESTIARY §r§b§lUndead §7§8X §8➡§b §bXI§r
14:12:06 §6§lBESTIARY §r§b§lSkeleton Master §7§8XIII §8➡§b §bXIV§r
14:30:12 §a§lPotion Effect! §r§4Regeneration III§r
14:30:12 §a§lPotion Effect! §r§4Strength IV§r
14:30:12 §a§lPotion Effect! §r§4Critical III§r
14:30:12 §a§lPotion Effect! §r§9Speed III§r
14:30:12 §a§lPotion Effect! §r§aResistance IV§r
14:30:12 §a§lPotion Effect! §r§bArchery II§r
14:33:58 §6§lBESTIARY §r§b§lCrypt Souleater §7§8XIII §8➡§b §bXIV§r
14:42:18 §6§lBESTIARY §r§b§lSkeletor §7§8XVII §8➡§b §bXVIII§r
14:47:46 §a§lPotion Effect! §r§4Regeneration III§r
14:47:46 §a§lPotion Effect! §r§4Strength IV§r
14:47:46 §a§lPotion Effect! §r§4Critical III§r
14:47:46 §a§lPotion Effect! §r§9Speed III§r
14:47:46 §a§lPotion Effect! §r§aResistance IV§r
14:47:46 §a§lPotion Effect! §r§bArchery II§r
14:51:58 §6§lBESTIARY §r§b§lCellar Spider §7§8IX §8➡§b §bX§r
15:15:04 §e[SkyHanni] §b+4 SkyBlock XP §7(Collections§7)§b (35/100)§r
15:15:42 §e[SkyHanni] §b+4 SkyBlock XP §7(Collections§7)§b (39/100)§r
15:18:37 §e[SkyHanni] You have gained §b1,641 §eBits.§r
