13:09:08 [STASH_COMPACT] §f                 §7You have §3802 §7materials stashed away!
13:09:08 [STASH_COMPACT] §f              §8(This totals 9 types of materials stashed!)
13:09:08 [STASH_COMPACT] §f                §3§l>>> §3§lCLICK HERE§b to pick them up! §3§l<<<
13:09:08 [STASH_COMPACT]   
13:09:09 [STASH_COMPACT] §f                 §7You have §3802 §7materials stashed away!
13:09:09 [STASH_COMPACT] §f              §8(This totals 9 types of materials stashed!)
13:09:09 [STASH_COMPACT] §f                §3§l>>> §3§lCLICK HERE§b to pick them up! §3§l<<<
13:09:09 [STASH_COMPACT]   
13:09:36 [STASH_COMPACT] §f                 §7You have §3802 §7materials stashed away!
13:09:36 [STASH_COMPACT] §f              §8(This totals 9 types of materials stashed!)
13:09:36 [STASH_COMPACT] §f                §3§l>>> §3§lCLICK HERE§b to pick them up! §3§l<<<
13:09:36 [STASH_COMPACT]   
13:09:50 [STASH_COMPACT] §f                 §7You have §3802 §7materials stashed away!
13:09:50 [STASH_COMPACT] §f              §8(This totals 9 types of materials stashed!)
13:09:50 [STASH_COMPACT] §f                §3§l>>> §3§lCLICK HERE§b to pick them up! §3§l<<<
13:09:50 [STASH_COMPACT]   
13:10:18 [STASH_COMPACT] §f                 §7You have §3802 §7materials stashed away!
13:10:18 [STASH_COMPACT] §f              §8(This totals 9 types of materials stashed!)
13:10:18 [STASH_COMPACT] §f                §3§l>>> §3§lCLICK HERE§b to pick them up! §3§l<<<
13:10:18 [STASH_COMPACT]   
13:10:19 [STASH_COMPACT] §f                 §7You have §3802 §7materials stashed away!
13:10:19 [STASH_COMPACT] §f              §8(This totals 9 types of materials stashed!)
13:10:19 [STASH_COMPACT] §f                §3§l>>> §3§lCLICK HERE§b to pick them up! §3§l<<<
13:10:19 [STASH_COMPACT]   
13:11:19 [STASH_COMPACT] §f                 §7You have §3802 §7materials stashed away!
13:11:19 [STASH_COMPACT] §f              §8(This totals 9 types of materials stashed!)
13:11:19 [STASH_COMPACT] §f                §3§l>>> §3§lCLICK HERE§b to pick them up! §3§l<<<
13:11:19 [STASH_COMPACT]   
13:12:19 [STASH_COMPACT] §f                 §7You have §3802 §7materials stashed away!
13:12:19 [STASH_COMPACT] §f              §8(This totals 9 types of materials stashed!)
13:12:19 [STASH_COMPACT] §f                §3§l>>> §3§lCLICK HERE§b to pick them up! §3§l<<<
13:12:19 [STASH_COMPACT]   
13:13:20 [STASH_COMPACT] §f                 §7You have §3802 §7materials stashed away!
13:13:20 [STASH_COMPACT] §f              §8(This totals 9 types of materials stashed!)
13:13:20 [STASH_COMPACT] §f                §3§l>>> §3§lCLICK HERE§b to pick them up! §3§l<<<
13:13:20 [STASH_COMPACT]   
13:14:20 [STASH_COMPACT] §f                 §7You have §3802 §7materials stashed away!
13:14:20 [STASH_COMPACT] §f              §8(This totals 9 types of materials stashed!)
13:14:20 [STASH_COMPACT] §f                §3§l>>> §3§lCLICK HERE§b to pick them up! §3§l<<<
13:14:20 [STASH_COMPACT]   
13:15:20 [STASH_COMPACT] §f                 §7You have §3802 §7materials stashed away!
13:15:20 [STASH_COMPACT] §f              §8(This totals 9 types of materials stashed!)
13:15:20 [STASH_COMPACT] §f                §3§l>>> §3§lCLICK HERE§b to pick them up! §3§l<<<
13:15:20 [STASH_COMPACT]   
13:16:20 [STASH_COMPACT] §f                 §7You have §3802 §7materials stashed away!
13:16:20 [STASH_COMPACT] §f              §8(This totals 9 types of materials stashed!)
13:16:20 [STASH_COMPACT] §f                §3§l>>> §3§lCLICK HERE§b to pick them up! §3§l<<<
13:16:20 [STASH_COMPACT]   
13:17:20 [STASH_COMPACT] §f                 §7You have §3802 §7materials stashed away!
13:17:20 [STASH_COMPACT] §f              §8(This totals 9 types of materials stashed!)
13:17:20 [STASH_COMPACT] §f                §3§l>>> §3§lCLICK HERE§b to pick them up! §3§l<<<
13:17:20 [STASH_COMPACT]   
13:18:20 [STASH_COMPACT] §f                 §7You have §3802 §7materials stashed away!
13:18:20 [STASH_COMPACT] §f              §8(This totals 9 types of materials stashed!)
13:18:20 [STASH_COMPACT] §f                §3§l>>> §3§lCLICK HERE§b to pick them up! §3§l<<<
13:18:20 [STASH_COMPACT]   
13:19:20 [STASH_COMPACT] §f                 §7You have §3802 §7materials stashed away!
13:19:20 [STASH_COMPACT] §f              §8(This totals 9 types of materials stashed!)
13:19:20 [STASH_COMPACT] §f                §3§l>>> §3§lCLICK HERE§b to pick them up! §3§l<<<
13:19:20 [STASH_COMPACT]   
13:20:20 [STASH_COMPACT] §f                 §7You have §3802 §7materials stashed away!
13:20:20 [STASH_COMPACT] §f              §8(This totals 9 types of materials stashed!)
13:20:20 [STASH_COMPACT] §f                §3§l>>> §3§lCLICK HERE§b to pick them up! §3§l<<<
13:20:20 [STASH_COMPACT]   
13:21:21 [STASH_COMPACT] §f                 §7You have §3802 §7materials stashed away!
13:21:21 [STASH_COMPACT] §f              §8(This totals 9 types of materials stashed!)
13:21:21 [STASH_COMPACT] §f                §3§l>>> §3§lCLICK HERE§b to pick them up! §3§l<<<
13:21:21 [STASH_COMPACT]   
13:22:21 [STASH_COMPACT] §f                 §7You have §3802 §7materials stashed away!
13:22:21 [STASH_COMPACT] §f              §8(This totals 9 types of materials stashed!)
13:22:21 [STASH_COMPACT] §f                §3§l>>> §3§lCLICK HERE§b to pick them up! §3§l<<<
13:22:21 [STASH_COMPACT]   
13:23:00 [STASH_COMPACT] §f                 §7You have §3802 §7materials stashed away!
13:23:00 [STASH_COMPACT] §f              §8(This totals 9 types of materials stashed!)
13:23:00 [STASH_COMPACT] §f                §3§l>>> §3§lCLICK HERE§b to pick them up! §3§l<<<
13:23:00 [STASH_COMPACT]   
13:23:01 [STASH_COMPACT] §f                 §7You have §3802 §7materials stashed away!
13:23:01 [STASH_COMPACT] §f              §8(This totals 9 types of materials stashed!)
13:23:01 [STASH_COMPACT] §f                §3§l>>> §3§lCLICK HERE§b to pick them up! §3§l<<<
13:23:01 [STASH_COMPACT]   
13:24:01 [STASH_COMPACT] §f                 §7You have §3802 §7materials stashed away!
13:24:01 [STASH_COMPACT] §f              §8(This totals 9 types of materials stashed!)
13:24:01 [STASH_COMPACT] §f                §3§l>>> §3§lCLICK HERE§b to pick them up! §3§l<<<
13:24:01 [STASH_COMPACT]   
13:25:01 [STASH_COMPACT] §f                 §7You have §3802 §7materials stashed away!
13:25:01 [STASH_COMPACT] §f              §8(This totals 9 types of materials stashed!)
13:25:01 [STASH_COMPACT] §f                §3§l>>> §3§lCLICK HERE§b to pick them up! §3§l<<<
13:25:01 [STASH_COMPACT]   
13:25:32 [STASH_COMPACT] §f                 §7You have §3802 §7materials stashed away!
13:25:32 [STASH_COMPACT] §f              §8(This totals 9 types of materials stashed!)
13:25:32 [STASH_COMPACT] §f                §3§l>>> §3§lCLICK HERE§b to pick them up! §3§l<<<
13:25:32 [STASH_COMPACT]   
13:26:24 [STASH_COMPACT] §f                 §7You have §3802 §7materials stashed away!
13:26:24 [STASH_COMPACT] §f              §8(This totals 9 types of materials stashed!)
13:26:24 [STASH_COMPACT] §f                §3§l>>> §3§lCLICK HERE§b to pick them up! §3§l<<<
13:26:24 [STASH_COMPACT]   
13:27:24 [STASH_COMPACT] §f                 §7You have §3802 §7materials stashed away!
13:27:24 [STASH_COMPACT] §f              §8(This totals 9 types of materials stashed!)
13:27:24 [STASH_COMPACT] §f                §3§l>>> §3§lCLICK HERE§b to pick them up! §3§l<<<
13:27:24 [STASH_COMPACT]   
13:28:24 [STASH_COMPACT] §f                 §7You have §3802 §7materials stashed away!
13:28:24 [STASH_COMPACT] §f              §8(This totals 9 types of materials stashed!)
13:28:24 [STASH_COMPACT] §f                §3§l>>> §3§lCLICK HERE§b to pick them up! §3§l<<<
13:28:24 [STASH_COMPACT]   
13:28:34 [STASH_COMPACT] §f                 §7You have §3802 §7materials stashed away!
13:28:34 [STASH_COMPACT] §f              §8(This totals 9 types of materials stashed!)
13:28:34 [STASH_COMPACT] §f                §3§l>>> §3§lCLICK HERE§b to pick them up! §3§l<<<
13:28:34 [STASH_COMPACT]   
13:28:37 [STASH_COMPACT] §f                 §7You have §3802 §7materials stashed away!
13:28:37 [STASH_COMPACT] §f              §8(This totals 9 types of materials stashed!)
13:28:37 [STASH_COMPACT] §f                §3§l>>> §3§lCLICK HERE§b to pick them up! §3§l<<<
13:28:37 [STASH_COMPACT]   
13:29:37 [STASH_COMPACT] §f                 §7You have §3802 §7materials stashed away!
13:29:37 [STASH_COMPACT] §f              §8(This totals 9 types of materials stashed!)
13:29:37 [STASH_COMPACT] §f                §3§l>>> §3§lCLICK HERE§b to pick them up! §3§l<<<
13:29:37 [STASH_COMPACT]   
13:29:47 [STASH_COMPACT] §f                 §7You have §3802 §7materials stashed away!
13:29:47 [STASH_COMPACT] §f              §8(This totals 9 types of materials stashed!)
13:29:47 [STASH_COMPACT] §f                §3§l>>> §3§lCLICK HERE§b to pick them up! §3§l<<<
13:29:47 [STASH_COMPACT]   
13:29:48 [STASH_COMPACT] §f                 §7You have §3802 §7materials stashed away!
13:29:48 [STASH_COMPACT] §f              §8(This totals 9 types of materials stashed!)
13:29:48 [STASH_COMPACT] §f                §3§l>>> §3§lCLICK HERE§b to pick them up! §3§l<<<
13:29:48 [STASH_COMPACT]   
13:30:48 [STASH_COMPACT] §f                 §7You have §3802 §7materials stashed away!
13:30:48 [STASH_COMPACT] §f              §8(This totals 9 types of materials stashed!)
13:30:48 [STASH_COMPACT] §f                §3§l>>> §3§lCLICK HERE§b to pick them up! §3§l<<<
13:30:48 [STASH_COMPACT]   
13:31:48 [STASH_COMPACT] §f                 §7You have §3802 §7materials stashed away!
13:31:48 [STASH_COMPACT] §f              §8(This totals 9 types of materials stashed!)
13:31:48 [STASH_COMPACT] §f                §3§l>>> §3§lCLICK HERE§b to pick them up! §3§l<<<
13:31:48 [STASH_COMPACT]   
13:32:48 [STASH_COMPACT] §f                 §7You have §3802 §7materials stashed away!
13:32:48 [STASH_COMPACT] §f              §8(This totals 9 types of materials stashed!)
13:32:48 [STASH_COMPACT] §f                §3§l>>> §3§lCLICK HERE§b to pick them up! §3§l<<<
13:32:48 [STASH_COMPACT]   
13:33:31 [BESTIARY] §f                                  §6§lBESTIARY
13:33:31 [BESTIARY] §f                      §b§lCrypt Dreadlord §7§8XV §8➡§b §bXVI
13:33:31 [BESTIARY] 
13:33:31 [BESTIARY] §f                                  §r§6§lREWARDS
13:33:31 [BESTIARY] §f                    §r§8+§r§a5 Crypt Dreadlord §r§b✯ Magic Find
13:33:31 [BESTIARY] §f                    §r§8+§r§a5 Crypt Dreadlord §r§c❁ Strength
13:33:31 [BESTIARY] §f                        §r§8+§r§62% §r§aCrypt Dreadlord §r§7coins
13:33:31 [BESTIARY] §f                    §r§8+§r§a50% §r§7chance for extra XP orbs
13:33:31 [BESTIARY] §f                               §r§8+§r§b1 SkyBlock XP
13:33:31 [BESTIARY] 
13:33:31 [BESTIARY] §3§l▬▬▬▬▬▬▬▬▬▬▬▬▬▬▬▬▬▬▬▬▬▬▬▬▬▬▬▬▬▬▬▬▬▬▬▬▬▬▬▬▬▬▬▬▬▬▬▬▬▬▬▬▬▬▬▬▬▬▬▬▬▬▬▬
13:33:52 [STASH_COMPACT] §f                 §7You have §3802 §7materials stashed away!
13:33:52 [STASH_COMPACT] §f              §8(This totals 9 types of materials stashed!)
13:33:52 [STASH_COMPACT] §f                §3§l>>> §3§lCLICK HERE§b to pick them up! §3§l<<<
13:33:52 [STASH_COMPACT]   
13:34:53 [STASH_COMPACT] §f                 §7You have §3802 §7materials stashed away!
13:34:53 [STASH_COMPACT] §f              §8(This totals 9 types of materials stashed!)
13:34:53 [STASH_COMPACT] §f                §3§l>>> §3§lCLICK HERE§b to pick them up! §3§l<<<
13:34:53 [STASH_COMPACT]   
13:35:53 [STASH_COMPACT] §f                 §7You have §3802 §7materials stashed away!
13:35:53 [STASH_COMPACT] §f              §8(This totals 9 types of materials stashed!)
13:35:53 [STASH_COMPACT] §f                §3§l>>> §3§lCLICK HERE§b to pick them up! §3§l<<<
13:35:53 [STASH_COMPACT]   
13:36:24 [STASH_COMPACT] §f                 §7You have §3802 §7materials stashed away!
13:36:24 [STASH_COMPACT] §f              §8(This totals 9 types of materials stashed!)
13:36:24 [STASH_COMPACT] §f                §3§l>>> §3§lCLICK HERE§b to pick them up! §3§l<<<
13:36:24 [STASH_COMPACT]   
13:36:24 [STASH_COMPACT] §f                 §7You have §3802 §7materials stashed away!
13:36:24 [STASH_COMPACT] §f              §8(This totals 9 types of materials stashed!)
13:36:24 [STASH_COMPACT] §f                §3§l>>> §3§lCLICK HERE§b to pick them up! §3§l<<<
13:36:24 [STASH_COMPACT]   
13:37:25 [STASH_COMPACT] §f                 §7You have §3802 §7materials stashed away!
13:37:25 [STASH_COMPACT] §f              §8(This totals 9 types of materials stashed!)
13:37:25 [STASH_COMPACT] §f                §3§l>>> §3§lCLICK HERE§b to pick them up! §3§l<<<
13:37:25 [STASH_COMPACT]   
13:38:27 [STASH_COMPACT] §f                 §7You have §3802 §7materials stashed away!
13:38:27 [STASH_COMPACT] §f              §8(This totals 9 types of materials stashed!)
13:38:27 [STASH_COMPACT] §f                §3§l>>> §3§lCLICK HERE§b to pick them up! §3§l<<<
13:38:27 [STASH_COMPACT]   
13:39:27 [STASH_COMPACT] §f                 §7You have §3802 §7materials stashed away!
13:39:27 [STASH_COMPACT] §f              §8(This totals 9 types of materials stashed!)
13:39:27 [STASH_COMPACT] §f                §3§l>>> §3§lCLICK HERE§b to pick them up! §3§l<<<
13:39:27 [STASH_COMPACT]   
13:40:06 [STASH_COMPACT] §f                 §7You have §3802 §7materials stashed away!
13:40:06 [STASH_COMPACT] §f              §8(This totals 9 types of materials stashed!)
13:40:06 [STASH_COMPACT] §f                §3§l>>> §3§lCLICK HERE§b to pick them up! §3§l<<<
13:40:06 [STASH_COMPACT]   
13:40:07 [STASH_COMPACT] §f                 §7You have §3802 §7materials stashed away!
13:40:07 [STASH_COMPACT] §f              §8(This totals 9 types of materials stashed!)
13:40:07 [STASH_COMPACT] §f                §3§l>>> §3§lCLICK HERE§b to pick them up! §3§l<<<
13:40:07 [STASH_COMPACT]   
13:41:07 [STASH_COMPACT] §f                 §7You have §3802 §7materials stashed away!
13:41:07 [STASH_COMPACT] §f              §8(This totals 9 types of materials stashed!)
13:41:07 [STASH_COMPACT] §f                §3§l>>> §3§lCLICK HERE§b to pick them up! §3§l<<<
13:41:07 [STASH_COMPACT]   
13:41:45 [STASH_COMPACT] §f                 §7You have §3802 §7materials stashed away!
13:41:45 [STASH_COMPACT] §f              §8(This totals 9 types of materials stashed!)
13:41:45 [STASH_COMPACT] §f                §3§l>>> §3§lCLICK HERE§b to pick them up! §3§l<<<
13:41:45 [STASH_COMPACT]   
13:41:54 [STASH_COMPACT] §f                 §7You have §3802 §7materials stashed away!
13:41:54 [STASH_COMPACT] §f              §8(This totals 9 types of materials stashed!)
13:41:54 [STASH_COMPACT] §f                §3§l>>> §3§lCLICK HERE§b to pick them up! §3§l<<<
13:41:54 [STASH_COMPACT]   
13:42:54 [STASH_COMPACT] §f                 §7You have §3802 §7materials stashed away!
13:42:54 [STASH_COMPACT] §f              §8(This totals 9 types of materials stashed!)
13:42:54 [STASH_COMPACT] §f                §3§l>>> §3§lCLICK HERE§b to pick them up! §3§l<<<
13:42:54 [STASH_COMPACT]   
13:43:54 [STASH_COMPACT] §f                 §7You have §3802 §7materials stashed away!
13:43:54 [STASH_COMPACT] §f              §8(This totals 9 types of materials stashed!)
13:43:54 [STASH_COMPACT] §f                §3§l>>> §3§lCLICK HERE§b to pick them up! §3§l<<<
13:43:54 [STASH_COMPACT]   
13:44:18 [STASH_COMPACT] §f                 §7You have §3802 §7materials stashed away!
13:44:18 [STASH_COMPACT] §f              §8(This totals 9 types of materials stashed!)
13:44:18 [STASH_COMPACT] §f                §3§l>>> §3§lCLICK HERE§b to pick them up! §3§l<<<
13:44:18 [STASH_COMPACT]   
13:44:18 [STASH_COMPACT] §f                 §7You have §3802 §7materials stashed away!
13:44:18 [STASH_COMPACT] §f              §8(This totals 9 types of materials stashed!)
13:44:18 [STASH_COMPACT] §f                §3§l>>> §3§lCLICK HERE§b to pick them up! §3§l<<<
13:44:18 [STASH_COMPACT]   
13:45:19 [STASH_COMPACT] §f                 §7You have §3802 §7materials stashed away!
13:45:19 [STASH_COMPACT] §f              §8(This totals 9 types of materials stashed!)
13:45:19 [STASH_COMPACT] §f                §3§l>>> §3§lCLICK HERE§b to pick them up! §3§l<<<
13:45:19 [STASH_COMPACT]   
13:46:19 [STASH_COMPACT] §f                 §7You have §3802 §7materials stashed away!
13:46:19 [STASH_COMPACT] §f              §8(This totals 9 types of materials stashed!)
13:46:19 [STASH_COMPACT] §f                §3§l>>> §3§lCLICK HERE§b to pick them up! §3§l<<<
13:46:19 [STASH_COMPACT]   
13:47:19 [STASH_COMPACT] §f                 §7You have §3802 §7materials stashed away!
13:47:19 [STASH_COMPACT] §f              §8(This totals 9 types of materials stashed!)
13:47:19 [STASH_COMPACT] §f                §3§l>>> §3§lCLICK HERE§b to pick them up! §3§l<<<
13:47:19 [STASH_COMPACT]   
13:48:19 [STASH_COMPACT] §f                 §7You have §3802 §7materials stashed away!
13:48:19 [STASH_COMPACT] §f              §8(This totals 9 types of materials stashed!)
13:48:19 [STASH_COMPACT] §f                §3§l>>> §3§lCLICK HERE§b to pick them up! §3§l<<<
13:48:19 [STASH_COMPACT]   
13:49:19 [STASH_COMPACT] §f                 §7You have §3802 §7materials stashed away!
13:49:19 [STASH_COMPACT] §f              §8(This totals 9 types of materials stashed!)
13:49:19 [STASH_COMPACT] §f                §3§l>>> §3§lCLICK HERE§b to pick them up! §3§l<<<
13:49:19 [STASH_COMPACT]   
13:50:20 [STASH_COMPACT] §f                 §7You have §3802 §7materials stashed away!
13:50:20 [STASH_COMPACT] §f              §8(This totals 9 types of materials stashed!)
13:50:20 [STASH_COMPACT] §f                §3§l>>> §3§lCLICK HERE§b to pick them up! §3§l<<<
13:50:20 [STASH_COMPACT]   
13:50:41 [STASH_COMPACT] §f                 §7You have §3802 §7materials stashed away!
13:50:41 [STASH_COMPACT] §f              §8(This totals 9 types of materials stashed!)
13:50:41 [STASH_COMPACT] §f                §3§l>>> §3§lCLICK HERE§b to pick them up! §3§l<<<
13:50:41 [STASH_COMPACT]   
13:50:42 [STASH_COMPACT] §f                 §7You have §3802 §7materials stashed away!
13:50:42 [STASH_COMPACT] §f              §8(This totals 9 types of materials stashed!)
13:50:42 [STASH_COMPACT] §f                §3§l>>> §3§lCLICK HERE§b to pick them up! §3§l<<<
13:50:42 [STASH_COMPACT]   
13:51:42 [STASH_COMPACT] §f                 §7You have §3802 §7materials stashed away!
13:51:42 [STASH_COMPACT] §f              §8(This totals 9 types of materials stashed!)
13:51:42 [STASH_COMPACT] §f                §3§l>>> §3§lCLICK HERE§b to pick them up! §3§l<<<
13:51:42 [STASH_COMPACT]   
13:52:42 [STASH_COMPACT] §f                 §7You have §3802 §7materials stashed away!
13:52:42 [STASH_COMPACT] §f              §8(This totals 9 types of materials stashed!)
13:52:42 [STASH_COMPACT] §f                §3§l>>> §3§lCLICK HERE§b to pick them up! §3§l<<<
13:52:42 [STASH_COMPACT]   
13:53:43 [STASH_COMPACT] §f                 §7You have §3802 §7materials stashed away!
13:53:43 [STASH_COMPACT] §f              §8(This totals 9 types of materials stashed!)
13:53:43 [STASH_COMPACT] §f                §3§l>>> §3§lCLICK HERE§b to pick them up! §3§l<<<
13:53:43 [STASH_COMPACT]   
13:54:43 [STASH_COMPACT] §f                 §7You have §3802 §7materials stashed away!
13:54:43 [STASH_COMPACT] §f              §8(This totals 9 types of materials stashed!)
13:54:43 [STASH_COMPACT] §f                §3§l>>> §3§lCLICK HERE§b to pick them up! §3§l<<<
13:54:43 [STASH_COMPACT]   
13:55:43 [STASH_COMPACT] §f                 §7You have §3802 §7materials stashed away!
13:55:43 [STASH_COMPACT] §f              §8(This totals 9 types of materials stashed!)
13:55:43 [STASH_COMPACT] §f                §3§l>>> §3§lCLICK HERE§b to pick them up! §3§l<<<
13:55:43 [STASH_COMPACT]   
13:55:54 [STASH_COMPACT] §f                 §7You have §3802 §7materials stashed away!
13:55:54 [STASH_COMPACT] §f              §8(This totals 9 types of materials stashed!)
13:55:54 [STASH_COMPACT] §f                §3§l>>> §3§lCLICK HERE§b to pick them up! §3§l<<<
13:55:54 [STASH_COMPACT]   
13:56:18 [STASH_COMPACT] §f                 §7You have §3802 §7materials stashed away!
13:56:18 [STASH_COMPACT] §f              §8(This totals 9 types of materials stashed!)
13:56:18 [STASH_COMPACT] §f                §3§l>>> §3§lCLICK HERE§b to pick them up! §3§l<<<
13:56:18 [STASH_COMPACT]   
13:56:19 [STASH_COMPACT] §f                 §7You have §3802 §7materials stashed away!
13:56:19 [STASH_COMPACT] §f              §8(This totals 9 types of materials stashed!)
13:56:19 [STASH_COMPACT] §f                §3§l>>> §3§lCLICK HERE§b to pick them up! §3§l<<<
13:56:19 [STASH_COMPACT]   
13:57:20 [STASH_COMPACT] §f                 §7You have §3802 §7materials stashed away!
13:57:20 [STASH_COMPACT] §f              §8(This totals 9 types of materials stashed!)
13:57:20 [STASH_COMPACT] §f                §3§l>>> §3§lCLICK HERE§b to pick them up! §3§l<<<
13:57:20 [STASH_COMPACT]   
13:58:20 [STASH_COMPACT] §f                 §7You have §3802 §7materials stashed away!
13:58:20 [STASH_COMPACT] §f              §8(This totals 9 types of materials stashed!)
13:58:20 [STASH_COMPACT] §f                §3§l>>> §3§lCLICK HERE§b to pick them up! §3§l<<<
13:58:20 [STASH_COMPACT]   
13:59:22 [STASH_COMPACT] §f                 §7You have §3802 §7materials stashed away!
13:59:22 [STASH_COMPACT] §f              §8(This totals 9 types of materials stashed!)
13:59:22 [STASH_COMPACT] §f                §3§l>>> §3§lCLICK HERE§b to pick them up! §3§l<<<
13:59:22 [STASH_COMPACT]   
14:00:22 [STASH_COMPACT] §f                 §7You have §3802 §7materials stashed away!
14:00:22 [STASH_COMPACT] §f              §8(This totals 9 types of materials stashed!)
14:00:22 [STASH_COMPACT] §f                §3§l>>> §3§lCLICK HERE§b to pick them up! §3§l<<<
14:00:22 [STASH_COMPACT]   
14:01:23 [STASH_COMPACT] §f                 §7You have §3802 §7materials stashed away!
14:01:23 [STASH_COMPACT] §f              §8(This totals 9 types of materials stashed!)
14:01:23 [STASH_COMPACT] §f                §3§l>>> §3§lCLICK HERE§b to pick them up! §3§l<<<
14:01:23 [STASH_COMPACT]   
14:02:00 [STASH_COMPACT] §f                 §7You have §3802 §7materials stashed away!
14:02:00 [STASH_COMPACT] §f              §8(This totals 9 types of materials stashed!)
14:02:00 [STASH_COMPACT] §f                §3§l>>> §3§lCLICK HERE§b to pick them up! §3§l<<<
14:02:00 [STASH_COMPACT]   
14:02:21 [STASH_COMPACT] §f                 §7You have §3802 §7materials stashed away!
14:02:21 [STASH_COMPACT] §f              §8(This totals 9 types of materials stashed!)
14:02:21 [STASH_COMPACT] §f                §3§l>>> §3§lCLICK HERE§b to pick them up! §3§l<<<
14:02:21 [STASH_COMPACT]   
14:02:36 [STASH_COMPACT] §f                 §7You have §3802 §7materials stashed away!
14:02:36 [STASH_COMPACT] §f              §8(This totals 9 types of materials stashed!)
14:02:36 [STASH_COMPACT] §f                §3§l>>> §3§lCLICK HERE§b to pick them up! §3§l<<<
14:02:36 [STASH_COMPACT]   
14:02:37 [STASH_COMPACT] §f                 §7You have §3802 §7materials stashed away!
14:02:37 [STASH_COMPACT] §f              §8(This totals 9 types of materials stashed!)
14:02:37 [STASH_COMPACT] §f                §3§l>>> §3§lCLICK HERE§b to pick them up! §3§l<<<
14:02:37 [STASH_COMPACT]   
14:03:37 [STASH_COMPACT] §f                 §7You have §3802 §7materials stashed away!
14:03:37 [STASH_COMPACT] §f              §8(This totals 9 types of materials stashed!)
14:03:37 [STASH_COMPACT] §f                §3§l>>> §3§lCLICK HERE§b to pick them up! §3§l<<<
14:03:37 [STASH_COMPACT]   
14:04:01 [BESTIARY] §f                                  §6§lBESTIARY
14:04:01 [BESTIARY] §f                    §b§lZombie Commander §7§8VII §8➡§b §bVIII
14:04:01 [BESTIARY] 
14:04:01 [BESTIARY] §f                                  §r§6§lREWARDS
14:04:01 [BESTIARY] §f                   §r§8+§r§a3 Zombie Commander §r§b✯ Magic Find
14:04:01 [BESTIARY] §f                   §r§8+§r§a3 Zombie Commander §r§c❁ Strength
14:04:01 [BESTIARY] §f                       §r§8+§r§62% §r§aZombie Commander §r§7coins
14:04:01 [BESTIARY] §f                    §r§8+§r§a50% §r§7chance for extra XP orbs
14:04:01 [BESTIARY] §f                               §r§8+§r§b1 SkyBlock XP
14:04:01 [BESTIARY] 
14:04:01 [BESTIARY] §3§l▬▬▬▬▬▬▬▬▬▬▬▬▬▬▬▬▬▬▬▬▬▬▬▬▬▬▬▬▬▬▬▬▬▬▬▬▬▬▬▬▬▬▬▬▬▬▬▬▬▬▬▬▬▬▬▬▬▬▬▬▬▬▬▬
14:04:38 [STASH_COMPACT] §f                 §7You have §3802 §7materials stashed away!
14:04:38 [STASH_COMPACT] §f              §8(This totals 9 types of materials stashed!)
14:04:38 [STASH_COMPACT] §f                §3§l>>> §3§lCLICK HERE§b to pick them up! §3§l<<<
14:04:38 [STASH_COMPACT]   
14:05:38 [STASH_COMPACT] §f                 §7You have §3802 §7materials stashed away!
14:05:38 [STASH_COMPACT] §f              §8(This totals 9 types of materials stashed!)
14:05:38 [STASH_COMPACT] §f                §3§l>>> §3§lCLICK HERE§b to pick them up! §3§l<<<
14:05:38 [STASH_COMPACT]   
14:06:38 [STASH_COMPACT] §f                 §7You have §3802 §7materials stashed away!
14:06:38 [STASH_COMPACT] §f              §8(This totals 9 types of materials stashed!)
14:06:38 [STASH_COMPACT] §f                §3§l>>> §3§lCLICK HERE§b to pick them up! §3§l<<<
14:06:38 [STASH_COMPACT]   
14:07:38 [STASH_COMPACT] §f                 §7You have §3802 §7materials stashed away!
14:07:38 [STASH_COMPACT] §f              §8(This totals 9 types of materials stashed!)
14:07:38 [STASH_COMPACT] §f                §3§l>>> §3§lCLICK HERE§b to pick them up! §3§l<<<
14:07:38 [STASH_COMPACT]   
14:08:27 [STASH_COMPACT] §f                 §7You have §3802 §7materials stashed away!
14:08:27 [STASH_COMPACT] §f              §8(This totals 9 types of materials stashed!)
14:08:27 [STASH_COMPACT] §f                §3§l>>> §3§lCLICK HERE§b to pick them up! §3§l<<<
14:08:27 [STASH_COMPACT]   
14:09:01 [STASH_COMPACT] §f                 §7You have §3802 §7materials stashed away!
14:09:01 [STASH_COMPACT] §f              §8(This totals 9 types of materials stashed!)
14:09:01 [STASH_COMPACT] §f                §3§l>>> §3§lCLICK HERE§b to pick them up! §3§l<<<
14:09:01 [STASH_COMPACT]   
14:10:02 [STASH_COMPACT] §f                 §7You have §3802 §7materials stashed away!
14:10:02 [STASH_COMPACT] §f              §8(This totals 9 types of materials stashed!)
14:10:02 [STASH_COMPACT] §f                §3§l>>> §3§lCLICK HERE§b to pick them up! §3§l<<<
14:10:02 [STASH_COMPACT]   
