11:24:50 Visitor status change for '§aLynn': NEW -> WAITING (tooltipMissingItems)
11:25:42 Visitor status change for '§aVex': NEW -> WAITING (tooltipMissingItems)
11:25:56 Visitor status change for '§aRhys': NEW -> WAITING (tooltipMissingItems)
11:26:01 Visitor status change for '§aTom': NEW -> WAITING (tooltipMissingItems)
11:26:07 Visitor status change for '§aAndrew': NEW -> WAITING (tooltipMissingItems)
11:27:11 Visitor status change for '§aAndrew': WAITING -> READY (hasItems)
11:27:14 Visitor status change for '§aAndrew': READY -> ACCEPTED (accepted)
11:27:26 Visitor status change for '§aLynn': WAITING -> READY (hasItems)
11:27:28 Visitor status change for '§aTom': WAITING -> READY (hasItems)
11:27:29 Visitor status change for '§aVex': WAITING -> READY (hasItems)
11:27:32 Visitor status change for '§aLynn': READY -> ACCEPTED (accepted)
11:27:34 Visitor status change for '§aVex': READY -> ACCEPTED (accepted)
11:27:38 Visitor status change for '§aTom': READY -> ACCEPTED (accepted)
11:27:44 Visitor status change for '§aPlumber Joe': NEW -> WAITING (tooltipMissingItems)
11:29:52 Visitor status change for '§aPlumber Joe': WAITING -> READY (hasItems)
11:29:54 Visitor status change for '§aPlumber Joe': READY -> ACCEPTED (accepted)
11:40:13 Visitor status change for '§aRhys': NEW -> READY (tooltipClickToGive)
11:40:15 Visitor status change for '§aRhys': READY -> ACCEPTED (accepted)
11:41:40 Visitor status change for '§aTrevor': NEW -> WAITING (tooltipMissingItems)
12:05:32 Visitor status change for '§aFriendly Hiker': NEW -> WAITING (tooltipMissingItems)
12:05:37 Visitor status change for '§9Grandma Wolf': NEW -> WAITING (tooltipMissingItems)
12:05:46 Visitor status change for '§aTrevor': NEW -> WAITING (tooltipMissingItems)
12:07:08 Visitor status change for '§6Jerry': NEW -> WAITING (tooltipMissingItems)
