18:01:51 Trying to load config from config\skyhanni\config.json
18:01:51 load-config-now
18:01:51 Loaded config from file
18:01:51 Trying to load sacks from config\skyhanni\sacks.json
18:01:51 Setting sacks to be blank as it did not exist. It will be saved once something is written to it
18:01:51 Trying to load friends from config\skyhanni\friends.json
18:01:51 load-friends-now
18:01:51 Loaded friends from file
18:01:51 Trying to load known_features from config\skyhanni\known_features.json
18:01:51 load-known_features-now
18:01:51 Loaded known_features from file
18:01:51 Trying to load jacob_contests from config\skyhanni\jacob_contests.json
18:01:51 Setting jacob_contests to be blank as it did not exist. It will be saved once something is written to it
18:01:51 Trying to load visual_words from config\skyhanni\visual_words.json
18:01:51 Setting visual_words to be blank as it did not exist. It will be saved once something is written to it
18:02:51 saveConfig: auto-save-60s
18:02:51 Saving config file
18:03:51 saveConfig: auto-save-60s
18:03:51 Saving config file
18:04:51 saveConfig: auto-save-60s
18:04:51 Saving config file
18:05:51 saveConfig: auto-save-60s
18:05:51 Saving config file
18:06:51 saveConfig: auto-save-60s
18:06:51 Saving config file
18:07:51 saveConfig: auto-save-60s
18:07:51 Saving config file
18:08:51 saveConfig: auto-save-60s
18:08:51 Saving config file
18:09:51 saveConfig: auto-save-60s
18:09:51 Saving config file
18:10:25 saveConfig: Updated known feature flags
18:10:25 Saving known_features file
18:10:51 saveConfig: auto-save-60s
18:10:51 Saving config file
18:11:51 saveConfig: auto-save-60s
18:11:51 Saving config file
18:12:51 saveConfig: auto-save-60s
18:12:51 Saving config file
18:13:51 saveConfig: auto-save-60s
18:13:51 Saving config file
18:14:51 saveConfig: auto-save-60s
18:14:51 Saving config file
18:15:51 saveConfig: auto-save-60s
18:15:51 Saving config file
18:16:51 saveConfig: auto-save-60s
18:16:51 Saving config file
18:17:51 saveConfig: auto-save-60s
18:17:51 Saving config file
18:18:51 saveConfig: auto-save-60s
18:18:51 Saving config file
18:19:51 saveConfig: auto-save-60s
18:19:51 Saving config file
18:20:51 saveConfig: auto-save-60s
18:20:51 Saving config file
18:21:51 saveConfig: auto-save-60s
18:21:51 Saving config file
18:22:51 saveConfig: auto-save-60s
18:22:51 Saving config file
18:23:51 saveConfig: auto-save-60s
18:23:51 Saving config file
18:24:51 saveConfig: auto-save-60s
18:24:51 Saving config file
18:25:51 saveConfig: auto-save-60s
18:25:51 Saving config file
18:26:51 saveConfig: auto-save-60s
18:26:51 Saving config file
18:27:51 saveConfig: auto-save-60s
18:27:51 Saving config file
18:28:51 saveConfig: auto-save-60s
18:28:51 Saving config file
18:29:51 saveConfig: auto-save-60s
18:29:51 Saving config file
18:30:51 saveConfig: auto-save-60s
18:30:51 Saving config file
18:31:51 saveConfig: auto-save-60s
18:31:51 Saving config file
18:32:51 saveConfig: auto-save-60s
18:32:51 Saving config file
18:33:51 saveConfig: auto-save-60s
18:33:51 Saving config file
18:34:51 saveConfig: auto-save-60s
18:34:51 Saving config file
18:35:51 saveConfig: auto-save-60s
18:35:51 Saving config file
18:36:51 saveConfig: auto-save-60s
18:36:51 Saving config file
18:37:51 saveConfig: auto-save-60s
18:37:51 Saving config file
18:38:51 saveConfig: auto-save-60s
18:38:51 Saving config file
18:39:51 saveConfig: auto-save-60s
18:39:51 Saving config file
18:40:51 saveConfig: auto-save-60s
18:40:51 Saving config file
18:41:51 saveConfig: auto-save-60s
18:41:51 Saving config file
18:42:51 saveConfig: auto-save-60s
18:42:51 Saving config file
18:43:51 saveConfig: auto-save-60s
18:43:51 Saving config file
18:44:51 saveConfig: auto-save-60s
18:44:51 Saving config file
18:45:51 saveConfig: auto-save-60s
18:45:51 Saving config file
18:46:51 saveConfig: auto-save-60s
18:46:51 Saving config file
18:47:51 saveConfig: auto-save-60s
18:47:51 Saving config file
18:48:51 saveConfig: auto-save-60s
18:48:51 Saving config file
18:49:51 saveConfig: auto-save-60s
18:49:51 Saving config file
18:50:51 saveConfig: auto-save-60s
18:50:51 Saving config file
18:51:51 saveConfig: auto-save-60s
18:51:51 Saving config file
18:52:51 saveConfig: auto-save-60s
18:52:51 Saving config file
18:53:51 saveConfig: auto-save-60s
18:53:51 Saving config file
18:54:51 saveConfig: auto-save-60s
18:54:51 Saving config file
18:55:51 saveConfig: auto-save-60s
18:55:51 Saving config file
18:56:51 saveConfig: auto-save-60s
18:56:51 Saving config file
18:57:51 saveConfig: auto-save-60s
18:57:51 Saving config file
18:58:51 saveConfig: auto-save-60s
18:58:51 Saving config file
18:59:51 saveConfig: auto-save-60s
18:59:51 Saving config file
19:00:51 saveConfig: auto-save-60s
19:00:51 Saving config file
19:01:51 saveConfig: auto-save-60s
19:01:51 Saving config file
19:02:51 saveConfig: auto-save-60s
19:02:51 Saving config file
19:03:51 saveConfig: auto-save-60s
19:03:51 Saving config file
19:04:51 saveConfig: auto-save-60s
19:04:51 Saving config file
19:05:51 saveConfig: auto-save-60s
19:05:51 Saving config file
19:06:51 saveConfig: auto-save-60s
19:06:51 Saving config file
19:07:51 saveConfig: auto-save-60s
19:07:51 Saving config file
19:08:51 saveConfig: auto-save-60s
19:08:51 Saving config file
19:09:51 saveConfig: auto-save-60s
19:09:51 Saving config file
19:10:51 saveConfig: auto-save-60s
19:10:51 Saving config file
19:11:51 saveConfig: auto-save-60s
19:11:51 Saving config file
19:12:51 saveConfig: auto-save-60s
19:12:51 Saving config file
19:13:51 saveConfig: auto-save-60s
19:13:51 Saving config file
19:14:51 saveConfig: auto-save-60s
19:14:51 Saving config file
19:15:51 saveConfig: auto-save-60s
19:15:51 Saving config file
19:16:51 saveConfig: auto-save-60s
19:16:51 Saving config file
19:17:37 saveConfig: shutdown-hook
19:17:37 Saving config file
