17:54:36 [STASH_COMPACT] §f                 §7You have §3817 §7materials stashed away!
17:54:36 [STASH_COMPACT] §f             §8(This totals 10 types of materials stashed!)
17:54:36 [STASH_COMPACT] §f                §3§l>>> §3§lCLICK HERE§b to pick them up! §3§l<<<
17:54:36 [STASH_COMPACT]   
17:55:25 [STASH_COMPACT] §f                 §7You have §3817 §7materials stashed away!
17:55:25 [STASH_COMPACT] §f             §8(This totals 10 types of materials stashed!)
17:55:25 [STASH_COMPACT] §f                §3§l>>> §3§lCLICK HERE§b to pick them up! §3§l<<<
17:55:25 [STASH_COMPACT]   
17:56:26 [STASH_COMPACT] §f                 §7You have §3817 §7materials stashed away!
17:56:26 [STASH_COMPACT] §f             §8(This totals 10 types of materials stashed!)
17:56:26 [STASH_COMPACT] §f                §3§l>>> §3§lCLICK HERE§b to pick them up! §3§l<<<
17:56:26 [STASH_COMPACT]   
17:56:59 [STASH_COMPACT] §f                 §7You have §3817 §7materials stashed away!
17:56:59 [STASH_COMPACT] §f             §8(This totals 10 types of materials stashed!)
17:56:59 [STASH_COMPACT] §f                §3§l>>> §3§lCLICK HERE§b to pick them up! §3§l<<<
17:56:59 [STASH_COMPACT]   
17:56:59 [STASH_COMPACT] §f                 §7You have §3817 §7materials stashed away!
17:56:59 [STASH_COMPACT] §f             §8(This totals 10 types of materials stashed!)
17:56:59 [STASH_COMPACT] §f                §3§l>>> §3§lCLICK HERE§b to pick them up! §3§l<<<
17:56:59 [STASH_COMPACT]   
17:57:59 [STASH_COMPACT] §f                 §7You have §3817 §7materials stashed away!
17:57:59 [STASH_COMPACT] §f             §8(This totals 10 types of materials stashed!)
17:57:59 [STASH_COMPACT] §f                §3§l>>> §3§lCLICK HERE§b to pick them up! §3§l<<<
17:57:59 [STASH_COMPACT]   
17:59:01 [STASH_COMPACT] §f                 §7You have §3817 §7materials stashed away!
17:59:01 [STASH_COMPACT] §f             §8(This totals 10 types of materials stashed!)
17:59:01 [STASH_COMPACT] §f                §3§l>>> §3§lCLICK HERE§b to pick them up! §3§l<<<
17:59:01 [STASH_COMPACT]   
18:00:01 [STASH_COMPACT] §f                 §7You have §3817 §7materials stashed away!
18:00:01 [STASH_COMPACT] §f             §8(This totals 10 types of materials stashed!)
18:00:01 [STASH_COMPACT] §f                §3§l>>> §3§lCLICK HERE§b to pick them up! §3§l<<<
18:00:01 [STASH_COMPACT]   
18:01:01 [STASH_COMPACT] §f                 §7You have §3817 §7materials stashed away!
18:01:01 [STASH_COMPACT] §f             §8(This totals 10 types of materials stashed!)
18:01:01 [STASH_COMPACT] §f                §3§l>>> §3§lCLICK HERE§b to pick them up! §3§l<<<
18:01:01 [STASH_COMPACT]   
18:02:01 [STASH_COMPACT] §f                 §7You have §3817 §7materials stashed away!
18:02:01 [STASH_COMPACT] §f             §8(This totals 10 types of materials stashed!)
18:02:01 [STASH_COMPACT] §f                §3§l>>> §3§lCLICK HERE§b to pick them up! §3§l<<<
18:02:01 [STASH_COMPACT]   
18:03:02 [STASH_COMPACT] §f                 §7You have §3817 §7materials stashed away!
18:03:02 [STASH_COMPACT] §f             §8(This totals 10 types of materials stashed!)
18:03:02 [STASH_COMPACT] §f                §3§l>>> §3§lCLICK HERE§b to pick them up! §3§l<<<
18:03:02 [STASH_COMPACT]   
18:04:02 [STASH_COMPACT] §f                 §7You have §3817 §7materials stashed away!
18:04:02 [STASH_COMPACT] §f             §8(This totals 10 types of materials stashed!)
18:04:02 [STASH_COMPACT] §f                §3§l>>> §3§lCLICK HERE§b to pick them up! §3§l<<<
18:04:02 [STASH_COMPACT]   
18:04:43 [STASH_COMPACT] §f                 §7You have §3817 §7materials stashed away!
18:04:43 [STASH_COMPACT] §f             §8(This totals 10 types of materials stashed!)
18:04:43 [STASH_COMPACT] §f                §3§l>>> §3§lCLICK HERE§b to pick them up! §3§l<<<
18:04:43 [STASH_COMPACT]   
18:05:30 [STASH_COMPACT] §f                 §7You have §3817 §7materials stashed away!
18:05:30 [STASH_COMPACT] §f             §8(This totals 10 types of materials stashed!)
18:05:30 [STASH_COMPACT] §f                §3§l>>> §3§lCLICK HERE§b to pick them up! §3§l<<<
18:05:30 [STASH_COMPACT]   
18:05:53 [STASH_COMPACT] §f                 §7You have §3817 §7materials stashed away!
18:05:53 [STASH_COMPACT] §f             §8(This totals 10 types of materials stashed!)
18:05:53 [STASH_COMPACT] §f                §3§l>>> §3§lCLICK HERE§b to pick them up! §3§l<<<
18:05:53 [STASH_COMPACT]   
18:05:54 [STASH_COMPACT] §f                 §7You have §3817 §7materials stashed away!
18:05:54 [STASH_COMPACT] §f             §8(This totals 10 types of materials stashed!)
18:05:54 [STASH_COMPACT] §f                §3§l>>> §3§lCLICK HERE§b to pick them up! §3§l<<<
18:05:54 [STASH_COMPACT]   
18:06:56 [STASH_COMPACT] §f                 §7You have §3817 §7materials stashed away!
18:06:56 [STASH_COMPACT] §f             §8(This totals 10 types of materials stashed!)
18:06:56 [STASH_COMPACT] §f                §3§l>>> §3§lCLICK HERE§b to pick them up! §3§l<<<
18:06:56 [STASH_COMPACT]   
18:07:57 [STASH_COMPACT] §f                 §7You have §3817 §7materials stashed away!
18:07:57 [STASH_COMPACT] §f             §8(This totals 10 types of materials stashed!)
18:07:57 [STASH_COMPACT] §f                §3§l>>> §3§lCLICK HERE§b to pick them up! §3§l<<<
18:07:57 [STASH_COMPACT]   
18:08:58 [STASH_COMPACT] §f                 §7You have §3817 §7materials stashed away!
18:08:58 [STASH_COMPACT] §f             §8(This totals 10 types of materials stashed!)
18:08:58 [STASH_COMPACT] §f                §3§l>>> §3§lCLICK HERE§b to pick them up! §3§l<<<
18:08:58 [STASH_COMPACT]   
18:09:58 [STASH_COMPACT] §f                 §7You have §3817 §7materials stashed away!
18:09:58 [STASH_COMPACT] §f             §8(This totals 10 types of materials stashed!)
18:09:58 [STASH_COMPACT] §f                §3§l>>> §3§lCLICK HERE§b to pick them up! §3§l<<<
18:09:58 [STASH_COMPACT]   
18:10:58 [STASH_COMPACT] §f                 §7You have §3817 §7materials stashed away!
18:10:58 [STASH_COMPACT] §f             §8(This totals 10 types of materials stashed!)
18:10:58 [STASH_COMPACT] §f                §3§l>>> §3§lCLICK HERE§b to pick them up! §3§l<<<
18:10:58 [STASH_COMPACT]   
18:11:50 [STASH_COMPACT] §f                 §7You have §3817 §7materials stashed away!
18:11:50 [STASH_COMPACT] §f             §8(This totals 10 types of materials stashed!)
18:11:50 [STASH_COMPACT] §f                §3§l>>> §3§lCLICK HERE§b to pick them up! §3§l<<<
18:11:50 [STASH_COMPACT]   
18:11:50 [STASH_COMPACT] §f                 §7You have §3817 §7materials stashed away!
18:11:50 [STASH_COMPACT] §f             §8(This totals 10 types of materials stashed!)
18:11:50 [STASH_COMPACT] §f                §3§l>>> §3§lCLICK HERE§b to pick them up! §3§l<<<
18:11:50 [STASH_COMPACT]   
18:11:55 [COMPACT_POTION_EFFECT] §a§lBUFF! §fYou have gained §r§4Regeneration III§r§f! Press TAB or type /effects to view your active effects!
18:11:55 [COMPACT_POTION_EFFECT] §a§lBUFF! §fYou have gained §r§4Strength IV§r§f! Press TAB or type /effects to view your active effects!
18:11:55 [COMPACT_POTION_EFFECT] §a§lBUFF! §fYou have gained §r§4Critical III§r§f! Press TAB or type /effects to view your active effects!
18:11:55 [COMPACT_POTION_EFFECT] §a§lBUFF! §fYou have gained §r§9Speed III§r§f! Press TAB or type /effects to view your active effects!
18:11:55 [COMPACT_POTION_EFFECT] §a§lBUFF! §fYou have gained §r§aResistance IV§r§f! Press TAB or type /effects to view your active effects!
18:11:55 [COMPACT_POTION_EFFECT] §a§lBUFF! §fYou have gained §r§bArchery II§r§f! Press TAB or type /effects to view your active effects!
18:12:51 [STASH_COMPACT] §f                 §7You have §3817 §7materials stashed away!
18:12:51 [STASH_COMPACT] §f             §8(This totals 10 types of materials stashed!)
18:12:51 [STASH_COMPACT] §f                §3§l>>> §3§lCLICK HERE§b to pick them up! §3§l<<<
18:12:51 [STASH_COMPACT]   
18:13:51 [STASH_COMPACT] §f                 §7You have §3817 §7materials stashed away!
18:13:51 [STASH_COMPACT] §f             §8(This totals 10 types of materials stashed!)
18:13:51 [STASH_COMPACT] §f                §3§l>>> §3§lCLICK HERE§b to pick them up! §3§l<<<
18:13:51 [STASH_COMPACT]   
18:14:52 [STASH_COMPACT] §f                 §7You have §3817 §7materials stashed away!
18:14:52 [STASH_COMPACT] §f             §8(This totals 10 types of materials stashed!)
18:14:52 [STASH_COMPACT] §f                §3§l>>> §3§lCLICK HERE§b to pick them up! §3§l<<<
18:14:52 [STASH_COMPACT]   
18:15:52 [STASH_COMPACT] §f                 §7You have §3817 §7materials stashed away!
18:15:52 [STASH_COMPACT] §f             §8(This totals 10 types of materials stashed!)
18:15:52 [STASH_COMPACT] §f                §3§l>>> §3§lCLICK HERE§b to pick them up! §3§l<<<
18:15:52 [STASH_COMPACT]   
18:16:52 [STASH_COMPACT] §f                 §7You have §3817 §7materials stashed away!
18:16:52 [STASH_COMPACT] §f             §8(This totals 10 types of materials stashed!)
18:16:52 [STASH_COMPACT] §f                §3§l>>> §3§lCLICK HERE§b to pick them up! §3§l<<<
18:16:52 [STASH_COMPACT]   
18:17:07 [STASH_COMPACT] §f                 §7You have §3817 §7materials stashed away!
18:17:07 [STASH_COMPACT] §f             §8(This totals 10 types of materials stashed!)
18:17:07 [STASH_COMPACT] §f                §3§l>>> §3§lCLICK HERE§b to pick them up! §3§l<<<
18:17:07 [STASH_COMPACT]   
18:18:02 [STASH_COMPACT] §f                 §7You have §3817 §7materials stashed away!
18:18:02 [STASH_COMPACT] §f             §8(This totals 10 types of materials stashed!)
18:18:02 [STASH_COMPACT] §f                §3§l>>> §3§lCLICK HERE§b to pick them up! §3§l<<<
18:18:02 [STASH_COMPACT]   
18:19:03 [STASH_COMPACT] §f                 §7You have §3817 §7materials stashed away!
18:19:03 [STASH_COMPACT] §f             §8(This totals 10 types of materials stashed!)
18:19:03 [STASH_COMPACT] §f                §3§l>>> §3§lCLICK HERE§b to pick them up! §3§l<<<
18:19:03 [STASH_COMPACT]   
18:19:30 [STASH_COMPACT] §f                 §7You have §3817 §7materials stashed away!
18:19:30 [STASH_COMPACT] §f             §8(This totals 10 types of materials stashed!)
18:19:30 [STASH_COMPACT] §f                §3§l>>> §3§lCLICK HERE§b to pick them up! §3§l<<<
18:19:30 [STASH_COMPACT]   
18:19:31 [STASH_COMPACT] §f                 §7You have §3817 §7materials stashed away!
18:19:31 [STASH_COMPACT] §f             §8(This totals 10 types of materials stashed!)
18:19:31 [STASH_COMPACT] §f                §3§l>>> §3§lCLICK HERE§b to pick them up! §3§l<<<
18:19:31 [STASH_COMPACT]   
18:20:31 [STASH_COMPACT] §f                 §7You have §3817 §7materials stashed away!
18:20:31 [STASH_COMPACT] §f             §8(This totals 10 types of materials stashed!)
18:20:31 [STASH_COMPACT] §f                §3§l>>> §3§lCLICK HERE§b to pick them up! §3§l<<<
18:20:31 [STASH_COMPACT]   
18:21:31 [STASH_COMPACT] §f                 §7You have §3817 §7materials stashed away!
18:21:31 [STASH_COMPACT] §f             §8(This totals 10 types of materials stashed!)
18:21:31 [STASH_COMPACT] §f                §3§l>>> §3§lCLICK HERE§b to pick them up! §3§l<<<
18:21:31 [STASH_COMPACT]   
18:22:31 [STASH_COMPACT] §f                 §7You have §3817 §7materials stashed away!
18:22:31 [STASH_COMPACT] §f             §8(This totals 10 types of materials stashed!)
18:22:31 [STASH_COMPACT] §f                §3§l>>> §3§lCLICK HERE§b to pick them up! §3§l<<<
18:22:31 [STASH_COMPACT]   
18:23:31 [STASH_COMPACT] §f                 §7You have §3817 §7materials stashed away!
18:23:31 [STASH_COMPACT] §f             §8(This totals 10 types of materials stashed!)
18:23:31 [STASH_COMPACT] §f                §3§l>>> §3§lCLICK HERE§b to pick them up! §3§l<<<
18:23:31 [STASH_COMPACT]   
18:24:31 [STASH_COMPACT] §f                 §7You have §3817 §7materials stashed away!
18:24:32 [STASH_COMPACT] §f             §8(This totals 10 types of materials stashed!)
18:24:32 [STASH_COMPACT] §f                §3§l>>> §3§lCLICK HERE§b to pick them up! §3§l<<<
18:24:32 [STASH_COMPACT]   
18:25:32 [STASH_COMPACT] §f                 §7You have §3817 §7materials stashed away!
18:25:32 [STASH_COMPACT] §f             §8(This totals 10 types of materials stashed!)
18:25:32 [STASH_COMPACT] §f                §3§l>>> §3§lCLICK HERE§b to pick them up! §3§l<<<
18:25:32 [STASH_COMPACT]   
18:26:32 [STASH_COMPACT] §f                 §7You have §3817 §7materials stashed away!
18:26:32 [STASH_COMPACT] §f             §8(This totals 10 types of materials stashed!)
18:26:32 [STASH_COMPACT] §f                §3§l>>> §3§lCLICK HERE§b to pick them up! §3§l<<<
18:26:32 [STASH_COMPACT]   
18:27:32 [STASH_COMPACT] §f                 §7You have §3817 §7materials stashed away!
18:27:32 [STASH_COMPACT] §f             §8(This totals 10 types of materials stashed!)
18:27:32 [STASH_COMPACT] §f                §3§l>>> §3§lCLICK HERE§b to pick them up! §3§l<<<
18:27:32 [STASH_COMPACT]   
18:28:32 [STASH_COMPACT] §f                 §7You have §3817 §7materials stashed away!
18:28:32 [STASH_COMPACT] §f             §8(This totals 10 types of materials stashed!)
18:28:32 [STASH_COMPACT] §f                §3§l>>> §3§lCLICK HERE§b to pick them up! §3§l<<<
18:28:32 [STASH_COMPACT]   
18:29:32 [STASH_COMPACT] §f                 §7You have §3817 §7materials stashed away!
18:29:32 [STASH_COMPACT] §f             §8(This totals 10 types of materials stashed!)
18:29:32 [STASH_COMPACT] §f                §3§l>>> §3§lCLICK HERE§b to pick them up! §3§l<<<
18:29:32 [STASH_COMPACT]   
18:30:32 [STASH_COMPACT] §f                 §7You have §3817 §7materials stashed away!
18:30:32 [STASH_COMPACT] §f             §8(This totals 10 types of materials stashed!)
18:30:32 [STASH_COMPACT] §f                §3§l>>> §3§lCLICK HERE§b to pick them up! §3§l<<<
18:30:32 [STASH_COMPACT]   
18:31:33 [STASH_COMPACT] §f                 §7You have §3817 §7materials stashed away!
18:31:33 [STASH_COMPACT] §f             §8(This totals 10 types of materials stashed!)
18:31:33 [STASH_COMPACT] §f                §3§l>>> §3§lCLICK HERE§b to pick them up! §3§l<<<
18:31:33 [STASH_COMPACT]   
18:32:33 [STASH_COMPACT] §f                 §7You have §3817 §7materials stashed away!
18:32:33 [STASH_COMPACT] §f             §8(This totals 10 types of materials stashed!)
18:32:33 [STASH_COMPACT] §f                §3§l>>> §3§lCLICK HERE§b to pick them up! §3§l<<<
18:32:33 [STASH_COMPACT]   
18:33:33 [STASH_COMPACT] §f                 §7You have §3817 §7materials stashed away!
18:33:33 [STASH_COMPACT] §f             §8(This totals 10 types of materials stashed!)
18:33:33 [STASH_COMPACT] §f                §3§l>>> §3§lCLICK HERE§b to pick them up! §3§l<<<
18:33:33 [STASH_COMPACT]   
18:34:33 [STASH_COMPACT] §f                 §7You have §3817 §7materials stashed away!
18:34:33 [STASH_COMPACT] §f             §8(This totals 10 types of materials stashed!)
18:34:33 [STASH_COMPACT] §f                §3§l>>> §3§lCLICK HERE§b to pick them up! §3§l<<<
18:34:33 [STASH_COMPACT]   
18:35:34 [STASH_COMPACT] §f                 §7You have §3817 §7materials stashed away!
18:35:34 [STASH_COMPACT] §f             §8(This totals 10 types of materials stashed!)
18:35:34 [STASH_COMPACT] §f                §3§l>>> §3§lCLICK HERE§b to pick them up! §3§l<<<
18:35:34 [STASH_COMPACT]   
18:36:34 [STASH_COMPACT] §f                 §7You have §3817 §7materials stashed away!
18:36:34 [STASH_COMPACT] §f             §8(This totals 10 types of materials stashed!)
18:36:34 [STASH_COMPACT] §f                §3§l>>> §3§lCLICK HERE§b to pick them up! §3§l<<<
18:36:34 [STASH_COMPACT]   
18:37:34 [STASH_COMPACT] §f                 §7You have §3817 §7materials stashed away!
18:37:34 [STASH_COMPACT] §f             §8(This totals 10 types of materials stashed!)
18:37:34 [STASH_COMPACT] §f                §3§l>>> §3§lCLICK HERE§b to pick them up! §3§l<<<
18:37:34 [STASH_COMPACT]   
18:38:34 [STASH_COMPACT] §f                 §7You have §3817 §7materials stashed away!
18:38:34 [STASH_COMPACT] §f             §8(This totals 10 types of materials stashed!)
18:38:34 [STASH_COMPACT] §f                §3§l>>> §3§lCLICK HERE§b to pick them up! §3§l<<<
18:38:34 [STASH_COMPACT]   
18:39:01 [STASH_COMPACT] §f                 §7You have §3817 §7materials stashed away!
18:39:01 [STASH_COMPACT] §f             §8(This totals 10 types of materials stashed!)
18:39:01 [STASH_COMPACT] §f                §3§l>>> §3§lCLICK HERE§b to pick them up! §3§l<<<
18:39:01 [STASH_COMPACT]   
18:39:09 [STASH_COMPACT] §f                 §7You have §3817 §7materials stashed away!
18:39:09 [STASH_COMPACT] §f             §8(This totals 10 types of materials stashed!)
18:39:09 [STASH_COMPACT] §f                §3§l>>> §3§lCLICK HERE§b to pick them up! §3§l<<<
18:39:09 [STASH_COMPACT]   
18:39:50 [STASH_COMPACT] §f                 §7You have §3817 §7materials stashed away!
18:39:50 [STASH_COMPACT] §f             §8(This totals 10 types of materials stashed!)
18:39:50 [STASH_COMPACT] §f                §3§l>>> §3§lCLICK HERE§b to pick them up! §3§l<<<
18:39:50 [STASH_COMPACT]   
18:39:50 [STASH_COMPACT] §f                 §7You have §3817 §7materials stashed away!
18:39:50 [STASH_COMPACT] §f             §8(This totals 10 types of materials stashed!)
18:39:50 [STASH_COMPACT] §f                §3§l>>> §3§lCLICK HERE§b to pick them up! §3§l<<<
18:39:50 [STASH_COMPACT]   
18:40:51 [STASH_COMPACT] §f                 §7You have §3817 §7materials stashed away!
18:40:51 [STASH_COMPACT] §f             §8(This totals 10 types of materials stashed!)
18:40:51 [STASH_COMPACT] §f                §3§l>>> §3§lCLICK HERE§b to pick them up! §3§l<<<
18:40:51 [STASH_COMPACT]   
18:41:51 [STASH_COMPACT] §f                 §7You have §3817 §7materials stashed away!
18:41:51 [STASH_COMPACT] §f             §8(This totals 10 types of materials stashed!)
18:41:51 [STASH_COMPACT] §f                §3§l>>> §3§lCLICK HERE§b to pick them up! §3§l<<<
18:41:51 [STASH_COMPACT]   
18:42:51 [STASH_COMPACT] §f                 §7You have §3817 §7materials stashed away!
18:42:51 [STASH_COMPACT] §f             §8(This totals 10 types of materials stashed!)
18:42:51 [STASH_COMPACT] §f                §3§l>>> §3§lCLICK HERE§b to pick them up! §3§l<<<
18:42:51 [STASH_COMPACT]   
18:43:52 [STASH_COMPACT] §f                 §7You have §3817 §7materials stashed away!
18:43:52 [STASH_COMPACT] §f             §8(This totals 10 types of materials stashed!)
18:43:52 [STASH_COMPACT] §f                §3§l>>> §3§lCLICK HERE§b to pick them up! §3§l<<<
18:43:52 [STASH_COMPACT]   
18:44:52 [STASH_COMPACT] §f                 §7You have §3817 §7materials stashed away!
18:44:52 [STASH_COMPACT] §f             §8(This totals 10 types of materials stashed!)
18:44:52 [STASH_COMPACT] §f                §3§l>>> §3§lCLICK HERE§b to pick them up! §3§l<<<
18:44:52 [STASH_COMPACT]   
18:45:52 [STASH_COMPACT] §f                 §7You have §3817 §7materials stashed away!
18:45:52 [STASH_COMPACT] §f             §8(This totals 10 types of materials stashed!)
18:45:52 [STASH_COMPACT] §f                §3§l>>> §3§lCLICK HERE§b to pick them up! §3§l<<<
18:45:52 [STASH_COMPACT]   
18:46:53 [STASH_COMPACT] §f                 §7You have §3817 §7materials stashed away!
18:46:53 [STASH_COMPACT] §f             §8(This totals 10 types of materials stashed!)
18:46:53 [STASH_COMPACT] §f                §3§l>>> §3§lCLICK HERE§b to pick them up! §3§l<<<
18:46:53 [STASH_COMPACT]   
18:47:53 [STASH_COMPACT] §f                 §7You have §3817 §7materials stashed away!
18:47:53 [STASH_COMPACT] §f             §8(This totals 10 types of materials stashed!)
18:47:53 [STASH_COMPACT] §f                §3§l>>> §3§lCLICK HERE§b to pick them up! §3§l<<<
18:47:53 [STASH_COMPACT]   
18:48:53 [STASH_COMPACT] §f                 §7You have §3817 §7materials stashed away!
18:48:53 [STASH_COMPACT] §f             §8(This totals 10 types of materials stashed!)
18:48:53 [STASH_COMPACT] §f                §3§l>>> §3§lCLICK HERE§b to pick them up! §3§l<<<
18:48:53 [STASH_COMPACT]   
18:49:53 [STASH_COMPACT] §f                 §7You have §3817 §7materials stashed away!
18:49:53 [STASH_COMPACT] §f             §8(This totals 10 types of materials stashed!)
18:49:53 [STASH_COMPACT] §f                §3§l>>> §3§lCLICK HERE§b to pick them up! §3§l<<<
18:49:53 [STASH_COMPACT]   
18:50:53 [STASH_COMPACT] §f                 §7You have §3817 §7materials stashed away!
18:50:53 [STASH_COMPACT] §f             §8(This totals 10 types of materials stashed!)
18:50:53 [STASH_COMPACT] §f                §3§l>>> §3§lCLICK HERE§b to pick them up! §3§l<<<
18:50:53 [STASH_COMPACT]   
18:51:53 [STASH_COMPACT] §f                 §7You have §3817 §7materials stashed away!
18:51:53 [STASH_COMPACT] §f             §8(This totals 10 types of materials stashed!)
18:51:53 [STASH_COMPACT] §f                §3§l>>> §3§lCLICK HERE§b to pick them up! §3§l<<<
18:51:53 [STASH_COMPACT]   
18:52:54 [STASH_COMPACT] §f                 §7You have §3817 §7materials stashed away!
18:52:54 [STASH_COMPACT] §f             §8(This totals 10 types of materials stashed!)
18:52:54 [STASH_COMPACT] §f                §3§l>>> §3§lCLICK HERE§b to pick them up! §3§l<<<
18:52:54 [STASH_COMPACT]   
18:53:54 [STASH_COMPACT] §f                 §7You have §3817 §7materials stashed away!
18:53:54 [STASH_COMPACT] §f             §8(This totals 10 types of materials stashed!)
18:53:54 [STASH_COMPACT] §f                §3§l>>> §3§lCLICK HERE§b to pick them up! §3§l<<<
18:53:54 [STASH_COMPACT]   
18:54:54 [STASH_COMPACT] §f                 §7You have §3817 §7materials stashed away!
18:54:54 [STASH_COMPACT] §f             §8(This totals 10 types of materials stashed!)
18:54:54 [STASH_COMPACT] §f                §3§l>>> §3§lCLICK HERE§b to pick them up! §3§l<<<
18:54:54 [STASH_COMPACT]   
18:55:54 [STASH_COMPACT] §f                 §7You have §3817 §7materials stashed away!
18:55:54 [STASH_COMPACT] §f             §8(This totals 10 types of materials stashed!)
18:55:54 [STASH_COMPACT] §f                §3§l>>> §3§lCLICK HERE§b to pick them up! §3§l<<<
18:55:54 [STASH_COMPACT]   
18:56:54 [STASH_COMPACT] §f                 §7You have §3817 §7materials stashed away!
18:56:54 [STASH_COMPACT] §f             §8(This totals 10 types of materials stashed!)
18:56:54 [STASH_COMPACT] §f                §3§l>>> §3§lCLICK HERE§b to pick them up! §3§l<<<
18:56:54 [STASH_COMPACT]   
18:57:54 [STASH_COMPACT] §f                 §7You have §3817 §7materials stashed away!
18:57:54 [STASH_COMPACT] §f             §8(This totals 10 types of materials stashed!)
18:57:54 [STASH_COMPACT] §f                §3§l>>> §3§lCLICK HERE§b to pick them up! §3§l<<<
18:57:54 [STASH_COMPACT]   
18:58:54 [STASH_COMPACT] §f                 §7You have §3817 §7materials stashed away!
18:58:54 [STASH_COMPACT] §f             §8(This totals 10 types of materials stashed!)
18:58:54 [STASH_COMPACT] §f                §3§l>>> §3§lCLICK HERE§b to pick them up! §3§l<<<
18:58:54 [STASH_COMPACT]   
18:59:54 [STASH_COMPACT] §f                 §7You have §3817 §7materials stashed away!
18:59:54 [STASH_COMPACT] §f             §8(This totals 10 types of materials stashed!)
18:59:54 [STASH_COMPACT] §f                §3§l>>> §3§lCLICK HERE§b to pick them up! §3§l<<<
18:59:54 [STASH_COMPACT]   
19:00:55 [STASH_COMPACT] §f                 §7You have §3817 §7materials stashed away!
19:00:55 [STASH_COMPACT] §f             §8(This totals 10 types of materials stashed!)
19:00:55 [STASH_COMPACT] §f                §3§l>>> §3§lCLICK HERE§b to pick them up! §3§l<<<
19:00:55 [STASH_COMPACT]   
19:01:55 [STASH_COMPACT] §f                 §7You have §3817 §7materials stashed away!
19:01:55 [STASH_COMPACT] §f             §8(This totals 10 types of materials stashed!)
19:01:55 [STASH_COMPACT] §f                §3§l>>> §3§lCLICK HERE§b to pick them up! §3§l<<<
19:01:55 [STASH_COMPACT]   
19:02:55 [STASH_COMPACT] §f                 §7You have §3817 §7materials stashed away!
19:02:55 [STASH_COMPACT] §f             §8(This totals 10 types of materials stashed!)
19:02:55 [STASH_COMPACT] §f                §3§l>>> §3§lCLICK HERE§b to pick them up! §3§l<<<
19:02:55 [STASH_COMPACT]   
19:03:55 [STASH_COMPACT] §f                 §7You have §3817 §7materials stashed away!
19:03:55 [STASH_COMPACT] §f             §8(This totals 10 types of materials stashed!)
19:03:55 [STASH_COMPACT] §f                §3§l>>> §3§lCLICK HERE§b to pick them up! §3§l<<<
19:03:55 [STASH_COMPACT]   
19:04:55 [STASH_COMPACT] §f                 §7You have §3817 §7materials stashed away!
19:04:55 [STASH_COMPACT] §f             §8(This totals 10 types of materials stashed!)
19:04:55 [STASH_COMPACT] §f                §3§l>>> §3§lCLICK HERE§b to pick them up! §3§l<<<
19:04:55 [STASH_COMPACT]   
19:05:55 [STASH_COMPACT] §f                 §7You have §3817 §7materials stashed away!
19:05:55 [STASH_COMPACT] §f             §8(This totals 10 types of materials stashed!)
19:05:55 [STASH_COMPACT] §f                §3§l>>> §3§lCLICK HERE§b to pick them up! §3§l<<<
19:05:55 [STASH_COMPACT]   
19:06:56 [STASH_COMPACT] §f                 §7You have §3817 §7materials stashed away!
19:06:56 [STASH_COMPACT] §f             §8(This totals 10 types of materials stashed!)
19:06:56 [STASH_COMPACT] §f                §3§l>>> §3§lCLICK HERE§b to pick them up! §3§l<<<
19:06:56 [STASH_COMPACT]   
19:07:56 [STASH_COMPACT] §f                 §7You have §3817 §7materials stashed away!
19:07:56 [STASH_COMPACT] §f             §8(This totals 10 types of materials stashed!)
19:07:56 [STASH_COMPACT] §f                §3§l>>> §3§lCLICK HERE§b to pick them up! §3§l<<<
19:07:56 [STASH_COMPACT]   
19:08:56 [STASH_COMPACT] §f                 §7You have §3817 §7materials stashed away!
19:08:56 [STASH_COMPACT] §f             §8(This totals 10 types of materials stashed!)
19:08:56 [STASH_COMPACT] §f                §3§l>>> §3§lCLICK HERE§b to pick them up! §3§l<<<
19:08:56 [STASH_COMPACT]   
19:09:56 [STASH_COMPACT] §f                 §7You have §3817 §7materials stashed away!
19:09:56 [STASH_COMPACT] §f             §8(This totals 10 types of materials stashed!)
19:09:56 [STASH_COMPACT] §f                §3§l>>> §3§lCLICK HERE§b to pick them up! §3§l<<<
19:09:56 [STASH_COMPACT]   
19:10:56 [STASH_COMPACT] §f                 §7You have §3817 §7materials stashed away!
19:10:56 [STASH_COMPACT] §f             §8(This totals 10 types of materials stashed!)
19:10:56 [STASH_COMPACT] §f                §3§l>>> §3§lCLICK HERE§b to pick them up! §3§l<<<
19:10:56 [STASH_COMPACT]   
19:11:57 [STASH_COMPACT] §f                 §7You have §3817 §7materials stashed away!
19:11:57 [STASH_COMPACT] §f             §8(This totals 10 types of materials stashed!)
19:11:57 [STASH_COMPACT] §f                §3§l>>> §3§lCLICK HERE§b to pick them up! §3§l<<<
19:11:57 [STASH_COMPACT]   
19:12:57 [STASH_COMPACT] §f                 §7You have §3817 §7materials stashed away!
19:12:57 [STASH_COMPACT] §f             §8(This totals 10 types of materials stashed!)
19:12:57 [STASH_COMPACT] §f                §3§l>>> §3§lCLICK HERE§b to pick them up! §3§l<<<
19:12:57 [STASH_COMPACT]   
19:13:57 [STASH_COMPACT] §f                 §7You have §3817 §7materials stashed away!
19:13:57 [STASH_COMPACT] §f             §8(This totals 10 types of materials stashed!)
19:13:57 [STASH_COMPACT] §f                §3§l>>> §3§lCLICK HERE§b to pick them up! §3§l<<<
19:13:57 [STASH_COMPACT]   
19:14:57 [STASH_COMPACT] §f                 §7You have §3817 §7materials stashed away!
19:14:57 [STASH_COMPACT] §f             §8(This totals 10 types of materials stashed!)
19:14:57 [STASH_COMPACT] §f                §3§l>>> §3§lCLICK HERE§b to pick them up! §3§l<<<
19:14:57 [STASH_COMPACT]   
19:15:57 [STASH_COMPACT] §f                 §7You have §3817 §7materials stashed away!
19:15:57 [STASH_COMPACT] §f             §8(This totals 10 types of materials stashed!)
19:15:57 [STASH_COMPACT] §f                §3§l>>> §3§lCLICK HERE§b to pick them up! §3§l<<<
19:15:57 [STASH_COMPACT]   
19:16:57 [STASH_COMPACT] §f                 §7You have §3817 §7materials stashed away!
19:16:57 [STASH_COMPACT] §f             §8(This totals 10 types of materials stashed!)
19:16:57 [STASH_COMPACT] §f                §3§l>>> §3§lCLICK HERE§b to pick them up! §3§l<<<
19:16:57 [STASH_COMPACT]   
19:17:57 [STASH_COMPACT] §f                 §7You have §3817 §7materials stashed away!
19:17:57 [STASH_COMPACT] §f             §8(This totals 10 types of materials stashed!)
19:17:57 [STASH_COMPACT] §f                §3§l>>> §3§lCLICK HERE§b to pick them up! §3§l<<<
19:17:57 [STASH_COMPACT]   
19:18:57 [STASH_COMPACT] §f                 §7You have §3817 §7materials stashed away!
19:18:57 [STASH_COMPACT] §f             §8(This totals 10 types of materials stashed!)
19:18:57 [STASH_COMPACT] §f                §3§l>>> §3§lCLICK HERE§b to pick them up! §3§l<<<
19:18:57 [STASH_COMPACT]   
19:19:58 [STASH_COMPACT] §f                 §7You have §3817 §7materials stashed away!
19:19:58 [STASH_COMPACT] §f             §8(This totals 10 types of materials stashed!)
19:19:58 [STASH_COMPACT] §f                §3§l>>> §3§lCLICK HERE§b to pick them up! §3§l<<<
19:19:58 [STASH_COMPACT]   
19:20:58 [STASH_COMPACT] §f                 §7You have §3817 §7materials stashed away!
19:20:58 [STASH_COMPACT] §f             §8(This totals 10 types of materials stashed!)
19:20:58 [STASH_COMPACT] §f                §3§l>>> §3§lCLICK HERE§b to pick them up! §3§l<<<
19:20:58 [STASH_COMPACT]   
19:21:58 [STASH_COMPACT] §f                 §7You have §3817 §7materials stashed away!
19:21:58 [STASH_COMPACT] §f             §8(This totals 10 types of materials stashed!)
19:21:58 [STASH_COMPACT] §f                §3§l>>> §3§lCLICK HERE§b to pick them up! §3§l<<<
19:21:58 [STASH_COMPACT]   
19:22:58 [STASH_COMPACT] §f                 §7You have §3817 §7materials stashed away!
19:22:58 [STASH_COMPACT] §f             §8(This totals 10 types of materials stashed!)
19:22:58 [STASH_COMPACT] §f                §3§l>>> §3§lCLICK HERE§b to pick them up! §3§l<<<
19:22:58 [STASH_COMPACT]   
19:23:42 [STASH_COMPACT] §f                 §7You have §3817 §7materials stashed away!
19:23:42 [STASH_COMPACT] §f             §8(This totals 10 types of materials stashed!)
19:23:42 [STASH_COMPACT] §f                §3§l>>> §3§lCLICK HERE§b to pick them up! §3§l<<<
19:23:42 [STASH_COMPACT]   
19:24:00 [STASH_COMPACT] §f                 §7You have §3817 §7materials stashed away!
19:24:00 [STASH_COMPACT] §f             §8(This totals 10 types of materials stashed!)
19:24:00 [STASH_COMPACT] §f                §3§l>>> §3§lCLICK HERE§b to pick them up! §3§l<<<
19:24:00 [STASH_COMPACT]   
19:25:00 [STASH_COMPACT] §f                 §7You have §3817 §7materials stashed away!
19:25:00 [STASH_COMPACT] §f             §8(This totals 10 types of materials stashed!)
19:25:00 [STASH_COMPACT] §f                §3§l>>> §3§lCLICK HERE§b to pick them up! §3§l<<<
19:25:00 [STASH_COMPACT]   
19:26:01 [STASH_COMPACT] §f                 §7You have §3817 §7materials stashed away!
19:26:01 [STASH_COMPACT] §f             §8(This totals 10 types of materials stashed!)
19:26:01 [STASH_COMPACT] §f                §3§l>>> §3§lCLICK HERE§b to pick them up! §3§l<<<
19:26:01 [STASH_COMPACT]   
19:27:02 [STASH_COMPACT] §f                 §7You have §3817 §7materials stashed away!
19:27:02 [STASH_COMPACT] §f             §8(This totals 10 types of materials stashed!)
19:27:02 [STASH_COMPACT] §f                §3§l>>> §3§lCLICK HERE§b to pick them up! §3§l<<<
19:27:02 [STASH_COMPACT]   
19:28:02 [STASH_COMPACT] §f                 §7You have §3817 §7materials stashed away!
19:28:02 [STASH_COMPACT] §f             §8(This totals 10 types of materials stashed!)
19:28:02 [STASH_COMPACT] §f                §3§l>>> §3§lCLICK HERE§b to pick them up! §3§l<<<
19:28:02 [STASH_COMPACT]   
19:29:03 [STASH_COMPACT] §f                 §7You have §3817 §7materials stashed away!
19:29:03 [STASH_COMPACT] §f             §8(This totals 10 types of materials stashed!)
19:29:03 [STASH_COMPACT] §f                §3§l>>> §3§lCLICK HERE§b to pick them up! §3§l<<<
19:29:03 [STASH_COMPACT]   
19:30:03 [STASH_COMPACT] §f                 §7You have §3817 §7materials stashed away!
19:30:03 [STASH_COMPACT] §f             §8(This totals 10 types of materials stashed!)
19:30:03 [STASH_COMPACT] §f                §3§l>>> §3§lCLICK HERE§b to pick them up! §3§l<<<
19:30:03 [STASH_COMPACT]   
19:31:03 [STASH_COMPACT] §f                 §7You have §3817 §7materials stashed away!
19:31:03 [STASH_COMPACT] §f             §8(This totals 10 types of materials stashed!)
19:31:03 [STASH_COMPACT] §f                §3§l>>> §3§lCLICK HERE§b to pick them up! §3§l<<<
19:31:03 [STASH_COMPACT]   
19:32:04 [STASH_COMPACT] §f                 §7You have §3817 §7materials stashed away!
19:32:04 [STASH_COMPACT] §f             §8(This totals 10 types of materials stashed!)
19:32:04 [STASH_COMPACT] §f                §3§l>>> §3§lCLICK HERE§b to pick them up! §3§l<<<
19:32:04 [STASH_COMPACT]   
19:33:04 [STASH_COMPACT] §f                 §7You have §3817 §7materials stashed away!
19:33:04 [STASH_COMPACT] §f             §8(This totals 10 types of materials stashed!)
19:33:04 [STASH_COMPACT] §f                §3§l>>> §3§lCLICK HERE§b to pick them up! §3§l<<<
19:33:04 [STASH_COMPACT]   
19:34:05 [STASH_COMPACT] §f                 §7You have §3817 §7materials stashed away!
19:34:05 [STASH_COMPACT] §f             §8(This totals 10 types of materials stashed!)
19:34:05 [STASH_COMPACT] §f                §3§l>>> §3§lCLICK HERE§b to pick them up! §3§l<<<
19:34:05 [STASH_COMPACT]   
19:35:05 [STASH_COMPACT] §f                 §7You have §3817 §7materials stashed away!
19:35:05 [STASH_COMPACT] §f             §8(This totals 10 types of materials stashed!)
19:35:05 [STASH_COMPACT] §f                §3§l>>> §3§lCLICK HERE§b to pick them up! §3§l<<<
19:35:05 [STASH_COMPACT]   
19:36:06 [STASH_COMPACT] §f                 §7You have §3817 §7materials stashed away!
19:36:06 [STASH_COMPACT] §f             §8(This totals 10 types of materials stashed!)
19:36:06 [STASH_COMPACT] §f                §3§l>>> §3§lCLICK HERE§b to pick them up! §3§l<<<
19:36:06 [STASH_COMPACT]   
19:37:06 [STASH_COMPACT] §f                 §7You have §3817 §7materials stashed away!
19:37:06 [STASH_COMPACT] §f             §8(This totals 10 types of materials stashed!)
19:37:06 [STASH_COMPACT] §f                §3§l>>> §3§lCLICK HERE§b to pick them up! §3§l<<<
19:37:06 [STASH_COMPACT]   
19:38:06 [STASH_COMPACT] §f                 §7You have §3817 §7materials stashed away!
19:38:06 [STASH_COMPACT] §f             §8(This totals 10 types of materials stashed!)
19:38:06 [STASH_COMPACT] §f                §3§l>>> §3§lCLICK HERE§b to pick them up! §3§l<<<
19:38:06 [STASH_COMPACT]   
19:38:52 [STASH_COMPACT] §f                 §7You have §3817 §7materials stashed away!
19:38:52 [STASH_COMPACT] §f             §8(This totals 10 types of materials stashed!)
19:38:52 [STASH_COMPACT] §f                §3§l>>> §3§lCLICK HERE§b to pick them up! §3§l<<<
19:38:52 [STASH_COMPACT]   
19:39:42 [STASH_COMPACT] §f                 §7You have §3817 §7materials stashed away!
19:39:42 [STASH_COMPACT] §f             §8(This totals 10 types of materials stashed!)
19:39:42 [STASH_COMPACT] §f                §3§l>>> §3§lCLICK HERE§b to pick them up! §3§l<<<
19:39:42 [STASH_COMPACT]   
19:40:42 [STASH_COMPACT] §f                 §7You have §3817 §7materials stashed away!
19:40:42 [STASH_COMPACT] §f             §8(This totals 10 types of materials stashed!)
19:40:42 [STASH_COMPACT] §f                §3§l>>> §3§lCLICK HERE§b to pick them up! §3§l<<<
19:40:42 [STASH_COMPACT]   
19:41:43 [STASH_COMPACT] §f                 §7You have §3817 §7materials stashed away!
19:41:43 [STASH_COMPACT] §f             §8(This totals 10 types of materials stashed!)
19:41:43 [STASH_COMPACT] §f                §3§l>>> §3§lCLICK HERE§b to pick them up! §3§l<<<
19:41:43 [STASH_COMPACT]   
19:42:43 [STASH_COMPACT] §f                 §7You have §3817 §7materials stashed away!
19:42:43 [STASH_COMPACT] §f             §8(This totals 10 types of materials stashed!)
19:42:43 [STASH_COMPACT] §f                §3§l>>> §3§lCLICK HERE§b to pick them up! §3§l<<<
19:42:43 [STASH_COMPACT]   
19:43:44 [STASH_COMPACT] §f                 §7You have §3817 §7materials stashed away!
19:43:44 [STASH_COMPACT] §f             §8(This totals 10 types of materials stashed!)
19:43:44 [STASH_COMPACT] §f                §3§l>>> §3§lCLICK HERE§b to pick them up! §3§l<<<
19:43:44 [STASH_COMPACT]   
19:44:44 [STASH_COMPACT] §f                 §7You have §3817 §7materials stashed away!
19:44:44 [STASH_COMPACT] §f             §8(This totals 10 types of materials stashed!)
19:44:44 [STASH_COMPACT] §f                §3§l>>> §3§lCLICK HERE§b to pick them up! §3§l<<<
19:44:44 [STASH_COMPACT]   
19:45:45 [STASH_COMPACT] §f                 §7You have §3817 §7materials stashed away!
19:45:45 [STASH_COMPACT] §f             §8(This totals 10 types of materials stashed!)
19:45:45 [STASH_COMPACT] §f                §3§l>>> §3§lCLICK HERE§b to pick them up! §3§l<<<
19:45:45 [STASH_COMPACT]   
19:46:45 [STASH_COMPACT] §f                 §7You have §3817 §7materials stashed away!
19:46:46 [STASH_COMPACT] §f             §8(This totals 10 types of materials stashed!)
19:46:46 [STASH_COMPACT] §f                §3§l>>> §3§lCLICK HERE§b to pick them up! §3§l<<<
19:46:46 [STASH_COMPACT]   
19:47:46 [STASH_COMPACT] §f                 §7You have §3817 §7materials stashed away!
19:47:46 [STASH_COMPACT] §f             §8(This totals 10 types of materials stashed!)
19:47:46 [STASH_COMPACT] §f                §3§l>>> §3§lCLICK HERE§b to pick them up! §3§l<<<
19:47:46 [STASH_COMPACT]   
19:48:47 [STASH_COMPACT] §f                 §7You have §3817 §7materials stashed away!
19:48:47 [STASH_COMPACT] §f             §8(This totals 10 types of materials stashed!)
19:48:47 [STASH_COMPACT] §f                §3§l>>> §3§lCLICK HERE§b to pick them up! §3§l<<<
19:48:47 [STASH_COMPACT]   
19:49:47 [STASH_COMPACT] §f                 §7You have §3817 §7materials stashed away!
19:49:47 [STASH_COMPACT] §f             §8(This totals 10 types of materials stashed!)
19:49:47 [STASH_COMPACT] §f                §3§l>>> §3§lCLICK HERE§b to pick them up! §3§l<<<
19:49:47 [STASH_COMPACT]   
19:50:48 [STASH_COMPACT] §f                 §7You have §3817 §7materials stashed away!
19:50:48 [STASH_COMPACT] §f             §8(This totals 10 types of materials stashed!)
19:50:48 [STASH_COMPACT] §f                §3§l>>> §3§lCLICK HERE§b to pick them up! §3§l<<<
19:50:48 [STASH_COMPACT]   
19:51:48 [STASH_COMPACT] §f                 §7You have §3817 §7materials stashed away!
19:51:48 [STASH_COMPACT] §f             §8(This totals 10 types of materials stashed!)
19:51:48 [STASH_COMPACT] §f                §3§l>>> §3§lCLICK HERE§b to pick them up! §3§l<<<
19:51:48 [STASH_COMPACT]   
19:52:49 [STASH_COMPACT] §f                 §7You have §3817 §7materials stashed away!
19:52:49 [STASH_COMPACT] §f             §8(This totals 10 types of materials stashed!)
19:52:49 [STASH_COMPACT] §f                §3§l>>> §3§lCLICK HERE§b to pick them up! §3§l<<<
19:52:49 [STASH_COMPACT]   
19:53:49 [STASH_COMPACT] §f                 §7You have §3817 §7materials stashed away!
19:53:49 [STASH_COMPACT] §f             §8(This totals 10 types of materials stashed!)
19:53:49 [STASH_COMPACT] §f                §3§l>>> §3§lCLICK HERE§b to pick them up! §3§l<<<
19:53:49 [STASH_COMPACT]   
19:54:49 [STASH_COMPACT] §f                 §7You have §3817 §7materials stashed away!
19:54:49 [STASH_COMPACT] §f             §8(This totals 10 types of materials stashed!)
19:54:49 [STASH_COMPACT] §f                §3§l>>> §3§lCLICK HERE§b to pick them up! §3§l<<<
19:54:49 [STASH_COMPACT]   
19:55:50 [STASH_COMPACT] §f                 §7You have §3817 §7materials stashed away!
19:55:50 [STASH_COMPACT] §f             §8(This totals 10 types of materials stashed!)
19:55:50 [STASH_COMPACT] §f                §3§l>>> §3§lCLICK HERE§b to pick them up! §3§l<<<
19:55:50 [STASH_COMPACT]   
19:56:50 [STASH_COMPACT] §f                 §7You have §3817 §7materials stashed away!
19:56:50 [STASH_COMPACT] §f             §8(This totals 10 types of materials stashed!)
19:56:50 [STASH_COMPACT] §f                §3§l>>> §3§lCLICK HERE§b to pick them up! §3§l<<<
19:56:50 [STASH_COMPACT]   
19:57:51 [STASH_COMPACT] §f                 §7You have §3817 §7materials stashed away!
19:57:51 [STASH_COMPACT] §f             §8(This totals 10 types of materials stashed!)
19:57:51 [STASH_COMPACT] §f                §3§l>>> §3§lCLICK HERE§b to pick them up! §3§l<<<
19:57:51 [STASH_COMPACT]   
19:58:51 [STASH_COMPACT] §f                 §7You have §3817 §7materials stashed away!
19:58:51 [STASH_COMPACT] §f             §8(This totals 10 types of materials stashed!)
19:58:51 [STASH_COMPACT] §f                §3§l>>> §3§lCLICK HERE§b to pick them up! §3§l<<<
19:58:51 [STASH_COMPACT]   
19:59:51 [STASH_COMPACT] §f                 §7You have §3817 §7materials stashed away!
19:59:51 [STASH_COMPACT] §f             §8(This totals 10 types of materials stashed!)
19:59:51 [STASH_COMPACT] §f                §3§l>>> §3§lCLICK HERE§b to pick them up! §3§l<<<
19:59:51 [STASH_COMPACT]   
20:00:52 [STASH_COMPACT] §f                 §7You have §3817 §7materials stashed away!
20:00:52 [STASH_COMPACT] §f             §8(This totals 10 types of materials stashed!)
20:00:52 [STASH_COMPACT] §f                §3§l>>> §3§lCLICK HERE§b to pick them up! §3§l<<<
20:00:52 [STASH_COMPACT]   
20:01:52 [STASH_COMPACT] §f                 §7You have §3817 §7materials stashed away!
20:01:52 [STASH_COMPACT] §f             §8(This totals 10 types of materials stashed!)
20:01:52 [STASH_COMPACT] §f                §3§l>>> §3§lCLICK HERE§b to pick them up! §3§l<<<
20:01:52 [STASH_COMPACT]   
20:02:53 [STASH_COMPACT] §f                 §7You have §3817 §7materials stashed away!
20:02:53 [STASH_COMPACT] §f             §8(This totals 10 types of materials stashed!)
20:02:53 [STASH_COMPACT] §f                §3§l>>> §3§lCLICK HERE§b to pick them up! §3§l<<<
20:02:53 [STASH_COMPACT]   
20:03:54 [STASH_COMPACT] §f                 §7You have §3817 §7materials stashed away!
20:03:54 [STASH_COMPACT] §f             §8(This totals 10 types of materials stashed!)
20:03:54 [STASH_COMPACT] §f                §3§l>>> §3§lCLICK HERE§b to pick them up! §3§l<<<
20:03:54 [STASH_COMPACT]   
20:04:55 [STASH_COMPACT] §f                 §7You have §3817 §7materials stashed away!
20:04:55 [STASH_COMPACT] §f             §8(This totals 10 types of materials stashed!)
20:04:55 [STASH_COMPACT] §f                §3§l>>> §3§lCLICK HERE§b to pick them up! §3§l<<<
20:04:55 [STASH_COMPACT]   
20:05:55 [STASH_COMPACT] §f                 §7You have §3817 §7materials stashed away!
20:05:55 [STASH_COMPACT] §f             §8(This totals 10 types of materials stashed!)
20:05:55 [STASH_COMPACT] §f                §3§l>>> §3§lCLICK HERE§b to pick them up! §3§l<<<
20:05:55 [STASH_COMPACT]   
20:06:56 [STASH_COMPACT] §f                 §7You have §3817 §7materials stashed away!
20:06:56 [STASH_COMPACT] §f             §8(This totals 10 types of materials stashed!)
20:06:56 [STASH_COMPACT] §f                §3§l>>> §3§lCLICK HERE§b to pick them up! §3§l<<<
20:06:56 [STASH_COMPACT]   
20:07:57 [STASH_COMPACT] §f                 §7You have §3817 §7materials stashed away!
20:07:57 [STASH_COMPACT] §f             §8(This totals 10 types of materials stashed!)
20:07:57 [STASH_COMPACT] §f                §3§l>>> §3§lCLICK HERE§b to pick them up! §3§l<<<
20:07:57 [STASH_COMPACT]   
20:08:57 [STASH_COMPACT] §f                 §7You have §3817 §7materials stashed away!
20:08:57 [STASH_COMPACT] §f             §8(This totals 10 types of materials stashed!)
20:08:57 [STASH_COMPACT] §f                §3§l>>> §3§lCLICK HERE§b to pick them up! §3§l<<<
20:08:57 [STASH_COMPACT]   
20:09:58 [STASH_COMPACT] §f                 §7You have §3817 §7materials stashed away!
20:09:58 [STASH_COMPACT] §f             §8(This totals 10 types of materials stashed!)
20:09:58 [STASH_COMPACT] §f                §3§l>>> §3§lCLICK HERE§b to pick them up! §3§l<<<
20:09:58 [STASH_COMPACT]   
20:10:59 [STASH_COMPACT] §f                 §7You have §3817 §7materials stashed away!
20:10:59 [STASH_COMPACT] §f             §8(This totals 10 types of materials stashed!)
20:10:59 [STASH_COMPACT] §f                §3§l>>> §3§lCLICK HERE§b to pick them up! §3§l<<<
20:10:59 [STASH_COMPACT]   
20:11:59 [STASH_COMPACT] §f                 §7You have §3817 §7materials stashed away!
20:11:59 [STASH_COMPACT] §f             §8(This totals 10 types of materials stashed!)
20:11:59 [STASH_COMPACT] §f                §3§l>>> §3§lCLICK HERE§b to pick them up! §3§l<<<
20:11:59 [STASH_COMPACT]   
20:13:00 [STASH_COMPACT] §f                 §7You have §3817 §7materials stashed away!
20:13:00 [STASH_COMPACT] §f             §8(This totals 10 types of materials stashed!)
20:13:00 [STASH_COMPACT] §f                §3§l>>> §3§lCLICK HERE§b to pick them up! §3§l<<<
20:13:00 [STASH_COMPACT]   
20:14:01 [STASH_COMPACT] §f                 §7You have §3817 §7materials stashed away!
20:14:01 [STASH_COMPACT] §f             §8(This totals 10 types of materials stashed!)
20:14:01 [STASH_COMPACT] §f                §3§l>>> §3§lCLICK HERE§b to pick them up! §3§l<<<
20:14:01 [STASH_COMPACT]   
20:15:01 [STASH_COMPACT] §f                 §7You have §3817 §7materials stashed away!
20:15:01 [STASH_COMPACT] §f             §8(This totals 10 types of materials stashed!)
20:15:01 [STASH_COMPACT] §f                §3§l>>> §3§lCLICK HERE§b to pick them up! §3§l<<<
20:15:01 [STASH_COMPACT]   
20:16:02 [STASH_COMPACT] §f                 §7You have §3817 §7materials stashed away!
20:16:02 [STASH_COMPACT] §f             §8(This totals 10 types of materials stashed!)
20:16:02 [STASH_COMPACT] §f                §3§l>>> §3§lCLICK HERE§b to pick them up! §3§l<<<
20:16:02 [STASH_COMPACT]   
20:17:02 [STASH_COMPACT] §f                 §7You have §3817 §7materials stashed away!
20:17:02 [STASH_COMPACT] §f             §8(This totals 10 types of materials stashed!)
20:17:02 [STASH_COMPACT] §f                §3§l>>> §3§lCLICK HERE§b to pick them up! §3§l<<<
20:17:02 [STASH_COMPACT]   
20:17:45 [SLAYER_RNG_METER]    §dRNG Meter §f- §d69,700 Stored XP
20:18:02 [SLAYER_RNG_METER]    §dRNG Meter §f- §d70,200 Stored XP
20:18:03 [STASH_COMPACT] §f                 §7You have §3817 §7materials stashed away!
20:18:03 [STASH_COMPACT] §f             §8(This totals 10 types of materials stashed!)
20:18:03 [STASH_COMPACT] §f                §3§l>>> §3§lCLICK HERE§b to pick them up! §3§l<<<
20:18:03 [STASH_COMPACT]   
20:18:28 [SLAYER_RNG_METER]    §dRNG Meter §f- §d70,700 Stored XP
20:19:03 [STASH_COMPACT] §f                 §7You have §3817 §7materials stashed away!
20:19:03 [STASH_COMPACT] §f             §8(This totals 10 types of materials stashed!)
20:19:03 [STASH_COMPACT] §f                §3§l>>> §3§lCLICK HERE§b to pick them up! §3§l<<<
20:19:03 [STASH_COMPACT]   
20:19:33 [SLAYER_RNG_METER]    §dRNG Meter §f- §d71,200 Stored XP
20:20:04 [STASH_COMPACT] §f                 §7You have §3817 §7materials stashed away!
20:20:04 [STASH_COMPACT] §f             §8(This totals 10 types of materials stashed!)
20:20:04 [STASH_COMPACT] §f                §3§l>>> §3§lCLICK HERE§b to pick them up! §3§l<<<
20:20:04 [STASH_COMPACT]   
20:20:53 [SLAYER_RNG_METER]    §dRNG Meter §f- §d71,700 Stored XP
20:21:04 [STASH_COMPACT] §f                 §7You have §3817 §7materials stashed away!
20:21:04 [STASH_COMPACT] §f             §8(This totals 10 types of materials stashed!)
20:21:04 [STASH_COMPACT] §f                §3§l>>> §3§lCLICK HERE§b to pick them up! §3§l<<<
20:21:04 [STASH_COMPACT]   
20:21:05 [BESTIARY] §f                                  §6§lBESTIARY
20:21:05 [BESTIARY] §f                     §b§lArachne's Keeper §7§8XI §8➡§b §bXII
20:21:05 [BESTIARY] 
20:21:05 [BESTIARY] §f                                  §r§6§lREWARDS
20:21:05 [BESTIARY] §f                   §r§8+§r§a4 Arachne's Keeper §r§b✯ Magic Find
20:21:05 [BESTIARY] §f                   §r§8+§r§a4 Arachne's Keeper §r§c❁ Strength
20:21:05 [BESTIARY] §f                       §r§8+§r§62% §r§aArachne's Keeper §r§7coins
20:21:05 [BESTIARY] §f                    §r§8+§r§a50% §r§7chance for extra XP orbs
20:21:05 [BESTIARY] §f                               §r§8+§r§b1 SkyBlock XP
20:21:05 [BESTIARY] 
20:21:05 [BESTIARY] §3§l▬▬▬▬▬▬▬▬▬▬▬▬▬▬▬▬▬▬▬▬▬▬▬▬▬▬▬▬▬▬▬▬▬▬▬▬▬▬▬▬▬▬▬▬▬▬▬▬▬▬▬▬▬▬▬▬▬▬▬▬▬▬▬▬
20:22:05 [STASH_COMPACT] §f                 §7You have §3817 §7materials stashed away!
20:22:05 [STASH_COMPACT] §f             §8(This totals 10 types of materials stashed!)
20:22:05 [STASH_COMPACT] §f                §3§l>>> §3§lCLICK HERE§b to pick them up! §3§l<<<
20:22:05 [STASH_COMPACT]   
20:22:07 [SLAYER_RNG_METER]    §dRNG Meter §f- §d72,200 Stored XP
20:23:05 [STASH_COMPACT] §f                 §7You have §3817 §7materials stashed away!
20:23:05 [STASH_COMPACT] §f             §8(This totals 10 types of materials stashed!)
20:23:05 [STASH_COMPACT] §f                §3§l>>> §3§lCLICK HERE§b to pick them up! §3§l<<<
20:23:05 [STASH_COMPACT]   
20:23:09 [SLAYER_RNG_METER]    §dRNG Meter §f- §d72,700 Stored XP
20:24:06 [STASH_COMPACT] §f                 §7You have §3817 §7materials stashed away!
20:24:06 [STASH_COMPACT] §f             §8(This totals 10 types of materials stashed!)
20:24:06 [STASH_COMPACT] §f                §3§l>>> §3§lCLICK HERE§b to pick them up! §3§l<<<
20:24:06 [STASH_COMPACT]   
20:24:31 [SLAYER_RNG_METER]    §dRNG Meter §f- §d73,200 Stored XP
20:25:07 [STASH_COMPACT] §f                 §7You have §3817 §7materials stashed away!
20:25:07 [STASH_COMPACT] §f             §8(This totals 10 types of materials stashed!)
20:25:07 [STASH_COMPACT] §f                §3§l>>> §3§lCLICK HERE§b to pick them up! §3§l<<<
20:25:07 [STASH_COMPACT]   
20:25:51 [SLAYER_RNG_METER]    §dRNG Meter §f- §d73,700 Stored XP
20:26:08 [STASH_COMPACT] §f                 §7You have §3817 §7materials stashed away!
20:26:08 [STASH_COMPACT] §f             §8(This totals 10 types of materials stashed!)
20:26:08 [STASH_COMPACT] §f                §3§l>>> §3§lCLICK HERE§b to pick them up! §3§l<<<
20:26:08 [STASH_COMPACT]   
20:27:08 [STASH_COMPACT] §f                 §7You have §3817 §7materials stashed away!
20:27:08 [STASH_COMPACT] §f             §8(This totals 10 types of materials stashed!)
20:27:08 [STASH_COMPACT] §f                §3§l>>> §3§lCLICK HERE§b to pick them up! §3§l<<<
20:27:08 [STASH_COMPACT]   
20:27:15 [SLAYER_RNG_METER]    §dRNG Meter §f- §d74,200 Stored XP
20:28:08 [STASH_COMPACT] §f                 §7You have §3817 §7materials stashed away!
20:28:08 [STASH_COMPACT] §f             §8(This totals 10 types of materials stashed!)
20:28:08 [STASH_COMPACT] §f                §3§l>>> §3§lCLICK HERE§b to pick them up! §3§l<<<
20:28:08 [STASH_COMPACT]   
20:28:09 [SLAYER_RNG_METER]    §dRNG Meter §f- §d74,700 Stored XP
20:29:09 [STASH_COMPACT] §f                 §7You have §3817 §7materials stashed away!
20:29:09 [STASH_COMPACT] §f             §8(This totals 10 types of materials stashed!)
20:29:09 [STASH_COMPACT] §f                §3§l>>> §3§lCLICK HERE§b to pick them up! §3§l<<<
20:29:09 [STASH_COMPACT]   
20:29:25 [SLAYER_RNG_METER]    §dRNG Meter §f- §d75,200 Stored XP
20:29:54 [SLAYER_RNG_METER]    §dRNG Meter §f- §d75,700 Stored XP
20:30:09 [STASH_COMPACT] §f                 §7You have §3817 §7materials stashed away!
20:30:09 [STASH_COMPACT] §f             §8(This totals 10 types of materials stashed!)
20:30:09 [STASH_COMPACT] §f                §3§l>>> §3§lCLICK HERE§b to pick them up! §3§l<<<
20:30:09 [STASH_COMPACT]   
20:30:57 [SLAYER_RNG_METER]    §dRNG Meter §f- §d76,200 Stored XP
20:31:10 [STASH_COMPACT] §f                 §7You have §3817 §7materials stashed away!
20:31:10 [STASH_COMPACT] §f             §8(This totals 10 types of materials stashed!)
20:31:10 [STASH_COMPACT] §f                §3§l>>> §3§lCLICK HERE§b to pick them up! §3§l<<<
20:31:10 [STASH_COMPACT]   
20:32:01 [SLAYER_RNG_METER]    §dRNG Meter §f- §d76,700 Stored XP
20:32:10 [STASH_COMPACT] §f                 §7You have §3817 §7materials stashed away!
20:32:10 [STASH_COMPACT] §f             §8(This totals 10 types of materials stashed!)
20:32:10 [STASH_COMPACT] §f                §3§l>>> §3§lCLICK HERE§b to pick them up! §3§l<<<
20:32:10 [STASH_COMPACT]   
20:32:19 [SLAYER_RNG_METER]    §dRNG Meter §f- §d77,200 Stored XP
20:33:10 [STASH_COMPACT] §f                 §7You have §3817 §7materials stashed away!
20:33:10 [STASH_COMPACT] §f             §8(This totals 10 types of materials stashed!)
20:33:10 [STASH_COMPACT] §f                §3§l>>> §3§lCLICK HERE§b to pick them up! §3§l<<<
20:33:10 [STASH_COMPACT]   
20:33:16 [SLAYER_RNG_METER]    §dRNG Meter §f- §d77,700 Stored XP
20:33:33 [SLAYER_RNG_METER]    §dRNG Meter §f- §d78,200 Stored XP
20:34:11 [STASH_COMPACT] §f                 §7You have §3817 §7materials stashed away!
20:34:11 [STASH_COMPACT] §f             §8(This totals 10 types of materials stashed!)
20:34:11 [STASH_COMPACT] §f                §3§l>>> §3§lCLICK HERE§b to pick them up! §3§l<<<
20:34:11 [STASH_COMPACT]   
20:34:17 [BESTIARY] §f                                  §6§lBESTIARY
20:34:17 [BESTIARY] §f                           §b§lArachne §7§8XVI §8➡§b §bXVII
20:34:17 [BESTIARY] 
20:34:17 [BESTIARY] §f                                  §r§6§lREWARDS
20:34:17 [BESTIARY] §f                         §r§8+§r§a5 Arachne §r§b✯ Magic Find
20:34:17 [BESTIARY] §f                         §r§8+§r§a5 Arachne §r§c❁ Strength
20:34:17 [BESTIARY] §f                             §r§8+§r§62% §r§aArachne §r§7coins
20:34:17 [BESTIARY] §f                    §r§8+§r§a50% §r§7chance for extra XP orbs
20:34:17 [BESTIARY] §f                               §r§8+§r§b1 SkyBlock XP
20:34:17 [BESTIARY] 
20:34:17 [BESTIARY] §3§l▬▬▬▬▬▬▬▬▬▬▬▬▬▬▬▬▬▬▬▬▬▬▬▬▬▬▬▬▬▬▬▬▬▬▬▬▬▬▬▬▬▬▬▬▬▬▬▬▬▬▬▬▬▬▬▬▬▬▬▬▬▬▬▬
20:35:11 [STASH_COMPACT] §f                 §7You have §3817 §7materials stashed away!
20:35:11 [STASH_COMPACT] §f             §8(This totals 10 types of materials stashed!)
20:35:11 [STASH_COMPACT] §f                §3§l>>> §3§lCLICK HERE§b to pick them up! §3§l<<<
20:35:11 [STASH_COMPACT]   
20:35:25 [SLAYER_RNG_METER]    §dRNG Meter §f- §d78,700 Stored XP
20:35:55 [SLAYER_RNG_METER]    §dRNG Meter §f- §d79,200 Stored XP
20:36:12 [STASH_COMPACT] §f                 §7You have §3817 §7materials stashed away!
20:36:12 [STASH_COMPACT] §f             §8(This totals 10 types of materials stashed!)
20:36:12 [STASH_COMPACT] §f                §3§l>>> §3§lCLICK HERE§b to pick them up! §3§l<<<
20:36:12 [STASH_COMPACT]   
20:36:34 [SLAYER_RNG_METER]    §dRNG Meter §f- §d79,700 Stored XP
20:37:12 [STASH_COMPACT] §f                 §7You have §3817 §7materials stashed away!
20:37:12 [STASH_COMPACT] §f             §8(This totals 10 types of materials stashed!)
20:37:12 [STASH_COMPACT] §f                §3§l>>> §3§lCLICK HERE§b to pick them up! §3§l<<<
20:37:12 [STASH_COMPACT]   
20:37:38 [SLAYER_RNG_METER]    §dRNG Meter §f- §d80,200 Stored XP
20:38:12 [STASH_COMPACT] §f                 §7You have §3817 §7materials stashed away!
20:38:12 [STASH_COMPACT] §f             §8(This totals 10 types of materials stashed!)
20:38:12 [STASH_COMPACT] §f                §3§l>>> §3§lCLICK HERE§b to pick them up! §3§l<<<
20:38:12 [STASH_COMPACT]   
20:38:42 [SLAYER_RNG_METER]    §dRNG Meter §f- §d80,700 Stored XP
20:39:13 [STASH_COMPACT] §f                 §7You have §3817 §7materials stashed away!
20:39:13 [STASH_COMPACT] §f             §8(This totals 10 types of materials stashed!)
20:39:13 [STASH_COMPACT] §f                §3§l>>> §3§lCLICK HERE§b to pick them up! §3§l<<<
20:39:13 [STASH_COMPACT]   
20:39:48 [SLAYER_RNG_METER]    §dRNG Meter §f- §d81,200 Stored XP
20:40:10 [SLAYER_RNG_METER]    §dRNG Meter §f- §d81,700 Stored XP
20:40:13 [STASH_COMPACT] §f                 §7You have §3817 §7materials stashed away!
20:40:13 [STASH_COMPACT] §f             §8(This totals 10 types of materials stashed!)
20:40:13 [STASH_COMPACT] §f                §3§l>>> §3§lCLICK HERE§b to pick them up! §3§l<<<
20:40:13 [STASH_COMPACT]   
20:41:14 [STASH_COMPACT] §f                 §7You have §3817 §7materials stashed away!
20:41:14 [STASH_COMPACT] §f             §8(This totals 10 types of materials stashed!)
20:41:14 [STASH_COMPACT] §f                §3§l>>> §3§lCLICK HERE§b to pick them up! §3§l<<<
20:41:14 [STASH_COMPACT]   
20:41:15 [SLAYER_RNG_METER]    §dRNG Meter §f- §d82,200 Stored XP
20:41:30 [SLAYER_RNG_METER]    §dRNG Meter §f- §d82,700 Stored XP
20:42:14 [STASH_COMPACT] §f                 §7You have §3817 §7materials stashed away!
20:42:14 [STASH_COMPACT] §f             §8(This totals 10 types of materials stashed!)
20:42:14 [STASH_COMPACT] §f                §3§l>>> §3§lCLICK HERE§b to pick them up! §3§l<<<
20:42:14 [STASH_COMPACT]   
20:42:49 [SLAYER_RNG_METER]    §dRNG Meter §f- §d83,200 Stored XP
20:43:13 [SLAYER_RNG_METER]    §dRNG Meter §f- §d83,700 Stored XP
20:43:15 [STASH_COMPACT] §f                 §7You have §3817 §7materials stashed away!
20:43:15 [STASH_COMPACT] §f             §8(This totals 10 types of materials stashed!)
20:43:15 [STASH_COMPACT] §f                §3§l>>> §3§lCLICK HERE§b to pick them up! §3§l<<<
20:43:15 [STASH_COMPACT]   
