10:14:32 §f                                  §6§lBESTIARY
10:14:32 §f                              §b§lFrosty §7§8II §8➡§b §bIII
10:14:32 
10:14:32 §f                                  §r§6§lREWARDS
10:14:32 §f                          §r§8+§r§a2 Frosty §r§b✯ Magic Find
10:14:32 §f                          §r§8+§r§a2 Frosty §r§c❁ Strength
10:14:32 §f                              §r§8+§r§62% §r§aFrosty §r§7coins
10:14:32 §f                    §r§8+§r§a50% §r§7chance for extra XP orbs
10:14:32 §f                               §r§8+§r§b1 SkyBlock XP
10:14:32 
10:14:32 §3§l▬▬▬▬▬▬▬▬▬▬▬▬▬▬▬▬▬▬▬▬▬▬▬▬▬▬▬▬▬▬▬▬▬▬▬▬▬▬▬▬▬▬▬▬▬▬▬▬▬▬▬▬▬▬▬▬▬▬▬▬▬▬▬▬
10:14:50 §f                                  §6§lBESTIARY
10:14:50 §f                     §b§lGuardian Defender §7§8II §8➡§b §bIII
10:14:50 
10:14:50 §f                                  §r§6§lREWARDS
10:14:50 §f                  §r§8+§r§a2 Guardian Defender §r§b✯ Magic Find
10:14:50 §f                   §r§8+§r§a2 Guardian Defender §r§c❁ Strength
10:14:50 §f                      §r§8+§r§62% §r§aGuardian Defender §r§7coins
10:14:50 §f                    §r§8+§r§a50% §r§7chance for extra XP orbs
10:14:50 §f                               §r§8+§r§b1 SkyBlock XP
10:14:50 
10:14:50 §3§l▬▬▬▬▬▬▬▬▬▬▬▬▬▬▬▬▬▬▬▬▬▬▬▬▬▬▬▬▬▬▬▬▬▬▬▬▬▬▬▬▬▬▬▬▬▬▬▬▬▬▬▬▬▬▬▬▬▬▬▬▬▬▬▬
10:15:05 §f                                  §6§lBESTIARY
10:15:05 §f                              §b§lGrinch §7§8III §8➡§b §bIV
10:15:05 
10:15:05 §f                                  §r§6§lREWARDS
10:15:05 §f                          §r§8+§r§a2 Grinch §r§b✯ Magic Find
10:15:05 §f                           §r§8+§r§a2 Grinch §r§c❁ Strength
10:15:05 §f                              §r§8+§r§62% §r§aGrinch §r§7coins
10:15:05 §f                    §r§8+§r§a50% §r§7chance for extra XP orbs
10:15:05 §f                               §r§8+§r§b1 SkyBlock XP
10:15:05 
10:15:05 §3§l▬▬▬▬▬▬▬▬▬▬▬▬▬▬▬▬▬▬▬▬▬▬▬▬▬▬▬▬▬▬▬▬▬▬▬▬▬▬▬▬▬▬▬▬▬▬▬▬▬▬▬▬▬▬▬▬▬▬▬▬▬▬▬▬
10:15:24 §f                                  §6§lBESTIARY
10:15:24 §f                              §b§lFrosty §7§8III §8➡§b §bIV
10:15:24 
10:15:24 §f                                  §r§6§lREWARDS
10:15:24 §f                          §r§8+§r§a2 Frosty §r§b✯ Magic Find
10:15:24 §f                          §r§8+§r§a2 Frosty §r§c❁ Strength
10:15:24 §f                              §r§8+§r§62% §r§aFrosty §r§7coins
10:15:24 §f                    §r§8+§r§a50% §r§7chance for extra XP orbs
10:15:24 §f                               §r§8+§r§b1 SkyBlock XP
10:15:24 
10:15:24 §3§l▬▬▬▬▬▬▬▬▬▬▬▬▬▬▬▬▬▬▬▬▬▬▬▬▬▬▬▬▬▬▬▬▬▬▬▬▬▬▬▬▬▬▬▬▬▬▬▬▬▬▬▬▬▬▬▬▬▬▬▬▬▬▬▬
10:15:43 §f                                  §6§lBESTIARY
10:15:43 §f                           §b§lSea Archer §7§8V §8➡§b §bVI
10:15:43 
10:15:43 §f                                  §r§6§lREWARDS
10:15:43 §f                       §r§8+§r§a3 Sea Archer §r§b✯ Magic Find
10:15:43 §f                       §r§8+§r§a3 Sea Archer §r§c❁ Strength
10:15:43 §f                           §r§8+§r§62% §r§aSea Archer §r§7coins
10:15:43 §f                    §r§8+§r§a50% §r§7chance for extra XP orbs
10:15:43 §f                               §r§8+§r§b1 SkyBlock XP
10:15:43 
10:15:43 §3§l▬▬▬▬▬▬▬▬▬▬▬▬▬▬▬▬▬▬▬▬▬▬▬▬▬▬▬▬▬▬▬▬▬▬▬▬▬▬▬▬▬▬▬▬▬▬▬▬▬▬▬▬▬▬▬▬▬▬▬▬▬▬▬▬
10:15:56 §f                                  §6§lBESTIARY
10:15:56 §f                               §b§lFrosty §7§8IV §8➡§b §bV
10:15:56 
10:15:56 §f                                  §r§6§lREWARDS
10:15:56 §f                          §r§8+§r§a2 Frosty §r§b✯ Magic Find
10:15:56 §f                          §r§8+§r§a2 Frosty §r§c❁ Strength
10:15:56 §f                              §r§8+§r§62% §r§aFrosty §r§7coins
10:15:56 §f                    §r§8+§r§a50% §r§7chance for extra XP orbs
10:15:56 §f                               §r§8+§r§b1 SkyBlock XP
10:15:56 
10:15:56 §3§l▬▬▬▬▬▬▬▬▬▬▬▬▬▬▬▬▬▬▬▬▬▬▬▬▬▬▬▬▬▬▬▬▬▬▬▬▬▬▬▬▬▬▬▬▬▬▬▬▬▬▬▬▬▬▬▬▬▬▬▬▬▬▬▬
10:16:06 §f                                  §6§lBESTIARY
10:16:06 §f                          §b§lFrozen Steve §7§8V §8➡§b §bVI
10:16:06 
10:16:06 §f                                  §r§6§lREWARDS
10:16:06 §f                     §r§8+§r§a3 Frozen Steve §r§b✯ Magic Find
10:16:06 §f                      §r§8+§r§a3 Frozen Steve §r§c❁ Strength
10:16:06 §f                         §r§8+§r§62% §r§aFrozen Steve §r§7coins
10:16:06 §f                    §r§8+§r§a50% §r§7chance for extra XP orbs
10:16:06 §f                               §r§8+§r§b1 SkyBlock XP
10:16:06 
10:16:06   §r§f                         §6§lBESTIARY MILESTONE
10:16:06   §r§f                                   §8CIII➡§eCIV
10:16:06 
10:16:06 §3§l▬▬▬▬▬▬▬▬▬▬▬▬▬▬▬▬▬▬▬▬▬▬▬▬▬▬▬▬▬▬▬▬▬▬▬▬▬▬▬▬▬▬▬▬▬▬▬▬▬▬▬▬▬▬▬▬▬▬▬▬▬▬▬▬
10:17:41 §f                                  §6§lBESTIARY
10:17:41 §f                             §b§lCatfish §7§8VI §8➡§b §bVII
10:17:41 
10:17:41 §f                                  §r§6§lREWARDS
10:17:41 §f                          §r§8+§r§a3 Catfish §r§b✯ Magic Find
10:17:41 §f                          §r§8+§r§a3 Catfish §r§c❁ Strength
10:17:41 §f                              §r§8+§r§62% §r§aCatfish §r§7coins
10:17:41 §f                    §r§8+§r§a50% §r§7chance for extra XP orbs
10:17:41 §f                               §r§8+§r§b1 SkyBlock XP
10:17:41 
10:17:41 §3§l▬▬▬▬▬▬▬▬▬▬▬▬▬▬▬▬▬▬▬▬▬▬▬▬▬▬▬▬▬▬▬▬▬▬▬▬▬▬▬▬▬▬▬▬▬▬▬▬▬▬▬▬▬▬▬▬▬▬▬▬▬▬▬▬
10:31:45 §f                                  §6§lBESTIARY
10:31:45 §f                                 §b§lAgarimoo §7§bI
10:31:45 
10:31:45 §f                                  §r§6§lREWARDS
10:31:45 §f                        §r§8+§r§a2 Agarimoo §r§b✯ Magic Find
10:31:45 §f                         §r§8+§r§a2 Agarimoo §r§c❁ Strength
10:31:45 §f                            §r§8+§r§62% §r§aAgarimoo §r§7coins
10:31:45 §f                    §r§8+§r§a50% §r§7chance for extra XP orbs
10:31:45 §f                               §r§8+§r§b1 SkyBlock XP
10:31:45 
10:31:45 §3§l▬▬▬▬▬▬▬▬▬▬▬▬▬▬▬▬▬▬▬▬▬▬▬▬▬▬▬▬▬▬▬▬▬▬▬▬▬▬▬▬▬▬▬▬▬▬▬▬▬▬▬▬▬▬▬▬▬▬▬▬▬▬▬▬
10:32:04 §f                                  §6§lBESTIARY
10:32:04 §f                               §b§lGrinch §7§8IV §8➡§b §bV
10:32:04 
10:32:04 §f                                  §r§6§lREWARDS
10:32:04 §f                          §r§8+§r§a2 Grinch §r§b✯ Magic Find
10:32:04 §f                           §r§8+§r§a2 Grinch §r§c❁ Strength
10:32:04 §f                              §r§8+§r§62% §r§aGrinch §r§7coins
10:32:04 §f                    §r§8+§r§a50% §r§7chance for extra XP orbs
10:32:04 §f                               §r§8+§r§b1 SkyBlock XP
10:32:04 
10:32:04 §3§l▬▬▬▬▬▬▬▬▬▬▬▬▬▬▬▬▬▬▬▬▬▬▬▬▬▬▬▬▬▬▬▬▬▬▬▬▬▬▬▬▬▬▬▬▬▬▬▬▬▬▬▬▬▬▬▬▬▬▬▬▬▬▬▬
10:32:37 §f                                  §6§lBESTIARY
10:32:37 §f                           §b§lNutcracker §7§8IV §8➡§b §bV
10:32:37 
10:32:37 §f                                  §r§6§lREWARDS
10:32:37 §f                       §r§8+§r§a2 Nutcracker §r§b✯ Magic Find
10:32:37 §f                        §r§8+§r§a2 Nutcracker §r§c❁ Strength
10:32:37 §f                           §r§8+§r§62% §r§aNutcracker §r§7coins
10:32:37 §f                    §r§8+§r§a50% §r§7chance for extra XP orbs
10:32:37 §f                               §r§8+§r§b1 SkyBlock XP
10:32:37 
10:32:37 §3§l▬▬▬▬▬▬▬▬▬▬▬▬▬▬▬▬▬▬▬▬▬▬▬▬▬▬▬▬▬▬▬▬▬▬▬▬▬▬▬▬▬▬▬▬▬▬▬▬▬▬▬▬▬▬▬▬▬▬▬▬▬▬▬▬
10:34:13 §f                                  §6§lBESTIARY
10:34:13 §f                               §b§lFrosty §7§8V §8➡§b §bVI
10:34:13 
10:34:13 §f                                  §r§6§lREWARDS
10:34:13 §f                          §r§8+§r§a3 Frosty §r§b✯ Magic Find
10:34:13 §f                          §r§8+§r§a3 Frosty §r§c❁ Strength
10:34:13 §f                              §r§8+§r§62% §r§aFrosty §r§7coins
10:34:13 §f                    §r§8+§r§a50% §r§7chance for extra XP orbs
10:34:13 §f                               §r§8+§r§b1 SkyBlock XP
10:34:13 
10:34:13 §3§l▬▬▬▬▬▬▬▬▬▬▬▬▬▬▬▬▬▬▬▬▬▬▬▬▬▬▬▬▬▬▬▬▬▬▬▬▬▬▬▬▬▬▬▬▬▬▬▬▬▬▬▬▬▬▬▬▬▬▬▬▬▬▬▬
10:35:27 §f                                  §6§lBESTIARY
10:35:27 §f                               §b§lGrinch §7§8V §8➡§b §bVI
10:35:27 
10:35:27 §f                                  §r§6§lREWARDS
10:35:27 §f                          §r§8+§r§a3 Grinch §r§b✯ Magic Find
10:35:27 §f                           §r§8+§r§a3 Grinch §r§c❁ Strength
10:35:27 §f                              §r§8+§r§62% §r§aGrinch §r§7coins
10:35:27 §f                    §r§8+§r§a50% §r§7chance for extra XP orbs
10:35:27 §f                               §r§8+§r§b1 SkyBlock XP
10:35:27 
10:35:27 §3§l▬▬▬▬▬▬▬▬▬▬▬▬▬▬▬▬▬▬▬▬▬▬▬▬▬▬▬▬▬▬▬▬▬▬▬▬▬▬▬▬▬▬▬▬▬▬▬▬▬▬▬▬▬▬▬▬▬▬▬▬▬▬▬▬
10:36:47 §f                                  §6§lBESTIARY
10:36:47 §f                           §b§lNutcracker §7§8V §8➡§b §bVI
10:36:47 
10:36:47 §f                                  §r§6§lREWARDS
10:36:47 §f                       §r§8+§r§a3 Nutcracker §r§b✯ Magic Find
10:36:47 §f                        §r§8+§r§a3 Nutcracker §r§c❁ Strength
10:36:47 §f                           §r§8+§r§62% §r§aNutcracker §r§7coins
10:36:47 §f                    §r§8+§r§a50% §r§7chance for extra XP orbs
10:36:47 §f                               §r§8+§r§b1 SkyBlock XP
10:36:47 
10:36:47 §3§l▬▬▬▬▬▬▬▬▬▬▬▬▬▬▬▬▬▬▬▬▬▬▬▬▬▬▬▬▬▬▬▬▬▬▬▬▬▬▬▬▬▬▬▬▬▬▬▬▬▬▬▬▬▬▬▬▬▬▬▬▬▬▬▬
10:36:55 §f                                  §6§lBESTIARY
10:36:55 §f                              §b§lAgarimoo §7§8I §8➡§b §bII
10:36:55 
10:36:55 §f                                  §r§6§lREWARDS
10:36:55 §f                        §r§8+§r§a2 Agarimoo §r§b✯ Magic Find
10:36:55 §f                         §r§8+§r§a2 Agarimoo §r§c❁ Strength
10:36:55 §f                            §r§8+§r§62% §r§aAgarimoo §r§7coins
10:36:55 §f                    §r§8+§r§a50% §r§7chance for extra XP orbs
10:36:55 §f                               §r§8+§r§b1 SkyBlock XP
10:36:55 
10:36:55 §3§l▬▬▬▬▬▬▬▬▬▬▬▬▬▬▬▬▬▬▬▬▬▬▬▬▬▬▬▬▬▬▬▬▬▬▬▬▬▬▬▬▬▬▬▬▬▬▬▬▬▬▬▬▬▬▬▬▬▬▬▬▬▬▬▬
10:49:30 §f                                  §6§lBESTIARY
10:49:30 §f                          §b§lSea Guardian §7§8V §8➡§b §bVI
10:49:30 
10:49:30 §f                                  §r§6§lREWARDS
10:49:30 §f                      §r§8+§r§a3 Sea Guardian §r§b✯ Magic Find
10:49:30 §f                      §r§8+§r§a3 Sea Guardian §r§c❁ Strength
10:49:30 §f                          §r§8+§r§62% §r§aSea Guardian §r§7coins
10:49:30 §f                    §r§8+§r§a50% §r§7chance for extra XP orbs
10:49:30 §f                               §r§8+§r§b1 SkyBlock XP
10:49:30 
10:49:30 §3§l▬▬▬▬▬▬▬▬▬▬▬▬▬▬▬▬▬▬▬▬▬▬▬▬▬▬▬▬▬▬▬▬▬▬▬▬▬▬▬▬▬▬▬▬▬▬▬▬▬▬▬▬▬▬▬▬▬▬▬▬▬▬▬▬
10:49:44 §f                                  §6§lBESTIARY
10:49:44 §f                                 §b§lYeti §7§8IV §8➡§b §bV
10:49:44 
10:49:44 §f                                  §r§6§lREWARDS
10:49:44 §f                            §r§8+§r§a2 Yeti §r§b✯ Magic Find
10:49:44 §f                            §r§8+§r§a2 Yeti §r§c❁ Strength
10:49:44 §f                                §r§8+§r§62% §r§aYeti §r§7coins
10:49:44 §f                    §r§8+§r§a50% §r§7chance for extra XP orbs
10:49:44 §f                               §r§8+§r§b1 SkyBlock XP
10:49:44 
10:49:44   §r§f                         §6§lBESTIARY MILESTONE
10:49:44   §r§f                                    §8CIV➡§eCV
10:49:44 
10:49:44 §3§l▬▬▬▬▬▬▬▬▬▬▬▬▬▬▬▬▬▬▬▬▬▬▬▬▬▬▬▬▬▬▬▬▬▬▬▬▬▬▬▬▬▬▬▬▬▬▬▬▬▬▬▬▬▬▬▬▬▬▬▬▬▬▬▬
10:50:42 §f                                  §6§lBESTIARY
10:50:42 §f                             §b§lAgarimoo §7§8II §8➡§b §bIII
10:50:42 
10:50:42 §f                                  §r§6§lREWARDS
10:50:42 §f                        §r§8+§r§a2 Agarimoo §r§b✯ Magic Find
10:50:42 §f                         §r§8+§r§a2 Agarimoo §r§c❁ Strength
10:50:42 §f                            §r§8+§r§62% §r§aAgarimoo §r§7coins
10:50:42 §f                    §r§8+§r§a50% §r§7chance for extra XP orbs
10:50:42 §f                               §r§8+§r§b1 SkyBlock XP
10:50:42 
10:50:42 §3§l▬▬▬▬▬▬▬▬▬▬▬▬▬▬▬▬▬▬▬▬▬▬▬▬▬▬▬▬▬▬▬▬▬▬▬▬▬▬▬▬▬▬▬▬▬▬▬▬▬▬▬▬▬▬▬▬▬▬▬▬▬▬▬▬
10:51:38 §f                                  §6§lBESTIARY
10:51:38 §f                      §b§lRider of the Deep §7§8V §8➡§b §bVI
10:51:38 
10:51:38 §f                                  §r§6§lREWARDS
10:51:38 §f                   §r§8+§r§a3 Rider of the Deep §r§b✯ Magic Find
10:51:38 §f                    §r§8+§r§a3 Rider of the Deep §r§c❁ Strength
10:51:38 §f                       §r§8+§r§62% §r§aRider of the Deep §r§7coins
10:51:38 §f                    §r§8+§r§a50% §r§7chance for extra XP orbs
10:51:38 §f                               §r§8+§r§b1 SkyBlock XP
10:51:38 
10:51:38 §3§l▬▬▬▬▬▬▬▬▬▬▬▬▬▬▬▬▬▬▬▬▬▬▬▬▬▬▬▬▬▬▬▬▬▬▬▬▬▬▬▬▬▬▬▬▬▬▬▬▬▬▬▬▬▬▬▬▬▬▬▬▬▬▬▬
10:51:38 §f                                  §6§lBESTIARY
10:51:38 §f                            §b§lAgarimoo §7§8III §8➡§b §bIV
10:51:38 
10:51:38 §f                                  §r§6§lREWARDS
10:51:38 §f                        §r§8+§r§a2 Agarimoo §r§b✯ Magic Find
10:51:38 §f                         §r§8+§r§a2 Agarimoo §r§c❁ Strength
10:51:38 §f                            §r§8+§r§62% §r§aAgarimoo §r§7coins
10:51:38 §f                    §r§8+§r§a50% §r§7chance for extra XP orbs
10:51:38 §f                               §r§8+§r§b1 SkyBlock XP
10:51:38 
10:51:38 §3§l▬▬▬▬▬▬▬▬▬▬▬▬▬▬▬▬▬▬▬▬▬▬▬▬▬▬▬▬▬▬▬▬▬▬▬▬▬▬▬▬▬▬▬▬▬▬▬▬▬▬▬▬▬▬▬▬▬▬▬▬▬▬▬▬
10:52:17 §f                                  §6§lBESTIARY
10:52:17 §f                    §b§lDeep Sea Protector §7§8II §8➡§b §bIII
10:52:17 
10:52:17 §f                                  §r§6§lREWARDS
10:52:17 §f                 §r§8+§r§a2 Deep Sea Protector §r§b✯ Magic Find
10:52:17 §f                  §r§8+§r§a2 Deep Sea Protector §r§c❁ Strength
10:52:17 §f                     §r§8+§r§62% §r§aDeep Sea Protector §r§7coins
10:52:17 §f                    §r§8+§r§a50% §r§7chance for extra XP orbs
10:52:17 §f                               §r§8+§r§b1 SkyBlock XP
10:52:17 
10:52:17 §3§l▬▬▬▬▬▬▬▬▬▬▬▬▬▬▬▬▬▬▬▬▬▬▬▬▬▬▬▬▬▬▬▬▬▬▬▬▬▬▬▬▬▬▬▬▬▬▬▬▬▬▬▬▬▬▬▬▬▬▬▬▬▬▬▬
10:52:53 §f                                  §6§lBESTIARY
10:52:53 §f                         §b§lFrozen Steve §7§8VI §8➡§b §bVII
10:52:53 
10:52:53 §f                                  §r§6§lREWARDS
10:52:53 §f                     §r§8+§r§a3 Frozen Steve §r§b✯ Magic Find
10:52:53 §f                      §r§8+§r§a3 Frozen Steve §r§c❁ Strength
10:52:53 §f                         §r§8+§r§62% §r§aFrozen Steve §r§7coins
10:52:53 §f                    §r§8+§r§a50% §r§7chance for extra XP orbs
10:52:53 §f                               §r§8+§r§b1 SkyBlock XP
10:52:53 
10:52:53 §3§l▬▬▬▬▬▬▬▬▬▬▬▬▬▬▬▬▬▬▬▬▬▬▬▬▬▬▬▬▬▬▬▬▬▬▬▬▬▬▬▬▬▬▬▬▬▬▬▬▬▬▬▬▬▬▬▬▬▬▬▬▬▬▬▬
10:53:02 §f                                  §6§lBESTIARY
10:53:02 §f                             §b§lAgarimoo §7§8IV §8➡§b §bV
10:53:02 
10:53:02 §f                                  §r§6§lREWARDS
10:53:02 §f                        §r§8+§r§a2 Agarimoo §r§b✯ Magic Find
10:53:02 §f                         §r§8+§r§a2 Agarimoo §r§c❁ Strength
10:53:02 §f                            §r§8+§r§62% §r§aAgarimoo §r§7coins
10:53:02 §f                    §r§8+§r§a50% §r§7chance for extra XP orbs
10:53:02 §f                               §r§8+§r§b1 SkyBlock XP
10:53:02 
10:53:02 §3§l▬▬▬▬▬▬▬▬▬▬▬▬▬▬▬▬▬▬▬▬▬▬▬▬▬▬▬▬▬▬▬▬▬▬▬▬▬▬▬▬▬▬▬▬▬▬▬▬▬▬▬▬▬▬▬▬▬▬▬▬▬▬▬▬
10:54:26 §f                                  §6§lBESTIARY
10:54:26 §f                              §b§lGrinch §7§8VI §8➡§b §bVII
10:54:26 
10:54:26 §f                                  §r§6§lREWARDS
10:54:26 §f                          §r§8+§r§a3 Grinch §r§b✯ Magic Find
10:54:26 §f                           §r§8+§r§a3 Grinch §r§c❁ Strength
10:54:26 §f                              §r§8+§r§62% §r§aGrinch §r§7coins
10:54:26 §f                    §r§8+§r§a50% §r§7chance for extra XP orbs
10:54:26 §f                               §r§8+§r§b1 SkyBlock XP
10:54:26 
10:54:26 §3§l▬▬▬▬▬▬▬▬▬▬▬▬▬▬▬▬▬▬▬▬▬▬▬▬▬▬▬▬▬▬▬▬▬▬▬▬▬▬▬▬▬▬▬▬▬▬▬▬▬▬▬▬▬▬▬▬▬▬▬▬▬▬▬▬
10:55:16 §f                                  §6§lBESTIARY
10:55:16 §f                              §b§lFrosty §7§8VI §8➡§b §bVII
10:55:16 
10:55:16 §f                                  §r§6§lREWARDS
10:55:16 §f                          §r§8+§r§a3 Frosty §r§b✯ Magic Find
10:55:16 §f                          §r§8+§r§a3 Frosty §r§c❁ Strength
10:55:16 §f                              §r§8+§r§62% §r§aFrosty §r§7coins
10:55:16 §f                    §r§8+§r§a50% §r§7chance for extra XP orbs
10:55:16 §f                               §r§8+§r§b1 SkyBlock XP
10:55:16 
10:55:16 §3§l▬▬▬▬▬▬▬▬▬▬▬▬▬▬▬▬▬▬▬▬▬▬▬▬▬▬▬▬▬▬▬▬▬▬▬▬▬▬▬▬▬▬▬▬▬▬▬▬▬▬▬▬▬▬▬▬▬▬▬▬▬▬▬▬
