10:01:22 §f                 §7You have §3771 §7materials stashed away!
10:01:22 §f              §8(This totals 4 types of materials stashed!)
10:01:22 §f                §3§l>>> §3§lCLICK HERE§b to pick them up! §3§l<<<
10:01:22   
10:01:23 §f                 §7You have §3771 §7materials stashed away!
10:01:23 §f              §8(This totals 4 types of materials stashed!)
10:01:23 §f                §3§l>>> §3§lCLICK HERE§b to pick them up! §3§l<<<
10:01:23   
10:02:23 §f                 §7You have §3771 §7materials stashed away!
10:02:23 §f              §8(This totals 4 types of materials stashed!)
10:02:23 §f                §3§l>>> §3§lCLICK HERE§b to pick them up! §3§l<<<
10:02:23   
10:03:23 §f                 §7You have §3771 §7materials stashed away!
10:03:23 §f              §8(This totals 4 types of materials stashed!)
10:03:23 §f                §3§l>>> §3§lCLICK HERE§b to pick them up! §3§l<<<
10:03:23   
10:04:23 §f                 §7You have §3771 §7materials stashed away!
10:04:23 §f              §8(This totals 4 types of materials stashed!)
10:04:23 §f                §3§l>>> §3§lCLICK HERE§b to pick them up! §3§l<<<
10:04:23   
10:05:23 §f                 §7You have §3771 §7materials stashed away!
10:05:23 §f              §8(This totals 4 types of materials stashed!)
10:05:23 §f                §3§l>>> §3§lCLICK HERE§b to pick them up! §3§l<<<
10:05:23   
10:06:03 §f                 §7You have §3771 §7materials stashed away!
10:06:03 §f              §8(This totals 4 types of materials stashed!)
10:06:03 §f                §3§l>>> §3§lCLICK HERE§b to pick them up! §3§l<<<
10:06:03   
10:06:07 §f                 §7You have §3771 §7materials stashed away!
10:06:07 §f              §8(This totals 4 types of materials stashed!)
10:06:07 §f                §3§l>>> §3§lCLICK HERE§b to pick them up! §3§l<<<
10:06:07   
10:07:08 §f                 §7You have §3771 §7materials stashed away!
10:07:08 §f              §8(This totals 4 types of materials stashed!)
10:07:08 §f                §3§l>>> §3§lCLICK HERE§b to pick them up! §3§l<<<
10:07:08   
10:08:09 §f                 §7You have §3771 §7materials stashed away!
10:08:09 §f              §8(This totals 4 types of materials stashed!)
10:08:09 §f                §3§l>>> §3§lCLICK HERE§b to pick them up! §3§l<<<
10:08:09   
10:09:11 §f                 §7You have §3771 §7materials stashed away!
10:09:11 §f              §8(This totals 4 types of materials stashed!)
10:09:11 §f                §3§l>>> §3§lCLICK HERE§b to pick them up! §3§l<<<
10:09:11   
10:10:12 §f                 §7You have §3771 §7materials stashed away!
10:10:12 §f              §8(This totals 4 types of materials stashed!)
10:10:12 §f                §3§l>>> §3§lCLICK HERE§b to pick them up! §3§l<<<
10:10:12   
10:11:13 §f                 §7You have §3771 §7materials stashed away!
10:11:13 §f              §8(This totals 4 types of materials stashed!)
10:11:13 §f                §3§l>>> §3§lCLICK HERE§b to pick them up! §3§l<<<
10:11:13   
10:12:14 §f                 §7You have §3771 §7materials stashed away!
10:12:14 §f              §8(This totals 4 types of materials stashed!)
10:12:14 §f                §3§l>>> §3§lCLICK HERE§b to pick them up! §3§l<<<
10:12:14   
10:13:15 §f                 §7You have §3771 §7materials stashed away!
10:13:15 §f              §8(This totals 4 types of materials stashed!)
10:13:15 §f                §3§l>>> §3§lCLICK HERE§b to pick them up! §3§l<<<
10:13:15   
10:14:16 §f                 §7You have §3771 §7materials stashed away!
10:14:16 §f              §8(This totals 4 types of materials stashed!)
10:14:16 §f                §3§l>>> §3§lCLICK HERE§b to pick them up! §3§l<<<
10:14:16   
10:15:16 §f                 §7You have §3771 §7materials stashed away!
10:15:16 §f              §8(This totals 4 types of materials stashed!)
10:15:16 §f                §3§l>>> §3§lCLICK HERE§b to pick them up! §3§l<<<
10:15:16   
10:16:17 §f                 §7You have §3771 §7materials stashed away!
10:16:17 §f              §8(This totals 4 types of materials stashed!)
10:16:17 §f                §3§l>>> §3§lCLICK HERE§b to pick them up! §3§l<<<
10:16:17   
10:17:18 §f                 §7You have §3771 §7materials stashed away!
10:17:18 §f              §8(This totals 4 types of materials stashed!)
10:17:18 §f                §3§l>>> §3§lCLICK HERE§b to pick them up! §3§l<<<
10:17:18   
10:18:19 §f                 §7You have §3771 §7materials stashed away!
10:18:19 §f              §8(This totals 4 types of materials stashed!)
10:18:19 §f                §3§l>>> §3§lCLICK HERE§b to pick them up! §3§l<<<
10:18:19   
10:19:20 §f                 §7You have §3771 §7materials stashed away!
10:19:20 §f              §8(This totals 4 types of materials stashed!)
10:19:20 §f                §3§l>>> §3§lCLICK HERE§b to pick them up! §3§l<<<
10:19:20   
10:19:25 §f                 §7You have §3771 §7materials stashed away!
10:19:25 §f              §8(This totals 4 types of materials stashed!)
10:19:25 §f                §3§l>>> §3§lCLICK HERE§b to pick them up! §3§l<<<
10:19:25   
10:19:26 §f                 §7You have §3771 §7materials stashed away!
10:19:26 §f              §8(This totals 4 types of materials stashed!)
10:19:26 §f                §3§l>>> §3§lCLICK HERE§b to pick them up! §3§l<<<
10:19:26   
10:20:01 §f                 §7You have §3771 §7materials stashed away!
10:20:01 §f              §8(This totals 4 types of materials stashed!)
10:20:01 §f                §3§l>>> §3§lCLICK HERE§b to pick them up! §3§l<<<
10:20:01   
10:20:15 §f                 §7You have §3771 §7materials stashed away!
10:20:15 §f              §8(This totals 4 types of materials stashed!)
10:20:15 §f                §3§l>>> §3§lCLICK HERE§b to pick them up! §3§l<<<
10:20:15   
10:20:20 §f                 §7You have §3771 §7materials stashed away!
10:20:20 §f              §8(This totals 4 types of materials stashed!)
10:20:20 §f                §3§l>>> §3§lCLICK HERE§b to pick them up! §3§l<<<
10:20:20   
10:20:20 §f                 §7You have §3771 §7materials stashed away!
10:20:20 §f              §8(This totals 4 types of materials stashed!)
10:20:20 §f                §3§l>>> §3§lCLICK HERE§b to pick them up! §3§l<<<
10:20:20   
10:21:20 §f                 §7You have §3771 §7materials stashed away!
10:21:20 §f              §8(This totals 4 types of materials stashed!)
10:21:20 §f                §3§l>>> §3§lCLICK HERE§b to pick them up! §3§l<<<
10:21:20   
10:22:21 §f                 §7You have §3771 §7materials stashed away!
10:22:21 §f              §8(This totals 4 types of materials stashed!)
10:22:21 §f                §3§l>>> §3§lCLICK HERE§b to pick them up! §3§l<<<
10:22:21   
10:23:21 §f                 §7You have §3771 §7materials stashed away!
10:23:21 §f              §8(This totals 4 types of materials stashed!)
10:23:21 §f                §3§l>>> §3§lCLICK HERE§b to pick them up! §3§l<<<
10:23:21   
10:24:22 §f                 §7You have §3771 §7materials stashed away!
10:24:22 §f              §8(This totals 4 types of materials stashed!)
10:24:22 §f                §3§l>>> §3§lCLICK HERE§b to pick them up! §3§l<<<
10:24:22   
10:25:22 §f                 §7You have §3771 §7materials stashed away!
10:25:22 §f              §8(This totals 4 types of materials stashed!)
10:25:22 §f                §3§l>>> §3§lCLICK HERE§b to pick them up! §3§l<<<
10:25:22   
10:26:22 §f                 §7You have §3771 §7materials stashed away!
10:26:22 §f              §8(This totals 4 types of materials stashed!)
10:26:22 §f                §3§l>>> §3§lCLICK HERE§b to pick them up! §3§l<<<
10:26:22   
10:27:23 §f                 §7You have §3771 §7materials stashed away!
10:27:23 §f              §8(This totals 4 types of materials stashed!)
10:27:23 §f                §3§l>>> §3§lCLICK HERE§b to pick them up! §3§l<<<
10:27:23   
10:28:23 §f                 §7You have §3771 §7materials stashed away!
10:28:23 §f              §8(This totals 4 types of materials stashed!)
10:28:23 §f                §3§l>>> §3§lCLICK HERE§b to pick them up! §3§l<<<
10:28:23   
10:29:24 §f                 §7You have §3771 §7materials stashed away!
10:29:24 §f              §8(This totals 4 types of materials stashed!)
10:29:24 §f                §3§l>>> §3§lCLICK HERE§b to pick them up! §3§l<<<
10:29:24   
10:30:24 §f                 §7You have §3771 §7materials stashed away!
10:30:24 §f              §8(This totals 4 types of materials stashed!)
10:30:24 §f                §3§l>>> §3§lCLICK HERE§b to pick them up! §3§l<<<
10:30:24   
10:30:56 §f                 §7You have §3771 §7materials stashed away!
10:30:56 §f              §8(This totals 4 types of materials stashed!)
10:30:56 §f                §3§l>>> §3§lCLICK HERE§b to pick them up! §3§l<<<
10:30:56   
10:30:57 §f                 §7You have §3771 §7materials stashed away!
10:30:57 §f              §8(This totals 4 types of materials stashed!)
10:30:57 §f                §3§l>>> §3§lCLICK HERE§b to pick them up! §3§l<<<
10:30:57   
10:31:56 §f                 §7You have §3771 §7materials stashed away!
10:31:56 §f              §8(This totals 4 types of materials stashed!)
10:31:56 §f                §3§l>>> §3§lCLICK HERE§b to pick them up! §3§l<<<
10:31:56   
10:32:57 §f                 §7You have §3771 §7materials stashed away!
10:32:57 §f              §8(This totals 4 types of materials stashed!)
10:32:57 §f                §3§l>>> §3§lCLICK HERE§b to pick them up! §3§l<<<
10:32:57   
10:32:58 §eOne or more items didn't fit in your inventory and were added to your material stash! §6Click here §eto pick them up!
10:32:58 §eOne or more items didn't fit in your inventory and were added to your item stash! §6Click here §eto pick them up!
10:33:57 §f                 §7You have §3786 §7materials stashed away!
10:33:57 §f              §8(This totals 5 types of materials stashed!)
10:33:57 §f                §3§l>>> §3§lCLICK HERE§b to pick them up! §3§l<<<
10:33:57   
10:34:58 §f                 §7You have §3786 §7materials stashed away!
10:34:58 §f              §8(This totals 5 types of materials stashed!)
10:34:58 §f                §3§l>>> §3§lCLICK HERE§b to pick them up! §3§l<<<
10:34:58   
10:35:59 §f                 §7You have §3786 §7materials stashed away!
10:35:59 §f              §8(This totals 5 types of materials stashed!)
10:35:59 §f                §3§l>>> §3§lCLICK HERE§b to pick them up! §3§l<<<
10:35:59   
10:36:59 §f                 §7You have §3786 §7materials stashed away!
10:36:59 §f              §8(This totals 5 types of materials stashed!)
10:36:59 §f                §3§l>>> §3§lCLICK HERE§b to pick them up! §3§l<<<
10:36:59   
10:37:31 §eOne or more items didn't fit in your inventory and were added to your material stash! §6Click here §eto pick them up!
10:37:31 §eOne or more items didn't fit in your inventory and were added to your item stash! §6Click here §eto pick them up!
10:37:47 
10:38:00 §f                 §7You have §3812 §7materials stashed away!
10:38:00 §f              §8(This totals 6 types of materials stashed!)
10:38:00 §f                §3§l>>> §3§lCLICK HERE§b to pick them up! §3§l<<<
10:38:00   
10:39:00 §f                 §7You have §3812 §7materials stashed away!
10:39:00 §f              §8(This totals 6 types of materials stashed!)
10:39:00 §f                §3§l>>> §3§lCLICK HERE§b to pick them up! §3§l<<<
10:39:00   
10:40:01 §f                 §7You have §3812 §7materials stashed away!
10:40:01 §f              §8(This totals 6 types of materials stashed!)
10:40:01 §f                §3§l>>> §3§lCLICK HERE§b to pick them up! §3§l<<<
10:40:01   
10:41:01 §f                 §7You have §3812 §7materials stashed away!
10:41:01 §f              §8(This totals 6 types of materials stashed!)
10:41:01 §f                §3§l>>> §3§lCLICK HERE§b to pick them up! §3§l<<<
10:41:01   
10:42:02 §f                 §7You have §3812 §7materials stashed away!
10:42:02 §f              §8(This totals 6 types of materials stashed!)
10:42:02 §f                §3§l>>> §3§lCLICK HERE§b to pick them up! §3§l<<<
10:42:02   
10:43:03 §f                 §7You have §3812 §7materials stashed away!
10:43:03 §f              §8(This totals 6 types of materials stashed!)
10:43:03 §f                §3§l>>> §3§lCLICK HERE§b to pick them up! §3§l<<<
10:43:03   
10:44:03 §f                 §7You have §3812 §7materials stashed away!
10:44:03 §f              §8(This totals 6 types of materials stashed!)
10:44:03 §f                §3§l>>> §3§lCLICK HERE§b to pick them up! §3§l<<<
10:44:03   
10:45:04 §f                 §7You have §3812 §7materials stashed away!
10:45:04 §f              §8(This totals 6 types of materials stashed!)
10:45:04 §f                §3§l>>> §3§lCLICK HERE§b to pick them up! §3§l<<<
10:45:04   
10:46:04 §f                 §7You have §3812 §7materials stashed away!
10:46:04 §f              §8(This totals 6 types of materials stashed!)
10:46:04 §f                §3§l>>> §3§lCLICK HERE§b to pick them up! §3§l<<<
10:46:04   
10:47:05 §f                 §7You have §3812 §7materials stashed away!
10:47:05 §f              §8(This totals 6 types of materials stashed!)
10:47:05 §f                §3§l>>> §3§lCLICK HERE§b to pick them up! §3§l<<<
10:47:05   
10:48:05 §f                 §7You have §3812 §7materials stashed away!
10:48:05 §f              §8(This totals 6 types of materials stashed!)
10:48:05 §f                §3§l>>> §3§lCLICK HERE§b to pick them up! §3§l<<<
10:48:05   
10:49:06 §f                 §7You have §3812 §7materials stashed away!
10:49:06 §f              §8(This totals 6 types of materials stashed!)
10:49:06 §f                §3§l>>> §3§lCLICK HERE§b to pick them up! §3§l<<<
10:49:06   
10:50:06 §f                 §7You have §3812 §7materials stashed away!
10:50:06 §f              §8(This totals 6 types of materials stashed!)
10:50:06 §f                §3§l>>> §3§lCLICK HERE§b to pick them up! §3§l<<<
10:50:06   
10:51:07 §f                 §7You have §3812 §7materials stashed away!
10:51:07 §f              §8(This totals 6 types of materials stashed!)
10:51:07 §f                §3§l>>> §3§lCLICK HERE§b to pick them up! §3§l<<<
10:51:07   
10:52:07 §f                 §7You have §3812 §7materials stashed away!
10:52:08 §f              §8(This totals 6 types of materials stashed!)
10:52:08 §f                §3§l>>> §3§lCLICK HERE§b to pick them up! §3§l<<<
10:52:08   
10:53:08 §f                 §7You have §3812 §7materials stashed away!
10:53:08 §f              §8(This totals 6 types of materials stashed!)
10:53:08 §f                §3§l>>> §3§lCLICK HERE§b to pick them up! §3§l<<<
10:53:08   
10:54:09 §f                 §7You have §3812 §7materials stashed away!
10:54:09 §f              §8(This totals 6 types of materials stashed!)
10:54:09 §f                §3§l>>> §3§lCLICK HERE§b to pick them up! §3§l<<<
10:54:09   
10:55:09 §f                 §7You have §3812 §7materials stashed away!
10:55:09 §f              §8(This totals 6 types of materials stashed!)
10:55:09 §f                §3§l>>> §3§lCLICK HERE§b to pick them up! §3§l<<<
10:55:09   
10:56:10 §f                 §7You have §3812 §7materials stashed away!
10:56:10 §f              §8(This totals 6 types of materials stashed!)
10:56:10 §f                §3§l>>> §3§lCLICK HERE§b to pick them up! §3§l<<<
10:56:10   
10:57:10 §f                 §7You have §3812 §7materials stashed away!
10:57:10 §f              §8(This totals 6 types of materials stashed!)
10:57:10 §f                §3§l>>> §3§lCLICK HERE§b to pick them up! §3§l<<<
10:57:10   
10:58:11 §f                 §7You have §3812 §7materials stashed away!
10:58:11 §f              §8(This totals 6 types of materials stashed!)
10:58:11 §f                §3§l>>> §3§lCLICK HERE§b to pick them up! §3§l<<<
10:58:11   
10:59:11 §f                 §7You have §3812 §7materials stashed away!
10:59:11 §f              §8(This totals 6 types of materials stashed!)
10:59:11 §f                §3§l>>> §3§lCLICK HERE§b to pick them up! §3§l<<<
10:59:11   
11:00:12 §f                 §7You have §3812 §7materials stashed away!
11:00:12 §f              §8(This totals 6 types of materials stashed!)
11:00:12 §f                §3§l>>> §3§lCLICK HERE§b to pick them up! §3§l<<<
11:00:12   
11:01:12 §f                 §7You have §3812 §7materials stashed away!
11:01:12 §f              §8(This totals 6 types of materials stashed!)
11:01:12 §f                §3§l>>> §3§lCLICK HERE§b to pick them up! §3§l<<<
11:01:12   
11:01:31 §f                 §7You have §3812 §7materials stashed away!
11:01:31 §f              §8(This totals 6 types of materials stashed!)
11:01:31 §f                §3§l>>> §3§lCLICK HERE§b to pick them up! §3§l<<<
11:01:31   
11:01:32 §f                 §7You have §3812 §7materials stashed away!
11:01:32 §f              §8(This totals 6 types of materials stashed!)
11:01:32 §f                §3§l>>> §3§lCLICK HERE§b to pick them up! §3§l<<<
11:01:32   
11:02:32 §f                 §7You have §3812 §7materials stashed away!
11:02:32 §f              §8(This totals 6 types of materials stashed!)
11:02:32 §f                §3§l>>> §3§lCLICK HERE§b to pick them up! §3§l<<<
11:02:32   
11:03:36 §f                 §7You have §3812 §7materials stashed away!
11:03:36 §f              §8(This totals 6 types of materials stashed!)
11:03:36 §f                §3§l>>> §3§lCLICK HERE§b to pick them up! §3§l<<<
11:03:36   
11:03:37 §f                 §7You have §3812 §7materials stashed away!
11:03:37 §f              §8(This totals 6 types of materials stashed!)
11:03:37 §f                §3§l>>> §3§lCLICK HERE§b to pick them up! §3§l<<<
11:03:37   
11:04:21 §f                 §7You have §3812 §7materials stashed away!
11:04:21 §f              §8(This totals 6 types of materials stashed!)
11:04:21 §f                §3§l>>> §3§lCLICK HERE§b to pick them up! §3§l<<<
11:04:21   
11:04:22 §f                 §7You have §3812 §7materials stashed away!
11:04:22 §f              §8(This totals 6 types of materials stashed!)
11:04:22 §f                §3§l>>> §3§lCLICK HERE§b to pick them up! §3§l<<<
11:04:22   
11:05:22 §f                 §7You have §3812 §7materials stashed away!
11:05:22 §f              §8(This totals 6 types of materials stashed!)
11:05:22 §f                §3§l>>> §3§lCLICK HERE§b to pick them up! §3§l<<<
11:05:22   
11:06:22 §f                 §7You have §3812 §7materials stashed away!
11:06:22 §f              §8(This totals 6 types of materials stashed!)
11:06:22 §f                §3§l>>> §3§lCLICK HERE§b to pick them up! §3§l<<<
11:06:22   
11:07:22 §f                 §7You have §3812 §7materials stashed away!
11:07:22 §f              §8(This totals 6 types of materials stashed!)
11:07:22 §f                §3§l>>> §3§lCLICK HERE§b to pick them up! §3§l<<<
11:07:22   
11:08:22 §f                 §7You have §3812 §7materials stashed away!
11:08:22 §f              §8(This totals 6 types of materials stashed!)
11:08:22 §f                §3§l>>> §3§lCLICK HERE§b to pick them up! §3§l<<<
11:08:22   
11:09:22 §f                 §7You have §3812 §7materials stashed away!
11:09:22 §f              §8(This totals 6 types of materials stashed!)
11:09:22 §f                §3§l>>> §3§lCLICK HERE§b to pick them up! §3§l<<<
11:09:22   
11:10:23 §f                 §7You have §3812 §7materials stashed away!
11:10:23 §f              §8(This totals 6 types of materials stashed!)
11:10:23 §f                §3§l>>> §3§lCLICK HERE§b to pick them up! §3§l<<<
11:10:23   
11:11:23 §f                 §7You have §3812 §7materials stashed away!
11:11:23 §f              §8(This totals 6 types of materials stashed!)
11:11:23 §f                §3§l>>> §3§lCLICK HERE§b to pick them up! §3§l<<<
11:11:23   
11:12:23 §f                 §7You have §3812 §7materials stashed away!
11:12:23 §f              §8(This totals 6 types of materials stashed!)
11:12:23 §f                §3§l>>> §3§lCLICK HERE§b to pick them up! §3§l<<<
11:12:23   
11:13:23 §f                 §7You have §3812 §7materials stashed away!
11:13:23 §f              §8(This totals 6 types of materials stashed!)
11:13:23 §f                §3§l>>> §3§lCLICK HERE§b to pick them up! §3§l<<<
11:13:23   
11:14:23 §f                 §7You have §3812 §7materials stashed away!
11:14:23 §f              §8(This totals 6 types of materials stashed!)
11:14:23 §f                §3§l>>> §3§lCLICK HERE§b to pick them up! §3§l<<<
11:14:23   
11:15:24 §f                 §7You have §3812 §7materials stashed away!
11:15:24 §f              §8(This totals 6 types of materials stashed!)
11:15:24 §f                §3§l>>> §3§lCLICK HERE§b to pick them up! §3§l<<<
11:15:24   
11:16:24 §f                 §7You have §3812 §7materials stashed away!
11:16:24 §f              §8(This totals 6 types of materials stashed!)
11:16:24 §f                §3§l>>> §3§lCLICK HERE§b to pick them up! §3§l<<<
11:16:24   
11:16:31 §f                 §7You have §3812 §7materials stashed away!
11:16:31 §f              §8(This totals 6 types of materials stashed!)
11:16:31 §f                §3§l>>> §3§lCLICK HERE§b to pick them up! §3§l<<<
11:16:31   
11:17:22 §f                 §7You have §3812 §7materials stashed away!
11:17:22 §f              §8(This totals 6 types of materials stashed!)
11:17:22 §f                §3§l>>> §3§lCLICK HERE§b to pick them up! §3§l<<<
11:17:22   
11:18:23 §f                 §7You have §3812 §7materials stashed away!
11:18:23 §f              §8(This totals 6 types of materials stashed!)
11:18:23 §f                §3§l>>> §3§lCLICK HERE§b to pick them up! §3§l<<<
11:18:23   
11:19:24 §f                 §7You have §3812 §7materials stashed away!
11:19:24 §f              §8(This totals 6 types of materials stashed!)
11:19:24 §f                §3§l>>> §3§lCLICK HERE§b to pick them up! §3§l<<<
11:19:24   
11:20:25 §f                 §7You have §3812 §7materials stashed away!
11:20:25 §f              §8(This totals 6 types of materials stashed!)
11:20:25 §f                §3§l>>> §3§lCLICK HERE§b to pick them up! §3§l<<<
11:20:25   
11:21:26 §f                 §7You have §3812 §7materials stashed away!
11:21:26 §f              §8(This totals 6 types of materials stashed!)
11:21:26 §f                §3§l>>> §3§lCLICK HERE§b to pick them up! §3§l<<<
11:21:26   
11:22:26 §f                 §7You have §3812 §7materials stashed away!
11:22:26 §f              §8(This totals 6 types of materials stashed!)
11:22:26 §f                §3§l>>> §3§lCLICK HERE§b to pick them up! §3§l<<<
11:22:26   
11:22:46 §f                 §7You have §3812 §7materials stashed away!
11:22:46 §f              §8(This totals 6 types of materials stashed!)
11:22:46 §f                §3§l>>> §3§lCLICK HERE§b to pick them up! §3§l<<<
11:22:46   
11:22:47 §f                 §7You have §3812 §7materials stashed away!
11:22:47 §f              §8(This totals 6 types of materials stashed!)
11:22:47 §f                §3§l>>> §3§lCLICK HERE§b to pick them up! §3§l<<<
11:22:47   
11:23:47 §f                 §7You have §3812 §7materials stashed away!
11:23:47 §f              §8(This totals 6 types of materials stashed!)
11:23:47 §f                §3§l>>> §3§lCLICK HERE§b to pick them up! §3§l<<<
11:23:47   
11:24:38 §f                 §7You have §3812 §7materials stashed away!
11:24:38 §f              §8(This totals 6 types of materials stashed!)
11:24:38 §f                §3§l>>> §3§lCLICK HERE§b to pick them up! §3§l<<<
11:24:38   
11:24:39 §f                 §7You have §3812 §7materials stashed away!
11:24:39 §f              §8(This totals 6 types of materials stashed!)
11:24:39 §f                §3§l>>> §3§lCLICK HERE§b to pick them up! §3§l<<<
11:24:39   
11:25:40 §f                 §7You have §3812 §7materials stashed away!
11:25:40 §f              §8(This totals 6 types of materials stashed!)
11:25:40 §f                §3§l>>> §3§lCLICK HERE§b to pick them up! §3§l<<<
11:25:40   
11:26:40 §f                 §7You have §3812 §7materials stashed away!
11:26:40 §f              §8(This totals 6 types of materials stashed!)
11:26:40 §f                §3§l>>> §3§lCLICK HERE§b to pick them up! §3§l<<<
11:26:40   
11:27:40 §f                 §7You have §3812 §7materials stashed away!
11:27:40 §f              §8(This totals 6 types of materials stashed!)
11:27:40 §f                §3§l>>> §3§lCLICK HERE§b to pick them up! §3§l<<<
11:27:40   
11:28:41 §f                 §7You have §3812 §7materials stashed away!
11:28:41 §f              §8(This totals 6 types of materials stashed!)
11:28:41 §f                §3§l>>> §3§lCLICK HERE§b to pick them up! §3§l<<<
11:28:41   
11:29:41 §f                 §7You have §3812 §7materials stashed away!
11:29:41 §f              §8(This totals 6 types of materials stashed!)
11:29:41 §f                §3§l>>> §3§lCLICK HERE§b to pick them up! §3§l<<<
11:29:41   
11:30:41 §f                 §7You have §3812 §7materials stashed away!
11:30:41 §f              §8(This totals 6 types of materials stashed!)
11:30:41 §f                §3§l>>> §3§lCLICK HERE§b to pick them up! §3§l<<<
11:30:41   
11:31:41 §f                 §7You have §3812 §7materials stashed away!
11:31:41 §f              §8(This totals 6 types of materials stashed!)
11:31:41 §f                §3§l>>> §3§lCLICK HERE§b to pick them up! §3§l<<<
11:31:41   
11:31:55 §f                 §7You have §3812 §7materials stashed away!
11:31:55 §f              §8(This totals 6 types of materials stashed!)
11:31:55 §f                §3§l>>> §3§lCLICK HERE§b to pick them up! §3§l<<<
11:31:55   
11:31:56 §f                 §7You have §3812 §7materials stashed away!
11:31:56 §f              §8(This totals 6 types of materials stashed!)
11:31:56 §f                §3§l>>> §3§lCLICK HERE§b to pick them up! §3§l<<<
11:31:56   
11:32:56 §f                 §7You have §3812 §7materials stashed away!
11:32:56 §f              §8(This totals 6 types of materials stashed!)
11:32:56 §f                §3§l>>> §3§lCLICK HERE§b to pick them up! §3§l<<<
11:32:56   
11:33:44 §f                 §7You have §3812 §7materials stashed away!
11:33:44 §f              §8(This totals 6 types of materials stashed!)
11:33:44 §f                §3§l>>> §3§lCLICK HERE§b to pick them up! §3§l<<<
11:33:44   
11:34:24 §f                 §7You have §3812 §7materials stashed away!
11:34:24 §f              §8(This totals 6 types of materials stashed!)
11:34:24 §f                §3§l>>> §3§lCLICK HERE§b to pick them up! §3§l<<<
11:34:24   
11:35:25 §f                 §7You have §3812 §7materials stashed away!
11:35:25 §f              §8(This totals 6 types of materials stashed!)
11:35:25 §f                §3§l>>> §3§lCLICK HERE§b to pick them up! §3§l<<<
11:35:25   
11:35:36 §f                 §7You have §3812 §7materials stashed away!
11:35:36 §f              §8(This totals 6 types of materials stashed!)
11:35:36 §f                §3§l>>> §3§lCLICK HERE§b to pick them up! §3§l<<<
11:35:36   
11:35:36 §f                 §7You have §3812 §7materials stashed away!
11:35:36 §f              §8(This totals 6 types of materials stashed!)
11:35:36 §f                §3§l>>> §3§lCLICK HERE§b to pick them up! §3§l<<<
11:35:36   
11:36:36 §f                 §7You have §3812 §7materials stashed away!
11:36:36 §f              §8(This totals 6 types of materials stashed!)
11:36:36 §f                §3§l>>> §3§lCLICK HERE§b to pick them up! §3§l<<<
11:36:36   
11:37:37 §f                 §7You have §3812 §7materials stashed away!
11:37:37 §f              §8(This totals 6 types of materials stashed!)
11:37:37 §f                §3§l>>> §3§lCLICK HERE§b to pick them up! §3§l<<<
11:37:37   
11:38:37 §f                 §7You have §3812 §7materials stashed away!
11:38:37 §f              §8(This totals 6 types of materials stashed!)
11:38:37 §f                §3§l>>> §3§lCLICK HERE§b to pick them up! §3§l<<<
11:38:37   
11:39:37 §f                 §7You have §3812 §7materials stashed away!
11:39:37 §f              §8(This totals 6 types of materials stashed!)
11:39:37 §f                §3§l>>> §3§lCLICK HERE§b to pick them up! §3§l<<<
11:39:37   
11:40:37 §f                 §7You have §3812 §7materials stashed away!
11:40:37 §f              §8(This totals 6 types of materials stashed!)
11:40:37 §f                §3§l>>> §3§lCLICK HERE§b to pick them up! §3§l<<<
11:40:37   
11:41:37 §f                 §7You have §3812 §7materials stashed away!
11:41:37 §f              §8(This totals 6 types of materials stashed!)
11:41:37 §f                §3§l>>> §3§lCLICK HERE§b to pick them up! §3§l<<<
11:41:37   
11:42:37 §f                 §7You have §3812 §7materials stashed away!
11:42:37 §f              §8(This totals 6 types of materials stashed!)
11:42:37 §f                §3§l>>> §3§lCLICK HERE§b to pick them up! §3§l<<<
11:42:37   
11:43:37 §f                 §7You have §3812 §7materials stashed away!
11:43:37 §f              §8(This totals 6 types of materials stashed!)
11:43:37 §f                §3§l>>> §3§lCLICK HERE§b to pick them up! §3§l<<<
11:43:37   
11:44:37 §f                 §7You have §3812 §7materials stashed away!
11:44:37 §f              §8(This totals 6 types of materials stashed!)
11:44:37 §f                §3§l>>> §3§lCLICK HERE§b to pick them up! §3§l<<<
11:44:37   
11:45:37 §f                 §7You have §3812 §7materials stashed away!
11:45:37 §f              §8(This totals 6 types of materials stashed!)
11:45:37 §f                §3§l>>> §3§lCLICK HERE§b to pick them up! §3§l<<<
11:45:37   
11:46:37 §f                 §7You have §3812 §7materials stashed away!
11:46:37 §f              §8(This totals 6 types of materials stashed!)
11:46:37 §f                §3§l>>> §3§lCLICK HERE§b to pick them up! §3§l<<<
11:46:37   
11:47:37 §f                 §7You have §3812 §7materials stashed away!
11:47:37 §f              §8(This totals 6 types of materials stashed!)
11:47:37 §f                §3§l>>> §3§lCLICK HERE§b to pick them up! §3§l<<<
11:47:37   
11:48:09 §f                 §7You have §3812 §7materials stashed away!
11:48:09 §f              §8(This totals 6 types of materials stashed!)
11:48:09 §f                §3§l>>> §3§lCLICK HERE§b to pick them up! §3§l<<<
11:48:09   
11:48:29 §f                 §7You have §3812 §7materials stashed away!
11:48:29 §f              §8(This totals 6 types of materials stashed!)
11:48:29 §f                §3§l>>> §3§lCLICK HERE§b to pick them up! §3§l<<<
11:48:29   
11:48:30 §f                 §7You have §3812 §7materials stashed away!
11:48:30 §f              §8(This totals 6 types of materials stashed!)
11:48:30 §f                §3§l>>> §3§lCLICK HERE§b to pick them up! §3§l<<<
11:48:30   
11:49:30 §f                 §7You have §3812 §7materials stashed away!
11:49:30 §f              §8(This totals 6 types of materials stashed!)
11:49:30 §f                §3§l>>> §3§lCLICK HERE§b to pick them up! §3§l<<<
11:49:30   
11:50:30 §f                 §7You have §3812 §7materials stashed away!
11:50:30 §f              §8(This totals 6 types of materials stashed!)
11:50:30 §f                §3§l>>> §3§lCLICK HERE§b to pick them up! §3§l<<<
11:50:30   
11:51:30 §f                 §7You have §3812 §7materials stashed away!
11:51:30 §f              §8(This totals 6 types of materials stashed!)
11:51:30 §f                §3§l>>> §3§lCLICK HERE§b to pick them up! §3§l<<<
11:51:30   
11:52:30 §f                 §7You have §3812 §7materials stashed away!
11:52:30 §f              §8(This totals 6 types of materials stashed!)
11:52:30 §f                §3§l>>> §3§lCLICK HERE§b to pick them up! §3§l<<<
11:52:30   
11:53:30 §f                 §7You have §3812 §7materials stashed away!
11:53:30 §f              §8(This totals 6 types of materials stashed!)
11:53:30 §f                §3§l>>> §3§lCLICK HERE§b to pick them up! §3§l<<<
11:53:30   
11:54:31 §f                 §7You have §3812 §7materials stashed away!
11:54:31 §f              §8(This totals 6 types of materials stashed!)
11:54:31 §f                §3§l>>> §3§lCLICK HERE§b to pick them up! §3§l<<<
11:54:31   
11:55:31 §f                 §7You have §3812 §7materials stashed away!
11:55:31 §f              §8(This totals 6 types of materials stashed!)
11:55:31 §f                §3§l>>> §3§lCLICK HERE§b to pick them up! §3§l<<<
11:55:31   
11:56:31 §f                 §7You have §3812 §7materials stashed away!
11:56:31 §f              §8(This totals 6 types of materials stashed!)
11:56:31 §f                §3§l>>> §3§lCLICK HERE§b to pick them up! §3§l<<<
11:56:31   
11:57:31 §f                 §7You have §3812 §7materials stashed away!
11:57:31 §f              §8(This totals 6 types of materials stashed!)
11:57:31 §f                §3§l>>> §3§lCLICK HERE§b to pick them up! §3§l<<<
11:57:31   
11:58:31 §f                 §7You have §3812 §7materials stashed away!
11:58:31 §f              §8(This totals 6 types of materials stashed!)
11:58:31 §f                §3§l>>> §3§lCLICK HERE§b to pick them up! §3§l<<<
11:58:31   
11:59:31 §f                 §7You have §3812 §7materials stashed away!
11:59:31 §f              §8(This totals 6 types of materials stashed!)
11:59:31 §f                §3§l>>> §3§lCLICK HERE§b to pick them up! §3§l<<<
11:59:31   
12:00:31 §f                 §7You have §3812 §7materials stashed away!
12:00:31 §f              §8(This totals 6 types of materials stashed!)
12:00:31 §f                §3§l>>> §3§lCLICK HERE§b to pick them up! §3§l<<<
12:00:31   
12:01:31 §f                 §7You have §3812 §7materials stashed away!
12:01:31 §f              §8(This totals 6 types of materials stashed!)
12:01:31 §f                §3§l>>> §3§lCLICK HERE§b to pick them up! §3§l<<<
12:01:31   
12:02:31 §f                 §7You have §3812 §7materials stashed away!
12:02:31 §f              §8(This totals 6 types of materials stashed!)
12:02:31 §f                §3§l>>> §3§lCLICK HERE§b to pick them up! §3§l<<<
12:02:31   
12:03:32 §f                 §7You have §3812 §7materials stashed away!
12:03:32 §f              §8(This totals 6 types of materials stashed!)
12:03:32 §f                §3§l>>> §3§lCLICK HERE§b to pick them up! §3§l<<<
12:03:32   
12:04:32 §f                 §7You have §3812 §7materials stashed away!
12:04:32 §f              §8(This totals 6 types of materials stashed!)
12:04:32 §f                §3§l>>> §3§lCLICK HERE§b to pick them up! §3§l<<<
12:04:32   
12:05:32 §f                 §7You have §3812 §7materials stashed away!
12:05:32 §f              §8(This totals 6 types of materials stashed!)
12:05:32 §f                §3§l>>> §3§lCLICK HERE§b to pick them up! §3§l<<<
12:05:32   
12:06:32 §f                 §7You have §3812 §7materials stashed away!
12:06:32 §f              §8(This totals 6 types of materials stashed!)
12:06:32 §f                §3§l>>> §3§lCLICK HERE§b to pick them up! §3§l<<<
12:06:32   
12:07:32 §f                 §7You have §3812 §7materials stashed away!
12:07:32 §f              §8(This totals 6 types of materials stashed!)
12:07:32 §f                §3§l>>> §3§lCLICK HERE§b to pick them up! §3§l<<<
12:07:32   
12:08:33 §f                 §7You have §3812 §7materials stashed away!
12:08:33 §f              §8(This totals 6 types of materials stashed!)
12:08:33 §f                §3§l>>> §3§lCLICK HERE§b to pick them up! §3§l<<<
12:08:33   
