18:42:41 Trying to load config from config\skyhanni\config.json
18:42:41 load-config-now
18:42:42 Loaded config from file
18:42:42 Trying to load sacks from config\skyhanni\sacks.json
18:42:42 load-sacks-now
18:42:42 Loaded sacks from file
18:42:42 Trying to load friends from config\skyhanni\friends.json
18:42:42 load-friends-now
18:42:42 Loaded friends from file
18:42:42 Trying to load known_features from config\skyhanni\known_features.json
18:42:42 load-known_features-now
18:42:42 Loaded known_features from file
18:42:42 Trying to load jacob_contests from config\skyhanni\jacob_contests.json
18:42:42 load-jacob_contests-now
18:42:42 Loaded jacob_contests from file
18:42:42 Trying to load visual_words from config\skyhanni\visual_words.json
18:42:42 Setting visual_words to be blank as it did not exist. It will be saved once something is written to it
18:43:42 saveConfig: auto-save-60s
18:43:42 Saving config file
18:43:42 Saved config file successfully
18:43:42 saveConfig: auto-save-60s
18:43:42 Saving config file
18:43:42 Saved config file successfully
18:44:42 saveConfig: auto-save-60s
18:44:42 Saving config file
18:44:42 Saved config file successfully
18:44:42 saveConfig: auto-save-60s
18:44:42 Saving config file
18:44:42 Saved config file successfully
18:45:42 saveConfig: auto-save-60s
18:45:42 Saving config file
18:45:42 Saved config file successfully
18:45:42 saveConfig: auto-save-60s
18:45:42 Saving config file
18:45:42 Saved config file successfully
18:46:21 saveConfig: Updated known feature flags
18:46:21 Saving known_features file
18:46:21 Saved known_features file successfully
18:46:21 saveConfig: Updated known feature flags
18:46:21 Saving known_features file
18:46:21 Saved known_features file successfully
18:46:42 saveConfig: auto-save-60s
18:46:42 Saving config file
18:46:42 Saved config file successfully
18:46:42 saveConfig: auto-save-60s
18:46:42 Saving config file
18:46:42 Saved config file successfully
18:47:42 saveConfig: auto-save-60s
18:47:42 Saving config file
18:47:42 Saved config file successfully
18:47:42 saveConfig: auto-save-60s
18:47:42 Saving config file
18:47:42 Saved config file successfully
18:48:42 saveConfig: auto-save-60s
18:48:42 Saving config file
18:48:42 Saved config file successfully
18:48:42 saveConfig: auto-save-60s
18:48:42 Saving config file
18:48:42 Saved config file successfully
18:49:42 saveConfig: auto-save-60s
18:49:42 Saving config file
18:49:42 Saved config file successfully
18:49:42 saveConfig: auto-save-60s
18:49:42 Saving config file
18:49:42 Saved config file successfully
18:50:42 saveConfig: auto-save-60s
18:50:42 Saving config file
18:50:42 Saved config file successfully
18:50:42 saveConfig: auto-save-60s
18:50:42 Saving config file
18:50:42 Saved config file successfully
18:51:42 saveConfig: auto-save-60s
18:51:42 Saving config file
18:51:42 Saved config file successfully
18:51:42 saveConfig: auto-save-60s
18:51:42 Saving config file
18:51:42 Saved config file successfully
18:52:22 saveConfig: saving-data
18:52:22 Saving sacks file
18:52:22 Saved sacks file successfully
18:52:22 saveConfig: saving-data
18:52:22 Saving sacks file
18:52:22 Saved sacks file successfully
18:52:42 saveConfig: auto-save-60s
18:52:42 Saving config file
18:52:42 Saved config file successfully
18:52:42 saveConfig: auto-save-60s
18:52:42 Saving config file
18:52:42 Saved config file successfully
18:52:54 saveConfig: saving-data
18:52:54 Saving sacks file
18:52:54 Saved sacks file successfully
18:52:54 saveConfig: saving-data
18:52:54 Saving sacks file
18:52:54 Saved sacks file successfully
18:53:19 saveConfig: saving-data
18:53:19 Saving sacks file
18:53:19 Saved sacks file successfully
18:53:19 saveConfig: saving-data
18:53:19 Saving sacks file
18:53:19 Saved sacks file successfully
18:53:34 saveConfig: saving-data
18:53:34 Saving sacks file
18:53:34 Saved sacks file successfully
18:53:34 saveConfig: saving-data
18:53:34 Saving sacks file
18:53:34 Saved sacks file successfully
18:53:40 saveConfig: saving-data
18:53:40 Saving sacks file
18:53:40 Saved sacks file successfully
18:53:40 saveConfig: saving-data
18:53:40 Saving sacks file
18:53:40 Saved sacks file successfully
18:53:42 saveConfig: auto-save-60s
18:53:42 Saving config file
18:53:42 Saved config file successfully
18:53:42 saveConfig: auto-save-60s
18:53:42 Saving config file
18:53:42 Saved config file successfully
18:53:52 saveConfig: saving-data
18:53:52 Saving sacks file
18:53:52 Saved sacks file successfully
18:53:52 saveConfig: saving-data
18:53:52 Saving sacks file
18:53:52 Saved sacks file successfully
18:54:04 saveConfig: saving-data
18:54:04 Saving sacks file
18:54:04 Saved sacks file successfully
18:54:04 saveConfig: saving-data
18:54:04 Saving sacks file
18:54:04 Saved sacks file successfully
18:54:29 saveConfig: saving-data
18:54:29 Saving sacks file
18:54:29 Saved sacks file successfully
18:54:29 saveConfig: saving-data
18:54:29 Saving sacks file
18:54:29 Saved sacks file successfully
18:54:42 saveConfig: auto-save-60s
18:54:42 Saving config file
18:54:42 Saved config file successfully
18:54:42 saveConfig: auto-save-60s
18:54:42 Saving config file
18:54:42 Saved config file successfully
18:54:56 saveConfig: saving-data
18:54:56 Saving sacks file
18:54:56 Saved sacks file successfully
18:54:56 saveConfig: saving-data
18:54:56 Saving sacks file
18:54:56 Saved sacks file successfully
18:55:30 saveConfig: saving-data
18:55:30 Saving sacks file
18:55:30 Saved sacks file successfully
18:55:30 saveConfig: saving-data
18:55:30 Saving sacks file
18:55:30 Saved sacks file successfully
18:55:42 saveConfig: auto-save-60s
18:55:42 Saving config file
18:55:42 Saved config file successfully
18:55:42 saveConfig: auto-save-60s
18:55:42 Saving config file
18:55:42 Saved config file successfully
18:55:51 saveConfig: saving-data
18:55:51 Saving sacks file
18:55:51 Saved sacks file successfully
18:55:51 saveConfig: saving-data
18:55:51 Saving sacks file
18:55:51 Saved sacks file successfully
18:56:05 saveConfig: saving-data
18:56:05 Saving sacks file
18:56:05 Saved sacks file successfully
18:56:05 saveConfig: saving-data
18:56:05 Saving sacks file
18:56:05 Saved sacks file successfully
18:56:16 saveConfig: saving-data
18:56:16 Saving sacks file
18:56:16 Saved sacks file successfully
18:56:16 saveConfig: saving-data
18:56:16 Saving sacks file
18:56:16 Saved sacks file successfully
18:56:35 saveConfig: saving-data
18:56:35 Saving sacks file
18:56:35 Saved sacks file successfully
18:56:35 saveConfig: saving-data
18:56:35 Saving sacks file
18:56:35 Saved sacks file successfully
18:56:42 saveConfig: auto-save-60s
18:56:42 Saving config file
18:56:42 Saved config file successfully
18:56:42 saveConfig: auto-save-60s
18:56:42 Saving config file
18:56:42 Saved config file successfully
18:56:50 saveConfig: saving-data
18:56:50 Saving sacks file
18:56:50 Saved sacks file successfully
18:56:50 saveConfig: saving-data
18:56:50 Saving sacks file
18:56:50 Saved sacks file successfully
18:56:59 saveConfig: saving-data
18:56:59 Saving sacks file
18:56:59 Saved sacks file successfully
18:56:59 saveConfig: saving-data
18:56:59 Saving sacks file
18:56:59 Saved sacks file successfully
18:57:14 saveConfig: saving-data
18:57:14 Saving sacks file
18:57:14 Saved sacks file successfully
18:57:14 saveConfig: saving-data
18:57:14 Saving sacks file
18:57:14 Saved sacks file successfully
18:57:21 saveConfig: saving-data
18:57:21 Saving sacks file
18:57:21 Saved sacks file successfully
18:57:21 saveConfig: saving-data
18:57:21 Saving sacks file
18:57:21 Saved sacks file successfully
18:57:42 saveConfig: auto-save-60s
18:57:42 Saving config file
18:57:42 Saved config file successfully
18:57:42 saveConfig: auto-save-60s
18:57:42 Saving config file
18:57:42 Saved config file successfully
18:57:56 saveConfig: saving-data
18:57:56 Saving sacks file
18:57:56 Saved sacks file successfully
18:57:56 saveConfig: saving-data
18:57:56 Saving sacks file
18:57:56 Saved sacks file successfully
18:58:24 saveConfig: saving-data
18:58:24 Saving sacks file
18:58:24 Saved sacks file successfully
18:58:24 saveConfig: saving-data
18:58:24 Saving sacks file
18:58:24 Saved sacks file successfully
18:58:39 saveConfig: saving-data
18:58:39 Saving sacks file
18:58:39 Saved sacks file successfully
18:58:39 saveConfig: saving-data
18:58:39 Saving sacks file
18:58:39 Saved sacks file successfully
18:58:42 saveConfig: auto-save-60s
18:58:42 Saving config file
18:58:42 Saved config file successfully
18:58:42 saveConfig: auto-save-60s
18:58:42 Saving config file
18:58:42 Saved config file successfully
18:58:54 saveConfig: saving-data
18:58:54 Saving sacks file
18:58:54 Saved sacks file successfully
18:58:54 saveConfig: saving-data
18:58:54 Saving sacks file
18:58:54 Saved sacks file successfully
18:59:05 saveConfig: saving-data
18:59:05 Saving sacks file
18:59:05 Saved sacks file successfully
18:59:05 saveConfig: saving-data
18:59:05 Saving sacks file
18:59:05 Saved sacks file successfully
18:59:23 saveConfig: saving-data
18:59:23 Saving sacks file
18:59:23 Saved sacks file successfully
18:59:23 saveConfig: saving-data
18:59:23 Saving sacks file
18:59:23 Saved sacks file successfully
18:59:33 saveConfig: saving-data
18:59:33 Saving sacks file
18:59:33 Saved sacks file successfully
18:59:33 saveConfig: saving-data
18:59:33 Saving sacks file
18:59:33 Saved sacks file successfully
18:59:42 saveConfig: auto-save-60s
18:59:42 Saving config file
18:59:42 Saved config file successfully
18:59:42 saveConfig: auto-save-60s
18:59:42 Saving config file
18:59:42 Saved config file successfully
18:59:55 saveConfig: saving-data
18:59:55 Saving sacks file
18:59:55 Saved sacks file successfully
18:59:55 saveConfig: saving-data
18:59:55 Saving sacks file
18:59:55 Saved sacks file successfully
19:00:25 saveConfig: saving-data
19:00:25 Saving sacks file
19:00:25 Saved sacks file successfully
19:00:25 saveConfig: saving-data
19:00:25 Saving sacks file
19:00:25 Saved sacks file successfully
19:00:32 saveConfig: saving-data
19:00:32 Saving sacks file
19:00:32 Saved sacks file successfully
19:00:32 saveConfig: saving-data
19:00:32 Saving sacks file
19:00:32 Saved sacks file successfully
19:00:42 saveConfig: auto-save-60s
19:00:42 Saving config file
19:00:42 Saved config file successfully
19:00:42 saveConfig: auto-save-60s
19:00:42 Saving config file
19:00:42 Saved config file successfully
19:00:43 saveConfig: saving-data
19:00:43 Saving sacks file
19:00:43 Saved sacks file successfully
19:00:43 saveConfig: saving-data
19:00:43 Saving sacks file
19:00:43 Saved sacks file successfully
19:01:03 saveConfig: saving-data
19:01:03 Saving sacks file
19:01:03 Saved sacks file successfully
19:01:03 saveConfig: saving-data
19:01:03 Saving sacks file
19:01:03 Saved sacks file successfully
19:01:23 saveConfig: saving-data
19:01:23 Saving sacks file
19:01:23 Saved sacks file successfully
19:01:23 saveConfig: saving-data
19:01:23 Saving sacks file
19:01:23 Saved sacks file successfully
19:01:40 saveConfig: saving-data
19:01:40 Saving sacks file
19:01:40 Saved sacks file successfully
19:01:40 saveConfig: saving-data
19:01:40 Saving sacks file
19:01:40 Saved sacks file successfully
19:01:42 saveConfig: auto-save-60s
19:01:42 Saving config file
19:01:42 Saved config file successfully
19:01:42 saveConfig: auto-save-60s
19:01:42 Saving config file
19:01:42 Saved config file successfully
19:01:46 saveConfig: saving-data
19:01:46 Saving sacks file
19:01:46 Saved sacks file successfully
19:01:46 saveConfig: saving-data
19:01:46 Saving sacks file
19:01:46 Saved sacks file successfully
19:01:52 saveConfig: saving-data
19:01:52 Saving sacks file
19:01:52 Saved sacks file successfully
19:01:52 saveConfig: saving-data
19:01:52 Saving sacks file
19:01:52 Saved sacks file successfully
19:02:01 saveConfig: saving-data
19:02:01 Saving sacks file
19:02:01 Saved sacks file successfully
19:02:01 saveConfig: saving-data
19:02:01 Saving sacks file
19:02:01 Saved sacks file successfully
19:02:31 saveConfig: saving-data
19:02:31 Saving sacks file
19:02:31 Saved sacks file successfully
19:02:31 saveConfig: saving-data
19:02:31 Saving sacks file
19:02:31 Saved sacks file successfully
19:02:42 saveConfig: auto-save-60s
19:02:42 Saving config file
19:02:42 Saved config file successfully
19:02:42 saveConfig: auto-save-60s
19:02:42 Saving config file
19:02:42 Saved config file successfully
19:02:55 saveConfig: saving-data
19:02:55 Saving sacks file
19:02:55 Saved sacks file successfully
19:02:55 saveConfig: saving-data
19:02:55 Saving sacks file
19:02:55 Saved sacks file successfully
19:03:19 saveConfig: saving-data
19:03:19 Saving sacks file
19:03:19 Saved sacks file successfully
19:03:19 saveConfig: saving-data
19:03:19 Saving sacks file
19:03:19 Saved sacks file successfully
19:03:42 saveConfig: auto-save-60s
19:03:42 Saving config file
19:03:42 Saved config file successfully
19:03:42 saveConfig: auto-save-60s
19:03:42 Saving config file
19:03:42 Saved config file successfully
19:03:47 saveConfig: saving-data
19:03:47 Saving sacks file
19:03:47 Saved sacks file successfully
19:03:47 saveConfig: saving-data
19:03:47 Saving sacks file
19:03:47 Saved sacks file successfully
19:03:56 saveConfig: saving-data
19:03:56 Saving sacks file
19:03:56 Saved sacks file successfully
19:03:56 saveConfig: saving-data
19:03:56 Saving sacks file
19:03:56 Saved sacks file successfully
19:04:09 saveConfig: saving-data
19:04:09 Saving sacks file
19:04:09 Saved sacks file successfully
19:04:09 saveConfig: saving-data
19:04:09 Saving sacks file
19:04:09 Saved sacks file successfully
19:04:18 saveConfig: saving-data
19:04:18 Saving sacks file
19:04:18 Saved sacks file successfully
19:04:18 saveConfig: saving-data
19:04:18 Saving sacks file
19:04:18 Saved sacks file successfully
19:04:42 saveConfig: auto-save-60s
19:04:42 Saving config file
19:04:42 saveConfig: saving-data
19:04:42 Saving sacks file
19:04:42 Saved sacks file successfully
19:04:42 saveConfig: saving-data
19:04:42 Saving sacks file
19:04:42 Saved config file successfully
19:04:42 saveConfig: auto-save-60s
19:04:42 Saving config file
19:04:42 Saved sacks file successfully
19:04:42 Saved config file successfully
19:05:01 saveConfig: saving-data
19:05:01 Saving sacks file
19:05:01 Saved sacks file successfully
19:05:01 saveConfig: saving-data
19:05:01 Saving sacks file
19:05:01 Saved sacks file successfully
19:05:21 saveConfig: saving-data
19:05:21 Saving sacks file
19:05:21 Saved sacks file successfully
19:05:21 saveConfig: saving-data
19:05:21 Saving sacks file
19:05:21 Saved sacks file successfully
19:05:42 saveConfig: auto-save-60s
19:05:42 Saving config file
19:05:42 Saved config file successfully
19:05:42 saveConfig: auto-save-60s
19:05:42 Saving config file
19:05:42 Saved config file successfully
19:05:43 saveConfig: saving-data
19:05:43 Saving sacks file
19:05:43 Saved sacks file successfully
19:05:43 saveConfig: saving-data
19:05:43 Saving sacks file
19:05:43 Saved sacks file successfully
19:06:08 saveConfig: saving-data
19:06:08 Saving sacks file
19:06:08 Saved sacks file successfully
19:06:08 saveConfig: saving-data
19:06:08 Saving sacks file
19:06:08 Saved sacks file successfully
19:06:42 saveConfig: auto-save-60s
19:06:42 Saving config file
19:06:42 Saved config file successfully
19:06:42 saveConfig: auto-save-60s
19:06:42 Saving config file
19:06:42 Saved config file successfully
19:07:06 saveConfig: saving-data
19:07:06 Saving sacks file
19:07:06 Saved sacks file successfully
19:07:06 saveConfig: saving-data
19:07:06 Saving sacks file
19:07:06 Saved sacks file successfully
19:07:22 saveConfig: saving-data
19:07:22 Saving sacks file
19:07:22 Saved sacks file successfully
19:07:22 saveConfig: saving-data
19:07:22 Saving sacks file
19:07:22 Saved sacks file successfully
19:07:28 saveConfig: saving-data
19:07:28 Saving sacks file
19:07:28 Saved sacks file successfully
19:07:28 saveConfig: saving-data
19:07:28 Saving sacks file
19:07:28 Saved sacks file successfully
19:07:42 saveConfig: auto-save-60s
19:07:42 Saving config file
19:07:42 Saved config file successfully
19:07:42 saveConfig: auto-save-60s
19:07:42 Saving config file
19:07:42 Saved config file successfully
19:08:07 saveConfig: saving-data
19:08:07 Saving sacks file
19:08:07 Saved sacks file successfully
19:08:07 saveConfig: saving-data
19:08:07 Saving sacks file
19:08:07 Saved sacks file successfully
19:08:40 saveConfig: saving-data
19:08:40 Saving sacks file
19:08:40 Saved sacks file successfully
19:08:40 saveConfig: saving-data
19:08:40 Saving sacks file
19:08:40 Saved sacks file successfully
19:08:42 saveConfig: auto-save-60s
19:08:42 Saving config file
19:08:42 Saved config file successfully
19:08:42 saveConfig: auto-save-60s
19:08:42 Saving config file
19:08:42 Saved config file successfully
19:08:48 saveConfig: saving-data
19:08:48 Saving sacks file
19:08:48 Saved sacks file successfully
19:08:48 saveConfig: saving-data
19:08:48 Saving sacks file
19:08:48 Saved sacks file successfully
19:09:04 saveConfig: saving-data
19:09:04 Saving sacks file
19:09:04 Saved sacks file successfully
19:09:04 saveConfig: saving-data
19:09:04 Saving sacks file
19:09:04 Saved sacks file successfully
19:09:11 saveConfig: saving-data
19:09:11 Saving sacks file
19:09:11 Saved sacks file successfully
19:09:11 saveConfig: saving-data
19:09:11 Saving sacks file
19:09:11 Saved sacks file successfully
19:09:14 saveConfig: saving-data
19:09:14 Saving sacks file
19:09:14 Saved sacks file successfully
19:09:14 saveConfig: saving-data
19:09:14 Saving sacks file
19:09:14 Saved sacks file successfully
19:09:22 saveConfig: saving-data
19:09:22 Saving sacks file
19:09:22 Saved sacks file successfully
19:09:22 saveConfig: saving-data
19:09:22 Saving sacks file
19:09:22 Saved sacks file successfully
19:09:42 saveConfig: auto-save-60s
19:09:42 Saving config file
19:09:42 Saved config file successfully
19:09:42 saveConfig: auto-save-60s
19:09:42 Saving config file
19:09:42 Saved config file successfully
19:09:47 saveConfig: saving-data
19:09:47 Saving sacks file
19:09:47 Saved sacks file successfully
19:09:47 saveConfig: saving-data
19:09:47 Saving sacks file
19:09:47 Saved sacks file successfully
19:09:53 saveConfig: saving-data
19:09:53 Saving sacks file
19:09:53 Saved sacks file successfully
19:09:53 saveConfig: saving-data
19:09:53 Saving sacks file
19:09:53 Saved sacks file successfully
19:10:02 saveConfig: saving-data
19:10:02 Saving sacks file
19:10:02 Saved sacks file successfully
19:10:02 saveConfig: saving-data
19:10:02 Saving sacks file
19:10:02 Saved sacks file successfully
19:10:11 saveConfig: saving-data
19:10:11 Saving sacks file
19:10:11 Saved sacks file successfully
19:10:11 saveConfig: saving-data
19:10:11 Saving sacks file
19:10:11 Saved sacks file successfully
19:10:39 saveConfig: saving-data
19:10:39 Saving sacks file
19:10:40 Saved sacks file successfully
19:10:40 saveConfig: saving-data
19:10:40 Saving sacks file
19:10:40 Saved sacks file successfully
19:10:42 saveConfig: auto-save-60s
19:10:42 Saving config file
19:10:42 Saved config file successfully
19:10:42 saveConfig: auto-save-60s
19:10:42 Saving config file
19:10:42 Saved config file successfully
19:10:51 saveConfig: saving-data
19:10:51 Saving sacks file
19:10:51 Saved sacks file successfully
19:10:51 saveConfig: saving-data
19:10:51 Saving sacks file
19:10:51 Saved sacks file successfully
19:11:15 saveConfig: saving-data
19:11:15 Saving sacks file
19:11:15 Saved sacks file successfully
19:11:15 saveConfig: saving-data
19:11:15 Saving sacks file
19:11:15 Saved sacks file successfully
19:11:24 saveConfig: saving-data
19:11:24 Saving sacks file
19:11:24 Saved sacks file successfully
19:11:24 saveConfig: saving-data
19:11:24 Saving sacks file
19:11:24 Saved sacks file successfully
19:11:40 saveConfig: saving-data
19:11:40 Saving sacks file
19:11:40 Saved sacks file successfully
19:11:40 saveConfig: saving-data
19:11:40 Saving sacks file
19:11:40 Saved sacks file successfully
19:11:42 saveConfig: auto-save-60s
19:11:42 Saving config file
19:11:42 Saved config file successfully
19:11:42 saveConfig: auto-save-60s
19:11:42 Saving config file
19:11:42 Saved config file successfully
19:12:28 saveConfig: saving-data
19:12:28 Saving sacks file
19:12:28 Saved sacks file successfully
19:12:28 saveConfig: saving-data
19:12:28 Saving sacks file
19:12:28 Saved sacks file successfully
19:12:42 saveConfig: auto-save-60s
19:12:42 Saving config file
19:12:42 Saved config file successfully
19:12:42 saveConfig: auto-save-60s
19:12:42 Saving config file
19:12:42 Saved config file successfully
19:12:49 saveConfig: saving-data
19:12:49 Saving sacks file
19:12:49 Saved sacks file successfully
19:12:49 saveConfig: saving-data
19:12:49 Saving sacks file
19:12:49 Saved sacks file successfully
19:12:50 saveConfig: saving-data
19:12:50 Saving sacks file
19:12:50 Saved sacks file successfully
19:12:50 saveConfig: saving-data
19:12:50 Saving sacks file
19:12:50 Saved sacks file successfully
19:13:02 saveConfig: saving-data
19:13:02 Saving sacks file
19:13:02 Saved sacks file successfully
19:13:02 saveConfig: saving-data
19:13:02 Saving sacks file
19:13:02 Saved sacks file successfully
19:13:33 saveConfig: saving-data
19:13:33 Saving sacks file
19:13:33 Saved sacks file successfully
19:13:33 saveConfig: saving-data
19:13:33 Saving sacks file
19:13:33 Saved sacks file successfully
19:13:42 saveConfig: auto-save-60s
19:13:42 Saving config file
19:13:42 Saved config file successfully
19:13:42 saveConfig: auto-save-60s
19:13:42 Saving config file
19:13:42 Saved config file successfully
19:14:12 saveConfig: saving-data
19:14:12 Saving sacks file
19:14:12 Saved sacks file successfully
19:14:12 saveConfig: saving-data
19:14:12 Saving sacks file
19:14:12 Saved sacks file successfully
19:14:42 saveConfig: auto-save-60s
19:14:42 Saving config file
19:14:42 Saved config file successfully
19:14:42 saveConfig: auto-save-60s
19:14:42 Saving config file
19:14:42 Saved config file successfully
19:14:54 saveConfig: saving-data
19:14:54 Saving sacks file
19:14:54 Saved sacks file successfully
19:14:54 saveConfig: saving-data
19:14:54 Saving sacks file
19:14:54 Saved sacks file successfully
19:15:00 saveConfig: saving-data
19:15:00 Saving sacks file
19:15:00 Saved sacks file successfully
19:15:00 saveConfig: saving-data
19:15:00 Saving sacks file
19:15:00 Saved sacks file successfully
19:15:41 saveConfig: saving-data
19:15:41 Saving sacks file
19:15:41 Saved sacks file successfully
19:15:41 saveConfig: saving-data
19:15:41 Saving sacks file
19:15:41 Saved sacks file successfully
19:15:42 saveConfig: auto-save-60s
19:15:42 Saving config file
19:15:42 Saved config file successfully
19:15:42 saveConfig: auto-save-60s
19:15:42 Saving config file
19:15:42 Saved config file successfully
19:16:42 saveConfig: auto-save-60s
19:16:42 Saving config file
19:16:42 Saved config file successfully
19:16:42 saveConfig: auto-save-60s
19:16:42 Saving config file
19:16:42 Saved config file successfully
19:17:26 saveConfig: saving-data
19:17:26 Saving sacks file
19:17:26 Saved sacks file successfully
19:17:26 saveConfig: saving-data
19:17:26 Saving sacks file
19:17:26 Saved sacks file successfully
19:17:42 saveConfig: auto-save-60s
19:17:42 Saving config file
19:17:42 Saved config file successfully
19:17:42 saveConfig: auto-save-60s
19:17:42 Saving config file
19:17:42 Saved config file successfully
19:17:57 saveConfig: saving-data
19:17:57 Saving sacks file
19:17:57 Saved sacks file successfully
19:17:57 saveConfig: saving-data
19:17:57 Saving sacks file
19:17:57 Saved sacks file successfully
19:18:12 saveConfig: saving-data
19:18:12 Saving sacks file
19:18:12 Saved sacks file successfully
19:18:12 saveConfig: saving-data
19:18:12 Saving sacks file
19:18:12 Saved sacks file successfully
19:18:42 saveConfig: auto-save-60s
19:18:42 Saving config file
19:18:42 Saved config file successfully
19:18:42 saveConfig: auto-save-60s
19:18:42 Saving config file
19:18:42 Saved config file successfully
19:18:44 saveConfig: saving-data
19:18:44 Saving sacks file
19:18:44 Saved sacks file successfully
19:18:44 saveConfig: saving-data
19:18:44 Saving sacks file
19:18:44 Saved sacks file successfully
19:18:53 saveConfig: saving-data
19:18:53 Saving sacks file
19:18:53 Saved sacks file successfully
19:18:53 saveConfig: saving-data
19:18:53 Saving sacks file
19:18:53 Saved sacks file successfully
19:19:30 saveConfig: saving-data
19:19:30 Saving sacks file
19:19:30 Saved sacks file successfully
19:19:30 saveConfig: saving-data
19:19:30 Saving sacks file
19:19:30 Saved sacks file successfully
19:19:42 saveConfig: auto-save-60s
19:19:42 Saving config file
19:19:42 Saved config file successfully
19:19:42 saveConfig: auto-save-60s
19:19:42 Saving config file
19:19:42 Saved config file successfully
19:20:42 saveConfig: auto-save-60s
19:20:42 Saving config file
19:20:42 Saved config file successfully
19:20:42 saveConfig: auto-save-60s
19:20:42 Saving config file
19:20:42 Saved config file successfully
19:21:28 saveConfig: saving-data
19:21:28 Saving sacks file
19:21:28 Saved sacks file successfully
19:21:28 saveConfig: saving-data
19:21:28 Saving sacks file
19:21:29 Saved sacks file successfully
19:21:40 saveConfig: saving-data
19:21:40 Saving sacks file
19:21:40 Saved sacks file successfully
19:21:40 saveConfig: saving-data
19:21:40 Saving sacks file
19:21:40 Saved sacks file successfully
19:21:42 saveConfig: auto-save-60s
19:21:42 Saving config file
19:21:42 Saved config file successfully
19:21:42 saveConfig: auto-save-60s
19:21:42 Saving config file
19:21:42 Saved config file successfully
19:21:53 saveConfig: saving-data
19:21:53 Saving sacks file
19:21:53 Saved sacks file successfully
19:21:53 saveConfig: saving-data
19:21:53 Saving sacks file
19:21:53 Saved sacks file successfully
19:22:26 saveConfig: saving-data
19:22:26 Saving sacks file
19:22:26 Saved sacks file successfully
19:22:26 saveConfig: saving-data
19:22:26 Saving sacks file
19:22:26 Saved sacks file successfully
19:22:37 saveConfig: saving-data
19:22:37 Saving sacks file
19:22:37 Saved sacks file successfully
19:22:37 saveConfig: saving-data
19:22:37 Saving sacks file
19:22:37 Saved sacks file successfully
19:22:42 saveConfig: auto-save-60s
19:22:42 Saving config file
19:22:42 Saved config file successfully
19:22:42 saveConfig: auto-save-60s
19:22:42 Saving config file
19:22:42 Saved config file successfully
19:22:45 saveConfig: saving-data
19:22:45 Saving sacks file
19:22:45 Saved sacks file successfully
19:22:45 saveConfig: saving-data
19:22:45 Saving sacks file
19:22:45 Saved sacks file successfully
19:23:42 saveConfig: auto-save-60s
19:23:42 Saving config file
19:23:42 Saved config file successfully
19:23:42 saveConfig: auto-save-60s
19:23:42 Saving config file
19:23:42 Saved config file successfully
19:24:42 saveConfig: auto-save-60s
19:24:42 Saving config file
19:24:42 Saved config file successfully
19:24:42 saveConfig: auto-save-60s
19:24:42 Saving config file
19:24:42 Saved config file successfully
19:25:16 saveConfig: saving-data
19:25:16 Saving sacks file
19:25:16 Saved sacks file successfully
19:25:16 saveConfig: saving-data
19:25:16 Saving sacks file
19:25:16 Saved sacks file successfully
19:25:42 saveConfig: auto-save-60s
19:25:42 Saving config file
19:25:42 Saved config file successfully
19:25:42 saveConfig: auto-save-60s
19:25:42 Saving config file
19:25:42 Saved config file successfully
19:26:42 saveConfig: auto-save-60s
19:26:42 Saving config file
19:26:42 Saved config file successfully
19:26:42 saveConfig: auto-save-60s
19:26:42 Saving config file
19:26:42 Saved config file successfully
19:26:53 saveConfig: saving-data
19:26:53 Saving sacks file
19:26:53 Saved sacks file successfully
19:26:53 saveConfig: saving-data
19:26:53 Saving sacks file
19:26:53 Saved sacks file successfully
19:27:00 saveConfig: saving-data
19:27:00 Saving sacks file
19:27:00 Saved sacks file successfully
19:27:00 saveConfig: saving-data
19:27:00 Saving sacks file
19:27:00 Saved sacks file successfully
19:27:22 saveConfig: saving-data
19:27:22 Saving sacks file
19:27:22 Saved sacks file successfully
19:27:22 saveConfig: saving-data
19:27:22 Saving sacks file
19:27:22 Saved sacks file successfully
19:27:42 saveConfig: auto-save-60s
19:27:42 Saving config file
19:27:42 Saved config file successfully
19:27:42 saveConfig: auto-save-60s
19:27:42 Saving config file
19:27:42 Saved config file successfully
19:27:43 saveConfig: saving-data
19:27:43 Saving sacks file
19:27:43 Saved sacks file successfully
19:27:43 saveConfig: saving-data
19:27:43 Saving sacks file
19:27:43 Saved sacks file successfully
19:28:42 saveConfig: auto-save-60s
19:28:42 Saving config file
19:28:42 Saved config file successfully
19:28:42 saveConfig: auto-save-60s
19:28:42 Saving config file
19:28:42 Saved config file successfully
19:29:42 saveConfig: auto-save-60s
19:29:42 Saving config file
19:29:42 Saved config file successfully
19:29:42 saveConfig: auto-save-60s
19:29:42 Saving config file
19:29:42 Saved config file successfully
19:30:42 saveConfig: auto-save-60s
19:30:42 Saving config file
19:30:42 Saved config file successfully
19:30:42 saveConfig: auto-save-60s
19:30:42 Saving config file
19:30:42 Saved config file successfully
19:31:42 saveConfig: auto-save-60s
19:31:42 Saving config file
19:31:42 Saved config file successfully
19:31:42 saveConfig: auto-save-60s
19:31:42 Saving config file
19:31:42 Saved config file successfully
19:32:42 saveConfig: auto-save-60s
19:32:42 Saving config file
19:32:42 Saved config file successfully
19:32:42 saveConfig: auto-save-60s
19:32:42 Saving config file
19:32:42 Saved config file successfully
19:33:42 saveConfig: auto-save-60s
19:33:42 Saving config file
19:33:42 Saved config file successfully
19:33:42 saveConfig: auto-save-60s
19:33:42 Saving config file
19:33:42 Saved config file successfully
19:34:42 saveConfig: auto-save-60s
19:34:42 Saving config file
19:34:42 Saved config file successfully
19:34:42 saveConfig: auto-save-60s
19:34:42 Saving config file
19:34:42 Saved config file successfully
19:35:42 saveConfig: auto-save-60s
19:35:42 Saving config file
19:35:42 Saved config file successfully
19:35:42 saveConfig: auto-save-60s
19:35:42 Saving config file
19:35:42 Saved config file successfully
19:36:42 saveConfig: auto-save-60s
19:36:42 Saving config file
19:36:42 Saved config file successfully
19:36:42 saveConfig: auto-save-60s
19:36:42 Saving config file
19:36:42 Saved config file successfully
19:37:42 saveConfig: auto-save-60s
19:37:42 Saving config file
19:37:42 Saved config file successfully
19:37:42 saveConfig: auto-save-60s
19:37:42 Saving config file
19:37:42 Saved config file successfully
19:38:42 saveConfig: auto-save-60s
19:38:42 Saving config file
19:38:42 Saved config file successfully
19:38:42 saveConfig: auto-save-60s
19:38:42 Saving config file
19:38:42 Saved config file successfully
19:39:42 saveConfig: auto-save-60s
19:39:42 Saving config file
19:39:42 Saved config file successfully
19:39:42 saveConfig: auto-save-60s
19:39:42 Saving config file
19:39:42 Saved config file successfully
19:40:42 saveConfig: auto-save-60s
19:40:42 Saving config file
19:40:42 Saved config file successfully
19:40:42 saveConfig: auto-save-60s
19:40:42 Saving config file
19:40:42 Saved config file successfully
19:41:42 saveConfig: auto-save-60s
19:41:42 Saving config file
19:41:42 Saved config file successfully
19:41:42 saveConfig: auto-save-60s
19:41:42 Saving config file
19:41:42 Saved config file successfully
19:42:42 saveConfig: auto-save-60s
19:42:42 Saving config file
19:42:42 Saved config file successfully
19:42:42 saveConfig: auto-save-60s
19:42:42 Saving config file
19:42:42 Saved config file successfully
19:43:42 saveConfig: auto-save-60s
19:43:42 Saving config file
19:43:42 Saved config file successfully
19:43:42 saveConfig: auto-save-60s
19:43:42 Saving config file
19:43:42 Saved config file successfully
19:44:42 saveConfig: auto-save-60s
19:44:42 Saving config file
19:44:42 Saved config file successfully
19:44:42 saveConfig: auto-save-60s
19:44:42 Saving config file
19:44:42 Saved config file successfully
19:45:42 saveConfig: auto-save-60s
19:45:42 Saving config file
19:45:42 Saved config file successfully
19:45:42 saveConfig: auto-save-60s
19:45:42 Saving config file
19:45:42 Saved config file successfully
19:46:42 saveConfig: auto-save-60s
19:46:42 Saving config file
19:46:42 Saved config file successfully
19:46:42 saveConfig: auto-save-60s
19:46:42 Saving config file
19:46:42 Saved config file successfully
19:47:42 saveConfig: auto-save-60s
19:47:42 Saving config file
19:47:42 Saved config file successfully
19:47:42 saveConfig: auto-save-60s
19:47:42 Saving config file
19:47:42 Saved config file successfully
19:48:42 saveConfig: auto-save-60s
19:48:42 Saving config file
19:48:42 Saved config file successfully
19:48:42 saveConfig: auto-save-60s
19:48:42 Saving config file
19:48:42 Saved config file successfully
19:49:42 saveConfig: auto-save-60s
19:49:42 Saving config file
19:49:42 Saved config file successfully
19:49:42 saveConfig: auto-save-60s
19:49:42 Saving config file
19:49:42 Saved config file successfully
19:50:42 saveConfig: auto-save-60s
19:50:42 Saving config file
19:50:42 Saved config file successfully
19:50:42 saveConfig: auto-save-60s
19:50:42 Saving config file
19:50:42 Saved config file successfully
19:51:42 saveConfig: auto-save-60s
19:51:42 Saving config file
19:51:42 Saved config file successfully
19:51:42 saveConfig: auto-save-60s
19:51:42 Saving config file
19:51:42 Saved config file successfully
19:52:42 saveConfig: auto-save-60s
19:52:42 Saving config file
19:52:42 Saved config file successfully
19:52:42 saveConfig: auto-save-60s
19:52:42 Saving config file
19:52:42 Saved config file successfully
19:53:42 saveConfig: auto-save-60s
19:53:42 Saving config file
19:53:42 Saved config file successfully
19:53:42 saveConfig: auto-save-60s
19:53:42 Saving config file
19:53:42 Saved config file successfully
19:54:42 saveConfig: auto-save-60s
19:54:42 Saving config file
19:54:42 Saved config file successfully
19:54:42 saveConfig: auto-save-60s
19:54:42 Saving config file
19:54:42 Saved config file successfully
19:55:42 saveConfig: auto-save-60s
19:55:42 Saving config file
19:55:42 Saved config file successfully
19:55:42 saveConfig: auto-save-60s
19:55:42 Saving config file
19:55:42 Saved config file successfully
19:56:42 saveConfig: auto-save-60s
19:56:42 Saving config file
19:56:42 Saved config file successfully
19:56:42 saveConfig: auto-save-60s
19:56:42 Saving config file
19:56:42 Saved config file successfully
19:57:42 saveConfig: auto-save-60s
19:57:42 Saving config file
19:57:42 Saved config file successfully
19:57:42 saveConfig: auto-save-60s
19:57:42 Saving config file
19:57:42 Saved config file successfully
19:58:42 saveConfig: auto-save-60s
19:58:42 Saving config file
19:58:42 Saved config file successfully
19:58:42 saveConfig: auto-save-60s
19:58:42 Saving config file
19:58:42 Saved config file successfully
19:59:42 saveConfig: auto-save-60s
19:59:42 Saving config file
19:59:42 Saved config file successfully
19:59:42 saveConfig: auto-save-60s
19:59:42 Saving config file
19:59:42 Saved config file successfully
20:00:42 saveConfig: auto-save-60s
20:00:42 Saving config file
20:00:42 Saved config file successfully
20:00:42 saveConfig: auto-save-60s
20:00:42 Saving config file
20:00:42 Saved config file successfully
20:01:42 saveConfig: auto-save-60s
20:01:42 Saving config file
20:01:42 Saved config file successfully
20:01:42 saveConfig: auto-save-60s
20:01:42 Saving config file
20:01:42 Saved config file successfully
20:01:49 saveConfig: saving-data
20:01:49 Saving sacks file
20:01:49 Saved sacks file successfully
20:01:49 saveConfig: saving-data
20:01:49 Saving sacks file
20:01:49 Saved sacks file successfully
20:02:39 saveConfig: saving-data
20:02:39 Saving sacks file
20:02:39 Saved sacks file successfully
20:02:39 saveConfig: saving-data
20:02:39 Saving sacks file
20:02:39 Saved sacks file successfully
20:02:42 saveConfig: auto-save-60s
20:02:42 Saving config file
20:02:42 Saved config file successfully
20:02:42 saveConfig: auto-save-60s
20:02:42 Saving config file
20:02:42 Saved config file successfully
20:03:13 saveConfig: saving-data
20:03:13 Saving sacks file
20:03:13 Saved sacks file successfully
20:03:13 saveConfig: saving-data
20:03:13 Saving sacks file
20:03:13 Saved sacks file successfully
20:03:42 saveConfig: auto-save-60s
20:03:42 Saving config file
20:03:42 Saved config file successfully
20:03:42 saveConfig: auto-save-60s
20:03:42 Saving config file
20:03:42 Saved config file successfully
20:04:42 saveConfig: auto-save-60s
20:04:42 Saving config file
20:04:42 Saved config file successfully
20:04:42 saveConfig: auto-save-60s
20:04:42 Saving config file
20:04:42 Saved config file successfully
20:04:48 saveConfig: saving-data
20:04:48 Saving sacks file
20:04:48 Saved sacks file successfully
20:04:48 saveConfig: saving-data
20:04:48 Saving sacks file
20:04:48 Saved sacks file successfully
20:05:42 saveConfig: auto-save-60s
20:05:42 Saving config file
20:05:42 Saved config file successfully
20:05:42 saveConfig: auto-save-60s
20:05:42 Saving config file
20:05:42 Saved config file successfully
20:06:42 saveConfig: auto-save-60s
20:06:42 Saving config file
20:06:42 Saved config file successfully
20:06:42 saveConfig: auto-save-60s
20:06:42 Saving config file
20:06:42 Saved config file successfully
20:06:54 saveConfig: saving-data
20:06:54 Saving sacks file
20:06:54 Saved sacks file successfully
20:06:54 saveConfig: saving-data
20:06:54 Saving sacks file
20:06:54 Saved sacks file successfully
20:07:42 saveConfig: auto-save-60s
20:07:42 Saving config file
20:07:42 Saved config file successfully
20:07:42 saveConfig: auto-save-60s
20:07:42 Saving config file
20:07:42 Saved config file successfully
20:08:42 saveConfig: auto-save-60s
20:08:42 Saving config file
20:08:42 Saved config file successfully
20:08:42 saveConfig: auto-save-60s
20:08:42 Saving config file
20:08:42 Saved config file successfully
20:09:42 saveConfig: auto-save-60s
20:09:42 Saving config file
20:09:42 Saved config file successfully
20:09:42 saveConfig: auto-save-60s
20:09:42 Saving config file
20:09:42 Saved config file successfully
20:10:42 saveConfig: auto-save-60s
20:10:42 Saving config file
20:10:42 Saved config file successfully
20:10:42 saveConfig: auto-save-60s
20:10:42 Saving config file
20:10:42 Saved config file successfully
20:11:42 saveConfig: auto-save-60s
20:11:42 Saving config file
20:11:42 Saved config file successfully
20:11:42 saveConfig: auto-save-60s
20:11:42 Saving config file
20:11:42 Saved config file successfully
20:12:10 saveConfig: saving-data
20:12:10 Saving sacks file
20:12:10 Saved sacks file successfully
20:12:10 saveConfig: saving-data
20:12:10 Saving sacks file
20:12:10 Saved sacks file successfully
20:12:42 saveConfig: auto-save-60s
20:12:42 Saving config file
20:12:42 Saved config file successfully
20:12:42 saveConfig: auto-save-60s
20:12:42 Saving config file
20:12:42 Saved config file successfully
20:13:20 saveConfig: saving-data
20:13:20 Saving sacks file
20:13:20 Saved sacks file successfully
20:13:20 saveConfig: saving-data
20:13:20 Saving sacks file
20:13:20 Saved sacks file successfully
20:13:42 saveConfig: auto-save-60s
20:13:42 Saving config file
20:13:42 Saved config file successfully
20:13:42 saveConfig: auto-save-60s
20:13:42 Saving config file
20:13:42 Saved config file successfully
20:14:42 saveConfig: auto-save-60s
20:14:42 Saving config file
20:14:42 Saved config file successfully
20:14:42 saveConfig: auto-save-60s
20:14:42 Saving config file
20:14:42 Saved config file successfully
20:15:42 saveConfig: auto-save-60s
20:15:42 Saving config file
20:15:42 Saved config file successfully
20:15:42 saveConfig: auto-save-60s
20:15:42 Saving config file
20:15:42 Saved config file successfully
20:16:42 saveConfig: auto-save-60s
20:16:42 Saving config file
20:16:42 Saved config file successfully
20:16:42 saveConfig: auto-save-60s
20:16:42 Saving config file
20:16:42 Saved config file successfully
20:16:56 saveConfig: saving-data
20:16:56 Saving sacks file
20:16:56 Saved sacks file successfully
20:16:56 saveConfig: saving-data
20:16:56 Saving sacks file
20:16:56 Saved sacks file successfully
20:17:42 saveConfig: auto-save-60s
20:17:42 Saving config file
20:17:42 Saved config file successfully
20:17:42 saveConfig: auto-save-60s
20:17:42 Saving config file
20:17:42 Saved config file successfully
20:18:42 saveConfig: auto-save-60s
20:18:42 Saving config file
20:18:42 Saved config file successfully
20:18:42 saveConfig: auto-save-60s
20:18:42 Saving config file
20:18:42 Saved config file successfully
20:19:42 saveConfig: auto-save-60s
20:19:42 Saving config file
20:19:42 Saved config file successfully
20:19:42 saveConfig: auto-save-60s
20:19:42 Saving config file
20:19:42 Saved config file successfully
20:20:42 saveConfig: auto-save-60s
20:20:42 Saving config file
20:20:42 Saved config file successfully
20:20:42 saveConfig: auto-save-60s
20:20:42 Saving config file
20:20:42 Saved config file successfully
20:21:42 saveConfig: auto-save-60s
20:21:42 Saving config file
20:21:42 Saved config file successfully
20:21:42 saveConfig: auto-save-60s
20:21:42 Saving config file
20:21:42 Saved config file successfully
20:22:42 saveConfig: auto-save-60s
20:22:42 Saving config file
20:22:42 Saved config file successfully
20:22:42 saveConfig: auto-save-60s
20:22:42 Saving config file
20:22:42 Saved config file successfully
20:23:42 saveConfig: auto-save-60s
20:23:42 Saving config file
20:23:42 Saved config file successfully
20:23:42 saveConfig: auto-save-60s
20:23:42 Saving config file
20:23:42 Saved config file successfully
20:24:42 saveConfig: auto-save-60s
20:24:42 Saving config file
20:24:42 Saved config file successfully
20:24:42 saveConfig: auto-save-60s
20:24:42 Saving config file
20:24:42 Saved config file successfully
20:25:42 saveConfig: auto-save-60s
20:25:42 Saving config file
20:25:42 Saved config file successfully
20:25:42 saveConfig: auto-save-60s
20:25:42 Saving config file
20:25:42 Saved config file successfully
20:26:42 saveConfig: auto-save-60s
20:26:42 Saving config file
20:26:42 Saved config file successfully
20:26:42 saveConfig: auto-save-60s
20:26:42 Saving config file
20:26:42 Saved config file successfully
20:27:42 saveConfig: auto-save-60s
20:27:42 Saving config file
20:27:42 Saved config file successfully
20:27:42 saveConfig: auto-save-60s
20:27:42 Saving config file
20:27:42 Saved config file successfully
20:28:42 saveConfig: auto-save-60s
20:28:42 Saving config file
20:28:42 Saved config file successfully
20:28:42 saveConfig: auto-save-60s
20:28:42 Saving config file
20:28:42 Saved config file successfully
20:29:42 saveConfig: auto-save-60s
20:29:42 Saving config file
20:29:42 Saved config file successfully
20:29:42 saveConfig: auto-save-60s
20:29:42 Saving config file
20:29:42 Saved config file successfully
20:30:42 saveConfig: auto-save-60s
20:30:42 Saving config file
20:30:42 Saved config file successfully
20:30:42 saveConfig: auto-save-60s
20:30:42 Saving config file
20:30:42 Saved config file successfully
20:31:10 saveConfig: saving-data
20:31:10 Saving sacks file
20:31:10 Saved sacks file successfully
20:31:10 saveConfig: saving-data
20:31:10 Saving sacks file
20:31:10 Saved sacks file successfully
20:31:16 saveConfig: saving-data
20:31:16 Saving sacks file
20:31:16 Saved sacks file successfully
20:31:16 saveConfig: saving-data
20:31:16 Saving sacks file
20:31:16 Saved sacks file successfully
20:31:22 saveConfig: saving-data
20:31:22 Saving sacks file
20:31:22 Saved sacks file successfully
20:31:22 saveConfig: saving-data
20:31:22 Saving sacks file
20:31:22 Saved sacks file successfully
20:31:34 saveConfig: saving-data
20:31:34 Saving sacks file
20:31:34 Saved sacks file successfully
20:31:34 saveConfig: saving-data
20:31:34 Saving sacks file
20:31:34 Saved sacks file successfully
20:31:42 saveConfig: auto-save-60s
20:31:42 Saving config file
20:31:42 Saved config file successfully
20:31:42 saveConfig: auto-save-60s
20:31:42 Saving config file
20:31:42 Saved config file successfully
20:32:12 saveConfig: saving-data
20:32:12 Saving sacks file
20:32:12 Saved sacks file successfully
20:32:12 saveConfig: saving-data
20:32:12 Saving sacks file
20:32:12 Saved sacks file successfully
20:32:24 saveConfig: saving-data
20:32:24 Saving sacks file
20:32:24 Saved sacks file successfully
20:32:24 saveConfig: saving-data
20:32:24 Saving sacks file
20:32:24 Saved sacks file successfully
20:32:42 saveConfig: auto-save-60s
20:32:42 Saving config file
20:32:42 Saved config file successfully
20:32:42 saveConfig: auto-save-60s
20:32:42 Saving config file
20:32:42 Saved config file successfully
20:33:42 saveConfig: auto-save-60s
20:33:42 Saving config file
20:33:42 Saved config file successfully
20:33:42 saveConfig: auto-save-60s
20:33:42 Saving config file
20:33:42 Saved config file successfully
20:34:30 saveConfig: saving-data
20:34:30 Saving sacks file
20:34:30 Saved sacks file successfully
20:34:30 saveConfig: saving-data
20:34:30 Saving sacks file
20:34:30 Saved sacks file successfully
20:34:42 saveConfig: auto-save-60s
20:34:42 Saving config file
20:34:42 Saved config file successfully
20:34:42 saveConfig: auto-save-60s
20:34:42 Saving config file
20:34:42 Saved config file successfully
20:35:42 saveConfig: auto-save-60s
20:35:42 Saving config file
20:35:42 Saved config file successfully
20:35:42 saveConfig: auto-save-60s
20:35:42 Saving config file
20:35:42 Saved config file successfully
20:36:42 saveConfig: auto-save-60s
20:36:42 Saving config file
20:36:42 Saved config file successfully
20:36:42 saveConfig: auto-save-60s
20:36:42 Saving config file
20:36:42 Saved config file successfully
20:37:42 saveConfig: auto-save-60s
20:37:42 Saving config file
20:37:42 Saved config file successfully
20:37:42 saveConfig: auto-save-60s
20:37:42 Saving config file
20:37:42 Saved config file successfully
20:38:42 saveConfig: auto-save-60s
20:38:42 Saving config file
20:38:42 Saved config file successfully
20:38:42 saveConfig: auto-save-60s
20:38:42 Saving config file
20:38:42 Saved config file successfully
20:39:42 saveConfig: auto-save-60s
20:39:42 Saving config file
20:39:42 Saved config file successfully
20:39:42 saveConfig: auto-save-60s
20:39:42 Saving config file
20:39:42 Saved config file successfully
20:40:42 saveConfig: auto-save-60s
20:40:42 Saving config file
20:40:42 Saved config file successfully
20:40:42 saveConfig: auto-save-60s
20:40:42 Saving config file
20:40:42 Saved config file successfully
20:41:24 saveConfig: shutdown-hook
20:41:24 Saving config file
