20:51:21 Trying to load config from config\skyhanni\config.json
20:51:21 load-config-now
20:51:21 Loaded config from file
20:51:21 Trying to load sacks from config\skyhanni\sacks.json
20:51:21 Setting sacks to be blank as it did not exist. It will be saved once something is written to it
20:51:21 Trying to load friends from config\skyhanni\friends.json
20:51:21 load-friends-now
20:51:21 Loaded friends from file
20:51:21 Trying to load known_features from config\skyhanni\known_features.json
20:51:21 load-known_features-now
20:51:21 Loaded known_features from file
20:51:21 Trying to load jacob_contests from config\skyhanni\jacob_contests.json
20:51:21 Setting jacob_contests to be blank as it did not exist. It will be saved once something is written to it
20:51:21 Trying to load visual_words from config\skyhanni\visual_words.json
20:51:21 Setting visual_words to be blank as it did not exist. It will be saved once something is written to it
20:52:21 saveConfig: auto-save-60s
20:52:21 Saving config file
20:53:21 saveConfig: auto-save-60s
20:53:21 Saving config file
20:54:21 saveConfig: auto-save-60s
20:54:21 Saving config file
20:55:10 saveConfig: shutdown-hook
20:55:10 Saving config file
