21:11:18 [allowed] §f §r§r§r§f §r§r§r§1 §r§r§r§0 §r§r§r§2 §r§r§r§f §r§r§r§f §r§r§r§2 §r§r§r§0 §r§r§r§4 §r§r§r§3 §r§r§r§9 §r§r§r§2 §r§r§r§0 §r§r§r§0 §r§r§r§3 §r§r§r§9 §r§r§r§2 §r§r§r§0 §r§r§r§0 §r§r§r§3 §r§r§r§9 §r§r§r§2 §r§r§r§0 §r§r§r§0 
21:11:18 [allowed] §b✦ §r§7You earned §r§b15 §r§7Mystery Dust!
21:11:18 [allowed] §b[MVP§c+§b] GAMEME794§f §6joined the lobby!
21:11:19 [allowed] §aYou have §b1 §aunclaimed leveling reward!
21:11:19 [allowed] §eClick here to view it!
21:11:19 [allowed] §aYou have §61 §aunclaimed achievement reward!
21:11:19 [allowed] §eClick here to view it!
21:11:20 [allowed] §9§m-----------------------------------------------------
21:11:20 [allowed] §cYou are not currently in a party.
21:11:20 [allowed] §9§m-----------------------------------------------------
21:11:33 [allowed] §b[MVP§0+§b] NotGobou§f §6joined the lobby!
21:11:41 [allowed] §7Sending to server mini184CQ...
21:11:42 [allowed] §8 §r§8 §r§1 §r§3 §r§3 §r§7 §r§8 
21:11:42 [allowed] §aSince you've been away you earned §r§60 coins §r§aas interest in your personal bank account!
21:11:42 [allowed] §6§l▬▬▬▬▬▬▬▬▬▬▬▬▬▬▬▬▬▬▬▬▬▬▬▬▬▬▬▬▬▬▬▬▬▬▬▬▬▬▬▬▬▬▬▬▬▬▬▬▬▬▬▬▬▬▬▬▬▬▬▬▬▬▬▬
21:11:42 [allowed] §f                    §r§6§lSkyBlock Bingo §r§8- §r§fMarch 2025
21:11:42 [allowed] 
21:11:42 [allowed]   §r§6§lCommunity Goals
21:11:42 [allowed]     §r§a§l✔ §r§aPoseidon V §r§8- §r§e197,231 Sea Creatures
21:11:42 [allowed]        §r§7§oYou did not contribute!
21:11:42 [allowed]     §r§a§l✔ §r§aPet  V §r§8- §r§e20,604,171,072 experience
21:11:42 [allowed]        §r§a10,657 experience §r§f(Top §r§462.82%§r§f)
21:11:42 [allowed]     §r§a§l✔ §r§aKABOOM! V §r§8- §r§e94,695 contributions
21:11:42 [allowed]        §r§7§oYou did not contribute!
21:11:42 [allowed]     §r§a§l✔ §r§aSkilled V §r§8- §r§e7,112,031,969 experience
21:11:42 [allowed]        §r§a10,061 experience §r§f(Top §r§c47.52%§r§f)
21:11:42 [allowed]     §r§a§l✔ §r§aLet the StarFall II §r§8- §r§e250,009 kills
21:11:42 [allowed]        §r§7§oYou did not contribute!
21:11:42 [allowed] 
21:11:42 [allowed] §f            §r§7§r§eYou were awarded §r§68 Bingo Points §r§eas a bonus
21:11:42 [allowed] §f                  §r§efor contributing to Community Goals!
21:11:42 [allowed] 
21:11:42 [allowed] §6§l▬▬▬▬▬▬▬▬▬▬▬▬▬▬▬▬▬▬▬▬▬▬▬▬▬▬▬▬▬▬▬▬▬▬▬▬▬▬▬▬▬▬▬▬▬▬▬▬▬▬▬▬▬▬▬▬▬▬▬▬▬▬▬▬
21:11:44 [allowed] 
21:11:44 [allowed] §eWelcome to §r§aHypixel SkyBlock§r§e!
21:11:44 [allowed] 
21:11:44 [allowed] §eLatest update: §bSkyBlock v0.21.3 §e§lCLICK
21:11:45 [allowed] §aYou are playing on profile: §eCucumber
21:11:45 [allowed] §8Profile ID: d3b760d9-e0d9-41d4-8f47-31e118afcace
21:11:45 [allowed]  
21:11:45 [STASH_COMPACT] §f                 §7You have §3771 §7materials stashed away!
21:11:45 [STASH_COMPACT] §f              §8(This totals 4 types of materials stashed!)
21:11:46 [STASH_COMPACT] §f                §3§l>>> §3§lCLICK HERE§b to pick them up! §3§l<<<
21:11:46 [allowed]   
21:11:46 [allowed] §6§lALLOWANCE! §r§eYou earned §r§620,000 coins§r§e!
21:11:46 [allowed]  
21:11:46 [STASH_COMPACT] §f                 §7You have §3771 §7materials stashed away!
21:11:47 [STASH_COMPACT] §f              §8(This totals 4 types of materials stashed!)
21:11:47 [STASH_COMPACT] §f                §3§l>>> §3§lCLICK HERE§b to pick them up! §3§l<<<
21:11:47 [allowed]   
21:12:47 [allowed]  
21:12:47 [STASH_COMPACT] §f                 §7You have §3771 §7materials stashed away!
21:12:47 [STASH_COMPACT] §f              §8(This totals 4 types of materials stashed!)
21:12:47 [STASH_COMPACT] §f                §3§l>>> §3§lCLICK HERE§b to pick them up! §3§l<<<
21:12:47 [allowed]   
21:13:30 [allowed] §7Your Witherborn hit §r§c5 §r§7enemies for §r§c3,744,787.2 §r§7damage.
21:13:30 [allowed] §cInventory full? Don't forget to check out your Storage inside the SkyBlock Menu!
21:13:30 [allowed] §eOpen the §a§lGAME SETTINGS §eto disable this notification!
21:13:42 [allowed] §7Your Witherborn hit §r§c9 §r§7enemies for §r§c6,740,617 §r§7damage.
21:13:47 [allowed]  
21:13:47 [STASH_COMPACT] §f                 §7You have §3771 §7materials stashed away!
21:13:47 [STASH_COMPACT] §f              §8(This totals 4 types of materials stashed!)
21:13:47 [STASH_COMPACT] §f                §3§l>>> §3§lCLICK HERE§b to pick them up! §3§l<<<
21:13:47 [allowed]   
21:14:31 [allowed] §cInventory full? Don't forget to check out your Storage inside the SkyBlock Menu!
21:14:47 [allowed]  
21:14:47 [STASH_COMPACT] §f                 §7You have §3771 §7materials stashed away!
21:14:47 [STASH_COMPACT] §f              §8(This totals 4 types of materials stashed!)
21:14:47 [STASH_COMPACT] §f                §3§l>>> §3§lCLICK HERE§b to pick them up! §3§l<<<
21:14:47 [allowed]   
21:15:31 [allowed] §cInventory full? Don't forget to check out your Storage inside the SkyBlock Menu!
21:15:43 [allowed] §7Warping...
21:15:43 [allowed] §7Sending to server mega1D...
21:15:43 [allowed] §8 §r§8 §r§1 §r§3 §r§3 §r§7 §r§8 
21:15:46 [allowed] §cInventory full? Don't forget to check out your Storage inside the SkyBlock Menu!
21:15:47 [allowed]  
21:15:47 [STASH_COMPACT] §f                 §7You have §3771 §7materials stashed away!
21:15:47 [STASH_COMPACT] §f              §8(This totals 4 types of materials stashed!)
21:15:47 [STASH_COMPACT] §f                §3§l>>> §3§lCLICK HERE§b to pick them up! §3§l<<<
21:15:47 [allowed]   
21:15:47 [allowed] §aYou are playing on profile: §eCucumber
21:15:47 [allowed] §8Profile ID: d3b760d9-e0d9-41d4-8f47-31e118afcace
21:15:47 [allowed]  
21:15:47 [STASH_COMPACT] §f                 §7You have §3771 §7materials stashed away!
21:15:47 [STASH_COMPACT] §f              §8(This totals 4 types of materials stashed!)
21:15:47 [STASH_COMPACT] §f                §3§l>>> §3§lCLICK HERE§b to pick them up! §3§l<<<
21:15:47 [allowed]   
21:15:50 [allowed] §e⚠ §aYour drops can't be seen by other players in §bSkyBlock§a!
§aOnly you can pickup your dropped items!
§eClick here to disable this alert forever!
21:15:51 [allowed] §e⚠ §aYour drops can't be seen by other players in §bSkyBlock§a!
§aOnly you can pickup your dropped items!
§eClick here to disable this alert forever!
21:15:52 [allowed] §8[§r§713§r§8] §r§7MilkkDude§7§r§7: trading blood donor ring at map pls offer i dont kno how to use it
21:15:53 [allowed] §8[§r§f71§r§8] §r§a[VIP] AwesomeAndrewYa§f§r§f: fysen we gotta split
21:15:58 [allowed] §8[§r§a124§r§8] §r§a[VIP] _MrPepe§f§r§f: lowballing 190m purse
21:16:02 [allowed] §eYou consumed a §r§6Booster Cookie§r§e! §r§dDelightful!
21:16:09 [allowed] §8[§r§f71§r§8] §r§a[VIP] AwesomeAndrewYa§f§r§f: w deal
21:16:13 [allowed] §8[§r§f76§r§8] §r§a[VIP] Crocssmain§f§r§f: Selling hyperion for 900m or trading it for items /p me
21:16:15 [allowed] §8[§r§e104§r§8] §r§7§lꈔ §r§a[VIP§6+§a] Fysen§f§r§f: anyone got a spare coin?
21:16:22 [allowed] §8[§r§e98§r§8] §r§7☬ §r§7DictatorCarrot§7§r§7: milkk how much u want for it
21:16:23 [allowed] §8[§r§f71§r§8] §r§a[VIP] AwesomeAndrewYa§f§r§f: cross how do you have a hype
21:16:26 [allowed] §8[§r§2167§r§8] §r§7ᛃ §r§b[MVP§c+§b] XpInfo§f§r§f: Lowballing wtih 250m /visit me!
21:16:28 [allowed] §8[§r§713§r§8] §r§7MilkkDude§7§r§7: idk
21:16:28 [allowed] §8[§r§f60§r§8] §r§a[VIP] ameeroo§f§r§f: how much you want for it?
21:16:36 [allowed] §8[§r§e98§r§8] §r§7☬ §r§7DictatorCarrot§7§r§7: i can do 2m
21:16:42 [allowed] §8[§r§f60§r§8] §r§a[VIP] ameeroo§f§r§f: alr
21:16:44 [allowed] §8[§r§713§r§8] §r§7MilkkDude§7§r§7: lowest on ah is 6.9 mil
21:16:46 [allowed]  
21:16:46 [STASH_COMPACT] §f                 §7You have §3771 §7materials stashed away!
21:16:46 [STASH_COMPACT] §f              §8(This totals 4 types of materials stashed!)
21:16:46 [STASH_COMPACT] §f                §3§l>>> §3§lCLICK HERE§b to pick them up! §3§l<<<
21:16:46 [allowed]   
21:16:47 [allowed] §8[§r§a154§r§8] §r§a[VIP§6+§a] seba120§f§r§f: selling infusion T12 sheep minions /visit seba120
21:16:47 [allowed] §eYou collected §r§6500,000 coins §r§efrom selling §r§f§r§7[Lvl 1] §r§5Wolf §r§eto §r§b[MVP§r§3+§r§b] DripDuck §r§ein an auction!
21:16:47 [allowed] §eYou collected §r§61,386,000 coins §r§efrom selling §r§f§r§aMelon Helmet §r§eto §r§a[VIP] lopixud §r§ein an auction!
21:16:48 [allowed] §8[§r§f60§r§8] §r§a[VIP] ameeroo§f§r§f: yeah
21:16:50 [allowed] §8[§r§f60§r§8] §r§a[VIP] ameeroo§f§r§f: but u cant use it
21:16:52 [allowed] §8[§r§f60§r§8] §r§a[VIP] ameeroo§f§r§f: so 5m?
21:16:54 [allowed] §8[§r§e98§r§8] §r§7☬ §r§7DictatorCarrot§7§r§7: then sell it there
21:16:57 [allowed] §8[§r§713§r§8] §r§7MilkkDude§7§r§7: so maybe 7mil?
21:17:03 [allowed] §8[§r§f60§r§8] §r§a[VIP] ameeroo§f§r§f: nah rbo
21:17:04 [allowed] §8[§r§f60§r§8] §r§a[VIP] ameeroo§f§r§f: bro
21:17:06 [allowed] §7The §r§aTraining Weights §r§7shatter as you remove them...
21:17:06 [allowed] §7You suddenly feel a bit stronger!
21:17:06 [allowed] §aYou gained §r§c+1❁ Strength §r§afor 2 minutes.
21:17:06 [allowed] §8The Training Weights shatter as they hit the ground.
21:17:06 [allowed] §e⚠ §aYour drops can't be seen by other players in §bSkyBlock§a!
§aOnly you can pickup your dropped items!
§eClick here to disable this alert forever!
21:17:06 [allowed] §8[§r§f60§r§8] §r§a[VIP] ameeroo§f§r§f: 6m
21:17:07 [allowed] §7[§bSkyblockAddons§7] §cClick/drop this item 2 more times if you really want to do this.
21:17:07 [allowed] §7[§bSkyblockAddons§7] §cClick/drop this item 1 more time if you really want to do this.
21:17:08 [allowed] §e⚠ §aYour drops can't be seen by other players in §bSkyBlock§a!
§aOnly you can pickup your dropped items!
§eClick here to disable this alert forever!
21:17:12 [allowed] §7[§bSkyblockAddons§7] §cClick/drop this item 2 more times if you really want to do this.
21:17:12 [allowed] §7[§bSkyblockAddons§7] §cClick/drop this item 1 more time if you really want to do this.
21:17:14 [allowed] §7[§bSkyblockAddons§7] §cClick/drop this item 2 more times if you really want to do this.
21:17:14 [allowed] §7[§bSkyblockAddons§7] §cClick/drop this item 1 more time if you really want to do this.
21:17:15 [allowed] §8[§r§713§r§8] §r§7MilkkDude§7§r§7: deal
21:17:15 [allowed] §e⚠ §aYour drops can't be seen by other players in §bSkyBlock§a!
§aOnly you can pickup your dropped items!
§eClick here to disable this alert forever!
21:17:15 [allowed] §8[§r§e104§r§8] §r§7§lꈔ §r§a[VIP§6+§a] Fysen§f§r§f: I gotchu, 10m
21:17:17 [allowed] §8[§r§713§r§8] §r§7MilkkDude§7§r§7: 6.5
21:17:17 [allowed] §e⚠ §aYour drops can't be seen by other players in §bSkyBlock§a!
§aOnly you can pickup your dropped items!
§eClick here to disable this alert forever!
21:17:17 [allowed] §7[§bSkyblockAddons§7] §cClick/drop this item 2 more times if you really want to do this.
21:17:17 [allowed] §7[§bSkyblockAddons§7] §cClick/drop this item 1 more time if you really want to do this.
21:17:18 [allowed] §e⚠ §aYour drops can't be seen by other players in §bSkyBlock§a!
§aOnly you can pickup your dropped items!
§eClick here to disable this alert forever!
21:17:18 [allowed] §7[§bSkyblockAddons§7] §cClick/drop this item 2 more times if you really want to do this.
21:17:18 [allowed] §e⚠ §aYour drops can't be seen by other players in §bSkyBlock§a!
§aOnly you can pickup your dropped items!
§eClick here to disable this alert forever!
21:17:19 [allowed] §7[§bSkyblockAddons§7] §cClick/drop this item 1 more time if you really want to do this.
21:17:19 [allowed] §7[§bSkyblockAddons§7] §cClick/drop this item 2 more times if you really want to do this.
21:17:19 [allowed] §7[§bSkyblockAddons§7] §cClick/drop this item 1 more time if you really want to do this.
21:17:19 [allowed] §e⚠ §aYour drops can't be seen by other players in §bSkyBlock§a!
§aOnly you can pickup your dropped items!
§eClick here to disable this alert forever!
21:17:20 [allowed] §e⚠ §aYour drops can't be seen by other players in §bSkyBlock§a!
§aOnly you can pickup your dropped items!
§eClick here to disable this alert forever!
21:17:20 [allowed] §8[§r§f60§r§8] §r§a[VIP] ameeroo§f§r§f: nah
21:17:20 [allowed] §7[§bSkyblockAddons§7] §cClick/drop this item 2 more times if you really want to do this.
21:17:20 [allowed] §e⚠ §aYour drops can't be seen by other players in §bSkyBlock§a!
§aOnly you can pickup your dropped items!
§eClick here to disable this alert forever!
21:17:20 [allowed] §7[§bSkyblockAddons§7] §cClick/drop this item 1 more time if you really want to do this.
21:17:20 [allowed] §8[§r§a157§r§8] §r§7§l⚝ §r§b[MVP§f+§b] Fire_Jona§f§r§f: Lowbaling!!! /visit Fire_Jona 10m and Above only!!!!!!!!!!!!!!
21:17:20 [allowed] §e⚠ §aYour drops can't be seen by other players in §bSkyBlock§a!
§aOnly you can pickup your dropped items!
§eClick here to disable this alert forever!
21:17:22 [allowed] §e⚠ §aYour drops can't be seen by other players in §bSkyBlock§a!
§aOnly you can pickup your dropped items!
§eClick here to disable this alert forever!
21:17:22 [allowed] §7[§bSkyblockAddons§7] §cClick/drop this item 2 more times if you really want to do this.
21:17:22 [allowed] §7[§bSkyblockAddons§7] §cClick/drop this item 1 more time if you really want to do this.
21:17:23 [allowed] §e⚠ §aYour drops can't be seen by other players in §bSkyBlock§a!
§aOnly you can pickup your dropped items!
§eClick here to disable this alert forever!
21:17:24 [allowed] §e⚠ §aYour drops can't be seen by other players in §bSkyBlock§a!
§aOnly you can pickup your dropped items!
§eClick here to disable this alert forever!
21:17:25 [allowed] §e⚠ §aYour drops can't be seen by other players in §bSkyBlock§a!
§aOnly you can pickup your dropped items!
§eClick here to disable this alert forever!
21:17:26 [allowed] §8[§r§f60§r§8] §r§a[VIP] ameeroo§f§r§f: you said deal bro
21:17:26 [allowed] §e⚠ §aYour drops can't be seen by other players in §bSkyBlock§a!
§aOnly you can pickup your dropped items!
§eClick here to disable this alert forever!
21:17:27 [allowed] §e⚠ §aYour drops can't be seen by other players in §bSkyBlock§a!
§aOnly you can pickup your dropped items!
§eClick here to disable this alert forever!
21:17:27 [allowed] §e⚠ §aYour drops can't be seen by other players in §bSkyBlock§a!
§aOnly you can pickup your dropped items!
§eClick here to disable this alert forever!
21:17:27 [allowed] §8[§r§713§r§8] §r§7MilkkDude§7§r§7: 6.2 mil
21:17:29 [allowed] §e⚠ §aYour drops can't be seen by other players in §bSkyBlock§a!
§aOnly you can pickup your dropped items!
§eClick here to disable this alert forever!
21:17:31 [allowed] §e⚠ §aYour drops can't be seen by other players in §bSkyBlock§a!
§aOnly you can pickup your dropped items!
§eClick here to disable this alert forever!
21:17:32 [allowed] §e⚠ §aYour drops can't be seen by other players in §bSkyBlock§a!
§aOnly you can pickup your dropped items!
§eClick here to disable this alert forever!
21:17:33 [allowed] §e⚠ §aYour drops can't be seen by other players in §bSkyBlock§a!
§aOnly you can pickup your dropped items!
§eClick here to disable this alert forever!
21:17:34 [allowed] §e⚠ §aYour drops can't be seen by other players in §bSkyBlock§a!
§aOnly you can pickup your dropped items!
§eClick here to disable this alert forever!
21:17:34 [allowed] §e⚠ §aYour drops can't be seen by other players in §bSkyBlock§a!
§aOnly you can pickup your dropped items!
§eClick here to disable this alert forever!
21:17:35 [allowed] §cYou can only have one active Training Weights buff at a time!
21:17:37 [allowed] §8[§r§712§r§8] §r§7BabySniper909§7§r§7: can someone give me money im poor at map
21:17:41 [allowed] §7Warping you to your SkyBlock island...
21:17:42 [allowed] §7Sending to server mini246Q...
21:17:47 [allowed] §8 §r§8 §r§1 §r§3 §r§3 §r§7 §r§8 
21:17:53 [allowed] §aYou are playing on profile: §eCucumber
21:17:53 [allowed] §8Profile ID: d3b760d9-e0d9-41d4-8f47-31e118afcace
21:17:53 [allowed]  
21:17:53 [STASH_COMPACT] §f                 §7You have §3771 §7materials stashed away!
21:17:53 [STASH_COMPACT] §f              §8(This totals 4 types of materials stashed!)
21:17:53 [STASH_COMPACT] §f                §3§l>>> §3§lCLICK HERE§b to pick them up! §3§l<<<
21:17:53 [allowed]   
21:17:53 [allowed]  
21:17:53 [STASH_COMPACT] §f                 §7You have §3771 §7materials stashed away!
21:17:53 [STASH_COMPACT] §f              §8(This totals 4 types of materials stashed!)
21:17:53 [STASH_COMPACT] §f                §3§l>>> §3§lCLICK HERE§b to pick them up! §3§l<<<
21:17:53 [allowed]   
21:18:31 [allowed] §d§lYum! §r§eYou gain §r§b+1❄ Cold Resistance §r§efor §r§a48 §r§ehours!
21:18:32 [allowed] §d§lYum! §r§eYou gain §r§d+1♣ Pet Luck §r§efor §r§a48 §r§ehours!
21:18:33 [allowed] §d§lYum! §r§eYou gain §r§b+1✯ Magic Find §r§efor §r§a48 §r§ehours!
21:18:35 [allowed] §d§lBig Yum! §r§eYou refresh §r§b+1✯ Magic Find §r§efor §r§a48 §r§ehours!
21:18:41 [allowed] §d§lYum! §r§eYou gain §r§f+1❂ True Defense §r§efor §r§a48 §r§ehours!
21:18:42 [allowed] §2Guild > §r§bfury_flames §r§ejoined.
21:18:44 [allowed] §d§lYum! §r§eYou gain §r§f+10✦ Speed §r§efor §r§a48 §r§ehours!
21:18:45 [allowed] §d§lYum! §r§eYou gain §r§b+5✎ Intelligence §r§efor §r§a48 §r§ehours!
21:18:47 [allowed] §d§lYum! §r§eYou gain §r§c+10❤ Health §r§efor §r§a48 §r§ehours!
21:18:47 [allowed]  
21:18:47 [STASH_COMPACT] §f                 §7You have §3771 §7materials stashed away!
21:18:47 [STASH_COMPACT] §f              §8(This totals 4 types of materials stashed!)
21:18:47 [STASH_COMPACT] §f                §3§l>>> §3§lCLICK HERE§b to pick them up! §3§l<<<
21:18:47 [allowed]   
21:18:48 [allowed] §d§lYum! §r§eYou gain §r§4+1♨ Vitality §r§efor §r§a48 §r§ehours!
21:18:50 [allowed] §d§lYum! §r§eYou gain §r§c+2❁ Strength §r§efor §r§a48 §r§ehours!
21:18:52 [allowed] §d§lYum! §r§eYou gain §r§c+2⫽ Ferocity §r§efor §r§a48 §r§ehours!
21:18:52 [allowed] §d§lYum! §r§eYou gain §r§3+1α Sea Creature Chance §r§efor §r§a48 §r§ehours!
21:18:53 [allowed] §d§lYum! §r§eYou gain §r§a+10ф Rift Time §r§efor §r§a48 §r§ehours!
21:18:55 [allowed] §d§lYum! §r§eYou gain §r§6+5☘ Mining Fortune §r§efor §r§a48 §r§ehours!
21:18:57 [allowed] §d§lYum! §r§eYou gain §r§6+5☘ Foraging Fortune §r§efor §r§a48 §r§ehours!
21:18:58 [allowed] §d§lYum! §r§eYou gain §r§6+5☘ Farming Fortune §r§efor §r§a48 §r§ehours!
21:19:00 [allowed] §d§lBig Yum! §r§eYou refresh §r§b+1❄ Cold Resistance §r§efor §r§a48 §r§ehours!
21:19:08 [allowed] §2Guild > §r§aMocyHelper §r§eleft.
21:19:21 [allowed] §6[Sacks] §r§a+101§r§e items§r§e.§r§8 (Last 8s.)
21:19:30 [allowed] §6[Sacks] §r§a+46§r§e items§r§e.§r§8 (Last 8s.)
21:19:48 [allowed]  
21:19:48 [STASH_COMPACT] §f                 §7You have §3771 §7materials stashed away!
21:19:48 [STASH_COMPACT] §f              §8(This totals 4 types of materials stashed!)
21:19:48 [STASH_COMPACT] §f                §3§l>>> §3§lCLICK HERE§b to pick them up! §3§l<<<
21:19:48 [allowed]   
21:19:58 [allowed] §6[Sacks] §r§a+768§r§e items§r§e.§r§8 (Last 18s.)
21:20:07 [allowed] §7The §r§aTraining Weights §r§7shatter as you remove them...
21:20:07 [allowed] §7You suddenly feel a bit stronger!
21:20:07 [allowed] §aYou gained §r§c+1❁ Strength §r§afor 2 minutes.
21:20:07 [allowed] §8The Training Weights shatter as they hit the ground.
21:20:07 [allowed] §e⚠ §aYour drops can't be seen by other players in §bSkyBlock§a!
§aOnly you can pickup your dropped items!
§eClick here to disable this alert forever!
21:20:49 [allowed]  
21:20:49 [STASH_COMPACT] §f                 §7You have §3771 §7materials stashed away!
21:20:49 [STASH_COMPACT] §f              §8(This totals 4 types of materials stashed!)
21:20:49 [STASH_COMPACT] §f                §3§l>>> §3§lCLICK HERE§b to pick them up! §3§l<<<
21:20:49 [allowed]   
21:21:45 [allowed] §eYou claimed the §r§aChronomatron §r§erewards!
21:21:45 [allowed]  §r§8+§r§313,500 Enchanting Exp
21:21:45 [allowed] §8 +§r§d2 Superpairs clicks
21:21:49 [allowed]  
21:21:49 [STASH_COMPACT] §f                 §7You have §3771 §7materials stashed away!
21:21:49 [STASH_COMPACT] §f              §8(This totals 4 types of materials stashed!)
21:21:49 [STASH_COMPACT] §f                §3§l>>> §3§lCLICK HERE§b to pick them up! §3§l<<<
21:21:49 [allowed]   
21:22:08 [allowed] §eYou claimed the §r§cUltrasequencer §r§erewards!
21:22:08 [allowed]  §r§8+§r§315,000 Enchanting Exp
21:22:08 [allowed] §8 +§r§d0 Superpairs clicks
21:22:45 [allowed] §aYou earned §r§2226 GEXP §r§afrom playing SkyBlock!
21:22:50 [allowed]  
21:22:50 [STASH_COMPACT] §f                 §7You have §3771 §7materials stashed away!
21:22:50 [STASH_COMPACT] §f              §8(This totals 4 types of materials stashed!)
21:22:50 [STASH_COMPACT] §f                §3§l>>> §3§lCLICK HERE§b to pick them up! §3§l<<<
21:22:50 [allowed]   
21:22:51 [allowed] §eYou claimed the §r§6Superpairs §r§erewards!
21:22:51 [allowed] §3§l▬▬▬▬▬▬▬▬▬▬▬▬▬▬▬▬▬▬▬▬▬▬▬▬▬▬▬▬▬▬▬▬▬▬▬▬▬▬▬▬▬▬▬▬▬▬▬▬▬▬▬▬▬▬▬▬▬▬▬▬▬▬▬▬
21:22:51 [allowed]   §r§b§lSKILL LEVEL UP §3Enchanting §8XXXII➜§3XXXIII
21:22:51 [allowed] 
21:22:51 [allowed]   §r§a§lREWARDS
21:22:51 [allowed]    §r§eConjurer XXXIII
21:22:51 [allowed]    §r  §7§fGain §8160➜§a165%§f more experience orbs from any source.
21:22:51 [allowed]    §r§7§8+§a0.5% §c๑ Ability Damage
21:22:51 [allowed]    §r§7§8+§a2 §b✎ Intelligence
21:22:51 [allowed]    §r§7§aOverload Enchantment
21:22:51 [allowed]    §r§7§8+§6425,000 §7Coins
21:22:51 [allowed]    §r§7§8+§b20 SkyBlock XP
21:22:51 [allowed] §3§l▬▬▬▬▬▬▬▬▬▬▬▬▬▬▬▬▬▬▬▬▬▬▬▬▬▬▬▬▬▬▬▬▬▬▬▬▬▬▬▬▬▬▬▬▬▬▬▬▬▬▬▬▬▬▬▬▬▬▬▬▬▬▬▬
21:22:51 [allowed] §8 +§r§3200k Enchanting Exp
21:22:51 [allowed]  §r§8+§r§9Titanic Experience Bottle
21:22:51 [allowed]  §r§8+§r§3112k Enchanting Exp
21:22:51 [allowed]  §r§8+§r§336k Enchanting Exp
21:23:15 [allowed] §6[Bazaar] §r§7Putting goods in escrow...
21:23:15 [allowed] §6[Bazaar] §r§7Submitting sell offer...
21:23:15 [allowed] §6[Bazaar] §r§7§r§eSell Offer Setup! §r§a2§r§7x §r§9Titanic Experience Bottle §r§7for §r§61,186,466 coins§r§7.
21:23:22 [allowed] §6[Bazaar] §eYour §6Sell Offer §efor §a2§7x §9Titanic Experience Bottle §ewas filled!
21:23:33 [allowed] §6[Bazaar] §r§7Claiming order...
21:23:33 [allowed] §6[Bazaar] §r§7§r§7Claimed §r§a1,728§r§7x §r§f☠ Rough Onyx Gemstone §r§7worth §r§62,246.4 coins §r§7bought for §r§61.3 §r§7each!
21:23:34 [allowed] §cInventory full? Don't forget to check out your Storage inside the SkyBlock Menu!
21:23:45 [allowed] §6[Sacks] §r§a+1,728§r§e items§r§e.§r§8 (Last 5s.)
21:23:50 [allowed]  
21:23:50 [STASH_COMPACT] §f                 §7You have §3771 §7materials stashed away!
21:23:50 [STASH_COMPACT] §f              §8(This totals 4 types of materials stashed!)
21:23:50 [STASH_COMPACT] §f                §3§l>>> §3§lCLICK HERE§b to pick them up! §3§l<<<
21:23:50 [allowed]   
21:24:51 [allowed]  
21:24:51 [STASH_COMPACT] §f                 §7You have §3771 §7materials stashed away!
21:24:51 [STASH_COMPACT] §f              §8(This totals 4 types of materials stashed!)
21:24:51 [STASH_COMPACT] §f                §3§l>>> §3§lCLICK HERE§b to pick them up! §3§l<<<
21:24:51 [allowed]   
21:25:01 [allowed] §eYou claimed the §r§6Chronomatron §r§erewards!
21:25:01 [allowed]  §r§8+§r§321,000 Enchanting Exp
21:25:01 [allowed] §8 +§r§d1 Superpairs click
21:25:53 [allowed]  
21:25:53 [STASH_COMPACT] §f                 §7You have §3771 §7materials stashed away!
21:25:53 [STASH_COMPACT] §f              §8(This totals 4 types of materials stashed!)
21:25:53 [STASH_COMPACT] §f                §3§l>>> §3§lCLICK HERE§b to pick them up! §3§l<<<
21:25:53 [allowed]   
21:26:14 [allowed] §f §r§r§r§f §r§r§r§1 §r§r§r§0 §r§r§r§2 §r§r§r§f §r§r§r§f §r§r§r§2 §r§r§r§0 §r§r§r§4 §r§r§r§3 §r§r§r§9 §r§r§r§2 §r§r§r§0 §r§r§r§0 §r§r§r§3 §r§r§r§9 §r§r§r§2 §r§r§r§0 §r§r§r§0 §r§r§r§3 §r§r§r§9 §r§r§r§2 §r§r§r§0 §r§r§r§0 
21:26:14 [allowed] §b✦ §r§7You earned §r§b13 §r§7Mystery Dust!
21:26:14 [allowed] §b[MVP§c+§b] GAMEME794§f §6joined the lobby!
21:26:14 [allowed] §9§m-----------------------------------------------------
21:26:14 [allowed] §cYou are not currently in a party.
21:26:14 [allowed] §9§m-----------------------------------------------------
21:26:30 [allowed] §f §r§r§r§f §r§r§r§1 §r§r§r§0 §r§r§r§2 §r§r§r§f §r§r§r§f §r§r§r§2 §r§r§r§0 §r§r§r§4 §r§r§r§3 §r§r§r§9 §r§r§r§2 §r§r§r§0 §r§r§r§0 §r§r§r§3 §r§r§r§9 §r§r§r§2 §r§r§r§0 §r§r§r§0 §r§r§r§3 §r§r§r§9 §r§r§r§2 §r§r§r§0 §r§r§r§0 
21:26:30 [allowed] §b[MVP§c+§b] GAMEME794§f §6joined the lobby!
21:26:30 [allowed] §aYou have §b1 §aunclaimed leveling reward!
21:26:30 [allowed] §eClick here to view it!
21:26:30 [allowed] §aYou have §61 §aunclaimed achievement reward!
21:26:30 [allowed] §eClick here to view it!
21:26:30 [allowed] §9§m-----------------------------------------------------
21:26:30 [allowed] §cYou are not currently in a party.
21:26:30 [allowed] §9§m-----------------------------------------------------
21:26:34 [allowed] §7Sending to server mini195C...
21:26:35 [allowed] §8 §r§8 §r§1 §r§3 §r§3 §r§7 §r§8 
21:26:37 [allowed] 
21:26:37 [allowed] §eWelcome to §r§aHypixel SkyBlock§r§e!
21:26:37 [allowed] 
21:26:37 [allowed] §eLatest update: §bSkyBlock v0.21.3 §e§lCLICK
21:26:38 [allowed] §aYou are playing on profile: §eCucumber
21:26:38 [allowed] §8Profile ID: d3b760d9-e0d9-41d4-8f47-31e118afcace
21:26:38 [allowed]  
21:26:38 [STASH_COMPACT] §f                 §7You have §3771 §7materials stashed away!
21:26:38 [STASH_COMPACT] §f              §8(This totals 4 types of materials stashed!)
21:26:38 [STASH_COMPACT] §f                §3§l>>> §3§lCLICK HERE§b to pick them up! §3§l<<<
21:26:38 [allowed]   
21:26:39 [allowed]  
21:26:39 [STASH_COMPACT] §f                 §7You have §3771 §7materials stashed away!
21:26:39 [STASH_COMPACT] §f              §8(This totals 4 types of materials stashed!)
21:26:39 [STASH_COMPACT] §f                §3§l>>> §3§lCLICK HERE§b to pick them up! §3§l<<<
21:26:39 [allowed]   
21:27:30 [allowed] §eYou claimed the §r§cUltrasequencer §r§erewards!
21:27:30 [allowed]  §r§8+§r§335,000 Enchanting Exp
21:27:30 [allowed] §8 +§r§d2 Superpairs clicks
21:27:39 [allowed]  
21:27:39 [STASH_COMPACT] §f                 §7You have §3771 §7materials stashed away!
21:27:39 [STASH_COMPACT] §f              §8(This totals 4 types of materials stashed!)
21:27:39 [STASH_COMPACT] §f                §3§l>>> §3§lCLICK HERE§b to pick them up! §3§l<<<
21:27:39 [allowed]   
21:28:39 [allowed]  
21:28:39 [STASH_COMPACT] §f                 §7You have §3771 §7materials stashed away!
21:28:39 [STASH_COMPACT] §f              §8(This totals 4 types of materials stashed!)
21:28:39 [STASH_COMPACT] §f                §3§l>>> §3§lCLICK HERE§b to pick them up! §3§l<<<
21:28:39 [allowed]   
21:28:43 [allowed] §eYou claimed the §r§6Superpairs §r§erewards!
21:28:43 [allowed] §8 +§r§3200k Enchanting Exp
21:28:43 [allowed]  §r§8+§r§348k Enchanting Exp
21:28:43 [allowed]  §r§8+§r§334k Enchanting Exp
21:28:43 [allowed]  §r§8+§r§3100k Enchanting Exp
21:28:43 [allowed]  §r§8+§r§358k Enchanting Exp
21:28:43 [allowed]  §r§8+§r§361k Enchanting Exp
21:29:40 [allowed]  
21:29:40 [STASH_COMPACT] §f                 §7You have §3771 §7materials stashed away!
21:29:40 [STASH_COMPACT] §f              §8(This totals 4 types of materials stashed!)
21:29:40 [STASH_COMPACT] §f                §3§l>>> §3§lCLICK HERE§b to pick them up! §3§l<<<
21:29:40 [allowed]   
21:30:02 [allowed] §eYou claimed the §r§6Chronomatron §r§erewards!
21:30:02 [allowed]  §r§8+§r§328,000 Enchanting Exp
21:30:02 [allowed] §8 +§r§d1 Superpairs click
21:30:05 [allowed] §cThis experiment is on cooldown!
21:30:05 [allowed] §cYou may only play practice mode!
21:30:35 [allowed] §f
21:30:35 [allowed] §4[WATCHDOG ANNOUNCEMENT]
21:30:35 [allowed] §fWatchdog has banned §r§c§l16,072§r§f players in the last 7 days.
21:30:35 [allowed] §fStaff have banned an additional §r§c§l13,615§r§f in the last 7 days.
21:30:35 [allowed] §cBlacklisted modifications are a bannable offense!
21:30:35 [allowed] §c
21:30:40 [allowed]  
21:30:40 [STASH_COMPACT] §f                 §7You have §3771 §7materials stashed away!
21:30:40 [STASH_COMPACT] §f              §8(This totals 4 types of materials stashed!)
21:30:40 [STASH_COMPACT] §f                §3§l>>> §3§lCLICK HERE§b to pick them up! §3§l<<<
21:30:40 [allowed]   
21:32:21 [allowed] §f §r§r§r§f §r§r§r§1 §r§r§r§0 §r§r§r§2 §r§r§r§f §r§r§r§f §r§r§r§2 §r§r§r§0 §r§r§r§4 §r§r§r§3 §r§r§r§9 §r§r§r§2 §r§r§r§0 §r§r§r§0 §r§r§r§3 §r§r§r§9 §r§r§r§2 §r§r§r§0 §r§r§r§0 §r§r§r§3 §r§r§r§9 §r§r§r§2 §r§r§r§0 §r§r§r§0 
21:32:21 [allowed] §b[MVP§c+§b] GAMEME794§f §6joined the lobby!
21:32:21 [allowed] §aYou have §b1 §aunclaimed leveling reward!
21:32:21 [allowed] §eClick here to view it!
21:32:21 [allowed] §aYou have §61 §aunclaimed achievement reward!
21:32:21 [allowed] §eClick here to view it!
21:32:21 [allowed]  §b>§c>§a>§r §r§6[MVP§0++§6] madelynluvsu§f §6joined the lobby!§r §a<§c<§b<
21:32:21 [allowed] §9§m-----------------------------------------------------
21:32:21 [allowed] §cYou are not currently in a party.
21:32:21 [allowed] §9§m-----------------------------------------------------
21:32:27 [allowed] §7Sending to server mini31DC...
21:32:27 [allowed] §8 §r§8 §r§1 §r§3 §r§3 §r§7 §r§8 
21:32:28 [allowed] §2Guild > §r§aMocyHelper §r§ejoined.
21:32:29 [allowed] §2Guild > §r§aMocyHelper §r§eleft.
21:32:30 [allowed] 
21:32:30 [allowed] §eWelcome to §r§aHypixel SkyBlock§r§e!
21:32:30 [allowed] 
21:32:30 [allowed] §eLatest update: §bSkyBlock v0.21.3 §e§lCLICK
21:32:30 [allowed] §aYou are playing on profile: §eCucumber
21:32:30 [allowed] §8Profile ID: d3b760d9-e0d9-41d4-8f47-31e118afcace
21:32:31 [allowed]  
21:32:31 [STASH_COMPACT] §f                 §7You have §3771 §7materials stashed away!
21:32:31 [STASH_COMPACT] §f              §8(This totals 4 types of materials stashed!)
21:32:31 [STASH_COMPACT] §f                §3§l>>> §3§lCLICK HERE§b to pick them up! §3§l<<<
21:32:31 [allowed]   
21:32:32 [allowed]  
21:32:32 [STASH_COMPACT] §f                 §7You have §3771 §7materials stashed away!
21:32:32 [STASH_COMPACT] §f              §8(This totals 4 types of materials stashed!)
21:32:32 [STASH_COMPACT] §f                §3§l>>> §3§lCLICK HERE§b to pick them up! §3§l<<<
21:32:32 [allowed]   
21:32:33 [allowed] §2Guild > §r§aMocyHelper §r§ejoined.
21:33:32 [allowed]  
21:33:32 [STASH_COMPACT] §f                 §7You have §3771 §7materials stashed away!
21:33:32 [STASH_COMPACT] §f              §8(This totals 4 types of materials stashed!)
21:33:32 [STASH_COMPACT] §f                §3§l>>> §3§lCLICK HERE§b to pick them up! §3§l<<<
21:33:32 [allowed]   
21:33:52 [allowed] §eYou claimed the §r§6Superpairs §r§erewards!
21:33:52 [allowed] §3§l▬▬▬▬▬▬▬▬▬▬▬▬▬▬▬▬▬▬▬▬▬▬▬▬▬▬▬▬▬▬▬▬▬▬▬▬▬▬▬▬▬▬▬▬▬▬▬▬▬▬▬▬▬▬▬▬▬▬▬▬▬▬▬▬
21:33:52 [allowed]   §r§b§lSKILL LEVEL UP §3Enchanting §8XXXIII➜§3XXXIV
21:33:52 [allowed] 
21:33:52 [allowed]   §r§a§lREWARDS
21:33:52 [allowed]    §r§eConjurer XXXIV
21:33:52 [allowed]    §r  §7§fGain §8165➜§a170%§f more experience orbs from any source.
21:33:52 [allowed]    §r§7§8+§a0.5% §c๑ Ability Damage
21:33:52 [allowed]    §r§7§8+§a2 §b✎ Intelligence
21:33:52 [allowed]    §r§7§a§d§lLegion Enchantment
21:33:52 [allowed]    §r§7§8+§6450,000 §7Coins
21:33:52 [allowed]    §r§7§8+§b20 SkyBlock XP
21:33:52 [allowed] §3§l▬▬▬▬▬▬▬▬▬▬▬▬▬▬▬▬▬▬▬▬▬▬▬▬▬▬▬▬▬▬▬▬▬▬▬▬▬▬▬▬▬▬▬▬▬▬▬▬▬▬▬▬▬▬▬▬▬▬▬▬▬▬▬▬
21:33:52 [allowed] §8 +§r§3200k Enchanting Exp
21:33:52 [allowed]  §r§8+§r§356k Enchanting Exp
21:33:52 [allowed]  §r§8+§r§346k Enchanting Exp
21:33:52 [allowed]  §r§8+§r§336k Enchanting Exp
21:34:32 [allowed]  
21:34:32 [STASH_COMPACT] §f                 §7You have §3771 §7materials stashed away!
21:34:32 [STASH_COMPACT] §f              §8(This totals 4 types of materials stashed!)
21:34:32 [STASH_COMPACT] §f                §3§l>>> §3§lCLICK HERE§b to pick them up! §3§l<<<
21:34:32 [allowed]   
21:34:38 [allowed] §2Guild > §a[VIP] MocyHelper §7[Co]§f: §rhello monkey
21:34:44 [allowed] §2Guild > §b[MVP] fury_flames§f: §rhi huzz
21:34:50 [allowed] §2Guild > §b[MVP] fury_flames§f: §rlemme finish this rev rq
21:34:53 [allowed] §2Guild > §a[VIP] MocyHelper §7[Co]§f: §rauight
21:35:00 [allowed] §6[Sacks] §r§c-54§r§e items§r§e.§r§8 (Last 5s.)
21:35:01 [allowed] §aYou crafted a §eTier IX Iron Minion§a! That's a new one!
 §aCraft 20 more unique Minions to unlock your 16th Minion slot!
21:35:01 [allowed] §aYou have upgraded your Minion to Tier IX
21:35:07 [allowed] §2Guild > §b[MVP] fury_flames§f: §ralr im doen
21:35:14 [allowed] §6[Sacks] §r§a+108§r§e items§r§e.§r§8 (Last 5s.)
21:35:20 [allowed] §2Guild > §b[MVP§c+§b] GAMEME794§f: §r  SKILL LEVEL UP Enchanting XXXIII➜XXXIV
21:35:21 [allowed] §2Guild > §b[MVP] fury_flames§f: §rgonna put my stuff in a chest
21:35:27 [allowed] §2Guild > §a[VIP] MocyHelper §7[Co]§f: §r34
21:35:32 [allowed] §8[§r§a132§r§8] §r§b[MVP§r§c+§r§b] GAMEME794§r§f: ya
21:35:32 [allowed]  
21:35:32 [STASH_COMPACT] §f                 §7You have §3771 §7materials stashed away!
21:35:32 [STASH_COMPACT] §f              §8(This totals 4 types of materials stashed!)
21:35:32 [STASH_COMPACT] §f                §3§l>>> §3§lCLICK HERE§b to pick them up! §3§l<<<
21:35:32 [allowed]   
21:35:33 [allowed] §2Guild > §a[VIP] MocyHelper §7[Co]§f: §r2 more for soul eater
21:35:38 [allowed] §aYou are now in the §r§6GUILD§r§a channel
21:35:42 [allowed] §2Guild > §b[MVP§c+§b] GAMEME794§f: §rnow i can use legion
21:35:47 [allowed] §2Guild > §b[MVP] fury_flames§f: §rok
21:35:50 [allowed] §2Guild > §b[MVP] fury_flames§f: §rlets
21:35:52 [allowed] §2Guild > §a[VIP] MocyHelper §7[Co]§f: §rman i'm gonna need so much money to upgrade my crimson set to burning
21:35:52 [allowed] §2Guild > §b[MVP] fury_flames§f: §rrun dungeons!
21:36:04 [allowed] §2Guild > §b[MVP] fury_flames§f: §rolr
21:36:06 [allowed] §2Guild > §b[MVP] fury_flames§f: §rt4s
21:36:08 [allowed] §2Guild > §a[VIP] MocyHelper §7[Co]§f: §ryo krith wanna come help carry this idiot in f4
21:36:16 [allowed] §2Guild > §b[MVP] fury_flames§f: §rhell yeah krith come carry me in f4
21:36:24 [allowed] §2Guild > §b[MVP§c+§b] GAMEME794§f: §rsure
21:36:27 [allowed] §2Guild > §b[MVP] fury_flames§f: §rwhat was the guys name
21:36:31 [allowed] §2Guild > §b[MVP] fury_flames§f: §rnogodcomplex?
21:36:32 [allowed]  
21:36:32 [STASH_COMPACT] §f                 §7You have §3771 §7materials stashed away!
21:36:32 [STASH_COMPACT] §f              §8(This totals 4 types of materials stashed!)
21:36:32 [STASH_COMPACT] §f                §3§l>>> §3§lCLICK HERE§b to pick them up! §3§l<<<
21:36:32 [allowed]   
21:36:34 [allowed] §2Guild > §b[MVP§c+§b] GAMEME794§f: §rbut i have no thumbs
21:36:37 [allowed] §2Guild > §a[VIP] MocyHelper §7[Co]§f: §rnogodcomplexes
21:36:43 [allowed] §2Guild > §a[VIP] MocyHelper §7[Co]§f: §ron banana profile
21:36:53 [allowed] §2Guild > §b[MVP] fury_flames§f: §ris it the thing to the left
21:37:09 [allowed] §2Guild > §a[VIP] MocyHelper §7[Co]§f: §rwyaaaa
21:37:09 [allowed] §2Guild > §b[MVP] fury_flames§f: §roh wait im on the wrong
21:37:10 [allowed] §2Guild > §a[VIP] MocyHelper §7[Co]§f: §rwya
21:37:12 [allowed] §2Guild > §a[VIP] MocyHelper §7[Co]§f: §rsmh
21:37:12 [allowed] §2Guild > §b[MVP] fury_flames§f: §rprofile
21:37:27 [allowed] §2Guild > §a[VIP] MocyHelper §7[Co]§f: §rthis
21:37:28 [allowed] §aYou earned §r§2206 GEXP §r§afrom playing SkyBlock!
21:37:33 [allowed]  
21:37:33 [STASH_COMPACT] §f                 §7You have §3771 §7materials stashed away!
21:37:33 [STASH_COMPACT] §f              §8(This totals 4 types of materials stashed!)
21:37:33 [STASH_COMPACT] §f                §3§l>>> §3§lCLICK HERE§b to pick them up! §3§l<<<
21:37:33 [allowed]   
21:37:35 [allowed] §2Guild > §b[MVP] fury_flames§f: §rah
21:37:42 [allowed] §2Guild > §a[VIP] MocyHelper §7[Co]§f: §rhe made it himself lol
21:37:44 [allowed] §2Guild > §b[MVP] fury_flames§f: §rok
21:37:53 [allowed] §2Guild > §b[MVP] fury_flames§f: §rill do tht sometime inthe future
21:37:56 [allowed] §2Guild > §b[MVP] fury_flames§f: §rprobably today
21:37:59 [allowed] §2Guild > §a[VIP] MocyHelper §7[Co]§f: §rgood
21:37:59 [allowed] §2Guild > §b[MVP] fury_flames§f: §rlets run dungeons!
21:38:06 [allowed] §2Guild > §b[MVP§c+§b] GAMEME794§f: §rparty
21:38:06 [allowed] §2Guild > §a[VIP] MocyHelper §7[Co]§f: §rkrith wanna come with us
21:38:10 [allowed] §9§m-----------------------------------------------------§r§9
§r§a[VIP] MocyHelper §r§ehas invited you to join their party!
§r§eYou have §r§c60 §r§eseconds to accept. §r§6Click here to join!§r§9
§r§9§m-----------------------------------------------------
21:38:12 [allowed] §9§m-----------------------------------------------------
21:38:12 [allowed] §eYou have joined §r§a[VIP] MocyHelper's §r§eparty!
21:38:12 [allowed] §f
21:38:12 [allowed] §eYou'll be partying with: §r§b[MVP] fury_flames
21:38:12 [allowed] §9§m-----------------------------------------------------
21:38:22 [allowed]  §9§l» §aMocyHelper §eis traveling to §aDungeon Hub §e§lFOLLOW
21:38:26 [allowed] §7Warping using transfer token...
21:38:26 [allowed] §7Sending to server mini228A...
21:38:26 [allowed] §8 §r§8 §r§1 §r§3 §r§3 §r§7 §r§8 
21:38:29 [allowed] §aYou are playing on profile: §eCucumber
21:38:29 [allowed] §8Profile ID: d3b760d9-e0d9-41d4-8f47-31e118afcace
21:38:30 [allowed]  
21:38:30 [STASH_COMPACT] §f                 §7You have §3771 §7materials stashed away!
21:38:30 [STASH_COMPACT] §f              §8(This totals 4 types of materials stashed!)
21:38:30 [STASH_COMPACT] §f                §3§l>>> §3§lCLICK HERE§b to pick them up! §3§l<<<
21:38:30 [allowed]   
21:38:38 [allowed] §aYou have selected the §r§bBerserk §r§aDungeon Class!
21:38:41 [allowed] §9§m-----------------------------
§r§a[VIP] MocyHelper§r§f §r§eentered §r§aThe Catacombs§r§e, §r§eFloor IV§r§e!
§r§9§m-----------------------------
21:38:42 [allowed] §7Sending to server mini197BQ...
21:38:43 [allowed] §8 §r§8 §r§1 §r§3 §r§3 §r§7 §r§8 
21:38:46 [allowed] §bGAMEME794§r§a is now ready!
21:38:46 [allowed] §aMocyHelper§r§a is now ready!
21:38:46 [allowed] §aYou are playing on profile: §eCucumber
21:38:46 [allowed] §8Profile ID: d3b760d9-e0d9-41d4-8f47-31e118afcace
21:38:46 [allowed]  
21:38:46 [STASH_COMPACT] §f                 §7You have §3771 §7materials stashed away!
21:38:46 [STASH_COMPACT] §f              §8(This totals 4 types of materials stashed!)
21:38:46 [STASH_COMPACT] §f                §3§l>>> §3§lCLICK HERE§b to pick them up! §3§l<<<
21:38:46 [allowed]   
21:38:47 [allowed]  
21:38:47 [STASH_COMPACT] §f                 §7You have §3771 §7materials stashed away!
21:38:47 [STASH_COMPACT] §f              §8(This totals 4 types of materials stashed!)
21:38:47 [STASH_COMPACT] §f                §3§l>>> §3§lCLICK HERE§b to pick them up! §3§l<<<
21:38:47 [allowed]   
21:38:52 [allowed] §bfury_flames§r§a is now ready!
21:38:52 [allowed] §bfury_flames§r§a selected the Berserk §r§aClass!
21:38:52 [allowed] §bfury_flames§r§a selected the Mage §r§aClass!
21:38:52 [allowed] §aStarting in 4 seconds.
21:38:53 [allowed] §aStarting in 3 seconds.
21:38:54 [allowed] §aStarting in 2 seconds.
21:38:55 [allowed] §aStarting in 1 second.
21:38:56 [allowed] §6Your §r§aBerserk §r§6stats are doubled because you are the only player using this class!
21:38:56 [allowed] §a[Berserk] §r§fMelee Damage §r§c50.4%§r§f -> §r§a90.4%
21:38:56 [allowed] §a[Berserk] §r§fWalk Speed §r§c40.4§r§f -> §r§a70.4
21:38:56 [allowed] §a[Berserk] §r§fBloodlust Damage §r§c30.4%§r§f -> §r§a50.4%
21:38:56 [allowed] §a[Berserk] §r§fLust For Blood Damage Increase Cap §r§c600%§r§f -> §r§a850%
21:38:56 [allowed] §a[Berserk] §r§fLust For Blood Damage Increase Per Hit §r§c30.6%§r§f -> §r§a45.6%
21:38:56 [allowed] §a[Berserk] §r§fIndomitable Strength to Defense §r§c7.6%§r§f -> §r§a12.6%
21:38:56 [allowed] §a[Berserk] §r§fWeapon Master Swing Range Increase §r§c3.6§r§f -> §r§a4.1
21:38:56 [allowed] §a[Berserk] §r§fBloodlust Heal Percent §r§c3%§r§f -> §r§a6%
21:38:56 [allowed] §a[Berserk] §r§fBloodlust Duration §r§c5§r§f -> §r§a10
21:38:56 [allowed] §e[NPC] §bMort§f: §rHere, I found this map when I first entered the dungeon.
21:38:58 [allowed] §e[NPC] §bMort§f: §rYou should find it useful if you get lost.
21:38:59 [allowed] §e§lBerserk Milestone §r§e❶§r§7: You have dealt §r§c250,000§r§7 Total Damage so far! §r§a02s
21:39:00 [allowed] §e[NPC] §bMort§f: §rGood luck.
21:39:05 [allowed] §b[MVP] fury_flames§r§f §r§ehas obtained §r§a§r§6§r§8Wither Key§r§e!
21:39:05 [allowed] §e§lRIGHT CLICK §r§7on §r§7a §r§8WITHER §r§7door§r§7 to open it. This key can only be used to open §r§a1§r§7 door!
21:39:05 [allowed] §a§r§aMocyHelper§r§a opened a §r§8§lWITHER §r§adoor!
21:39:05 [allowed] §b[MVP] fury_flames§r§f §r§ehas obtained §r§a§r§9Superboom TNT §r§8x2§r§e!
21:39:10 [allowed] §cThere are blocks in the way!
21:39:10 [allowed] §cThere are blocks in the way!
21:39:10 [allowed] §cThere are blocks in the way!
21:39:11 [allowed] §6Ragnarok§r§a is ready to use! Press §r§6§lDROP§r§a to activate it!
21:39:13 [allowed] §e§lBerserk Milestone §r§e❷§r§7: You have dealt §r§c1,250,000§r§7 Total Damage so far! §r§a16s
21:39:13 [allowed] §a§l+5 Kill Combo §r§b+3% §r§b✯ Magic Find
21:39:13 [allowed] §7Your Witherborn hit §r§c3 §r§7enemies for §r§c2,210,158.1 §r§7damage.
21:39:13 [allowed] §a§l+10 Kill Combo §r§8+§r§610 §r§7coins per kill
21:39:17 [allowed] §6§lDUNGEON BUFF! §r§fYou found a §r§dBlessing of Wisdom I§r§f!
21:39:17 [allowed]      §r§7Granted you §r§a§r§a+6§r§7 & §r§a+1.03x §r§b✎ Intelligence §r§7and §r§a+4.8 §r§f✦ Speed§r§7.
21:39:19 [allowed] §cYour Kill Combo has expired! You reached a 10 Kill Combo!
21:39:31 [allowed] §6§lDUNGEON BUFF! §r§bfury_flames §r§ffound a §r§dBlessing of Life I§r§f!
21:39:31 [allowed]      §r§7Granted you §r§a§r§a+1.04x HP §r§7and §r§a§r§a+1.04x §r§c❣ Health Regen§r§7.
21:39:32 [allowed] §cThe Arrow Trap hit you for 2,982.3 damage!
21:39:35 [allowed] §6§lDUNGEON BUFF! §r§fYou found a §r§dBlessing of Stone I§r§f!
21:39:35 [allowed]      §r§7Granted you §r§a§r§a+6§r§7 & §r§a+1.03x §r§a❈ Defense §r§7and §r§a+7.2 §r§c❁ Damage§r§7.
21:39:42 [allowed] §6Ragnarok§r§a is ready to use! Press §r§6§lDROP§r§a to activate it!
21:39:42 [allowed] §cThere are blocks in the way!
21:39:45 [allowed] §a[VIP] MocyHelper§r§f §r§ehas obtained §r§a§r§6§r§8Wither Key§r§e!
21:39:45 [allowed] §e§lRIGHT CLICK §r§7on §r§7a §r§8WITHER §r§7door§r§7 to open it. This key can only be used to open §r§a1§r§7 door!
21:39:45 [allowed] §a[VIP] MocyHelper§r§f §r§ehas obtained §r§a§r§6Revive Stone§r§e!
21:39:46 [allowed] §cThere are blocks in the way!
21:39:47 [allowed]  
21:39:47 [STASH_COMPACT] §f                 §7You have §3771 §7materials stashed away!
21:39:47 [STASH_COMPACT] §f              §8(This totals 4 types of materials stashed!)
21:39:47 [STASH_COMPACT] §f                §3§l>>> §3§lCLICK HERE§b to pick them up! §3§l<<<
21:39:47 [allowed]   
21:39:47 [allowed] §7Your Witherborn hit §r§c1 §r§7enemy for §r§c26,112.1 §r§7damage.
21:39:48 [allowed] §a§r§aMocyHelper§r§a opened a §r§8§lWITHER §r§adoor!
21:39:54 [allowed] §cThere are blocks in the way!
21:40:00 [allowed] §cThere are blocks in the way!
21:40:00 [allowed] §cThere are blocks in the way!
21:40:00 [allowed] §eA §r§a§r§6§r§8Wither Key§r§e was picked up!
21:40:00 [allowed] §e§lRIGHT CLICK §r§7on §r§7a §r§8WITHER §r§7door§r§7 to open it. This key can only be used to open §r§a1§r§7 door!
21:40:02 [allowed] §6§lESSENCE! §r§bfury_flames §r§ffound §r§6x10 Gold Essence§r§f!
21:40:05 [allowed] §cThere are blocks in the way!
21:40:06 [allowed] §fYou found a §r§dWither Essence§r§f! Everyone gains an extra essence!
21:40:09 [allowed] §cThere are blocks in the way!
21:40:10 [allowed] §a§r§aMocyHelper§r§a opened a §r§8§lWITHER §r§adoor!
21:40:12 [allowed] §6Ragnarok§r§a is ready to use! Press §r§6§lDROP§r§a to activate it!
21:40:12 [allowed] §cThere are blocks in the way!
21:40:13 [allowed] §cThere are blocks in the way!
21:40:13 [allowed] §cThere are blocks in the way!
21:40:13 [allowed] §cThere are blocks in the way!
21:40:14 [allowed] §cThere are blocks in the way!
21:40:14 [allowed] §cThere are blocks in the way!
21:40:14 [allowed] §cThere are blocks in the way!
21:40:15 [allowed] §cThere are blocks in the way!
21:40:15 [allowed] §cThere are blocks in the way!
21:40:15 [allowed] §cThere are blocks in the way!
21:40:15 [allowed] §cThere are blocks in the way!
21:40:15 [allowed] §cThere are blocks in the way!
21:40:16 [allowed] §7Your Witherborn hit §r§c1 §r§7enemy for §r§c632,377.9 §r§7damage.
21:40:18 [allowed] §6§lDUNGEON BUFF! §r§bfury_flames §r§ffound a §r§dBlessing of Power II§r§f!
21:40:18 [allowed]      §r§7Granted you §r§a§r§a+12§r§7 & §r§a+1.06x §r§c❁ Strength§r§7.
21:40:18 [allowed]      §r§7Also granted you §r§a§r§a+12§r§7 & §r§a+1.06x §r§9☠ Crit Damage§r§7.
21:40:27 [allowed] §a[VIP] MocyHelper§r§f §r§ehas obtained §r§a§r§c§r§cBlood Key§r§e!
21:40:27 [allowed] §e§lRIGHT CLICK §r§7on §r§7the §r§cBLOOD DOOR§r§7 to open it. This key can only be used to open §r§a1§r§7 door!
21:40:27 [allowed] §a[VIP] MocyHelper§r§f §r§ehas obtained §r§a§r§6Revive Stone§r§e!
21:40:36 [allowed] §cThe Arrow Trap hit you for 2,982.3 damage!
21:40:37 [allowed] §6§lDUNGEON BUFF! §r§aMocyHelper §r§ffound a §r§dBlessing of Stone I§r§f!
21:40:37 [allowed]      §r§7Granted you §r§a§r§a+6§r§7 & §r§a+1.03x §r§a❈ Defense §r§7and §r§a+7.2 §r§c❁ Damage§r§7.
21:40:38 [allowed] §cThe Arrow Trap hit you for 2,982.3 damage!
21:40:38 [allowed] §c ☠ §r§7You died to a trap and became a ghost§r§7.
21:40:47 [allowed] §2Guild > §b[MVP§c+§b] GAMEME794§f: §rlol
21:40:52 [allowed] §2Guild > §a[VIP] MocyHelper §7[Co]§f: §rhow
21:40:57 [allowed] §2Guild > §b[MVP§c+§b] GAMEME794§f: §rtrap
21:40:58 [allowed] §cThe §r§c§lBLOOD DOOR§r§c has been opened!
21:40:58 [allowed] §5A shiver runs down your spine...
21:40:59 [allowed] §c[BOSS] The Watcher§r§f: You've managed to scratch and claw your way here, eh?
21:41:02 [allowed] §aYou hit §r§bfury_flames §r§awith your Buff Potion§r§a!
21:41:03 [allowed] §c[BOSS] The Watcher§r§f: Don't even think about trying to outwit me this time!
21:41:07 [allowed] §c[BOSS] The Watcher§r§f: My Watchful Eyes are keeping §r§ftheir...eyes...on§r§f you!
21:41:07 [allowed] §2Guild > §b[MVP§c+§b] GAMEME794§f: §rrevive
21:41:15 [allowed] §c[BOSS] The Watcher§r§f: Hmmm... this one!
21:41:17 [allowed] §6§lDUNGEON BUFF! §r§bfury_flames §r§ffound a §r§dBlessing of Power I§r§f!
21:41:18 [allowed] §c[BOSS] The Watcher§r§f: Go, fight!
21:41:18 [allowed] §a ❣ §r§7§r§bGAMEME794§r§a was revived by §r§aMocyHelper§r§a!
21:41:21 [allowed] §c[BOSS] The Watcher§r§f: You'll do.
21:41:24 [allowed] §c[BOSS] The Watcher§r§f: Let's see how you can handle this.
21:41:29 [allowed] §e§lBerserk Milestone §r§e❸§r§7: You have dealt §r§c5,000,000§r§7 Total Damage so far! §r§a02m 32s
21:41:29 [allowed] §7Your Witherborn hit §r§c2 §r§7enemies for §r§c1,876,213.3 §r§7damage.
21:41:31 [allowed] §c[BOSS] The Watcher§r§f: You'll do.
21:41:32 [allowed] §a§l+5 Kill Combo §r§b+3% §r§b✯ Magic Find
21:41:34 [allowed] §b[MVP§r§c+§r§b] GAMEME794§r§f §r§ehas obtained §r§a§r§9Superboom TNT §r§8x2§r§e!
21:41:36 [allowed] §6§lDUNGEON BUFF! §r§aMocyHelper §r§ffound a §r§dBlessing of Life II§r§f!
21:41:36 [allowed]      §r§7Granted you §r§a§r§a+1.09x HP §r§7and §r§a§r§a+1.09x §r§c❣ Health Regen§r§7.
21:41:40 [allowed] §cYour Kill Combo has expired! You reached a 5 Kill Combo!
21:41:43 [allowed] §cYou hear the sound of something opening...
21:41:43 [allowed] §6Ragnarok§r§a is ready to use! Press §r§6§lDROP§r§a to activate it!
21:41:48 [allowed]  
21:41:48 [STASH_COMPACT] §f                 §7You have §3771 §7materials stashed away!
21:41:48 [STASH_COMPACT] §f              §8(This totals 4 types of materials stashed!)
21:41:48 [STASH_COMPACT] §f                §3§l>>> §3§lCLICK HERE§b to pick them up! §3§l<<<
21:41:48 [allowed]   
21:41:57 [allowed] §c ☠ §r§7§r§bfury_flames§r§7 was killed by Crypt Lurker§r§7 and became a ghost§r§7.
21:41:59 [allowed] §2Guild > §b[MVP] fury_flames§f: §rdang it.
21:42:03 [allowed] §6§lDUNGEON BUFF! §r§aMocyHelper §r§ffound a §r§dBlessing of Life I§r§f!
21:42:03 [allowed]      §r§7Granted you §r§a§r§a+1.04x HP §r§7and §r§a§r§a+1.04x §r§c❣ Health Regen§r§7.
21:42:04 [allowed] §aUsed §r§6Throwing Axe§r§a!
21:42:07 [allowed] §cThis ability is on cooldown for 7s.
21:42:07 [allowed] §cThis ability is on cooldown for 27s.
21:42:12 [allowed] §2Guild > §a[VIP] MocyHelper §7[Co]§f: §rdon't rev
21:42:15 [allowed] §2Guild > §b[MVP] fury_flames§f: §rwht
21:42:16 [allowed] §6Ragnarok§r§a is ready to use! Press §r§6§lDROP§r§a to activate it!
21:42:16 [allowed] §2Guild > §b[MVP] fury_flames§f: §ry
21:42:17 [allowed] §aUsed §r§6Throwing Axe§r§a!
21:42:17 [allowed] §cThis ability is on cooldown for 17s.
21:42:17 [allowed] §a§r§6Throwing Axe §r§ais now available!
21:42:17 [allowed] §c[BOSS] The Watcher§r§f: Hmmm... this one!
21:42:20 [allowed] §2Guild > §a[VIP] MocyHelper §7[Co]§f: §rpoints
21:42:20 [allowed] §a§lPUZZLE SOLVED! §r§bGAMEME794 §r§etied Tic Tac Toe! §r§4G§r§co§r§6o§r§ed§r§a §r§2j§r§bo§r§3b§r§5!
21:42:23 [allowed] §c[BOSS] The Watcher§r§f: You'll do.
21:42:23 [allowed] §2Guild > §b[MVP] fury_flames§f: §rits paul tho
21:42:26 [allowed] §6§lDUNGEON BUFF! §r§fYou found a §r§dBlessing of Life V§r§f!
21:42:26 [allowed]      §r§7Granted you §r§a§r§a+1.23x HP §r§7and §r§a§r§a+1.23x §r§c❣ Health Regen§r§7.
21:42:26 [allowed] §c[BOSS] The Watcher§r§f: A Wandering Soul? Don't you guys have a healer?
21:42:27 [allowed] §a§r§6Throwing Axe §r§ais now available!
21:42:30 [allowed] §cThere are blocks in the way!
21:42:31 [allowed] §cThere are blocks in the way!
21:42:32 [allowed] §2Guild > §a[VIP] MocyHelper §7[Co]§f: §rdoesn't mean dying don't lose points
21:42:34 [allowed] §cThere are blocks in the way!
21:42:34 [allowed] §cThere are blocks in the way!
21:42:35 [allowed] §cThere are blocks in the way!
21:42:40 [allowed] §2Guild > §b[MVP] fury_flames§f: §ri was doin secrets
21:42:47 [allowed] §6Ragnarok§r§a is ready to use! Press §r§6§lDROP§r§a to activate it!
21:42:49 [allowed] §c[BOSS] The Watcher§r§f: That will be enough for now.
21:42:49 [allowed] §a ❣ §r§7§r§aMocyHelper §r§7is reviving §r§bfury_flames§r§7!
21:42:52 [allowed]  
21:42:52 [STASH_COMPACT] §f                 §7You have §3771 §7materials stashed away!
21:42:52 [STASH_COMPACT] §f              §8(This totals 4 types of materials stashed!)
21:42:52 [STASH_COMPACT] §f                §3§l>>> §3§lCLICK HERE§b to pick them up! §3§l<<<
21:42:52 [allowed]   
21:42:53 [allowed] §eA §r§a§r§dBlessing of Wisdom§r§e was picked up!
21:42:53 [allowed] §6§lDUNGEON BUFF! §r§fA §r§dBlessing of Wisdom V§r§f was found! (§r§a03m 56s§r§f)
21:42:53 [allowed]      §r§7Granted you §r§a§r§a+30§r§7 & §r§a+1.15x §r§b✎ Intelligence §r§7and §r§a+24 §r§f✦ Speed§r§7.
21:42:55 [allowed] §a ❣ §r§7§r§bfury_flames§r§a was revived by §r§aMocyHelper§r§a!
21:42:57 [allowed] §cThere are blocks in the way!
21:42:57 [allowed] §cThere are blocks in the way!
21:42:57 [allowed] §cThere are blocks in the way!
21:42:57 [allowed] §cThere are blocks in the way!
21:42:58 [allowed] §cThere are blocks in the way!
21:42:58 [allowed] §cThere are blocks in the way!
21:42:59 [allowed] §cThere are blocks in the way!
21:42:59 [allowed] §cThere are blocks in the way!
21:42:59 [allowed] §7Your Witherborn hit §r§c3 §r§7enemies for §r§c1,938,822.4 §r§7damage.
21:43:04 [allowed] §a§l+5 Kill Combo §r§b+3% §r§b✯ Magic Find
21:43:14 [allowed] §cThere are blocks in the way!
21:43:14 [allowed] §cYour Kill Combo has expired! You reached a 8 Kill Combo!
21:43:14 [allowed] §cThere are blocks in the way!
21:43:15 [allowed] §cThere are blocks in the way!
21:43:18 [allowed] §6Ragnarok§r§a is ready to use! Press §r§6§lDROP§r§a to activate it!
21:43:18 [allowed] §cThere are blocks in the way!
21:43:18 [allowed] §cThere are blocks in the way!
21:43:26 [allowed] §aUsed §r§6Throwing Axe§r§a!
21:43:26 [allowed] §a§l+5 Kill Combo §r§b+3% §r§b✯ Magic Find
21:43:26 [allowed] §7Your Giant's Sword hit §r§c1 §r§7enemy for §r§c2,213,768 §r§7damage.
21:43:31 [allowed] §7Your Witherborn hit §r§c1 §r§7enemy for §r§c1,017,308.9 §r§7damage.
21:43:34 [allowed] §cThere are blocks in the way!
21:43:34 [allowed] §cThere are blocks in the way!
21:43:35 [allowed] §a[VIP] MocyHelper§r§f §r§ehas obtained §r§a§r§9Superboom TNT§r§e!
21:43:35 [allowed] §a[VIP] MocyHelper§r§f §r§ehas obtained §r§a§r§dBlessing of Power§r§e!
21:43:35 [allowed] §6§lDUNGEON BUFF! §r§aMocyHelper §r§ffound a §r§dBlessing of Power V§r§f! (§r§a04m 38s§r§f)
21:43:35 [allowed]      §r§7Granted you §r§a§r§a+30§r§7 & §r§a+1.15x §r§c❁ Strength§r§7.
21:43:35 [allowed]      §r§7Also granted you §r§a§r§a+30§r§7 & §r§a+1.15x §r§9☠ Crit Damage§r§7.
21:43:36 [allowed] §a§r§6Throwing Axe §r§ais now available!
21:43:36 [allowed] §cThere are blocks in the way!
21:43:40 [allowed] §cThere are blocks in the way!
21:43:43 [allowed] §a§l+10 Kill Combo §r§8+§r§610 §r§7coins per kill
21:43:46 [allowed] §6§lESSENCE! §r§bfury_flames §r§ffound §r§5x10 Spider Essence§r§f!
21:43:48 [allowed] §6Ragnarok§r§a is ready to use! Press §r§6§lDROP§r§a to activate it!
21:43:49 [allowed] §aYou earned §r§2323 GEXP §r§afrom playing SkyBlock!
21:43:50 [allowed] §e§lBerserk Milestone §r§e❹§r§7: You have dealt §r§c12,500,000§r§7 Total Damage so far! §r§a04m 53s
21:43:53 [allowed] §cThere are blocks in the way!
21:43:53 [allowed] §cThere are blocks in the way!
21:43:53 [allowed] §cThere are blocks in the way!
21:43:53 [allowed]  
21:43:53 [STASH_COMPACT] §f                 §7You have §3771 §7materials stashed away!
21:43:53 [STASH_COMPACT] §f              §8(This totals 4 types of materials stashed!)
21:43:53 [STASH_COMPACT] §f                §3§l>>> §3§lCLICK HERE§b to pick them up! §3§l<<<
21:43:53 [allowed]   
21:43:54 [allowed] §cThere are blocks in the way!
21:43:54 [allowed] §cThere are blocks in the way!
21:43:54 [allowed] §cThere are blocks in the way!
21:43:55 [allowed] §cYour Kill Combo has expired! You reached a 13 Kill Combo!
21:44:06 [allowed] §6§lDUNGEON BUFF! §r§aMocyHelper §r§ffound a §r§dBlessing of Wisdom V§r§f!
21:44:06 [allowed]      §r§7Granted you §r§a§r§a+30§r§7 & §r§a+1.15x §r§b✎ Intelligence §r§7and §r§a+24 §r§f✦ Speed§r§7.
21:44:07 [allowed] §aUsed §r§6Throwing Axe§r§a!
21:44:16 [allowed] §cThere are blocks in the way!
21:44:18 [allowed] §a§r§6Throwing Axe §r§ais now available!
21:44:19 [allowed] §6Ragnarok§r§a is ready to use! Press §r§6§lDROP§r§a to activate it!
21:44:35 [allowed] §7Your Witherborn hit §r§c2 §r§7enemies for §r§c1,598,852.6 §r§7damage.
21:44:37 [allowed] §cYou hear the sound of something opening...
21:44:44 [allowed] §a§l+5 Kill Combo §r§b+3% §r§b✯ Magic Find
21:44:45 [allowed] §a§l+10 Kill Combo §r§8+§r§610 §r§7coins per kill
21:44:45 [allowed] §c[BOSS] The Watcher§r§f: Not bad.
21:44:45 [allowed] §9§l+15 Kill Combo §r§b+3% §r§b✯ Magic Find
21:44:45 [allowed] §c[BOSS] Scarf§r§f: I'll send you to the Wither Realm!
21:44:46 [allowed] §7Scarf's Wither Skull hit you for §r§c2,800§r§7 damage.
21:44:46 [allowed] §7Scarf's Wither Skull hit you for §r§c2,800§r§7 damage.
21:44:46 [allowed] §7Scarf's Wither Skull hit you for §r§c2,800§r§7 damage.
21:44:46 [allowed] §7Scarf's Wither Skull hit you for §r§c2,800§r§7 damage.
21:44:46 [allowed] §7Scarf's Wither Skull hit you for §r§c2,800§r§7 damage.
21:44:46 [allowed] §7Scarf's Wither Skull hit you for §r§c2,800§r§7 damage.
21:44:46 [allowed] §5§l+20 Kill Combo §r§8§r§3+15☯ Combat Wisdom
21:44:47 [allowed] §7Scarf's Wither Skull hit you for §r§c2,800§r§7 damage.
21:44:47 [allowed] §7Scarf's Wither Skull hit you for §r§c2,800§r§7 damage.
21:44:47 [allowed] §7Scarf's Wither Skull hit you for §r§c2,800§r§7 damage.
21:44:47 [allowed] §7Scarf's Wither Skull hit you for §r§c2,800§r§7 damage.
21:44:47 [allowed] §7Scarf's Wither Skull hit you for §r§c2,800§r§7 damage.
21:44:47 [allowed] §7Scarf's Wither Skull hit you for §r§c2,800§r§7 damage.
21:44:47 [allowed] §7Scarf's Wither Skull hit you for §r§c2,800§r§7 damage.
21:44:47 [allowed] §7Scarf's Wither Skull hit you for §r§c2,800§r§7 damage.
21:44:47 [allowed] §7Scarf's Wither Skull hit you for §r§c2,800§r§7 damage.
21:44:47 [allowed] §c[BOSS] The Watcher§r§f: I'm impressed.
21:44:48 [allowed] §7Scarf's Wither Skull hit you for §r§c2,800§r§7 damage.
21:44:48 [allowed] §7Scarf's Wither Skull hit you for §r§c2,800§r§7 damage.
21:44:48 [allowed] §7Scarf's Wither Skull hit you for §r§c2,800§r§7 damage.
21:44:48 [allowed] §7Scarf's Wither Skull hit you for §r§c2,800§r§7 damage.
21:44:48 [allowed] §7Scarf's Wither Skull hit you for §r§c2,800§r§7 damage.
21:44:48 [allowed] §7Scarf's Wither Skull hit you for §r§c2,800§r§7 damage.
21:44:48 [allowed] §7Scarf's Wither Skull hit you for §r§c2,800§r§7 damage.
21:44:48 [allowed] §7Scarf's Wither Skull hit you for §r§c2,800§r§7 damage.
21:44:48 [allowed] §7Scarf's Wither Skull hit you for §r§c2,800§r§7 damage.
21:44:48 [allowed] §7Scarf's Wither Skull hit you for §r§c2,800§r§7 damage.
21:44:48 [allowed] §7Scarf's Wither Skull hit you for §r§c2,800§r§7 damage.
21:44:48 [allowed] §7Scarf's Wither Skull hit you for §r§c2,800§r§7 damage.
21:44:48 [allowed] §7Scarf's Wither Skull hit you for §r§c2,800§r§7 damage.
21:44:48 [allowed] §7Scarf's Wither Skull hit you for §r§c2,800§r§7 damage.
21:44:48 [allowed] §7Scarf's Wither Skull hit you for §r§c2,800§r§7 damage.
21:44:48 [allowed] §7Scarf's Wither Skull hit you for §r§c2,800§r§7 damage.
21:44:48 [allowed] §7Scarf's Wither Skull hit you for §r§c2,800§r§7 damage.
21:44:48 [allowed] §7Scarf's Wither Skull hit you for §r§c2,800§r§7 damage.
21:44:49 [allowed] §7Scarf's Wither Skull hit you for §r§c2,800§r§7 damage.
21:44:49 [allowed] §7Scarf's Wither Skull hit you for §r§c2,800§r§7 damage.
21:44:49 [allowed] §7Scarf's Wither Skull hit you for §r§c2,800§r§7 damage.
21:44:49 [allowed] §7Scarf's Wither Skull hit you for §r§c2,800§r§7 damage.
21:44:49 [allowed] §7Scarf's Wither Skull hit you for §r§c2,800§r§7 damage.
21:44:49 [allowed] §7Scarf's Wither Skull hit you for §r§c2,800§r§7 damage.
21:44:49 [allowed] §6Ragnarok§r§a is ready to use! Press §r§6§lDROP§r§a to activate it!
21:44:49 [allowed] §7Scarf's Wither Skull hit you for §r§c2,800§r§7 damage.
21:44:49 [allowed] §7Scarf's Wither Skull hit you for §r§c2,800§r§7 damage.
21:44:49 [allowed] §7Scarf's Wither Skull hit you for §r§c2,800§r§7 damage.
21:44:49 [allowed] §7Scarf's Wither Skull hit you for §r§c2,800§r§7 damage.
21:44:49 [allowed] §7Scarf's Wither Skull hit you for §r§c2,800§r§7 damage.
21:44:49 [allowed] §7Scarf's Wither Skull hit you for §r§c2,800§r§7 damage.
21:44:49 [allowed] §c[BOSS] The Watcher§r§f: Aw, I liked that one.
21:44:50 [allowed] §9Party §8> §b[MVP] fury_flames§f: §rSkytils-SC > 270 score
21:44:50 [allowed] §b[MVP] fury_flames§r§f §r§ehas obtained §r§a§r§dBlessing of Life§r§e!
21:44:50 [allowed] §6§lDUNGEON BUFF! §r§bfury_flames §r§ffound a §r§dBlessing of Life V§r§f! (§r§a05m 54s§r§f)
21:44:50 [allowed]      §r§7Granted you §r§a§r§a+1.23x HP §r§7and §r§a§r§a+1.23x §r§c❣ Health Regen§r§7.
21:44:51 [allowed] §b[MVP] fury_flames§r§f §r§ehas obtained §r§a§r§9Superboom TNT§r§e!
21:44:51 [allowed] §c[BOSS] Scarf§r§f: If you win, you live. If you lose, you die. If you don't fight, you can't win.
21:44:51 [allowed] §b[MVP§r§c+§r§b] GAMEME794§r§f §r§ehas obtained §r§a§r§9Beating Heart§r§e!
21:44:53 [allowed] §cYour Kill Combo has expired! You reached a 22 Kill Combo!
21:44:54 [allowed]  
21:44:54 [STASH_COMPACT] §f                 §7You have §3771 §7materials stashed away!
21:44:54 [STASH_COMPACT] §f              §8(This totals 4 types of materials stashed!)
21:44:54 [STASH_COMPACT] §f                §3§l>>> §3§lCLICK HERE§b to pick them up! §3§l<<<
21:44:54 [allowed]   
21:45:06 [allowed] §c[BOSS] The Watcher§r§f: You have proven yourself. You may pass.
21:45:10 [allowed] §2Guild > §b[MVP§c+§b] GAMEME794§f: §rbro my ping
21:45:17 [allowed] §eA §r§a§r§dBlessing of Life§r§e was picked up!
21:45:17 [allowed] §6§lDUNGEON BUFF! §r§fA §r§dBlessing of Life V§r§f was found! (§r§a06m 20s§r§f)
21:45:17 [allowed]      §r§7Granted you §r§a§r§a+1.23x HP §r§7and §r§a§r§a+1.23x §r§c❣ Health Regen§r§7.
21:45:17 [allowed] §eA §r§a§r§dBlessing of Power§r§e was picked up!
21:45:17 [allowed] §6§lDUNGEON BUFF! §r§fA §r§dBlessing of Power V§r§f was found! (§r§a06m 20s§r§f)
21:45:17 [allowed]      §r§7Granted you §r§a§r§a+30§r§7 & §r§a+1.15x §r§c❁ Strength§r§7.
21:45:17 [allowed]      §r§7Also granted you §r§a§r§a+30§r§7 & §r§a+1.15x §r§9☠ Crit Damage§r§7.
21:45:18 [allowed] §2Guild > §b[MVP§c+§b] GAMEME794§f: §ri cant play with this
21:45:19 [allowed] §6Ragnarok§r§a is ready to use! Press §r§6§lDROP§r§a to activate it!
