20:12:11 [STASH_COMPACT] §f                 §7You have §3771 §7materials stashed away!
20:12:11 [STASH_COMPACT] §f              §8(This totals 4 types of materials stashed!)
20:12:11 [STASH_COMPACT] §f                §3§l>>> §3§lCLICK HERE§b to pick them up! §3§l<<<
20:12:11 [STASH_COMPACT]   
20:12:52 [STASH_COMPACT] §f                 §7You have §3771 §7materials stashed away!
20:12:52 [STASH_COMPACT] §f              §8(This totals 4 types of materials stashed!)
20:12:52 [STASH_COMPACT] §f                §3§l>>> §3§lCLICK HERE§b to pick them up! §3§l<<<
20:12:52 [STASH_COMPACT]   
20:13:52 [STASH_COMPACT] §f                 §7You have §3771 §7materials stashed away!
20:13:52 [STASH_COMPACT] §f              §8(This totals 4 types of materials stashed!)
20:13:52 [STASH_COMPACT] §f                §3§l>>> §3§lCLICK HERE§b to pick them up! §3§l<<<
20:13:52 [STASH_COMPACT]   
20:14:53 [STASH_COMPACT] §f                 §7You have §3771 §7materials stashed away!
20:14:53 [STASH_COMPACT] §f              §8(This totals 4 types of materials stashed!)
20:14:53 [STASH_COMPACT] §f                §3§l>>> §3§lCLICK HERE§b to pick them up! §3§l<<<
20:14:53 [STASH_COMPACT]   
20:15:54 [STASH_COMPACT] §f                 §7You have §3771 §7materials stashed away!
20:15:54 [STASH_COMPACT] §f              §8(This totals 4 types of materials stashed!)
20:15:54 [STASH_COMPACT] §f                §3§l>>> §3§lCLICK HERE§b to pick them up! §3§l<<<
20:15:54 [STASH_COMPACT]   
20:16:54 [STASH_COMPACT] §f                 §7You have §3771 §7materials stashed away!
20:16:54 [STASH_COMPACT] §f              §8(This totals 4 types of materials stashed!)
20:16:54 [STASH_COMPACT] §f                §3§l>>> §3§lCLICK HERE§b to pick them up! §3§l<<<
20:16:54 [STASH_COMPACT]   
20:17:55 [STASH_COMPACT] §f                 §7You have §3771 §7materials stashed away!
20:17:55 [STASH_COMPACT] §f              §8(This totals 4 types of materials stashed!)
20:17:55 [STASH_COMPACT] §f                §3§l>>> §3§lCLICK HERE§b to pick them up! §3§l<<<
20:17:55 [STASH_COMPACT]   
20:18:56 [STASH_COMPACT] §f                 §7You have §3771 §7materials stashed away!
20:18:56 [STASH_COMPACT] §f              §8(This totals 4 types of materials stashed!)
20:18:56 [STASH_COMPACT] §f                §3§l>>> §3§lCLICK HERE§b to pick them up! §3§l<<<
20:18:56 [STASH_COMPACT]   
20:19:56 [STASH_COMPACT] §f                 §7You have §3771 §7materials stashed away!
20:19:56 [STASH_COMPACT] §f              §8(This totals 4 types of materials stashed!)
20:19:56 [STASH_COMPACT] §f                §3§l>>> §3§lCLICK HERE§b to pick them up! §3§l<<<
20:19:56 [STASH_COMPACT]   
20:20:27 [STASH_COMPACT] §f                 §7You have §3771 §7materials stashed away!
20:20:27 [STASH_COMPACT] §f              §8(This totals 4 types of materials stashed!)
20:20:27 [STASH_COMPACT] §f                §3§l>>> §3§lCLICK HERE§b to pick them up! §3§l<<<
20:20:27 [STASH_COMPACT]   
20:20:45 [STASH_COMPACT] §f                 §7You have §3771 §7materials stashed away!
20:20:45 [STASH_COMPACT] §f              §8(This totals 4 types of materials stashed!)
20:20:45 [STASH_COMPACT] §f                §3§l>>> §3§lCLICK HERE§b to pick them up! §3§l<<<
20:20:45 [STASH_COMPACT]   
20:21:46 [STASH_COMPACT] §f                 §7You have §3771 §7materials stashed away!
20:21:46 [STASH_COMPACT] §f              §8(This totals 4 types of materials stashed!)
20:21:46 [STASH_COMPACT] §f                §3§l>>> §3§lCLICK HERE§b to pick them up! §3§l<<<
20:21:46 [STASH_COMPACT]   
20:22:30 [STASH_COMPACT] §f                 §7You have §3771 §7materials stashed away!
20:22:30 [STASH_COMPACT] §f              §8(This totals 4 types of materials stashed!)
20:22:30 [STASH_COMPACT] §f                §3§l>>> §3§lCLICK HERE§b to pick them up! §3§l<<<
20:22:30 [STASH_COMPACT]   
20:22:30 [STASH_COMPACT] §f                 §7You have §3771 §7materials stashed away!
20:22:30 [STASH_COMPACT] §f              §8(This totals 4 types of materials stashed!)
20:22:30 [STASH_COMPACT] §f                §3§l>>> §3§lCLICK HERE§b to pick them up! §3§l<<<
20:22:30 [STASH_COMPACT]   
20:23:31 [STASH_COMPACT] §f                 §7You have §3771 §7materials stashed away!
20:23:31 [STASH_COMPACT] §f              §8(This totals 4 types of materials stashed!)
20:23:31 [STASH_COMPACT] §f                §3§l>>> §3§lCLICK HERE§b to pick them up! §3§l<<<
20:23:31 [STASH_COMPACT]   
20:24:32 [STASH_COMPACT] §f                 §7You have §3771 §7materials stashed away!
20:24:32 [STASH_COMPACT] §f              §8(This totals 4 types of materials stashed!)
20:24:32 [STASH_COMPACT] §f                §3§l>>> §3§lCLICK HERE§b to pick them up! §3§l<<<
20:24:32 [STASH_COMPACT]   
20:25:32 [STASH_COMPACT] §f                 §7You have §3771 §7materials stashed away!
20:25:32 [STASH_COMPACT] §f              §8(This totals 4 types of materials stashed!)
20:25:32 [STASH_COMPACT] §f                §3§l>>> §3§lCLICK HERE§b to pick them up! §3§l<<<
20:25:32 [STASH_COMPACT]   
20:26:33 [STASH_COMPACT] §f                 §7You have §3771 §7materials stashed away!
20:26:33 [STASH_COMPACT] §f              §8(This totals 4 types of materials stashed!)
20:26:33 [STASH_COMPACT] §f                §3§l>>> §3§lCLICK HERE§b to pick them up! §3§l<<<
20:26:33 [STASH_COMPACT]   
20:27:34 [STASH_COMPACT] §f                 §7You have §3771 §7materials stashed away!
20:27:34 [STASH_COMPACT] §f              §8(This totals 4 types of materials stashed!)
20:27:34 [STASH_COMPACT] §f                §3§l>>> §3§lCLICK HERE§b to pick them up! §3§l<<<
20:27:34 [STASH_COMPACT]   
20:28:35 [STASH_COMPACT] §f                 §7You have §3771 §7materials stashed away!
20:28:35 [STASH_COMPACT] §f              §8(This totals 4 types of materials stashed!)
20:28:35 [STASH_COMPACT] §f                §3§l>>> §3§lCLICK HERE§b to pick them up! §3§l<<<
20:28:35 [STASH_COMPACT]   
20:29:35 [STASH_COMPACT] §f                 §7You have §3771 §7materials stashed away!
20:29:35 [STASH_COMPACT] §f              §8(This totals 4 types of materials stashed!)
20:29:35 [STASH_COMPACT] §f                §3§l>>> §3§lCLICK HERE§b to pick them up! §3§l<<<
20:29:35 [STASH_COMPACT]   
20:30:35 [STASH_COMPACT] §f                 §7You have §3771 §7materials stashed away!
20:30:35 [STASH_COMPACT] §f              §8(This totals 4 types of materials stashed!)
20:30:35 [STASH_COMPACT] §f                §3§l>>> §3§lCLICK HERE§b to pick them up! §3§l<<<
20:30:35 [STASH_COMPACT]   
20:31:05 [STASH_COMPACT] §f                 §7You have §3771 §7materials stashed away!
20:31:05 [STASH_COMPACT] §f              §8(This totals 4 types of materials stashed!)
20:31:05 [STASH_COMPACT] §f                §3§l>>> §3§lCLICK HERE§b to pick them up! §3§l<<<
20:31:05 [STASH_COMPACT]   
20:31:28 [STASH_COMPACT] §f                 §7You have §3771 §7materials stashed away!
20:31:28 [STASH_COMPACT] §f              §8(This totals 4 types of materials stashed!)
20:31:28 [STASH_COMPACT] §f                §3§l>>> §3§lCLICK HERE§b to pick them up! §3§l<<<
20:31:28 [STASH_COMPACT]   
20:31:58 [STASH_COMPACT] §f                 §7You have §3771 §7materials stashed away!
20:31:58 [STASH_COMPACT] §f              §8(This totals 4 types of materials stashed!)
20:31:58 [STASH_COMPACT] §f                §3§l>>> §3§lCLICK HERE§b to pick them up! §3§l<<<
20:31:58 [STASH_COMPACT]   
20:31:58 [STASH_COMPACT] §f                 §7You have §3771 §7materials stashed away!
20:31:58 [STASH_COMPACT] §f              §8(This totals 4 types of materials stashed!)
20:31:58 [STASH_COMPACT] §f                §3§l>>> §3§lCLICK HERE§b to pick them up! §3§l<<<
20:31:58 [STASH_COMPACT]   
20:32:59 [STASH_COMPACT] §f                 §7You have §3771 §7materials stashed away!
20:32:59 [STASH_COMPACT] §f              §8(This totals 4 types of materials stashed!)
20:32:59 [STASH_COMPACT] §f                §3§l>>> §3§lCLICK HERE§b to pick them up! §3§l<<<
20:32:59 [STASH_COMPACT]   
20:34:00 [STASH_COMPACT] §f                 §7You have §3771 §7materials stashed away!
20:34:00 [STASH_COMPACT] §f              §8(This totals 4 types of materials stashed!)
20:34:00 [STASH_COMPACT] §f                §3§l>>> §3§lCLICK HERE§b to pick them up! §3§l<<<
20:34:00 [STASH_COMPACT]   
20:35:02 [STASH_COMPACT] §f                 §7You have §3771 §7materials stashed away!
20:35:02 [STASH_COMPACT] §f              §8(This totals 4 types of materials stashed!)
20:35:02 [STASH_COMPACT] §f                §3§l>>> §3§lCLICK HERE§b to pick them up! §3§l<<<
20:35:02 [STASH_COMPACT]   
20:36:00 [BESTIARY] §f                                  §6§lBESTIARY
20:36:00 [BESTIARY] §f                                §b§lBat §7§8VIII §8➡§b §bIX
20:36:00 [BESTIARY] 
20:36:00 [BESTIARY] §f                                  §r§6§lREWARDS
20:36:00 [BESTIARY] §f                            §r§8+§r§a3 Bat §r§b✯ Magic Find
20:36:00 [BESTIARY] §f                             §r§8+§r§a3 Bat §r§c❁ Strength
20:36:00 [BESTIARY] §f                                §r§8+§r§62% §r§aBat §r§7coins
20:36:00 [BESTIARY] §f                    §r§8+§r§a50% §r§7chance for extra XP orbs
20:36:00 [BESTIARY] §f                               §r§8+§r§b1 SkyBlock XP
20:36:00 [BESTIARY] 
20:36:00 [BESTIARY] §3§l▬▬▬▬▬▬▬▬▬▬▬▬▬▬▬▬▬▬▬▬▬▬▬▬▬▬▬▬▬▬▬▬▬▬▬▬▬▬▬▬▬▬▬▬▬▬▬▬▬▬▬▬▬▬▬▬▬▬▬▬▬▬▬▬
20:36:03 [STASH_COMPACT] §f                 §7You have §3771 §7materials stashed away!
20:36:03 [STASH_COMPACT] §f              §8(This totals 4 types of materials stashed!)
20:36:03 [STASH_COMPACT] §f                §3§l>>> §3§lCLICK HERE§b to pick them up! §3§l<<<
20:36:03 [STASH_COMPACT]   
20:37:04 [STASH_COMPACT] §f                 §7You have §3771 §7materials stashed away!
20:37:04 [STASH_COMPACT] §f              §8(This totals 4 types of materials stashed!)
20:37:04 [STASH_COMPACT] §f                §3§l>>> §3§lCLICK HERE§b to pick them up! §3§l<<<
20:37:04 [STASH_COMPACT]   
20:38:04 [STASH_COMPACT] §f                 §7You have §3771 §7materials stashed away!
20:38:04 [STASH_COMPACT] §f              §8(This totals 4 types of materials stashed!)
20:38:04 [STASH_COMPACT] §f                §3§l>>> §3§lCLICK HERE§b to pick them up! §3§l<<<
20:38:04 [STASH_COMPACT]   
20:39:04 [STASH_COMPACT] §f                 §7You have §3771 §7materials stashed away!
20:39:04 [STASH_COMPACT] §f              §8(This totals 4 types of materials stashed!)
20:39:04 [STASH_COMPACT] §f                §3§l>>> §3§lCLICK HERE§b to pick them up! §3§l<<<
20:39:04 [STASH_COMPACT]   
20:40:04 [STASH_COMPACT] §f                 §7You have §3771 §7materials stashed away!
20:40:04 [STASH_COMPACT] §f              §8(This totals 4 types of materials stashed!)
20:40:04 [STASH_COMPACT] §f                §3§l>>> §3§lCLICK HERE§b to pick them up! §3§l<<<
20:40:04 [STASH_COMPACT]   
20:40:27 [STASH_COMPACT] §f                 §7You have §3771 §7materials stashed away!
20:40:27 [STASH_COMPACT] §f              §8(This totals 4 types of materials stashed!)
20:40:27 [STASH_COMPACT] §f                §3§l>>> §3§lCLICK HERE§b to pick them up! §3§l<<<
20:40:27 [STASH_COMPACT]   
20:40:57 [STASH_COMPACT] §f                 §7You have §3771 §7materials stashed away!
20:40:57 [STASH_COMPACT] §f              §8(This totals 4 types of materials stashed!)
20:40:57 [STASH_COMPACT] §f                §3§l>>> §3§lCLICK HERE§b to pick them up! §3§l<<<
20:40:57 [STASH_COMPACT]   
20:40:58 [STASH_COMPACT] §f                 §7You have §3771 §7materials stashed away!
20:40:58 [STASH_COMPACT] §f              §8(This totals 4 types of materials stashed!)
20:40:58 [STASH_COMPACT] §f                §3§l>>> §3§lCLICK HERE§b to pick them up! §3§l<<<
20:40:58 [STASH_COMPACT]   
20:41:58 [STASH_COMPACT] §f                 §7You have §3771 §7materials stashed away!
20:41:58 [STASH_COMPACT] §f              §8(This totals 4 types of materials stashed!)
20:41:58 [STASH_COMPACT] §f                §3§l>>> §3§lCLICK HERE§b to pick them up! §3§l<<<
20:41:58 [STASH_COMPACT]   
20:42:58 [STASH_COMPACT] §f                 §7You have §3771 §7materials stashed away!
20:42:58 [STASH_COMPACT] §f              §8(This totals 4 types of materials stashed!)
20:42:58 [STASH_COMPACT] §f                §3§l>>> §3§lCLICK HERE§b to pick them up! §3§l<<<
20:42:58 [STASH_COMPACT]   
20:43:58 [STASH_COMPACT] §f                 §7You have §3771 §7materials stashed away!
20:43:58 [STASH_COMPACT] §f              §8(This totals 4 types of materials stashed!)
20:43:58 [STASH_COMPACT] §f                §3§l>>> §3§lCLICK HERE§b to pick them up! §3§l<<<
20:43:58 [STASH_COMPACT]   
20:44:28 [STASH_COMPACT] §f                 §7You have §3771 §7materials stashed away!
20:44:28 [STASH_COMPACT] §f              §8(This totals 4 types of materials stashed!)
20:44:28 [STASH_COMPACT] §f                §3§l>>> §3§lCLICK HERE§b to pick them up! §3§l<<<
20:44:28 [STASH_COMPACT]   
20:44:41 [STASH_COMPACT] §f                 §7You have §3771 §7materials stashed away!
20:44:41 [STASH_COMPACT] §f              §8(This totals 4 types of materials stashed!)
20:44:41 [STASH_COMPACT] §f                §3§l>>> §3§lCLICK HERE§b to pick them up! §3§l<<<
20:44:41 [STASH_COMPACT]   
20:44:41 [STASH_COMPACT] §f                 §7You have §3771 §7materials stashed away!
20:44:41 [STASH_COMPACT] §f              §8(This totals 4 types of materials stashed!)
20:44:41 [STASH_COMPACT] §f                §3§l>>> §3§lCLICK HERE§b to pick them up! §3§l<<<
20:44:41 [STASH_COMPACT]   
20:45:46 [STASH_COMPACT] §f                 §7You have §3771 §7materials stashed away!
20:45:46 [STASH_COMPACT] §f              §8(This totals 4 types of materials stashed!)
20:45:46 [STASH_COMPACT] §f                §3§l>>> §3§lCLICK HERE§b to pick them up! §3§l<<<
20:45:46 [STASH_COMPACT]   
20:45:51 [STASH_COMPACT] §f                 §7You have §3771 §7materials stashed away!
20:45:51 [STASH_COMPACT] §f              §8(This totals 4 types of materials stashed!)
20:45:51 [STASH_COMPACT] §f                §3§l>>> §3§lCLICK HERE§b to pick them up! §3§l<<<
20:45:51 [STASH_COMPACT]   
20:46:14 [STASH_COMPACT] §f                 §7You have §3771 §7materials stashed away!
20:46:14 [STASH_COMPACT] §f              §8(This totals 4 types of materials stashed!)
20:46:14 [STASH_COMPACT] §f                §3§l>>> §3§lCLICK HERE§b to pick them up! §3§l<<<
20:46:14 [STASH_COMPACT]   
20:46:15 [STASH_COMPACT] §f                 §7You have §3771 §7materials stashed away!
20:46:15 [STASH_COMPACT] §f              §8(This totals 4 types of materials stashed!)
20:46:15 [STASH_COMPACT] §f                §3§l>>> §3§lCLICK HERE§b to pick them up! §3§l<<<
20:46:15 [STASH_COMPACT]   
20:47:21 [STASH_COMPACT] §f                 §7You have §3771 §7materials stashed away!
20:47:21 [STASH_COMPACT] §f              §8(This totals 4 types of materials stashed!)
20:47:21 [STASH_COMPACT] §f                §3§l>>> §3§lCLICK HERE§b to pick them up! §3§l<<<
20:47:21 [STASH_COMPACT]   
20:48:25 [STASH_COMPACT] §f                 §7You have §3771 §7materials stashed away!
20:48:25 [STASH_COMPACT] §f              §8(This totals 4 types of materials stashed!)
20:48:25 [STASH_COMPACT] §f                §3§l>>> §3§lCLICK HERE§b to pick them up! §3§l<<<
20:48:25 [STASH_COMPACT]   
20:50:18 [STASH_COMPACT] §f                 §7You have §3771 §7materials stashed away!
20:50:18 [STASH_COMPACT] §f              §8(This totals 4 types of materials stashed!)
20:50:18 [STASH_COMPACT] §f                §3§l>>> §3§lCLICK HERE§b to pick them up! §3§l<<<
20:50:18 [STASH_COMPACT]   
20:52:00 [STASH_COMPACT] §f                 §7You have §3771 §7materials stashed away!
20:52:00 [STASH_COMPACT] §f              §8(This totals 4 types of materials stashed!)
20:52:00 [STASH_COMPACT] §f                §3§l>>> §3§lCLICK HERE§b to pick them up! §3§l<<<
20:52:00 [STASH_COMPACT]   
20:53:03 [STASH_COMPACT] §f                 §7You have §3771 §7materials stashed away!
20:53:03 [STASH_COMPACT] §f              §8(This totals 4 types of materials stashed!)
20:53:03 [STASH_COMPACT] §f                §3§l>>> §3§lCLICK HERE§b to pick them up! §3§l<<<
20:53:03 [STASH_COMPACT]   
20:54:08 [STASH_COMPACT] §f                 §7You have §3771 §7materials stashed away!
20:54:08 [STASH_COMPACT] §f              §8(This totals 4 types of materials stashed!)
20:54:08 [STASH_COMPACT] §f                §3§l>>> §3§lCLICK HERE§b to pick them up! §3§l<<<
20:54:08 [STASH_COMPACT]   
20:55:14 [STASH_COMPACT] §f                 §7You have §3771 §7materials stashed away!
20:55:14 [STASH_COMPACT] §f              §8(This totals 4 types of materials stashed!)
20:55:14 [STASH_COMPACT] §f                §3§l>>> §3§lCLICK HERE§b to pick them up! §3§l<<<
20:55:14 [STASH_COMPACT]   
20:56:24 [STASH_COMPACT] §f                 §7You have §3771 §7materials stashed away!
20:56:24 [STASH_COMPACT] §f              §8(This totals 4 types of materials stashed!)
20:56:24 [STASH_COMPACT] §f                §3§l>>> §3§lCLICK HERE§b to pick them up! §3§l<<<
20:56:24 [STASH_COMPACT]   
20:57:25 [STASH_COMPACT] §f                 §7You have §3771 §7materials stashed away!
20:57:25 [STASH_COMPACT] §f              §8(This totals 4 types of materials stashed!)
20:57:25 [STASH_COMPACT] §f                §3§l>>> §3§lCLICK HERE§b to pick them up! §3§l<<<
20:57:25 [STASH_COMPACT]   
20:58:28 [STASH_COMPACT] §f                 §7You have §3771 §7materials stashed away!
20:58:28 [STASH_COMPACT] §f              §8(This totals 4 types of materials stashed!)
20:58:28 [STASH_COMPACT] §f                §3§l>>> §3§lCLICK HERE§b to pick them up! §3§l<<<
20:58:28 [STASH_COMPACT]   
20:59:05 [STASH_COMPACT] §f                 §7You have §3771 §7materials stashed away!
20:59:05 [STASH_COMPACT] §f              §8(This totals 4 types of materials stashed!)
20:59:05 [STASH_COMPACT] §f                §3§l>>> §3§lCLICK HERE§b to pick them up! §3§l<<<
20:59:05 [STASH_COMPACT]   
20:59:11 [STASH_COMPACT] §f                 §7You have §3771 §7materials stashed away!
20:59:11 [STASH_COMPACT] §f              §8(This totals 4 types of materials stashed!)
20:59:11 [STASH_COMPACT] §f                §3§l>>> §3§lCLICK HERE§b to pick them up! §3§l<<<
20:59:11 [STASH_COMPACT]   
20:59:50 [STASH_COMPACT] §f                 §7You have §3771 §7materials stashed away!
20:59:50 [STASH_COMPACT] §f              §8(This totals 4 types of materials stashed!)
20:59:50 [STASH_COMPACT] §f                §3§l>>> §3§lCLICK HERE§b to pick them up! §3§l<<<
20:59:50 [STASH_COMPACT]   
20:59:51 [STASH_COMPACT] §f                 §7You have §3771 §7materials stashed away!
20:59:51 [STASH_COMPACT] §f              §8(This totals 4 types of materials stashed!)
20:59:51 [STASH_COMPACT] §f                §3§l>>> §3§lCLICK HERE§b to pick them up! §3§l<<<
20:59:51 [STASH_COMPACT]   
21:00:51 [STASH_COMPACT] §f                 §7You have §3771 §7materials stashed away!
21:00:51 [STASH_COMPACT] §f              §8(This totals 4 types of materials stashed!)
21:00:51 [STASH_COMPACT] §f                §3§l>>> §3§lCLICK HERE§b to pick them up! §3§l<<<
21:00:51 [STASH_COMPACT]   
21:01:51 [STASH_COMPACT] §f                 §7You have §3771 §7materials stashed away!
21:01:51 [STASH_COMPACT] §f              §8(This totals 4 types of materials stashed!)
21:01:51 [STASH_COMPACT] §f                §3§l>>> §3§lCLICK HERE§b to pick them up! §3§l<<<
21:01:51 [STASH_COMPACT]   
21:02:51 [STASH_COMPACT] §f                 §7You have §3771 §7materials stashed away!
21:02:51 [STASH_COMPACT] §f              §8(This totals 4 types of materials stashed!)
21:02:51 [STASH_COMPACT] §f                §3§l>>> §3§lCLICK HERE§b to pick them up! §3§l<<<
21:02:51 [STASH_COMPACT]   
21:03:52 [STASH_COMPACT] §f                 §7You have §3771 §7materials stashed away!
21:03:52 [STASH_COMPACT] §f              §8(This totals 4 types of materials stashed!)
21:03:52 [STASH_COMPACT] §f                §3§l>>> §3§lCLICK HERE§b to pick them up! §3§l<<<
21:03:52 [STASH_COMPACT]   
