14:49:56 [allowed] §f §r§r§r§f §r§r§r§1 §r§r§r§0 §r§r§r§2 §r§r§r§f §r§r§r§f §r§r§r§2 §r§r§r§0 §r§r§r§4 §r§r§r§3 §r§r§r§9 §r§r§r§2 §r§r§r§0 §r§r§r§0 §r§r§r§3 §r§r§r§9 §r§r§r§2 §r§r§r§0 §r§r§r§0 §r§r§r§3 §r§r§r§9 §r§r§r§2 §r§r§r§0 §r§r§r§0 
14:49:56 [allowed] §b[MVP§c+§b] GAMEME794§f §6joined the lobby!
14:49:57 [allowed] §aYou have §b1 §aunclaimed leveling reward!
14:49:57 [allowed] §eClick here to view it!
14:49:57 [allowed] §aYou have §61 §aunclaimed achievement reward!
14:49:57 [allowed] §eClick here to view it!
14:49:58 [allowed] §9§m-----------------------------------------------------
14:49:58 [allowed] §cYou are not currently in a party.
14:49:58 [allowed] §9§m-----------------------------------------------------
14:50:13 [allowed] §7Sending to server mini186DB...
14:50:14 [allowed] §8 §r§8 §r§1 §r§3 §r§3 §r§7 §r§8 
14:50:14 [allowed] §aSince you've been away you earned §r§60 coins §r§aas interest in your personal bank account!
14:50:16 [allowed] 
14:50:16 [allowed] §eWelcome to §r§aHypixel SkyBlock§r§e!
14:50:16 [allowed] 
14:50:16 [allowed] §eLatest update: §bSkyBlock v0.21.3 §e§lCLICK
14:50:17 [allowed] §aYou are playing on profile: §eCucumber
14:50:17 [allowed] §8Profile ID: d3b760d9-e0d9-41d4-8f47-31e118afcace
14:50:17 [allowed]  
14:50:17 [allowed]   
14:50:18 [allowed] §6§lALLOWANCE! §r§eYou earned §r§620,000 coins§r§e!
14:50:18 [allowed]  
14:50:18 [allowed]   
14:50:57 [allowed] §7Your Witherborn hit §r§c4 §r§7enemies for §r§c3,096,136.6 §r§7damage.
14:51:08 [allowed] §7Warping...
14:51:08 [allowed] §7Sending to server mini182CC...
14:51:09 [allowed] §8 §r§8 §r§1 §r§3 §r§3 §r§7 §r§8 
14:51:12 [allowed] §aYou are playing on profile: §eCucumber
14:51:12 [allowed] §8Profile ID: d3b760d9-e0d9-41d4-8f47-31e118afcace
14:51:12 [allowed]  
14:51:12 [allowed]   
14:51:18 [allowed]  
14:51:18 [allowed]   
14:51:30 [allowed] §7Claiming upgrade...
14:51:30 [allowed] §e§ka§a>>   §aAchievement Unlocked: §6§r§6Deep Storage§r§a   <<§e§ka
14:51:30 [allowed] §eYou claimed the §r§aEnder Chest Pages I §r§eupgrade!
14:51:51 [allowed] §c ☠ §r§7§r§aKayEssGee§r§7 was killed by Sven Packmaster§r§7§r§7.
14:51:52 [allowed] §7Starting account upgrade...
14:51:52 [allowed] §eYou started the §r§aAccessory Bag II §r§eupgrade!
14:52:19 [allowed]  
14:52:19 [allowed]   
14:53:15 [allowed] §aYou earned §r§2100 GEXP §r§afrom playing SkyBlock!
14:53:19 [allowed] §aYou summoned your §r§6Wither Skeleton§r§a!
14:53:20 [allowed]  
14:53:20 [allowed]   
14:53:31 [allowed] §7Warping you to your SkyBlock island...
14:53:32 [allowed] §7Sending to server mini28AG...
14:53:32 [allowed] §8 §r§8 §r§1 §r§3 §r§3 §r§7 §r§8 
14:53:35 [allowed] §aYou are playing on profile: §eCucumber
14:53:35 [allowed] §8Profile ID: d3b760d9-e0d9-41d4-8f47-31e118afcace
14:53:35 [allowed]  
14:53:35 [allowed]   
14:53:36 [allowed]  
14:53:36 [allowed]   
14:54:03 [allowed] §e⚠ §aYour drops can't be seen by other players in §bSkyBlock§a!
§aOnly you can pickup your dropped items!
§eClick here to disable this alert forever!
14:54:03 [allowed] §e⚠ §aYour drops can't be seen by other players in §bSkyBlock§a!
§aOnly you can pickup your dropped items!
§eClick here to disable this alert forever!
14:54:06 [allowed] §e⚠ §aYour drops can't be seen by other players in §bSkyBlock§a!
§aOnly you can pickup your dropped items!
§eClick here to disable this alert forever!
14:54:14 [allowed] §7[§bSkyblockAddons§7] §aTIP: You can adjust the scaling with the mouse wheel and increase the ratio by holding Shift. With right mouse click you can change the scale of that feature to default. You can also move the hovered feature with the WASD or arrow keys. You can also open the settings by hovering your mouse over the feature you want to open the settings for and clicking the mouse wheel button.
14:54:37 [allowed]  
14:54:37 [allowed]   
14:55:37 [allowed]  
14:55:37 [allowed]   
14:56:37 [allowed]  
14:56:37 [allowed]   
14:56:39 [allowed] §7Sending to server mini144CS...
14:56:40 [allowed] §8 §r§8 §r§1 §r§3 §r§3 §r§7 §r§8 
14:56:41 [allowed] §d§lHOPPITY'S HUNT §r§dA §r§9Chocolate Lunch Egg §r§dhas appeared!
14:56:43 [allowed] §aYou are playing on profile: §eCucumber
14:56:43 [allowed] §8Profile ID: d3b760d9-e0d9-41d4-8f47-31e118afcace
14:56:43 [allowed]  
14:56:43 [allowed]   
14:57:00 [allowed] §c ☠ §r§7§r§bWaraioni§r§7 was killed by Treasure Hoarder§r§7§r§7.
14:57:05 [allowed]  
14:57:05 [allowed]   
14:58:06 [allowed]  
14:58:06 [allowed]   
14:58:06 [allowed] §c ☠ §r§7§r§bWaraioni§r§7 was killed by Treasure Hoarder§r§7§r§7.
14:58:54 [allowed] Unknown command. Type "/help" for help. ('sg')
14:59:06 [allowed]  
14:59:06 [allowed]   
15:00:02 [allowed] §aYou earned §r§281 GEXP §r§afrom playing SkyBlock!
15:00:07 [allowed]  
15:00:07 [allowed]   
15:01:08 [allowed]  
15:01:08 [allowed]   
15:02:08 [allowed]  
15:02:08 [allowed]   
15:02:32 [allowed] §d§lHOPPITY'S HUNT §r§dA §r§aChocolate Dinner Egg §r§dhas appeared!
15:03:09 [allowed]  
15:03:09 [allowed]   
15:03:34 [allowed] §d§lHOPPITY'S HUNT §r§dYou found a §r§9Chocolate Lunch Egg §r§dunderneath the gold gate§r§d!
15:03:34 [allowed] §D§LHOPPITY'S HUNT §7You found §aAlpaca §7(§A§LUNCOMMON§7)!
15:03:34 [allowed] §d§lNEW RABBIT! §6+2 Chocolate §7and §6+0.003x Chocolate §7per second!
15:04:10 [allowed]  
15:04:10 [allowed]   
15:04:18 [allowed] §cYou haven't unlocked this fast travel destination!
15:04:21 [allowed] §cYou haven't unlocked this fast travel destination!
15:04:29 [allowed] §cYou haven't unlocked this fast travel destination!
15:04:31 [allowed] §cYou haven't unlocked this fast travel destination!
15:04:38 [allowed] §7Warping...
15:04:38 [allowed] §7Sending to server mini19BA...
15:04:39 [allowed] §8 §r§8 §r§1 §r§3 §r§3 §r§7 §r§8 
15:04:42 [allowed] §aYou are playing on profile: §eCucumber
15:04:42 [allowed] §8Profile ID: d3b760d9-e0d9-41d4-8f47-31e118afcace
15:04:42 [allowed]  
15:04:42 [allowed]   
15:04:46 [allowed] §cYou haven't unlocked this fast travel destination!
15:05:18 [allowed]  
15:05:18 [allowed]   
15:05:22 [allowed] §7Putting coins in escrow...
15:05:22 [allowed] §7Processing purchase...
15:05:22 [allowed] §eYou purchased §r§f§r§f§r§5Travel Scroll to Spider's Den Top of Nest §r§efor §r§65,000 coins§r§e!
15:05:22 [allowed] §eVisit the Auction House to collect your item!
15:06:14 [allowed] §aYou earned §r§250 GEXP §r§afrom playing SkyBlock!
15:06:18 [allowed]  
15:06:18 [allowed]   
15:06:27 [allowed] §eYou claimed §r§f§r§5Travel Scroll to Spider's Den Top of Nest §r§efrom §r§7XFirst_Z§r§e's auction!
15:06:29 [allowed] §cYou already unlocked this Fast Travel!
15:06:35 [allowed] §cYou already unlocked this Fast Travel!
15:06:37 [allowed] §cYou already unlocked this Fast Travel!
15:06:41 [allowed] §7Warping...
15:06:41 [allowed] §7Sending to server mini73CE...
15:06:41 [allowed] §8 §r§8 §r§1 §r§3 §r§3 §r§7 §r§8 
15:06:45 [allowed] §aYou are playing on profile: §eCucumber
15:06:45 [allowed] §8Profile ID: d3b760d9-e0d9-41d4-8f47-31e118afcace
15:06:45 [allowed]  
15:06:45 [allowed]   
15:06:57 [allowed] §cThere are blocks in the way!
15:07:02 [allowed] Unknown command. Type "/help" for help. ('sab')
15:07:16 [allowed]  
15:07:16 [allowed]   
15:07:24 [allowed] §7Sending to server mini150DT...
15:07:24 [allowed] §8 §r§8 §r§1 §r§3 §r§3 §r§7 §r§8 
15:07:28 [allowed] §aYou are playing on profile: §eCucumber
15:07:28 [allowed] §8Profile ID: d3b760d9-e0d9-41d4-8f47-31e118afcace
15:07:28 [allowed]  
15:07:28 [allowed]   
15:07:36 [allowed] §aYou summoned your §r§6Wolf§r§a!
15:08:04 [allowed] §a§l+5 Kill Combo §r§b+3% §r§b✯ Magic Find
15:08:05 [allowed] §aYour §r§6Wolf §r§aleveled up to level §r§910§r§a!
15:08:05 [allowed] §7Your Witherborn hit §r§c1 §r§7enemy for §r§c832,546.4 §r§7damage.
15:08:09 [allowed] §cYou need to kill Revenant Horror V §r§cto damage this!
15:08:09 [allowed] §eVisit Maddox in the Hub's tavern to complete Slayer quests!
15:08:09 [allowed] §cYou need to kill Revenant Horror V §r§cto damage this!
15:08:09 [allowed] §eVisit Maddox in the Hub's tavern to complete Slayer quests!
15:08:12 [allowed] §cYour Kill Combo has expired! You reached a 6 Kill Combo!
15:08:17 [allowed]  
15:08:17 [allowed]   
15:08:17 [allowed] §a§l+5 Kill Combo §r§b+3% §r§b✯ Magic Find
15:08:20 [allowed] §6§lSLAYER MINI-BOSS §r§4§lDeformed Revenant§r§7 has spawned!
15:08:21 [allowed] §a§l+10 Kill Combo §r§8+§r§610 §r§7coins per kill
15:08:22 [allowed] §aYour §r§6Wolf §r§aleveled up to level §r§912§r§a!
15:08:26 [allowed] §6[Sacks] §r§a+21§r§e items§r§e.§r§8 (Last 10s.)
15:08:30 [allowed] §cYour Kill Combo has expired! You reached a 14 Kill Combo!
15:08:31 [allowed] §cYou must be admin or higher to use this command!
15:08:50 [allowed] §6§lSLAYER MINI-BOSS §r§c§lRevenant Champion§r§7 has spawned!
15:08:53 [allowed] §aYour §r§6Wolf §r§aleveled up to level §r§913§r§a!
15:08:57 [allowed] §a§l+5 Kill Combo §r§b+3% §r§b✯ Magic Find
15:08:57 [allowed] §aYour §r§6Wolf §r§aleveled up to level §r§914§r§a!
15:08:58 [allowed]   §r§a§lSLAYER QUEST COMPLETE!
15:08:58 [allowed]    §r§eZombie Slayer LVL 6 §r§5- §r§7Next LVL in §r§d72,970 XP§r§7!
15:08:58 [allowed]    §dRNG Meter §f- §d27,000 Stored XP
15:08:58 [allowed]   §r§5§lSLAYER QUEST STARTED!
15:08:58 [allowed]    §5§l» §7Slay §c4,800 Combat XP §7worth of Zombies§7.
15:08:58 [allowed] §7Your Witherborn hit §r§c1 §r§7enemy for §r§c782,393 §r§7damage.
15:08:58 [allowed] §9§lVERY RARE DROP! §r§7(§r§f§r§2◆ Pestilence Rune I§r§7) §r§b(+113% §r§b✯ Magic Find§r§b)
15:09:05 [allowed] §cYour Kill Combo has expired! You reached a 7 Kill Combo!
15:09:13 [allowed] §aYou earned §r§293 GEXP §r§afrom playing SkyBlock!
15:09:18 [allowed]  
15:09:18 [allowed]   
15:09:27 [allowed] §7Your Witherborn hit §r§c2 §r§7enemies for §r§c1,731,957.4 §r§7damage.
15:10:18 [allowed]  
15:10:18 [allowed]   
15:10:52 [allowed] §d§lHOPPITY'S HUNT §r§dA §r§6Chocolate Brunch Egg §r§dhas appeared!
15:11:18 [allowed] §c ☠ §r§7§r§adarkyisrl3§r§7 was killed by Crypt Ghoul§r§7§r§7.
15:11:19 [allowed] §a§l+5 Kill Combo §r§b+3% §r§b✯ Magic Find
15:11:19 [allowed]  
15:11:19 [allowed]   
15:11:22 [allowed] §a§l+10 Kill Combo §r§8+§r§610 §r§7coins per kill
15:11:24 [allowed] §6§lSLAYER MINI-BOSS §r§c§lRevenant Champion§r§7 has spawned!
15:11:25 [allowed] §aYour §r§6Wolf §r§aleveled up to level §r§915§r§a!
15:11:26 [allowed] §6[Sacks] §r§a+12§r§e items§r§e.§r§8 (Last 7s.)
15:11:29 [allowed] §9§l+15 Kill Combo §r§b+3% §r§b✯ Magic Find
15:11:35 [allowed] §6§lSLAYER MINI-BOSS §r§c§lRevenant Champion§r§7 has spawned!
15:11:37 [allowed] §5§l+20 Kill Combo §r§8§r§3+15☯ Combat Wisdom
15:11:37 [allowed] §aYour §r§6Wolf §r§aleveled up to level §r§916§r§a!
15:11:41 [allowed] §cYour Kill Combo has expired! You reached a 21 Kill Combo!
15:11:56 [allowed] §6§lSLAYER MINI-BOSS §r§c§lRevenant Champion§r§7 has spawned!
15:12:00 [allowed] §7Your Giant's Sword hit §r§c1 §r§7enemy for §r§c474,221 §r§7damage.
15:12:03 [allowed] §a§l+5 Kill Combo §r§b+3% §r§b✯ Magic Find
15:12:03 [allowed] §aYour §r§6Wolf §r§aleveled up to level §r§917§r§a!
15:12:04 [allowed]   §r§a§lSLAYER QUEST COMPLETE!
15:12:04 [allowed]    §r§eZombie Slayer LVL 6 §r§5- §r§7Next LVL in §r§d72,470 XP§r§7!
15:12:04 [allowed]   §r§5§lSLAYER QUEST STARTED!
15:12:04 [allowed]    §5§l» §7Slay §c4,800 Combat XP §7worth of Zombies§7.
15:12:10 [allowed] §cYour Kill Combo has expired! You reached a 6 Kill Combo!
15:12:20 [allowed]  
15:12:20 [allowed]   
15:12:30 [allowed] §7Sending to server mini92DG...
15:12:30 [allowed] §8 §r§8 §r§1 §r§3 §r§3 §r§7 §r§8 
15:12:34 [allowed] §aYou are playing on profile: §eCucumber
15:12:34 [allowed] §8Profile ID: d3b760d9-e0d9-41d4-8f47-31e118afcace
15:12:34 [allowed]  
15:12:34 [allowed]   
15:12:40 [allowed] §9§m-----------------------------
§r§b[MVP§r§c+§r§b] GAMEME794§r§f §r§eentered §r§aThe Catacombs§r§e, §r§eFloor I§r§e!
§r§9§m-----------------------------
15:12:40 [allowed] §8Queuing... (Attempt 1/3)
15:12:41 [allowed] §7Sending to server mini23CR...
15:12:42 [allowed] §8 §r§8 §r§1 §r§3 §r§3 §r§7 §r§8 
15:12:44 [allowed] §bGAMEME794§r§a is now ready!
15:12:44 [allowed] §aYou are playing on profile: §eCucumber
15:12:44 [allowed] §8Profile ID: d3b760d9-e0d9-41d4-8f47-31e118afcace
15:12:44 [allowed] §aStarting in 4 seconds.
15:12:45 [allowed]  
15:12:45 [allowed]   
15:12:45 [allowed]  
15:12:45 [allowed]   
15:12:45 [allowed] §aStarting in 3 seconds.
15:12:46 [allowed] §aStarting in 2 seconds.
15:12:47 [allowed] §aStarting in 1 second.
15:12:49 [allowed] §6Your §r§aBerserk §r§6stats are doubled because you are the only player using this class!
15:12:49 [allowed] §a[Berserk] §r§fMelee Damage §r§c50.4%§r§f -> §r§a90.4%
15:12:49 [allowed] §a[Berserk] §r§fWalk Speed §r§c40.4§r§f -> §r§a70.4
15:12:49 [allowed] §a[Berserk] §r§fBloodlust Damage §r§c30.4%§r§f -> §r§a50.4%
15:12:49 [allowed] §a[Berserk] §r§fLust For Blood Damage Increase Cap §r§c600%§r§f -> §r§a850%
15:12:49 [allowed] §a[Berserk] §r§fLust For Blood Damage Increase Per Hit §r§c30.6%§r§f -> §r§a45.6%
15:12:49 [allowed] §a[Berserk] §r§fIndomitable Strength to Defense §r§c7.6%§r§f -> §r§a12.6%
15:12:49 [allowed] §a[Berserk] §r§fWeapon Master Swing Range Increase §r§c3.6§r§f -> §r§a4.1
15:12:49 [allowed] §a[Berserk] §r§fBloodlust Heal Percent §r§c3%§r§f -> §r§a6%
15:12:49 [allowed] §a[Berserk] §r§fBloodlust Duration §r§c5§r§f -> §r§a10
15:12:49 [allowed] §e[NPC] §bMort§f: §rHere, I found this map when I first entered the dungeon.
15:12:50 [allowed] §e§lBerserk Milestone §r§e❶§r§7: You have dealt §r§c60,000§r§7 Total Damage so far! §r§a01s
15:12:51 [allowed] §e[NPC] §bMort§f: §rYou should find it useful if you get lost.
15:12:52 [allowed] §e[NPC] §bMort§f: §rGood luck.
15:12:56 [allowed] §a§l+5 Kill Combo §r§b+3% §r§b✯ Magic Find
15:13:07 [allowed] §cYour Kill Combo has expired! You reached a 8 Kill Combo!
15:13:11 [allowed] §6Ragnarok§r§a is ready to use! Press §r§6§lDROP§r§a to activate it!
15:13:11 [allowed] §e§lBerserk Milestone §r§e❷§r§7: You have dealt §r§c300,000§r§7 Total Damage so far! §r§a22s
15:13:12 [allowed] §cThe Arrow Trap hit you for 2,858.1 damage!
15:13:14 [allowed] §a§l+5 Kill Combo §r§b+3% §r§b✯ Magic Find
15:13:21 [allowed] §6§lDUNGEON BUFF! §r§fYou found a §r§dBlessing of Life II§r§f!
15:13:21 [allowed]      §r§7Granted you §r§a§r§a+1.07x HP §r§7and §r§a§r§a+1.07x §r§c❣ Health Regen§r§7.
15:13:23 [allowed] §a§l+10 Kill Combo §r§8+§r§610 §r§7coins per kill
15:13:26 [allowed] §cThere are blocks in the way!
15:13:26 [allowed] §cThere are blocks in the way!
15:13:29 [allowed] §cYour Kill Combo has expired! You reached a 10 Kill Combo!
15:13:32 [allowed] §cYou hear the sound of something opening...
15:13:33 [allowed] §aYour §r§6Wolf §r§aleveled up to level §r§918§r§a!
15:13:38 [allowed] §aYou summoned your §r§6Wither Skeleton§r§a!
15:13:41 [allowed] §6Ragnarok§r§a is ready to use! Press §r§6§lDROP§r§a to activate it!
15:13:45 [allowed] §7Your Witherborn hit §r§c1 §r§7enemy for §r§c681,525.3 §r§7damage.
15:13:46 [allowed]  
15:13:46 [allowed]   
15:13:48 [allowed] §6§lDUNGEON BUFF! §r§fYou found a §r§dBlessing of Power I§r§f!
15:13:48 [allowed]      §r§7Granted you §r§a§r§a+5§r§7 & §r§a+1.02x §r§c❁ Strength§r§7.
15:13:48 [allowed]      §r§7Also granted you §r§a§r§a+5§r§7 & §r§a+1.02x §r§9☠ Crit Damage§r§7.
15:13:51 [allowed] §aThe §r§c§r§d§lLost Adventurer §r§aused §r§6Dragon's Breath §r§aon you!
15:13:54 [allowed] §a§l+5 Kill Combo §r§b+3% §r§b✯ Magic Find
15:13:59 [allowed] §a§l+10 Kill Combo §r§8+§r§610 §r§7coins per kill
15:14:01 [allowed] §9§l+15 Kill Combo §r§b+3% §r§b✯ Magic Find
15:14:06 [allowed] §cYour Kill Combo has expired! You reached a 15 Kill Combo!
15:14:12 [allowed] §6Ragnarok§r§a is ready to use! Press §r§6§lDROP§r§a to activate it!
15:14:12 [allowed] §cThere are blocks in the way!
15:14:12 [allowed] §cThere are blocks in the way!
15:14:13 [allowed] §cThere are blocks in the way!
15:14:13 [allowed] §cThere are blocks in the way!
15:14:14 [allowed] §e§lBerserk Milestone §r§e❸§r§7: You have dealt §r§c1,200,000§r§7 Total Damage so far! §r§a01m 25s
15:14:14 [allowed] §7Your Witherborn hit §r§c1 §r§7enemy for §r§c1,399,437.4 §r§7damage.
15:14:14 [allowed] §cYou hear the sound of something opening...
15:14:18 [allowed] §cThere are blocks in the way!
15:14:21 [allowed] §a§l+5 Kill Combo §r§b+3% §r§b✯ Magic Find
15:14:26 [allowed] §6§lDUNGEON BUFF! §r§fYou found a §r§dBlessing of Wisdom II§r§f!
15:14:26 [allowed]      §r§7Granted you §r§a§r§a+10§r§7 & §r§a+1.05x §r§b✎ Intelligence §r§7and §r§a+8 §r§f✦ Speed§r§7.
15:14:31 [allowed] §cThere are blocks in the way!
15:14:33 [allowed] §cYour Kill Combo has expired! You reached a 9 Kill Combo!
15:14:38 [allowed] §cThere are blocks in the way!
15:14:38 [allowed] §cThere are blocks in the way!
15:14:42 [allowed] §6Ragnarok§r§a is ready to use! Press §r§6§lDROP§r§a to activate it!
15:14:42 [allowed] §cThere are blocks in the way!
15:14:42 [allowed] §cThere are blocks in the way!
15:14:42 [allowed] §cThere are blocks in the way!
15:14:47 [allowed] §7Your Witherborn hit §r§c1 §r§7enemy for §r§c677,199.7 §r§7damage.
15:14:47 [allowed]  
15:14:47 [allowed]   
15:14:53 [allowed] §cThere are blocks in the way!
15:14:53 [allowed] §cThere are blocks in the way!
15:14:53 [allowed] §cThere are blocks in the way!
15:14:58 [allowed] §cThere are blocks in the way!
15:15:01 [allowed] §6§lDUNGEON BUFF! §r§fYou found a §r§dBlessing of Power I§r§f!
15:15:01 [allowed]      §r§7Granted you §r§a§r§a+5§r§7 & §r§a+1.02x §r§c❁ Strength§r§7.
15:15:01 [allowed]      §r§7Also granted you §r§a§r§a+5§r§7 & §r§a+1.02x §r§9☠ Crit Damage§r§7.
15:15:03 [allowed] §cThere are blocks in the way!
15:15:08 [allowed] §cThere are blocks in the way!
15:15:09 [allowed] §cThere are blocks in the way!
15:15:09 [allowed] §cThere are blocks in the way!
15:15:12 [allowed] §6Ragnarok§r§a is ready to use! Press §r§6§lDROP§r§a to activate it!
15:15:13 [allowed] §cThere are blocks in the way!
15:15:21 [allowed] §cThere are blocks in the way!
15:15:27 [allowed] §cYou do not have the key for this door!
15:15:38 [allowed] §b[MVP§r§c+§r§b] GAMEME794§r§f §r§ehas obtained §r§a§r§dBlessing of Wisdom§r§e!
15:15:38 [allowed] §6§lDUNGEON BUFF! §r§fYou found a §r§dBlessing of Wisdom V§r§f! (§r§a02m 49s§r§f)
15:15:38 [allowed]      §r§7Granted you §r§a§r§a+25§r§7 & §r§a+1.12x §r§b✎ Intelligence §r§7and §r§a+20 §r§f✦ Speed§r§7.
15:15:38 [allowed] §b[MVP§r§c+§r§b] GAMEME794§r§f §r§ehas obtained §r§a§r§9Superboom TNT§r§e!
15:15:38 [allowed] §b[MVP§r§c+§r§b] GAMEME794§r§f §r§ehas obtained §r§a§r§6§r§8Wither Key§r§e!
15:15:38 [allowed] §e§lRIGHT CLICK §r§7on §r§7a §r§8WITHER §r§7door§r§7 to open it. This key can only be used to open §r§a1§r§7 door!
15:15:42 [allowed] §a§l+5 Kill Combo §r§b+3% §r§b✯ Magic Find
15:15:43 [allowed] §6Ragnarok§r§a is ready to use! Press §r§6§lDROP§r§a to activate it!
15:15:46 [allowed] §a§l+10 Kill Combo §r§8+§r§610 §r§7coins per kill
15:15:47 [allowed] §7Your Witherborn hit §r§c1 §r§7enemy for §r§c2,745,731.5 §r§7damage.
15:15:48 [allowed]  
15:15:48 [allowed]   
15:15:53 [allowed] §cThere are blocks in the way!
15:15:53 [allowed] §cThere are blocks in the way!
15:15:55 [allowed] §9§l+15 Kill Combo §r§b+3% §r§b✯ Magic Find
15:16:00 [allowed] §5§l+20 Kill Combo §r§8§r§3+15☯ Combat Wisdom
15:16:07 [allowed] §cYour Kill Combo has expired! You reached a 23 Kill Combo!
15:16:10 [allowed] §aUsed §r§6Throwing Axe§r§a!
15:16:12 [allowed] §a§l+5 Kill Combo §r§b+3% §r§b✯ Magic Find
15:16:13 [allowed] §6Ragnarok§r§a is ready to use! Press §r§6§lDROP§r§a to activate it!
15:16:14 [allowed] §cThis ability is on cooldown for 7s.
15:16:14 [allowed] §7Your Witherborn hit §r§c1 §r§7enemy for §r§c1,399,437.4 §r§7damage.
15:16:16 [allowed] §cYou hear the sound of something opening...
15:16:19 [allowed] §a§l+10 Kill Combo §r§8+§r§610 §r§7coins per kill
15:16:20 [allowed] §a§r§6Throwing Axe §r§ais now available!
15:16:20 [allowed] §b[MVP§r§c+§r§b] GAMEME794§r§f §r§ehas obtained §r§a§r§9Superboom TNT§r§e!
15:16:21 [allowed] §b[MVP§r§c+§r§b] GAMEME794§r§f §r§ehas obtained §r§a§r§dBlessing of Wisdom§r§e!
15:16:21 [allowed] §6§lDUNGEON BUFF! §r§fYou found a §r§dBlessing of Wisdom V§r§f! (§r§a03m 32s§r§f)
15:16:21 [allowed]      §r§7Granted you §r§a§r§a+25§r§7 & §r§a+1.12x §r§b✎ Intelligence §r§7and §r§a+20 §r§f✦ Speed§r§7.
15:16:27 [allowed] §cYour Kill Combo has expired! You reached a 12 Kill Combo!
15:16:29 [allowed] §6§lDUNGEON BUFF! §r§fYou found a §r§dBlessing of Life I§r§f!
15:16:29 [allowed]      §r§7Granted you §r§a§r§a+1.04x HP §r§7and §r§a§r§a+1.04x §r§c❣ Health Regen§r§7.
15:16:40 [allowed] §cThere are blocks in the way!
15:16:45 [allowed] §6Ragnarok§r§a is ready to use! Press §r§6§lDROP§r§a to activate it!
15:16:46 [allowed] §7Your Witherborn hit §r§c1 §r§7enemy for §r§c527,344.3 §r§7damage.
15:16:50 [allowed]  
15:16:50 [allowed]   
15:16:50 [allowed] §cThere are blocks in the way!
15:16:51 [allowed] §cThere are blocks in the way!
15:16:51 [allowed] §cThere are blocks in the way!
15:16:54 [allowed] §cThere are blocks in the way!
15:16:57 [allowed] §cThere are blocks in the way!
15:17:05 [allowed] §cThere are blocks in the way!
15:17:06 [allowed] §cThere are blocks in the way!
15:17:06 [allowed] §cThere are blocks in the way!
15:17:07 [allowed] §cThere are blocks in the way!
15:17:07 [allowed] §cThere are blocks in the way!
15:17:07 [allowed] §cThere are blocks in the way!
15:17:07 [allowed] §cThere are blocks in the way!
15:17:10 [allowed] §cThere are blocks in the way!
15:17:12 [allowed] §cThere are blocks in the way!
15:17:13 [allowed] §fYou found a §r§dWither Essence§r§f! Everyone gains an extra essence!
15:17:15 [allowed] §cThere are blocks in the way!
15:17:15 [allowed] §6Ragnarok§r§a is ready to use! Press §r§6§lDROP§r§a to activate it!
15:17:22 [allowed] §a§l+5 Kill Combo §r§b+3% §r§b✯ Magic Find
15:17:22 [allowed] §7Your Witherborn hit §r§c4 §r§7enemies for §r§c4,105,122 §r§7damage.
15:17:22 [allowed] §cThere are blocks in the way!
15:17:22 [allowed] §cThere are blocks in the way!
15:17:22 [allowed] §cThere are blocks in the way!
15:17:24 [allowed] §cThere are blocks in the way!
15:17:24 [allowed] §cThere are blocks in the way!
15:17:28 [allowed] §cThere are blocks in the way!
15:17:29 [allowed] §fYou found a §r§dWither Essence§r§f! Everyone gains an extra essence!
15:17:30 [allowed] §cYour Kill Combo has expired! You reached a 5 Kill Combo!
15:17:45 [allowed] §6Ragnarok§r§a is ready to use! Press §r§6§lDROP§r§a to activate it!
15:17:46 [allowed] §aYou earned §r§2583 GEXP §r§afrom playing SkyBlock!
15:17:52 [allowed]  
15:17:52 [allowed]   
15:18:01 [allowed] §e§lBerserk Milestone §r§e❹§r§7: You have dealt §r§c3,000,000§r§7 Total Damage so far! §r§a05m 12s
15:18:01 [allowed] §7Your Witherborn hit §r§c1 §r§7enemy for §r§c43,028.4 §r§7damage.
15:18:04 [allowed] §b[MVP§r§c+§r§b] GAMEME794§r§f §r§ehas obtained §r§a§r§dBlessing of Life§r§e!
15:18:04 [allowed] §6§lDUNGEON BUFF! §r§fYou found a §r§dBlessing of Life V§r§f! (§r§a05m 15s§r§f)
15:18:04 [allowed]      §r§7Granted you §r§a§r§a+1.19x HP §r§7and §r§a§r§a+1.19x §r§c❣ Health Regen§r§7.
15:18:04 [allowed] §b[MVP§r§c+§r§b] GAMEME794§r§f §r§ehas obtained §r§a§r§9Superboom TNT§r§e!
15:18:19 [allowed] §6Ragnarok§r§a is ready to use! Press §r§6§lDROP§r§a to activate it!
15:18:19 [allowed] §a§l+5 Kill Combo §r§b+3% §r§b✯ Magic Find
15:18:21 [allowed] §aFriend > §r§aUtkrista §r§ejoined.
15:18:22 [allowed] §aFriend > §r§aUtkrista §r§eleft.
15:18:23 [allowed] §aFriend > §r§aUtkrista §r§ejoined.
15:18:30 [allowed] §6§lDUNGEON BUFF! §r§fYou found a §r§dBlessing of Life I§r§f!
15:18:30 [allowed]      §r§7Granted you §r§a§r§a+1.04x HP §r§7and §r§a§r§a+1.04x §r§c❣ Health Regen§r§7.
15:18:37 [allowed] §cThere are blocks in the way!
15:18:38 [allowed] §cYour Kill Combo has expired! You reached a 8 Kill Combo!
15:18:42 [allowed] §cThere are blocks in the way!
15:18:43 [allowed] §cThere are blocks in the way!
15:18:44 [allowed] §cThere are blocks in the way!
15:18:46 [allowed] §7Your Witherborn hit §r§c1 §r§7enemy for §r§c1,062,876.7 §r§7damage.
15:18:48 [allowed] §cThere are blocks in the way!
15:18:48 [allowed] §cThere are blocks in the way!
15:18:49 [allowed] §6Ragnarok§r§a is ready to use! Press §r§6§lDROP§r§a to activate it!
15:18:50 [allowed] §cYou hear the sound of something opening...
15:18:53 [allowed] §a§l+5 Kill Combo §r§b+3% §r§b✯ Magic Find
15:18:54 [allowed]  
15:18:54 [allowed]   
15:18:56 [allowed] §7Your Witherborn hit §r§c1 §r§7enemy for §r§c636,201.8 §r§7damage.
15:19:06 [allowed] §cYour Kill Combo has expired! You reached a 7 Kill Combo!
15:19:10 [allowed] §3§l▬▬▬▬▬▬▬▬▬▬▬▬▬▬▬▬▬▬▬▬▬▬▬▬▬▬▬▬▬▬▬▬▬▬▬▬▬▬▬▬▬▬▬▬▬▬▬▬▬▬▬▬▬▬▬▬▬▬▬▬▬▬▬▬
15:19:10 [allowed]  
15:19:11 [allowed] §b[MVP§r§c+§r§b] GAMEME794§r§f §r§ehas obtained §r§a§r§9Superboom TNT§r§e!
15:19:19 [allowed] §6Ragnarok§r§a is ready to use! Press §r§6§lDROP§r§a to activate it!
15:19:43 [allowed] §cThere are blocks in the way!
15:19:47 [allowed] §aUsed §r§6Ragnarok§r§a!
15:19:49 [allowed] §cThere are blocks in the way!
15:19:49 [allowed] §cThere are blocks in the way!
15:19:49 [allowed] §cThere are blocks in the way!
15:19:50 [allowed] §cYou hear the sound of something opening...
15:19:52 [allowed] §a§l+5 Kill Combo §r§b+3% §r§b✯ Magic Find
15:19:52 [allowed] §7Your Witherborn hit §r§c3 §r§7enemies for §r§c2,738,744.5 §r§7damage.
15:19:54 [allowed]  
15:19:54 [allowed]   
15:20:00 [allowed] §a§l+10 Kill Combo §r§8+§r§610 §r§7coins per kill
15:20:03 [allowed] §9§l+15 Kill Combo §r§b+3% §r§b✯ Magic Find
15:20:08 [allowed] §5§l+20 Kill Combo §r§8§r§3+15☯ Combat Wisdom
15:20:12 [allowed] §cYour Kill Combo has expired! You reached a 21 Kill Combo!
15:20:23 [allowed] §cThe Flamethrower hit you for 1,908.5 damage!
15:20:28 [allowed] §cThere are blocks in the way!
15:20:29 [allowed] §cThere are blocks in the way!
15:20:39 [allowed] §a§l+5 Kill Combo §r§b+3% §r§b✯ Magic Find
15:20:39 [allowed] §3§l▬▬▬▬▬▬▬▬▬▬▬▬▬▬▬▬▬▬▬▬▬▬▬▬▬▬▬▬▬▬▬▬▬▬▬▬▬▬▬▬▬▬▬▬▬▬▬▬▬▬▬▬▬▬▬▬▬▬▬▬▬▬▬▬
15:20:39 [allowed]  
15:20:44 [allowed] §cThere are blocks in the way!
15:20:45 [allowed] §cThere are blocks in the way!
15:20:45 [allowed] §cThere are blocks in the way!
15:20:45 [allowed] §cThe Tripwire Trap hit you for 2,544.7 damage!
15:20:48 [allowed] §aYour Berserk §r§e§lULTIMATE§r§a §r§6Ragnarok §r§ais now available!
15:20:50 [allowed] §6Ragnarok§r§a is ready to use! Press §r§6§lDROP§r§a to activate it!
15:20:52 [allowed] §a§l+10 Kill Combo §r§8+§r§610 §r§7coins per kill
15:20:53 [allowed] §7Your Witherborn hit §r§c1 §r§7enemy for §r§c694,697.4 §r§7damage.
15:20:55 [allowed]  
15:20:55 [allowed]   
15:20:56 [allowed] §9§l+15 Kill Combo §r§b+3% §r§b✯ Magic Find
15:21:01 [allowed] §cYour Kill Combo has expired! You reached a 19 Kill Combo!
15:21:19 [allowed] §cThere are blocks in the way!
15:21:19 [allowed] §cThere are blocks in the way!
15:21:19 [allowed] §cThere are blocks in the way!
15:21:19 [allowed] §cThere are blocks in the way!
15:21:19 [allowed] §cThere are blocks in the way!
15:21:19 [allowed] §cThere are blocks in the way!
15:21:20 [allowed] §cThere are blocks in the way!
15:21:20 [allowed] §cThere are blocks in the way!
15:21:20 [allowed] §cThere are blocks in the way!
15:21:21 [allowed] §cThere are blocks in the way!
15:21:21 [allowed] §cThere are blocks in the way!
15:21:21 [allowed] §6Ragnarok§r§a is ready to use! Press §r§6§lDROP§r§a to activate it!
15:21:21 [allowed] §cThere are blocks in the way!
15:21:21 [allowed] §cThere are blocks in the way!
15:21:21 [allowed] §cThere are blocks in the way!
15:21:21 [allowed] §cThere are blocks in the way!
15:21:21 [allowed] §cThere are blocks in the way!
15:21:22 [allowed] §cThere are blocks in the way!
15:21:22 [allowed] §cThere are blocks in the way!
15:21:25 [allowed] §cThere are blocks in the way!
15:21:31 [allowed] §cYou hear the sound of something opening...
15:21:40 [allowed] §cThere are blocks in the way!
15:21:41 [allowed] §cThere are blocks in the way!
15:21:42 [allowed] §7Your Witherborn hit §r§c1 §r§7enemy for §r§c645,514.1 §r§7damage.
15:21:44 [allowed] §cThere are blocks in the way!
15:21:44 [allowed] §cThere are blocks in the way!
15:21:44 [allowed] §cThere are blocks in the way!
15:21:44 [allowed] §cThere are blocks in the way!
15:21:45 [allowed] §cThere are blocks in the way!
15:21:45 [allowed] §cThere are blocks in the way!
15:21:49 [allowed] §6§lDUNGEON BUFF! §r§fYou found a §r§dBlessing of Stone II§r§f!
15:21:49 [allowed]      §r§7Granted you §r§a§r§a+10§r§7 & §r§a+1.05x §r§a❈ Defense §r§7and §r§a+12 §r§c❁ Damage§r§7.
15:21:50 [allowed] §6§lDUNGEON BUFF! §r§fYou found a §r§dBlessing of Wisdom I§r§f!
15:21:50 [allowed]      §r§7Granted you §r§a§r§a+5§r§7 & §r§a+1.02x §r§b✎ Intelligence §r§7and §r§a+4 §r§f✦ Speed§r§7.
15:21:51 [allowed] §6§lDUNGEON BUFF! §r§fYou found a §r§dBlessing of Stone I§r§f!
15:21:51 [allowed]      §r§7Granted you §r§a§r§a+5§r§7 & §r§a+1.02x §r§a❈ Defense §r§7and §r§a+6 §r§c❁ Damage§r§7.
15:21:51 [allowed] §6Ragnarok§r§a is ready to use! Press §r§6§lDROP§r§a to activate it!
15:21:52 [allowed] §cYou hear the sound of something opening...
15:21:56 [allowed]  
15:21:56 [allowed]   
15:21:58 [allowed] §cInventory full? Don't forget to check out your Storage inside the SkyBlock Menu!
15:22:07 [allowed] §e⚠ §aYour drops can't be seen by other players in §bSkyBlock§a!
§aOnly you can pickup your dropped items!
§eClick here to disable this alert forever!
15:22:21 [allowed] §6Ragnarok§r§a is ready to use! Press §r§6§lDROP§r§a to activate it!
15:22:26 [allowed] §cThere are blocks in the way!
15:22:38 [allowed] §cThere are blocks in the way!
15:22:45 [allowed] §a§l+5 Kill Combo §r§b+3% §r§b✯ Magic Find
15:22:52 [allowed] §6Ragnarok§r§a is ready to use! Press §r§6§lDROP§r§a to activate it!
15:22:52 [allowed] §aYou earned §r§2750 GEXP §r§afrom playing SkyBlock!
15:22:54 [allowed] §a§l+10 Kill Combo §r§8+§r§610 §r§7coins per kill
15:22:57 [allowed]  
15:22:57 [allowed]   
15:22:57 [allowed] §cThere are blocks in the way!
15:22:58 [allowed] §cInventory full? Don't forget to check out your Storage inside the SkyBlock Menu!
15:23:01 [allowed] §cYour Kill Combo has expired! You reached a 11 Kill Combo!
15:23:05 [allowed] §7Your Witherborn hit §r§c2 §r§7enemies for §r§c1,951,132.7 §r§7damage.
15:23:10 [allowed] §cThere are blocks in the way!
15:23:11 [allowed] §fYou found a §r§dWither Essence§r§f! Everyone gains an extra essence!
15:23:22 [allowed] §6Ragnarok§r§a is ready to use! Press §r§6§lDROP§r§a to activate it!
15:23:32 [allowed] §7Your Witherborn hit §r§c1 §r§7enemy for §r§c1,072,872 §r§7damage.
15:23:33 [allowed] §cYou don't have enough space in your inventory to pick up this item!
15:23:42 [allowed] §eA §r§a§r§dBlessing of Stone§r§e was picked up!
15:23:42 [allowed] §6§lDUNGEON BUFF! §r§fA §r§dBlessing of Stone V§r§f was found! (§r§a10m 53s§r§f)
15:23:42 [allowed]      §r§7Granted you §r§a§r§a+25§r§7 & §r§a+1.12x §r§a❈ Defense §r§7and §r§a+30 §r§c❁ Damage§r§7.
15:23:52 [allowed] §6Ragnarok§r§a is ready to use! Press §r§6§lDROP§r§a to activate it!
15:23:52 [allowed] §eDungeons Guide :: §fOneflow Solver :: §eStarting to calculate solution... 
15:23:52 [allowed] §eDungeons Guide :: §fOneflow Solver :: §cAn error occured while generating solution: kr.syeyoung.dungeonsguide.mod.dungeon.roomprocessor.waterpuzzle.Waterboard.nativeSolve(DDIIII)[Lkr/syeyoung/dungeonsguide/mod/dungeon/roomprocessor/waterpuzzle/Waterboard$Action; Report this problem at https://dungeons.guide/discord
15:23:53 [allowed] §eDungeons Guide :: §fOneflow Solver :: §eStarting to calculate solution... 
15:23:53 [allowed] §eDungeons Guide :: §fOneflow Solver :: §cUsing fallback solver (10x slower than C++ solver)
15:23:57 [allowed]  
15:23:57 [allowed]   
15:23:58 [allowed] §cInventory full? Don't forget to check out your Storage inside the SkyBlock Menu!
15:24:16 [allowed] §eDungeons Guide :: §fOneflow Solver :: §eFound 13.75s solution in 23s!
15:24:19 [allowed] §cThere are blocks in the way!
15:24:22 [allowed] §6Ragnarok§r§a is ready to use! Press §r§6§lDROP§r§a to activate it!
15:24:25 [allowed] §eDungeons Guide :: §fOneflow Solver :: §eStarting to calculate solution... 
15:24:25 [allowed] §eDungeons Guide :: §fOneflow Solver :: §cUsing fallback solver (10x slower than C++ solver)
15:24:52 [allowed] §6Ragnarok§r§a is ready to use! Press §r§6§lDROP§r§a to activate it!
15:24:57 [allowed]  
15:24:57 [allowed]   
15:24:58 [allowed] §cInventory full? Don't forget to check out your Storage inside the SkyBlock Menu!
15:25:01 [allowed] §6§lDUNGEON BUFF! §r§fYou found a §r§dBlessing of Life V§r§f!
15:25:01 [allowed]      §r§7Granted you §r§a§r§a+1.19x HP §r§7and §r§a§r§a+1.19x §r§c❣ Health Regen§r§7.
15:25:22 [allowed] §6Ragnarok§r§a is ready to use! Press §r§6§lDROP§r§a to activate it!
15:25:47 [allowed] §cThere are blocks in the way!
15:25:50 [allowed] §cYou hear the sound of something opening...
15:25:52 [allowed] §6Ragnarok§r§a is ready to use! Press §r§6§lDROP§r§a to activate it!
15:25:58 [allowed]  
15:25:58 [allowed]   
15:25:59 [allowed] §cInventory full? Don't forget to check out your Storage inside the SkyBlock Menu!
15:25:59 [allowed] §eOpen the §a§lGAME SETTINGS §eto disable this notification!
15:25:59 [allowed] §cThere are blocks in the way!
15:26:01 [allowed] §6§lDUNGEON BUFF! §r§fYou found a §r§dBlessing of Power II§r§f!
15:26:01 [allowed]      §r§7Granted you §r§a§r§a+10§r§7 & §r§a+1.05x §r§c❁ Strength§r§7.
15:26:01 [allowed]      §r§7Also granted you §r§a§r§a+10§r§7 & §r§a+1.05x §r§9☠ Crit Damage§r§7.
15:26:35 [allowed] §f §r§r§r§f §r§r§r§1 §r§r§r§0 §r§r§r§2 §r§r§r§f §r§r§r§f §r§r§r§2 §r§r§r§0 §r§r§r§4 §r§r§r§3 §r§r§r§9 §r§r§r§2 §r§r§r§0 §r§r§r§0 §r§r§r§3 §r§r§r§9 §r§r§r§2 §r§r§r§0 §r§r§r§0 §r§r§r§3 §r§r§r§9 §r§r§r§2 §r§r§r§0 §r§r§r§0 
15:26:35 [allowed] §b✦ §r§7You earned §r§b31 §r§7Mystery Dust!
15:26:35 [allowed] §b§b✦ §r§7You earned §a26 §7Pet Consumables items!
15:26:35 [allowed] §b[MVP§c+§b] GAMEME794§f §6joined the lobby!
15:26:35 [allowed] §aYou have §b1 §aunclaimed leveling reward!
15:26:35 [allowed] §eClick here to view it!
15:26:35 [allowed] §aYou have §61 §aunclaimed achievement reward!
15:26:35 [allowed] §eClick here to view it!
15:26:36 [allowed] §9§m-----------------------------------------------------
15:26:36 [allowed] §cYou are not currently in a party.
15:26:36 [allowed] §9§m-----------------------------------------------------
15:26:39 [allowed] §7[1❤]§r §7lukasilles123§7§r§7: lets gooo
15:26:45 [allowed] §b[MVP§c+§b] Dinoshaw09§f §6joined the lobby!
15:27:04 [allowed] §b[MVP§f+§b] EMVL§f §6joined the lobby!
15:27:38 [allowed] §b[MVP§8+§b] TomSoneAravim§f §6joined the lobby!
15:27:44 [allowed] §7Sending to server mini267Q...
15:27:45 [allowed] §8 §r§8 §r§1 §r§3 §r§3 §r§7 §r§8 
15:27:47 [allowed] 
15:27:47 [allowed] §eWelcome to §r§aHypixel SkyBlock§r§e!
15:27:47 [allowed] 
15:27:47 [allowed] §eLatest update: §bSkyBlock v0.21.3 §e§lCLICK
15:27:48 [allowed] §aYou are playing on profile: §eCucumber
15:27:48 [allowed] §8Profile ID: d3b760d9-e0d9-41d4-8f47-31e118afcace
15:27:48 [allowed]  
15:27:48 [allowed]   
15:27:49 [allowed]  
15:27:49 [allowed]   
15:28:49 [allowed]  
15:28:49 [allowed]   
15:29:49 [allowed]  
15:29:49 [allowed]   
15:29:55 [allowed] §d§lBig Yum! §r§eYou refresh §r§4+1♨ Vitality §r§efor §r§a48 §r§ehours!
15:29:57 [allowed] §d§lBig Yum! §r§eYou refresh §r§b+5✎ Intelligence §r§efor §r§a48 §r§ehours!
15:29:58 [allowed] §d§lBig Yum! §r§eYou refresh §r§f+10✦ Speed §r§efor §r§a48 §r§ehours!
15:30:00 [allowed] §d§lBig Yum! §r§eYou refresh §r§b+1✯ Magic Find §r§efor §r§a48 §r§ehours!
15:30:00 [allowed] §cThere are blocks in the way!
15:30:01 [allowed] §d§lBig Yum! §r§eYou refresh §r§6+5☘ Farming Fortune §r§efor §r§a48 §r§ehours!
15:30:01 [allowed] §d§lBig Yum! §r§eYou refresh §r§6+5☘ Foraging Fortune §r§efor §r§a48 §r§ehours!
15:30:01 [allowed] §cThere are blocks in the way!
15:30:02 [allowed] §cThere are blocks in the way!
15:30:04 [allowed] §d§lBig Yum! §r§eYou refresh §r§c+2⫽ Ferocity §r§efor §r§a48 §r§ehours!
15:30:18 [allowed] §7Warping...
15:30:18 [allowed] §7Sending to server mini147CV...
15:30:18 [allowed] §8 §r§8 §r§1 §r§3 §r§3 §r§7 §r§8 
15:30:22 [allowed] §aYou are playing on profile: §eCucumber
15:30:22 [allowed] §8Profile ID: d3b760d9-e0d9-41d4-8f47-31e118afcace
15:30:22 [allowed]  
15:30:22 [allowed]   
15:30:35 [allowed] §aYou salvaged §b8 §aitems for:
15:30:35 [allowed]    §r§f60x §r§dUndead Essence§r§f!
15:30:39 [allowed] §f
15:30:39 [allowed] §4[WATCHDOG ANNOUNCEMENT]
15:30:39 [allowed] §fWatchdog has banned §r§c§l14,958§r§f players in the last 7 days.
15:30:39 [allowed] §fStaff have banned an additional §r§c§l12,598§r§f in the last 7 days.
15:30:39 [allowed] §cBlacklisted modifications are a bannable offense!
15:30:39 [allowed] §c
15:30:42 [allowed]  
15:30:42 [allowed]   
15:30:52 [allowed] §d§lHOPPITY'S HUNT §r§dA §r§6Chocolate Breakfast Egg §r§dhas appeared!
15:30:53 [allowed] §cThis item cannot be salvaged!
15:30:55 [allowed] §b-----------------------------------------------------
15:30:55 [allowed] §a[VIP] MocyHelper§r§f §r§ecollected an auction for §r§6200,000 coins§r§e!
15:30:55 [allowed] §b-----------------------------------------------------
15:32:03 [allowed] §f §r§r§r§f §r§r§r§1 §r§r§r§0 §r§r§r§2 §r§r§r§f §r§r§r§f §r§r§r§2 §r§r§r§0 §r§r§r§4 §r§r§r§3 §r§r§r§9 §r§r§r§2 §r§r§r§0 §r§r§r§0 §r§r§r§3 §r§r§r§9 §r§r§r§2 §r§r§r§0 §r§r§r§0 §r§r§r§3 §r§r§r§9 §r§r§r§2 §r§r§r§0 §r§r§r§0 
15:32:03 [allowed] §b[MVP§c+§b] GAMEME794§f §6joined the lobby!
15:32:03 [allowed] §aYou have §b1 §aunclaimed leveling reward!
15:32:03 [allowed] §eClick here to view it!
15:32:03 [allowed] §aYou have §61 §aunclaimed achievement reward!
15:32:03 [allowed] §eClick here to view it!
15:32:04 [allowed] §9§m-----------------------------------------------------
15:32:04 [allowed] §cYou are not currently in a party.
15:32:04 [allowed] §9§m-----------------------------------------------------
15:32:06 [allowed]  §b>§c>§a>§r §r§6[MVP§8++§6] Oxqe§f §6joined the lobby!§r §a<§c<§b<
15:32:16 [allowed] §7Sending to server mini88BA...
15:32:16 [allowed] §8 §r§8 §r§1 §r§3 §r§3 §r§7 §r§8 
15:32:18 [allowed] 
15:32:18 [allowed] §eWelcome to §r§aHypixel SkyBlock§r§e!
15:32:18 [allowed] 
15:32:18 [allowed] §eLatest update: §bSkyBlock v0.21.3 §e§lCLICK
15:32:19 [allowed] §aYou are playing on profile: §eCucumber
15:32:19 [allowed] §8Profile ID: d3b760d9-e0d9-41d4-8f47-31e118afcace
15:32:20 [allowed]  
15:32:20 [allowed]   
15:32:36 [allowed]  
15:32:36 [allowed]   
15:33:01 [allowed] §7Inddendi §ahas sent you a trade request. §bClick here §ato accept!
15:33:01 [allowed] §7Inddendi §ahas sent you a trade request. §bClick here §ato accept!
15:33:11 [allowed] §cThe /trade request from §r§7Inddendi§r§7 §r§cexpired!
15:33:11 [allowed] §cThe /trade request from §r§7Inddendi§r§7 §r§cexpired!
15:33:33 [allowed] §cThis /trade request is invalid or has expired!
15:33:36 [allowed]  
15:33:36 [allowed]   
15:33:48 [allowed] §cYou are too far away to trade with that player!
15:34:22 [allowed] §7Inddendi §ahas sent you a trade request. §bClick here §ato accept!
15:34:22 [allowed] §7Inddendi §ahas sent you a trade request. §bClick here §ato accept!
15:34:32 [allowed] §cThe /trade request from §r§7Inddendi§r§7 §r§cexpired!
15:34:32 [allowed] §cThe /trade request from §r§7Inddendi§r§7 §r§cexpired!
15:34:37 [allowed]  
15:34:37 [allowed]   
15:34:43 [allowed] §7Inddendi §ahas sent you a trade request. §bClick here §ato accept!
15:34:43 [allowed] §7Inddendi §ahas sent you a trade request. §bClick here §ato accept!
15:34:45 [allowed] §aYou have sent a trade request to §r§bitzKdiddy§r§a.
15:34:51 [allowed] §cThis /trade request is invalid or has expired!
15:34:51 [allowed] §cThis /trade request is invalid or has expired!
15:34:54 [allowed] §cThis /trade request is invalid or has expired!
15:34:55 [allowed] §cYour /trade request to §r§b[MVP§r§6+§r§b] itzKdiddy§r§f §r§cexpired!
15:34:59 [allowed] §bitzKdiddy §ahas sent you a trade request. §bClick here §ato accept!
15:35:09 [allowed] §6Trade completed with §r§b[MVP§r§6+§r§b] itzKdiddy§r§f§r§6!
15:35:09 [allowed]  §r§c§l- §r§81x §r§5Travel Scroll to Spider's Den Top of Nest
15:35:16 [allowed] §8[§r§f67§r§8] §r§7❤ §r§b[MVP§6+§b] itzKdiddy§f§r§f: thank you!
15:35:25 [allowed] §aYou have sent a trade request to §r§7Inddendi§r§a.
15:35:33 [allowed] §aYou earned §r§278 GEXP §r§afrom playing SkyBlock!
15:35:35 [allowed] §cYour /trade request to §r§7Inddendi§r§7 §r§cexpired!
15:35:38 [allowed]  
15:35:38 [allowed]   
15:35:42 [allowed] §aYou summoned your §r§6Grandma Wolf§r§a!
15:35:43 [allowed] §7Inddendi §ahas sent you a trade request. §bClick here §ato accept!
15:35:43 [allowed] §7Inddendi §ahas sent you a trade request. §bClick here §ato accept!
15:35:53 [allowed] §cThe /trade request from §r§7Inddendi§r§7 §r§cexpired!
15:35:57 [allowed] §cYou cancelled the trade!
15:36:00 [allowed] §aYou have sent a trade request to §r§7Inddendi§r§a.
15:36:10 [allowed] §6Trade completed with §r§7Inddendi§r§7§r§6!
15:36:10 [allowed]  §r§c§l- §r§62M coins
15:36:15 [allowed] §8[§r§710§r§8] §r§7Inddendi§7§r§7: ty bro
15:36:39 [allowed]  
15:36:39 [allowed]   
15:36:42 [allowed] §d§lHOPPITY'S HUNT §r§dA §r§9Chocolate Lunch Egg §r§dhas appeared!
15:37:24 [allowed] §e[NPC] §dPiggy§f: §r§fOink oink! Pig time! §dYear of the Pig§f! It's here, oink oink!
15:37:26 [allowed] §e[NPC] §dPiggy§f: §r§fYou take §6Shiny Orb§f, plop it on pig - §ooink!
15:37:28 [allowed] §e[NPC] §dPiggy§f: §r§fThen you chase piggy, chase piggy!
15:37:30 [allowed] §e[NPC] §dPiggy§f: §r§fGuide piggy back to orb, and §opoof§f!
15:37:32 [allowed] §e[NPC] §dPiggy§f: §r§fPiggy leave shiny treasure for you.
15:37:34 [allowed] §e[NPC] §dPiggy§f: §r§fGet shiny stuff, keep shiny stuff! Easy, oink!
15:37:34 [allowed] §e[NPC] §dPiggy§f: §r§fNow go, go! Piggy no wait forever!
15:37:40 [allowed]  
15:37:40 [allowed]   
15:38:04 [allowed] §aYou bought §r§6Shiny Orb §r§afor §r§65,000 Coins§r§a!
15:38:41 [allowed]  
15:38:41 [allowed]   
15:39:04 [allowed] §aYou bought §r§fDante Ring §r§afor §r§62,000,000 Coins§r§a!
15:39:42 [allowed]  
15:39:42 [allowed]   
15:39:47 [allowed] §6[Bazaar] §r§7Executing instant buy...
15:39:47 [allowed] §6[Bazaar] §r§7Bought §r§a32§r§7x §r§aEnchanted Pork §r§7for §r§6269,504 coins§r§7!
15:39:51 [allowed] §aYou bought §r§fBlood God Crest§r§a!
15:40:38 [allowed] §aYou earned §r§2221 GEXP §r§afrom playing SkyBlock!
15:40:43 [allowed]  
15:40:43 [allowed]   
15:41:34 [allowed] §d§lHOPPITY'S HUNT §r§dYou found a §r§9Chocolate Lunch Egg §r§dnear the Wheat Minion§r§d!
15:41:35 [allowed] §D§LHOPPITY'S HUNT §7You found §fRazzie §7(§F§LCOMMON§7)!
15:41:35 [allowed] §d§lNEW RABBIT! §6+1 Chocolate §7and §6+0.002x Chocolate §7per second!
15:41:44 [allowed]  
15:41:44 [allowed]   
15:41:45 [allowed] §5Rabbit Granny §r§7has been promoted to §r§7[140§r§7] §r§5Manager§r§7!
15:41:45 [allowed] §5Rabbit Granny §r§7has been promoted to §r§7[141§r§7] §r§5Manager§r§7!
15:41:45 [allowed] §5Rabbit Granny §r§7has been promoted to §r§7[142§r§7] §r§5Manager§r§7!
15:41:45 [allowed] §5Rabbit Granny §r§7has been promoted to §r§7[143§r§7] §r§5Manager§r§7!
15:41:45 [allowed] §5Rabbit Granny §r§7has been promoted to §r§7[144§r§7] §r§5Manager§r§7!
15:41:46 [allowed] §5Rabbit Granny §r§7has been promoted to §r§7[145§r§7] §r§5Manager§r§7!
15:41:46 [allowed] §5Rabbit Granny §r§7has been promoted to §r§7[146§r§7] §r§5Manager§r§7!
15:41:46 [allowed] §5Rabbit Granny §r§7has been promoted to §r§7[147§r§7] §r§5Manager§r§7!
15:41:46 [allowed] §5Rabbit Granny §r§7has been promoted to §r§7[148§r§7] §r§5Manager§r§7!
15:41:46 [allowed] §5Rabbit Granny §r§7has been promoted to §r§7[149§r§7] §r§5Manager§r§7!
15:41:46 [allowed] §5Rabbit Granny §r§7has been promoted to §r§7[150§r§7] §r§5Manager§r§7!
15:41:46 [allowed] §5Rabbit Granny §r§7has been promoted to §r§7[151§r§7] §r§5Manager§r§7!
15:41:46 [allowed] §5Rabbit Granny §r§7has been promoted to §r§7[152§r§7] §r§5Manager§r§7!
15:41:46 [allowed] §5Rabbit Granny §r§7has been promoted to §r§7[153§r§7] §r§5Manager§r§7!
15:41:47 [allowed] §5Rabbit Granny §r§7has been promoted to §r§7[154§r§7] §r§5Manager§r§7!
15:41:47 [allowed] §5Rabbit Granny §r§7has been promoted to §r§7[155§r§7] §r§5Manager§r§7!
15:41:47 [allowed] §5Rabbit Granny §r§7has been promoted to §r§7[156§r§7] §r§5Manager§r§7!
15:41:47 [allowed] §5Rabbit Granny §r§7has been promoted to §r§7[157§r§7] §r§5Manager§r§7!
15:41:47 [allowed] §5Rabbit Granny §r§7has been promoted to §r§7[158§r§7] §r§5Manager§r§7!
15:41:47 [allowed] §5Rabbit Granny §r§7has been promoted to §r§7[159§r§7] §r§5Manager§r§7!
15:41:48 [allowed] §5Rabbit Granny §r§7has been promoted to §r§7[160§r§7] §r§5Manager§r§7!
15:41:48 [allowed] §5Rabbit Granny §r§7has been promoted to §r§7[161§r§7] §r§5Manager§r§7!
15:41:48 [allowed] §5Rabbit Granny §r§7has been promoted to §r§7[162§r§7] §r§5Manager§r§7!
15:41:48 [allowed] §5Rabbit Granny §r§7has been promoted to §r§7[163§r§7] §r§5Manager§r§7!
15:41:48 [allowed] §5Rabbit Granny §r§7has been promoted to §r§7[164§r§7] §r§5Manager§r§7!
15:41:48 [allowed] §5Rabbit Granny §r§7has been promoted to §r§7[165§r§7] §r§5Manager§r§7!
15:41:48 [allowed] §5Rabbit Granny §r§7has been promoted to §r§7[166§r§7] §r§5Manager§r§7!
15:41:48 [allowed] §5Rabbit Granny §r§7has been promoted to §r§7[167§r§7] §r§5Manager§r§7!
15:41:48 [allowed] §5Rabbit Granny §r§7has been promoted to §r§7[168§r§7] §r§5Manager§r§7!
15:41:48 [allowed] §5Rabbit Granny §r§7has been promoted to §r§7[169§r§7] §r§5Manager§r§7!
15:41:49 [allowed] §5Rabbit Granny §r§7has been promoted to §r§7[170§r§7] §r§5Manager§r§7!
15:41:49 [allowed] §5Rabbit Granny §r§7has been promoted to §r§7[171§r§7] §r§5Manager§r§7!
15:41:49 [allowed] §5Rabbit Granny §r§7has been promoted to §r§7[172§r§7] §r§5Manager§r§7!
15:41:49 [allowed] §5Rabbit Granny §r§7has been promoted to §r§7[173§r§7] §r§5Manager§r§7!
15:41:49 [allowed] §5Rabbit Granny §r§7has been promoted to §r§7[174§r§7] §r§5Manager§r§7!
15:41:49 [allowed] §6Rabbit Granny §r§7has been promoted to §r§7[175§r§7] §r§6Director§r§7!
15:41:49 [allowed] §6Rabbit Granny §r§7has been promoted to §r§7[176§r§7] §r§6Director§r§7!
15:41:49 [allowed] §6Rabbit Granny §r§7has been promoted to §r§7[177§r§7] §r§6Director§r§7!
15:41:49 [allowed] §6Rabbit Granny §r§7has been promoted to §r§7[178§r§7] §r§6Director§r§7!
15:41:49 [allowed] §6Rabbit Granny §r§7has been promoted to §r§7[179§r§7] §r§6Director§r§7!
15:41:50 [allowed] §6Rabbit Granny §r§7has been promoted to §r§7[180§r§7] §r§6Director§r§7!
15:41:50 [allowed] §c§r§6Rabbit Granny §r§ccannot ascend the corporate ladder any further!
15:41:50 [allowed] §c§r§6Rabbit Granny §r§ccannot ascend the corporate ladder any further!
15:41:50 [allowed] §c§r§6Rabbit Granny §r§ccannot ascend the corporate ladder any further!
15:41:50 [allowed] §c§r§6Rabbit Granny §r§ccannot ascend the corporate ladder any further!
15:41:50 [allowed] §c§r§6Rabbit Granny §r§ccannot ascend the corporate ladder any further!
15:41:50 [allowed] §c§r§6Rabbit Granny §r§ccannot ascend the corporate ladder any further!
15:41:50 [allowed] §c§r§6Rabbit Granny §r§ccannot ascend the corporate ladder any further!
15:41:50 [allowed] §c§r§6Rabbit Granny §r§ccannot ascend the corporate ladder any further!
15:41:50 [allowed] §c§r§6Rabbit Granny §r§ccannot ascend the corporate ladder any further!
15:41:51 [allowed] §c§r§6Rabbit Granny §r§ccannot ascend the corporate ladder any further!
15:41:51 [allowed] §c§r§6Rabbit Granny §r§ccannot ascend the corporate ladder any further!
15:41:51 [allowed] §c§r§6Rabbit Granny §r§ccannot ascend the corporate ladder any further!
15:41:51 [allowed] §c§r§6Rabbit Granny §r§ccannot ascend the corporate ladder any further!
15:41:51 [allowed] §c§r§6Rabbit Granny §r§ccannot ascend the corporate ladder any further!
15:41:52 [allowed] §c§r§6Rabbit Granny §r§ccannot ascend the corporate ladder any further!
15:41:52 [allowed] §c§r§6Rabbit Granny §r§ccannot ascend the corporate ladder any further!
15:41:52 [allowed] §c§r§6Rabbit Granny §r§ccannot ascend the corporate ladder any further!
15:41:52 [allowed] §c§r§6Rabbit Granny §r§ccannot ascend the corporate ladder any further!
15:41:52 [allowed] §c§r§6Rabbit Granny §r§ccannot ascend the corporate ladder any further!
15:41:52 [allowed] §c§r§6Rabbit Granny §r§ccannot ascend the corporate ladder any further!
15:41:52 [allowed] §c§r§6Rabbit Granny §r§ccannot ascend the corporate ladder any further!
15:41:52 [allowed] §c§r§6Rabbit Granny §r§ccannot ascend the corporate ladder any further!
15:41:52 [allowed] §c§r§6Rabbit Granny §r§ccannot ascend the corporate ladder any further!
15:41:52 [allowed] §c§r§6Rabbit Granny §r§ccannot ascend the corporate ladder any further!
15:41:53 [allowed] §c§r§6Rabbit Granny §r§ccannot ascend the corporate ladder any further!
15:41:53 [allowed] §c§r§6Rabbit Granny §r§ccannot ascend the corporate ladder any further!
15:41:54 [allowed] §9Rabbit Uncle §r§7has been promoted to §r§7[85§r§7] §r§9Assistant§r§7!
15:41:54 [allowed] §9Rabbit Uncle §r§7has been promoted to §r§7[86§r§7] §r§9Assistant§r§7!
15:41:54 [allowed] §9Rabbit Uncle §r§7has been promoted to §r§7[87§r§7] §r§9Assistant§r§7!
15:41:54 [allowed] §9Rabbit Uncle §r§7has been promoted to §r§7[88§r§7] §r§9Assistant§r§7!
15:41:54 [allowed] §9Rabbit Uncle §r§7has been promoted to §r§7[89§r§7] §r§9Assistant§r§7!
15:41:54 [allowed] §9Rabbit Uncle §r§7has been promoted to §r§7[90§r§7] §r§9Assistant§r§7!
15:41:55 [allowed] §9Rabbit Uncle §r§7has been promoted to §r§7[91§r§7] §r§9Assistant§r§7!
15:41:55 [allowed] §9Rabbit Uncle §r§7has been promoted to §r§7[92§r§7] §r§9Assistant§r§7!
15:41:55 [allowed] §9Rabbit Uncle §r§7has been promoted to §r§7[93§r§7] §r§9Assistant§r§7!
15:41:55 [allowed] §9Rabbit Uncle §r§7has been promoted to §r§7[94§r§7] §r§9Assistant§r§7!
15:41:55 [allowed] §9Rabbit Uncle §r§7has been promoted to §r§7[95§r§7] §r§9Assistant§r§7!
15:41:55 [allowed] §9Rabbit Uncle §r§7has been promoted to §r§7[96§r§7] §r§9Assistant§r§7!
15:41:55 [allowed] §9Rabbit Uncle §r§7has been promoted to §r§7[97§r§7] §r§9Assistant§r§7!
15:41:55 [allowed] §9Rabbit Uncle §r§7has been promoted to §r§7[98§r§7] §r§9Assistant§r§7!
15:41:55 [allowed] §9Rabbit Uncle §r§7has been promoted to §r§7[99§r§7] §r§9Assistant§r§7!
15:41:55 [allowed] §9Rabbit Uncle §r§7has been promoted to §r§7[100§r§7] §r§9Assistant§r§7!
15:41:56 [allowed] §9Rabbit Uncle §r§7has been promoted to §r§7[101§r§7] §r§9Assistant§r§7!
15:41:56 [allowed] §9Rabbit Uncle §r§7has been promoted to §r§7[102§r§7] §r§9Assistant§r§7!
15:41:56 [allowed] §9Rabbit Uncle §r§7has been promoted to §r§7[103§r§7] §r§9Assistant§r§7!
15:41:56 [allowed] §9Rabbit Uncle §r§7has been promoted to §r§7[104§r§7] §r§9Assistant§r§7!
15:41:56 [allowed] §9Rabbit Uncle §r§7has been promoted to §r§7[105§r§7] §r§9Assistant§r§7!
15:41:56 [allowed] §9Rabbit Uncle §r§7has been promoted to §r§7[106§r§7] §r§9Assistant§r§7!
15:41:56 [allowed] §9Rabbit Uncle §r§7has been promoted to §r§7[107§r§7] §r§9Assistant§r§7!
15:41:56 [allowed] §9Rabbit Uncle §r§7has been promoted to §r§7[108§r§7] §r§9Assistant§r§7!
15:41:56 [allowed] §9Rabbit Uncle §r§7has been promoted to §r§7[109§r§7] §r§9Assistant§r§7!
15:41:57 [allowed] §9Rabbit Uncle §r§7has been promoted to §r§7[110§r§7] §r§9Assistant§r§7!
15:41:57 [allowed] §9Rabbit Uncle §r§7has been promoted to §r§7[111§r§7] §r§9Assistant§r§7!
15:41:57 [allowed] §9Rabbit Uncle §r§7has been promoted to §r§7[112§r§7] §r§9Assistant§r§7!
15:41:57 [allowed] §9Rabbit Uncle §r§7has been promoted to §r§7[113§r§7] §r§9Assistant§r§7!
15:41:57 [allowed] §9Rabbit Uncle §r§7has been promoted to §r§7[114§r§7] §r§9Assistant§r§7!
15:41:57 [allowed] §9Rabbit Uncle §r§7has been promoted to §r§7[115§r§7] §r§9Assistant§r§7!
15:41:57 [allowed] §9Rabbit Uncle §r§7has been promoted to §r§7[116§r§7] §r§9Assistant§r§7!
15:41:57 [allowed] §9Rabbit Uncle §r§7has been promoted to §r§7[117§r§7] §r§9Assistant§r§7!
15:41:57 [allowed] §9Rabbit Uncle §r§7has been promoted to §r§7[118§r§7] §r§9Assistant§r§7!
15:41:57 [allowed] §9Rabbit Uncle §r§7has been promoted to §r§7[119§r§7] §r§9Assistant§r§7!
15:41:58 [allowed] §9Rabbit Uncle §r§7has been promoted to §r§7[120§r§7] §r§9Assistant§r§7!
15:41:58 [allowed] §9Rabbit Uncle §r§7has been promoted to §r§7[121§r§7] §r§9Assistant§r§7!
15:41:58 [allowed] §9Rabbit Uncle §r§7has been promoted to §r§7[122§r§7] §r§9Assistant§r§7!
15:41:58 [allowed] §9Rabbit Uncle §r§7has been promoted to §r§7[123§r§7] §r§9Assistant§r§7!
15:41:58 [allowed] §9Rabbit Uncle §r§7has been promoted to §r§7[124§r§7] §r§9Assistant§r§7!
15:41:58 [allowed] §5Rabbit Uncle §r§7has been promoted to §r§7[125§r§7] §r§5Manager§r§7!
15:41:58 [allowed] §5Rabbit Uncle §r§7has been promoted to §r§7[126§r§7] §r§5Manager§r§7!
15:41:58 [allowed] §5Rabbit Uncle §r§7has been promoted to §r§7[127§r§7] §r§5Manager§r§7!
15:41:58 [allowed] §5Rabbit Uncle §r§7has been promoted to §r§7[128§r§7] §r§5Manager§r§7!
15:41:58 [allowed] §5Rabbit Uncle §r§7has been promoted to §r§7[129§r§7] §r§5Manager§r§7!
15:41:59 [allowed] §5Rabbit Uncle §r§7has been promoted to §r§7[130§r§7] §r§5Manager§r§7!
15:41:59 [allowed] §5Rabbit Uncle §r§7has been promoted to §r§7[131§r§7] §r§5Manager§r§7!
15:41:59 [allowed] §5Rabbit Uncle §r§7has been promoted to §r§7[132§r§7] §r§5Manager§r§7!
15:41:59 [allowed] §5Rabbit Uncle §r§7has been promoted to §r§7[133§r§7] §r§5Manager§r§7!
15:41:59 [allowed] §5Rabbit Uncle §r§7has been promoted to §r§7[134§r§7] §r§5Manager§r§7!
15:41:59 [allowed] §5Rabbit Uncle §r§7has been promoted to §r§7[135§r§7] §r§5Manager§r§7!
15:41:59 [allowed] §5Rabbit Uncle §r§7has been promoted to §r§7[136§r§7] §r§5Manager§r§7!
15:41:59 [allowed] §5Rabbit Uncle §r§7has been promoted to §r§7[137§r§7] §r§5Manager§r§7!
15:41:59 [allowed] §5Rabbit Uncle §r§7has been promoted to §r§7[138§r§7] §r§5Manager§r§7!
15:41:59 [allowed] §5Rabbit Uncle §r§7has been promoted to §r§7[139§r§7] §r§5Manager§r§7!
15:42:00 [allowed] §5Rabbit Uncle §r§7has been promoted to §r§7[140§r§7] §r§5Manager§r§7!
15:42:00 [allowed] §5Rabbit Uncle §r§7has been promoted to §r§7[141§r§7] §r§5Manager§r§7!
15:42:00 [allowed] §5Rabbit Uncle §r§7has been promoted to §r§7[142§r§7] §r§5Manager§r§7!
15:42:00 [allowed] §5Rabbit Uncle §r§7has been promoted to §r§7[143§r§7] §r§5Manager§r§7!
15:42:00 [allowed] §5Rabbit Uncle §r§7has been promoted to §r§7[144§r§7] §r§5Manager§r§7!
15:42:00 [allowed] §5Rabbit Uncle §r§7has been promoted to §r§7[145§r§7] §r§5Manager§r§7!
15:42:00 [allowed] §5Rabbit Uncle §r§7has been promoted to §r§7[146§r§7] §r§5Manager§r§7!
15:42:00 [allowed] §5Rabbit Uncle §r§7has been promoted to §r§7[147§r§7] §r§5Manager§r§7!
15:42:00 [allowed] §5Rabbit Uncle §r§7has been promoted to §r§7[148§r§7] §r§5Manager§r§7!
15:42:00 [allowed] §5Rabbit Uncle §r§7has been promoted to §r§7[149§r§7] §r§5Manager§r§7!
15:42:01 [allowed] §5Rabbit Uncle §r§7has been promoted to §r§7[150§r§7] §r§5Manager§r§7!
15:42:01 [allowed] §5Rabbit Uncle §r§7has been promoted to §r§7[151§r§7] §r§5Manager§r§7!
15:42:01 [allowed] §5Rabbit Uncle §r§7has been promoted to §r§7[152§r§7] §r§5Manager§r§7!
15:42:01 [allowed] §5Rabbit Uncle §r§7has been promoted to §r§7[153§r§7] §r§5Manager§r§7!
15:42:01 [allowed] §5Rabbit Uncle §r§7has been promoted to §r§7[154§r§7] §r§5Manager§r§7!
15:42:01 [allowed] §5Rabbit Uncle §r§7has been promoted to §r§7[155§r§7] §r§5Manager§r§7!
15:42:01 [allowed] §5Rabbit Uncle §r§7has been promoted to §r§7[156§r§7] §r§5Manager§r§7!
15:42:01 [allowed] §5Rabbit Uncle §r§7has been promoted to §r§7[157§r§7] §r§5Manager§r§7!
15:42:02 [allowed] §5Rabbit Uncle §r§7has been promoted to §r§7[158§r§7] §r§5Manager§r§7!
15:42:02 [allowed] §5Rabbit Uncle §r§7has been promoted to §r§7[159§r§7] §r§5Manager§r§7!
15:42:02 [allowed] §cYou don't have enough Chocolate!
15:42:02 [allowed] §cYou don't have enough Chocolate!
15:42:02 [allowed] §cYou don't have enough Chocolate!
15:42:02 [allowed] §cYou don't have enough Chocolate!
15:42:02 [allowed] §cYou don't have enough Chocolate!
15:42:02 [allowed] §cYou don't have enough Chocolate!
15:42:02 [allowed] §cYou don't have enough Chocolate!
15:42:03 [allowed] §cYou don't have enough Chocolate!
15:42:03 [allowed] §cYou don't have enough Chocolate!
15:42:03 [allowed] §cYou don't have enough Chocolate!
15:42:03 [allowed] §cYou don't have enough Chocolate!
15:42:03 [allowed] §cYou don't have enough Chocolate!
15:42:31 [allowed] §d§lHOPPITY'S HUNT §r§dA §r§aChocolate Dinner Egg §r§dhas appeared!
15:42:32 [allowed] §cYou don't have enough Chocolate!
15:42:37 [allowed] §7Sending to server mini186CR...
15:42:38 [allowed] §8 §r§8 §r§1 §r§3 §r§3 §r§7 §r§8 
15:42:41 [allowed] §aYou are playing on profile: §eCucumber
15:42:41 [allowed] §8Profile ID: d3b760d9-e0d9-41d4-8f47-31e118afcace
15:42:41 [allowed]  
15:42:41 [allowed]   
15:42:45 [allowed]  
15:42:45 [allowed]   
15:43:25 [allowed] §d§lHOPPITY'S HUNT §r§dYou found a §r§aChocolate Supper Egg §r§don top of a scarecrow§r§d!
15:43:26 [allowed] §D§LHOPPITY'S HUNT §7You found §fDuchess §7(§F§LCOMMON§7)!
15:43:26 [allowed] §7§lDUPLICATE RABBIT! §6+1,578,477 Chocolate
15:43:28 [allowed] §d§lHOPPITY'S HUNT §r§dYou found a §r§6Chocolate Breakfast Egg §r§din the pasture§r§d!
15:43:29 [allowed] §D§LHOPPITY'S HUNT §7You found §fHopper §7(§F§LCOMMON§7)!
15:43:29 [allowed] §d§lNEW RABBIT! §6+1 Chocolate §7and §6+0.002x Chocolate §7per second!
15:43:45 [allowed]  
15:43:45 [allowed]   
15:44:45 [allowed]  
15:44:45 [allowed]   
15:45:18 [allowed] §aFriend > §r§ahighthighlover59 §r§ejoined.
15:45:21 [allowed] §7Sending to server mini197BT...
15:45:21 [allowed] §8 §r§8 §r§1 §r§3 §r§3 §r§7 §r§8 
15:45:24 [allowed] §aYou are playing on profile: §eCucumber
15:45:24 [allowed] §8Profile ID: d3b760d9-e0d9-41d4-8f47-31e118afcace
15:45:25 [allowed]  
15:45:25 [allowed]   
15:45:44 [allowed] §dYou have already found that Fairy Soul!
15:46:19 [allowed]  
15:46:19 [allowed]   
15:46:32 [allowed] §7Request join for Hub mini82CJ...
15:46:32 [allowed] §7Sending to server mini82CJ...
15:46:32 [allowed] §8 §r§8 §r§1 §r§3 §r§3 §r§7 §r§8 
15:46:35 [allowed] §aYou are playing on profile: §eCucumber
15:46:35 [allowed] §8Profile ID: d3b760d9-e0d9-41d4-8f47-31e118afcace
15:46:36 [allowed]  
15:46:36 [allowed]   
15:46:46 [allowed] §cYou can only use this item inside dungeons!
15:46:46 [allowed] §aClick here §eto view the secret recipe!
15:46:55 [allowed] §e[NPC] Jim Bob§f: §r§fHave you seen Arthur's §eWheat Minion§f? Witchcraft, I say!
15:47:07 [allowed] 
15:47:07 [allowed]  §r§6§lNEW AREA DISCOVERED!
15:47:07 [allowed] §7  ⏣ §r§b§r§6Artist's Abode
15:47:07 [allowed] 
15:47:07 [allowed] §7   ■ §r§f§r§7§r§fTalk to §r§bVincent§r§f.
15:47:07 [allowed] §7   ■ §r§f§r§7§r§fLearn about §r§cd§r§6y§r§ee§r§as§r§f!
15:47:07 [allowed] 
15:47:09 [allowed] §e[NPC] §bVincent§f: §r§fHello there. My name is §bVincent§f.
15:47:12 [allowed] §e[NPC] §bVincent§f: §r§fI'm an artist. I believe you may be familiar with others, such as Marco and Pablo.
15:47:16 [allowed] §e[NPC] §bVincent§f: §r§fLet me ask you a question - have you ever heard of §cd§6y§ee§as§f?
15:47:19 [allowed] §eSelect an option: §r§a§l[Yes...] §r§c§l[No, what are they?] 
15:47:22 [allowed] §e[NPC] §bVincent§f: §r§fVery good, then I don't need to explain what they're used for.
15:47:23 [allowed]  
15:47:23 [allowed]   
15:47:25 [allowed] §e[NPC] §bVincent§f: §r§fHowever, I should probably give you some tips on how to get them...
15:47:29 [allowed] §e[NPC] §bVincent§f: §r§fAs a painter, I prefer to use §cd§6y§ee§as§f as part of my work.
15:47:32 [allowed] §e[NPC] §bVincent§f: §r§fDyes drop from a variety of different parts of SkyBlock and are §cextremely rare§f, so most artists just go with the flow and work with what they have.
15:47:38 [allowed] §e[NPC] §bVincent§f: §r§fHowever, I feel like I'm... different. Depending on what I'm painting, I need different types of dyes, but I §6§lalways§f find §6§lexactly§f what I need!
15:47:44 [allowed] §e[NPC] §bVincent§f: §r§f§f§oIt's almost as if the dyes I use become more common for everyone...
15:47:50 [allowed] §e[NPC] §bVincent§f: §r§f§fNah, that would be CRAZY.
15:47:54 [allowed] §e[NPC] §bVincent§f: §r§f§fAnyways, if you ever want to see what I'm currently painting, come speak to me again!
15:48:04 [allowed] §e[NPC] §bVincent§f: §rThis piece is really starting to shape up.
15:48:18 [allowed] §aYou earned §r§283 GEXP §r§afrom playing SkyBlock!
15:48:23 [allowed]  
15:48:23 [allowed]   
15:49:10 [allowed] §e[NPC] Bobby Joe§f: §r§fWELCOME! Plenty of room here for all of your needs!
15:49:22 [allowed] §e[NPC] Plumber Joe§f: §r§fWater troubles? No problem!
15:49:23 [allowed]  
15:49:23 [allowed]   
15:50:12 [allowed] §cThere are blocks in the way!
15:50:18 [allowed] §e[NPC] §aWorker Emma§f: §r§fThe Fisherman's been talking to me nonstop about his plans.
15:50:21 [allowed] §e[NPC] §aWorker Emma§f: §r§fNew island, new people, new creatures. Sounds like a fun time for all!
15:50:23 [allowed]  
15:50:23 [allowed]   
15:50:26 [allowed] §e[NPC] §aWorker Emma§f: §r§fApparently his name is §9Gerald§f? Who knew!
15:50:51 [allowed] §e[NPC] Fisherman§f: §r§fCould you fish some §aClay Balls §fin this pond and bring them back to me please?
15:50:51 [allowed] §d§lHOPPITY'S HUNT §r§dA §r§6Chocolate Brunch Egg §r§dhas appeared!
15:50:53 [allowed] §e[NPC] Fisherman§f: §r§fI just realized my house is ugly, and I want to rebuild it out of clay.
15:50:55 [allowed] 
15:50:55 [allowed]   §r§6§lNEW OBJECTIVE
15:50:55 [allowed]   §r§fCollect clay
15:50:55 [allowed] 
15:51:05 [allowed] §cThere are blocks in the way!
15:51:11 [allowed] §cThere are blocks in the way!
15:51:11 [allowed] §cThere are blocks in the way!
15:51:15 [allowed] §cThere are blocks in the way!
15:51:15 [allowed] §cThere are blocks in the way!
15:51:19 [allowed] §cThere are blocks in the way!
15:51:19 [allowed] §cThere are blocks in the way!
15:51:23 [allowed]  
15:51:23 [allowed]   
15:51:25 [allowed] §cThere are blocks in the way!
15:51:26 [allowed] §cThere are blocks in the way!
15:51:26 [allowed] §cThere are blocks in the way!
15:51:32 [allowed] §cThere are blocks in the way!
15:52:09 [allowed] §d§lHOPPITY'S HUNT §r§dYou found a §r§aChocolate Dinner Egg §r§dnear the §r§5Dark Auction§r§d!
15:52:09 [allowed] §D§LHOPPITY'S HUNT §7You found §fFrancine §7(§F§LCOMMON§7)!
15:52:09 [allowed] §d§lNEW RABBIT! §6+1 Chocolate §7and §6+0.002x Chocolate §7per second!
15:52:20 [allowed] §e[NPC] Lucius§f: §r§fPsst! Listen here!
15:52:21 [allowed] §e[NPC] Lucius§f: §r§f§oNot too loud!
15:52:22 [allowed] §e[NPC] Lucius§f: §r§fMy cousin §eSirius §fleads an... organization.
15:52:23 [allowed]  
15:52:23 [allowed]   
15:52:24 [allowed] §e[NPC] Lucius§f: §r§fIt's a... business, auctioning §dsweet items§f.
15:52:26 [allowed] §e[NPC] Lucius§f: §r§fHe §oregularly §fruns events at a nearby house, but only under the cover of night.
15:52:28 [allowed] §e[NPC] Lucius§f: §r§fBuy §da few items §ffrom §eSirius §fand come back!
15:52:39 [allowed] §cThere are blocks in the way!
15:52:48 [allowed] §cThere are blocks in the way!
15:52:59 [allowed] §cThere are blocks in the way!
15:53:18 [allowed] §aYou earned §r§2478 GEXP §r§afrom playing SkyBlock!
15:53:23 [allowed]  
15:53:23 [allowed]   
15:53:29 [allowed] §e[NPC] §bCurator§f: §rWelcome! The museum is just starting to take shape. Your first few contributions are the seeds of something magnificent!
15:53:58 [allowed] §cThere are blocks in the way!
15:54:23 [allowed]  
15:54:23 [allowed]   
15:55:22 [allowed] §cThere are blocks in the way!
15:55:23 [allowed]  
15:55:23 [allowed]   
15:56:23 [allowed]  
15:56:23 [allowed]   
15:56:41 [allowed] §d§lHOPPITY'S HUNT §r§dA §r§9Chocolate Déjeuner Egg §r§dhas appeared!
15:57:23 [allowed]  
15:57:23 [allowed]   
15:58:19 [allowed] §aYou earned §r§2698 GEXP §r§afrom playing SkyBlock!
15:58:23 [allowed]  
15:58:23 [allowed]   
15:59:24 [allowed]  
15:59:24 [allowed]   
15:59:31 [allowed] §7[§bSkyblockAddons§7] §cA feature has stopped you from dropping this "rare" item or tool from your hotbar.
16:00:23 [allowed]  
16:00:23 [allowed]   
16:01:23 [allowed]  
16:01:23 [allowed]   
16:02:23 [allowed]  
16:02:23 [allowed]   
16:02:31 [allowed] §d§lHOPPITY'S HUNT §r§dA §r§aChocolate Supper Egg §r§dhas appeared!
16:03:19 [allowed] §aYou earned §r§278 GEXP §r§afrom playing SkyBlock!
16:03:23 [allowed]  
16:03:23 [allowed]   
16:04:23 [allowed]  
16:04:23 [allowed]   
16:05:23 [allowed]  
16:05:23 [allowed]   
16:06:23 [allowed]  
16:06:23 [allowed]   
16:07:23 [allowed]  
16:07:23 [allowed]   
16:08:23 [allowed]  
16:08:23 [allowed]   
16:09:23 [allowed]  
16:09:23 [allowed]   
16:10:10 [allowed] §aFriend > §r§aUtkrista §r§eleft.
16:10:23 [allowed]  
16:10:23 [allowed]   
