14:50:17 [STASH_COMPACT] §f                 §7You have §3771 §7materials stashed away!
14:50:17 [STASH_COMPACT] §f              §8(This totals 4 types of materials stashed!)
14:50:17 [STASH_COMPACT] §f                §3§l>>> §3§lCLICK HERE§b to pick them up! §3§l<<<
14:50:18 [STASH_COMPACT] §f                 §7You have §3771 §7materials stashed away!
14:50:18 [STASH_COMPACT] §f              §8(This totals 4 types of materials stashed!)
14:50:18 [STASH_COMPACT] §f                §3§l>>> §3§lCLICK HERE§b to pick them up! §3§l<<<
14:51:12 [STASH_COMPACT] §f                 §7You have §3771 §7materials stashed away!
14:51:12 [STASH_COMPACT] §f              §8(This totals 4 types of materials stashed!)
14:51:12 [STASH_COMPACT] §f                §3§l>>> §3§lCLICK HERE§b to pick them up! §3§l<<<
14:51:18 [STASH_COMPACT] §f                 §7You have §3771 §7materials stashed away!
14:51:18 [STASH_COMPACT] §f              §8(This totals 4 types of materials stashed!)
14:51:18 [STASH_COMPACT] §f                §3§l>>> §3§lCLICK HERE§b to pick them up! §3§l<<<
14:52:19 [STASH_COMPACT] §f                 §7You have §3771 §7materials stashed away!
14:52:19 [STASH_COMPACT] §f              §8(This totals 4 types of materials stashed!)
14:52:19 [STASH_COMPACT] §f                §3§l>>> §3§lCLICK HERE§b to pick them up! §3§l<<<
14:53:20 [STASH_COMPACT] §f                 §7You have §3771 §7materials stashed away!
14:53:20 [STASH_COMPACT] §f              §8(This totals 4 types of materials stashed!)
14:53:20 [STASH_COMPACT] §f                §3§l>>> §3§lCLICK HERE§b to pick them up! §3§l<<<
14:53:35 [STASH_COMPACT] §f                 §7You have §3771 §7materials stashed away!
14:53:35 [STASH_COMPACT] §f              §8(This totals 4 types of materials stashed!)
14:53:35 [STASH_COMPACT] §f                §3§l>>> §3§lCLICK HERE§b to pick them up! §3§l<<<
14:53:36 [STASH_COMPACT] §f                 §7You have §3771 §7materials stashed away!
14:53:36 [STASH_COMPACT] §f              §8(This totals 4 types of materials stashed!)
14:53:36 [STASH_COMPACT] §f                §3§l>>> §3§lCLICK HERE§b to pick them up! §3§l<<<
14:54:37 [STASH_COMPACT] §f                 §7You have §3771 §7materials stashed away!
14:54:37 [STASH_COMPACT] §f              §8(This totals 4 types of materials stashed!)
14:54:37 [STASH_COMPACT] §f                §3§l>>> §3§lCLICK HERE§b to pick them up! §3§l<<<
14:55:37 [STASH_COMPACT] §f                 §7You have §3771 §7materials stashed away!
14:55:37 [STASH_COMPACT] §f              §8(This totals 4 types of materials stashed!)
14:55:37 [STASH_COMPACT] §f                §3§l>>> §3§lCLICK HERE§b to pick them up! §3§l<<<
14:56:37 [STASH_COMPACT] §f                 §7You have §3771 §7materials stashed away!
14:56:37 [STASH_COMPACT] §f              §8(This totals 4 types of materials stashed!)
14:56:37 [STASH_COMPACT] §f                §3§l>>> §3§lCLICK HERE§b to pick them up! §3§l<<<
14:56:43 [STASH_COMPACT] §f                 §7You have §3771 §7materials stashed away!
14:56:43 [STASH_COMPACT] §f              §8(This totals 4 types of materials stashed!)
14:56:43 [STASH_COMPACT] §f                §3§l>>> §3§lCLICK HERE§b to pick them up! §3§l<<<
14:57:05 [STASH_COMPACT] §f                 §7You have §3771 §7materials stashed away!
14:57:05 [STASH_COMPACT] §f              §8(This totals 4 types of materials stashed!)
14:57:05 [STASH_COMPACT] §f                §3§l>>> §3§lCLICK HERE§b to pick them up! §3§l<<<
14:58:06 [STASH_COMPACT] §f                 §7You have §3771 §7materials stashed away!
14:58:06 [STASH_COMPACT] §f              §8(This totals 4 types of materials stashed!)
14:58:06 [STASH_COMPACT] §f                §3§l>>> §3§lCLICK HERE§b to pick them up! §3§l<<<
14:59:06 [STASH_COMPACT] §f                 §7You have §3771 §7materials stashed away!
14:59:06 [STASH_COMPACT] §f              §8(This totals 4 types of materials stashed!)
14:59:06 [STASH_COMPACT] §f                §3§l>>> §3§lCLICK HERE§b to pick them up! §3§l<<<
15:00:07 [STASH_COMPACT] §f                 §7You have §3771 §7materials stashed away!
15:00:07 [STASH_COMPACT] §f              §8(This totals 4 types of materials stashed!)
15:00:07 [STASH_COMPACT] §f                §3§l>>> §3§lCLICK HERE§b to pick them up! §3§l<<<
15:01:08 [STASH_COMPACT] §f                 §7You have §3771 §7materials stashed away!
15:01:08 [STASH_COMPACT] §f              §8(This totals 4 types of materials stashed!)
15:01:08 [STASH_COMPACT] §f                §3§l>>> §3§lCLICK HERE§b to pick them up! §3§l<<<
15:02:08 [STASH_COMPACT] §f                 §7You have §3771 §7materials stashed away!
15:02:08 [STASH_COMPACT] §f              §8(This totals 4 types of materials stashed!)
15:02:08 [STASH_COMPACT] §f                §3§l>>> §3§lCLICK HERE§b to pick them up! §3§l<<<
15:03:09 [STASH_COMPACT] §f                 §7You have §3771 §7materials stashed away!
15:03:09 [STASH_COMPACT] §f              §8(This totals 4 types of materials stashed!)
15:03:09 [STASH_COMPACT] §f                §3§l>>> §3§lCLICK HERE§b to pick them up! §3§l<<<
15:04:10 [STASH_COMPACT] §f                 §7You have §3771 §7materials stashed away!
15:04:10 [STASH_COMPACT] §f              §8(This totals 4 types of materials stashed!)
15:04:10 [STASH_COMPACT] §f                §3§l>>> §3§lCLICK HERE§b to pick them up! §3§l<<<
15:04:42 [STASH_COMPACT] §f                 §7You have §3771 §7materials stashed away!
15:04:42 [STASH_COMPACT] §f              §8(This totals 4 types of materials stashed!)
15:04:42 [STASH_COMPACT] §f                §3§l>>> §3§lCLICK HERE§b to pick them up! §3§l<<<
15:05:18 [STASH_COMPACT] §f                 §7You have §3771 §7materials stashed away!
15:05:18 [STASH_COMPACT] §f              §8(This totals 4 types of materials stashed!)
15:05:18 [STASH_COMPACT] §f                §3§l>>> §3§lCLICK HERE§b to pick them up! §3§l<<<
15:06:18 [STASH_COMPACT] §f                 §7You have §3771 §7materials stashed away!
15:06:18 [STASH_COMPACT] §f              §8(This totals 4 types of materials stashed!)
15:06:18 [STASH_COMPACT] §f                §3§l>>> §3§lCLICK HERE§b to pick them up! §3§l<<<
15:06:45 [STASH_COMPACT] §f                 §7You have §3771 §7materials stashed away!
15:06:45 [STASH_COMPACT] §f              §8(This totals 4 types of materials stashed!)
15:06:45 [STASH_COMPACT] §f                §3§l>>> §3§lCLICK HERE§b to pick them up! §3§l<<<
15:07:16 [STASH_COMPACT] §f                 §7You have §3771 §7materials stashed away!
15:07:16 [STASH_COMPACT] §f              §8(This totals 4 types of materials stashed!)
15:07:16 [STASH_COMPACT] §f                §3§l>>> §3§lCLICK HERE§b to pick them up! §3§l<<<
15:07:28 [STASH_COMPACT] §f                 §7You have §3771 §7materials stashed away!
15:07:28 [STASH_COMPACT] §f              §8(This totals 4 types of materials stashed!)
15:07:28 [STASH_COMPACT] §f                §3§l>>> §3§lCLICK HERE§b to pick them up! §3§l<<<
15:08:17 [STASH_COMPACT] §f                 §7You have §3771 §7materials stashed away!
15:08:17 [STASH_COMPACT] §f              §8(This totals 4 types of materials stashed!)
15:08:17 [STASH_COMPACT] §f                §3§l>>> §3§lCLICK HERE§b to pick them up! §3§l<<<
15:09:18 [STASH_COMPACT] §f                 §7You have §3771 §7materials stashed away!
15:09:18 [STASH_COMPACT] §f              §8(This totals 4 types of materials stashed!)
15:09:18 [STASH_COMPACT] §f                §3§l>>> §3§lCLICK HERE§b to pick them up! §3§l<<<
15:10:18 [STASH_COMPACT] §f                 §7You have §3771 §7materials stashed away!
15:10:18 [STASH_COMPACT] §f              §8(This totals 4 types of materials stashed!)
15:10:18 [STASH_COMPACT] §f                §3§l>>> §3§lCLICK HERE§b to pick them up! §3§l<<<
15:11:19 [STASH_COMPACT] §f                 §7You have §3771 §7materials stashed away!
15:11:19 [STASH_COMPACT] §f              §8(This totals 4 types of materials stashed!)
15:11:19 [STASH_COMPACT] §f                §3§l>>> §3§lCLICK HERE§b to pick them up! §3§l<<<
15:12:04 [SLAYER_RNG_METER]    §dRNG Meter §f- §d27,500 Stored XP
15:12:20 [STASH_COMPACT] §f                 §7You have §3771 §7materials stashed away!
15:12:20 [STASH_COMPACT] §f              §8(This totals 4 types of materials stashed!)
15:12:20 [STASH_COMPACT] §f                §3§l>>> §3§lCLICK HERE§b to pick them up! §3§l<<<
15:12:34 [STASH_COMPACT] §f                 §7You have §3771 §7materials stashed away!
15:12:34 [STASH_COMPACT] §f              §8(This totals 4 types of materials stashed!)
15:12:34 [STASH_COMPACT] §f                §3§l>>> §3§lCLICK HERE§b to pick them up! §3§l<<<
15:12:45 [STASH_COMPACT] §f                 §7You have §3771 §7materials stashed away!
15:12:45 [STASH_COMPACT] §f              §8(This totals 4 types of materials stashed!)
15:12:45 [STASH_COMPACT] §f                §3§l>>> §3§lCLICK HERE§b to pick them up! §3§l<<<
15:12:45 [STASH_COMPACT] §f                 §7You have §3771 §7materials stashed away!
15:12:45 [STASH_COMPACT] §f              §8(This totals 4 types of materials stashed!)
15:12:45 [STASH_COMPACT] §f                §3§l>>> §3§lCLICK HERE§b to pick them up! §3§l<<<
15:13:46 [STASH_COMPACT] §f                 §7You have §3771 §7materials stashed away!
15:13:46 [STASH_COMPACT] §f              §8(This totals 4 types of materials stashed!)
15:13:46 [STASH_COMPACT] §f                §3§l>>> §3§lCLICK HERE§b to pick them up! §3§l<<<
15:14:47 [STASH_COMPACT] §f                 §7You have §3771 §7materials stashed away!
15:14:47 [STASH_COMPACT] §f              §8(This totals 4 types of materials stashed!)
15:14:47 [STASH_COMPACT] §f                §3§l>>> §3§lCLICK HERE§b to pick them up! §3§l<<<
15:15:48 [STASH_COMPACT] §f                 §7You have §3771 §7materials stashed away!
15:15:48 [STASH_COMPACT] §f              §8(This totals 4 types of materials stashed!)
15:15:48 [STASH_COMPACT] §f                §3§l>>> §3§lCLICK HERE§b to pick them up! §3§l<<<
15:16:50 [STASH_COMPACT] §f                 §7You have §3771 §7materials stashed away!
15:16:50 [STASH_COMPACT] §f              §8(This totals 4 types of materials stashed!)
15:16:50 [STASH_COMPACT] §f                §3§l>>> §3§lCLICK HERE§b to pick them up! §3§l<<<
15:17:52 [STASH_COMPACT] §f                 §7You have §3771 §7materials stashed away!
15:17:52 [STASH_COMPACT] §f              §8(This totals 4 types of materials stashed!)
15:17:52 [STASH_COMPACT] §f                §3§l>>> §3§lCLICK HERE§b to pick them up! §3§l<<<
15:18:54 [STASH_COMPACT] §f                 §7You have §3771 §7materials stashed away!
15:18:54 [STASH_COMPACT] §f              §8(This totals 4 types of materials stashed!)
15:18:54 [STASH_COMPACT] §f                §3§l>>> §3§lCLICK HERE§b to pick them up! §3§l<<<
15:19:10 [BESTIARY] §f                                  §6§lBESTIARY
15:19:10 [BESTIARY] §f                   §b§lAngry Archaeologist §7§8XV §8➡§b §bXVI
15:19:10 [BESTIARY] 
15:19:10 [BESTIARY] §f                                  §r§6§lREWARDS
15:19:10 [BESTIARY] §f               §r§8+§r§a5 §r§d§lAngry Archaeologist §r§b✯ Magic Find
15:19:10 [BESTIARY] §f               §r§8+§r§a5 §r§d§lAngry Archaeologist §r§c❁ Strength
15:19:10 [BESTIARY] §f                   §r§8+§r§62% §r§a§r§d§lAngry Archaeologist §r§7coins
15:19:10 [BESTIARY] §f                    §r§8+§r§a50% §r§7chance for extra XP orbs
15:19:10 [BESTIARY] §f                               §r§8+§r§b1 SkyBlock XP
15:19:10 [BESTIARY] 
15:19:11 [BESTIARY] §3§l▬▬▬▬▬▬▬▬▬▬▬▬▬▬▬▬▬▬▬▬▬▬▬▬▬▬▬▬▬▬▬▬▬▬▬▬▬▬▬▬▬▬▬▬▬▬▬▬▬▬▬▬▬▬▬▬▬▬▬▬▬▬▬▬
15:19:54 [STASH_COMPACT] §f                 §7You have §3771 §7materials stashed away!
15:19:54 [STASH_COMPACT] §f              §8(This totals 4 types of materials stashed!)
15:19:54 [STASH_COMPACT] §f                §3§l>>> §3§lCLICK HERE§b to pick them up! §3§l<<<
15:20:39 [BESTIARY] §f                                  §6§lBESTIARY
15:20:39 [BESTIARY] §f                           §b§lTank Zombie §7§8X §8➡§b §bXI
15:20:39 [BESTIARY] 
15:20:39 [BESTIARY] §f                                  §r§6§lREWARDS
15:20:39 [BESTIARY] §f                       §r§8+§r§a4 Tank Zombie §r§b✯ Magic Find
15:20:39 [BESTIARY] §f                       §r§8+§r§a4 Tank Zombie §r§c❁ Strength
15:20:39 [BESTIARY] §f                           §r§8+§r§62% §r§aTank Zombie §r§7coins
15:20:39 [BESTIARY] §f                    §r§8+§r§a50% §r§7chance for extra XP orbs
15:20:39 [BESTIARY] §f                               §r§8+§r§b1 SkyBlock XP
15:20:39 [BESTIARY] 
15:20:39 [BESTIARY] §3§l▬▬▬▬▬▬▬▬▬▬▬▬▬▬▬▬▬▬▬▬▬▬▬▬▬▬▬▬▬▬▬▬▬▬▬▬▬▬▬▬▬▬▬▬▬▬▬▬▬▬▬▬▬▬▬▬▬▬▬▬▬▬▬▬
15:20:55 [STASH_COMPACT] §f                 §7You have §3771 §7materials stashed away!
15:20:55 [STASH_COMPACT] §f              §8(This totals 4 types of materials stashed!)
15:20:55 [STASH_COMPACT] §f                §3§l>>> §3§lCLICK HERE§b to pick them up! §3§l<<<
15:21:56 [STASH_COMPACT] §f                 §7You have §3771 §7materials stashed away!
15:21:56 [STASH_COMPACT] §f              §8(This totals 4 types of materials stashed!)
15:21:56 [STASH_COMPACT] §f                §3§l>>> §3§lCLICK HERE§b to pick them up! §3§l<<<
15:22:57 [STASH_COMPACT] §f                 §7You have §3771 §7materials stashed away!
15:22:57 [STASH_COMPACT] §f              §8(This totals 4 types of materials stashed!)
15:22:57 [STASH_COMPACT] §f                §3§l>>> §3§lCLICK HERE§b to pick them up! §3§l<<<
15:23:57 [STASH_COMPACT] §f                 §7You have §3771 §7materials stashed away!
15:23:57 [STASH_COMPACT] §f              §8(This totals 4 types of materials stashed!)
15:23:57 [STASH_COMPACT] §f                §3§l>>> §3§lCLICK HERE§b to pick them up! §3§l<<<
15:24:57 [STASH_COMPACT] §f                 §7You have §3771 §7materials stashed away!
15:24:57 [STASH_COMPACT] §f              §8(This totals 4 types of materials stashed!)
15:24:57 [STASH_COMPACT] §f                §3§l>>> §3§lCLICK HERE§b to pick them up! §3§l<<<
15:25:58 [STASH_COMPACT] §f                 §7You have §3771 §7materials stashed away!
15:25:58 [STASH_COMPACT] §f              §8(This totals 4 types of materials stashed!)
15:25:58 [STASH_COMPACT] §f                §3§l>>> §3§lCLICK HERE§b to pick them up! §3§l<<<
15:27:48 [STASH_COMPACT] §f                 §7You have §3771 §7materials stashed away!
15:27:48 [STASH_COMPACT] §f              §8(This totals 4 types of materials stashed!)
15:27:48 [STASH_COMPACT] §f                §3§l>>> §3§lCLICK HERE§b to pick them up! §3§l<<<
15:27:49 [STASH_COMPACT] §f                 §7You have §3771 §7materials stashed away!
15:27:49 [STASH_COMPACT] §f              §8(This totals 4 types of materials stashed!)
15:27:49 [STASH_COMPACT] §f                §3§l>>> §3§lCLICK HERE§b to pick them up! §3§l<<<
15:28:49 [STASH_COMPACT] §f                 §7You have §3771 §7materials stashed away!
15:28:49 [STASH_COMPACT] §f              §8(This totals 4 types of materials stashed!)
15:28:49 [STASH_COMPACT] §f                §3§l>>> §3§lCLICK HERE§b to pick them up! §3§l<<<
15:29:49 [STASH_COMPACT] §f                 §7You have §3771 §7materials stashed away!
15:29:49 [STASH_COMPACT] §f              §8(This totals 4 types of materials stashed!)
15:29:49 [STASH_COMPACT] §f                §3§l>>> §3§lCLICK HERE§b to pick them up! §3§l<<<
15:30:22 [STASH_COMPACT] §f                 §7You have §3771 §7materials stashed away!
15:30:22 [STASH_COMPACT] §f              §8(This totals 4 types of materials stashed!)
15:30:22 [STASH_COMPACT] §f                §3§l>>> §3§lCLICK HERE§b to pick them up! §3§l<<<
15:30:42 [STASH_COMPACT] §f                 §7You have §3771 §7materials stashed away!
15:30:42 [STASH_COMPACT] §f              §8(This totals 4 types of materials stashed!)
15:30:42 [STASH_COMPACT] §f                §3§l>>> §3§lCLICK HERE§b to pick them up! §3§l<<<
15:31:03 [HOPPITY_EGG] §cYou have already collected this Chocolate Lunch Egg§r§c! Try again when it respawns!
15:31:04 [HOPPITY_EGG] §cYou have already collected this Chocolate Lunch Egg§r§c! Try again when it respawns!
15:32:20 [STASH_COMPACT] §f                 §7You have §3771 §7materials stashed away!
15:32:20 [STASH_COMPACT] §f              §8(This totals 4 types of materials stashed!)
15:32:20 [STASH_COMPACT] §f                §3§l>>> §3§lCLICK HERE§b to pick them up! §3§l<<<
15:32:36 [STASH_COMPACT] §f                 §7You have §3771 §7materials stashed away!
15:32:36 [STASH_COMPACT] §f              §8(This totals 4 types of materials stashed!)
15:32:36 [STASH_COMPACT] §f                §3§l>>> §3§lCLICK HERE§b to pick them up! §3§l<<<
15:33:36 [STASH_COMPACT] §f                 §7You have §3771 §7materials stashed away!
15:33:36 [STASH_COMPACT] §f              §8(This totals 4 types of materials stashed!)
15:33:36 [STASH_COMPACT] §f                §3§l>>> §3§lCLICK HERE§b to pick them up! §3§l<<<
15:34:37 [STASH_COMPACT] §f                 §7You have §3771 §7materials stashed away!
15:34:37 [STASH_COMPACT] §f              §8(This totals 4 types of materials stashed!)
15:34:37 [STASH_COMPACT] §f                §3§l>>> §3§lCLICK HERE§b to pick them up! §3§l<<<
15:35:38 [STASH_COMPACT] §f                 §7You have §3771 §7materials stashed away!
15:35:38 [STASH_COMPACT] §f              §8(This totals 4 types of materials stashed!)
15:35:38 [STASH_COMPACT] §f                §3§l>>> §3§lCLICK HERE§b to pick them up! §3§l<<<
15:36:39 [STASH_COMPACT] §f                 §7You have §3771 §7materials stashed away!
15:36:39 [STASH_COMPACT] §f              §8(This totals 4 types of materials stashed!)
15:36:39 [STASH_COMPACT] §f                §3§l>>> §3§lCLICK HERE§b to pick them up! §3§l<<<
15:37:40 [STASH_COMPACT] §f                 §7You have §3771 §7materials stashed away!
15:37:40 [STASH_COMPACT] §f              §8(This totals 4 types of materials stashed!)
15:37:40 [STASH_COMPACT] §f                §3§l>>> §3§lCLICK HERE§b to pick them up! §3§l<<<
15:38:41 [STASH_COMPACT] §f                 §7You have §3771 §7materials stashed away!
15:38:41 [STASH_COMPACT] §f              §8(This totals 4 types of materials stashed!)
15:38:41 [STASH_COMPACT] §f                §3§l>>> §3§lCLICK HERE§b to pick them up! §3§l<<<
15:39:42 [STASH_COMPACT] §f                 §7You have §3771 §7materials stashed away!
15:39:42 [STASH_COMPACT] §f              §8(This totals 4 types of materials stashed!)
15:39:42 [STASH_COMPACT] §f                §3§l>>> §3§lCLICK HERE§b to pick them up! §3§l<<<
15:40:43 [STASH_COMPACT] §f                 §7You have §3771 §7materials stashed away!
15:40:43 [STASH_COMPACT] §f              §8(This totals 4 types of materials stashed!)
15:40:43 [STASH_COMPACT] §f                §3§l>>> §3§lCLICK HERE§b to pick them up! §3§l<<<
15:41:44 [STASH_COMPACT] §f                 §7You have §3771 §7materials stashed away!
15:41:44 [STASH_COMPACT] §f              §8(This totals 4 types of materials stashed!)
15:41:44 [STASH_COMPACT] §f                §3§l>>> §3§lCLICK HERE§b to pick them up! §3§l<<<
15:42:41 [STASH_COMPACT] §f                 §7You have §3771 §7materials stashed away!
15:42:41 [STASH_COMPACT] §f              §8(This totals 4 types of materials stashed!)
15:42:41 [STASH_COMPACT] §f                §3§l>>> §3§lCLICK HERE§b to pick them up! §3§l<<<
15:42:45 [STASH_COMPACT] §f                 §7You have §3771 §7materials stashed away!
15:42:45 [STASH_COMPACT] §f              §8(This totals 4 types of materials stashed!)
15:42:45 [STASH_COMPACT] §f                §3§l>>> §3§lCLICK HERE§b to pick them up! §3§l<<<
15:43:45 [STASH_COMPACT] §f                 §7You have §3771 §7materials stashed away!
15:43:45 [STASH_COMPACT] §f              §8(This totals 4 types of materials stashed!)
15:43:45 [STASH_COMPACT] §f                §3§l>>> §3§lCLICK HERE§b to pick them up! §3§l<<<
15:44:45 [STASH_COMPACT] §f                 §7You have §3771 §7materials stashed away!
15:44:45 [STASH_COMPACT] §f              §8(This totals 4 types of materials stashed!)
15:44:45 [STASH_COMPACT] §f                §3§l>>> §3§lCLICK HERE§b to pick them up! §3§l<<<
15:45:25 [STASH_COMPACT] §f                 §7You have §3771 §7materials stashed away!
15:45:25 [STASH_COMPACT] §f              §8(This totals 4 types of materials stashed!)
15:45:25 [STASH_COMPACT] §f                §3§l>>> §3§lCLICK HERE§b to pick them up! §3§l<<<
15:46:19 [STASH_COMPACT] §f                 §7You have §3771 §7materials stashed away!
15:46:19 [STASH_COMPACT] §f              §8(This totals 4 types of materials stashed!)
15:46:19 [STASH_COMPACT] §f                §3§l>>> §3§lCLICK HERE§b to pick them up! §3§l<<<
15:46:36 [STASH_COMPACT] §f                 §7You have §3771 §7materials stashed away!
15:46:36 [STASH_COMPACT] §f              §8(This totals 4 types of materials stashed!)
15:46:36 [STASH_COMPACT] §f                §3§l>>> §3§lCLICK HERE§b to pick them up! §3§l<<<
15:47:23 [STASH_COMPACT] §f                 §7You have §3771 §7materials stashed away!
15:47:23 [STASH_COMPACT] §f              §8(This totals 4 types of materials stashed!)
15:47:23 [STASH_COMPACT] §f                §3§l>>> §3§lCLICK HERE§b to pick them up! §3§l<<<
15:48:23 [STASH_COMPACT] §f                 §7You have §3771 §7materials stashed away!
15:48:23 [STASH_COMPACT] §f              §8(This totals 4 types of materials stashed!)
15:48:23 [STASH_COMPACT] §f                §3§l>>> §3§lCLICK HERE§b to pick them up! §3§l<<<
15:49:23 [STASH_COMPACT] §f                 §7You have §3771 §7materials stashed away!
15:49:23 [STASH_COMPACT] §f              §8(This totals 4 types of materials stashed!)
15:49:23 [STASH_COMPACT] §f                §3§l>>> §3§lCLICK HERE§b to pick them up! §3§l<<<
15:50:23 [STASH_COMPACT] §f                 §7You have §3771 §7materials stashed away!
15:50:23 [STASH_COMPACT] §f              §8(This totals 4 types of materials stashed!)
15:50:23 [STASH_COMPACT] §f                §3§l>>> §3§lCLICK HERE§b to pick them up! §3§l<<<
15:51:23 [STASH_COMPACT] §f                 §7You have §3771 §7materials stashed away!
15:51:23 [STASH_COMPACT] §f              §8(This totals 4 types of materials stashed!)
15:51:23 [STASH_COMPACT] §f                §3§l>>> §3§lCLICK HERE§b to pick them up! §3§l<<<
15:52:23 [STASH_COMPACT] §f                 §7You have §3771 §7materials stashed away!
15:52:23 [STASH_COMPACT] §f              §8(This totals 4 types of materials stashed!)
15:52:23 [STASH_COMPACT] §f                §3§l>>> §3§lCLICK HERE§b to pick them up! §3§l<<<
15:53:23 [STASH_COMPACT] §f                 §7You have §3771 §7materials stashed away!
15:53:23 [STASH_COMPACT] §f              §8(This totals 4 types of materials stashed!)
15:53:23 [STASH_COMPACT] §f                §3§l>>> §3§lCLICK HERE§b to pick them up! §3§l<<<
15:54:23 [STASH_COMPACT] §f                 §7You have §3771 §7materials stashed away!
15:54:23 [STASH_COMPACT] §f              §8(This totals 4 types of materials stashed!)
15:54:23 [STASH_COMPACT] §f                §3§l>>> §3§lCLICK HERE§b to pick them up! §3§l<<<
15:55:23 [STASH_COMPACT] §f                 §7You have §3771 §7materials stashed away!
15:55:23 [STASH_COMPACT] §f              §8(This totals 4 types of materials stashed!)
15:55:23 [STASH_COMPACT] §f                §3§l>>> §3§lCLICK HERE§b to pick them up! §3§l<<<
15:56:23 [STASH_COMPACT] §f                 §7You have §3771 §7materials stashed away!
15:56:23 [STASH_COMPACT] §f              §8(This totals 4 types of materials stashed!)
15:56:23 [STASH_COMPACT] §f                §3§l>>> §3§lCLICK HERE§b to pick them up! §3§l<<<
15:57:23 [STASH_COMPACT] §f                 §7You have §3771 §7materials stashed away!
15:57:23 [STASH_COMPACT] §f              §8(This totals 4 types of materials stashed!)
15:57:23 [STASH_COMPACT] §f                §3§l>>> §3§lCLICK HERE§b to pick them up! §3§l<<<
15:58:23 [STASH_COMPACT] §f                 §7You have §3771 §7materials stashed away!
15:58:23 [STASH_COMPACT] §f              §8(This totals 4 types of materials stashed!)
15:58:23 [STASH_COMPACT] §f                §3§l>>> §3§lCLICK HERE§b to pick them up! §3§l<<<
15:59:24 [STASH_COMPACT] §f                 §7You have §3771 §7materials stashed away!
15:59:24 [STASH_COMPACT] §f              §8(This totals 4 types of materials stashed!)
15:59:24 [STASH_COMPACT] §f                §3§l>>> §3§lCLICK HERE§b to pick them up! §3§l<<<
16:00:23 [STASH_COMPACT] §f                 §7You have §3771 §7materials stashed away!
16:00:23 [STASH_COMPACT] §f              §8(This totals 4 types of materials stashed!)
16:00:23 [STASH_COMPACT] §f                §3§l>>> §3§lCLICK HERE§b to pick them up! §3§l<<<
16:01:23 [STASH_COMPACT] §f                 §7You have §3771 §7materials stashed away!
16:01:23 [STASH_COMPACT] §f              §8(This totals 4 types of materials stashed!)
16:01:23 [STASH_COMPACT] §f                §3§l>>> §3§lCLICK HERE§b to pick them up! §3§l<<<
16:02:23 [STASH_COMPACT] §f                 §7You have §3771 §7materials stashed away!
16:02:23 [STASH_COMPACT] §f              §8(This totals 4 types of materials stashed!)
16:02:23 [STASH_COMPACT] §f                §3§l>>> §3§lCLICK HERE§b to pick them up! §3§l<<<
16:03:23 [STASH_COMPACT] §f                 §7You have §3771 §7materials stashed away!
16:03:23 [STASH_COMPACT] §f              §8(This totals 4 types of materials stashed!)
16:03:23 [STASH_COMPACT] §f                §3§l>>> §3§lCLICK HERE§b to pick them up! §3§l<<<
16:04:23 [STASH_COMPACT] §f                 §7You have §3771 §7materials stashed away!
16:04:23 [STASH_COMPACT] §f              §8(This totals 4 types of materials stashed!)
16:04:23 [STASH_COMPACT] §f                §3§l>>> §3§lCLICK HERE§b to pick them up! §3§l<<<
16:05:23 [STASH_COMPACT] §f                 §7You have §3771 §7materials stashed away!
16:05:23 [STASH_COMPACT] §f              §8(This totals 4 types of materials stashed!)
16:05:23 [STASH_COMPACT] §f                §3§l>>> §3§lCLICK HERE§b to pick them up! §3§l<<<
16:06:23 [STASH_COMPACT] §f                 §7You have §3771 §7materials stashed away!
16:06:23 [STASH_COMPACT] §f              §8(This totals 4 types of materials stashed!)
16:06:23 [STASH_COMPACT] §f                §3§l>>> §3§lCLICK HERE§b to pick them up! §3§l<<<
16:07:23 [STASH_COMPACT] §f                 §7You have §3771 §7materials stashed away!
16:07:23 [STASH_COMPACT] §f              §8(This totals 4 types of materials stashed!)
16:07:23 [STASH_COMPACT] §f                §3§l>>> §3§lCLICK HERE§b to pick them up! §3§l<<<
16:08:23 [STASH_COMPACT] §f                 §7You have §3771 §7materials stashed away!
16:08:23 [STASH_COMPACT] §f              §8(This totals 4 types of materials stashed!)
16:08:23 [STASH_COMPACT] §f                §3§l>>> §3§lCLICK HERE§b to pick them up! §3§l<<<
16:09:23 [STASH_COMPACT] §f                 §7You have §3771 §7materials stashed away!
16:09:23 [STASH_COMPACT] §f              §8(This totals 4 types of materials stashed!)
16:09:23 [STASH_COMPACT] §f                §3§l>>> §3§lCLICK HERE§b to pick them up! §3§l<<<
16:10:23 [STASH_COMPACT] §f                 §7You have §3771 §7materials stashed away!
16:10:23 [STASH_COMPACT] §f              §8(This totals 4 types of materials stashed!)
16:10:23 [STASH_COMPACT] §f                §3§l>>> §3§lCLICK HERE§b to pick them up! §3§l<<<
