23:49:57 [allowed] §f §r§r§r§f §r§r§r§1 §r§r§r§0 §r§r§r§2 §r§r§r§f §r§r§r§f §r§r§r§2 §r§r§r§0 §r§r§r§4 §r§r§r§3 §r§r§r§9 §r§r§r§2 §r§r§r§0 §r§r§r§0 §r§r§r§3 §r§r§r§9 §r§r§r§2 §r§r§r§0 §r§r§r§0 §r§r§r§3 §r§r§r§9 §r§r§r§2 §r§r§r§0 §r§r§r§0 
23:49:57 [allowed] §b[MVP§c+§b] GAMEME7§f §6joined the lobby!
23:49:59 [allowed] §aYou have §b4 §aunclaimed leveling rewards!
23:49:59 [allowed] §eClick here to view them!
23:49:59 [allowed] §aYou have §61 §aunclaimed achievement reward!
23:49:59 [allowed] §eClick here to view it!
23:49:59 [allowed] §9§m-----------------------------------------------------
23:49:59 [allowed] §cYou are not currently in a party.
23:49:59 [allowed] §9§m-----------------------------------------------------
23:50:00 [allowed]   §r§f§l➤ §r§6You have reached your Hype limit! Add Hype to Prototype Lobby minigames by right-clicking with the Hype Diamond!
23:50:01 [allowed] §b[MVP§c+§b] TurkyJurky§f §6joined the lobby!
23:50:01 [allowed] §b[MVP§c+§b] TNTuser§f §6joined the lobby!
23:50:03 [allowed] §b[MVP§c+§b] san_dipon224§f §6joined the lobby!
23:50:05 [allowed] §b[MVP§9+§b] Kot777§f §6joined the lobby!
23:50:06 [allowed] §b[MVP§3+§b] ViEnCong§f §6joined the lobby!
23:50:06 [allowed] 
§r§cYou can no longer create API keys with this command.§r
§r§eIf you are a developer, please visit §r§bdeveloper.hypixel.net§r§e to manage your API applications!§r
§r§eYou can also find more details about this change at the announcement thread §r§bhere§r§e.§r
§r
§r§7(This message may have been triggered by one of your installed mods.)
§r§cNote: API keys should not be created for sharing with mods, mods will need to update to no longer use player keys.
23:50:09 [allowed] §b[MVP§c+§b] IoNICWOODz§f §6joined the lobby!
23:50:12 [allowed] §b[MVP§0+§b] RedishMC§f §6joined the lobby!
23:50:13 [allowed] §b[MVP§e+§b] D3RPY3§f §6joined the lobby!
23:50:13 [allowed] §b[MVP§2+§b] YorForager§f §6joined the lobby!
23:50:18 [allowed]  §b>§c>§a>§r §r§b[MVP§6++§b] _ThatFinn§f §6joined the lobby!§r §a<§c<§b<
23:50:19 [allowed] §7Sending to server mini254T...
23:50:19 [allowed] §8 §r§8 §r§1 §r§3 §r§3 §r§7 §r§8 
23:50:19 [allowed] §b-----------------------------------------------------
23:50:19 [allowed] §aYou have just received §r§6500,000 coins §r§aas interest in your co-op bank account!
23:50:19 [allowed] §b-----------------------------------------------------
23:50:21 [allowed] 
23:50:21 [allowed] §eWelcome to §r§aHypixel SkyBlock§r§e!
23:50:21 [allowed] 
23:50:21 [allowed] §eLatest update: §bSkyBlock v0.21.3 §e§lCLICK
23:50:22 [allowed] §aYou are playing on profile: §ePear§b (Co-op)
23:50:22 [allowed] §8Profile ID: 2797ee8a-6337-44f9-a30a-41314379be0d
23:50:23 [allowed] §6§lALLOWANCE! §r§eYou earned §r§650,000 coins§r§e!
23:51:10 [allowed] §cYou need to have visited this island at least once before fast traveling to it!
23:58:55 [allowed] §f §r§r§r§f §r§r§r§1 §r§r§r§0 §r§r§r§2 §r§r§r§f §r§r§r§f §r§r§r§2 §r§r§r§0 §r§r§r§4 §r§r§r§3 §r§r§r§9 §r§r§r§2 §r§r§r§0 §r§r§r§0 §r§r§r§3 §r§r§r§9 §r§r§r§2 §r§r§r§0 §r§r§r§0 §r§r§r§3 §r§r§r§9 §r§r§r§2 §r§r§r§0 §r§r§r§0 
23:58:55 [allowed] §b[MVP§c+§b] GAMEME794§f §6joined the lobby!
23:58:56 [allowed] §aYou have §b1 §aunclaimed leveling reward!
23:58:56 [allowed] §eClick here to view it!
23:58:56 [allowed] §aYou have §61 §aunclaimed achievement reward!
23:58:56 [allowed] §eClick here to view it!
23:58:59 [allowed] §7Sending to server mini188BR...
23:58:59 [allowed] §8 §r§8 §r§1 §r§3 §r§3 §r§7 §r§8 
23:58:59 [allowed] §aSince you've been away you earned §r§60 coins §r§aas interest in your personal bank account!
23:59:02 [allowed] 
23:59:02 [allowed] §eWelcome to §r§aHypixel SkyBlock§r§e!
23:59:02 [allowed] 
23:59:02 [allowed] §eLatest update: §bSkyBlock v0.21.3 §e§lCLICK
23:59:03 [allowed] §aYou are playing on profile: §eCucumber
23:59:03 [allowed] §8Profile ID: d3b760d9-e0d9-41d4-8f47-31e118afcace
23:59:03 [allowed]  
23:59:03 [STASH_COMPACT] §f                 §7You have §3771 §7materials stashed away!
23:59:03 [STASH_COMPACT] §f              §8(This totals 4 types of materials stashed!)
23:59:03 [STASH_COMPACT] §f                §3§l>>> §3§lCLICK HERE§b to pick them up! §3§l<<<
23:59:03 [allowed]   
23:59:04 [allowed] §6§lALLOWANCE! §r§eYou earned §r§620,000 coins§r§e!
23:59:04 [allowed] §8[§r§720§r§8] §r§b[MVP§d+§b] Hamburger183784 §7♲§f§r§f: no clue
23:59:04 [allowed]  
23:59:04 [STASH_COMPACT] §f                 §7You have §3771 §7materials stashed away!
23:59:04 [STASH_COMPACT] §f              §8(This totals 4 types of materials stashed!)
23:59:04 [STASH_COMPACT] §f                §3§l>>> §3§lCLICK HERE§b to pick them up! §3§l<<<
23:59:04 [allowed]   
23:59:05 [allowed] §8[§r§a154§r§8] §r§b[MVP§a+§b] Mirkitt§f§r§f: god knows
23:59:11 [allowed] §8[§r§720§r§8] §r§b[MVP§d+§b] Hamburger183784 §7♲§f§r§f: might be next
23:59:14 [allowed] §8[§r§720§r§8] §r§b[MVP§d+§b] Hamburger183784 §7♲§f§r§f: might be tmrw
23:59:35 [allowed] §8[§r§711§r§8] §r§7Vipmine§7§r§7: Ok
23:59:36 [allowed] §8[§r§f71§r§8] §r§7⎊ §r§7svebran§7§r§7: just mine, it'll come eventually
23:59:51 [allowed] §c ☠ §r§7§r§7Rokkiee§r§7 was killed by Ghost§r§7§r§7.
00:00:03 [allowed] §8[§r§710§r§8] §r§7Rokkiee§7§r§7: instant gratification wont be found on this game
00:00:05 [allowed]  
00:00:05 [STASH_COMPACT] §f                 §7You have §3771 §7materials stashed away!
00:00:05 [STASH_COMPACT] §f              §8(This totals 4 types of materials stashed!)
00:00:05 [STASH_COMPACT] §f                §3§l>>> §3§lCLICK HERE§b to pick them up! §3§l<<<
00:00:05 [allowed]   
00:00:25 [allowed] §8[§r§f71§r§8] §r§7⎊ §r§7svebran§7§r§7: it is, at the very beginning, just to hook you up
00:00:34 [allowed] §8[§r§f71§r§8] §r§7⎊ §r§7svebran§7§r§7: for months of endless gring
00:00:43 [allowed] §8[§r§f71§r§8] §r§7⎊ §r§7svebran§7§r§7: grind*
00:00:53 [allowed] §c ☠ §r§7§r§7Rokkiee§r§7 fell to their death§r§7.
00:01:05 [allowed] §cThere are blocks in the way!
00:01:05 [allowed]  
00:01:05 [STASH_COMPACT] §f                 §7You have §3771 §7materials stashed away!
00:01:05 [STASH_COMPACT] §f              §8(This totals 4 types of materials stashed!)
00:01:05 [STASH_COMPACT] §f                §3§l>>> §3§lCLICK HERE§b to pick them up! §3§l<<<
00:01:05 [allowed]   
00:01:31 [allowed] §8[§r§f71§r§8] §r§7⎊ §r§7svebran§7§r§7: unless you don't play ironman and spend money
00:02:04 [allowed] Unknown command. Type "/help" for help. ('war[')
00:02:06 [allowed]  
00:02:06 [STASH_COMPACT] §f                 §7You have §3771 §7materials stashed away!
00:02:06 [STASH_COMPACT] §f              §8(This totals 4 types of materials stashed!)
00:02:06 [STASH_COMPACT] §f                §3§l>>> §3§lCLICK HERE§b to pick them up! §3§l<<<
00:02:06 [allowed]   
00:02:08 [allowed] §8[§r§e99§r§8] §r§7openthegates1234 §7♲§7§r§7: Ironman is class
00:02:11 [allowed] §7Warping...
00:02:11 [allowed] §7Sending to server mini36AA...
00:02:11 [allowed] §8 §r§8 §r§1 §r§3 §r§3 §r§7 §r§8 
00:02:11 [allowed]  
00:02:11 [STASH_COMPACT] §f                 §7You have §3771 §7materials stashed away!
00:02:11 [STASH_COMPACT] §f              §8(This totals 4 types of materials stashed!)
00:02:11 [STASH_COMPACT] §f                §3§l>>> §3§lCLICK HERE§b to pick them up! §3§l<<<
00:02:11 [allowed]   
00:02:14 [allowed] §aYou are playing on profile: §eCucumber
00:02:14 [allowed] §8Profile ID: d3b760d9-e0d9-41d4-8f47-31e118afcace
00:02:15 [allowed]  
00:02:15 [STASH_COMPACT] §f                 §7You have §3771 §7materials stashed away!
00:02:15 [STASH_COMPACT] §f              §8(This totals 4 types of materials stashed!)
00:02:15 [STASH_COMPACT] §f                §3§l>>> §3§lCLICK HERE§b to pick them up! §3§l<<<
00:02:15 [allowed]   
00:02:19 [allowed] §aYou have selected the §r§bArcher §r§aDungeon Class!
00:02:29 [allowed] §9§m-----------------------------
§r§b[MVP§r§c+§r§b] GAMEME794§r§f §r§eentered §r§aThe Catacombs§r§e, §r§eEntrance§r§e!
§r§9§m-----------------------------
00:02:29 [allowed] §8Queuing... (Attempt 1/3)
00:02:31 [allowed] §7Sending to server mini34BW...
00:02:31 [allowed] §8 §r§8 §r§1 §r§3 §r§3 §r§7 §r§8 
00:02:34 [allowed] §bGAMEME794§r§a is now ready!
00:02:34 [allowed] §aYou are playing on profile: §eCucumber
00:02:34 [allowed] §8Profile ID: d3b760d9-e0d9-41d4-8f47-31e118afcace
00:02:35 [allowed]  
00:02:35 [STASH_COMPACT] §f                 §7You have §3771 §7materials stashed away!
00:02:35 [STASH_COMPACT] §f              §8(This totals 4 types of materials stashed!)
00:02:35 [STASH_COMPACT] §f                §3§l>>> §3§lCLICK HERE§b to pick them up! §3§l<<<
00:02:35 [allowed]   
00:02:35 [allowed] §aStarting in 4 seconds.
00:02:35 [allowed]  
00:02:35 [STASH_COMPACT] §f                 §7You have §3771 §7materials stashed away!
00:02:35 [STASH_COMPACT] §f              §8(This totals 4 types of materials stashed!)
00:02:35 [STASH_COMPACT] §f                §3§l>>> §3§lCLICK HERE§b to pick them up! §3§l<<<
00:02:35 [allowed]   
00:02:36 [allowed] §aStarting in 3 seconds.
00:02:36 [allowed] §b§m-----------------------------------------------------
§r§aGuild Commands:
§r§e/guild accept§r§b§7 - §bAccepts a guild invitation
§r§e/guild chat§r§e <chat message>§r§b§7 - §bSend a chat message to your guild chat channel
§r§e/guild create§r§e <name>§r§b§7 - §bCreates a guild with the specified name
§r§e/guild demote§r§e <player>§r§b§7 - §bDemotes the player to the previous rank
§r§e/guild disband§r§b§7 - §bDisbands the guild
§r§e/guild discord§r§b§7 - §bSet or view the guild's discord link
§r§e/guild help§r§b§7 - §bPrints this help message
§r§e/guild history§r§b§7 - §bView the last 24 hours of guild events
§r§e/guild info§r§b§7 - §bPrints information about your guild
§r§e/guild invite§r§e <player>§r§b§7 - §bInvites the player to your guild
§r§e/guild join§r§e <guild>§r§b§7 - §bRequest to join the specified guild
§r§e/guild kick§r§e <player> <reason>§r§b§7 - §bKicks the player from your guild
§r§e/guild leave§r§b§7 - §bLeaves your current guild
§r§e/guild log§r§b§7 - §bView the audit log
§r§e/guild member§r§b§7 - §bDisplays information about the Guild Member
§r§e/guild members§r§b§7 - §bLists players in your guild
§r§e/guild menu§r§b§7 - §bOpens the Guild Menu
§r§e/guild motd§r§b§7 - §bModifies the MOTD for the Guild
§r§e/guild mute§r§e <player/everyone> <time>§r§b§7 - §bMutes a player or the whole guild
§r§e/guild mypermissions§r§b§7 - §bView your rank's permissions
§r§e/guild notifications§r§b§7 - §bToggle guild join/leave notifications
§r§e/guild officerchat§r§b§7 - §bSend a chat message to your guild officer chat channel
§r§e/guild online§r§b§7 - §bShow the current online members of your guild
§r§e/guild onlinemode§r§b§7 - §bToggle if offline players are displayed in the guild list
§r§e/guild party§r§b§7 - §bForms a party from your online Guild Members
§r§e/guild permissions§r§b§7 - §bModify a rank's permissions
§r§e/guild promote§r§e <player>§r§b§7 - §bPromotes the player to the next rank
§r§e/guild quest§r§b§7 - §bShows information regarding the current Guild Quest
§r§e/guild rename§r§e <name>§r§b§7 - §bRenames the Guild
§r§e/guild setrank§r§e <player> <rank>§r§b§7 - §bSets a player's rank
§r§e/guild settings§r§e <setting> <value>§r§b§7 - §bModify settings for your guild
§r§e/guild slow§r§b§7 - §bToggle slow chat, requiring guild members to wait 10 seconds between messages
§r§e/guild tag§r§b§7 - §bSets the guild [TAG]
§r§e/guild tagcolor§r§b§7 - §bSets the guild tag color
§r§e/guild toggle§r§b§7 - §bToggle guild chat for yourself
§r§e/guild top§r§b§7 - §bLists the players with most experience earned
§r§e/guild transfer§r§e <player>§r§b§7 - §bTransfers ownership of the guild to another player
§r§e/guild unmute§r§e <player/everyone>§r§b§7 - §bUnmute a player or the whole guild§r§b§m
-----------------------------------------------------
00:02:37 [allowed] §aStarting in 2 seconds.
00:02:38 [allowed] §aStarting in 1 second.
00:02:38 [allowed] Unknown command. Type "/help" for help. ('dg')
00:02:39 [allowed] §6Your §r§aArcher §r§6stats are doubled because you are the only player using this class!
00:02:39 [allowed] §a[Archer] §r§fExtra Arrow Chance §r§c71%§r§f -> §r§a121%
00:02:39 [allowed] §a[Archer] §r§fArrow Damage §r§c183.6%§r§f -> §r§a233.6%
00:02:39 [allowed] §e[NPC] §bMort§f: §rHere, I found this map when I first entered the dungeon.
00:02:41 [allowed] §e[NPC] §bMort§f: §rYou should find it useful if you get lost.
00:02:42 [allowed] §e[NPC] §bMort§f: §rGood luck.
00:02:56 [allowed] §9§m-----------------------------------------------------
00:02:56 [allowed] §cYou are not currently in a party.
00:02:56 [allowed] §9§m-----------------------------------------------------
00:03:00 [allowed] §6Rapid Fire§r§a is ready to use! Press §r§6§lDROP§r§a to activate it!
00:03:09 [allowed] §7Warping you to your SkyBlock island...
00:03:10 [allowed] §7Sending to server mini25H...
00:03:10 [allowed] §8 §r§8 §r§1 §r§3 §r§3 §r§7 §r§8 
00:03:13 [allowed] §aYou are playing on profile: §eCucumber
00:03:13 [allowed] §8Profile ID: d3b760d9-e0d9-41d4-8f47-31e118afcace
00:03:14 [allowed]  
00:03:14 [STASH_COMPACT] §f                 §7You have §3771 §7materials stashed away!
00:03:14 [STASH_COMPACT] §f              §8(This totals 4 types of materials stashed!)
00:03:14 [STASH_COMPACT] §f                §3§l>>> §3§lCLICK HERE§b to pick them up! §3§l<<<
00:03:14 [allowed]   
00:03:15 [allowed]  
00:03:15 [STASH_COMPACT] §f                 §7You have §3771 §7materials stashed away!
00:03:15 [STASH_COMPACT] §f              §8(This totals 4 types of materials stashed!)
00:03:15 [STASH_COMPACT] §f                §3§l>>> §3§lCLICK HERE§b to pick them up! §3§l<<<
00:03:15 [allowed]   
00:03:25 [allowed] Unknown command. Type "/help" for help. ('d')
00:03:34 [allowed] §f §r§r§r§f §r§r§r§1 §r§r§r§0 §r§r§r§2 §r§r§r§f §r§r§r§f §r§r§r§2 §r§r§r§0 §r§r§r§4 §r§r§r§3 §r§r§r§9 §r§r§r§2 §r§r§r§0 §r§r§r§0 §r§r§r§3 §r§r§r§9 §r§r§r§2 §r§r§r§0 §r§r§r§0 §r§r§r§3 §r§r§r§9 §r§r§r§2 §r§r§r§0 §r§r§r§0 
00:03:34 [allowed] §b[MVP§c+§b] GAMEME794§f §6joined the lobby!
00:03:34 [allowed] §aYou have §b1 §aunclaimed leveling reward!
00:03:34 [allowed] §eClick here to view it!
00:03:34 [allowed] §aYou have §61 §aunclaimed achievement reward!
00:03:34 [allowed] §eClick here to view it!
00:03:34 [allowed] §9§m-----------------------------------------------------
00:03:34 [allowed] §cYou are not currently in a party.
00:03:34 [allowed] §9§m-----------------------------------------------------
