20:21:05 §f                                  §6§lBESTIARY
20:21:05 §f                     §b§lArachne's Keeper §7§8XI §8➡§b §bXII
20:21:05 
20:21:05 §f                                  §r§6§lREWARDS
20:21:05 §f                   §r§8+§r§a4 Arachne's Keeper §r§b✯ Magic Find
20:21:05 §f                   §r§8+§r§a4 Arachne's Keeper §r§c❁ Strength
20:21:05 §f                       §r§8+§r§62% §r§aArachne's Keeper §r§7coins
20:21:05 §f                    §r§8+§r§a50% §r§7chance for extra XP orbs
20:21:05 §f                               §r§8+§r§b1 SkyBlock XP
20:21:05 
20:21:05 §3§l▬▬▬▬▬▬▬▬▬▬▬▬▬▬▬▬▬▬▬▬▬▬▬▬▬▬▬▬▬▬▬▬▬▬▬▬▬▬▬▬▬▬▬▬▬▬▬▬▬▬▬▬▬▬▬▬▬▬▬▬▬▬▬▬
20:34:17 §f                                  §6§lBESTIARY
20:34:17 §f                           §b§lArachne §7§8XVI §8➡§b §bXVII
20:34:17 
20:34:17 §f                                  §r§6§lREWARDS
20:34:17 §f                         §r§8+§r§a5 Arachne §r§b✯ Magic Find
20:34:17 §f                         §r§8+§r§a5 Arachne §r§c❁ Strength
20:34:17 §f                             §r§8+§r§62% §r§aArachne §r§7coins
20:34:17 §f                    §r§8+§r§a50% §r§7chance for extra XP orbs
20:34:17 §f                               §r§8+§r§b1 SkyBlock XP
20:34:17 
20:34:17 §3§l▬▬▬▬▬▬▬▬▬▬▬▬▬▬▬▬▬▬▬▬▬▬▬▬▬▬▬▬▬▬▬▬▬▬▬▬▬▬▬▬▬▬▬▬▬▬▬▬▬▬▬▬▬▬▬▬▬▬▬▬▬▬▬▬
