21:27:32 [STASH_COMPACT] §f                 §7You have §3817 §7materials stashed away!
21:27:32 [STASH_COMPACT] §f             §8(This totals 10 types of materials stashed!)
21:27:32 [STASH_COMPACT] §f                §3§l>>> §3§lCLICK HERE§b to pick them up! §3§l<<<
21:27:32 [STASH_COMPACT]   
21:27:44 [STASH_COMPACT] §f                 §7You have §3817 §7materials stashed away!
21:27:44 [STASH_COMPACT] §f             §8(This totals 10 types of materials stashed!)
21:27:44 [STASH_COMPACT] §f                §3§l>>> §3§lCLICK HERE§b to pick them up! §3§l<<<
21:27:44 [STASH_COMPACT]   
21:28:45 [STASH_COMPACT] §f                 §7You have §3802 §7materials stashed away!
21:28:45 [STASH_COMPACT] §f              §8(This totals 9 types of materials stashed!)
21:28:45 [STASH_COMPACT] §f                §3§l>>> §3§lCLICK HERE§b to pick them up! §3§l<<<
21:28:45 [STASH_COMPACT]   
21:29:46 [STASH_COMPACT] §f                 §7You have §3802 §7materials stashed away!
21:29:46 [STASH_COMPACT] §f              §8(This totals 9 types of materials stashed!)
21:29:46 [STASH_COMPACT] §f                §3§l>>> §3§lCLICK HERE§b to pick them up! §3§l<<<
21:29:46 [STASH_COMPACT]   
21:30:47 [STASH_COMPACT] §f                 §7You have §3802 §7materials stashed away!
21:30:47 [STASH_COMPACT] §f              §8(This totals 9 types of materials stashed!)
21:30:47 [STASH_COMPACT] §f                §3§l>>> §3§lCLICK HERE§b to pick them up! §3§l<<<
21:30:47 [STASH_COMPACT]   
21:31:48 [STASH_COMPACT] §f                 §7You have §3802 §7materials stashed away!
21:31:48 [STASH_COMPACT] §f              §8(This totals 9 types of materials stashed!)
21:31:48 [STASH_COMPACT] §f                §3§l>>> §3§lCLICK HERE§b to pick them up! §3§l<<<
21:31:48 [STASH_COMPACT]   
21:32:49 [STASH_COMPACT] §f                 §7You have §3802 §7materials stashed away!
21:32:49 [STASH_COMPACT] §f              §8(This totals 9 types of materials stashed!)
21:32:49 [STASH_COMPACT] §f                §3§l>>> §3§lCLICK HERE§b to pick them up! §3§l<<<
21:32:49 [STASH_COMPACT]   
21:33:50 [STASH_COMPACT] §f                 §7You have §3802 §7materials stashed away!
21:33:50 [STASH_COMPACT] §f              §8(This totals 9 types of materials stashed!)
21:33:50 [STASH_COMPACT] §f                §3§l>>> §3§lCLICK HERE§b to pick them up! §3§l<<<
21:33:50 [STASH_COMPACT]   
21:34:50 [STASH_COMPACT] §f                 §7You have §3802 §7materials stashed away!
21:34:50 [STASH_COMPACT] §f              §8(This totals 9 types of materials stashed!)
21:34:50 [STASH_COMPACT] §f                §3§l>>> §3§lCLICK HERE§b to pick them up! §3§l<<<
21:34:50 [STASH_COMPACT]   
21:35:51 [STASH_COMPACT] §f                 §7You have §3802 §7materials stashed away!
21:35:51 [STASH_COMPACT] §f              §8(This totals 9 types of materials stashed!)
21:35:51 [STASH_COMPACT] §f                §3§l>>> §3§lCLICK HERE§b to pick them up! §3§l<<<
21:35:51 [STASH_COMPACT]   
21:36:52 [STASH_COMPACT] §f                 §7You have §3802 §7materials stashed away!
21:36:52 [STASH_COMPACT] §f              §8(This totals 9 types of materials stashed!)
21:36:52 [STASH_COMPACT] §f                §3§l>>> §3§lCLICK HERE§b to pick them up! §3§l<<<
21:36:52 [STASH_COMPACT]   
21:37:52 [STASH_COMPACT] §f                 §7You have §3802 §7materials stashed away!
21:37:52 [STASH_COMPACT] §f              §8(This totals 9 types of materials stashed!)
21:37:52 [STASH_COMPACT] §f                §3§l>>> §3§lCLICK HERE§b to pick them up! §3§l<<<
21:37:52 [STASH_COMPACT]   
21:38:53 [STASH_COMPACT] §f                 §7You have §3802 §7materials stashed away!
21:38:53 [STASH_COMPACT] §f              §8(This totals 9 types of materials stashed!)
21:38:53 [STASH_COMPACT] §f                §3§l>>> §3§lCLICK HERE§b to pick them up! §3§l<<<
21:38:53 [STASH_COMPACT]   
21:39:54 [STASH_COMPACT] §f                 §7You have §3802 §7materials stashed away!
21:39:54 [STASH_COMPACT] §f              §8(This totals 9 types of materials stashed!)
21:39:54 [STASH_COMPACT] §f                §3§l>>> §3§lCLICK HERE§b to pick them up! §3§l<<<
21:39:54 [STASH_COMPACT]   
21:40:00 [SLAYER_RNG_METER]    §dRNG Meter §f- §d84,200 Stored XP
21:40:54 [STASH_COMPACT] §f                 §7You have §3802 §7materials stashed away!
21:40:54 [STASH_COMPACT] §f              §8(This totals 9 types of materials stashed!)
21:40:54 [STASH_COMPACT] §f                §3§l>>> §3§lCLICK HERE§b to pick them up! §3§l<<<
21:40:54 [STASH_COMPACT]   
21:41:55 [STASH_COMPACT] §f                 §7You have §3802 §7materials stashed away!
21:41:55 [STASH_COMPACT] §f              §8(This totals 9 types of materials stashed!)
21:41:55 [STASH_COMPACT] §f                §3§l>>> §3§lCLICK HERE§b to pick them up! §3§l<<<
21:41:55 [STASH_COMPACT]   
21:42:10 [SLAYER_RNG_METER]    §dRNG Meter §f- §d84,700 Stored XP
21:42:56 [STASH_COMPACT] §f                 §7You have §3802 §7materials stashed away!
21:42:56 [STASH_COMPACT] §f              §8(This totals 9 types of materials stashed!)
21:42:56 [STASH_COMPACT] §f                §3§l>>> §3§lCLICK HERE§b to pick them up! §3§l<<<
21:42:56 [STASH_COMPACT]   
21:43:26 [SLAYER_RNG_METER]    §dRNG Meter §f- §d85,200 Stored XP
21:43:57 [STASH_COMPACT] §f                 §7You have §3802 §7materials stashed away!
21:43:57 [STASH_COMPACT] §f              §8(This totals 9 types of materials stashed!)
21:43:57 [STASH_COMPACT] §f                §3§l>>> §3§lCLICK HERE§b to pick them up! §3§l<<<
21:43:57 [STASH_COMPACT]   
21:44:15 [SLAYER_RNG_METER]    §dRNG Meter §f- §d85,700 Stored XP
21:44:57 [STASH_COMPACT] §f                 §7You have §3802 §7materials stashed away!
21:44:57 [STASH_COMPACT] §f              §8(This totals 9 types of materials stashed!)
21:44:57 [STASH_COMPACT] §f                §3§l>>> §3§lCLICK HERE§b to pick them up! §3§l<<<
21:44:57 [STASH_COMPACT]   
21:45:35 [SLAYER_RNG_METER]    §dRNG Meter §f- §d86,200 Stored XP
21:45:58 [STASH_COMPACT] §f                 §7You have §3802 §7materials stashed away!
21:45:58 [STASH_COMPACT] §f              §8(This totals 9 types of materials stashed!)
21:45:58 [STASH_COMPACT] §f                §3§l>>> §3§lCLICK HERE§b to pick them up! §3§l<<<
21:45:58 [STASH_COMPACT]   
21:46:18 [SLAYER_RNG_METER]    §dRNG Meter §f- §d86,700 Stored XP
21:46:58 [STASH_COMPACT] §f                 §7You have §3802 §7materials stashed away!
21:46:58 [STASH_COMPACT] §f              §8(This totals 9 types of materials stashed!)
21:46:58 [STASH_COMPACT] §f                §3§l>>> §3§lCLICK HERE§b to pick them up! §3§l<<<
21:46:58 [STASH_COMPACT]   
21:47:50 [SLAYER_RNG_METER]    §dRNG Meter §f- §d87,200 Stored XP
21:47:59 [STASH_COMPACT] §f                 §7You have §3802 §7materials stashed away!
21:47:59 [STASH_COMPACT] §f              §8(This totals 9 types of materials stashed!)
21:47:59 [STASH_COMPACT] §f                §3§l>>> §3§lCLICK HERE§b to pick them up! §3§l<<<
21:47:59 [STASH_COMPACT]   
21:49:00 [STASH_COMPACT] §f                 §7You have §3802 §7materials stashed away!
21:49:00 [STASH_COMPACT] §f              §8(This totals 9 types of materials stashed!)
21:49:00 [STASH_COMPACT] §f                §3§l>>> §3§lCLICK HERE§b to pick them up! §3§l<<<
21:49:00 [STASH_COMPACT]   
21:49:36 [SLAYER_RNG_METER]    §dRNG Meter §f- §d87,700 Stored XP
21:50:01 [STASH_COMPACT] §f                 §7You have §3802 §7materials stashed away!
21:50:01 [STASH_COMPACT] §f              §8(This totals 9 types of materials stashed!)
21:50:01 [STASH_COMPACT] §f                §3§l>>> §3§lCLICK HERE§b to pick them up! §3§l<<<
21:50:01 [STASH_COMPACT]   
21:51:02 [STASH_COMPACT] §f                 §7You have §3802 §7materials stashed away!
21:51:02 [STASH_COMPACT] §f              §8(This totals 9 types of materials stashed!)
21:51:02 [STASH_COMPACT] §f                §3§l>>> §3§lCLICK HERE§b to pick them up! §3§l<<<
21:51:02 [STASH_COMPACT]   
21:51:36 [SLAYER_RNG_METER]    §dRNG Meter §f- §d88,200 Stored XP
21:52:02 [STASH_COMPACT] §f                 §7You have §3802 §7materials stashed away!
21:52:02 [STASH_COMPACT] §f              §8(This totals 9 types of materials stashed!)
21:52:02 [STASH_COMPACT] §f                §3§l>>> §3§lCLICK HERE§b to pick them up! §3§l<<<
21:52:02 [STASH_COMPACT]   
21:53:03 [STASH_COMPACT] §f                 §7You have §3802 §7materials stashed away!
21:53:03 [STASH_COMPACT] §f              §8(This totals 9 types of materials stashed!)
21:53:03 [STASH_COMPACT] §f                §3§l>>> §3§lCLICK HERE§b to pick them up! §3§l<<<
21:53:03 [STASH_COMPACT]   
21:53:07 [SLAYER_RNG_METER]    §dRNG Meter §f- §d88,700 Stored XP
21:54:04 [STASH_COMPACT] §f                 §7You have §3802 §7materials stashed away!
21:54:04 [STASH_COMPACT] §f              §8(This totals 9 types of materials stashed!)
21:54:04 [STASH_COMPACT] §f                §3§l>>> §3§lCLICK HERE§b to pick them up! §3§l<<<
21:54:04 [STASH_COMPACT]   
21:54:23 [SLAYER_RNG_METER]    §dRNG Meter §f- §d89,200 Stored XP
21:55:04 [STASH_COMPACT] §f                 §7You have §3802 §7materials stashed away!
21:55:04 [STASH_COMPACT] §f              §8(This totals 9 types of materials stashed!)
21:55:04 [STASH_COMPACT] §f                §3§l>>> §3§lCLICK HERE§b to pick them up! §3§l<<<
21:55:04 [STASH_COMPACT]   
21:56:05 [STASH_COMPACT] §f                 §7You have §3802 §7materials stashed away!
21:56:05 [STASH_COMPACT] §f              §8(This totals 9 types of materials stashed!)
21:56:05 [STASH_COMPACT] §f                §3§l>>> §3§lCLICK HERE§b to pick them up! §3§l<<<
21:56:05 [STASH_COMPACT]   
21:56:27 [SLAYER_RNG_METER]    §dRNG Meter §f- §d89,700 Stored XP
21:57:06 [STASH_COMPACT] §f                 §7You have §3802 §7materials stashed away!
21:57:06 [STASH_COMPACT] §f              §8(This totals 9 types of materials stashed!)
21:57:06 [STASH_COMPACT] §f                §3§l>>> §3§lCLICK HERE§b to pick them up! §3§l<<<
21:57:06 [STASH_COMPACT]   
21:58:06 [STASH_COMPACT] §f                 §7You have §3802 §7materials stashed away!
21:58:06 [STASH_COMPACT] §f              §8(This totals 9 types of materials stashed!)
21:58:06 [STASH_COMPACT] §f                §3§l>>> §3§lCLICK HERE§b to pick them up! §3§l<<<
21:58:06 [STASH_COMPACT]   
21:58:17 [SLAYER_RNG_METER]    §dRNG Meter §f- §d90,200 Stored XP
21:59:07 [STASH_COMPACT] §f                 §7You have §3802 §7materials stashed away!
21:59:07 [STASH_COMPACT] §f              §8(This totals 9 types of materials stashed!)
21:59:07 [STASH_COMPACT] §f                §3§l>>> §3§lCLICK HERE§b to pick them up! §3§l<<<
21:59:07 [STASH_COMPACT]   
22:00:08 [STASH_COMPACT] §f                 §7You have §3802 §7materials stashed away!
22:00:08 [STASH_COMPACT] §f              §8(This totals 9 types of materials stashed!)
22:00:08 [STASH_COMPACT] §f                §3§l>>> §3§lCLICK HERE§b to pick them up! §3§l<<<
22:00:08 [STASH_COMPACT]   
22:00:24 [SLAYER_RNG_METER]    §dRNG Meter §f- §d90,700 Stored XP
22:01:08 [STASH_COMPACT] §f                 §7You have §3802 §7materials stashed away!
22:01:08 [STASH_COMPACT] §f              §8(This totals 9 types of materials stashed!)
22:01:08 [STASH_COMPACT] §f                §3§l>>> §3§lCLICK HERE§b to pick them up! §3§l<<<
22:01:08 [STASH_COMPACT]   
22:02:09 [STASH_COMPACT] §f                 §7You have §3802 §7materials stashed away!
22:02:09 [STASH_COMPACT] §f              §8(This totals 9 types of materials stashed!)
22:02:09 [STASH_COMPACT] §f                §3§l>>> §3§lCLICK HERE§b to pick them up! §3§l<<<
22:02:09 [STASH_COMPACT]   
22:02:31 [SLAYER_RNG_METER]    §dRNG Meter §f- §d91,200 Stored XP
22:03:10 [STASH_COMPACT] §f                 §7You have §3802 §7materials stashed away!
22:03:10 [STASH_COMPACT] §f              §8(This totals 9 types of materials stashed!)
22:03:10 [STASH_COMPACT] §f                §3§l>>> §3§lCLICK HERE§b to pick them up! §3§l<<<
22:03:10 [STASH_COMPACT]   
22:03:39 [SLAYER_RNG_METER]    §dRNG Meter §f- §d91,700 Stored XP
22:04:10 [STASH_COMPACT] §f                 §7You have §3802 §7materials stashed away!
22:04:10 [STASH_COMPACT] §f              §8(This totals 9 types of materials stashed!)
22:04:10 [STASH_COMPACT] §f                §3§l>>> §3§lCLICK HERE§b to pick them up! §3§l<<<
22:04:10 [STASH_COMPACT]   
22:05:05 [SLAYER_RNG_METER]    §dRNG Meter §f- §d92,200 Stored XP
22:05:11 [STASH_COMPACT] §f                 §7You have §3802 §7materials stashed away!
22:05:11 [STASH_COMPACT] §f              §8(This totals 9 types of materials stashed!)
22:05:11 [STASH_COMPACT] §f                §3§l>>> §3§lCLICK HERE§b to pick them up! §3§l<<<
22:05:11 [STASH_COMPACT]   
22:06:12 [STASH_COMPACT] §f                 §7You have §3802 §7materials stashed away!
22:06:12 [STASH_COMPACT] §f              §8(This totals 9 types of materials stashed!)
22:06:12 [STASH_COMPACT] §f                §3§l>>> §3§lCLICK HERE§b to pick them up! §3§l<<<
22:06:12 [STASH_COMPACT]   
22:06:55 [SLAYER_RNG_METER]    §dRNG Meter §f- §d92,700 Stored XP
22:07:12 [STASH_COMPACT] §f                 §7You have §3802 §7materials stashed away!
22:07:12 [STASH_COMPACT] §f              §8(This totals 9 types of materials stashed!)
22:07:12 [STASH_COMPACT] §f                §3§l>>> §3§lCLICK HERE§b to pick them up! §3§l<<<
22:07:12 [STASH_COMPACT]   
22:08:12 [STASH_COMPACT] §f                 §7You have §3802 §7materials stashed away!
22:08:12 [STASH_COMPACT] §f              §8(This totals 9 types of materials stashed!)
22:08:12 [STASH_COMPACT] §f                §3§l>>> §3§lCLICK HERE§b to pick them up! §3§l<<<
22:08:12 [STASH_COMPACT]   
22:09:13 [STASH_COMPACT] §f                 §7You have §3802 §7materials stashed away!
22:09:13 [STASH_COMPACT] §f              §8(This totals 9 types of materials stashed!)
22:09:13 [STASH_COMPACT] §f                §3§l>>> §3§lCLICK HERE§b to pick them up! §3§l<<<
22:09:13 [STASH_COMPACT]   
22:10:13 [STASH_COMPACT] §f                 §7You have §3802 §7materials stashed away!
22:10:13 [STASH_COMPACT] §f              §8(This totals 9 types of materials stashed!)
22:10:13 [STASH_COMPACT] §f                §3§l>>> §3§lCLICK HERE§b to pick them up! §3§l<<<
22:10:13 [STASH_COMPACT]   
22:10:27 [SLAYER_RNG_METER]    §dRNG Meter §f- §d93,200 Stored XP
22:10:45 [SLAYER_RNG_METER]    §dRNG Meter §f- §d93,700 Stored XP
22:11:14 [STASH_COMPACT] §f                 §7You have §3802 §7materials stashed away!
22:11:14 [STASH_COMPACT] §f              §8(This totals 9 types of materials stashed!)
22:11:14 [STASH_COMPACT] §f                §3§l>>> §3§lCLICK HERE§b to pick them up! §3§l<<<
22:11:14 [STASH_COMPACT]   
22:12:06 [SLAYER_RNG_METER]    §dRNG Meter §f- §d94,200 Stored XP
22:12:15 [STASH_COMPACT] §f                 §7You have §3802 §7materials stashed away!
22:12:15 [STASH_COMPACT] §f              §8(This totals 9 types of materials stashed!)
22:12:15 [STASH_COMPACT] §f                §3§l>>> §3§lCLICK HERE§b to pick them up! §3§l<<<
22:12:15 [STASH_COMPACT]   
22:12:26 [SLAYER_RNG_METER]    §dRNG Meter §f- §d94,700 Stored XP
22:13:15 [STASH_COMPACT] §f                 §7You have §3802 §7materials stashed away!
22:13:15 [STASH_COMPACT] §f              §8(This totals 9 types of materials stashed!)
22:13:15 [STASH_COMPACT] §f                §3§l>>> §3§lCLICK HERE§b to pick them up! §3§l<<<
22:13:15 [STASH_COMPACT]   
22:13:36 [SLAYER_RNG_METER]    §dRNG Meter §f- §d95,200 Stored XP
22:14:01 [SLAYER_RNG_METER]    §dRNG Meter §f- §d95,700 Stored XP
22:14:16 [STASH_COMPACT] §f                 §7You have §3802 §7materials stashed away!
22:14:16 [STASH_COMPACT] §f              §8(This totals 9 types of materials stashed!)
22:14:16 [STASH_COMPACT] §f                §3§l>>> §3§lCLICK HERE§b to pick them up! §3§l<<<
22:14:16 [STASH_COMPACT]   
22:14:45 [SLAYER_RNG_METER]    §dRNG Meter §f- §d96,200 Stored XP
22:15:17 [STASH_COMPACT] §f                 §7You have §3802 §7materials stashed away!
22:15:17 [STASH_COMPACT] §f              §8(This totals 9 types of materials stashed!)
22:15:17 [STASH_COMPACT] §f                §3§l>>> §3§lCLICK HERE§b to pick them up! §3§l<<<
22:15:17 [STASH_COMPACT]   
22:15:46 [SLAYER_RNG_METER]    §dRNG Meter §f- §d96,700 Stored XP
22:16:18 [STASH_COMPACT] §f                 §7You have §3802 §7materials stashed away!
22:16:18 [STASH_COMPACT] §f              §8(This totals 9 types of materials stashed!)
22:16:18 [STASH_COMPACT] §f                §3§l>>> §3§lCLICK HERE§b to pick them up! §3§l<<<
22:16:18 [STASH_COMPACT]   
22:17:03 [SLAYER_RNG_METER]    §dRNG Meter §f- §d97,200 Stored XP
22:17:19 [STASH_COMPACT] §f                 §7You have §3802 §7materials stashed away!
22:17:19 [STASH_COMPACT] §f              §8(This totals 9 types of materials stashed!)
22:17:19 [STASH_COMPACT] §f                §3§l>>> §3§lCLICK HERE§b to pick them up! §3§l<<<
22:17:19 [STASH_COMPACT]   
22:17:24 [SLAYER_RNG_METER]    §dRNG Meter §f- §d97,700 Stored XP
22:18:21 [STASH_COMPACT] §f                 §7You have §3802 §7materials stashed away!
22:18:21 [STASH_COMPACT] §f              §8(This totals 9 types of materials stashed!)
22:18:21 [STASH_COMPACT] §f                §3§l>>> §3§lCLICK HERE§b to pick them up! §3§l<<<
22:18:21 [STASH_COMPACT]   
22:18:25 [SLAYER_RNG_METER]    §dRNG Meter §f- §d98,200 Stored XP
22:18:50 [SLAYER_RNG_METER]    §dRNG Meter §f- §d98,700 Stored XP
22:19:19 [SLAYER_RNG_METER]    §dRNG Meter §f- §d99,200 Stored XP
22:19:21 [STASH_COMPACT] §f                 §7You have §3802 §7materials stashed away!
22:19:21 [STASH_COMPACT] §f              §8(This totals 9 types of materials stashed!)
22:19:21 [STASH_COMPACT] §f                §3§l>>> §3§lCLICK HERE§b to pick them up! §3§l<<<
22:19:21 [STASH_COMPACT]   
22:20:22 [STASH_COMPACT] §f                 §7You have §3802 §7materials stashed away!
22:20:22 [STASH_COMPACT] §f              §8(This totals 9 types of materials stashed!)
22:20:22 [STASH_COMPACT] §f                §3§l>>> §3§lCLICK HERE§b to pick them up! §3§l<<<
22:20:22 [STASH_COMPACT]   
22:21:14 [SLAYER_RNG_METER]    §dRNG Meter §f- §d99,700 Stored XP
22:21:23 [STASH_COMPACT] §f                 §7You have §3802 §7materials stashed away!
22:21:23 [STASH_COMPACT] §f              §8(This totals 9 types of materials stashed!)
22:21:23 [STASH_COMPACT] §f                §3§l>>> §3§lCLICK HERE§b to pick them up! §3§l<<<
22:21:23 [STASH_COMPACT]   
22:21:44 [SLAYER_RNG_METER]    §dRNG Meter §f- §d100,200 Stored XP
22:22:23 [STASH_COMPACT] §f                 §7You have §3802 §7materials stashed away!
22:22:23 [STASH_COMPACT] §f              §8(This totals 9 types of materials stashed!)
22:22:23 [STASH_COMPACT] §f                §3§l>>> §3§lCLICK HERE§b to pick them up! §3§l<<<
22:22:23 [STASH_COMPACT]   
22:23:24 [STASH_COMPACT] §f                 §7You have §3802 §7materials stashed away!
22:23:24 [STASH_COMPACT] §f              §8(This totals 9 types of materials stashed!)
22:23:24 [STASH_COMPACT] §f                §3§l>>> §3§lCLICK HERE§b to pick them up! §3§l<<<
22:23:24 [STASH_COMPACT]   
22:24:25 [STASH_COMPACT] §f                 §7You have §3802 §7materials stashed away!
22:24:25 [STASH_COMPACT] §f              §8(This totals 9 types of materials stashed!)
22:24:25 [STASH_COMPACT] §f                §3§l>>> §3§lCLICK HERE§b to pick them up! §3§l<<<
22:24:25 [STASH_COMPACT]   
22:24:37 [SLAYER_RNG_METER]    §dRNG Meter §f- §d100,700 Stored XP
22:25:26 [STASH_COMPACT] §f                 §7You have §3802 §7materials stashed away!
22:25:26 [STASH_COMPACT] §f              §8(This totals 9 types of materials stashed!)
22:25:26 [STASH_COMPACT] §f                §3§l>>> §3§lCLICK HERE§b to pick them up! §3§l<<<
22:25:26 [STASH_COMPACT]   
22:25:38 [SLAYER_RNG_METER]    §dRNG Meter §f- §d101,200 Stored XP
22:26:27 [STASH_COMPACT] §f                 §7You have §3802 §7materials stashed away!
22:26:27 [STASH_COMPACT] §f              §8(This totals 9 types of materials stashed!)
22:26:27 [STASH_COMPACT] §f                §3§l>>> §3§lCLICK HERE§b to pick them up! §3§l<<<
22:26:27 [STASH_COMPACT]   
22:27:00 [SLAYER_RNG_METER]    §dRNG Meter §f- §d101,700 Stored XP
22:27:20 [SLAYER_RNG_METER]    §dRNG Meter §f- §d102,200 Stored XP
22:27:27 [STASH_COMPACT] §f                 §7You have §3802 §7materials stashed away!
22:27:27 [STASH_COMPACT] §f              §8(This totals 9 types of materials stashed!)
22:27:27 [STASH_COMPACT] §f                §3§l>>> §3§lCLICK HERE§b to pick them up! §3§l<<<
22:27:27 [STASH_COMPACT]   
22:28:28 [STASH_COMPACT] §f                 §7You have §3802 §7materials stashed away!
22:28:28 [STASH_COMPACT] §f              §8(This totals 9 types of materials stashed!)
22:28:28 [STASH_COMPACT] §f                §3§l>>> §3§lCLICK HERE§b to pick them up! §3§l<<<
22:28:28 [STASH_COMPACT]   
22:28:29 [STASH_COMPACT] §f                 §7You have §3802 §7materials stashed away!
22:28:29 [STASH_COMPACT] §f              §8(This totals 9 types of materials stashed!)
22:28:29 [STASH_COMPACT] §f                §3§l>>> §3§lCLICK HERE§b to pick them up! §3§l<<<
22:28:29 [STASH_COMPACT]   
22:29:30 [STASH_COMPACT] §f                 §7You have §3802 §7materials stashed away!
22:29:30 [STASH_COMPACT] §f              §8(This totals 9 types of materials stashed!)
22:29:30 [STASH_COMPACT] §f                §3§l>>> §3§lCLICK HERE§b to pick them up! §3§l<<<
22:29:30 [STASH_COMPACT]   
22:30:31 [STASH_COMPACT] §f                 §7You have §3802 §7materials stashed away!
22:30:31 [STASH_COMPACT] §f              §8(This totals 9 types of materials stashed!)
22:30:31 [STASH_COMPACT] §f                §3§l>>> §3§lCLICK HERE§b to pick them up! §3§l<<<
22:30:31 [STASH_COMPACT]   
22:31:31 [STASH_COMPACT] §f                 §7You have §3802 §7materials stashed away!
22:31:31 [STASH_COMPACT] §f              §8(This totals 9 types of materials stashed!)
22:31:31 [STASH_COMPACT] §f                §3§l>>> §3§lCLICK HERE§b to pick them up! §3§l<<<
22:31:31 [STASH_COMPACT]   
22:32:32 [STASH_COMPACT] §f                 §7You have §3802 §7materials stashed away!
22:32:32 [STASH_COMPACT] §f              §8(This totals 9 types of materials stashed!)
22:32:32 [STASH_COMPACT] §f                §3§l>>> §3§lCLICK HERE§b to pick them up! §3§l<<<
22:32:32 [STASH_COMPACT]   
22:33:32 [STASH_COMPACT] §f                 §7You have §3802 §7materials stashed away!
22:33:32 [STASH_COMPACT] §f              §8(This totals 9 types of materials stashed!)
22:33:32 [STASH_COMPACT] §f                §3§l>>> §3§lCLICK HERE§b to pick them up! §3§l<<<
22:33:32 [STASH_COMPACT]   
22:34:33 [STASH_COMPACT] §f                 §7You have §3802 §7materials stashed away!
22:34:33 [STASH_COMPACT] §f              §8(This totals 9 types of materials stashed!)
22:34:33 [STASH_COMPACT] §f                §3§l>>> §3§lCLICK HERE§b to pick them up! §3§l<<<
22:34:33 [STASH_COMPACT]   
22:35:34 [STASH_COMPACT] §f                 §7You have §3802 §7materials stashed away!
22:35:34 [STASH_COMPACT] §f              §8(This totals 9 types of materials stashed!)
22:35:34 [STASH_COMPACT] §f                §3§l>>> §3§lCLICK HERE§b to pick them up! §3§l<<<
22:35:34 [STASH_COMPACT]   
22:36:34 [STASH_COMPACT] §f                 §7You have §3802 §7materials stashed away!
22:36:34 [STASH_COMPACT] §f              §8(This totals 9 types of materials stashed!)
22:36:34 [STASH_COMPACT] §f                §3§l>>> §3§lCLICK HERE§b to pick them up! §3§l<<<
22:36:34 [STASH_COMPACT]   
22:37:05 [STASH_COMPACT] §f                 §7You have §3802 §7materials stashed away!
22:37:05 [STASH_COMPACT] §f              §8(This totals 9 types of materials stashed!)
22:37:05 [STASH_COMPACT] §f                §3§l>>> §3§lCLICK HERE§b to pick them up! §3§l<<<
22:37:05 [STASH_COMPACT]   
22:37:05 [STASH_COMPACT] §f                 §7You have §3802 §7materials stashed away!
22:37:05 [STASH_COMPACT] §f              §8(This totals 9 types of materials stashed!)
22:37:05 [STASH_COMPACT] §f                §3§l>>> §3§lCLICK HERE§b to pick them up! §3§l<<<
22:37:05 [STASH_COMPACT]   
22:38:06 [STASH_COMPACT] §f                 §7You have §3802 §7materials stashed away!
22:38:06 [STASH_COMPACT] §f              §8(This totals 9 types of materials stashed!)
22:38:06 [STASH_COMPACT] §f                §3§l>>> §3§lCLICK HERE§b to pick them up! §3§l<<<
22:38:06 [STASH_COMPACT]   
22:39:06 [STASH_COMPACT] §f                 §7You have §3802 §7materials stashed away!
22:39:06 [STASH_COMPACT] §f              §8(This totals 9 types of materials stashed!)
22:39:06 [STASH_COMPACT] §f                §3§l>>> §3§lCLICK HERE§b to pick them up! §3§l<<<
22:39:06 [STASH_COMPACT]   
22:40:06 [STASH_COMPACT] §f                 §7You have §3802 §7materials stashed away!
22:40:06 [STASH_COMPACT] §f              §8(This totals 9 types of materials stashed!)
22:40:06 [STASH_COMPACT] §f                §3§l>>> §3§lCLICK HERE§b to pick them up! §3§l<<<
22:40:06 [STASH_COMPACT]   
22:41:07 [STASH_COMPACT] §f                 §7You have §3802 §7materials stashed away!
22:41:07 [STASH_COMPACT] §f              §8(This totals 9 types of materials stashed!)
22:41:07 [STASH_COMPACT] §f                §3§l>>> §3§lCLICK HERE§b to pick them up! §3§l<<<
22:41:07 [STASH_COMPACT]   
22:42:07 [STASH_COMPACT] §f                 §7You have §3802 §7materials stashed away!
22:42:07 [STASH_COMPACT] §f              §8(This totals 9 types of materials stashed!)
22:42:07 [STASH_COMPACT] §f                §3§l>>> §3§lCLICK HERE§b to pick them up! §3§l<<<
22:42:07 [STASH_COMPACT]   
22:43:07 [STASH_COMPACT] §f                 §7You have §3802 §7materials stashed away!
22:43:07 [STASH_COMPACT] §f              §8(This totals 9 types of materials stashed!)
22:43:07 [STASH_COMPACT] §f                §3§l>>> §3§lCLICK HERE§b to pick them up! §3§l<<<
22:43:07 [STASH_COMPACT]   
22:44:07 [STASH_COMPACT] §f                 §7You have §3802 §7materials stashed away!
22:44:07 [STASH_COMPACT] §f              §8(This totals 9 types of materials stashed!)
22:44:07 [STASH_COMPACT] §f                §3§l>>> §3§lCLICK HERE§b to pick them up! §3§l<<<
22:44:07 [STASH_COMPACT]   
22:45:07 [STASH_COMPACT] §f                 §7You have §3802 §7materials stashed away!
22:45:07 [STASH_COMPACT] §f              §8(This totals 9 types of materials stashed!)
22:45:07 [STASH_COMPACT] §f                §3§l>>> §3§lCLICK HERE§b to pick them up! §3§l<<<
22:45:07 [STASH_COMPACT]   
22:46:07 [STASH_COMPACT] §f                 §7You have §3802 §7materials stashed away!
22:46:07 [STASH_COMPACT] §f              §8(This totals 9 types of materials stashed!)
22:46:07 [STASH_COMPACT] §f                §3§l>>> §3§lCLICK HERE§b to pick them up! §3§l<<<
22:46:07 [STASH_COMPACT]   
22:47:08 [STASH_COMPACT] §f                 §7You have §3802 §7materials stashed away!
22:47:08 [STASH_COMPACT] §f              §8(This totals 9 types of materials stashed!)
22:47:08 [STASH_COMPACT] §f                §3§l>>> §3§lCLICK HERE§b to pick them up! §3§l<<<
22:47:08 [STASH_COMPACT]   
22:48:08 [STASH_COMPACT] §f                 §7You have §3802 §7materials stashed away!
22:48:08 [STASH_COMPACT] §f              §8(This totals 9 types of materials stashed!)
22:48:08 [STASH_COMPACT] §f                §3§l>>> §3§lCLICK HERE§b to pick them up! §3§l<<<
22:48:08 [STASH_COMPACT]   
22:48:18 [STASH_COMPACT] §f                 §7You have §3802 §7materials stashed away!
22:48:18 [STASH_COMPACT] §f              §8(This totals 9 types of materials stashed!)
22:48:18 [STASH_COMPACT] §f                §3§l>>> §3§lCLICK HERE§b to pick them up! §3§l<<<
22:48:18 [STASH_COMPACT]   
22:49:12 [STASH_COMPACT] §f                 §7You have §3802 §7materials stashed away!
22:49:12 [STASH_COMPACT] §f              §8(This totals 9 types of materials stashed!)
22:49:12 [STASH_COMPACT] §f                §3§l>>> §3§lCLICK HERE§b to pick them up! §3§l<<<
22:49:12 [STASH_COMPACT]   
22:50:13 [STASH_COMPACT] §f                 §7You have §3802 §7materials stashed away!
22:50:13 [STASH_COMPACT] §f              §8(This totals 9 types of materials stashed!)
22:50:13 [STASH_COMPACT] §f                §3§l>>> §3§lCLICK HERE§b to pick them up! §3§l<<<
22:50:13 [STASH_COMPACT]   
22:51:14 [STASH_COMPACT] §f                 §7You have §3802 §7materials stashed away!
22:51:14 [STASH_COMPACT] §f              §8(This totals 9 types of materials stashed!)
22:51:14 [STASH_COMPACT] §f                §3§l>>> §3§lCLICK HERE§b to pick them up! §3§l<<<
22:51:14 [STASH_COMPACT]   
22:52:15 [STASH_COMPACT] §f                 §7You have §3802 §7materials stashed away!
22:52:15 [STASH_COMPACT] §f              §8(This totals 9 types of materials stashed!)
22:52:15 [STASH_COMPACT] §f                §3§l>>> §3§lCLICK HERE§b to pick them up! §3§l<<<
22:52:15 [STASH_COMPACT]   
22:53:16 [STASH_COMPACT] §f                 §7You have §3802 §7materials stashed away!
22:53:16 [STASH_COMPACT] §f              §8(This totals 9 types of materials stashed!)
22:53:16 [STASH_COMPACT] §f                §3§l>>> §3§lCLICK HERE§b to pick them up! §3§l<<<
22:53:16 [STASH_COMPACT]   
22:53:39 [STASH_COMPACT] §f                 §7You have §3802 §7materials stashed away!
22:53:39 [STASH_COMPACT] §f              §8(This totals 9 types of materials stashed!)
22:53:39 [STASH_COMPACT] §f                §3§l>>> §3§lCLICK HERE§b to pick them up! §3§l<<<
22:53:39 [STASH_COMPACT]   
22:53:39 [STASH_COMPACT] §f                 §7You have §3802 §7materials stashed away!
22:53:39 [STASH_COMPACT] §f              §8(This totals 9 types of materials stashed!)
22:53:39 [STASH_COMPACT] §f                §3§l>>> §3§lCLICK HERE§b to pick them up! §3§l<<<
22:53:39 [STASH_COMPACT]   
22:54:40 [STASH_COMPACT] §f                 §7You have §3802 §7materials stashed away!
22:54:40 [STASH_COMPACT] §f              §8(This totals 9 types of materials stashed!)
22:54:40 [STASH_COMPACT] §f                §3§l>>> §3§lCLICK HERE§b to pick them up! §3§l<<<
22:54:40 [STASH_COMPACT]   
22:55:40 [STASH_COMPACT] §f                 §7You have §3802 §7materials stashed away!
22:55:40 [STASH_COMPACT] §f              §8(This totals 9 types of materials stashed!)
22:55:40 [STASH_COMPACT] §f                §3§l>>> §3§lCLICK HERE§b to pick them up! §3§l<<<
22:55:40 [STASH_COMPACT]   
22:56:40 [STASH_COMPACT] §f                 §7You have §3802 §7materials stashed away!
22:56:40 [STASH_COMPACT] §f              §8(This totals 9 types of materials stashed!)
22:56:40 [STASH_COMPACT] §f                §3§l>>> §3§lCLICK HERE§b to pick them up! §3§l<<<
22:56:40 [STASH_COMPACT]   
22:57:40 [STASH_COMPACT] §f                 §7You have §3802 §7materials stashed away!
22:57:40 [STASH_COMPACT] §f              §8(This totals 9 types of materials stashed!)
22:57:40 [STASH_COMPACT] §f                §3§l>>> §3§lCLICK HERE§b to pick them up! §3§l<<<
22:57:40 [STASH_COMPACT]   
22:58:41 [STASH_COMPACT] §f                 §7You have §3802 §7materials stashed away!
22:58:41 [STASH_COMPACT] §f              §8(This totals 9 types of materials stashed!)
22:58:41 [STASH_COMPACT] §f                §3§l>>> §3§lCLICK HERE§b to pick them up! §3§l<<<
22:58:41 [STASH_COMPACT]   
22:59:41 [STASH_COMPACT] §f                 §7You have §3802 §7materials stashed away!
22:59:41 [STASH_COMPACT] §f              §8(This totals 9 types of materials stashed!)
22:59:41 [STASH_COMPACT] §f                §3§l>>> §3§lCLICK HERE§b to pick them up! §3§l<<<
22:59:41 [STASH_COMPACT]   
23:00:41 [STASH_COMPACT] §f                 §7You have §3802 §7materials stashed away!
23:00:41 [STASH_COMPACT] §f              §8(This totals 9 types of materials stashed!)
23:00:41 [STASH_COMPACT] §f                §3§l>>> §3§lCLICK HERE§b to pick them up! §3§l<<<
23:00:41 [STASH_COMPACT]   
23:01:41 [STASH_COMPACT] §f                 §7You have §3802 §7materials stashed away!
23:01:41 [STASH_COMPACT] §f              §8(This totals 9 types of materials stashed!)
23:01:41 [STASH_COMPACT] §f                §3§l>>> §3§lCLICK HERE§b to pick them up! §3§l<<<
23:01:41 [STASH_COMPACT]   
23:02:41 [STASH_COMPACT] §f                 §7You have §3802 §7materials stashed away!
23:02:41 [STASH_COMPACT] §f              §8(This totals 9 types of materials stashed!)
23:02:41 [STASH_COMPACT] §f                §3§l>>> §3§lCLICK HERE§b to pick them up! §3§l<<<
23:02:41 [STASH_COMPACT]   
23:03:42 [STASH_COMPACT] §f                 §7You have §3802 §7materials stashed away!
23:03:42 [STASH_COMPACT] §f              §8(This totals 9 types of materials stashed!)
23:03:42 [STASH_COMPACT] §f                §3§l>>> §3§lCLICK HERE§b to pick them up! §3§l<<<
23:03:42 [STASH_COMPACT]   
23:04:42 [STASH_COMPACT] §f                 §7You have §3802 §7materials stashed away!
23:04:42 [STASH_COMPACT] §f              §8(This totals 9 types of materials stashed!)
23:04:42 [STASH_COMPACT] §f                §3§l>>> §3§lCLICK HERE§b to pick them up! §3§l<<<
23:04:42 [STASH_COMPACT]   
23:05:42 [STASH_COMPACT] §f                 §7You have §3802 §7materials stashed away!
23:05:42 [STASH_COMPACT] §f              §8(This totals 9 types of materials stashed!)
23:05:42 [STASH_COMPACT] §f                §3§l>>> §3§lCLICK HERE§b to pick them up! §3§l<<<
23:05:42 [STASH_COMPACT]   
