21:25:56 §e[SkyHanni] Reloaded 7281 items in the NEU repo§r
21:27:29 §e[SkyHanni] Discord Rich Presence was unable to start! This usually happens when you join SkyBlock when Discord is not started. Please run /shrpcstart to retry once you have launched Discord.§r
21:27:32 §e[SkyHanni] §bYou have §3817 §bmaterials in stash, §btotalling §310 types§b. §bClick to §3pickup §byour stash!§r
21:27:46 §e[SkyHanni] You have gained §b507 §eBits.§r
21:28:45 §e[SkyHanni] §bYou have §3802 §bmaterials in stash, §btotalling §39 types§b. §bClick to §3pickup §byour stash!§r
21:30:01 §e[SkyHanni] The Broodmother was killed!§r
21:40:14 §e[SkyHanni] The Broodmother was killed!§r
21:43:27                    §eArachne took §b22.3s§e seconds to kill.§r
21:44:12                    §eArachne took §b22.8s§e seconds to kill.§r
21:45:32                    §eArachne took §b19.5s§e seconds to kill.§r
21:46:15                    §eArachne took §b20.0s§e seconds to kill.§r
21:46:59                    §eArachne took §b21.2s§e seconds to kill.§r
21:47:39                    §eArachne took §b17.8s§e seconds to kill.§r
21:48:52                    §eArachne took §b23.6s§e seconds to kill.§r
21:49:40                    §eArachne took §b26.1s§e seconds to kill.§r
21:50:23                    §eArachne took §b19.5s§e seconds to kill.§r
21:51:07                    §eArachne took §b22.1s§e seconds to kill.§r
21:51:12 §e[SkyHanni] §b+3 SkyBlock XP §7(Pet Score§7)§b (70/100)§r
21:52:11                    §eArachne took §b20.0s§e seconds to kill.§r
21:53:11                    §eArachne took §b17.7s§e seconds to kill.§r
21:54:10                    §eArachne took §b18.2s§e seconds to kill.§r
21:55:29                    §eArachne took §b16.4s§e seconds to kill.§r
21:56:27                    §eArachne took §b16.9s§e seconds to kill.§r
21:56:50 §e[SkyHanni] The Broodmother was killed!§r
21:57:24                    §eArachne took §b14.9s§e seconds to kill.§r
21:58:23                    §eArachne took §b18.4s§e seconds to kill.§r
21:59:24                    §eArachne took §b16.7s§e seconds to kill.§r
22:00:23                    §eArachne took §b15.3s§e seconds to kill.§r
22:01:22                    §eArachne took §b15.1s§e seconds to kill.§r
22:02:34                    §eArachne took §b30.2s§e seconds to kill.§r
22:03:36                    §eArachne took §b19.7s§e seconds to kill.§r
22:05:04                    §eArachne took §b29.9s§e seconds to kill.§r
22:06:10                    §eArachne took §b21.0s§e seconds to kill.§r
22:07:38 §e[SkyHanni] The Broodmother was killed!§r
22:10:48                    §eArachne took §b41.2s§e seconds to kill.§r
22:12:30                    §eArachne took §b54.4s§e seconds to kill.§r
22:14:03                    §eArachne took §b57.7s§e seconds to kill.§r
22:14:03 §e[SkyHanni] Start a new slayer quest! You have no Auto-Slayer active!§r
22:15:49                    §eArachne took §b40.9s§e seconds to kill.§r
22:17:21                    §eArachne took §b41.7s§e seconds to kill.§r
22:17:50 §e[SkyHanni] The Broodmother was killed!§r
22:19:11                    §eArachne took §b1m 8.0s§e seconds to kill.§r
22:21:34                    §eArachne took §b37.7s§e seconds to kill.§r
22:22:30 §e[SkyHanni] §b+125 SkyBlock XP §7(Slayer Level Up§7)§b (95/100)§r
22:23:26                    §eArachne took §b1m 1.4s§e seconds to kill.§r
22:24:38                    §eArachne took §b31.5s§e seconds to kill.§r
22:25:36                    §eArachne took §b24.1s§e seconds to kill.§r
22:27:12                    §eArachne took §b1m 3.8s§e seconds to kill.§r
22:28:05 §e[SkyHanni] The Broodmother was killed!§r
22:31:05 §e[SkyHanni] §b+2 SkyBlock XP §7(Bag Upgrades§7)§b (97/100)§r
22:31:16 §e[SkyHanni] §b+8 SkyBlock XP §7(Accessory Bag§7)§b (5/100)§r
22:34:33 §e[SkyHanni] §b+5 SkyBlock XP §7(Accessory Bag§7)§b (10/100)§r
22:58:08 §e[SkyHanni] §b+2 SkyBlock XP §7(Accessory Bag§7)§b (12/100)§r
23:01:42 §e[SkyHanni] §b+3 SkyBlock XP §7(Accessory Bag§7)§b (15/100)§r
23:04:00 §e[SkyHanni] §b+3 SkyBlock XP §7(Accessory Bag§7)§b (18/100)§r
