18:43:44 §e[SkyHanni] Reloaded 7281 items in the NEU repo§r
18:46:24 §e[SkyHanni] §bYou have §3812 §bmaterials in stash, §btotalling §36 types§b. §bClick to §3pickup §byour stash!§r
18:46:24 §e[SkyHanni] §aTrevor §eis visiting your garden!§r
18:46:24 §e[SkyHanni] §9Grandma Wolf §eis visiting your garden!§r
18:46:24 §e[SkyHanni] §aFriendly Hiker §eis visiting your garden!§r
18:46:24 §e[SkyHanni] §6Jerry §eis visiting your garden!§r
18:46:24 §e[SkyHanni] §9Zog §eis visiting your garden!§r
18:46:25 §e[SkyHanni] You have gained §b489 §eBits.§r
18:52:37 §6§lBESTIARY §r§b§lCatfish §7§8VII §8➡§b §bVIII§r
18:53:05 §6§lBESTIARY §r§b§lSea Leech §7§8IV §8➡§b §bV§r
18:53:10 §6§lBESTIARY §r§b§lSea Witch §7§8VI §8➡§b §bVII§r
18:54:31 §6§lBESTIARY §r§b§lGuardian Defender §7§8III §8➡§b §bIV§r
18:54:31 §6§lBESTIARY §r§b§lDeep Sea Protector §7§8III §8➡§b §bIV§r
18:54:45 §6§lBESTIARY §r§b§lSea Leech §7§8V §8➡§b §bVI§r
18:55:05 §6§lBESTIARY §r§b§lGrinch §7§8VII §8➡§b §bVIII§r
18:55:25 §6§lBESTIARY §r§b§lNutcracker §7§8VI §8➡§b §bVII§r
18:55:26 §e[SkyHanni] §b+12 SkyBlock XP §7(Collections§7)§b (35/100)§r
18:55:39 §6§lBESTIARY §r§b§lSea Walker §7§8VI §8➡§b §bVII§r
18:56:38 §6§lBESTIARY §r§b§lYeti §7§8V §8➡§b §bVI§r
18:56:51 §6§lBESTIARY §r§b§lFrozen Steve §7§8VII §8➡§b §bVIII§r
18:58:34 §6§lBESTIARY §r§b§lGuardian Defender §7§8IV §8➡§b §bV§r
18:59:55 §6§lBESTIARY §r§b§lSea Archer §7§8VI §8➡§b §bVII§r
19:00:03 §6§lBESTIARY §r§b§lGrinch §7§8VIII §8➡§b §bIX§r
19:00:09 §6§lBESTIARY §r§b§lSquid §7§8V §8➡§b §bVI§r
19:02:21 §6§lBESTIARY §r§b§lSea Guardian §7§8VI §8➡§b §bVII§r
19:02:25 §6§lBESTIARY §r§b§lSea Leech §7§8VI §8➡§b §bVII§r
19:03:51 §6§lBESTIARY §r§b§lFrozen Steve §7§8VIII §8➡§b §bIX§r
19:03:52 §6§lBESTIARY §r§b§lCarrot King §7§bI§r
19:04:01 §6§lBESTIARY §r§b§lGuardian Defender §7§8V §8➡§b §bVI§r
19:04:55 §6§lBESTIARY §r§b§lYeti §7§8VI §8➡§b §bVII§r
19:05:38 §6§lBESTIARY §r§b§lFrosty §7§8VII §8➡§b §bVIII§r
19:06:37 §6§lBESTIARY §r§b§lCatfish §7§8VIII §8➡§b §bIX§r
19:06:44 §6§lBESTIARY §r§b§lGrinch §7§8IX §8➡§b §bX§r
19:06:53 §6§lBESTIARY §r§b§lNutcracker §7§8VII §8➡§b §bVIII§r
19:06:58 §6§lBESTIARY §r§b§lThe Sea Emperor §7§bI§r
19:08:15 §6§lBESTIARY §r§b§lCarrot King §7§8I §8➡§b §bII§r
19:08:23 §6§lBESTIARY §r§b§lCarrot King §7§8II §8➡§b §bIII§r
19:08:27 §6§lBESTIARY §r§b§lThe Sea Emperor §7§8I §8➡§b §bII§r
19:09:42 §6§lBESTIARY §r§b§lWater Hydra §7§bI§r
19:09:47 §6§lBESTIARY §r§b§lWater Hydra §7§8I §8➡§b §bII§r
19:10:16 §6§lBESTIARY §r§b§lDeep Sea Protector §7§8IV §8➡§b §bV§r
19:10:32 §6§lBESTIARY §r§b§lGuardian Defender §7§8VI §8➡§b §bVII§r
19:10:46 §6§lBESTIARY §r§b§lCarrot King §7§8III §8➡§b §bIV§r
19:12:02 §6§lBESTIARY §r§b§lYeti §7§8VII §8➡§b §bVIII§r
19:12:36 §6§lBESTIARY §r§b§lCarrot King §7§8IV §8➡§b §bV§r
19:13:27 §e[SkyHanni] §b+32 SkyBlock XP §7(Collections§7)§b (67/100)§r
19:14:02 §6§lBESTIARY §r§b§lNutcracker §7§8VIII §8➡§b §bIX§r
19:14:25 §e[SkyHanni] §eYou have §61 §eitem in stash. §eClick to §6pickup §eyour stash!§r
19:14:25 §e[SkyHanni] §bYou have §3814 §bmaterials in stash, §btotalling §38 types§b. §bClick to §3pickup §byour stash!§r
19:16:26 §e[SkyHanni] You have gained §b489 §eBits.§r
19:17:20 §6§lBESTIARY §r§b§lWater Hydra §7§8II §8➡§b §bIII§r
19:17:41 §6§lBESTIARY §r§b§lSea Witch §7§8VII §8➡§b §bVIII§r
19:18:27 §e[SkyHanni] §bYou have §3815 §bmaterials in stash, §btotalling §39 types§b. §bClick to §3pickup §byour stash!§r
19:19:28 §e[SkyHanni] §eYou have §66 §eitems in stash. §eClick to §6pickup §eyour stash!§r
19:19:28 §e[SkyHanni] §bYou have §3817 §bmaterials in stash, §btotalling §310 types§b. §bClick to §3pickup §byour stash!§r
19:20:28 §e[SkyHanni] §eYou have §612 §eitems in stash. §eClick to §6pickup §eyour stash!§r
19:21:26 §6§lBESTIARY §r§b§lCarrot King §7§8V §8➡§b §bVI§r
19:21:29 §e[SkyHanni] §eYou have §614 §eitems in stash. §eClick to §6pickup §eyour stash!§r
19:22:20 §6§lBESTIARY §r§b§lThe Sea Emperor §7§8II §8➡§b §bIII§r
19:30:54 §e[SkyHanni] §eYou have §613 §eitems in stash. §eClick to §6pickup §eyour stash!§r
19:46:36 §e[SkyHanni] You have gained §b489 §eBits.§r
20:11:38 §e[SkyHanni] Click here to share the location of this chocolate egg with the server!§r
20:12:05 §6§lBESTIARY §r§b§lZombie Knight §7§8XIII §8➡§b §bXIV§r
20:14:17 §6§lBESTIARY §r§b§lLost Adventurer §7§8XIX §8➡§b §bXX§r
20:25:06 §e[SkyHanni] §b+8 SkyBlock XP §7(Museum Donations§7)§b (12/100)§r
20:33:11 §e[SkyHanni] §b+4 SkyBlock XP §7(Collections§7)§b (16/100)§r
20:40:40 §e[SkyHanni] You have gained §b634 §eBits.§r
