00:06:37 [STASH_COMPACT] §f                 §7You have §3771 §7materials stashed away!
00:06:37 [STASH_COMPACT] §f              §8(This totals 4 types of materials stashed!)
00:06:37 [STASH_COMPACT] §f                §3§l>>> §3§lCLICK HERE§b to pick them up! §3§l<<<
00:06:38 [STASH_COMPACT] §f                 §7You have §3771 §7materials stashed away!
00:06:38 [STASH_COMPACT] §f              §8(This totals 4 types of materials stashed!)
00:06:38 [STASH_COMPACT] §f                §3§l>>> §3§lCLICK HERE§b to pick them up! §3§l<<<
00:06:53 [STASH_COMPACT] §f                 §7You have §3771 §7materials stashed away!
00:06:53 [STASH_COMPACT] §f              §8(This totals 4 types of materials stashed!)
00:06:53 [STASH_COMPACT] §f                §3§l>>> §3§lCLICK HERE§b to pick them up! §3§l<<<
00:07:03 [STASH_COMPACT] §f                 §7You have §3771 §7materials stashed away!
00:07:03 [STASH_COMPACT] §f              §8(This totals 4 types of materials stashed!)
00:07:03 [STASH_COMPACT] §f                §3§l>>> §3§lCLICK HERE§b to pick them up! §3§l<<<
00:07:03 [STASH_COMPACT] §f                 §7You have §3771 §7materials stashed away!
00:07:03 [STASH_COMPACT] §f              §8(This totals 4 types of materials stashed!)
00:07:03 [STASH_COMPACT] §f                §3§l>>> §3§lCLICK HERE§b to pick them up! §3§l<<<
00:08:05 [STASH_COMPACT] §f                 §7You have §3771 §7materials stashed away!
00:08:05 [STASH_COMPACT] §f              §8(This totals 4 types of materials stashed!)
00:08:05 [STASH_COMPACT] §f                §3§l>>> §3§lCLICK HERE§b to pick them up! §3§l<<<
00:09:06 [STASH_COMPACT] §f                 §7You have §3771 §7materials stashed away!
00:09:06 [STASH_COMPACT] §f              §8(This totals 4 types of materials stashed!)
00:09:06 [STASH_COMPACT] §f                §3§l>>> §3§lCLICK HERE§b to pick them up! §3§l<<<
00:10:06 [STASH_COMPACT] §f                 §7You have §3771 §7materials stashed away!
00:10:06 [STASH_COMPACT] §f              §8(This totals 4 types of materials stashed!)
00:10:06 [STASH_COMPACT] §f                §3§l>>> §3§lCLICK HERE§b to pick them up! §3§l<<<
00:11:06 [STASH_COMPACT] §f                 §7You have §3771 §7materials stashed away!
00:11:06 [STASH_COMPACT] §f              §8(This totals 4 types of materials stashed!)
00:11:06 [STASH_COMPACT] §f                §3§l>>> §3§lCLICK HERE§b to pick them up! §3§l<<<
00:12:07 [STASH_COMPACT] §f                 §7You have §3771 §7materials stashed away!
00:12:07 [STASH_COMPACT] §f              §8(This totals 4 types of materials stashed!)
00:12:07 [STASH_COMPACT] §f                §3§l>>> §3§lCLICK HERE§b to pick them up! §3§l<<<
00:12:20 [BESTIARY] §f                                  §6§lBESTIARY
00:12:20 [BESTIARY] §f                    §b§lUndead Skeleton §7§8XVII §8➡§b §bXVIII
00:12:20 [BESTIARY] 
00:12:20 [BESTIARY] §f                                  §r§6§lREWARDS
00:12:20 [BESTIARY] §f                    §r§8+§r§a5 Undead Skeleton §r§b✯ Magic Find
00:12:20 [BESTIARY] §f                    §r§8+§r§a5 Undead Skeleton §r§c❁ Strength
00:12:20 [BESTIARY] §f                        §r§8+§r§62% §r§aUndead Skeleton §r§7coins
00:12:20 [BESTIARY] §f                    §r§8+§r§a50% §r§7chance for extra XP orbs
00:12:20 [BESTIARY] §f                               §r§8+§r§b1 SkyBlock XP
00:12:20 [BESTIARY] 
00:12:20 [BESTIARY]   §r§f                         §6§lBESTIARY MILESTONE
00:12:20 [BESTIARY]   §r§f                                    §8CI➡§eCII
00:12:20 [BESTIARY] 
00:12:20 [BESTIARY] §3§l▬▬▬▬▬▬▬▬▬▬▬▬▬▬▬▬▬▬▬▬▬▬▬▬▬▬▬▬▬▬▬▬▬▬▬▬▬▬▬▬▬▬▬▬▬▬▬▬▬▬▬▬▬▬▬▬▬▬▬▬▬▬▬▬
00:13:07 [STASH_COMPACT] §f                 §7You have §3771 §7materials stashed away!
00:13:07 [STASH_COMPACT] §f              §8(This totals 4 types of materials stashed!)
00:13:07 [STASH_COMPACT] §f                §3§l>>> §3§lCLICK HERE§b to pick them up! §3§l<<<
00:14:07 [STASH_COMPACT] §f                 §7You have §3771 §7materials stashed away!
00:14:07 [STASH_COMPACT] §f              §8(This totals 4 types of materials stashed!)
00:14:07 [STASH_COMPACT] §f                §3§l>>> §3§lCLICK HERE§b to pick them up! §3§l<<<
00:15:11 [STASH_COMPACT] §f                 §7You have §3771 §7materials stashed away!
00:15:11 [STASH_COMPACT] §f              §8(This totals 4 types of materials stashed!)
00:15:11 [STASH_COMPACT] §f                §3§l>>> §3§lCLICK HERE§b to pick them up! §3§l<<<
00:16:11 [STASH_COMPACT] §f                 §7You have §3771 §7materials stashed away!
00:16:11 [STASH_COMPACT] §f              §8(This totals 4 types of materials stashed!)
00:16:11 [STASH_COMPACT] §f                §3§l>>> §3§lCLICK HERE§b to pick them up! §3§l<<<
00:17:11 [STASH_COMPACT] §f                 §7You have §3771 §7materials stashed away!
00:17:11 [STASH_COMPACT] §f              §8(This totals 4 types of materials stashed!)
00:17:11 [STASH_COMPACT] §f                §3§l>>> §3§lCLICK HERE§b to pick them up! §3§l<<<
00:18:12 [STASH_COMPACT] §f                 §7You have §3771 §7materials stashed away!
00:18:12 [STASH_COMPACT] §f              §8(This totals 4 types of materials stashed!)
00:18:12 [STASH_COMPACT] §f                §3§l>>> §3§lCLICK HERE§b to pick them up! §3§l<<<
00:19:13 [STASH_COMPACT] §f                 §7You have §3771 §7materials stashed away!
00:19:13 [STASH_COMPACT] §f              §8(This totals 4 types of materials stashed!)
00:19:13 [STASH_COMPACT] §f                §3§l>>> §3§lCLICK HERE§b to pick them up! §3§l<<<
00:20:13 [STASH_COMPACT] §f                 §7You have §3771 §7materials stashed away!
00:20:13 [STASH_COMPACT] §f              §8(This totals 4 types of materials stashed!)
00:20:13 [STASH_COMPACT] §f                §3§l>>> §3§lCLICK HERE§b to pick them up! §3§l<<<
00:20:28 [STASH_COMPACT] §f                 §7You have §3771 §7materials stashed away!
00:20:28 [STASH_COMPACT] §f              §8(This totals 4 types of materials stashed!)
00:20:28 [STASH_COMPACT] §f                §3§l>>> §3§lCLICK HERE§b to pick them up! §3§l<<<
00:20:28 [STASH_COMPACT] §f                 §7You have §3771 §7materials stashed away!
00:20:28 [STASH_COMPACT] §f              §8(This totals 4 types of materials stashed!)
00:20:28 [STASH_COMPACT] §f                §3§l>>> §3§lCLICK HERE§b to pick them up! §3§l<<<
00:21:01 [STASH_COMPACT] §f                 §7You have §3771 §7materials stashed away!
00:21:01 [STASH_COMPACT] §f              §8(This totals 4 types of materials stashed!)
00:21:01 [STASH_COMPACT] §f                §3§l>>> §3§lCLICK HERE§b to pick them up! §3§l<<<
00:21:27 [STASH_COMPACT] §f                 §7You have §3771 §7materials stashed away!
00:21:27 [STASH_COMPACT] §f              §8(This totals 4 types of materials stashed!)
00:21:27 [STASH_COMPACT] §f                §3§l>>> §3§lCLICK HERE§b to pick them up! §3§l<<<
00:21:27 [STASH_COMPACT] §f                 §7You have §3771 §7materials stashed away!
00:21:27 [STASH_COMPACT] §f              §8(This totals 4 types of materials stashed!)
00:21:27 [STASH_COMPACT] §f                §3§l>>> §3§lCLICK HERE§b to pick them up! §3§l<<<
00:22:27 [STASH_COMPACT] §f                 §7You have §3771 §7materials stashed away!
00:22:27 [STASH_COMPACT] §f              §8(This totals 4 types of materials stashed!)
00:22:27 [STASH_COMPACT] §f                §3§l>>> §3§lCLICK HERE§b to pick them up! §3§l<<<
00:23:27 [STASH_COMPACT] §f                 §7You have §3771 §7materials stashed away!
00:23:27 [STASH_COMPACT] §f              §8(This totals 4 types of materials stashed!)
00:23:27 [STASH_COMPACT] §f                §3§l>>> §3§lCLICK HERE§b to pick them up! §3§l<<<
00:24:28 [STASH_COMPACT] §f                 §7You have §3771 §7materials stashed away!
00:24:28 [STASH_COMPACT] §f              §8(This totals 4 types of materials stashed!)
00:24:28 [STASH_COMPACT] §f                §3§l>>> §3§lCLICK HERE§b to pick them up! §3§l<<<
00:25:30 [STASH_COMPACT] §f                 §7You have §3771 §7materials stashed away!
00:25:30 [STASH_COMPACT] §f              §8(This totals 4 types of materials stashed!)
00:25:30 [STASH_COMPACT] §f                §3§l>>> §3§lCLICK HERE§b to pick them up! §3§l<<<
00:26:31 [STASH_COMPACT] §f                 §7You have §3771 §7materials stashed away!
00:26:31 [STASH_COMPACT] §f              §8(This totals 4 types of materials stashed!)
00:26:31 [STASH_COMPACT] §f                §3§l>>> §3§lCLICK HERE§b to pick them up! §3§l<<<
00:27:31 [STASH_COMPACT] §f                 §7You have §3771 §7materials stashed away!
00:27:31 [STASH_COMPACT] §f              §8(This totals 4 types of materials stashed!)
00:27:31 [STASH_COMPACT] §f                §3§l>>> §3§lCLICK HERE§b to pick them up! §3§l<<<
00:28:32 [STASH_COMPACT] §f                 §7You have §3771 §7materials stashed away!
00:28:32 [STASH_COMPACT] §f              §8(This totals 4 types of materials stashed!)
00:28:32 [STASH_COMPACT] §f                §3§l>>> §3§lCLICK HERE§b to pick them up! §3§l<<<
00:29:32 [STASH_COMPACT] §f                 §7You have §3771 §7materials stashed away!
00:29:32 [STASH_COMPACT] §f              §8(This totals 4 types of materials stashed!)
00:29:32 [STASH_COMPACT] §f                §3§l>>> §3§lCLICK HERE§b to pick them up! §3§l<<<
00:30:32 [STASH_COMPACT] §f                 §7You have §3771 §7materials stashed away!
00:30:32 [STASH_COMPACT] §f              §8(This totals 4 types of materials stashed!)
00:30:32 [STASH_COMPACT] §f                §3§l>>> §3§lCLICK HERE§b to pick them up! §3§l<<<
00:31:34 [STASH_COMPACT] §f                 §7You have §3771 §7materials stashed away!
00:31:34 [STASH_COMPACT] §f              §8(This totals 4 types of materials stashed!)
00:31:34 [STASH_COMPACT] §f                §3§l>>> §3§lCLICK HERE§b to pick them up! §3§l<<<
00:32:35 [STASH_COMPACT] §f                 §7You have §3771 §7materials stashed away!
00:32:35 [STASH_COMPACT] §f              §8(This totals 4 types of materials stashed!)
00:32:35 [STASH_COMPACT] §f                §3§l>>> §3§lCLICK HERE§b to pick them up! §3§l<<<
00:33:39 [STASH_COMPACT] §f                 §7You have §3771 §7materials stashed away!
00:33:39 [STASH_COMPACT] §f              §8(This totals 4 types of materials stashed!)
00:33:39 [STASH_COMPACT] §f                §3§l>>> §3§lCLICK HERE§b to pick them up! §3§l<<<
