18:46:24 [STASH_COMPACT] §f                 §7You have §3812 §7materials stashed away!
18:46:24 [STASH_COMPACT] §f              §8(This totals 6 types of materials stashed!)
18:46:24 [STASH_COMPACT] §f                §3§l>>> §3§lCLICK HERE§b to pick them up! §3§l<<<
18:46:24 [STASH_COMPACT]   
18:46:25 [STASH_COMPACT] §f                 §7You have §3812 §7materials stashed away!
18:46:25 [STASH_COMPACT] §f              §8(This totals 6 types of materials stashed!)
18:46:25 [STASH_COMPACT] §f                §3§l>>> §3§lCLICK HERE§b to pick them up! §3§l<<<
18:46:25 [STASH_COMPACT]   
18:47:25 [STASH_COMPACT] §f                 §7You have §3812 §7materials stashed away!
18:47:25 [STASH_COMPACT] §f              §8(This totals 6 types of materials stashed!)
18:47:25 [STASH_COMPACT] §f                §3§l>>> §3§lCLICK HERE§b to pick them up! §3§l<<<
18:47:25 [STASH_COMPACT]   
18:48:25 [STASH_COMPACT] §f                 §7You have §3812 §7materials stashed away!
18:48:25 [STASH_COMPACT] §f              §8(This totals 6 types of materials stashed!)
18:48:25 [STASH_COMPACT] §f                §3§l>>> §3§lCLICK HERE§b to pick them up! §3§l<<<
18:48:25 [STASH_COMPACT]   
18:49:25 [STASH_COMPACT] §f                 §7You have §3812 §7materials stashed away!
18:49:25 [STASH_COMPACT] §f              §8(This totals 6 types of materials stashed!)
18:49:25 [STASH_COMPACT] §f                §3§l>>> §3§lCLICK HERE§b to pick them up! §3§l<<<
18:49:25 [STASH_COMPACT]   
18:50:14 [STASH_COMPACT] §f                 §7You have §3812 §7materials stashed away!
18:50:14 [STASH_COMPACT] §f              §8(This totals 6 types of materials stashed!)
18:50:14 [STASH_COMPACT] §f                §3§l>>> §3§lCLICK HERE§b to pick them up! §3§l<<<
18:50:14 [STASH_COMPACT]   
18:50:15 [STASH_COMPACT] §f                 §7You have §3812 §7materials stashed away!
18:50:15 [STASH_COMPACT] §f              §8(This totals 6 types of materials stashed!)
18:50:15 [STASH_COMPACT] §f                §3§l>>> §3§lCLICK HERE§b to pick them up! §3§l<<<
18:50:15 [STASH_COMPACT]   
18:50:21 [STASH_COMPACT] §f                 §7You have §3812 §7materials stashed away!
18:50:21 [STASH_COMPACT] §f              §8(This totals 6 types of materials stashed!)
18:50:21 [STASH_COMPACT] §f                §3§l>>> §3§lCLICK HERE§b to pick them up! §3§l<<<
18:50:21 [STASH_COMPACT]   
18:51:11 [STASH_COMPACT] §f                 §7You have §3812 §7materials stashed away!
18:51:11 [STASH_COMPACT] §f              §8(This totals 6 types of materials stashed!)
18:51:11 [STASH_COMPACT] §f                §3§l>>> §3§lCLICK HERE§b to pick them up! §3§l<<<
18:51:11 [STASH_COMPACT]   
18:51:14 [STASH_COMPACT] §f                 §7You have §3812 §7materials stashed away!
18:51:14 [STASH_COMPACT] §f              §8(This totals 6 types of materials stashed!)
18:51:14 [STASH_COMPACT] §f                §3§l>>> §3§lCLICK HERE§b to pick them up! §3§l<<<
18:51:14 [STASH_COMPACT]   
18:51:18 [STASH_COMPACT] §f                 §7You have §3812 §7materials stashed away!
18:51:18 [STASH_COMPACT] §f              §8(This totals 6 types of materials stashed!)
18:51:18 [STASH_COMPACT] §f                §3§l>>> §3§lCLICK HERE§b to pick them up! §3§l<<<
18:51:18 [STASH_COMPACT]   
18:52:15 [STASH_COMPACT] §f                 §7You have §3812 §7materials stashed away!
18:52:15 [STASH_COMPACT] §f              §8(This totals 6 types of materials stashed!)
18:52:15 [STASH_COMPACT] §f                §3§l>>> §3§lCLICK HERE§b to pick them up! §3§l<<<
18:52:15 [STASH_COMPACT]   
18:52:37 [BESTIARY] §f                                  §6§lBESTIARY
18:52:37 [BESTIARY] §f                            §b§lCatfish §7§8VII §8➡§b §bVIII
18:52:37 [BESTIARY] 
18:52:37 [BESTIARY] §f                                  §r§6§lREWARDS
18:52:37 [BESTIARY] §f                          §r§8+§r§a3 Catfish §r§b✯ Magic Find
18:52:37 [BESTIARY] §f                          §r§8+§r§a3 Catfish §r§c❁ Strength
18:52:37 [BESTIARY] §f                              §r§8+§r§62% §r§aCatfish §r§7coins
18:52:37 [BESTIARY] §f                    §r§8+§r§a50% §r§7chance for extra XP orbs
18:52:37 [BESTIARY] §f                               §r§8+§r§b1 SkyBlock XP
18:52:37 [BESTIARY] 
18:52:37 [BESTIARY] §3§l▬▬▬▬▬▬▬▬▬▬▬▬▬▬▬▬▬▬▬▬▬▬▬▬▬▬▬▬▬▬▬▬▬▬▬▬▬▬▬▬▬▬▬▬▬▬▬▬▬▬▬▬▬▬▬▬▬▬▬▬▬▬▬▬
18:53:05 [BESTIARY] §f                                  §6§lBESTIARY
18:53:05 [BESTIARY] §f                            §b§lSea Leech §7§8IV §8➡§b §bV
18:53:05 [BESTIARY] 
18:53:05 [BESTIARY] §f                                  §r§6§lREWARDS
18:53:05 [BESTIARY] §f                       §r§8+§r§a2 Sea Leech §r§b✯ Magic Find
18:53:05 [BESTIARY] §f                        §r§8+§r§a2 Sea Leech §r§c❁ Strength
18:53:05 [BESTIARY] §f                           §r§8+§r§62% §r§aSea Leech §r§7coins
18:53:05 [BESTIARY] §f                    §r§8+§r§a50% §r§7chance for extra XP orbs
18:53:05 [BESTIARY] §f                               §r§8+§r§b1 SkyBlock XP
18:53:05 [BESTIARY] 
18:53:05 [BESTIARY]   §r§f                         §6§lBESTIARY MILESTONE
18:53:05 [BESTIARY]   §r§f                                    §8CV➡§eCVI
18:53:05 [BESTIARY] 
18:53:05 [BESTIARY] §3§l▬▬▬▬▬▬▬▬▬▬▬▬▬▬▬▬▬▬▬▬▬▬▬▬▬▬▬▬▬▬▬▬▬▬▬▬▬▬▬▬▬▬▬▬▬▬▬▬▬▬▬▬▬▬▬▬▬▬▬▬▬▬▬▬
18:53:10 [BESTIARY] §f                                  §6§lBESTIARY
18:53:10 [BESTIARY] §f                            §b§lSea Witch §7§8VI §8➡§b §bVII
18:53:10 [BESTIARY] 
18:53:10 [BESTIARY] §f                                  §r§6§lREWARDS
18:53:10 [BESTIARY] §f                        §r§8+§r§a3 Sea Witch §r§b✯ Magic Find
18:53:10 [BESTIARY] §f                         §r§8+§r§a3 Sea Witch §r§c❁ Strength
18:53:10 [BESTIARY] §f                            §r§8+§r§62% §r§aSea Witch §r§7coins
18:53:10 [BESTIARY] §f                    §r§8+§r§a50% §r§7chance for extra XP orbs
18:53:10 [BESTIARY] §f                               §r§8+§r§b1 SkyBlock XP
18:53:10 [BESTIARY] 
18:53:10 [BESTIARY] §3§l▬▬▬▬▬▬▬▬▬▬▬▬▬▬▬▬▬▬▬▬▬▬▬▬▬▬▬▬▬▬▬▬▬▬▬▬▬▬▬▬▬▬▬▬▬▬▬▬▬▬▬▬▬▬▬▬▬▬▬▬▬▬▬▬
18:53:15 [STASH_COMPACT] §f                 §7You have §3812 §7materials stashed away!
18:53:15 [STASH_COMPACT] §f              §8(This totals 6 types of materials stashed!)
18:53:15 [STASH_COMPACT] §f                §3§l>>> §3§lCLICK HERE§b to pick them up! §3§l<<<
18:53:16 [STASH_COMPACT]   
18:54:16 [STASH_COMPACT] §f                 §7You have §3812 §7materials stashed away!
18:54:16 [STASH_COMPACT] §f              §8(This totals 6 types of materials stashed!)
18:54:16 [STASH_COMPACT] §f                §3§l>>> §3§lCLICK HERE§b to pick them up! §3§l<<<
18:54:16 [STASH_COMPACT]   
18:54:31 [BESTIARY] §f                                  §6§lBESTIARY
18:54:31 [BESTIARY] §f                     §b§lGuardian Defender §7§8III §8➡§b §bIV
18:54:31 [BESTIARY] 
18:54:31 [BESTIARY] §f                                  §r§6§lREWARDS
18:54:31 [BESTIARY] §f                  §r§8+§r§a2 Guardian Defender §r§b✯ Magic Find
18:54:31 [BESTIARY] §f                   §r§8+§r§a2 Guardian Defender §r§c❁ Strength
18:54:31 [BESTIARY] §f                      §r§8+§r§62% §r§aGuardian Defender §r§7coins
18:54:31 [BESTIARY] §f                    §r§8+§r§a50% §r§7chance for extra XP orbs
18:54:31 [BESTIARY] §f                               §r§8+§r§b1 SkyBlock XP
18:54:31 [BESTIARY] 
18:54:31 [BESTIARY] §3§l▬▬▬▬▬▬▬▬▬▬▬▬▬▬▬▬▬▬▬▬▬▬▬▬▬▬▬▬▬▬▬▬▬▬▬▬▬▬▬▬▬▬▬▬▬▬▬▬▬▬▬▬▬▬▬▬▬▬▬▬▬▬▬▬
18:54:31 [BESTIARY] §f                                  §6§lBESTIARY
18:54:31 [BESTIARY] §f                    §b§lDeep Sea Protector §7§8III §8➡§b §bIV
18:54:31 [BESTIARY] 
18:54:31 [BESTIARY] §f                                  §r§6§lREWARDS
18:54:31 [BESTIARY] §f                 §r§8+§r§a2 Deep Sea Protector §r§b✯ Magic Find
18:54:31 [BESTIARY] §f                  §r§8+§r§a2 Deep Sea Protector §r§c❁ Strength
18:54:31 [BESTIARY] §f                     §r§8+§r§62% §r§aDeep Sea Protector §r§7coins
18:54:31 [BESTIARY] §f                    §r§8+§r§a50% §r§7chance for extra XP orbs
18:54:31 [BESTIARY] §f                               §r§8+§r§b1 SkyBlock XP
18:54:31 [BESTIARY] 
18:54:31 [BESTIARY] §3§l▬▬▬▬▬▬▬▬▬▬▬▬▬▬▬▬▬▬▬▬▬▬▬▬▬▬▬▬▬▬▬▬▬▬▬▬▬▬▬▬▬▬▬▬▬▬▬▬▬▬▬▬▬▬▬▬▬▬▬▬▬▬▬▬
18:54:45 [BESTIARY] §f                                  §6§lBESTIARY
18:54:45 [BESTIARY] §f                            §b§lSea Leech §7§8V §8➡§b §bVI
18:54:45 [BESTIARY] 
18:54:45 [BESTIARY] §f                                  §r§6§lREWARDS
18:54:45 [BESTIARY] §f                       §r§8+§r§a3 Sea Leech §r§b✯ Magic Find
18:54:45 [BESTIARY] §f                        §r§8+§r§a3 Sea Leech §r§c❁ Strength
18:54:45 [BESTIARY] §f                           §r§8+§r§62% §r§aSea Leech §r§7coins
18:54:45 [BESTIARY] §f                    §r§8+§r§a50% §r§7chance for extra XP orbs
18:54:45 [BESTIARY] §f                               §r§8+§r§b1 SkyBlock XP
18:54:45 [BESTIARY] 
18:54:45 [BESTIARY] §3§l▬▬▬▬▬▬▬▬▬▬▬▬▬▬▬▬▬▬▬▬▬▬▬▬▬▬▬▬▬▬▬▬▬▬▬▬▬▬▬▬▬▬▬▬▬▬▬▬▬▬▬▬▬▬▬▬▬▬▬▬▬▬▬▬
18:55:05 [BESTIARY] §f                                  §6§lBESTIARY
18:55:05 [BESTIARY] §f                             §b§lGrinch §7§8VII §8➡§b §bVIII
18:55:05 [BESTIARY] 
18:55:05 [BESTIARY] §f                                  §r§6§lREWARDS
18:55:05 [BESTIARY] §f                          §r§8+§r§a3 Grinch §r§b✯ Magic Find
18:55:05 [BESTIARY] §f                           §r§8+§r§a3 Grinch §r§c❁ Strength
18:55:05 [BESTIARY] §f                              §r§8+§r§62% §r§aGrinch §r§7coins
18:55:05 [BESTIARY] §f                    §r§8+§r§a50% §r§7chance for extra XP orbs
18:55:05 [BESTIARY] §f                               §r§8+§r§b1 SkyBlock XP
18:55:05 [BESTIARY] 
18:55:05 [BESTIARY] §3§l▬▬▬▬▬▬▬▬▬▬▬▬▬▬▬▬▬▬▬▬▬▬▬▬▬▬▬▬▬▬▬▬▬▬▬▬▬▬▬▬▬▬▬▬▬▬▬▬▬▬▬▬▬▬▬▬▬▬▬▬▬▬▬▬
18:55:16 [STASH_COMPACT] §f                 §7You have §3812 §7materials stashed away!
18:55:16 [STASH_COMPACT] §f              §8(This totals 6 types of materials stashed!)
18:55:16 [STASH_COMPACT] §f                §3§l>>> §3§lCLICK HERE§b to pick them up! §3§l<<<
18:55:16 [STASH_COMPACT]   
18:55:25 [BESTIARY] §f                                  §6§lBESTIARY
18:55:25 [BESTIARY] §f                          §b§lNutcracker §7§8VI §8➡§b §bVII
18:55:25 [BESTIARY] 
18:55:25 [BESTIARY] §f                                  §r§6§lREWARDS
18:55:25 [BESTIARY] §f                       §r§8+§r§a3 Nutcracker §r§b✯ Magic Find
18:55:25 [BESTIARY] §f                        §r§8+§r§a3 Nutcracker §r§c❁ Strength
18:55:25 [BESTIARY] §f                           §r§8+§r§62% §r§aNutcracker §r§7coins
18:55:25 [BESTIARY] §f                    §r§8+§r§a50% §r§7chance for extra XP orbs
18:55:25 [BESTIARY] §f                               §r§8+§r§b1 SkyBlock XP
18:55:25 [BESTIARY] 
18:55:25 [BESTIARY] §3§l▬▬▬▬▬▬▬▬▬▬▬▬▬▬▬▬▬▬▬▬▬▬▬▬▬▬▬▬▬▬▬▬▬▬▬▬▬▬▬▬▬▬▬▬▬▬▬▬▬▬▬▬▬▬▬▬▬▬▬▬▬▬▬▬
18:55:39 [BESTIARY] §f                                  §6§lBESTIARY
18:55:39 [BESTIARY] §f                           §b§lSea Walker §7§8VI §8➡§b §bVII
18:55:39 [BESTIARY] 
18:55:39 [BESTIARY] §f                                  §r§6§lREWARDS
18:55:39 [BESTIARY] §f                       §r§8+§r§a3 Sea Walker §r§b✯ Magic Find
18:55:39 [BESTIARY] §f                        §r§8+§r§a3 Sea Walker §r§c❁ Strength
18:55:39 [BESTIARY] §f                           §r§8+§r§62% §r§aSea Walker §r§7coins
18:55:39 [BESTIARY] §f                    §r§8+§r§a50% §r§7chance for extra XP orbs
18:55:39 [BESTIARY] §f                               §r§8+§r§b1 SkyBlock XP
18:55:39 [BESTIARY] 
18:55:39 [BESTIARY] §3§l▬▬▬▬▬▬▬▬▬▬▬▬▬▬▬▬▬▬▬▬▬▬▬▬▬▬▬▬▬▬▬▬▬▬▬▬▬▬▬▬▬▬▬▬▬▬▬▬▬▬▬▬▬▬▬▬▬▬▬▬▬▬▬▬
18:56:17 [STASH_COMPACT] §f                 §7You have §3812 §7materials stashed away!
18:56:17 [STASH_COMPACT] §f              §8(This totals 6 types of materials stashed!)
18:56:17 [STASH_COMPACT] §f                §3§l>>> §3§lCLICK HERE§b to pick them up! §3§l<<<
18:56:17 [STASH_COMPACT]   
18:56:38 [BESTIARY] §f                                  §6§lBESTIARY
18:56:38 [BESTIARY] §f                                 §b§lYeti §7§8V §8➡§b §bVI
18:56:38 [BESTIARY] 
18:56:38 [BESTIARY] §f                                  §r§6§lREWARDS
18:56:38 [BESTIARY] §f                            §r§8+§r§a3 Yeti §r§b✯ Magic Find
18:56:38 [BESTIARY] §f                            §r§8+§r§a3 Yeti §r§c❁ Strength
18:56:38 [BESTIARY] §f                                §r§8+§r§62% §r§aYeti §r§7coins
18:56:38 [BESTIARY] §f                    §r§8+§r§a50% §r§7chance for extra XP orbs
18:56:38 [BESTIARY] §f                               §r§8+§r§b1 SkyBlock XP
18:56:38 [BESTIARY] 
18:56:38 [BESTIARY] §3§l▬▬▬▬▬▬▬▬▬▬▬▬▬▬▬▬▬▬▬▬▬▬▬▬▬▬▬▬▬▬▬▬▬▬▬▬▬▬▬▬▬▬▬▬▬▬▬▬▬▬▬▬▬▬▬▬▬▬▬▬▬▬▬▬
18:56:51 [BESTIARY] §f                                  §6§lBESTIARY
18:56:51 [BESTIARY] §f                        §b§lFrozen Steve §7§8VII §8➡§b §bVIII
18:56:51 [BESTIARY] 
18:56:51 [BESTIARY] §f                                  §r§6§lREWARDS
18:56:51 [BESTIARY] §f                     §r§8+§r§a3 Frozen Steve §r§b✯ Magic Find
18:56:51 [BESTIARY] §f                      §r§8+§r§a3 Frozen Steve §r§c❁ Strength
18:56:51 [BESTIARY] §f                         §r§8+§r§62% §r§aFrozen Steve §r§7coins
18:56:51 [BESTIARY] §f                    §r§8+§r§a50% §r§7chance for extra XP orbs
18:56:51 [BESTIARY] §f                               §r§8+§r§b1 SkyBlock XP
18:56:51 [BESTIARY] 
18:56:51 [BESTIARY] §3§l▬▬▬▬▬▬▬▬▬▬▬▬▬▬▬▬▬▬▬▬▬▬▬▬▬▬▬▬▬▬▬▬▬▬▬▬▬▬▬▬▬▬▬▬▬▬▬▬▬▬▬▬▬▬▬▬▬▬▬▬▬▬▬▬
18:57:18 [STASH_COMPACT] §f                 §7You have §3812 §7materials stashed away!
18:57:18 [STASH_COMPACT] §f              §8(This totals 6 types of materials stashed!)
18:57:18 [STASH_COMPACT] §f                §3§l>>> §3§lCLICK HERE§b to pick them up! §3§l<<<
18:57:18 [STASH_COMPACT]   
18:58:18 [STASH_COMPACT] §f                 §7You have §3812 §7materials stashed away!
18:58:18 [STASH_COMPACT] §f              §8(This totals 6 types of materials stashed!)
18:58:18 [STASH_COMPACT] §f                §3§l>>> §3§lCLICK HERE§b to pick them up! §3§l<<<
18:58:18 [STASH_COMPACT]   
18:58:34 [BESTIARY] §f                                  §6§lBESTIARY
18:58:34 [BESTIARY] §f                      §b§lGuardian Defender §7§8IV §8➡§b §bV
18:58:34 [BESTIARY] 
18:58:34 [BESTIARY] §f                                  §r§6§lREWARDS
18:58:34 [BESTIARY] §f                  §r§8+§r§a2 Guardian Defender §r§b✯ Magic Find
18:58:34 [BESTIARY] §f                   §r§8+§r§a2 Guardian Defender §r§c❁ Strength
18:58:34 [BESTIARY] §f                      §r§8+§r§62% §r§aGuardian Defender §r§7coins
18:58:34 [BESTIARY] §f                    §r§8+§r§a50% §r§7chance for extra XP orbs
18:58:34 [BESTIARY] §f                               §r§8+§r§b1 SkyBlock XP
18:58:34 [BESTIARY] 
18:58:34 [BESTIARY]   §r§f                         §6§lBESTIARY MILESTONE
18:58:34 [BESTIARY]   §r§f                                   §8CVI➡§eCVII
18:58:34 [BESTIARY] 
18:58:34 [BESTIARY] §3§l▬▬▬▬▬▬▬▬▬▬▬▬▬▬▬▬▬▬▬▬▬▬▬▬▬▬▬▬▬▬▬▬▬▬▬▬▬▬▬▬▬▬▬▬▬▬▬▬▬▬▬▬▬▬▬▬▬▬▬▬▬▬▬▬
18:59:18 [STASH_COMPACT] §f                 §7You have §3812 §7materials stashed away!
18:59:18 [STASH_COMPACT] §f              §8(This totals 6 types of materials stashed!)
18:59:18 [STASH_COMPACT] §f                §3§l>>> §3§lCLICK HERE§b to pick them up! §3§l<<<
18:59:18 [STASH_COMPACT]   
18:59:55 [BESTIARY] §f                                  §6§lBESTIARY
18:59:55 [BESTIARY] §f                          §b§lSea Archer §7§8VI §8➡§b §bVII
18:59:55 [BESTIARY] 
18:59:55 [BESTIARY] §f                                  §r§6§lREWARDS
18:59:55 [BESTIARY] §f                       §r§8+§r§a3 Sea Archer §r§b✯ Magic Find
18:59:55 [BESTIARY] §f                       §r§8+§r§a3 Sea Archer §r§c❁ Strength
18:59:55 [BESTIARY] §f                           §r§8+§r§62% §r§aSea Archer §r§7coins
18:59:55 [BESTIARY] §f                    §r§8+§r§a50% §r§7chance for extra XP orbs
18:59:55 [BESTIARY] §f                               §r§8+§r§b1 SkyBlock XP
18:59:55 [BESTIARY] 
18:59:55 [BESTIARY] §3§l▬▬▬▬▬▬▬▬▬▬▬▬▬▬▬▬▬▬▬▬▬▬▬▬▬▬▬▬▬▬▬▬▬▬▬▬▬▬▬▬▬▬▬▬▬▬▬▬▬▬▬▬▬▬▬▬▬▬▬▬▬▬▬▬
19:00:03 [BESTIARY] §f                                  §6§lBESTIARY
19:00:03 [BESTIARY] §f                             §b§lGrinch §7§8VIII §8➡§b §bIX
19:00:03 [BESTIARY] 
19:00:03 [BESTIARY] §f                                  §r§6§lREWARDS
19:00:03 [BESTIARY] §f                          §r§8+§r§a3 Grinch §r§b✯ Magic Find
19:00:03 [BESTIARY] §f                           §r§8+§r§a3 Grinch §r§c❁ Strength
19:00:03 [BESTIARY] §f                              §r§8+§r§62% §r§aGrinch §r§7coins
19:00:03 [BESTIARY] §f                    §r§8+§r§a50% §r§7chance for extra XP orbs
19:00:03 [BESTIARY] §f                               §r§8+§r§b1 SkyBlock XP
19:00:03 [BESTIARY] 
19:00:03 [BESTIARY] §3§l▬▬▬▬▬▬▬▬▬▬▬▬▬▬▬▬▬▬▬▬▬▬▬▬▬▬▬▬▬▬▬▬▬▬▬▬▬▬▬▬▬▬▬▬▬▬▬▬▬▬▬▬▬▬▬▬▬▬▬▬▬▬▬▬
19:00:09 [BESTIARY] §f                                  §6§lBESTIARY
19:00:09 [BESTIARY] §f                                §b§lSquid §7§8V §8➡§b §bVI
19:00:09 [BESTIARY] 
19:00:09 [BESTIARY] §f                                  §r§6§lREWARDS
19:00:09 [BESTIARY] §f                           §r§8+§r§a3 Squid §r§b✯ Magic Find
19:00:09 [BESTIARY] §f                           §r§8+§r§a3 Squid §r§c❁ Strength
19:00:09 [BESTIARY] §f                               §r§8+§r§62% §r§aSquid §r§7coins
19:00:09 [BESTIARY] §f                    §r§8+§r§a50% §r§7chance for extra XP orbs
19:00:09 [BESTIARY] §f                               §r§8+§r§b1 SkyBlock XP
19:00:09 [BESTIARY] 
19:00:09 [BESTIARY] §3§l▬▬▬▬▬▬▬▬▬▬▬▬▬▬▬▬▬▬▬▬▬▬▬▬▬▬▬▬▬▬▬▬▬▬▬▬▬▬▬▬▬▬▬▬▬▬▬▬▬▬▬▬▬▬▬▬▬▬▬▬▬▬▬▬
19:00:19 [STASH_COMPACT] §f                 §7You have §3812 §7materials stashed away!
19:00:19 [STASH_COMPACT] §f              §8(This totals 6 types of materials stashed!)
19:00:19 [STASH_COMPACT] §f                §3§l>>> §3§lCLICK HERE§b to pick them up! §3§l<<<
19:00:19 [STASH_COMPACT]   
19:01:19 [STASH_COMPACT] §f                 §7You have §3812 §7materials stashed away!
19:01:19 [STASH_COMPACT] §f              §8(This totals 6 types of materials stashed!)
19:01:19 [STASH_COMPACT] §f                §3§l>>> §3§lCLICK HERE§b to pick them up! §3§l<<<
19:01:19 [STASH_COMPACT]   
19:02:20 [STASH_COMPACT] §f                 §7You have §3812 §7materials stashed away!
19:02:20 [STASH_COMPACT] §f              §8(This totals 6 types of materials stashed!)
19:02:20 [STASH_COMPACT] §f                §3§l>>> §3§lCLICK HERE§b to pick them up! §3§l<<<
19:02:20 [STASH_COMPACT]   
19:02:21 [BESTIARY] §f                                  §6§lBESTIARY
19:02:21 [BESTIARY] §f                         §b§lSea Guardian §7§8VI §8➡§b §bVII
19:02:21 [BESTIARY] 
19:02:21 [BESTIARY] §f                                  §r§6§lREWARDS
19:02:21 [BESTIARY] §f                      §r§8+§r§a3 Sea Guardian §r§b✯ Magic Find
19:02:21 [BESTIARY] §f                      §r§8+§r§a3 Sea Guardian §r§c❁ Strength
19:02:21 [BESTIARY] §f                          §r§8+§r§62% §r§aSea Guardian §r§7coins
19:02:21 [BESTIARY] §f                    §r§8+§r§a50% §r§7chance for extra XP orbs
19:02:21 [BESTIARY] §f                               §r§8+§r§b1 SkyBlock XP
19:02:21 [BESTIARY] 
19:02:21 [BESTIARY] §3§l▬▬▬▬▬▬▬▬▬▬▬▬▬▬▬▬▬▬▬▬▬▬▬▬▬▬▬▬▬▬▬▬▬▬▬▬▬▬▬▬▬▬▬▬▬▬▬▬▬▬▬▬▬▬▬▬▬▬▬▬▬▬▬▬
19:02:25 [BESTIARY] §f                                  §6§lBESTIARY
19:02:25 [BESTIARY] §f                           §b§lSea Leech §7§8VI §8➡§b §bVII
19:02:25 [BESTIARY] 
19:02:25 [BESTIARY] §f                                  §r§6§lREWARDS
19:02:25 [BESTIARY] §f                       §r§8+§r§a3 Sea Leech §r§b✯ Magic Find
19:02:25 [BESTIARY] §f                        §r§8+§r§a3 Sea Leech §r§c❁ Strength
19:02:25 [BESTIARY] §f                           §r§8+§r§62% §r§aSea Leech §r§7coins
19:02:25 [BESTIARY] §f                    §r§8+§r§a50% §r§7chance for extra XP orbs
19:02:25 [BESTIARY] §f                               §r§8+§r§b1 SkyBlock XP
19:02:25 [BESTIARY] 
19:02:25 [BESTIARY] §3§l▬▬▬▬▬▬▬▬▬▬▬▬▬▬▬▬▬▬▬▬▬▬▬▬▬▬▬▬▬▬▬▬▬▬▬▬▬▬▬▬▬▬▬▬▬▬▬▬▬▬▬▬▬▬▬▬▬▬▬▬▬▬▬▬
19:03:20 [STASH_COMPACT] §f                 §7You have §3812 §7materials stashed away!
19:03:20 [STASH_COMPACT] §f              §8(This totals 6 types of materials stashed!)
19:03:20 [STASH_COMPACT] §f                §3§l>>> §3§lCLICK HERE§b to pick them up! §3§l<<<
19:03:20 [STASH_COMPACT]   
19:03:51 [BESTIARY] §f                                  §6§lBESTIARY
19:03:51 [BESTIARY] §f                        §b§lFrozen Steve §7§8VIII §8➡§b §bIX
19:03:51 [BESTIARY] 
19:03:51 [BESTIARY] §f                                  §r§6§lREWARDS
19:03:51 [BESTIARY] §f                     §r§8+§r§a3 Frozen Steve §r§b✯ Magic Find
19:03:51 [BESTIARY] §f                      §r§8+§r§a3 Frozen Steve §r§c❁ Strength
19:03:51 [BESTIARY] §f                         §r§8+§r§62% §r§aFrozen Steve §r§7coins
19:03:51 [BESTIARY] §f                    §r§8+§r§a50% §r§7chance for extra XP orbs
19:03:51 [BESTIARY] §f                               §r§8+§r§b1 SkyBlock XP
19:03:51 [BESTIARY] 
19:03:51 [BESTIARY] §3§l▬▬▬▬▬▬▬▬▬▬▬▬▬▬▬▬▬▬▬▬▬▬▬▬▬▬▬▬▬▬▬▬▬▬▬▬▬▬▬▬▬▬▬▬▬▬▬▬▬▬▬▬▬▬▬▬▬▬▬▬▬▬▬▬
19:03:52 [BESTIARY] §f                                  §6§lBESTIARY
19:03:52 [BESTIARY] §f                               §b§lCarrot King §7§bI
19:03:52 [BESTIARY] 
19:03:52 [BESTIARY] §f                                  §r§6§lREWARDS
19:03:52 [BESTIARY] §f                       §r§8+§r§a2 Carrot King §r§b✯ Magic Find
19:03:52 [BESTIARY] §f                       §r§8+§r§a2 Carrot King §r§c❁ Strength
19:03:52 [BESTIARY] §f                           §r§8+§r§62% §r§aCarrot King §r§7coins
19:03:52 [BESTIARY] §f                    §r§8+§r§a50% §r§7chance for extra XP orbs
19:03:52 [BESTIARY] §f                               §r§8+§r§b1 SkyBlock XP
19:03:52 [BESTIARY] 
19:03:52 [BESTIARY] §3§l▬▬▬▬▬▬▬▬▬▬▬▬▬▬▬▬▬▬▬▬▬▬▬▬▬▬▬▬▬▬▬▬▬▬▬▬▬▬▬▬▬▬▬▬▬▬▬▬▬▬▬▬▬▬▬▬▬▬▬▬▬▬▬▬
19:04:01 [BESTIARY] §f                                  §6§lBESTIARY
19:04:01 [BESTIARY] §f                      §b§lGuardian Defender §7§8V §8➡§b §bVI
19:04:01 [BESTIARY] 
19:04:01 [BESTIARY] §f                                  §r§6§lREWARDS
19:04:01 [BESTIARY] §f                  §r§8+§r§a3 Guardian Defender §r§b✯ Magic Find
19:04:01 [BESTIARY] §f                   §r§8+§r§a3 Guardian Defender §r§c❁ Strength
19:04:01 [BESTIARY] §f                      §r§8+§r§62% §r§aGuardian Defender §r§7coins
19:04:01 [BESTIARY] §f                    §r§8+§r§a50% §r§7chance for extra XP orbs
19:04:01 [BESTIARY] §f                               §r§8+§r§b1 SkyBlock XP
19:04:01 [BESTIARY] 
19:04:01 [BESTIARY] §3§l▬▬▬▬▬▬▬▬▬▬▬▬▬▬▬▬▬▬▬▬▬▬▬▬▬▬▬▬▬▬▬▬▬▬▬▬▬▬▬▬▬▬▬▬▬▬▬▬▬▬▬▬▬▬▬▬▬▬▬▬▬▬▬▬
19:04:21 [STASH_COMPACT] §f                 §7You have §3812 §7materials stashed away!
19:04:21 [STASH_COMPACT] §f              §8(This totals 6 types of materials stashed!)
19:04:21 [STASH_COMPACT] §f                §3§l>>> §3§lCLICK HERE§b to pick them up! §3§l<<<
19:04:21 [STASH_COMPACT]   
19:04:55 [BESTIARY] §f                                  §6§lBESTIARY
19:04:55 [BESTIARY] §f                                §b§lYeti §7§8VI §8➡§b §bVII
19:04:55 [BESTIARY] 
19:04:55 [BESTIARY] §f                                  §r§6§lREWARDS
19:04:55 [BESTIARY] §f                            §r§8+§r§a3 Yeti §r§b✯ Magic Find
19:04:55 [BESTIARY] §f                            §r§8+§r§a3 Yeti §r§c❁ Strength
19:04:55 [BESTIARY] §f                                §r§8+§r§62% §r§aYeti §r§7coins
19:04:55 [BESTIARY] §f                    §r§8+§r§a50% §r§7chance for extra XP orbs
19:04:55 [BESTIARY] §f                               §r§8+§r§b1 SkyBlock XP
19:04:55 [BESTIARY] 
19:04:55 [BESTIARY] §3§l▬▬▬▬▬▬▬▬▬▬▬▬▬▬▬▬▬▬▬▬▬▬▬▬▬▬▬▬▬▬▬▬▬▬▬▬▬▬▬▬▬▬▬▬▬▬▬▬▬▬▬▬▬▬▬▬▬▬▬▬▬▬▬▬
19:05:21 [STASH_COMPACT] §f                 §7You have §3812 §7materials stashed away!
19:05:21 [STASH_COMPACT] §f              §8(This totals 6 types of materials stashed!)
19:05:21 [STASH_COMPACT] §f                §3§l>>> §3§lCLICK HERE§b to pick them up! §3§l<<<
19:05:21 [STASH_COMPACT]   
19:05:38 [BESTIARY] §f                                  §6§lBESTIARY
19:05:38 [BESTIARY] §f                             §b§lFrosty §7§8VII §8➡§b §bVIII
19:05:38 [BESTIARY] 
19:05:38 [BESTIARY] §f                                  §r§6§lREWARDS
19:05:38 [BESTIARY] §f                          §r§8+§r§a3 Frosty §r§b✯ Magic Find
19:05:38 [BESTIARY] §f                          §r§8+§r§a3 Frosty §r§c❁ Strength
19:05:38 [BESTIARY] §f                              §r§8+§r§62% §r§aFrosty §r§7coins
19:05:38 [BESTIARY] §f                    §r§8+§r§a50% §r§7chance for extra XP orbs
19:05:38 [BESTIARY] §f                               §r§8+§r§b1 SkyBlock XP
19:05:38 [BESTIARY] 
19:05:38 [BESTIARY]   §r§f                         §6§lBESTIARY MILESTONE
19:05:38 [BESTIARY]   §r§f                                  §8CVII➡§eCVIII
19:05:38 [BESTIARY] 
19:05:38 [BESTIARY] §3§l▬▬▬▬▬▬▬▬▬▬▬▬▬▬▬▬▬▬▬▬▬▬▬▬▬▬▬▬▬▬▬▬▬▬▬▬▬▬▬▬▬▬▬▬▬▬▬▬▬▬▬▬▬▬▬▬▬▬▬▬▬▬▬▬
19:06:22 [STASH_COMPACT] §f                 §7You have §3812 §7materials stashed away!
19:06:22 [STASH_COMPACT] §f              §8(This totals 6 types of materials stashed!)
19:06:22 [STASH_COMPACT] §f                §3§l>>> §3§lCLICK HERE§b to pick them up! §3§l<<<
19:06:22 [STASH_COMPACT]   
19:06:37 [BESTIARY] §f                                  §6§lBESTIARY
19:06:37 [BESTIARY] §f                             §b§lCatfish §7§8VIII §8➡§b §bIX
19:06:37 [BESTIARY] 
19:06:37 [BESTIARY] §f                                  §r§6§lREWARDS
19:06:37 [BESTIARY] §f                          §r§8+§r§a3 Catfish §r§b✯ Magic Find
19:06:37 [BESTIARY] §f                          §r§8+§r§a3 Catfish §r§c❁ Strength
19:06:37 [BESTIARY] §f                              §r§8+§r§62% §r§aCatfish §r§7coins
19:06:37 [BESTIARY] §f                    §r§8+§r§a50% §r§7chance for extra XP orbs
19:06:37 [BESTIARY] §f                               §r§8+§r§b1 SkyBlock XP
19:06:37 [BESTIARY] 
19:06:37 [BESTIARY] §3§l▬▬▬▬▬▬▬▬▬▬▬▬▬▬▬▬▬▬▬▬▬▬▬▬▬▬▬▬▬▬▬▬▬▬▬▬▬▬▬▬▬▬▬▬▬▬▬▬▬▬▬▬▬▬▬▬▬▬▬▬▬▬▬▬
19:06:44 [BESTIARY] §f                                  §6§lBESTIARY
19:06:44 [BESTIARY] §f                               §b§lGrinch §7§8IX §8➡§b §bX
19:06:44 [BESTIARY] 
19:06:44 [BESTIARY] §f                                  §r§6§lREWARDS
19:06:44 [BESTIARY] §f                          §r§8+§r§a3 Grinch §r§b✯ Magic Find
19:06:44 [BESTIARY] §f                           §r§8+§r§a3 Grinch §r§c❁ Strength
19:06:44 [BESTIARY] §f                              §r§8+§r§62% §r§aGrinch §r§7coins
19:06:44 [BESTIARY] §f                    §r§8+§r§a50% §r§7chance for extra XP orbs
19:06:44 [BESTIARY] §f                               §r§8+§r§b1 SkyBlock XP
19:06:44 [BESTIARY] 
19:06:44 [BESTIARY] §3§l▬▬▬▬▬▬▬▬▬▬▬▬▬▬▬▬▬▬▬▬▬▬▬▬▬▬▬▬▬▬▬▬▬▬▬▬▬▬▬▬▬▬▬▬▬▬▬▬▬▬▬▬▬▬▬▬▬▬▬▬▬▬▬▬
19:06:53 [BESTIARY] §f                                  §6§lBESTIARY
19:06:53 [BESTIARY] §f                         §b§lNutcracker §7§8VII §8➡§b §bVIII
19:06:53 [BESTIARY] 
19:06:53 [BESTIARY] §f                                  §r§6§lREWARDS
19:06:53 [BESTIARY] §f                       §r§8+§r§a3 Nutcracker §r§b✯ Magic Find
19:06:53 [BESTIARY] §f                        §r§8+§r§a3 Nutcracker §r§c❁ Strength
19:06:53 [BESTIARY] §f                           §r§8+§r§62% §r§aNutcracker §r§7coins
19:06:53 [BESTIARY] §f                    §r§8+§r§a50% §r§7chance for extra XP orbs
19:06:53 [BESTIARY] §f                               §r§8+§r§b1 SkyBlock XP
19:06:53 [BESTIARY] 
19:06:53 [BESTIARY] §3§l▬▬▬▬▬▬▬▬▬▬▬▬▬▬▬▬▬▬▬▬▬▬▬▬▬▬▬▬▬▬▬▬▬▬▬▬▬▬▬▬▬▬▬▬▬▬▬▬▬▬▬▬▬▬▬▬▬▬▬▬▬▬▬▬
19:06:58 [BESTIARY] §f                                  §6§lBESTIARY
19:06:58 [BESTIARY] §f                           §b§lThe Sea Emperor §7§bI
19:06:58 [BESTIARY] 
19:06:58 [BESTIARY] §f                                  §r§6§lREWARDS
19:06:58 [BESTIARY] §f                   §r§8+§r§a2 The Sea Emperor §r§b✯ Magic Find
19:06:58 [BESTIARY] §f                    §r§8+§r§a2 The Sea Emperor §r§c❁ Strength
19:06:58 [BESTIARY] §f                       §r§8+§r§62% §r§aThe Sea Emperor §r§7coins
19:06:58 [BESTIARY] §f                    §r§8+§r§a50% §r§7chance for extra XP orbs
19:06:58 [BESTIARY] §f                               §r§8+§r§b1 SkyBlock XP
19:06:58 [BESTIARY] 
19:06:58 [BESTIARY] §3§l▬▬▬▬▬▬▬▬▬▬▬▬▬▬▬▬▬▬▬▬▬▬▬▬▬▬▬▬▬▬▬▬▬▬▬▬▬▬▬▬▬▬▬▬▬▬▬▬▬▬▬▬▬▬▬▬▬▬▬▬▬▬▬▬
19:07:22 [STASH_COMPACT] §f                 §7You have §3812 §7materials stashed away!
19:07:22 [STASH_COMPACT] §f              §8(This totals 6 types of materials stashed!)
19:07:22 [STASH_COMPACT] §f                §3§l>>> §3§lCLICK HERE§b to pick them up! §3§l<<<
19:07:22 [STASH_COMPACT]   
19:08:15 [BESTIARY] §f                                  §6§lBESTIARY
19:08:15 [BESTIARY] §f                           §b§lCarrot King §7§8I §8➡§b §bII
19:08:15 [BESTIARY] 
19:08:15 [BESTIARY] §f                                  §r§6§lREWARDS
19:08:15 [BESTIARY] §f                       §r§8+§r§a2 Carrot King §r§b✯ Magic Find
19:08:15 [BESTIARY] §f                       §r§8+§r§a2 Carrot King §r§c❁ Strength
19:08:15 [BESTIARY] §f                           §r§8+§r§62% §r§aCarrot King §r§7coins
19:08:15 [BESTIARY] §f                    §r§8+§r§a50% §r§7chance for extra XP orbs
19:08:15 [BESTIARY] §f                               §r§8+§r§b1 SkyBlock XP
19:08:15 [BESTIARY] 
19:08:15 [BESTIARY] §3§l▬▬▬▬▬▬▬▬▬▬▬▬▬▬▬▬▬▬▬▬▬▬▬▬▬▬▬▬▬▬▬▬▬▬▬▬▬▬▬▬▬▬▬▬▬▬▬▬▬▬▬▬▬▬▬▬▬▬▬▬▬▬▬▬
19:08:23 [STASH_COMPACT] §f                 §7You have §3812 §7materials stashed away!
19:08:23 [STASH_COMPACT] §f              §8(This totals 6 types of materials stashed!)
19:08:23 [STASH_COMPACT] §f                §3§l>>> §3§lCLICK HERE§b to pick them up! §3§l<<<
19:08:23 [STASH_COMPACT]   
19:08:23 [BESTIARY] §f                                  §6§lBESTIARY
19:08:23 [BESTIARY] §f                          §b§lCarrot King §7§8II §8➡§b §bIII
19:08:23 [BESTIARY] 
19:08:23 [BESTIARY] §f                                  §r§6§lREWARDS
19:08:23 [BESTIARY] §f                       §r§8+§r§a2 Carrot King §r§b✯ Magic Find
19:08:23 [BESTIARY] §f                       §r§8+§r§a2 Carrot King §r§c❁ Strength
19:08:23 [BESTIARY] §f                           §r§8+§r§62% §r§aCarrot King §r§7coins
19:08:23 [BESTIARY] §f                    §r§8+§r§a50% §r§7chance for extra XP orbs
19:08:23 [BESTIARY] §f                               §r§8+§r§b1 SkyBlock XP
19:08:23 [BESTIARY] 
19:08:23 [BESTIARY] §3§l▬▬▬▬▬▬▬▬▬▬▬▬▬▬▬▬▬▬▬▬▬▬▬▬▬▬▬▬▬▬▬▬▬▬▬▬▬▬▬▬▬▬▬▬▬▬▬▬▬▬▬▬▬▬▬▬▬▬▬▬▬▬▬▬
19:08:27 [BESTIARY] §f                                  §6§lBESTIARY
19:08:27 [BESTIARY] §f                       §b§lThe Sea Emperor §7§8I §8➡§b §bII
19:08:27 [BESTIARY] 
19:08:27 [BESTIARY] §f                                  §r§6§lREWARDS
19:08:27 [BESTIARY] §f                   §r§8+§r§a2 The Sea Emperor §r§b✯ Magic Find
19:08:27 [BESTIARY] §f                    §r§8+§r§a2 The Sea Emperor §r§c❁ Strength
19:08:27 [BESTIARY] §f                       §r§8+§r§62% §r§aThe Sea Emperor §r§7coins
19:08:27 [BESTIARY] §f                    §r§8+§r§a50% §r§7chance for extra XP orbs
19:08:27 [BESTIARY] §f                               §r§8+§r§b1 SkyBlock XP
19:08:27 [BESTIARY] 
19:08:27 [BESTIARY] §3§l▬▬▬▬▬▬▬▬▬▬▬▬▬▬▬▬▬▬▬▬▬▬▬▬▬▬▬▬▬▬▬▬▬▬▬▬▬▬▬▬▬▬▬▬▬▬▬▬▬▬▬▬▬▬▬▬▬▬▬▬▬▬▬▬
19:09:23 [STASH_COMPACT] §f                 §7You have §3812 §7materials stashed away!
19:09:23 [STASH_COMPACT] §f              §8(This totals 6 types of materials stashed!)
19:09:23 [STASH_COMPACT] §f                §3§l>>> §3§lCLICK HERE§b to pick them up! §3§l<<<
19:09:23 [STASH_COMPACT]   
19:09:42 [BESTIARY] §f                                  §6§lBESTIARY
19:09:42 [BESTIARY] §f                              §b§lWater Hydra §7§bI
19:09:42 [BESTIARY] 
19:09:42 [BESTIARY] §f                                  §r§6§lREWARDS
19:09:42 [BESTIARY] §f                      §r§8+§r§a2 Water Hydra §r§b✯ Magic Find
19:09:42 [BESTIARY] §f                       §r§8+§r§a2 Water Hydra §r§c❁ Strength
19:09:42 [BESTIARY] §f                          §r§8+§r§62% §r§aWater Hydra §r§7coins
19:09:42 [BESTIARY] §f                    §r§8+§r§a50% §r§7chance for extra XP orbs
19:09:42 [BESTIARY] §f                               §r§8+§r§b1 SkyBlock XP
19:09:42 [BESTIARY] 
19:09:42 [BESTIARY] §3§l▬▬▬▬▬▬▬▬▬▬▬▬▬▬▬▬▬▬▬▬▬▬▬▬▬▬▬▬▬▬▬▬▬▬▬▬▬▬▬▬▬▬▬▬▬▬▬▬▬▬▬▬▬▬▬▬▬▬▬▬▬▬▬▬
19:09:47 [BESTIARY] §f                                  §6§lBESTIARY
19:09:47 [BESTIARY] §f                           §b§lWater Hydra §7§8I §8➡§b §bII
19:09:47 [BESTIARY] 
19:09:47 [BESTIARY] §f                                  §r§6§lREWARDS
19:09:47 [BESTIARY] §f                      §r§8+§r§a2 Water Hydra §r§b✯ Magic Find
19:09:47 [BESTIARY] §f                       §r§8+§r§a2 Water Hydra §r§c❁ Strength
19:09:47 [BESTIARY] §f                          §r§8+§r§62% §r§aWater Hydra §r§7coins
19:09:47 [BESTIARY] §f                    §r§8+§r§a50% §r§7chance for extra XP orbs
19:09:47 [BESTIARY] §f                               §r§8+§r§b1 SkyBlock XP
19:09:47 [BESTIARY] 
19:09:47 [BESTIARY] §3§l▬▬▬▬▬▬▬▬▬▬▬▬▬▬▬▬▬▬▬▬▬▬▬▬▬▬▬▬▬▬▬▬▬▬▬▬▬▬▬▬▬▬▬▬▬▬▬▬▬▬▬▬▬▬▬▬▬▬▬▬▬▬▬▬
19:10:16 [BESTIARY] §f                                  §6§lBESTIARY
19:10:16 [BESTIARY] §f                     §b§lDeep Sea Protector §7§8IV §8➡§b §bV
19:10:16 [BESTIARY] 
19:10:16 [BESTIARY] §f                                  §r§6§lREWARDS
19:10:16 [BESTIARY] §f                 §r§8+§r§a2 Deep Sea Protector §r§b✯ Magic Find
19:10:16 [BESTIARY] §f                  §r§8+§r§a2 Deep Sea Protector §r§c❁ Strength
19:10:16 [BESTIARY] §f                     §r§8+§r§62% §r§aDeep Sea Protector §r§7coins
19:10:16 [BESTIARY] §f                    §r§8+§r§a50% §r§7chance for extra XP orbs
19:10:16 [BESTIARY] §f                               §r§8+§r§b1 SkyBlock XP
19:10:16 [BESTIARY] 
19:10:16 [BESTIARY]   §r§f                         §6§lBESTIARY MILESTONE
19:10:16 [BESTIARY]   §r§f                                  §8CVIII➡§eCIX
19:10:16 [BESTIARY] 
19:10:16 [BESTIARY] §3§l▬▬▬▬▬▬▬▬▬▬▬▬▬▬▬▬▬▬▬▬▬▬▬▬▬▬▬▬▬▬▬▬▬▬▬▬▬▬▬▬▬▬▬▬▬▬▬▬▬▬▬▬▬▬▬▬▬▬▬▬▬▬▬▬
19:10:24 [STASH_COMPACT] §f                 §7You have §3812 §7materials stashed away!
19:10:24 [STASH_COMPACT] §f              §8(This totals 6 types of materials stashed!)
19:10:24 [STASH_COMPACT] §f                §3§l>>> §3§lCLICK HERE§b to pick them up! §3§l<<<
19:10:24 [STASH_COMPACT]   
19:10:32 [BESTIARY] §f                                  §6§lBESTIARY
19:10:32 [BESTIARY] §f                     §b§lGuardian Defender §7§8VI §8➡§b §bVII
19:10:32 [BESTIARY] 
19:10:32 [BESTIARY] §f                                  §r§6§lREWARDS
19:10:32 [BESTIARY] §f                  §r§8+§r§a3 Guardian Defender §r§b✯ Magic Find
19:10:32 [BESTIARY] §f                   §r§8+§r§a3 Guardian Defender §r§c❁ Strength
19:10:32 [BESTIARY] §f                      §r§8+§r§62% §r§aGuardian Defender §r§7coins
19:10:32 [BESTIARY] §f                    §r§8+§r§a50% §r§7chance for extra XP orbs
19:10:32 [BESTIARY] §f                               §r§8+§r§b1 SkyBlock XP
19:10:32 [BESTIARY] 
19:10:32 [BESTIARY] §3§l▬▬▬▬▬▬▬▬▬▬▬▬▬▬▬▬▬▬▬▬▬▬▬▬▬▬▬▬▬▬▬▬▬▬▬▬▬▬▬▬▬▬▬▬▬▬▬▬▬▬▬▬▬▬▬▬▬▬▬▬▬▬▬▬
19:10:46 [BESTIARY] §f                                  §6§lBESTIARY
19:10:46 [BESTIARY] §f                          §b§lCarrot King §7§8III §8➡§b §bIV
19:10:46 [BESTIARY] 
19:10:46 [BESTIARY] §f                                  §r§6§lREWARDS
19:10:46 [BESTIARY] §f                       §r§8+§r§a2 Carrot King §r§b✯ Magic Find
19:10:46 [BESTIARY] §f                       §r§8+§r§a2 Carrot King §r§c❁ Strength
19:10:46 [BESTIARY] §f                           §r§8+§r§62% §r§aCarrot King §r§7coins
19:10:46 [BESTIARY] §f                    §r§8+§r§a50% §r§7chance for extra XP orbs
19:10:46 [BESTIARY] §f                               §r§8+§r§b1 SkyBlock XP
19:10:46 [BESTIARY] 
19:10:46 [BESTIARY] §3§l▬▬▬▬▬▬▬▬▬▬▬▬▬▬▬▬▬▬▬▬▬▬▬▬▬▬▬▬▬▬▬▬▬▬▬▬▬▬▬▬▬▬▬▬▬▬▬▬▬▬▬▬▬▬▬▬▬▬▬▬▬▬▬▬
19:11:24 [STASH_COMPACT] §f                 §7You have §3812 §7materials stashed away!
19:11:24 [STASH_COMPACT] §f              §8(This totals 6 types of materials stashed!)
19:11:24 [STASH_COMPACT] §f                §3§l>>> §3§lCLICK HERE§b to pick them up! §3§l<<<
19:11:24 [STASH_COMPACT]   
19:12:02 [BESTIARY] §f                                  §6§lBESTIARY
19:12:02 [BESTIARY] §f                               §b§lYeti §7§8VII §8➡§b §bVIII
19:12:02 [BESTIARY] 
19:12:02 [BESTIARY] §f                                  §r§6§lREWARDS
19:12:02 [BESTIARY] §f                            §r§8+§r§a3 Yeti §r§b✯ Magic Find
19:12:02 [BESTIARY] §f                            §r§8+§r§a3 Yeti §r§c❁ Strength
19:12:02 [BESTIARY] §f                                §r§8+§r§62% §r§aYeti §r§7coins
19:12:02 [BESTIARY] §f                    §r§8+§r§a50% §r§7chance for extra XP orbs
19:12:02 [BESTIARY] §f                               §r§8+§r§b1 SkyBlock XP
19:12:02 [BESTIARY] 
19:12:02 [BESTIARY] §3§l▬▬▬▬▬▬▬▬▬▬▬▬▬▬▬▬▬▬▬▬▬▬▬▬▬▬▬▬▬▬▬▬▬▬▬▬▬▬▬▬▬▬▬▬▬▬▬▬▬▬▬▬▬▬▬▬▬▬▬▬▬▬▬▬
19:12:24 [STASH_COMPACT] §f                 §7You have §3812 §7materials stashed away!
19:12:24 [STASH_COMPACT] §f              §8(This totals 6 types of materials stashed!)
19:12:24 [STASH_COMPACT] §f                §3§l>>> §3§lCLICK HERE§b to pick them up! §3§l<<<
19:12:24 [STASH_COMPACT]   
19:12:36 [BESTIARY] §f                                  §6§lBESTIARY
19:12:36 [BESTIARY] §f                           §b§lCarrot King §7§8IV §8➡§b §bV
19:12:36 [BESTIARY] 
19:12:36 [BESTIARY] §f                                  §r§6§lREWARDS
19:12:36 [BESTIARY] §f                       §r§8+§r§a2 Carrot King §r§b✯ Magic Find
19:12:36 [BESTIARY] §f                       §r§8+§r§a2 Carrot King §r§c❁ Strength
19:12:36 [BESTIARY] §f                           §r§8+§r§62% §r§aCarrot King §r§7coins
19:12:36 [BESTIARY] §f                    §r§8+§r§a50% §r§7chance for extra XP orbs
19:12:36 [BESTIARY] §f                               §r§8+§r§b1 SkyBlock XP
19:12:36 [BESTIARY] 
19:12:36 [BESTIARY] §3§l▬▬▬▬▬▬▬▬▬▬▬▬▬▬▬▬▬▬▬▬▬▬▬▬▬▬▬▬▬▬▬▬▬▬▬▬▬▬▬▬▬▬▬▬▬▬▬▬▬▬▬▬▬▬▬▬▬▬▬▬▬▬▬▬
19:13:25 [STASH_COMPACT] §f                 §7You have §3812 §7materials stashed away!
19:13:25 [STASH_COMPACT] §f              §8(This totals 6 types of materials stashed!)
19:13:25 [STASH_COMPACT] §f                §3§l>>> §3§lCLICK HERE§b to pick them up! §3§l<<<
19:13:25 [STASH_COMPACT]   
19:13:55 [STASH_COMPACT] §eOne or more items didn't fit in your inventory and were added to your material stash! §6Click here §eto pick them up!
19:13:55 [STASH_COMPACT] §eOne or more items didn't fit in your inventory and were added to your item stash! §6Click here §eto pick them up!
19:13:57 [STASH_COMPACT] §eOne or more items didn't fit in your inventory and were added to your material stash! §6Click here §eto pick them up!
19:13:57 [STASH_COMPACT] §eOne or more items didn't fit in your inventory and were added to your item stash! §6Click here §eto pick them up!
19:13:57 [STASH_COMPACT] §eOne or more items didn't fit in your inventory and were added to your item stash! §6Click here §eto pick them up!
19:14:02 [BESTIARY] §f                                  §6§lBESTIARY
19:14:02 [BESTIARY] §f                          §b§lNutcracker §7§8VIII §8➡§b §bIX
19:14:02 [BESTIARY] 
19:14:02 [BESTIARY] §f                                  §r§6§lREWARDS
19:14:02 [BESTIARY] §f                       §r§8+§r§a3 Nutcracker §r§b✯ Magic Find
19:14:02 [BESTIARY] §f                        §r§8+§r§a3 Nutcracker §r§c❁ Strength
19:14:02 [BESTIARY] §f                           §r§8+§r§62% §r§aNutcracker §r§7coins
19:14:02 [BESTIARY] §f                    §r§8+§r§a50% §r§7chance for extra XP orbs
19:14:02 [BESTIARY] §f                               §r§8+§r§b1 SkyBlock XP
19:14:02 [BESTIARY] 
19:14:02 [BESTIARY] §3§l▬▬▬▬▬▬▬▬▬▬▬▬▬▬▬▬▬▬▬▬▬▬▬▬▬▬▬▬▬▬▬▬▬▬▬▬▬▬▬▬▬▬▬▬▬▬▬▬▬▬▬▬▬▬▬▬▬▬▬▬▬▬▬▬
19:14:25 [STASH_COMPACT] §f                     §7You have §a1 §7item stashed away!
19:14:25 [STASH_COMPACT] §f                  §6§l>>> §6§lCLICK HERE§e to pick it up! §6§l<<<
19:14:25 [STASH_COMPACT]   
19:14:25 [STASH_COMPACT] §f                 §7You have §3814 §7materials stashed away!
19:14:25 [STASH_COMPACT] §f              §8(This totals 8 types of materials stashed!)
19:14:25 [STASH_COMPACT] §f                §3§l>>> §3§lCLICK HERE§b to pick them up! §3§l<<<
19:14:25 [STASH_COMPACT]   
19:15:26 [STASH_COMPACT] §f                     §7You have §a1 §7item stashed away!
19:15:26 [STASH_COMPACT] §f                  §6§l>>> §6§lCLICK HERE§e to pick it up! §6§l<<<
19:15:26 [STASH_COMPACT]   
19:15:26 [STASH_COMPACT] §f                 §7You have §3814 §7materials stashed away!
19:15:26 [STASH_COMPACT] §f              §8(This totals 8 types of materials stashed!)
19:15:26 [STASH_COMPACT] §f                §3§l>>> §3§lCLICK HERE§b to pick them up! §3§l<<<
19:15:26 [STASH_COMPACT]   
19:16:26 [STASH_COMPACT] §f                     §7You have §a1 §7item stashed away!
19:16:26 [STASH_COMPACT] §f                  §6§l>>> §6§lCLICK HERE§e to pick it up! §6§l<<<
19:16:26 [STASH_COMPACT]   
19:16:26 [STASH_COMPACT] §f                 §7You have §3814 §7materials stashed away!
19:16:26 [STASH_COMPACT] §f              §8(This totals 8 types of materials stashed!)
19:16:26 [STASH_COMPACT] §f                §3§l>>> §3§lCLICK HERE§b to pick them up! §3§l<<<
19:16:26 [STASH_COMPACT]   
19:17:20 [BESTIARY] §f                                  §6§lBESTIARY
19:17:20 [BESTIARY] §f                          §b§lWater Hydra §7§8II §8➡§b §bIII
19:17:20 [BESTIARY] 
19:17:20 [BESTIARY] §f                                  §r§6§lREWARDS
19:17:20 [BESTIARY] §f                      §r§8+§r§a2 Water Hydra §r§b✯ Magic Find
19:17:20 [BESTIARY] §f                       §r§8+§r§a2 Water Hydra §r§c❁ Strength
19:17:20 [BESTIARY] §f                          §r§8+§r§62% §r§aWater Hydra §r§7coins
19:17:20 [BESTIARY] §f                    §r§8+§r§a50% §r§7chance for extra XP orbs
19:17:20 [BESTIARY] §f                               §r§8+§r§b1 SkyBlock XP
19:17:20 [BESTIARY] 
19:17:20 [BESTIARY] §3§l▬▬▬▬▬▬▬▬▬▬▬▬▬▬▬▬▬▬▬▬▬▬▬▬▬▬▬▬▬▬▬▬▬▬▬▬▬▬▬▬▬▬▬▬▬▬▬▬▬▬▬▬▬▬▬▬▬▬▬▬▬▬▬▬
19:17:27 [STASH_COMPACT] §f                     §7You have §a1 §7item stashed away!
19:17:27 [STASH_COMPACT] §f                  §6§l>>> §6§lCLICK HERE§e to pick it up! §6§l<<<
19:17:27 [STASH_COMPACT]   
19:17:27 [STASH_COMPACT] §f                 §7You have §3814 §7materials stashed away!
19:17:27 [STASH_COMPACT] §f              §8(This totals 8 types of materials stashed!)
19:17:27 [STASH_COMPACT] §f                §3§l>>> §3§lCLICK HERE§b to pick them up! §3§l<<<
19:17:27 [STASH_COMPACT]   
19:17:41 [BESTIARY] §f                                  §6§lBESTIARY
19:17:41 [BESTIARY] §f                           §b§lSea Witch §7§8VII §8➡§b §bVIII
19:17:41 [BESTIARY] 
19:17:41 [BESTIARY] §f                                  §r§6§lREWARDS
19:17:41 [BESTIARY] §f                        §r§8+§r§a3 Sea Witch §r§b✯ Magic Find
19:17:41 [BESTIARY] §f                         §r§8+§r§a3 Sea Witch §r§c❁ Strength
19:17:41 [BESTIARY] §f                            §r§8+§r§62% §r§aSea Witch §r§7coins
19:17:41 [BESTIARY] §f                    §r§8+§r§a50% §r§7chance for extra XP orbs
19:17:41 [BESTIARY] §f                               §r§8+§r§b1 SkyBlock XP
19:17:41 [BESTIARY] 
19:17:41 [BESTIARY] §3§l▬▬▬▬▬▬▬▬▬▬▬▬▬▬▬▬▬▬▬▬▬▬▬▬▬▬▬▬▬▬▬▬▬▬▬▬▬▬▬▬▬▬▬▬▬▬▬▬▬▬▬▬▬▬▬▬▬▬▬▬▬▬▬▬
19:18:27 [STASH_COMPACT] §eOne or more items didn't fit in your inventory and were added to your material stash! §6Click here §eto pick them up!
19:18:27 [STASH_COMPACT] §eOne or more items didn't fit in your inventory and were added to your item stash! §6Click here §eto pick them up!
19:18:27 [STASH_COMPACT] §f                     §7You have §a1 §7item stashed away!
19:18:27 [STASH_COMPACT] §f                  §6§l>>> §6§lCLICK HERE§e to pick it up! §6§l<<<
19:18:27 [STASH_COMPACT]   
19:18:27 [STASH_COMPACT] §f                 §7You have §3815 §7materials stashed away!
19:18:27 [STASH_COMPACT] §f              §8(This totals 9 types of materials stashed!)
19:18:27 [STASH_COMPACT] §f                §3§l>>> §3§lCLICK HERE§b to pick them up! §3§l<<<
19:18:27 [STASH_COMPACT]   
19:18:27 [STASH_COMPACT] §eOne or more items didn't fit in your inventory and were added to your item stash! §6Click here §eto pick them up!
19:18:59 [STASH_COMPACT] §eOne or more items didn't fit in your inventory and were added to your item stash! §6Click here §eto pick them up!
19:19:02 [STASH_COMPACT] §eOne or more items didn't fit in your inventory and were added to your material stash! §6Click here §eto pick them up!
19:19:02 [STASH_COMPACT] §eOne or more items didn't fit in your inventory and were added to your item stash! §6Click here §eto pick them up!
19:19:06 [STASH_COMPACT] §eOne or more items didn't fit in your inventory and were added to your item stash! §6Click here §eto pick them up!
19:19:11 [STASH_COMPACT] §eOne or more items didn't fit in your inventory and were added to your item stash! §6Click here §eto pick them up!
19:19:13 [STASH_COMPACT] §eOne or more items didn't fit in your inventory and were added to your material stash! §6Click here §eto pick them up!
19:19:13 [STASH_COMPACT] §eOne or more items didn't fit in your inventory and were added to your item stash! §6Click here §eto pick them up!
19:19:14 [STASH_COMPACT] §eOne or more items didn't fit in your inventory and were added to your item stash! §6Click here §eto pick them up!
19:19:28 [STASH_COMPACT] §f                     §7You have §a6 §7items stashed away!
19:19:28 [STASH_COMPACT] §f                §6§l>>> §6§lCLICK HERE§e to pick them up! §6§l<<<
19:19:28 [STASH_COMPACT]   
19:19:28 [STASH_COMPACT] §f                 §7You have §3817 §7materials stashed away!
19:19:28 [STASH_COMPACT] §f             §8(This totals 10 types of materials stashed!)
19:19:28 [STASH_COMPACT] §f                §3§l>>> §3§lCLICK HERE§b to pick them up! §3§l<<<
19:19:28 [STASH_COMPACT]   
19:20:11 [STASH_COMPACT] §eOne or more items didn't fit in your inventory and were added to your item stash! §6Click here §eto pick them up!
19:20:14 [STASH_COMPACT] §eOne or more items didn't fit in your inventory and were added to your item stash! §6Click here §eto pick them up!
19:20:17 [STASH_COMPACT] §eOne or more items didn't fit in your inventory and were added to your item stash! §6Click here §eto pick them up!
19:20:19 [STASH_COMPACT] §eOne or more items didn't fit in your inventory and were added to your item stash! §6Click here §eto pick them up!
19:20:20 [STASH_COMPACT] §eOne or more items didn't fit in your inventory and were added to your item stash! §6Click here §eto pick them up!
19:20:25 [STASH_COMPACT] §eOne or more items didn't fit in your inventory and were added to your item stash! §6Click here §eto pick them up!
19:20:28 [STASH_COMPACT] §f                    §7You have §a12 §7items stashed away!
19:20:28 [STASH_COMPACT] §f                §6§l>>> §6§lCLICK HERE§e to pick them up! §6§l<<<
19:20:28 [STASH_COMPACT]   
19:20:28 [STASH_COMPACT] §f                 §7You have §3817 §7materials stashed away!
19:20:28 [STASH_COMPACT] §f             §8(This totals 10 types of materials stashed!)
19:20:28 [STASH_COMPACT] §f                §3§l>>> §3§lCLICK HERE§b to pick them up! §3§l<<<
19:20:28 [STASH_COMPACT]   
19:20:32 [STASH_COMPACT] §eOne or more items didn't fit in your inventory and were added to your item stash! §6Click here §eto pick them up!
19:20:33 [STASH_COMPACT] §eOne or more items didn't fit in your inventory and were added to your item stash! §6Click here §eto pick them up!
19:21:26 [BESTIARY] §f                                  §6§lBESTIARY
19:21:26 [BESTIARY] §f                           §b§lCarrot King §7§8V §8➡§b §bVI
19:21:26 [BESTIARY] 
19:21:26 [BESTIARY] §f                                  §r§6§lREWARDS
19:21:26 [BESTIARY] §f                       §r§8+§r§a3 Carrot King §r§b✯ Magic Find
19:21:26 [BESTIARY] §f                       §r§8+§r§a3 Carrot King §r§c❁ Strength
19:21:26 [BESTIARY] §f                           §r§8+§r§62% §r§aCarrot King §r§7coins
19:21:26 [BESTIARY] §f                    §r§8+§r§a50% §r§7chance for extra XP orbs
19:21:26 [BESTIARY] §f                               §r§8+§r§b1 SkyBlock XP
19:21:26 [BESTIARY] 
19:21:26 [BESTIARY] §3§l▬▬▬▬▬▬▬▬▬▬▬▬▬▬▬▬▬▬▬▬▬▬▬▬▬▬▬▬▬▬▬▬▬▬▬▬▬▬▬▬▬▬▬▬▬▬▬▬▬▬▬▬▬▬▬▬▬▬▬▬▬▬▬▬
19:21:29 [STASH_COMPACT] §f                    §7You have §a14 §7items stashed away!
19:21:29 [STASH_COMPACT] §f                §6§l>>> §6§lCLICK HERE§e to pick them up! §6§l<<<
19:21:29 [STASH_COMPACT]   
19:21:29 [STASH_COMPACT] §f                 §7You have §3817 §7materials stashed away!
19:21:29 [STASH_COMPACT] §f             §8(This totals 10 types of materials stashed!)
19:21:29 [STASH_COMPACT] §f                §3§l>>> §3§lCLICK HERE§b to pick them up! §3§l<<<
19:21:29 [STASH_COMPACT]   
19:22:20 [BESTIARY] §f                                  §6§lBESTIARY
19:22:20 [BESTIARY] §f                      §b§lThe Sea Emperor §7§8II §8➡§b §bIII
19:22:20 [BESTIARY] 
19:22:20 [BESTIARY] §f                                  §r§6§lREWARDS
19:22:20 [BESTIARY] §f                   §r§8+§r§a2 The Sea Emperor §r§b✯ Magic Find
19:22:20 [BESTIARY] §f                    §r§8+§r§a2 The Sea Emperor §r§c❁ Strength
19:22:20 [BESTIARY] §f                       §r§8+§r§62% §r§aThe Sea Emperor §r§7coins
19:22:20 [BESTIARY] §f                    §r§8+§r§a50% §r§7chance for extra XP orbs
19:22:20 [BESTIARY] §f                               §r§8+§r§b1 SkyBlock XP
19:22:20 [BESTIARY] 
19:22:20 [BESTIARY] §3§l▬▬▬▬▬▬▬▬▬▬▬▬▬▬▬▬▬▬▬▬▬▬▬▬▬▬▬▬▬▬▬▬▬▬▬▬▬▬▬▬▬▬▬▬▬▬▬▬▬▬▬▬▬▬▬▬▬▬▬▬▬▬▬▬
19:22:29 [STASH_COMPACT] §f                    §7You have §a14 §7items stashed away!
19:22:29 [STASH_COMPACT] §f                §6§l>>> §6§lCLICK HERE§e to pick them up! §6§l<<<
19:22:29 [STASH_COMPACT]   
19:22:29 [STASH_COMPACT] §f                 §7You have §3817 §7materials stashed away!
19:22:29 [STASH_COMPACT] §f             §8(This totals 10 types of materials stashed!)
19:22:29 [STASH_COMPACT] §f                §3§l>>> §3§lCLICK HERE§b to pick them up! §3§l<<<
19:22:29 [STASH_COMPACT]   
19:23:29 [STASH_COMPACT] §f                    §7You have §a14 §7items stashed away!
19:23:29 [STASH_COMPACT] §f                §6§l>>> §6§lCLICK HERE§e to pick them up! §6§l<<<
19:23:29 [STASH_COMPACT]   
19:23:29 [STASH_COMPACT] §f                 §7You have §3817 §7materials stashed away!
19:23:29 [STASH_COMPACT] §f             §8(This totals 10 types of materials stashed!)
19:23:29 [STASH_COMPACT] §f                §3§l>>> §3§lCLICK HERE§b to pick them up! §3§l<<<
19:23:29 [STASH_COMPACT]   
19:24:30 [STASH_COMPACT] §f                    §7You have §a14 §7items stashed away!
19:24:30 [STASH_COMPACT] §f                §6§l>>> §6§lCLICK HERE§e to pick them up! §6§l<<<
19:24:30 [STASH_COMPACT]   
19:24:30 [STASH_COMPACT] §f                 §7You have §3817 §7materials stashed away!
19:24:30 [STASH_COMPACT] §f             §8(This totals 10 types of materials stashed!)
19:24:30 [STASH_COMPACT] §f                §3§l>>> §3§lCLICK HERE§b to pick them up! §3§l<<<
19:24:30 [STASH_COMPACT]   
19:25:31 [STASH_COMPACT] §f                    §7You have §a14 §7items stashed away!
19:25:31 [STASH_COMPACT] §f                §6§l>>> §6§lCLICK HERE§e to pick them up! §6§l<<<
19:25:31 [STASH_COMPACT]   
19:25:31 [STASH_COMPACT] §f                 §7You have §3817 §7materials stashed away!
19:25:31 [STASH_COMPACT] §f             §8(This totals 10 types of materials stashed!)
19:25:31 [STASH_COMPACT] §f                §3§l>>> §3§lCLICK HERE§b to pick them up! §3§l<<<
19:25:31 [STASH_COMPACT]   
19:25:52 [STASH_COMPACT] §f                    §7You have §a14 §7items stashed away!
19:25:52 [STASH_COMPACT] §f                §6§l>>> §6§lCLICK HERE§e to pick them up! §6§l<<<
19:25:52 [STASH_COMPACT]   
19:25:52 [STASH_COMPACT] §f                 §7You have §3817 §7materials stashed away!
19:25:52 [STASH_COMPACT] §f             §8(This totals 10 types of materials stashed!)
19:25:52 [STASH_COMPACT] §f                §3§l>>> §3§lCLICK HERE§b to pick them up! §3§l<<<
19:25:52 [STASH_COMPACT]   
19:25:53 [STASH_COMPACT] §f                    §7You have §a14 §7items stashed away!
19:25:53 [STASH_COMPACT] §f                §6§l>>> §6§lCLICK HERE§e to pick them up! §6§l<<<
19:25:53 [STASH_COMPACT]   
19:25:53 [STASH_COMPACT] §f                 §7You have §3817 §7materials stashed away!
19:25:53 [STASH_COMPACT] §f             §8(This totals 10 types of materials stashed!)
19:25:53 [STASH_COMPACT] §f                §3§l>>> §3§lCLICK HERE§b to pick them up! §3§l<<<
19:25:53 [STASH_COMPACT]   
19:26:53 [STASH_COMPACT] §f                    §7You have §a14 §7items stashed away!
19:26:53 [STASH_COMPACT] §f                §6§l>>> §6§lCLICK HERE§e to pick them up! §6§l<<<
19:26:53 [STASH_COMPACT]   
19:26:53 [STASH_COMPACT] §f                 §7You have §3817 §7materials stashed away!
19:26:53 [STASH_COMPACT] §f             §8(This totals 10 types of materials stashed!)
19:26:53 [STASH_COMPACT] §f                §3§l>>> §3§lCLICK HERE§b to pick them up! §3§l<<<
19:26:53 [STASH_COMPACT]   
19:27:54 [STASH_COMPACT] §f                    §7You have §a14 §7items stashed away!
19:27:54 [STASH_COMPACT] §f                §6§l>>> §6§lCLICK HERE§e to pick them up! §6§l<<<
19:27:54 [STASH_COMPACT]   
19:27:54 [STASH_COMPACT] §f                 §7You have §3817 §7materials stashed away!
19:27:54 [STASH_COMPACT] §f             §8(This totals 10 types of materials stashed!)
19:27:54 [STASH_COMPACT] §f                §3§l>>> §3§lCLICK HERE§b to pick them up! §3§l<<<
19:27:54 [STASH_COMPACT]   
19:28:54 [STASH_COMPACT] §f                    §7You have §a14 §7items stashed away!
19:28:54 [STASH_COMPACT] §f                §6§l>>> §6§lCLICK HERE§e to pick them up! §6§l<<<
19:28:54 [STASH_COMPACT]   
19:28:54 [STASH_COMPACT] §f                 §7You have §3817 §7materials stashed away!
19:28:54 [STASH_COMPACT] §f             §8(This totals 10 types of materials stashed!)
19:28:54 [STASH_COMPACT] §f                §3§l>>> §3§lCLICK HERE§b to pick them up! §3§l<<<
19:28:54 [STASH_COMPACT]   
19:29:54 [STASH_COMPACT] §f                    §7You have §a14 §7items stashed away!
19:29:54 [STASH_COMPACT] §f                §6§l>>> §6§lCLICK HERE§e to pick them up! §6§l<<<
19:29:54 [STASH_COMPACT]   
19:29:54 [STASH_COMPACT] §f                 §7You have §3817 §7materials stashed away!
19:29:54 [STASH_COMPACT] §f             §8(This totals 10 types of materials stashed!)
19:29:54 [STASH_COMPACT] §f                §3§l>>> §3§lCLICK HERE§b to pick them up! §3§l<<<
19:29:54 [STASH_COMPACT]   
19:30:54 [STASH_COMPACT] §f                    §7You have §a13 §7items stashed away!
19:30:54 [STASH_COMPACT] §f                §6§l>>> §6§lCLICK HERE§e to pick them up! §6§l<<<
19:30:54 [STASH_COMPACT]   
19:30:54 [STASH_COMPACT] §f                 §7You have §3817 §7materials stashed away!
19:30:54 [STASH_COMPACT] §f             §8(This totals 10 types of materials stashed!)
19:30:54 [STASH_COMPACT] §f                §3§l>>> §3§lCLICK HERE§b to pick them up! §3§l<<<
19:30:54 [STASH_COMPACT]   
19:31:54 [STASH_COMPACT] §f                 §7You have §3817 §7materials stashed away!
19:31:54 [STASH_COMPACT] §f             §8(This totals 10 types of materials stashed!)
19:31:54 [STASH_COMPACT] §f                §3§l>>> §3§lCLICK HERE§b to pick them up! §3§l<<<
19:31:54 [STASH_COMPACT]   
19:32:54 [STASH_COMPACT] §f                 §7You have §3817 §7materials stashed away!
19:32:54 [STASH_COMPACT] §f             §8(This totals 10 types of materials stashed!)
19:32:54 [STASH_COMPACT] §f                §3§l>>> §3§lCLICK HERE§b to pick them up! §3§l<<<
19:32:54 [STASH_COMPACT]   
19:33:54 [STASH_COMPACT] §f                 §7You have §3817 §7materials stashed away!
19:33:54 [STASH_COMPACT] §f             §8(This totals 10 types of materials stashed!)
19:33:54 [STASH_COMPACT] §f                §3§l>>> §3§lCLICK HERE§b to pick them up! §3§l<<<
19:33:54 [STASH_COMPACT]   
19:34:54 [STASH_COMPACT] §f                 §7You have §3817 §7materials stashed away!
19:34:54 [STASH_COMPACT] §f             §8(This totals 10 types of materials stashed!)
19:34:54 [STASH_COMPACT] §f                §3§l>>> §3§lCLICK HERE§b to pick them up! §3§l<<<
19:34:54 [STASH_COMPACT]   
19:35:55 [STASH_COMPACT] §f                 §7You have §3817 §7materials stashed away!
19:35:55 [STASH_COMPACT] §f             §8(This totals 10 types of materials stashed!)
19:35:55 [STASH_COMPACT] §f                §3§l>>> §3§lCLICK HERE§b to pick them up! §3§l<<<
19:35:55 [STASH_COMPACT]   
19:36:55 [STASH_COMPACT] §f                 §7You have §3817 §7materials stashed away!
19:36:55 [STASH_COMPACT] §f             §8(This totals 10 types of materials stashed!)
19:36:55 [STASH_COMPACT] §f                §3§l>>> §3§lCLICK HERE§b to pick them up! §3§l<<<
19:36:55 [STASH_COMPACT]   
19:37:55 [STASH_COMPACT] §f                 §7You have §3817 §7materials stashed away!
19:37:55 [STASH_COMPACT] §f             §8(This totals 10 types of materials stashed!)
19:37:55 [STASH_COMPACT] §f                §3§l>>> §3§lCLICK HERE§b to pick them up! §3§l<<<
19:37:55 [STASH_COMPACT]   
19:38:55 [STASH_COMPACT] §f                 §7You have §3817 §7materials stashed away!
19:38:55 [STASH_COMPACT] §f             §8(This totals 10 types of materials stashed!)
19:38:55 [STASH_COMPACT] §f                §3§l>>> §3§lCLICK HERE§b to pick them up! §3§l<<<
19:38:55 [STASH_COMPACT]   
19:39:55 [STASH_COMPACT] §f                 §7You have §3817 §7materials stashed away!
19:39:55 [STASH_COMPACT] §f             §8(This totals 10 types of materials stashed!)
19:39:55 [STASH_COMPACT] §f                §3§l>>> §3§lCLICK HERE§b to pick them up! §3§l<<<
19:39:55 [STASH_COMPACT]   
19:40:55 [STASH_COMPACT] §f                 §7You have §3817 §7materials stashed away!
19:40:55 [STASH_COMPACT] §f             §8(This totals 10 types of materials stashed!)
19:40:55 [STASH_COMPACT] §f                §3§l>>> §3§lCLICK HERE§b to pick them up! §3§l<<<
19:40:55 [STASH_COMPACT]   
19:41:55 [STASH_COMPACT] §f                 §7You have §3817 §7materials stashed away!
19:41:55 [STASH_COMPACT] §f             §8(This totals 10 types of materials stashed!)
19:41:55 [STASH_COMPACT] §f                §3§l>>> §3§lCLICK HERE§b to pick them up! §3§l<<<
19:41:55 [STASH_COMPACT]   
19:42:55 [STASH_COMPACT] §f                 §7You have §3817 §7materials stashed away!
19:42:55 [STASH_COMPACT] §f             §8(This totals 10 types of materials stashed!)
19:42:55 [STASH_COMPACT] §f                §3§l>>> §3§lCLICK HERE§b to pick them up! §3§l<<<
19:42:55 [STASH_COMPACT]   
19:43:55 [STASH_COMPACT] §f                 §7You have §3817 §7materials stashed away!
19:43:55 [STASH_COMPACT] §f             §8(This totals 10 types of materials stashed!)
19:43:55 [STASH_COMPACT] §f                §3§l>>> §3§lCLICK HERE§b to pick them up! §3§l<<<
19:43:55 [STASH_COMPACT]   
19:44:55 [STASH_COMPACT] §f                 §7You have §3817 §7materials stashed away!
19:44:55 [STASH_COMPACT] §f             §8(This totals 10 types of materials stashed!)
19:44:55 [STASH_COMPACT] §f                §3§l>>> §3§lCLICK HERE§b to pick them up! §3§l<<<
19:44:55 [STASH_COMPACT]   
19:45:56 [STASH_COMPACT] §f                 §7You have §3817 §7materials stashed away!
19:45:56 [STASH_COMPACT] §f             §8(This totals 10 types of materials stashed!)
19:45:56 [STASH_COMPACT] §f                §3§l>>> §3§lCLICK HERE§b to pick them up! §3§l<<<
19:45:56 [STASH_COMPACT]   
19:46:56 [STASH_COMPACT] §f                 §7You have §3817 §7materials stashed away!
19:46:56 [STASH_COMPACT] §f             §8(This totals 10 types of materials stashed!)
19:46:56 [STASH_COMPACT] §f                §3§l>>> §3§lCLICK HERE§b to pick them up! §3§l<<<
19:46:56 [STASH_COMPACT]   
19:47:56 [STASH_COMPACT] §f                 §7You have §3817 §7materials stashed away!
19:47:56 [STASH_COMPACT] §f             §8(This totals 10 types of materials stashed!)
19:47:56 [STASH_COMPACT] §f                §3§l>>> §3§lCLICK HERE§b to pick them up! §3§l<<<
19:47:56 [STASH_COMPACT]   
19:48:56 [STASH_COMPACT] §f                 §7You have §3817 §7materials stashed away!
19:48:56 [STASH_COMPACT] §f             §8(This totals 10 types of materials stashed!)
19:48:56 [STASH_COMPACT] §f                §3§l>>> §3§lCLICK HERE§b to pick them up! §3§l<<<
19:48:56 [STASH_COMPACT]   
19:49:56 [STASH_COMPACT] §f                 §7You have §3817 §7materials stashed away!
19:49:56 [STASH_COMPACT] §f             §8(This totals 10 types of materials stashed!)
19:49:56 [STASH_COMPACT] §f                §3§l>>> §3§lCLICK HERE§b to pick them up! §3§l<<<
19:49:56 [STASH_COMPACT]   
19:50:56 [STASH_COMPACT] §f                 §7You have §3817 §7materials stashed away!
19:50:56 [STASH_COMPACT] §f             §8(This totals 10 types of materials stashed!)
19:50:56 [STASH_COMPACT] §f                §3§l>>> §3§lCLICK HERE§b to pick them up! §3§l<<<
19:50:56 [STASH_COMPACT]   
19:51:56 [STASH_COMPACT] §f                 §7You have §3817 §7materials stashed away!
19:51:56 [STASH_COMPACT] §f             §8(This totals 10 types of materials stashed!)
19:51:56 [STASH_COMPACT] §f                §3§l>>> §3§lCLICK HERE§b to pick them up! §3§l<<<
19:51:56 [STASH_COMPACT]   
19:52:27 [STASH_COMPACT] §f                 §7You have §3817 §7materials stashed away!
19:52:27 [STASH_COMPACT] §f             §8(This totals 10 types of materials stashed!)
19:52:27 [STASH_COMPACT] §f                §3§l>>> §3§lCLICK HERE§b to pick them up! §3§l<<<
19:52:27 [STASH_COMPACT]   
19:53:09 [STASH_COMPACT] §f                 §7You have §3817 §7materials stashed away!
19:53:09 [STASH_COMPACT] §f             §8(This totals 10 types of materials stashed!)
19:53:09 [STASH_COMPACT] §f                §3§l>>> §3§lCLICK HERE§b to pick them up! §3§l<<<
19:53:09 [STASH_COMPACT]   
19:54:09 [STASH_COMPACT] §f                 §7You have §3817 §7materials stashed away!
19:54:09 [STASH_COMPACT] §f             §8(This totals 10 types of materials stashed!)
19:54:09 [STASH_COMPACT] §f                §3§l>>> §3§lCLICK HERE§b to pick them up! §3§l<<<
19:54:09 [STASH_COMPACT]   
19:55:10 [STASH_COMPACT] §f                 §7You have §3817 §7materials stashed away!
19:55:10 [STASH_COMPACT] §f             §8(This totals 10 types of materials stashed!)
19:55:10 [STASH_COMPACT] §f                §3§l>>> §3§lCLICK HERE§b to pick them up! §3§l<<<
19:55:10 [STASH_COMPACT]   
19:56:10 [STASH_COMPACT] §f                 §7You have §3817 §7materials stashed away!
19:56:10 [STASH_COMPACT] §f             §8(This totals 10 types of materials stashed!)
19:56:10 [STASH_COMPACT] §f                §3§l>>> §3§lCLICK HERE§b to pick them up! §3§l<<<
19:56:10 [STASH_COMPACT]   
19:57:10 [STASH_COMPACT] §f                 §7You have §3817 §7materials stashed away!
19:57:10 [STASH_COMPACT] §f             §8(This totals 10 types of materials stashed!)
19:57:10 [STASH_COMPACT] §f                §3§l>>> §3§lCLICK HERE§b to pick them up! §3§l<<<
19:57:10 [STASH_COMPACT]   
19:58:11 [STASH_COMPACT] §f                 §7You have §3817 §7materials stashed away!
19:58:11 [STASH_COMPACT] §f             §8(This totals 10 types of materials stashed!)
19:58:11 [STASH_COMPACT] §f                §3§l>>> §3§lCLICK HERE§b to pick them up! §3§l<<<
19:58:11 [STASH_COMPACT]   
19:59:11 [STASH_COMPACT] §f                 §7You have §3817 §7materials stashed away!
19:59:11 [STASH_COMPACT] §f             §8(This totals 10 types of materials stashed!)
19:59:11 [STASH_COMPACT] §f                §3§l>>> §3§lCLICK HERE§b to pick them up! §3§l<<<
19:59:11 [STASH_COMPACT]   
20:00:11 [STASH_COMPACT] §f                 §7You have §3817 §7materials stashed away!
20:00:11 [STASH_COMPACT] §f             §8(This totals 10 types of materials stashed!)
20:00:11 [STASH_COMPACT] §f                §3§l>>> §3§lCLICK HERE§b to pick them up! §3§l<<<
20:00:11 [STASH_COMPACT]   
20:01:12 [STASH_COMPACT] §f                 §7You have §3817 §7materials stashed away!
20:01:12 [STASH_COMPACT] §f             §8(This totals 10 types of materials stashed!)
20:01:12 [STASH_COMPACT] §f                §3§l>>> §3§lCLICK HERE§b to pick them up! §3§l<<<
20:01:12 [STASH_COMPACT]   
20:01:27 [STASH_COMPACT] §f                 §7You have §3817 §7materials stashed away!
20:01:27 [STASH_COMPACT] §f             §8(This totals 10 types of materials stashed!)
20:01:27 [STASH_COMPACT] §f                §3§l>>> §3§lCLICK HERE§b to pick them up! §3§l<<<
20:01:27 [STASH_COMPACT]   
20:01:28 [STASH_COMPACT] §f                 §7You have §3817 §7materials stashed away!
20:01:28 [STASH_COMPACT] §f             §8(This totals 10 types of materials stashed!)
20:01:28 [STASH_COMPACT] §f                §3§l>>> §3§lCLICK HERE§b to pick them up! §3§l<<<
20:01:28 [STASH_COMPACT]   
20:02:45 [STASH_COMPACT] §f                 §7You have §3817 §7materials stashed away!
20:02:45 [STASH_COMPACT] §f             §8(This totals 10 types of materials stashed!)
20:02:45 [STASH_COMPACT] §f                §3§l>>> §3§lCLICK HERE§b to pick them up! §3§l<<<
20:02:45 [STASH_COMPACT]   
20:03:46 [STASH_COMPACT] §f                 §7You have §3817 §7materials stashed away!
20:03:46 [STASH_COMPACT] §f             §8(This totals 10 types of materials stashed!)
20:03:46 [STASH_COMPACT] §f                §3§l>>> §3§lCLICK HERE§b to pick them up! §3§l<<<
20:03:46 [STASH_COMPACT]   
20:04:52 [STASH_COMPACT] §f                 §7You have §3817 §7materials stashed away!
20:04:52 [STASH_COMPACT] §f             §8(This totals 10 types of materials stashed!)
20:04:52 [STASH_COMPACT] §f                §3§l>>> §3§lCLICK HERE§b to pick them up! §3§l<<<
20:04:52 [STASH_COMPACT]   
20:05:46 [STASH_COMPACT] §f                 §7You have §3817 §7materials stashed away!
20:05:46 [STASH_COMPACT] §f             §8(This totals 10 types of materials stashed!)
20:05:46 [STASH_COMPACT] §f                §3§l>>> §3§lCLICK HERE§b to pick them up! §3§l<<<
20:05:46 [STASH_COMPACT]   
20:05:46 [STASH_COMPACT] §f                 §7You have §3817 §7materials stashed away!
20:05:46 [STASH_COMPACT] §f             §8(This totals 10 types of materials stashed!)
20:05:46 [STASH_COMPACT] §f                §3§l>>> §3§lCLICK HERE§b to pick them up! §3§l<<<
20:05:46 [STASH_COMPACT]   
20:06:47 [STASH_COMPACT] §f                 §7You have §3817 §7materials stashed away!
20:06:47 [STASH_COMPACT] §f             §8(This totals 10 types of materials stashed!)
20:06:47 [STASH_COMPACT] §f                §3§l>>> §3§lCLICK HERE§b to pick them up! §3§l<<<
20:06:47 [STASH_COMPACT]   
20:07:48 [STASH_COMPACT] §f                 §7You have §3817 §7materials stashed away!
20:07:48 [STASH_COMPACT] §f             §8(This totals 10 types of materials stashed!)
20:07:48 [STASH_COMPACT] §f                §3§l>>> §3§lCLICK HERE§b to pick them up! §3§l<<<
20:07:48 [STASH_COMPACT]   
20:08:48 [STASH_COMPACT] §f                 §7You have §3817 §7materials stashed away!
20:08:48 [STASH_COMPACT] §f             §8(This totals 10 types of materials stashed!)
20:08:48 [STASH_COMPACT] §f                §3§l>>> §3§lCLICK HERE§b to pick them up! §3§l<<<
20:08:48 [STASH_COMPACT]   
20:09:49 [STASH_COMPACT] §f                 §7You have §3817 §7materials stashed away!
20:09:49 [STASH_COMPACT] §f             §8(This totals 10 types of materials stashed!)
20:09:49 [STASH_COMPACT] §f                §3§l>>> §3§lCLICK HERE§b to pick them up! §3§l<<<
20:09:49 [STASH_COMPACT]   
20:10:28 [STASH_COMPACT] §f                 §7You have §3817 §7materials stashed away!
20:10:28 [STASH_COMPACT] §f             §8(This totals 10 types of materials stashed!)
20:10:28 [STASH_COMPACT] §f                §3§l>>> §3§lCLICK HERE§b to pick them up! §3§l<<<
20:10:28 [STASH_COMPACT]   
20:11:05 [STASH_COMPACT] §f                 §7You have §3817 §7materials stashed away!
20:11:05 [STASH_COMPACT] §f             §8(This totals 10 types of materials stashed!)
20:11:05 [STASH_COMPACT] §f                §3§l>>> §3§lCLICK HERE§b to pick them up! §3§l<<<
20:11:05 [STASH_COMPACT]   
20:11:42 [STASH_COMPACT] §f                 §7You have §3817 §7materials stashed away!
20:11:42 [STASH_COMPACT] §f             §8(This totals 10 types of materials stashed!)
20:11:42 [STASH_COMPACT] §f                §3§l>>> §3§lCLICK HERE§b to pick them up! §3§l<<<
20:11:42 [STASH_COMPACT]   
20:11:42 [STASH_COMPACT] §f                 §7You have §3817 §7materials stashed away!
20:11:42 [STASH_COMPACT] §f             §8(This totals 10 types of materials stashed!)
20:11:42 [STASH_COMPACT] §f                §3§l>>> §3§lCLICK HERE§b to pick them up! §3§l<<<
20:11:42 [STASH_COMPACT]   
20:12:05 [BESTIARY] §f                                  §6§lBESTIARY
20:12:05 [BESTIARY] §f                       §b§lZombie Knight §7§8XIII §8➡§b §bXIV
20:12:05 [BESTIARY] 
20:12:05 [BESTIARY] §f                                  §r§6§lREWARDS
20:12:05 [BESTIARY] §f                      §r§8+§r§a4 Zombie Knight §r§b✯ Magic Find
20:12:05 [BESTIARY] §f                      §r§8+§r§a4 Zombie Knight §r§c❁ Strength
20:12:05 [BESTIARY] §f                          §r§8+§r§62% §r§aZombie Knight §r§7coins
20:12:05 [BESTIARY] §f                    §r§8+§r§a50% §r§7chance for extra XP orbs
20:12:05 [BESTIARY] §f                               §r§8+§r§b1 SkyBlock XP
20:12:05 [BESTIARY] 
20:12:05 [BESTIARY]   §r§f                         §6§lBESTIARY MILESTONE
20:12:05 [BESTIARY]   §r§f                                    §8CIX➡§eCX
20:12:05 [BESTIARY] 
20:12:05 [BESTIARY] §3§l▬▬▬▬▬▬▬▬▬▬▬▬▬▬▬▬▬▬▬▬▬▬▬▬▬▬▬▬▬▬▬▬▬▬▬▬▬▬▬▬▬▬▬▬▬▬▬▬▬▬▬▬▬▬▬▬▬▬▬▬▬▬▬▬
20:12:43 [STASH_COMPACT] §f                 §7You have §3817 §7materials stashed away!
20:12:43 [STASH_COMPACT] §f             §8(This totals 10 types of materials stashed!)
20:12:43 [STASH_COMPACT] §f                §3§l>>> §3§lCLICK HERE§b to pick them up! §3§l<<<
20:12:43 [STASH_COMPACT]   
20:13:44 [STASH_COMPACT] §f                 §7You have §3817 §7materials stashed away!
20:13:44 [STASH_COMPACT] §f             §8(This totals 10 types of materials stashed!)
20:13:44 [STASH_COMPACT] §f                §3§l>>> §3§lCLICK HERE§b to pick them up! §3§l<<<
20:13:44 [STASH_COMPACT]   
20:14:17 [BESTIARY] §f                                  §6§lBESTIARY
20:14:17 [BESTIARY] §f                      §b§lLost Adventurer §7§8XIX §8➡§b §bXX
20:14:17 [BESTIARY] 
20:14:17 [BESTIARY] §f                                  §r§6§lREWARDS
20:14:17 [BESTIARY] §f                 §r§8+§r§a5 §r§d§lLost Adventurer §r§b✯ Magic Find
20:14:17 [BESTIARY] §f                  §r§8+§r§a5 §r§d§lLost Adventurer §r§c❁ Strength
20:14:17 [BESTIARY] §f                     §r§8+§r§62% §r§a§r§d§lLost Adventurer §r§7coins
20:14:17 [BESTIARY] §f                    §r§8+§r§a50% §r§7chance for extra XP orbs
20:14:17 [BESTIARY] §f                               §r§8+§r§b1 SkyBlock XP
20:14:17 [BESTIARY] 
20:14:17 [BESTIARY] §3§l▬▬▬▬▬▬▬▬▬▬▬▬▬▬▬▬▬▬▬▬▬▬▬▬▬▬▬▬▬▬▬▬▬▬▬▬▬▬▬▬▬▬▬▬▬▬▬▬▬▬▬▬▬▬▬▬▬▬▬▬▬▬▬▬
20:14:44 [STASH_COMPACT] §f                 §7You have §3817 §7materials stashed away!
20:14:44 [STASH_COMPACT] §f             §8(This totals 10 types of materials stashed!)
20:14:44 [STASH_COMPACT] §f                §3§l>>> §3§lCLICK HERE§b to pick them up! §3§l<<<
20:14:44 [STASH_COMPACT]   
20:15:44 [STASH_COMPACT] §f                 §7You have §3817 §7materials stashed away!
20:15:44 [STASH_COMPACT] §f             §8(This totals 10 types of materials stashed!)
20:15:44 [STASH_COMPACT] §f                §3§l>>> §3§lCLICK HERE§b to pick them up! §3§l<<<
20:15:44 [STASH_COMPACT]   
20:16:10 [STASH_COMPACT] §f                 §7You have §3817 §7materials stashed away!
20:16:10 [STASH_COMPACT] §f             §8(This totals 10 types of materials stashed!)
20:16:10 [STASH_COMPACT] §f                §3§l>>> §3§lCLICK HERE§b to pick them up! §3§l<<<
20:16:10 [STASH_COMPACT]   
20:16:10 [STASH_COMPACT] §f                 §7You have §3817 §7materials stashed away!
20:16:10 [STASH_COMPACT] §f             §8(This totals 10 types of materials stashed!)
20:16:10 [STASH_COMPACT] §f                §3§l>>> §3§lCLICK HERE§b to pick them up! §3§l<<<
20:16:10 [STASH_COMPACT]   
20:17:14 [STASH_COMPACT] §f                 §7You have §3817 §7materials stashed away!
20:17:14 [STASH_COMPACT] §f             §8(This totals 10 types of materials stashed!)
20:17:14 [STASH_COMPACT] §f                §3§l>>> §3§lCLICK HERE§b to pick them up! §3§l<<<
20:17:14 [STASH_COMPACT]   
20:18:16 [STASH_COMPACT] §f                 §7You have §3817 §7materials stashed away!
20:18:16 [STASH_COMPACT] §f             §8(This totals 10 types of materials stashed!)
20:18:16 [STASH_COMPACT] §f                §3§l>>> §3§lCLICK HERE§b to pick them up! §3§l<<<
20:18:16 [STASH_COMPACT]   
20:19:17 [STASH_COMPACT] §f                 §7You have §3817 §7materials stashed away!
20:19:17 [STASH_COMPACT] §f             §8(This totals 10 types of materials stashed!)
20:19:17 [STASH_COMPACT] §f                §3§l>>> §3§lCLICK HERE§b to pick them up! §3§l<<<
20:19:17 [STASH_COMPACT]   
20:19:39 [STASH_COMPACT] §f                 §7You have §3817 §7materials stashed away!
20:19:39 [STASH_COMPACT] §f             §8(This totals 10 types of materials stashed!)
20:19:39 [STASH_COMPACT] §f                §3§l>>> §3§lCLICK HERE§b to pick them up! §3§l<<<
20:19:39 [STASH_COMPACT]   
20:19:40 [STASH_COMPACT] §f                 §7You have §3817 §7materials stashed away!
20:19:40 [STASH_COMPACT] §f             §8(This totals 10 types of materials stashed!)
20:19:40 [STASH_COMPACT] §f                §3§l>>> §3§lCLICK HERE§b to pick them up! §3§l<<<
20:19:40 [STASH_COMPACT]   
20:20:40 [STASH_COMPACT] §f                 §7You have §3817 §7materials stashed away!
20:20:40 [STASH_COMPACT] §f             §8(This totals 10 types of materials stashed!)
20:20:40 [STASH_COMPACT] §f                §3§l>>> §3§lCLICK HERE§b to pick them up! §3§l<<<
20:20:40 [STASH_COMPACT]   
20:21:42 [STASH_COMPACT] §f                 §7You have §3817 §7materials stashed away!
20:21:42 [STASH_COMPACT] §f             §8(This totals 10 types of materials stashed!)
20:21:42 [STASH_COMPACT] §f                §3§l>>> §3§lCLICK HERE§b to pick them up! §3§l<<<
20:21:42 [STASH_COMPACT]   
20:22:42 [STASH_COMPACT] §f                 §7You have §3817 §7materials stashed away!
20:22:42 [STASH_COMPACT] §f             §8(This totals 10 types of materials stashed!)
20:22:42 [STASH_COMPACT] §f                §3§l>>> §3§lCLICK HERE§b to pick them up! §3§l<<<
20:22:42 [STASH_COMPACT]   
20:23:40 [STASH_COMPACT] §f                 §7You have §3817 §7materials stashed away!
20:23:40 [STASH_COMPACT] §f             §8(This totals 10 types of materials stashed!)
20:23:40 [STASH_COMPACT] §f                §3§l>>> §3§lCLICK HERE§b to pick them up! §3§l<<<
20:23:40 [STASH_COMPACT]   
20:24:18 [STASH_COMPACT] §f                 §7You have §3817 §7materials stashed away!
20:24:18 [STASH_COMPACT] §f             §8(This totals 10 types of materials stashed!)
20:24:18 [STASH_COMPACT] §f                §3§l>>> §3§lCLICK HERE§b to pick them up! §3§l<<<
20:24:18 [STASH_COMPACT]   
20:24:48 [STASH_COMPACT] §f                 §7You have §3817 §7materials stashed away!
20:24:48 [STASH_COMPACT] §f             §8(This totals 10 types of materials stashed!)
20:24:48 [STASH_COMPACT] §f                §3§l>>> §3§lCLICK HERE§b to pick them up! §3§l<<<
20:24:48 [STASH_COMPACT]   
20:25:21 [STASH_COMPACT] §f                 §7You have §3817 §7materials stashed away!
20:25:21 [STASH_COMPACT] §f             §8(This totals 10 types of materials stashed!)
20:25:21 [STASH_COMPACT] §f                §3§l>>> §3§lCLICK HERE§b to pick them up! §3§l<<<
20:25:21 [STASH_COMPACT]   
20:25:43 [STASH_COMPACT] §f                 §7You have §3817 §7materials stashed away!
20:25:43 [STASH_COMPACT] §f             §8(This totals 10 types of materials stashed!)
20:25:43 [STASH_COMPACT] §f                §3§l>>> §3§lCLICK HERE§b to pick them up! §3§l<<<
20:25:43 [STASH_COMPACT]   
20:25:44 [STASH_COMPACT] §f                 §7You have §3817 §7materials stashed away!
20:25:44 [STASH_COMPACT] §f             §8(This totals 10 types of materials stashed!)
20:25:44 [STASH_COMPACT] §f                §3§l>>> §3§lCLICK HERE§b to pick them up! §3§l<<<
20:25:44 [STASH_COMPACT]   
20:26:44 [STASH_COMPACT] §f                 §7You have §3817 §7materials stashed away!
20:26:44 [STASH_COMPACT] §f             §8(This totals 10 types of materials stashed!)
20:26:44 [STASH_COMPACT] §f                §3§l>>> §3§lCLICK HERE§b to pick them up! §3§l<<<
20:26:44 [STASH_COMPACT]   
20:27:44 [STASH_COMPACT] §f                 §7You have §3817 §7materials stashed away!
20:27:44 [STASH_COMPACT] §f             §8(This totals 10 types of materials stashed!)
20:27:44 [STASH_COMPACT] §f                §3§l>>> §3§lCLICK HERE§b to pick them up! §3§l<<<
20:27:44 [STASH_COMPACT]   
20:28:37 [STASH_COMPACT] §f                 §7You have §3817 §7materials stashed away!
20:28:37 [STASH_COMPACT] §f             §8(This totals 10 types of materials stashed!)
20:28:37 [STASH_COMPACT] §f                §3§l>>> §3§lCLICK HERE§b to pick them up! §3§l<<<
20:28:37 [STASH_COMPACT]   
20:29:18 [STASH_COMPACT] §f                 §7You have §3817 §7materials stashed away!
20:29:18 [STASH_COMPACT] §f             §8(This totals 10 types of materials stashed!)
20:29:18 [STASH_COMPACT] §f                §3§l>>> §3§lCLICK HERE§b to pick them up! §3§l<<<
20:29:18 [STASH_COMPACT]   
20:30:02 [STASH_COMPACT] §f                 §7You have §3817 §7materials stashed away!
20:30:02 [STASH_COMPACT] §f             §8(This totals 10 types of materials stashed!)
20:30:02 [STASH_COMPACT] §f                §3§l>>> §3§lCLICK HERE§b to pick them up! §3§l<<<
20:30:02 [STASH_COMPACT]   
20:30:02 [STASH_COMPACT] §f                 §7You have §3817 §7materials stashed away!
20:30:02 [STASH_COMPACT] §f             §8(This totals 10 types of materials stashed!)
20:30:02 [STASH_COMPACT] §f                §3§l>>> §3§lCLICK HERE§b to pick them up! §3§l<<<
20:30:02 [STASH_COMPACT]   
20:31:04 [STASH_COMPACT] §f                 §7You have §3817 §7materials stashed away!
20:31:04 [STASH_COMPACT] §f             §8(This totals 10 types of materials stashed!)
20:31:04 [STASH_COMPACT] §f                §3§l>>> §3§lCLICK HERE§b to pick them up! §3§l<<<
20:31:04 [STASH_COMPACT]   
20:32:04 [STASH_COMPACT] §f                 §7You have §3817 §7materials stashed away!
20:32:04 [STASH_COMPACT] §f             §8(This totals 10 types of materials stashed!)
20:32:04 [STASH_COMPACT] §f                §3§l>>> §3§lCLICK HERE§b to pick them up! §3§l<<<
20:32:04 [STASH_COMPACT]   
20:33:04 [STASH_COMPACT] §f                 §7You have §3817 §7materials stashed away!
20:33:04 [STASH_COMPACT] §f             §8(This totals 10 types of materials stashed!)
20:33:04 [STASH_COMPACT] §f                §3§l>>> §3§lCLICK HERE§b to pick them up! §3§l<<<
20:33:04 [STASH_COMPACT]   
20:34:04 [STASH_COMPACT] §f                 §7You have §3817 §7materials stashed away!
20:34:04 [STASH_COMPACT] §f             §8(This totals 10 types of materials stashed!)
20:34:04 [STASH_COMPACT] §f                §3§l>>> §3§lCLICK HERE§b to pick them up! §3§l<<<
20:34:04 [STASH_COMPACT]   
20:35:09 [STASH_COMPACT] §f                 §7You have §3817 §7materials stashed away!
20:35:09 [STASH_COMPACT] §f             §8(This totals 10 types of materials stashed!)
20:35:09 [STASH_COMPACT] §f                §3§l>>> §3§lCLICK HERE§b to pick them up! §3§l<<<
20:35:09 [STASH_COMPACT]   
20:36:09 [STASH_COMPACT] §f                 §7You have §3817 §7materials stashed away!
20:36:09 [STASH_COMPACT] §f             §8(This totals 10 types of materials stashed!)
20:36:09 [STASH_COMPACT] §f                §3§l>>> §3§lCLICK HERE§b to pick them up! §3§l<<<
20:36:09 [STASH_COMPACT]   
20:37:09 [STASH_COMPACT] §f                 §7You have §3817 §7materials stashed away!
20:37:09 [STASH_COMPACT] §f             §8(This totals 10 types of materials stashed!)
20:37:09 [STASH_COMPACT] §f                §3§l>>> §3§lCLICK HERE§b to pick them up! §3§l<<<
20:37:09 [STASH_COMPACT]   
20:38:10 [STASH_COMPACT] §f                 §7You have §3817 §7materials stashed away!
20:38:10 [STASH_COMPACT] §f             §8(This totals 10 types of materials stashed!)
20:38:10 [STASH_COMPACT] §f                §3§l>>> §3§lCLICK HERE§b to pick them up! §3§l<<<
20:38:10 [STASH_COMPACT]   
20:39:10 [STASH_COMPACT] §f                 §7You have §3817 §7materials stashed away!
20:39:10 [STASH_COMPACT] §f             §8(This totals 10 types of materials stashed!)
20:39:10 [STASH_COMPACT] §f                §3§l>>> §3§lCLICK HERE§b to pick them up! §3§l<<<
20:39:10 [STASH_COMPACT]   
20:40:10 [STASH_COMPACT] §f                 §7You have §3817 §7materials stashed away!
20:40:10 [STASH_COMPACT] §f             §8(This totals 10 types of materials stashed!)
20:40:10 [STASH_COMPACT] §f                §3§l>>> §3§lCLICK HERE§b to pick them up! §3§l<<<
20:40:10 [STASH_COMPACT]   
20:40:43 [STASH_COMPACT] §f                 §7You have §3817 §7materials stashed away!
20:40:43 [STASH_COMPACT] §f             §8(This totals 10 types of materials stashed!)
20:40:43 [STASH_COMPACT] §f                §3§l>>> §3§lCLICK HERE§b to pick them up! §3§l<<<
20:40:43 [STASH_COMPACT]   
20:41:12 [STASH_COMPACT] §f                 §7You have §3817 §7materials stashed away!
20:41:12 [STASH_COMPACT] §f             §8(This totals 10 types of materials stashed!)
20:41:12 [STASH_COMPACT] §f                §3§l>>> §3§lCLICK HERE§b to pick them up! §3§l<<<
20:41:12 [STASH_COMPACT]   
