15:19:10 §f                                  §6§lBESTIARY
15:19:10 §f                   §b§lAngry Archaeologist §7§8XV §8➡§b §bXVI
15:19:10 
15:19:10 §f                                  §r§6§lREWARDS
15:19:10 §f               §r§8+§r§a5 §r§d§lAngry Archaeologist §r§b✯ Magic Find
15:19:10 §f               §r§8+§r§a5 §r§d§lAngry Archaeologist §r§c❁ Strength
15:19:10 §f                   §r§8+§r§62% §r§a§r§d§lAngry Archaeologist §r§7coins
15:19:10 §f                    §r§8+§r§a50% §r§7chance for extra XP orbs
15:19:10 §f                               §r§8+§r§b1 SkyBlock XP
15:19:10 
15:19:11 §3§l▬▬▬▬▬▬▬▬▬▬▬▬▬▬▬▬▬▬▬▬▬▬▬▬▬▬▬▬▬▬▬▬▬▬▬▬▬▬▬▬▬▬▬▬▬▬▬▬▬▬▬▬▬▬▬▬▬▬▬▬▬▬▬▬
15:20:39 §f                                  §6§lBESTIARY
15:20:39 §f                           §b§lTank Zombie §7§8X §8➡§b §bXI
15:20:39 
15:20:39 §f                                  §r§6§lREWARDS
15:20:39 §f                       §r§8+§r§a4 Tank Zombie §r§b✯ Magic Find
15:20:39 §f                       §r§8+§r§a4 Tank Zombie §r§c❁ Strength
15:20:39 §f                           §r§8+§r§62% §r§aTank Zombie §r§7coins
15:20:39 §f                    §r§8+§r§a50% §r§7chance for extra XP orbs
15:20:39 §f                               §r§8+§r§b1 SkyBlock XP
15:20:39 
15:20:39 §3§l▬▬▬▬▬▬▬▬▬▬▬▬▬▬▬▬▬▬▬▬▬▬▬▬▬▬▬▬▬▬▬▬▬▬▬▬▬▬▬▬▬▬▬▬▬▬▬▬▬▬▬▬▬▬▬▬▬▬▬▬▬▬▬▬
